INFO:2025-10-30 14:26:02,920:Starting HSC computation pipeline...
INFO:2025-10-30 14:27:02,273:Processing Q6UX41 with model AF-Q6UX41-F1-model_v4.pdb
INFO:2025-10-30 14:27:02,385:Computing HSC features for: Q6UX41, ENST00000340184, ../Ntranos_Rotation/ESM-SaProt/AF-Q6UX41-F1-model_v4.pdb.gz
INFO:2025-10-30 14:28:00,411:Successfully computed HSC for Q6UX41.
INFO:2025-10-30 14:28:00,411:Processing Q6UX46 with model AF-Q6UX46-F1-model_v4.pdb
INFO:2025-10-30 14:28:00,513:Computing HSC features for: Q6UX46, ENST00000403610, ../Ntranos_Rotation/ESM-SaProt/AF-Q6UX46-F1-model_v4.pdb.gz
INFO:2025-10-30 14:28:26,884:Successfully computed HSC for Q6UX46.
INFO:2025-10-30 14:28:26,884:Processing Q6UX52 with model AF-Q6UX52-F1-model_v4.pdb
INFO:2025-10-30 14:28:26,957:Computing HSC features for: Q6UX52, ENST00000340363, ../Ntranos_Rotation/ESM-SaProt/AF-Q6UX52-F1-model_v4.pdb.gz
INFO:2025-10-30 14:29:02,161:Successfully computed HSC for Q6UX52.
INFO:2025-10-30 14:29:02,161:Processing Q6UX53 with model AF-Q6UX53-F1-model_v4.pdb
INFO:2025-10-30 14:29:02,251:Computing HSC features for: Q6UX53, ENST00000394252, ../Ntranos_Rotation/ESM-SaProt/AF-Q6UX53-F1-model_v4.pdb.gz
INFO:2025-10-30 14:29:35,983:Successfully computed HSC for Q6UX53.
INFO:2025-10-30 14:29:35,983:Processing Q6UX65 with model AF-Q6UX65-F1-model_v4.pdb
INFO:2025-10-30 14:29:36,058:Computing HSC features for: Q6UX65, ENST00000286692, ../Ntranos_Rotation/ESM-SaProt/AF-Q6UX65-F1-model_v4.pdb.gz
INFO:2025-10-30 14:30:00,093:Successfully computed HSC for Q6UX65.
INFO:2025-10-30 14:30:00,093:Processing Q6UX68 with model AF-Q6UX68-F1-model_v4.pdb
ERROR:2025-10-30 14:30:00,225:No transcript record found for Q6UX68 in gnomAD.
INFO:2025-10-30 14:30:00,225:Processing Q6UX71 with model AF-Q6UX71-F1-model_v4.pdb
INFO:2025-10-30 14:30:00,370:Computing HSC features for: Q6UX71, ENST00000377252, ../Ntranos_Rotation/ESM-SaProt/AF-Q6UX71-F1-model_v4.pdb.gz
INFO:2025-10-30 14:30:58,285:Successfully computed HSC for Q6UX71.
INFO:2025-10-30 14:30:58,285:Processing Q6UX72 with model AF-Q6UX72-F1-model_v4.pdb
INFO:2025-10-30 14:30:58,415:Computing HSC features for: Q6UX72, ENST00000449549, ../Ntranos_Rotation/ESM-SaProt/AF-Q6UX72-F1-model_v4.pdb.gz
INFO:2025-10-30 14:32:31,030:Successfully computed HSC for Q6UX72.
INFO:2025-10-30 14:32:31,030:Processing Q6UX73 with model AF-Q6UX73-F1-model_v4.pdb
INFO:2025-10-30 14:32:31,194:Computing HSC features for: Q6UX73, ENST00000315997, ../Ntranos_Rotation/ESM-SaProt/AF-Q6UX73-F1-model_v4.pdb.gz
INFO:2025-10-30 14:33:18,499:Successfully computed HSC for Q6UX73.
INFO:2025-10-30 14:33:18,499:Processing Q6UX82 with model AF-Q6UX82-F1-model_v4.pdb
INFO:2025-10-30 14:33:18,572:Computing HSC features for: Q6UX82, ENST00000590317, ../Ntranos_Rotation/ESM-SaProt/AF-Q6UX82-F1-model_v4.pdb.gz
INFO:2025-10-30 14:33:44,054:Successfully computed HSC for Q6UX82.
INFO:2025-10-30 14:33:44,054:Processing Q6UX98 with model AF-Q6UX98-F1-model_v4.pdb
INFO:2025-10-30 14:33:44,465:Computing HSC features for: Q6UX98, ENST00000310442, ../Ntranos_Rotation/ESM-SaProt/AF-Q6UX98-F1-model_v4.pdb.gz
INFO:2025-10-30 14:34:39,138:Successfully computed HSC for Q6UX98.
INFO:2025-10-30 14:34:39,138:Processing Q6UXA7 with model AF-Q6UXA7-F1-model_v4.pdb
INFO:2025-10-30 14:34:39,242:Computing HSC features for: Q6UXA7, ENST00000259870, ../Ntranos_Rotation/ESM-SaProt/AF-Q6UXA7-F1-model_v4.pdb.gz
INFO:2025-10-30 14:35:17,589:Successfully computed HSC for Q6UXA7.
INFO:2025-10-30 14:35:17,589:Processing Q6UXB0 with model AF-Q6UXB0-F1-model_v4.pdb
INFO:2025-10-30 14:35:17,683:Computing HSC features for: Q6UXB0, ENST00000383847, ../Ntranos_Rotation/ESM-SaProt/AF-Q6UXB0-F1-model_v4.pdb.gz
INFO:2025-10-30 14:36:07,943:Successfully computed HSC for Q6UXB0.
INFO:2025-10-30 14:36:07,943:Processing Q6UXB1 with model AF-Q6UXB1-F1-model_v4.pdb
INFO:2025-10-30 14:36:07,994:Computing HSC features for: Q6UXB1, ENST00000341415, ../Ntranos_Rotation/ESM-SaProt/AF-Q6UXB1-F1-model_v4.pdb.gz
INFO:2025-10-30 14:36:21,662:Successfully computed HSC for Q6UXB1.
INFO:2025-10-30 14:36:21,662:Processing Q6UXB2 with model AF-Q6UXB2-F1-model_v4.pdb
INFO:2025-10-30 14:36:21,733:Computing HSC features for: Q6UXB2, ENST00000601181, ../Ntranos_Rotation/ESM-SaProt/AF-Q6UXB2-F1-model_v4.pdb.gz
INFO:2025-10-30 14:36:42,843:Successfully computed HSC for Q6UXB2.
INFO:2025-10-30 14:36:42,844:Processing Q6UXB3 with model AF-Q6UXB3-F1-model_v4.pdb
INFO:2025-10-30 14:36:43,012:Computing HSC features for: Q6UXB3, ENST00000359228, ../Ntranos_Rotation/ESM-SaProt/AF-Q6UXB3-F1-model_v4.pdb.gz
INFO:2025-10-30 14:37:03,699:Successfully computed HSC for Q6UXB3.
INFO:2025-10-30 14:37:03,699:Processing Q6UXB4 with model AF-Q6UXB4-F1-model_v4.pdb
INFO:2025-10-30 14:37:03,769:Computing HSC features for: Q6UXB4, ENST00000328853, ../Ntranos_Rotation/ESM-SaProt/AF-Q6UXB4-F1-model_v4.pdb.gz
INFO:2025-10-30 14:37:52,573:Successfully computed HSC for Q6UXB4.
INFO:2025-10-30 14:37:52,573:Processing Q6UXB8 with model AF-Q6UXB8-F1-model_v4.pdb
INFO:2025-10-30 14:37:52,648:Computing HSC features for: Q6UXB8, ENST00000373674, ../Ntranos_Rotation/ESM-SaProt/AF-Q6UXB8-F1-model_v4.pdb.gz
INFO:2025-10-30 14:38:50,234:Successfully computed HSC for Q6UXB8.
INFO:2025-10-30 14:38:50,234:Processing Q6UXC1 with model AF-Q6UXC1-F1-model_v4.pdb
INFO:2025-10-30 14:38:50,390:Computing HSC features for: Q6UXC1, ENST00000445819, ../Ntranos_Rotation/ESM-SaProt/AF-Q6UXC1-F1-model_v4.pdb.gz
INFO:2025-10-30 14:41:37,571:Successfully computed HSC for Q6UXC1.
INFO:2025-10-30 14:41:37,571:Processing Q6UXD1 with model AF-Q6UXD1-F1-model_v4.pdb
INFO:2025-10-30 14:41:37,609:Computing HSC features for: Q6UXD1, ENST00000354323, ../Ntranos_Rotation/ESM-SaProt/AF-Q6UXD1-F1-model_v4.pdb.gz
INFO:2025-10-30 14:41:55,258:Successfully computed HSC for Q6UXD1.
INFO:2025-10-30 14:41:55,258:Processing Q6UXD5 with model AF-Q6UXD5-F1-model_v4.pdb
INFO:2025-10-30 14:41:55,378:Computing HSC features for: Q6UXD5, ENST00000308713, ../Ntranos_Rotation/ESM-SaProt/AF-Q6UXD5-F1-model_v4.pdb.gz
INFO:2025-10-30 14:44:05,267:Successfully computed HSC for Q6UXD5.
INFO:2025-10-30 14:44:05,267:Processing Q6UXD7 with model AF-Q6UXD7-F1-model_v4.pdb
INFO:2025-10-30 14:44:05,359:Computing HSC features for: Q6UXD7, ENST00000404286, ../Ntranos_Rotation/ESM-SaProt/AF-Q6UXD7-F1-model_v4.pdb.gz
INFO:2025-10-30 14:45:29,329:Successfully computed HSC for Q6UXD7.
INFO:2025-10-30 14:45:29,329:Processing Q6UXE8 with model AF-Q6UXE8-F1-model_v4.pdb
INFO:2025-10-30 14:45:29,403:Computing HSC features for: Q6UXE8, ENST00000342868, ../Ntranos_Rotation/ESM-SaProt/AF-Q6UXE8-F1-model_v4.pdb.gz
INFO:2025-10-30 14:46:18,436:Successfully computed HSC for Q6UXE8.
INFO:2025-10-30 14:46:18,436:Processing Q6UXF1 with model AF-Q6UXF1-F1-model_v4.pdb
INFO:2025-10-30 14:46:18,581:Computing HSC features for: Q6UXF1, ENST00000321871, ../Ntranos_Rotation/ESM-SaProt/AF-Q6UXF1-F1-model_v4.pdb.gz
INFO:2025-10-30 14:47:45,501:Successfully computed HSC for Q6UXF1.
INFO:2025-10-30 14:47:45,501:Processing Q6UXF7 with model AF-Q6UXF7-F1-model_v4.pdb
INFO:2025-10-30 14:47:45,578:Computing HSC features for: Q6UXF7, ENST00000339953, ../Ntranos_Rotation/ESM-SaProt/AF-Q6UXF7-F1-model_v4.pdb.gz
INFO:2025-10-30 14:48:47,446:Successfully computed HSC for Q6UXF7.
INFO:2025-10-30 14:48:47,446:Processing Q6UXG2 with model AF-Q6UXG2-F1-model_v4.pdb
INFO:2025-10-30 14:48:47,659:Computing HSC features for: Q6UXG2, ENST00000369939, ../Ntranos_Rotation/ESM-SaProt/AF-Q6UXG2-F1-model_v4.pdb.gz
INFO:2025-10-30 14:51:01,344:Successfully computed HSC for Q6UXG2.
INFO:2025-10-30 14:51:01,344:Processing Q6UXG3 with model AF-Q6UXG3-F1-model_v4.pdb
INFO:2025-10-30 14:51:01,432:Computing HSC features for: Q6UXG3, ENST00000317310, ../Ntranos_Rotation/ESM-SaProt/AF-Q6UXG3-F1-model_v4.pdb.gz
INFO:2025-10-30 14:51:54,367:Successfully computed HSC for Q6UXG3.
INFO:2025-10-30 14:51:54,368:Processing Q6UXG8 with model AF-Q6UXG8-F1-model_v4.pdb
INFO:2025-10-30 14:51:54,452:Computing HSC features for: Q6UXG8, ENST00000327705, ../Ntranos_Rotation/ESM-SaProt/AF-Q6UXG8-F1-model_v4.pdb.gz
INFO:2025-10-30 14:53:18,782:Successfully computed HSC for Q6UXG8.
INFO:2025-10-30 14:53:18,782:Processing Q6UXH0 with model AF-Q6UXH0-F1-model_v4.pdb
INFO:2025-10-30 14:53:18,817:Computing HSC features for: Q6UXH0, ENST00000252453, ../Ntranos_Rotation/ESM-SaProt/AF-Q6UXH0-F1-model_v4.pdb.gz
INFO:2025-10-30 14:53:43,514:Successfully computed HSC for Q6UXH0.
INFO:2025-10-30 14:53:43,514:Processing Q6UXH1 with model AF-Q6UXH1-F1-model_v4.pdb
INFO:2025-10-30 14:53:43,603:Computing HSC features for: Q6UXH1, ENST00000328268, ../Ntranos_Rotation/ESM-SaProt/AF-Q6UXH1-F1-model_v4.pdb.gz
INFO:2025-10-30 14:55:08,887:Successfully computed HSC for Q6UXH1.
INFO:2025-10-30 14:55:08,887:Processing Q6UXH8 with model AF-Q6UXH8-F1-model_v4.pdb
INFO:2025-10-30 14:55:08,974:Computing HSC features for: Q6UXH8, ENST00000439986, ../Ntranos_Rotation/ESM-SaProt/AF-Q6UXH8-F1-model_v4.pdb.gz
INFO:2025-10-30 14:55:57,989:Successfully computed HSC for Q6UXH8.
INFO:2025-10-30 14:55:57,989:Processing Q6UXH9 with model AF-Q6UXH9-F1-model_v4.pdb
ERROR:2025-10-30 14:55:58,131:No transcript record found for Q6UXH9 in gnomAD.
INFO:2025-10-30 14:55:58,131:Processing Q6UXI7 with model AF-Q6UXI7-F1-model_v4.pdb
INFO:2025-10-30 14:55:58,304:Computing HSC features for: Q6UXI7, ENST00000389975, ../Ntranos_Rotation/ESM-SaProt/AF-Q6UXI7-F1-model_v4.pdb.gz
INFO:2025-10-30 14:58:04,549:Successfully computed HSC for Q6UXI7.
INFO:2025-10-30 14:58:04,549:Processing Q6UXI9 with model AF-Q6UXI9-F1-model_v4.pdb
INFO:2025-10-30 14:58:04,681:Computing HSC features for: Q6UXI9, ENST00000379987, ../Ntranos_Rotation/ESM-SaProt/AF-Q6UXI9-F1-model_v4.pdb.gz
INFO:2025-10-30 14:59:14,211:Successfully computed HSC for Q6UXI9.
INFO:2025-10-30 14:59:14,211:Processing Q6UXK2 with model AF-Q6UXK2-F1-model_v4.pdb
INFO:2025-10-30 14:59:14,318:Computing HSC features for: Q6UXK2, ENST00000361742, ../Ntranos_Rotation/ESM-SaProt/AF-Q6UXK2-F1-model_v4.pdb.gz
INFO:2025-10-30 15:01:38,752:Successfully computed HSC for Q6UXK2.
INFO:2025-10-30 15:01:38,753:Processing Q6UXK5 with model AF-Q6UXK5-F1-model_v4.pdb
INFO:2025-10-30 15:01:39,065:Computing HSC features for: Q6UXK5, ENST00000319331, ../Ntranos_Rotation/ESM-SaProt/AF-Q6UXK5-F1-model_v4.pdb.gz
INFO:2025-10-30 15:03:32,959:Successfully computed HSC for Q6UXK5.
INFO:2025-10-30 15:03:32,959:Processing Q6UXL0 with model AF-Q6UXL0-F1-model_v4.pdb
INFO:2025-10-30 15:03:33,050:Computing HSC features for: Q6UXL0, ENST00000329582, ../Ntranos_Rotation/ESM-SaProt/AF-Q6UXL0-F1-model_v4.pdb.gz
INFO:2025-10-30 15:04:06,230:Successfully computed HSC for Q6UXL0.
INFO:2025-10-30 15:04:06,230:Processing Q6UXM1 with model AF-Q6UXM1-F1-model_v4.pdb
INFO:2025-10-30 15:04:06,462:Computing HSC features for: Q6UXM1, ENST00000320743, ../Ntranos_Rotation/ESM-SaProt/AF-Q6UXM1-F1-model_v4.pdb.gz
INFO:2025-10-30 15:07:10,872:Successfully computed HSC for Q6UXM1.
INFO:2025-10-30 15:07:10,872:Processing Q6UXN2 with model AF-Q6UXN2-F1-model_v4.pdb
INFO:2025-10-30 15:07:10,914:Computing HSC features for: Q6UXN2, ENST00000341495, ../Ntranos_Rotation/ESM-SaProt/AF-Q6UXN2-F1-model_v4.pdb.gz
INFO:2025-10-30 15:07:29,364:Successfully computed HSC for Q6UXN2.
INFO:2025-10-30 15:07:29,364:Processing Q6UXN7 with model AF-Q6UXN7-F1-model_v4.pdb
INFO:2025-10-30 15:07:29,426:Computing HSC features for: Q6UXN7, ENST00000360945, ../Ntranos_Rotation/ESM-SaProt/AF-Q6UXN7-F1-model_v4.pdb.gz
INFO:2025-10-30 15:07:50,194:Successfully computed HSC for Q6UXN7.
INFO:2025-10-30 15:07:50,195:Processing Q6UXN8 with model AF-Q6UXN8-F1-model_v4.pdb
INFO:2025-10-30 15:07:50,242:Computing HSC features for: Q6UXN8, ENST00000355819, ../Ntranos_Rotation/ESM-SaProt/AF-Q6UXN8-F1-model_v4.pdb.gz
INFO:2025-10-30 15:08:12,747:Successfully computed HSC for Q6UXN8.
INFO:2025-10-30 15:08:12,747:Processing Q6UXN9 with model AF-Q6UXN9-F1-model_v4.pdb
INFO:2025-10-30 15:08:12,826:Computing HSC features for: Q6UXN9, ENST00000296490, ../Ntranos_Rotation/ESM-SaProt/AF-Q6UXN9-F1-model_v4.pdb.gz
INFO:2025-10-30 15:09:08,779:Successfully computed HSC for Q6UXN9.
INFO:2025-10-30 15:09:08,779:Processing Q6UXP3 with model AF-Q6UXP3-F1-model_v4.pdb
ERROR:2025-10-30 15:09:08,833:No ENST transcript IDs were mapped to Q6UXP3
INFO:2025-10-30 15:09:08,834:Processing Q6UXP7 with model AF-Q6UXP7-F1-model_v4.pdb
INFO:2025-10-30 15:09:08,909:Computing HSC features for: Q6UXP7, ENST00000282226, ../Ntranos_Rotation/ESM-SaProt/AF-Q6UXP7-F1-model_v4.pdb.gz
INFO:2025-10-30 15:09:48,650:Successfully computed HSC for Q6UXP7.
INFO:2025-10-30 15:09:48,650:Processing Q6UXP9 with model AF-Q6UXP9-F1-model_v4.pdb
ERROR:2025-10-30 15:09:48,704:No ENST transcript IDs were mapped to Q6UXP9
INFO:2025-10-30 15:09:48,705:Processing Q6UXQ4 with model AF-Q6UXQ4-F1-model_v4.pdb
ERROR:2025-10-30 15:09:48,748:No ENST transcript IDs were mapped to Q6UXQ4
INFO:2025-10-30 15:09:48,748:Processing Q6UXQ8 with model AF-Q6UXQ8-F1-model_v4.pdb
ERROR:2025-10-30 15:09:48,793:No ENST transcript IDs were mapped to Q6UXQ8
INFO:2025-10-30 15:09:48,793:Processing Q6UXR4 with model AF-Q6UXR4-F1-model_v4.pdb
ERROR:2025-10-30 15:09:48,995:No ENST transcript IDs were mapped to Q6UXR4
INFO:2025-10-30 15:09:48,995:Processing Q6UXR6 with model AF-Q6UXR6-F1-model_v4.pdb
ERROR:2025-10-30 15:09:49,046:No ENST transcript IDs were mapped to Q6UXR6
INFO:2025-10-30 15:09:49,046:Processing Q6UXR8 with model AF-Q6UXR8-F1-model_v4.pdb
ERROR:2025-10-30 15:09:49,091:No ENST transcript IDs were mapped to Q6UXR8
INFO:2025-10-30 15:09:49,091:Pipeline completed.
INFO:2025-10-30 15:09:49,091:no_enst_for_uniprot: 7
INFO:2025-10-30 15:09:49,091:no_valid_cds: 0
INFO:2025-10-30 15:09:49,091:no_variant_data: 2
INFO:2025-10-30 15:09:49,091:bad_structure: 0
INFO:2025-10-30 15:09:49,091:no_enst_mp: 0
