INFO:2025-10-30 14:25:03,839:Starting HSC computation pipeline...
INFO:2025-10-30 14:26:09,719:Processing P56556 with model AF-P56556-F1-model_v4.pdb
INFO:2025-10-30 14:26:09,767:Computing HSC features for: P56556, ENST00000498737, ../Ntranos_Rotation/ESM-SaProt/AF-P56556-F1-model_v4.pdb.gz
INFO:2025-10-30 14:26:25,372:Successfully computed HSC for P56556.
INFO:2025-10-30 14:26:25,372:Processing P56557 with model AF-P56557-F1-model_v4.pdb
INFO:2025-10-30 14:26:25,418:Computing HSC features for: P56557, ENST00000542230, ../Ntranos_Rotation/ESM-SaProt/AF-P56557-F1-model_v4.pdb.gz
INFO:2025-10-30 14:26:37,330:Successfully computed HSC for P56557.
INFO:2025-10-30 14:26:37,330:Processing P56559 with model AF-P56559-F1-model_v4.pdb
INFO:2025-10-30 14:26:37,374:Computing HSC features for: P56559, ENST00000390645, ../Ntranos_Rotation/ESM-SaProt/AF-P56559-F1-model_v4.pdb.gz
INFO:2025-10-30 14:27:15,214:Successfully computed HSC for P56559.
INFO:2025-10-30 14:27:15,214:Processing P56589 with model AF-P56589-F1-model_v4.pdb
INFO:2025-10-30 14:27:15,256:Computing HSC features for: P56589, ENST00000367591, ../Ntranos_Rotation/ESM-SaProt/AF-P56589-F1-model_v4.pdb.gz
INFO:2025-10-30 14:27:41,107:Successfully computed HSC for P56589.
INFO:2025-10-30 14:27:41,107:Processing P56597 with model AF-P56597-F1-model_v4.pdb
INFO:2025-10-30 14:27:41,144:Computing HSC features for: P56597, ENST00000265191, ../Ntranos_Rotation/ESM-SaProt/AF-P56597-F1-model_v4.pdb.gz
INFO:2025-10-30 14:27:55,543:Successfully computed HSC for P56597.
INFO:2025-10-30 14:27:55,544:Processing P56645 with model AF-P56645-F1-model_v4.pdb
INFO:2025-10-30 14:27:55,672:Computing HSC features for: P56645, ENST00000361923, ../Ntranos_Rotation/ESM-SaProt/AF-P56645-F1-model_v4.pdb.gz
INFO:2025-10-30 14:29:40,255:Successfully computed HSC for P56645.
INFO:2025-10-30 14:29:40,255:Processing P56693 with model AF-P56693-F1-model_v4.pdb
INFO:2025-10-30 14:29:40,406:Computing HSC features for: P56693, ENST00000360880, ../Ntranos_Rotation/ESM-SaProt/AF-P56693-F1-model_v4.pdb.gz
INFO:2025-10-30 14:30:42,814:Successfully computed HSC for P56693.
INFO:2025-10-30 14:30:42,814:Processing P56696 with model AF-P56696-F1-model_v4.pdb
INFO:2025-10-30 14:30:42,929:Computing HSC features for: P56696, ENST00000347132, ../Ntranos_Rotation/ESM-SaProt/AF-P56696-F1-model_v4.pdb.gz
INFO:2025-10-30 14:32:16,988:Successfully computed HSC for P56696.
INFO:2025-10-30 14:32:16,988:Processing P56703 with model AF-P56703-F1-model_v4.pdb
INFO:2025-10-30 14:32:17,262:Computing HSC features for: P56703, ENST00000225512, ../Ntranos_Rotation/ESM-SaProt/AF-P56703-F1-model_v4.pdb.gz
INFO:2025-10-30 14:33:08,804:Successfully computed HSC for P56703.
INFO:2025-10-30 14:33:08,804:Processing P56704 with model AF-P56704-F1-model_v4.pdb
INFO:2025-10-30 14:33:08,864:Computing HSC features for: P56704, ENST00000284523, ../Ntranos_Rotation/ESM-SaProt/AF-P56704-F1-model_v4.pdb.gz
INFO:2025-10-30 14:33:57,490:Successfully computed HSC for P56704.
INFO:2025-10-30 14:33:57,490:Processing P56705 with model AF-P56705-F1-model_v4.pdb
INFO:2025-10-30 14:33:57,546:Computing HSC features for: P56705, ENST00000290167, ../Ntranos_Rotation/ESM-SaProt/AF-P56705-F1-model_v4.pdb.gz
INFO:2025-10-30 14:34:46,528:Successfully computed HSC for P56705.
INFO:2025-10-30 14:34:46,528:Processing P56706 with model AF-P56706-F1-model_v4.pdb
INFO:2025-10-30 14:34:46,649:Computing HSC features for: P56706, ENST00000339464, ../Ntranos_Rotation/ESM-SaProt/AF-P56706-F1-model_v4.pdb.gz
INFO:2025-10-30 14:35:35,576:Successfully computed HSC for P56706.
INFO:2025-10-30 14:35:35,576:Processing P56715 with model AF-P56715-F1-model_v4.pdb
INFO:2025-10-30 14:35:35,846:Computing HSC features for: P56715, ENST00000220676, ../Ntranos_Rotation/ESM-SaProt/AF-P56715-F1-model_v4.pdb.gz
INFO:2025-10-30 14:38:18,922:Successfully computed HSC for P56715.
INFO:2025-10-30 14:38:18,922:Processing P56730 with model AF-P56730-F1-model_v4.pdb
INFO:2025-10-30 14:38:19,046:Computing HSC features for: P56730, ENST00000296498, ../Ntranos_Rotation/ESM-SaProt/AF-P56730-F1-model_v4.pdb.gz
INFO:2025-10-30 14:39:43,891:Successfully computed HSC for P56730.
INFO:2025-10-30 14:39:43,891:Processing P56746 with model AF-P56746-F1-model_v4.pdb
INFO:2025-10-30 14:39:43,946:Computing HSC features for: P56746, ENST00000308344, ../Ntranos_Rotation/ESM-SaProt/AF-P56746-F1-model_v4.pdb.gz
INFO:2025-10-30 14:40:11,222:Successfully computed HSC for P56746.
INFO:2025-10-30 14:40:11,222:Processing P56747 with model AF-P56747-F1-model_v4.pdb
INFO:2025-10-30 14:40:11,288:Computing HSC features for: P56747, ENST00000328796, ../Ntranos_Rotation/ESM-SaProt/AF-P56747-F1-model_v4.pdb.gz
INFO:2025-10-30 14:40:33,530:Successfully computed HSC for P56747.
INFO:2025-10-30 14:40:33,530:Processing P56748 with model AF-P56748-F1-model_v4.pdb
INFO:2025-10-30 14:40:33,585:Computing HSC features for: P56748, ENST00000399899, ../Ntranos_Rotation/ESM-SaProt/AF-P56748-F1-model_v4.pdb.gz
INFO:2025-10-30 14:41:01,815:Successfully computed HSC for P56748.
INFO:2025-10-30 14:41:01,815:Processing P56749 with model AF-P56749-F1-model_v4.pdb
INFO:2025-10-30 14:41:01,872:Computing HSC features for: P56749, ENST00000287916, ../Ntranos_Rotation/ESM-SaProt/AF-P56749-F1-model_v4.pdb.gz
INFO:2025-10-30 14:41:21,958:Successfully computed HSC for P56749.
INFO:2025-10-30 14:41:21,958:Processing P56750 with model AF-P56750-F1-model_v4.pdb
INFO:2025-10-30 14:41:22,023:Computing HSC features for: P56750, ENST00000286808, ../Ntranos_Rotation/ESM-SaProt/AF-P56750-F1-model_v4.pdb.gz
INFO:2025-10-30 14:41:44,608:Successfully computed HSC for P56750.
INFO:2025-10-30 14:41:44,608:Processing P56817 with model AF-P56817-F1-model_v4.pdb
INFO:2025-10-30 14:41:44,742:Computing HSC features for: P56817, ENST00000313005, ../Ntranos_Rotation/ESM-SaProt/AF-P56817-F1-model_v4.pdb.gz
INFO:2025-10-30 14:42:56,954:Successfully computed HSC for P56817.
INFO:2025-10-30 14:42:56,954:Processing P56851 with model AF-P56851-F1-model_v4.pdb
INFO:2025-10-30 14:42:57,013:Computing HSC features for: P56851, ENST00000326783, ../Ntranos_Rotation/ESM-SaProt/AF-P56851-F1-model_v4.pdb.gz
INFO:2025-10-30 14:43:07,956:Successfully computed HSC for P56851.
INFO:2025-10-30 14:43:07,957:Processing P56856 with model AF-P56856-F1-model_v4.pdb
INFO:2025-10-30 14:43:08,026:Computing HSC features for: P56856, ENST00000183605, ../Ntranos_Rotation/ESM-SaProt/AF-P56856-F1-model_v4.pdb.gz
INFO:2025-10-30 14:43:32,913:Successfully computed HSC for P56856.
INFO:2025-10-30 14:43:32,913:Processing P56880 with model AF-P56880-F1-model_v4.pdb
INFO:2025-10-30 14:43:33,000:Computing HSC features for: P56880, ENST00000367165, ../Ntranos_Rotation/ESM-SaProt/AF-P56880-F1-model_v4.pdb.gz
INFO:2025-10-30 14:43:51,061:Successfully computed HSC for P56880.
INFO:2025-10-30 14:43:51,061:Processing P56915 with model AF-P56915-F1-model_v4.pdb
INFO:2025-10-30 14:43:51,280:Computing HSC features for: P56915, ENST00000238558, ../Ntranos_Rotation/ESM-SaProt/AF-P56915-F1-model_v4.pdb.gz
INFO:2025-10-30 14:44:48,332:Successfully computed HSC for P56915.
INFO:2025-10-30 14:44:48,332:Processing P56937 with model AF-P56937-F1-model_v4.pdb
INFO:2025-10-30 14:44:48,408:Computing HSC features for: P56937, ENST00000254521, ../Ntranos_Rotation/ESM-SaProt/AF-P56937-F1-model_v4.pdb.gz
INFO:2025-10-30 14:45:18,383:Successfully computed HSC for P56937.
INFO:2025-10-30 14:45:18,383:Processing P56945 with model AF-P56945-F1-model_v4.pdb
INFO:2025-10-30 14:45:18,593:Computing HSC features for: P56945, ENST00000162330, ../Ntranos_Rotation/ESM-SaProt/AF-P56945-F1-model_v4.pdb.gz
INFO:2025-10-30 14:47:15,188:Successfully computed HSC for P56945.
INFO:2025-10-30 14:47:15,188:Processing P56962 with model AF-P56962-F1-model_v4.pdb
INFO:2025-10-30 14:47:15,255:Computing HSC features for: P56962, ENST00000259400, ../Ntranos_Rotation/ESM-SaProt/AF-P56962-F1-model_v4.pdb.gz
INFO:2025-10-30 14:47:35,918:Successfully computed HSC for P56962.
INFO:2025-10-30 14:47:35,918:Processing P56975 with model AF-P56975-F1-model_v4.pdb
INFO:2025-10-30 14:47:36,017:Computing HSC features for: P56975, ENST00000404547, ../Ntranos_Rotation/ESM-SaProt/AF-P56975-F1-model_v4.pdb.gz
INFO:2025-10-30 14:48:46,270:Successfully computed HSC for P56975.
INFO:2025-10-30 14:48:46,270:Processing P57052 with model AF-P57052-F1-model_v4.pdb
INFO:2025-10-30 14:48:46,339:Computing HSC features for: P57052, ENST00000400577, ../Ntranos_Rotation/ESM-SaProt/AF-P57052-F1-model_v4.pdb.gz
INFO:2025-10-30 14:49:07,921:Successfully computed HSC for P57052.
INFO:2025-10-30 14:49:07,921:Processing P57053 with model AF-P57053-F1-model_v4.pdb
ERROR:2025-10-30 14:49:07,956:No transcript record found for P57053 in gnomAD.
INFO:2025-10-30 14:49:07,956:Processing P57054 with model AF-P57054-F1-model_v4.pdb
INFO:2025-10-30 14:49:08,015:Computing HSC features for: P57054, ENST00000464265, ../Ntranos_Rotation/ESM-SaProt/AF-P57054-F1-model_v4.pdb.gz
INFO:2025-10-30 14:49:21,666:Successfully computed HSC for P57054.
INFO:2025-10-30 14:49:21,666:Processing P57055 with model AF-P57055-F1-model_v4.pdb
INFO:2025-10-30 14:49:21,714:Computing HSC features for: P57055, ENST00000329553, ../Ntranos_Rotation/ESM-SaProt/AF-P57055-F1-model_v4.pdb.gz
INFO:2025-10-30 14:49:42,857:Successfully computed HSC for P57055.
INFO:2025-10-30 14:49:42,857:Processing P57057 with model AF-P57057-F1-model_v4.pdb
INFO:2025-10-30 14:49:42,931:Computing HSC features for: P57057, ENST00000352133, ../Ntranos_Rotation/ESM-SaProt/AF-P57057-F1-model_v4.pdb.gz
INFO:2025-10-30 14:50:34,745:Successfully computed HSC for P57057.
INFO:2025-10-30 14:50:34,745:Processing P57058 with model AF-P57058-F1-model_v4.pdb
INFO:2025-10-30 14:50:34,890:Computing HSC features for: P57058, ENST00000270112, ../Ntranos_Rotation/ESM-SaProt/AF-P57058-F1-model_v4.pdb.gz
INFO:2025-10-30 14:51:51,675:Successfully computed HSC for P57058.
INFO:2025-10-30 14:51:51,675:Processing P57059 with model AF-P57059-F1-model_v4.pdb
INFO:2025-10-30 14:51:51,784:Computing HSC features for: P57059, ENST00000270162, ../Ntranos_Rotation/ESM-SaProt/AF-P57059-F1-model_v4.pdb.gz
INFO:2025-10-30 14:53:26,255:Successfully computed HSC for P57059.
INFO:2025-10-30 14:53:26,255:Processing P57060 with model AF-P57060-F1-model_v4.pdb
ERROR:2025-10-30 14:53:26,335:No transcript record found for P57060 in gnomAD.
INFO:2025-10-30 14:53:26,335:Processing P57071 with model AF-P57071-F1-model_v4.pdb
ERROR:2025-10-30 14:53:26,758:No valid CDS found for P57071
INFO:2025-10-30 14:53:26,758:Processing P57073 with model AF-P57073-F1-model_v4.pdb
INFO:2025-10-30 14:53:26,825:Computing HSC features for: P57073, ENST00000293894, ../Ntranos_Rotation/ESM-SaProt/AF-P57073-F1-model_v4.pdb.gz
INFO:2025-10-30 14:54:41,610:Successfully computed HSC for P57073.
INFO:2025-10-30 14:54:41,610:Processing P57075 with model AF-P57075-F1-model_v4.pdb
INFO:2025-10-30 14:54:41,703:Computing HSC features for: P57075, ENST00000319294, ../Ntranos_Rotation/ESM-SaProt/AF-P57075-F1-model_v4.pdb.gz
INFO:2025-10-30 14:55:48,369:Successfully computed HSC for P57075.
INFO:2025-10-30 14:55:48,369:Processing P57076 with model AF-P57076-F1-model_v4.pdb
INFO:2025-10-30 14:55:48,438:Computing HSC features for: P57076, ENST00000290155, ../Ntranos_Rotation/ESM-SaProt/AF-P57076-F1-model_v4.pdb.gz
INFO:2025-10-30 14:56:14,991:Successfully computed HSC for P57076.
INFO:2025-10-30 14:56:14,991:Processing P57077 with model AF-P57077-F1-model_v4.pdb
ERROR:2025-10-30 14:56:15,082:No transcript record found for P57077 in gnomAD.
INFO:2025-10-30 14:56:15,082:Processing P57078 with model AF-P57078-F1-model_v4.pdb
INFO:2025-10-30 14:56:15,186:Computing HSC features for: P57078, ENST00000352483, ../Ntranos_Rotation/ESM-SaProt/AF-P57078-F1-model_v4.pdb.gz
INFO:2025-10-30 14:58:01,618:Successfully computed HSC for P57078.
INFO:2025-10-30 14:58:01,618:Processing P57081 with model AF-P57081-F1-model_v4.pdb
INFO:2025-10-30 14:58:01,724:Computing HSC features for: P57081, ENST00000330317, ../Ntranos_Rotation/ESM-SaProt/AF-P57081-F1-model_v4.pdb.gz
INFO:2025-10-30 14:59:18,855:Successfully computed HSC for P57081.
INFO:2025-10-30 14:59:18,855:Processing P57082 with model AF-P57082-F1-model_v4.pdb
INFO:2025-10-30 14:59:18,955:Computing HSC features for: P57082, ENST00000240335, ../Ntranos_Rotation/ESM-SaProt/AF-P57082-F1-model_v4.pdb.gz
INFO:2025-10-30 15:00:15,827:Successfully computed HSC for P57082.
INFO:2025-10-30 15:00:15,828:Processing P57086 with model AF-P57086-F1-model_v4.pdb
INFO:2025-10-30 15:00:15,888:Computing HSC features for: P57086, ENST00000305978, ../Ntranos_Rotation/ESM-SaProt/AF-P57086-F1-model_v4.pdb.gz
INFO:2025-10-30 15:00:43,435:Successfully computed HSC for P57086.
INFO:2025-10-30 15:00:43,435:Processing P57087 with model AF-P57087-F1-model_v4.pdb
INFO:2025-10-30 15:00:43,509:Computing HSC features for: P57087, ENST00000480456, ../Ntranos_Rotation/ESM-SaProt/AF-P57087-F1-model_v4.pdb.gz
INFO:2025-10-30 15:01:07,264:Successfully computed HSC for P57087.
INFO:2025-10-30 15:01:07,265:Processing P57088 with model AF-P57088-F1-model_v4.pdb
INFO:2025-10-30 15:01:07,337:Computing HSC features for: P57088, ENST00000504986, ../Ntranos_Rotation/ESM-SaProt/AF-P57088-F1-model_v4.pdb.gz
INFO:2025-10-30 15:01:28,386:Successfully computed HSC for P57088.
INFO:2025-10-30 15:01:28,386:Processing P57103 with model AF-P57103-F1-model_v4.pdb
ERROR:2025-10-30 15:01:28,510:No transcript record found for P57103 in gnomAD.
INFO:2025-10-30 15:01:28,510:Processing P57105 with model AF-P57105-F1-model_v4.pdb
INFO:2025-10-30 15:01:28,567:Computing HSC features for: P57105, ENST00000256366, ../Ntranos_Rotation/ESM-SaProt/AF-P57105-F1-model_v4.pdb.gz
INFO:2025-10-30 15:01:41,206:Successfully computed HSC for P57105.
INFO:2025-10-30 15:01:41,206:Processing P57678 with model AF-P57678-F1-model_v4.pdb
INFO:2025-10-30 15:01:41,337:Computing HSC features for: P57678, ENST00000319004, ../Ntranos_Rotation/ESM-SaProt/AF-P57678-F1-model_v4.pdb.gz
INFO:2025-10-30 15:04:16,120:Successfully computed HSC for P57678.
INFO:2025-10-30 15:04:16,120:Pipeline completed.
INFO:2025-10-30 15:04:16,120:no_enst_for_uniprot: 0
INFO:2025-10-30 15:04:16,120:no_valid_cds: 1
INFO:2025-10-30 15:04:16,120:no_variant_data: 4
INFO:2025-10-30 15:04:16,120:bad_structure: 0
INFO:2025-10-30 15:04:16,120:no_enst_mp: 0
