INFO:2025-10-30 14:59:03,708:Starting HSC computation pipeline...
INFO:2025-10-30 15:00:07,947:Processing Q9ULM2 with model AF-Q9ULM2-F1-model_v4.pdb
INFO:2025-10-30 15:00:08,127:Computing HSC features for: Q9ULM2, ENST00000311437, ../Ntranos_Rotation/ESM-SaProt/AF-Q9ULM2-F1-model_v4.pdb.gz
INFO:2025-10-30 15:00:53,003:Successfully computed HSC for Q9ULM2.
INFO:2025-10-30 15:00:53,004:Processing Q9ULM3 with model AF-Q9ULM3-F1-model_v4.pdb
INFO:2025-10-30 15:00:53,197:Computing HSC features for: Q9ULM3, ENST00000305135, ../Ntranos_Rotation/ESM-SaProt/AF-Q9ULM3-F1-model_v4.pdb.gz
INFO:2025-10-30 15:02:45,443:Successfully computed HSC for Q9ULM3.
INFO:2025-10-30 15:02:45,443:Processing Q9ULM6 with model AF-Q9ULM6-F1-model_v4.pdb
INFO:2025-10-30 15:02:45,698:Computing HSC features for: Q9ULM6, ENST00000261951, ../Ntranos_Rotation/ESM-SaProt/AF-Q9ULM6-F1-model_v4.pdb.gz
INFO:2025-10-30 15:03:40,617:Successfully computed HSC for Q9ULM6.
INFO:2025-10-30 15:03:40,617:Processing Q9ULN7 with model AF-Q9ULN7-F1-model_v4.pdb
INFO:2025-10-30 15:03:40,795:Computing HSC features for: Q9ULN7, ENST00000599531, ../Ntranos_Rotation/ESM-SaProt/AF-Q9ULN7-F1-model_v4.pdb.gz
INFO:2025-10-30 15:05:21,102:Successfully computed HSC for Q9ULN7.
INFO:2025-10-30 15:05:21,102:Processing Q9ULP0 with model AF-Q9ULP0-F1-model_v4.pdb
INFO:2025-10-30 15:05:21,192:Computing HSC features for: Q9ULP0, ENST00000570248, ../Ntranos_Rotation/ESM-SaProt/AF-Q9ULP0-F1-model_v4.pdb.gz
INFO:2025-10-30 15:06:14,700:Successfully computed HSC for Q9ULP0.
INFO:2025-10-30 15:06:14,700:Processing Q9ULP9 with model AF-Q9ULP9-F1-model_v4.pdb
ERROR:2025-10-30 15:06:15,094:No transcript record found for Q9ULP9 in gnomAD.
INFO:2025-10-30 15:06:15,094:Processing Q9ULQ0 with model AF-Q9ULQ0-F1-model_v4.pdb
INFO:2025-10-30 15:06:15,316:Computing HSC features for: Q9ULQ0, ENST00000249344, ../Ntranos_Rotation/ESM-SaProt/AF-Q9ULQ0-F1-model_v4.pdb.gz
INFO:2025-10-30 15:07:31,777:Successfully computed HSC for Q9ULQ0.
INFO:2025-10-30 15:07:31,777:Processing Q9ULQ1 with model AF-Q9ULQ1-F1-model_v4.pdb
INFO:2025-10-30 15:07:31,953:Computing HSC features for: Q9ULQ1, ENST00000335509, ../Ntranos_Rotation/ESM-SaProt/AF-Q9ULQ1-F1-model_v4.pdb.gz
INFO:2025-10-30 15:09:07,421:Successfully computed HSC for Q9ULQ1.
INFO:2025-10-30 15:09:07,421:Processing Q9ULR0 with model AF-Q9ULR0-F1-model_v4.pdb
INFO:2025-10-30 15:09:07,471:Computing HSC features for: Q9ULR0, ENST00000393295, ../Ntranos_Rotation/ESM-SaProt/AF-Q9ULR0-F1-model_v4.pdb.gz
INFO:2025-10-30 15:09:39,209:Successfully computed HSC for Q9ULR0.
INFO:2025-10-30 15:09:39,209:Processing Q9ULR3 with model AF-Q9ULR3-F1-model_v4.pdb
INFO:2025-10-30 15:09:39,346:Computing HSC features for: Q9ULR3, ENST00000228705, ../Ntranos_Rotation/ESM-SaProt/AF-Q9ULR3-F1-model_v4.pdb.gz
INFO:2025-10-30 15:11:00,189:Successfully computed HSC for Q9ULR3.
INFO:2025-10-30 15:11:00,190:Processing Q9UL03 with model AF-Q9UL03-F1-model_v4.pdb
INFO:2025-10-30 15:11:00,314:Computing HSC features for: Q9UL03, ENST00000311234, ../Ntranos_Rotation/ESM-SaProt/AF-Q9UL03-F1-model_v4.pdb.gz
INFO:2025-10-30 15:12:15,509:Successfully computed HSC for Q9UL03.
INFO:2025-10-30 15:12:15,509:Processing Q9UL12 with model AF-Q9UL12-F1-model_v4.pdb
INFO:2025-10-30 15:12:15,641:Computing HSC features for: Q9UL12, ENST00000371872, ../Ntranos_Rotation/ESM-SaProt/AF-Q9UL12-F1-model_v4.pdb.gz
INFO:2025-10-30 15:14:18,693:Successfully computed HSC for Q9UL12.
INFO:2025-10-30 15:14:18,693:Processing Q9UL15 with model AF-Q9UL15-F1-model_v4.pdb
INFO:2025-10-30 15:14:18,825:Computing HSC features for: Q9UL15, ENST00000299204, ../Ntranos_Rotation/ESM-SaProt/AF-Q9UL15-F1-model_v4.pdb.gz
INFO:2025-10-30 15:14:57,368:Successfully computed HSC for Q9UL15.
INFO:2025-10-30 15:14:57,368:Processing Q9UL16 with model AF-Q9UL16-F1-model_v4.pdb
ERROR:2025-10-30 15:14:57,444:No valid CDS found for Q9UL16
INFO:2025-10-30 15:14:57,444:Processing Q9UL17 with model AF-Q9UL17-F1-model_v4.pdb
INFO:2025-10-30 15:14:57,550:Computing HSC features for: Q9UL17, ENST00000177694, ../Ntranos_Rotation/ESM-SaProt/AF-Q9UL17-F1-model_v4.pdb.gz
INFO:2025-10-30 15:16:48,259:Successfully computed HSC for Q9UL17.
INFO:2025-10-30 15:16:48,259:Processing Q9UL18 with model AF-Q9UL18-F1-model_v4.pdb
INFO:2025-10-30 15:16:48,809:Computing HSC features for: Q9UL18, ENST00000373204, ../Ntranos_Rotation/ESM-SaProt/AF-Q9UL18-F1-model_v4.pdb.gz
INFO:2025-10-30 15:18:22,332:Successfully computed HSC for Q9UL18.
INFO:2025-10-30 15:18:22,333:Processing Q9UL19 with model AF-Q9UL19-F1-model_v4.pdb
INFO:2025-10-30 15:18:22,400:Computing HSC features for: Q9UL19, ENST00000255688, ../Ntranos_Rotation/ESM-SaProt/AF-Q9UL19-F1-model_v4.pdb.gz
INFO:2025-10-30 15:18:46,092:Successfully computed HSC for Q9UL19.
INFO:2025-10-30 15:18:46,092:Processing Q9UL25 with model AF-Q9UL25-F1-model_v4.pdb
INFO:2025-10-30 15:18:46,153:Computing HSC features for: Q9UL25, ENST00000261263, ../Ntranos_Rotation/ESM-SaProt/AF-Q9UL25-F1-model_v4.pdb.gz
INFO:2025-10-30 15:19:08,454:Successfully computed HSC for Q9UL25.
INFO:2025-10-30 15:19:08,454:Processing Q9UL26 with model AF-Q9UL26-F1-model_v4.pdb
INFO:2025-10-30 15:19:08,512:Computing HSC features for: Q9UL26, ENST00000244040, ../Ntranos_Rotation/ESM-SaProt/AF-Q9UL26-F1-model_v4.pdb.gz
INFO:2025-10-30 15:19:27,546:Successfully computed HSC for Q9UL26.
INFO:2025-10-30 15:19:27,546:Processing Q9UL33 with model AF-Q9UL33-F1-model_v4.pdb
ERROR:2025-10-30 15:19:27,595:No transcript record found for Q9UL33 in gnomAD.
INFO:2025-10-30 15:19:27,595:Processing Q9UL36 with model AF-Q9UL36-F1-model_v4.pdb
INFO:2025-10-30 15:19:27,883:Computing HSC features for: Q9UL36, ENST00000253159, ../Ntranos_Rotation/ESM-SaProt/AF-Q9UL36-F1-model_v4.pdb.gz
INFO:2025-10-30 15:22:30,580:Successfully computed HSC for Q9UL36.
INFO:2025-10-30 15:22:30,580:Processing Q9UL40 with model AF-Q9UL40-F1-model_v4.pdb
INFO:2025-10-30 15:22:30,631:Computing HSC features for: Q9UL40, ENST00000358149, ../Ntranos_Rotation/ESM-SaProt/AF-Q9UL40-F1-model_v4.pdb.gz
INFO:2025-10-30 15:22:59,462:Successfully computed HSC for Q9UL40.
INFO:2025-10-30 15:22:59,462:Processing Q9UL41 with model AF-Q9UL41-F1-model_v4.pdb
ERROR:2025-10-30 15:22:59,557:No transcript record found for Q9UL41 in gnomAD.
INFO:2025-10-30 15:22:59,557:Processing Q9UL42 with model AF-Q9UL42-F1-model_v4.pdb
INFO:2025-10-30 15:22:59,636:Computing HSC features for: Q9UL42, ENST00000522362, ../Ntranos_Rotation/ESM-SaProt/AF-Q9UL42-F1-model_v4.pdb.gz
INFO:2025-10-30 15:23:33,614:Successfully computed HSC for Q9UL42.
INFO:2025-10-30 15:23:33,614:Processing Q9UL45 with model AF-Q9UL45-F1-model_v4.pdb
INFO:2025-10-30 15:23:33,665:Computing HSC features for: Q9UL45, ENST00000220531, ../Ntranos_Rotation/ESM-SaProt/AF-Q9UL45-F1-model_v4.pdb.gz
INFO:2025-10-30 15:23:46,884:Successfully computed HSC for Q9UL45.
INFO:2025-10-30 15:23:46,884:Processing Q9UL46 with model AF-Q9UL46-F1-model_v4.pdb
INFO:2025-10-30 15:23:46,979:Computing HSC features for: Q9UL46, ENST00000216802, ../Ntranos_Rotation/ESM-SaProt/AF-Q9UL46-F1-model_v4.pdb.gz
INFO:2025-10-30 15:24:19,745:Successfully computed HSC for Q9UL46.
INFO:2025-10-30 15:24:19,745:Processing Q9UL49 with model AF-Q9UL49-F1-model_v4.pdb
INFO:2025-10-30 15:24:19,905:Computing HSC features for: Q9UL49, ENST00000335351, ../Ntranos_Rotation/ESM-SaProt/AF-Q9UL49-F1-model_v4.pdb.gz
INFO:2025-10-30 15:25:57,386:Successfully computed HSC for Q9UL49.
INFO:2025-10-30 15:25:57,386:Processing Q9UL51 with model AF-Q9UL51-F1-model_v4.pdb
INFO:2025-10-30 15:25:57,510:Computing HSC features for: Q9UL51, ENST00000251287, ../Ntranos_Rotation/ESM-SaProt/AF-Q9UL51-F1-model_v4.pdb.gz
INFO:2025-10-30 15:28:38,679:Successfully computed HSC for Q9UL51.
INFO:2025-10-30 15:28:38,679:Processing Q9UL52 with model AF-Q9UL52-F1-model_v4.pdb
INFO:2025-10-30 15:28:38,916:Computing HSC features for: Q9UL52, ENST00000305363, ../Ntranos_Rotation/ESM-SaProt/AF-Q9UL52-F1-model_v4.pdb.gz
INFO:2025-10-30 15:29:20,898:Successfully computed HSC for Q9UL52.
INFO:2025-10-30 15:29:20,899:Processing Q9UL54 with model AF-Q9UL54-F1-model_v4.pdb
INFO:2025-10-30 15:29:21,125:Computing HSC features for: Q9UL54, ENST00000308893, ../Ntranos_Rotation/ESM-SaProt/AF-Q9UL54-F1-model_v4.pdb.gz
INFO:2025-10-30 15:31:41,272:Successfully computed HSC for Q9UL54.
INFO:2025-10-30 15:31:41,272:Processing Q9UL58 with model AF-Q9UL58-F1-model_v4.pdb
INFO:2025-10-30 15:31:41,357:Computing HSC features for: Q9UL58, ENST00000278319, ../Ntranos_Rotation/ESM-SaProt/AF-Q9UL58-F1-model_v4.pdb.gz
INFO:2025-10-30 15:32:17,506:Successfully computed HSC for Q9UL58.
INFO:2025-10-30 15:32:17,506:Processing Q9UL59 with model AF-Q9UL59-F1-model_v4.pdb
INFO:2025-10-30 15:32:17,604:Computing HSC features for: Q9UL59, ENST00000278314, ../Ntranos_Rotation/ESM-SaProt/AF-Q9UL59-F1-model_v4.pdb.gz
INFO:2025-10-30 15:32:58,579:Successfully computed HSC for Q9UL59.
INFO:2025-10-30 15:32:58,579:Processing Q9UL62 with model AF-Q9UL62-F1-model_v4.pdb
INFO:2025-10-30 15:32:58,696:Computing HSC features for: Q9UL62, ENST00000262839, ../Ntranos_Rotation/ESM-SaProt/AF-Q9UL62-F1-model_v4.pdb.gz
INFO:2025-10-30 15:34:30,339:Successfully computed HSC for Q9UL62.
INFO:2025-10-30 15:34:30,339:Processing Q9UL63 with model AF-Q9UL63-F1-model_v4.pdb
INFO:2025-10-30 15:34:30,458:Computing HSC features for: Q9UL63, ENST00000352689, ../Ntranos_Rotation/ESM-SaProt/AF-Q9UL63-F1-model_v4.pdb.gz
INFO:2025-10-30 15:35:26,839:Successfully computed HSC for Q9UL63.
INFO:2025-10-30 15:35:26,839:Processing Q9UL68 with model AF-Q9UL68-F1-model_v4.pdb
INFO:2025-10-30 15:35:27,075:Computing HSC features for: Q9UL68, ENST00000428368, ../Ntranos_Rotation/ESM-SaProt/AF-Q9UL68-F1-model_v4.pdb.gz
INFO:2025-10-30 15:38:01,989:Successfully computed HSC for Q9UL68.
INFO:2025-10-30 15:38:01,989:Processing Q9ULA0 with model AF-Q9ULA0-F1-model_v4.pdb
INFO:2025-10-30 15:38:02,061:Computing HSC features for: Q9ULA0, ENST00000273075, ../Ntranos_Rotation/ESM-SaProt/AF-Q9ULA0-F1-model_v4.pdb.gz
INFO:2025-10-30 15:38:50,541:Successfully computed HSC for Q9ULA0.
INFO:2025-10-30 15:38:50,541:Processing Q9ULB1 with model AF-Q9ULB1-F1-model_v4.pdb
INFO:2025-10-30 15:38:50,704:Computing HSC features for: Q9ULB1, ENST00000406316, ../Ntranos_Rotation/ESM-SaProt/AF-Q9ULB1-F1-model_v4.pdb.gz
INFO:2025-10-30 15:41:27,657:Successfully computed HSC for Q9ULB1.
INFO:2025-10-30 15:41:27,657:Processing Q9ULB4 with model AF-Q9ULB4-F1-model_v4.pdb
INFO:2025-10-30 15:41:27,756:Computing HSC features for: Q9ULB4, ENST00000231021, ../Ntranos_Rotation/ESM-SaProt/AF-Q9ULB4-F1-model_v4.pdb.gz
INFO:2025-10-30 15:42:35,139:Successfully computed HSC for Q9ULB4.
INFO:2025-10-30 15:42:35,139:Processing Q9ULB5 with model AF-Q9ULB5-F1-model_v4.pdb
INFO:2025-10-30 15:42:35,321:Computing HSC features for: Q9ULB5, ENST00000323011, ../Ntranos_Rotation/ESM-SaProt/AF-Q9ULB5-F1-model_v4.pdb.gz
INFO:2025-10-30 15:44:20,064:Successfully computed HSC for Q9ULB5.
INFO:2025-10-30 15:44:20,065:Processing Q9ULC0 with model AF-Q9ULC0-F1-model_v4.pdb
INFO:2025-10-30 15:44:20,152:Computing HSC features for: Q9ULC0, ENST00000296420, ../Ntranos_Rotation/ESM-SaProt/AF-Q9ULC0-F1-model_v4.pdb.gz
INFO:2025-10-30 15:44:48,395:Successfully computed HSC for Q9ULC0.
INFO:2025-10-30 15:44:48,395:Processing Q9ULC3 with model AF-Q9ULC3-F1-model_v4.pdb
INFO:2025-10-30 15:44:48,472:Computing HSC features for: Q9ULC3, ENST00000317483, ../Ntranos_Rotation/ESM-SaProt/AF-Q9ULC3-F1-model_v4.pdb.gz
INFO:2025-10-30 15:45:14,660:Successfully computed HSC for Q9ULC3.
INFO:2025-10-30 15:45:14,660:Processing Q9ULC4 with model AF-Q9ULC4-F1-model_v4.pdb
INFO:2025-10-30 15:45:14,711:Computing HSC features for: Q9ULC4, ENST00000371317, ../Ntranos_Rotation/ESM-SaProt/AF-Q9ULC4-F1-model_v4.pdb.gz
INFO:2025-10-30 15:45:33,240:Successfully computed HSC for Q9ULC4.
INFO:2025-10-30 15:45:33,240:Processing Q9ULC5 with model AF-Q9ULC5-F1-model_v4.pdb
INFO:2025-10-30 15:45:33,393:Computing HSC features for: Q9ULC5, ENST00000354655, ../Ntranos_Rotation/ESM-SaProt/AF-Q9ULC5-F1-model_v4.pdb.gz
INFO:2025-10-30 15:46:46,107:Successfully computed HSC for Q9ULC5.
INFO:2025-10-30 15:46:46,107:Processing Q9ULC6 with model AF-Q9ULC6-F1-model_v4.pdb
INFO:2025-10-30 15:46:46,210:Computing HSC features for: Q9ULC6, ENST00000375471, ../Ntranos_Rotation/ESM-SaProt/AF-Q9ULC6-F1-model_v4.pdb.gz
INFO:2025-10-30 15:47:49,019:Successfully computed HSC for Q9ULC6.
INFO:2025-10-30 15:47:49,019:Processing Q9ULC8 with model AF-Q9ULC8-F1-model_v4.pdb
INFO:2025-10-30 15:47:49,138:Computing HSC features for: Q9ULC8, ENST00000334554, ../Ntranos_Rotation/ESM-SaProt/AF-Q9ULC8-F1-model_v4.pdb.gz
INFO:2025-10-30 15:49:29,376:Successfully computed HSC for Q9ULC8.
INFO:2025-10-30 15:49:29,376:Processing Q9ULD0 with model AF-Q9ULD0-F1-model_v4.pdb
INFO:2025-10-30 15:49:29,571:Computing HSC features for: Q9ULD0, ENST00000374103, ../Ntranos_Rotation/ESM-SaProt/AF-Q9ULD0-F1-model_v4.pdb.gz
INFO:2025-10-30 15:51:37,321:Successfully computed HSC for Q9ULD0.
INFO:2025-10-30 15:51:37,321:Processing Q9ULD2 with model AF-Q9ULD2-F1-model_v4.pdb
ERROR:2025-10-30 15:51:37,471:No transcript record found for Q9ULD2 in gnomAD.
INFO:2025-10-30 15:51:37,472:Processing Q9ULD4 with model AF-Q9ULD4-F1-model_v4.pdb
INFO:2025-10-30 15:51:37,607:Computing HSC features for: Q9ULD4, ENST00000357641, ../Ntranos_Rotation/ESM-SaProt/AF-Q9ULD4-F1-model_v4.pdb.gz
INFO:2025-10-30 15:53:58,970:Successfully computed HSC for Q9ULD4.
INFO:2025-10-30 15:53:58,971:Processing Q9ULD5 with model AF-Q9ULD5-F1-model_v4.pdb
INFO:2025-10-30 15:53:59,134:Computing HSC features for: Q9ULD5, ENST00000247930, ../Ntranos_Rotation/ESM-SaProt/AF-Q9ULD5-F1-model_v4.pdb.gz
INFO:2025-10-30 15:56:00,166:Successfully computed HSC for Q9ULD5.
INFO:2025-10-30 15:56:00,166:Processing Q9ULD6 with model AF-Q9ULD6-F1-model_v4.pdb
INFO:2025-10-30 15:56:00,352:Computing HSC features for: Q9ULD6, ENST00000335251, ../Ntranos_Rotation/ESM-SaProt/AF-Q9ULD6-F1-model_v4.pdb.gz
INFO:2025-10-30 15:57:45,332:Successfully computed HSC for Q9ULD6.
INFO:2025-10-30 15:57:45,332:Pipeline completed.
INFO:2025-10-30 15:57:45,332:no_enst_for_uniprot: 0
INFO:2025-10-30 15:57:45,332:no_valid_cds: 1
INFO:2025-10-30 15:57:45,332:no_variant_data: 4
INFO:2025-10-30 15:57:45,332:bad_structure: 0
INFO:2025-10-30 15:57:45,332:no_enst_mp: 0
