INFO:2025-10-30 14:26:02,863:Starting HSC computation pipeline...
INFO:2025-10-30 14:27:35,100:Processing Q8N4E7 with model AF-Q8N4E7-F1-model_v4.pdb
INFO:2025-10-30 14:27:35,202:Computing HSC features for: Q8N4E7, ENST00000321339, ../Ntranos_Rotation/ESM-SaProt/AF-Q8N4E7-F1-model_v4.pdb.gz
INFO:2025-10-30 14:28:14,900:Successfully computed HSC for Q8N4E7.
INFO:2025-10-30 14:28:14,901:Processing Q8N4F0 with model AF-Q8N4F0-F1-model_v4.pdb
INFO:2025-10-30 14:28:15,001:Computing HSC features for: Q8N4F0, ENST00000170150, ../Ntranos_Rotation/ESM-SaProt/AF-Q8N4F0-F1-model_v4.pdb.gz
INFO:2025-10-30 14:28:56,925:Successfully computed HSC for Q8N4F0.
INFO:2025-10-30 14:28:56,925:Processing Q8N4F4 with model AF-Q8N4F4-F1-model_v4.pdb
ERROR:2025-10-30 14:28:57,081:No transcript record found for Q8N4F4 in gnomAD.
INFO:2025-10-30 14:28:57,082:Processing Q8N4F7 with model AF-Q8N4F7-F1-model_v4.pdb
INFO:2025-10-30 14:28:57,149:Computing HSC features for: Q8N4F7, ENST00000347063, ../Ntranos_Rotation/ESM-SaProt/AF-Q8N4F7-F1-model_v4.pdb.gz
INFO:2025-10-30 14:29:25,148:Successfully computed HSC for Q8N4F7.
INFO:2025-10-30 14:29:25,148:Processing Q8N4G2 with model AF-Q8N4G2-F1-model_v4.pdb
INFO:2025-10-30 14:29:25,259:Computing HSC features for: Q8N4G2, ENST00000320767, ../Ntranos_Rotation/ESM-SaProt/AF-Q8N4G2-F1-model_v4.pdb.gz
INFO:2025-10-30 14:29:38,862:Successfully computed HSC for Q8N4G2.
INFO:2025-10-30 14:29:38,863:Processing Q8N4H0 with model AF-Q8N4H0-F1-model_v4.pdb
ERROR:2025-10-30 14:29:38,934:No transcript record found for Q8N4H0 in gnomAD.
INFO:2025-10-30 14:29:38,935:Processing Q8N4H5 with model AF-Q8N4H5-F1-model_v4.pdb
INFO:2025-10-30 14:29:38,974:Computing HSC features for: Q8N4H5, ENST00000321301, ../Ntranos_Rotation/ESM-SaProt/AF-Q8N4H5-F1-model_v4.pdb.gz
INFO:2025-10-30 14:29:45,385:Successfully computed HSC for Q8N4H5.
INFO:2025-10-30 14:29:45,386:Processing Q8N4J0 with model AF-Q8N4J0-F1-model_v4.pdb
INFO:2025-10-30 14:29:45,735:Computing HSC features for: Q8N4J0, ENST00000376834, ../Ntranos_Rotation/ESM-SaProt/AF-Q8N4J0-F1-model_v4.pdb.gz
INFO:2025-10-30 14:30:25,651:Successfully computed HSC for Q8N4J0.
INFO:2025-10-30 14:30:25,651:Processing Q8N4K4 with model AF-Q8N4K4-F1-model_v4.pdb
INFO:2025-10-30 14:30:25,715:Computing HSC features for: Q8N4K4, ENST00000322329, ../Ntranos_Rotation/ESM-SaProt/AF-Q8N4K4-F1-model_v4.pdb.gz
INFO:2025-10-30 14:30:45,987:Successfully computed HSC for Q8N4K4.
INFO:2025-10-30 14:30:45,987:Processing Q8N4L1 with model AF-Q8N4L1-F1-model_v4.pdb
INFO:2025-10-30 14:30:46,186:Computing HSC features for: Q8N4L1, ENST00000327259, ../Ntranos_Rotation/ESM-SaProt/AF-Q8N4L1-F1-model_v4.pdb.gz
INFO:2025-10-30 14:32:11,994:Successfully computed HSC for Q8N4L1.
INFO:2025-10-30 14:32:11,994:Processing Q8N4L2 with model AF-Q8N4L2-F1-model_v4.pdb
INFO:2025-10-30 14:32:12,082:Computing HSC features for: Q8N4L2, ENST00000285419, ../Ntranos_Rotation/ESM-SaProt/AF-Q8N4L2-F1-model_v4.pdb.gz
INFO:2025-10-30 14:32:32,589:Successfully computed HSC for Q8N4L2.
INFO:2025-10-30 14:32:32,590:Processing Q8N4L4 with model AF-Q8N4L4-F1-model_v4.pdb
INFO:2025-10-30 14:32:32,671:Computing HSC features for: Q8N4L4, ENST00000323675, ../Ntranos_Rotation/ESM-SaProt/AF-Q8N4L4-F1-model_v4.pdb.gz
INFO:2025-10-30 14:33:11,405:Successfully computed HSC for Q8N4L4.
INFO:2025-10-30 14:33:11,405:Processing Q8N4L8 with model AF-Q8N4L8-F1-model_v4.pdb
INFO:2025-10-30 14:33:11,494:Computing HSC features for: Q8N4L8, ENST00000372318, ../Ntranos_Rotation/ESM-SaProt/AF-Q8N4L8-F1-model_v4.pdb.gz
INFO:2025-10-30 14:33:41,021:Successfully computed HSC for Q8N4L8.
INFO:2025-10-30 14:33:41,021:Processing Q8N4M1 with model AF-Q8N4M1-F1-model_v4.pdb
INFO:2025-10-30 14:33:41,145:Computing HSC features for: Q8N4M1, ENST00000271227, ../Ntranos_Rotation/ESM-SaProt/AF-Q8N4M1-F1-model_v4.pdb.gz
INFO:2025-10-30 14:34:36,969:Successfully computed HSC for Q8N4M1.
INFO:2025-10-30 14:34:36,969:Processing Q8N4M7 with model AF-Q8N4M7-F1-model_v4.pdb
ERROR:2025-10-30 14:34:37,052:No ENST transcript IDs were mapped to Q8N4M7
INFO:2025-10-30 14:34:37,053:Processing Q8N4N3 with model AF-Q8N4N3-F1-model_v4.pdb
INFO:2025-10-30 14:34:37,193:Computing HSC features for: Q8N4N3, ENST00000564996, ../Ntranos_Rotation/ESM-SaProt/AF-Q8N4N3-F1-model_v4.pdb.gz
INFO:2025-10-30 14:35:54,583:Successfully computed HSC for Q8N4N3.
INFO:2025-10-30 14:35:54,583:Processing Q8N4N8 with model AF-Q8N4N8-F1-model_v4.pdb
INFO:2025-10-30 14:35:54,753:Computing HSC features for: Q8N4N8, ENST00000268919, ../Ntranos_Rotation/ESM-SaProt/AF-Q8N4N8-F1-model_v4.pdb.gz
INFO:2025-10-30 14:36:55,376:Successfully computed HSC for Q8N4N8.
INFO:2025-10-30 14:36:55,377:Processing Q8N4P2 with model AF-Q8N4P2-F1-model_v4.pdb
INFO:2025-10-30 14:36:55,517:Computing HSC features for: Q8N4P2, ENST00000408939, ../Ntranos_Rotation/ESM-SaProt/AF-Q8N4P2-F1-model_v4.pdb.gz
INFO:2025-10-30 14:37:52,449:Successfully computed HSC for Q8N4P2.
INFO:2025-10-30 14:37:52,450:Processing Q8N3C7 with model AF-Q8N3C7-F1-model_v4.pdb
ERROR:2025-10-30 14:37:52,632:No transcript record found for Q8N3C7 in gnomAD.
INFO:2025-10-30 14:37:52,632:Processing Q8N3D4 with model AF-Q8N3D4-F1-model_v4.pdb
INFO:2025-10-30 14:37:52,964:Computing HSC features for: Q8N3D4, ENST00000309295, ../Ntranos_Rotation/ESM-SaProt/AF-Q8N3D4-F1-model_v4.pdb.gz
INFO:2025-10-30 14:40:14,269:Successfully computed HSC for Q8N3D4.
INFO:2025-10-30 14:40:14,269:Processing Q8N3E9 with model AF-Q8N3E9-F1-model_v4.pdb
ERROR:2025-10-30 14:40:14,381:No transcript record found for Q8N3E9 in gnomAD.
INFO:2025-10-30 14:40:14,381:Processing Q8N3F0 with model AF-Q8N3F0-F1-model_v4.pdb
INFO:2025-10-30 14:40:14,441:Computing HSC features for: Q8N3F0, ENST00000324453, ../Ntranos_Rotation/ESM-SaProt/AF-Q8N3F0-F1-model_v4.pdb.gz
INFO:2025-10-30 14:40:29,863:Successfully computed HSC for Q8N3F0.
INFO:2025-10-30 14:40:29,864:Processing Q8N3F8 with model AF-Q8N3F8-F1-model_v4.pdb
INFO:2025-10-30 14:40:30,046:Computing HSC features for: Q8N3F8, ENST00000215957, ../Ntranos_Rotation/ESM-SaProt/AF-Q8N3F8-F1-model_v4.pdb.gz
INFO:2025-10-30 14:41:50,371:Successfully computed HSC for Q8N3F8.
INFO:2025-10-30 14:41:50,371:Processing Q8N3F9 with model AF-Q8N3F9-F1-model_v4.pdb
INFO:2025-10-30 14:41:50,504:Computing HSC features for: Q8N3F9, ENST00000321662, ../Ntranos_Rotation/ESM-SaProt/AF-Q8N3F9-F1-model_v4.pdb.gz
INFO:2025-10-30 14:42:33,436:Successfully computed HSC for Q8N3F9.
INFO:2025-10-30 14:42:33,437:Processing Q8N3G9 with model AF-Q8N3G9-F1-model_v4.pdb
INFO:2025-10-30 14:42:33,503:Computing HSC features for: Q8N3G9, ENST00000416379, ../Ntranos_Rotation/ESM-SaProt/AF-Q8N3G9-F1-model_v4.pdb.gz
INFO:2025-10-30 14:43:18,483:Successfully computed HSC for Q8N3G9.
INFO:2025-10-30 14:43:18,484:Processing Q8N3H0 with model AF-Q8N3H0-F1-model_v4.pdb
INFO:2025-10-30 14:43:18,530:Computing HSC features for: Q8N3H0, ENST00000416284, ../Ntranos_Rotation/ESM-SaProt/AF-Q8N3H0-F1-model_v4.pdb.gz
INFO:2025-10-30 14:43:30,856:Successfully computed HSC for Q8N3H0.
INFO:2025-10-30 14:43:30,856:Processing Q8N3I7 with model AF-Q8N3I7-F1-model_v4.pdb
INFO:2025-10-30 14:43:30,919:Computing HSC features for: Q8N3I7, ENST00000295240, ../Ntranos_Rotation/ESM-SaProt/AF-Q8N3I7-F1-model_v4.pdb.gz
INFO:2025-10-30 14:43:54,628:Successfully computed HSC for Q8N3I7.
INFO:2025-10-30 14:43:54,629:Processing Q8N3J2 with model AF-Q8N3J2-F1-model_v4.pdb
INFO:2025-10-30 14:43:54,735:Computing HSC features for: Q8N3J2, ENST00000574538, ../Ntranos_Rotation/ESM-SaProt/AF-Q8N3J2-F1-model_v4.pdb.gz
INFO:2025-10-30 14:44:26,001:Successfully computed HSC for Q8N3J2.
INFO:2025-10-30 14:44:26,001:Processing Q8N3J3 with model AF-Q8N3J3-F1-model_v4.pdb
INFO:2025-10-30 14:44:26,144:Computing HSC features for: Q8N3J3, ENST00000319977, ../Ntranos_Rotation/ESM-SaProt/AF-Q8N3J3-F1-model_v4.pdb.gz
INFO:2025-10-30 14:45:22,552:Successfully computed HSC for Q8N3J3.
INFO:2025-10-30 14:45:22,552:Processing Q8N3J5 with model AF-Q8N3J5-F1-model_v4.pdb
INFO:2025-10-30 14:45:22,645:Computing HSC features for: Q8N3J5, ENST00000608933, ../Ntranos_Rotation/ESM-SaProt/AF-Q8N3J5-F1-model_v4.pdb.gz
INFO:2025-10-30 14:45:56,049:Successfully computed HSC for Q8N3J5.
INFO:2025-10-30 14:45:56,049:Processing Q8N3J6 with model AF-Q8N3J6-F1-model_v4.pdb
INFO:2025-10-30 14:45:56,129:Computing HSC features for: Q8N3J6, ENST00000407528, ../Ntranos_Rotation/ESM-SaProt/AF-Q8N3J6-F1-model_v4.pdb.gz
INFO:2025-10-30 14:46:29,203:Successfully computed HSC for Q8N3J6.
INFO:2025-10-30 14:46:29,203:Processing Q8N3J9 with model AF-Q8N3J9-F1-model_v4.pdb
INFO:2025-10-30 14:46:29,270:Computing HSC features for: Q8N3J9, ENST00000337815, ../Ntranos_Rotation/ESM-SaProt/AF-Q8N3J9-F1-model_v4.pdb.gz
INFO:2025-10-30 14:46:46,945:Successfully computed HSC for Q8N3J9.
INFO:2025-10-30 14:46:46,945:Processing Q8N3K9 with model AF-Q8N3K9-F1-model_v4.pdb
ERROR:2025-10-30 14:46:47,211:No valid CDS found for Q8N3K9
INFO:2025-10-30 14:46:47,211:Processing Q8N3L3 with model AF-Q8N3L3-F1-model_v4.pdb
INFO:2025-10-30 14:46:47,361:Computing HSC features for: Q8N3L3, ENST00000358430, ../Ntranos_Rotation/ESM-SaProt/AF-Q8N3L3-F1-model_v4.pdb.gz
INFO:2025-10-30 14:47:51,856:Successfully computed HSC for Q8N3L3.
INFO:2025-10-30 14:47:51,856:Processing Q8N3P4 with model AF-Q8N3P4-F1-model_v4.pdb
ERROR:2025-10-30 14:47:52,128:No transcript record found for Q8N3P4 in gnomAD.
INFO:2025-10-30 14:47:52,128:Processing Q8N3R3 with model AF-Q8N3R3-F1-model_v4.pdb
INFO:2025-10-30 14:47:52,239:Computing HSC features for: Q8N3R3, ENST00000342649, ../Ntranos_Rotation/ESM-SaProt/AF-Q8N3R3-F1-model_v4.pdb.gz
INFO:2025-10-30 14:48:23,857:Successfully computed HSC for Q8N3R3.
INFO:2025-10-30 14:48:23,857:Processing Q8N3R9 with model AF-Q8N3R9-F1-model_v4.pdb
INFO:2025-10-30 14:48:24,142:Computing HSC features for: Q8N3R9, ENST00000261681, ../Ntranos_Rotation/ESM-SaProt/AF-Q8N3R9-F1-model_v4.pdb.gz
INFO:2025-10-30 14:49:21,453:Successfully computed HSC for Q8N3R9.
INFO:2025-10-30 14:49:21,453:Processing Q8N3S3 with model AF-Q8N3S3-F1-model_v4.pdb
INFO:2025-10-30 14:49:21,764:Computing HSC features for: Q8N3S3, ENST00000248550, ../Ntranos_Rotation/ESM-SaProt/AF-Q8N3S3-F1-model_v4.pdb.gz
INFO:2025-10-30 14:50:28,503:Successfully computed HSC for Q8N3S3.
INFO:2025-10-30 14:50:28,503:Processing Q8N3T1 with model AF-Q8N3T1-F1-model_v4.pdb
INFO:2025-10-30 14:50:28,632:Computing HSC features for: Q8N3T1, ENST00000339732, ../Ntranos_Rotation/ESM-SaProt/AF-Q8N3T1-F1-model_v4.pdb.gz
INFO:2025-10-30 14:51:20,181:Successfully computed HSC for Q8N3T1.
INFO:2025-10-30 14:51:20,181:Processing Q8N3T6 with model AF-Q8N3T6-F1-model_v4.pdb
INFO:2025-10-30 14:51:20,323:Computing HSC features for: Q8N3T6, ENST00000435159, ../Ntranos_Rotation/ESM-SaProt/AF-Q8N3T6-F1-model_v4.pdb.gz
INFO:2025-10-30 14:53:09,550:Successfully computed HSC for Q8N3T6.
INFO:2025-10-30 14:53:09,550:Processing Q8N3U1 with model AF-Q8N3U1-F1-model_v4.pdb
ERROR:2025-10-30 14:53:09,593:No ENST transcript IDs were mapped to Q8N3U1
INFO:2025-10-30 14:53:09,593:Processing Q8N3U4 with model AF-Q8N3U4-F1-model_v4.pdb
ERROR:2025-10-30 14:53:09,828:No transcript record found for Q8N3U4 in gnomAD.
INFO:2025-10-30 14:53:09,828:Processing Q8N3V7 with model AF-Q8N3V7-F1-model_v4.pdb
INFO:2025-10-30 14:53:10,006:Computing HSC features for: Q8N3V7, ENST00000394243, ../Ntranos_Rotation/ESM-SaProt/AF-Q8N3V7-F1-model_v4.pdb.gz
INFO:2025-10-30 14:54:40,328:Successfully computed HSC for Q8N3V7.
INFO:2025-10-30 14:54:40,329:Processing Q8N3X1 with model AF-Q8N3X1-F1-model_v4.pdb
INFO:2025-10-30 14:54:40,471:Computing HSC features for: Q8N3X1, ENST00000263773, ../Ntranos_Rotation/ESM-SaProt/AF-Q8N3X1-F1-model_v4.pdb.gz
INFO:2025-10-30 14:55:55,739:Successfully computed HSC for Q8N3X1.
INFO:2025-10-30 14:55:55,739:Processing Q8N3X6 with model AF-Q8N3X6-F1-model_v4.pdb
INFO:2025-10-30 14:55:55,867:Computing HSC features for: Q8N3X6, ENST00000382226, ../Ntranos_Rotation/ESM-SaProt/AF-Q8N3X6-F1-model_v4.pdb.gz
INFO:2025-10-30 14:56:56,774:Successfully computed HSC for Q8N3X6.
INFO:2025-10-30 14:56:56,774:Processing Q8N3Y1 with model AF-Q8N3Y1-F1-model_v4.pdb
ERROR:2025-10-30 14:56:56,903:No transcript record found for Q8N3Y1 in gnomAD.
INFO:2025-10-30 14:56:56,903:Processing Q8N3Y3 with model AF-Q8N3Y3-F1-model_v4.pdb
INFO:2025-10-30 14:56:57,098:Computing HSC features for: Q8N3Y3, ENST00000325468, ../Ntranos_Rotation/ESM-SaProt/AF-Q8N3Y3-F1-model_v4.pdb.gz
INFO:2025-10-30 14:58:18,888:Successfully computed HSC for Q8N3Y3.
INFO:2025-10-30 14:58:18,889:Processing Q8N3Y7 with model AF-Q8N3Y7-F1-model_v4.pdb
INFO:2025-10-30 14:58:18,964:Computing HSC features for: Q8N3Y7, ENST00000303749, ../Ntranos_Rotation/ESM-SaProt/AF-Q8N3Y7-F1-model_v4.pdb.gz
INFO:2025-10-30 14:58:40,407:Successfully computed HSC for Q8N3Y7.
INFO:2025-10-30 14:58:40,407:Processing Q8N3Z0 with model AF-Q8N3Z0-F1-model_v4.pdb
INFO:2025-10-30 14:58:40,483:Computing HSC features for: Q8N3Z0, ENST00000369700, ../Ntranos_Rotation/ESM-SaProt/AF-Q8N3Z0-F1-model_v4.pdb.gz
INFO:2025-10-30 14:59:14,602:Successfully computed HSC for Q8N3Z0.
INFO:2025-10-30 14:59:14,603:Processing Q8N3Z3 with model AF-Q8N3Z3-F1-model_v4.pdb
INFO:2025-10-30 14:59:14,683:Computing HSC features for: Q8N3Z3, ENST00000383678, ../Ntranos_Rotation/ESM-SaProt/AF-Q8N3Z3-F1-model_v4.pdb.gz
INFO:2025-10-30 14:59:41,381:Successfully computed HSC for Q8N3Z3.
INFO:2025-10-30 14:59:41,381:Pipeline completed.
INFO:2025-10-30 14:59:41,381:no_enst_for_uniprot: 2
INFO:2025-10-30 14:59:41,381:no_valid_cds: 1
INFO:2025-10-30 14:59:41,381:no_variant_data: 7
INFO:2025-10-30 14:59:41,381:bad_structure: 0
INFO:2025-10-30 14:59:41,381:no_enst_mp: 0
