INFO:2025-10-30 14:26:02,737:Starting HSC computation pipeline...
INFO:2025-10-30 14:27:01,188:Processing Q8NDI1 with model AF-Q8NDI1-F1-model_v4.pdb
INFO:2025-10-30 14:27:01,366:Computing HSC features for: Q8NDI1, ENST00000263991, ../Ntranos_Rotation/ESM-SaProt/AF-Q8NDI1-F1-model_v4.pdb.gz
INFO:2025-10-30 14:28:18,409:Successfully computed HSC for Q8NDI1.
INFO:2025-10-30 14:28:18,409:Processing Q8NDL9 with model AF-Q8NDL9-F1-model_v4.pdb
INFO:2025-10-30 14:28:18,572:Computing HSC features for: Q8NDL9, ENST00000360131, ../Ntranos_Rotation/ESM-SaProt/AF-Q8NDL9-F1-model_v4.pdb.gz
INFO:2025-10-30 14:29:45,259:Successfully computed HSC for Q8NDL9.
INFO:2025-10-30 14:29:45,259:Processing Q8NDM7 with model AF-Q8NDM7-F1-model_v4.pdb
INFO:2025-10-30 14:29:45,526:Computing HSC features for: Q8NDM7, ENST00000357060, ../Ntranos_Rotation/ESM-SaProt/AF-Q8NDM7-F1-model_v4.pdb.gz
INFO:2025-10-30 14:31:38,681:Successfully computed HSC for Q8NDM7.
INFO:2025-10-30 14:31:38,681:Processing Q8NDN9 with model AF-Q8NDN9-F1-model_v4.pdb
INFO:2025-10-30 14:31:38,806:Computing HSC features for: Q8NDN9, ENST00000258646, ../Ntranos_Rotation/ESM-SaProt/AF-Q8NDN9-F1-model_v4.pdb.gz
INFO:2025-10-30 14:32:35,400:Successfully computed HSC for Q8NDN9.
INFO:2025-10-30 14:32:35,400:Processing Q8NDP4 with model AF-Q8NDP4-F1-model_v4.pdb
INFO:2025-10-30 14:32:35,531:Computing HSC features for: Q8NDP4, ENST00000304030, ../Ntranos_Rotation/ESM-SaProt/AF-Q8NDP4-F1-model_v4.pdb.gz
INFO:2025-10-30 14:33:11,112:Successfully computed HSC for Q8NDP4.
INFO:2025-10-30 14:33:11,112:Processing Q8NDQ6 with model AF-Q8NDQ6-F1-model_v4.pdb
INFO:2025-10-30 14:33:11,206:Computing HSC features for: Q8NDQ6, ENST00000316433, ../Ntranos_Rotation/ESM-SaProt/AF-Q8NDQ6-F1-model_v4.pdb.gz
INFO:2025-10-30 14:33:51,632:Successfully computed HSC for Q8NDQ6.
INFO:2025-10-30 14:33:51,632:Processing Q8NDT2 with model AF-Q8NDT2-F1-model_v4.pdb
ERROR:2025-10-30 14:33:51,855:No transcript record found for Q8NDT2 in gnomAD.
INFO:2025-10-30 14:33:51,855:Processing Q8NDV1 with model AF-Q8NDV1-F1-model_v4.pdb
INFO:2025-10-30 14:33:51,935:Computing HSC features for: Q8NDV1, ENST00000328299, ../Ntranos_Rotation/ESM-SaProt/AF-Q8NDV1-F1-model_v4.pdb.gz
INFO:2025-10-30 14:34:15,219:Successfully computed HSC for Q8NDV1.
INFO:2025-10-30 14:34:15,219:Processing Q8NDV2 with model AF-Q8NDV2-F1-model_v4.pdb
INFO:2025-10-30 14:34:15,299:Computing HSC features for: Q8NDV2, ENST00000284674, ../Ntranos_Rotation/ESM-SaProt/AF-Q8NDV2-F1-model_v4.pdb.gz
INFO:2025-10-30 14:34:57,321:Successfully computed HSC for Q8NDV2.
INFO:2025-10-30 14:34:57,321:Processing Q8NDV3 with model AF-Q8NDV3-F1-model_v4.pdb
INFO:2025-10-30 14:34:57,483:Computing HSC features for: Q8NDV3, ENST00000357450, ../Ntranos_Rotation/ESM-SaProt/AF-Q8NDV3-F1-model_v4.pdb.gz
INFO:2025-10-30 14:36:12,748:Successfully computed HSC for Q8NDV3.
INFO:2025-10-30 14:36:12,748:Processing Q8NDV7 with model AF-Q8NDV7-F1-model_v4.pdb
INFO:2025-10-30 14:36:12,950:Computing HSC features for: Q8NDV7, ENST00000395799, ../Ntranos_Rotation/ESM-SaProt/AF-Q8NDV7-F1-model_v4.pdb.gz
INFO:2025-10-30 14:38:24,954:Successfully computed HSC for Q8NDV7.
INFO:2025-10-30 14:38:24,954:Processing Q8NDW4 with model AF-Q8NDW4-F1-model_v4.pdb
INFO:2025-10-30 14:38:25,038:Computing HSC features for: Q8NDW4, ENST00000357328, ../Ntranos_Rotation/ESM-SaProt/AF-Q8NDW4-F1-model_v4.pdb.gz
INFO:2025-10-30 14:38:59,959:Successfully computed HSC for Q8NDW4.
INFO:2025-10-30 14:38:59,959:Processing Q8NDW8 with model AF-Q8NDW8-F1-model_v4.pdb
INFO:2025-10-30 14:39:00,419:Computing HSC features for: Q8NDW8, ENST00000431162, ../Ntranos_Rotation/ESM-SaProt/AF-Q8NDW8-F1-model_v4.pdb.gz
INFO:2025-10-30 14:40:45,274:Successfully computed HSC for Q8NDW8.
INFO:2025-10-30 14:40:45,274:Processing Q8NDX1 with model AF-Q8NDX1-F1-model_v4.pdb
INFO:2025-10-30 14:40:45,478:Computing HSC features for: Q8NDX1, ENST00000245796, ../Ntranos_Rotation/ESM-SaProt/AF-Q8NDX1-F1-model_v4.pdb.gz
INFO:2025-10-30 14:42:25,529:Successfully computed HSC for Q8NDX1.
INFO:2025-10-30 14:42:25,530:Processing Q8NDX2 with model AF-Q8NDX2-F1-model_v4.pdb
INFO:2025-10-30 14:42:25,633:Computing HSC features for: Q8NDX2, ENST00000323346, ../Ntranos_Rotation/ESM-SaProt/AF-Q8NDX2-F1-model_v4.pdb.gz
INFO:2025-10-30 14:43:05,596:Successfully computed HSC for Q8NDX2.
INFO:2025-10-30 14:43:05,597:Processing Q8NDX5 with model AF-Q8NDX5-F1-model_v4.pdb
INFO:2025-10-30 14:43:05,718:Computing HSC features for: Q8NDX5, ENST00000494943, ../Ntranos_Rotation/ESM-SaProt/AF-Q8NDX5-F1-model_v4.pdb.gz
INFO:2025-10-30 14:44:10,587:Successfully computed HSC for Q8NDX5.
INFO:2025-10-30 14:44:10,587:Processing Q8NDX6 with model AF-Q8NDX6-F1-model_v4.pdb
INFO:2025-10-30 14:44:10,626:Computing HSC features for: Q8NDX6, ENST00000416904, ../Ntranos_Rotation/ESM-SaProt/AF-Q8NDX6-F1-model_v4.pdb.gz
INFO:2025-10-30 14:44:25,428:Successfully computed HSC for Q8NDX6.
INFO:2025-10-30 14:44:25,428:Processing Q8NDX9 with model AF-Q8NDX9-F1-model_v4.pdb
INFO:2025-10-30 14:44:25,481:Computing HSC features for: Q8NDX9, ENST00000375864, ../Ntranos_Rotation/ESM-SaProt/AF-Q8NDX9-F1-model_v4.pdb.gz
INFO:2025-10-30 14:44:40,381:Successfully computed HSC for Q8NDX9.
INFO:2025-10-30 14:44:40,381:Processing Q8NDY3 with model AF-Q8NDY3-F1-model_v4.pdb
INFO:2025-10-30 14:44:40,438:Computing HSC features for: Q8NDY3, ENST00000375418, ../Ntranos_Rotation/ESM-SaProt/AF-Q8NDY3-F1-model_v4.pdb.gz
INFO:2025-10-30 14:45:14,693:Successfully computed HSC for Q8NDY3.
INFO:2025-10-30 14:45:14,693:Processing Q8NDY4 with model AF-Q8NDY4-F1-model_v4.pdb
ERROR:2025-10-30 14:45:14,736:No ENST transcript IDs were mapped to Q8NDY4
INFO:2025-10-30 14:45:14,736:Processing Q8NDY6 with model AF-Q8NDY6-F1-model_v4.pdb
INFO:2025-10-30 14:45:14,797:Computing HSC features for: Q8NDY6, ENST00000370346, ../Ntranos_Rotation/ESM-SaProt/AF-Q8NDY6-F1-model_v4.pdb.gz
INFO:2025-10-30 14:45:59,515:Successfully computed HSC for Q8NDY6.
INFO:2025-10-30 14:45:59,515:Processing Q8NDY8 with model AF-Q8NDY8-F1-model_v4.pdb
INFO:2025-10-30 14:45:59,564:Computing HSC features for: Q8NDY8, ENST00000310991, ../Ntranos_Rotation/ESM-SaProt/AF-Q8NDY8-F1-model_v4.pdb.gz
INFO:2025-10-30 14:46:20,229:Successfully computed HSC for Q8NDY8.
INFO:2025-10-30 14:46:20,229:Processing Q8NDZ0 with model AF-Q8NDZ0-F1-model_v4.pdb
INFO:2025-10-30 14:46:20,324:Computing HSC features for: Q8NDZ0, ENST00000380033, ../Ntranos_Rotation/ESM-SaProt/AF-Q8NDZ0-F1-model_v4.pdb.gz
INFO:2025-10-30 14:47:17,073:Successfully computed HSC for Q8NDZ0.
INFO:2025-10-30 14:47:17,073:Processing Q8NDZ2 with model AF-Q8NDZ2-F1-model_v4.pdb
INFO:2025-10-30 14:47:17,183:Computing HSC features for: Q8NDZ2, ENST00000443967, ../Ntranos_Rotation/ESM-SaProt/AF-Q8NDZ2-F1-model_v4.pdb.gz
INFO:2025-10-30 14:48:16,617:Successfully computed HSC for Q8NDZ2.
INFO:2025-10-30 14:48:16,617:Processing Q8NDZ4 with model AF-Q8NDZ4-F1-model_v4.pdb
INFO:2025-10-30 14:48:16,977:Computing HSC features for: Q8NDZ4, ENST00000315691, ../Ntranos_Rotation/ESM-SaProt/AF-Q8NDZ4-F1-model_v4.pdb.gz
INFO:2025-10-30 14:49:13,635:Successfully computed HSC for Q8NDZ4.
INFO:2025-10-30 14:49:13,635:Processing Q8NDZ6 with model AF-Q8NDZ6-F1-model_v4.pdb
INFO:2025-10-30 14:49:13,699:Computing HSC features for: Q8NDZ6, ENST00000296595, ../Ntranos_Rotation/ESM-SaProt/AF-Q8NDZ6-F1-model_v4.pdb.gz
INFO:2025-10-30 14:49:42,385:Successfully computed HSC for Q8NDZ6.
INFO:2025-10-30 14:49:42,385:Processing Q8NCN2 with model AF-Q8NCN2-F1-model_v4.pdb
ERROR:2025-10-30 14:49:42,447:No ENST transcript IDs were mapped to Q8NCN2
INFO:2025-10-30 14:49:42,447:Processing Q8NCN4 with model AF-Q8NCN4-F1-model_v4.pdb
INFO:2025-10-30 14:49:42,528:Computing HSC features for: Q8NCN4, ENST00000299563, ../Ntranos_Rotation/ESM-SaProt/AF-Q8NCN4-F1-model_v4.pdb.gz
INFO:2025-10-30 14:50:48,052:Successfully computed HSC for Q8NCN4.
INFO:2025-10-30 14:50:48,052:Processing Q8NCN5 with model AF-Q8NCN5-F1-model_v4.pdb
INFO:2025-10-30 14:50:48,164:Computing HSC features for: Q8NCN5, ENST00000288050, ../Ntranos_Rotation/ESM-SaProt/AF-Q8NCN5-F1-model_v4.pdb.gz
INFO:2025-10-30 14:51:55,294:Successfully computed HSC for Q8NCN5.
INFO:2025-10-30 14:51:55,294:Processing Q8NCP5 with model AF-Q8NCP5-F1-model_v4.pdb
ERROR:2025-10-30 14:51:55,375:No valid CDS found for Q8NCP5
INFO:2025-10-30 14:51:55,375:Processing Q8NCQ2 with model AF-Q8NCQ2-F1-model_v4.pdb
ERROR:2025-10-30 14:51:55,435:No ENST transcript IDs were mapped to Q8NCQ2
INFO:2025-10-30 14:51:55,435:Processing Q8NCQ3 with model AF-Q8NCQ3-F1-model_v4.pdb
ERROR:2025-10-30 14:51:55,477:No ENST transcript IDs were mapped to Q8NCQ3
INFO:2025-10-30 14:51:55,477:Processing Q8NCQ5 with model AF-Q8NCQ5-F1-model_v4.pdb
INFO:2025-10-30 14:51:55,568:Computing HSC features for: Q8NCQ5, ENST00000419743, ../Ntranos_Rotation/ESM-SaProt/AF-Q8NCQ5-F1-model_v4.pdb.gz
INFO:2025-10-30 14:52:35,858:Successfully computed HSC for Q8NCQ5.
INFO:2025-10-30 14:52:35,858:Processing Q8NCQ7 with model AF-Q8NCQ7-F1-model_v4.pdb
ERROR:2025-10-30 14:52:35,928:No valid CDS found for Q8NCQ7
INFO:2025-10-30 14:52:35,928:Processing Q8NCR0 with model AF-Q8NCR0-F1-model_v4.pdb
INFO:2025-10-30 14:52:35,993:Computing HSC features for: Q8NCR0, ENST00000366600, ../Ntranos_Rotation/ESM-SaProt/AF-Q8NCR0-F1-model_v4.pdb.gz
INFO:2025-10-30 14:53:16,100:Successfully computed HSC for Q8NCR0.
INFO:2025-10-30 14:53:16,100:Processing Q8NCR3 with model AF-Q8NCR3-F1-model_v4.pdb
INFO:2025-10-30 14:53:16,192:Computing HSC features for: Q8NCR3, ENST00000393084, ../Ntranos_Rotation/ESM-SaProt/AF-Q8NCR3-F1-model_v4.pdb.gz
INFO:2025-10-30 14:53:35,503:Successfully computed HSC for Q8NCR3.
INFO:2025-10-30 14:53:35,503:Processing Q8NCR6 with model AF-Q8NCR6-F1-model_v4.pdb
INFO:2025-10-30 14:53:35,548:Computing HSC features for: Q8NCR6, ENST00000297623, ../Ntranos_Rotation/ESM-SaProt/AF-Q8NCR6-F1-model_v4.pdb.gz
INFO:2025-10-30 14:54:02,277:Successfully computed HSC for Q8NCR6.
INFO:2025-10-30 14:54:02,277:Processing Q8NCR9 with model AF-Q8NCR9-F1-model_v4.pdb
INFO:2025-10-30 14:54:02,334:Computing HSC features for: Q8NCR9, ENST00000368671, ../Ntranos_Rotation/ESM-SaProt/AF-Q8NCR9-F1-model_v4.pdb.gz
INFO:2025-10-30 14:54:21,112:Successfully computed HSC for Q8NCR9.
INFO:2025-10-30 14:54:21,112:Processing Q8NCS4 with model AF-Q8NCS4-F1-model_v4.pdb
INFO:2025-10-30 14:54:21,151:Computing HSC features for: Q8NCS4, ENST00000373337, ../Ntranos_Rotation/ESM-SaProt/AF-Q8NCS4-F1-model_v4.pdb.gz
INFO:2025-10-30 14:54:33,527:Successfully computed HSC for Q8NCS4.
INFO:2025-10-30 14:54:33,528:Processing Q8NCS7 with model AF-Q8NCS7-F1-model_v4.pdb
INFO:2025-10-30 14:54:33,667:Computing HSC features for: Q8NCS7, ENST00000370855, ../Ntranos_Rotation/ESM-SaProt/AF-Q8NCS7-F1-model_v4.pdb.gz
INFO:2025-10-30 14:55:24,413:Successfully computed HSC for Q8NCS7.
INFO:2025-10-30 14:55:24,413:Processing Q8NCT1 with model AF-Q8NCT1-F1-model_v4.pdb
INFO:2025-10-30 14:55:24,506:Computing HSC features for: Q8NCT1, ENST00000268042, ../Ntranos_Rotation/ESM-SaProt/AF-Q8NCT1-F1-model_v4.pdb.gz
INFO:2025-10-30 14:56:10,115:Successfully computed HSC for Q8NCT1.
INFO:2025-10-30 14:56:10,115:Processing Q8NCT3 with model AF-Q8NCT3-F1-model_v4.pdb
INFO:2025-10-30 14:56:10,209:Computing HSC features for: Q8NCT3, ENST00000297063, ../Ntranos_Rotation/ESM-SaProt/AF-Q8NCT3-F1-model_v4.pdb.gz
INFO:2025-10-30 14:56:55,401:Successfully computed HSC for Q8NCT3.
INFO:2025-10-30 14:56:55,401:Processing Q8NCU1 with model AF-Q8NCU1-F1-model_v4.pdb
ERROR:2025-10-30 14:56:55,447:No transcript record found for Q8NCU1 in gnomAD.
INFO:2025-10-30 14:56:55,447:Processing Q8NCU4 with model AF-Q8NCU4-F1-model_v4.pdb
INFO:2025-10-30 14:56:55,551:Computing HSC features for: Q8NCU4, ENST00000295878, ../Ntranos_Rotation/ESM-SaProt/AF-Q8NCU4-F1-model_v4.pdb.gz
INFO:2025-10-30 14:58:06,604:Successfully computed HSC for Q8NCU4.
INFO:2025-10-30 14:58:06,604:Processing Q8NCU7 with model AF-Q8NCU7-F1-model_v4.pdb
INFO:2025-10-30 14:58:06,675:Computing HSC features for: Q8NCU7, ENST00000355522, ../Ntranos_Rotation/ESM-SaProt/AF-Q8NCU7-F1-model_v4.pdb.gz
INFO:2025-10-30 14:59:27,552:Successfully computed HSC for Q8NCU7.
INFO:2025-10-30 14:59:27,552:Processing Q8NCU8 with model AF-Q8NCU8-F1-model_v4.pdb
ERROR:2025-10-30 14:59:27,856:No transcript record found for Q8NCU8 in gnomAD.
INFO:2025-10-30 14:59:27,856:Processing Q8NCV1 with model AF-Q8NCV1-F1-model_v4.pdb
INFO:2025-10-30 14:59:27,963:Computing HSC features for: Q8NCV1, ENST00000315906, ../Ntranos_Rotation/ESM-SaProt/AF-Q8NCV1-F1-model_v4.pdb.gz
INFO:2025-10-30 15:00:55,438:Successfully computed HSC for Q8NCV1.
INFO:2025-10-30 15:00:55,439:Processing Q8NCW0 with model AF-Q8NCW0-F1-model_v4.pdb
INFO:2025-10-30 15:00:55,523:Computing HSC features for: Q8NCW0, ENST00000303746, ../Ntranos_Rotation/ESM-SaProt/AF-Q8NCW0-F1-model_v4.pdb.gz
INFO:2025-10-30 15:01:56,478:Successfully computed HSC for Q8NCW0.
INFO:2025-10-30 15:01:56,478:Processing Q8NCW5 with model AF-Q8NCW5-F1-model_v4.pdb
INFO:2025-10-30 15:01:56,526:Computing HSC features for: Q8NCW5, ENST00000368235, ../Ntranos_Rotation/ESM-SaProt/AF-Q8NCW5-F1-model_v4.pdb.gz
INFO:2025-10-30 15:02:22,617:Successfully computed HSC for Q8NCW5.
INFO:2025-10-30 15:02:22,617:Processing Q8NCW6 with model AF-Q8NCW6-F1-model_v4.pdb
INFO:2025-10-30 15:02:22,692:Computing HSC features for: Q8NCW6, ENST00000430044, ../Ntranos_Rotation/ESM-SaProt/AF-Q8NCW6-F1-model_v4.pdb.gz
INFO:2025-10-30 15:03:09,971:Successfully computed HSC for Q8NCW6.
INFO:2025-10-30 15:03:09,971:Pipeline completed.
INFO:2025-10-30 15:03:09,971:no_enst_for_uniprot: 4
INFO:2025-10-30 15:03:09,971:no_valid_cds: 2
INFO:2025-10-30 15:03:09,971:no_variant_data: 3
INFO:2025-10-30 15:03:09,971:bad_structure: 0
INFO:2025-10-30 15:03:09,971:no_enst_mp: 0
