INFO:2025-10-30 14:26:03,068:Starting HSC computation pipeline...
INFO:2025-10-30 14:27:00,090:Processing Q86VZ6 with model AF-Q86VZ6-F1-model_v4.pdb
INFO:2025-10-30 14:27:00,373:Computing HSC features for: Q86VZ6, ENST00000283928, ../Ntranos_Rotation/ESM-SaProt/AF-Q86VZ6-F1-model_v4.pdb.gz
INFO:2025-10-30 14:27:19,836:Successfully computed HSC for Q86VZ6.
INFO:2025-10-30 14:27:19,837:Processing Q86W10 with model AF-Q86W10-F1-model_v4.pdb
INFO:2025-10-30 14:27:19,951:Computing HSC features for: Q86W10, ENST00000334194, ../Ntranos_Rotation/ESM-SaProt/AF-Q86W10-F1-model_v4.pdb.gz
INFO:2025-10-30 14:27:49,931:Successfully computed HSC for Q86W10.
INFO:2025-10-30 14:27:49,931:Processing Q86W11 with model AF-Q86W11-F1-model_v4.pdb
INFO:2025-10-30 14:27:50,046:Computing HSC features for: Q86W11, ENST00000333206, ../Ntranos_Rotation/ESM-SaProt/AF-Q86W11-F1-model_v4.pdb.gz
INFO:2025-10-30 14:28:28,444:Successfully computed HSC for Q86W11.
INFO:2025-10-30 14:28:28,444:Processing Q86W24 with model AF-Q86W24-F1-model_v4.pdb
INFO:2025-10-30 14:28:28,570:Computing HSC features for: Q86W24, ENST00000299481, ../Ntranos_Rotation/ESM-SaProt/AF-Q86W24-F1-model_v4.pdb.gz
INFO:2025-10-30 14:29:30,002:Successfully computed HSC for Q86W24.
INFO:2025-10-30 14:29:30,002:Processing Q86W25 with model AF-Q86W25-F1-model_v4.pdb
INFO:2025-10-30 14:29:30,345:Computing HSC features for: Q86W25, ENST00000342929, ../Ntranos_Rotation/ESM-SaProt/AF-Q86W25-F1-model_v4.pdb.gz
INFO:2025-10-30 14:30:33,242:Successfully computed HSC for Q86W25.
INFO:2025-10-30 14:30:33,242:Processing Q86W26 with model AF-Q86W26-F1-model_v4.pdb
ERROR:2025-10-30 14:30:33,353:No transcript record found for Q86W26 in gnomAD.
INFO:2025-10-30 14:30:33,353:Processing Q86W28 with model AF-Q86W28-F1-model_v4.pdb
INFO:2025-10-30 14:30:33,483:Computing HSC features for: Q86W28, ENST00000291971, ../Ntranos_Rotation/ESM-SaProt/AF-Q86W28-F1-model_v4.pdb.gz
INFO:2025-10-30 14:31:43,586:Successfully computed HSC for Q86W28.
INFO:2025-10-30 14:31:43,586:Processing Q86UQ5 with model AF-Q86UQ5-F1-model_v4.pdb
ERROR:2025-10-30 14:31:43,656:No ENST transcript IDs were mapped to Q86UQ5
INFO:2025-10-30 14:31:43,656:Processing Q86UQ8 with model AF-Q86UQ8-F1-model_v4.pdb
ERROR:2025-10-30 14:31:43,749:No ENST transcript IDs were mapped to Q86UQ8
INFO:2025-10-30 14:31:43,749:Processing Q86UR1 with model AF-Q86UR1-F1-model_v4.pdb
ERROR:2025-10-30 14:31:43,863:No transcript record found for Q86UR1 in gnomAD.
INFO:2025-10-30 14:31:43,863:Processing Q86UR5 with model AF-Q86UR5-F1-model_v4.pdb
INFO:2025-10-30 14:31:44,127:Computing HSC features for: Q86UR5, ENST00000521978, ../Ntranos_Rotation/ESM-SaProt/AF-Q86UR5-F1-model_v4.pdb.gz
INFO:2025-10-30 14:33:56,584:Successfully computed HSC for Q86UR5.
INFO:2025-10-30 14:33:56,584:Processing Q86US8 with model AF-Q86US8-F1-model_v4.pdb
INFO:2025-10-30 14:33:56,765:Computing HSC features for: Q86US8, ENST00000263073, ../Ntranos_Rotation/ESM-SaProt/AF-Q86US8-F1-model_v4.pdb.gz
INFO:2025-10-30 14:35:40,206:Successfully computed HSC for Q86US8.
INFO:2025-10-30 14:35:40,206:Processing Q86UT5 with model AF-Q86UT5-F1-model_v4.pdb
INFO:2025-10-30 14:35:40,306:Computing HSC features for: Q86UT5, ENST00000531114, ../Ntranos_Rotation/ESM-SaProt/AF-Q86UT5-F1-model_v4.pdb.gz
INFO:2025-10-30 14:36:23,375:Successfully computed HSC for Q86UT5.
INFO:2025-10-30 14:36:23,375:Processing Q86UT6 with model AF-Q86UT6-F1-model_v4.pdb
ERROR:2025-10-30 14:36:23,501:No transcript record found for Q86UT6 in gnomAD.
INFO:2025-10-30 14:36:23,501:Processing Q86UT8 with model AF-Q86UT8-F1-model_v4.pdb
INFO:2025-10-30 14:36:23,548:Computing HSC features for: Q86UT8, ENST00000334418, ../Ntranos_Rotation/ESM-SaProt/AF-Q86UT8-F1-model_v4.pdb.gz
INFO:2025-10-30 14:36:48,420:Successfully computed HSC for Q86UT8.
INFO:2025-10-30 14:36:48,421:Processing Q86UU0 with model AF-Q86UU0-F1-model_v4.pdb
INFO:2025-10-30 14:36:48,560:Computing HSC features for: Q86UU0, ENST00000334801, ../Ntranos_Rotation/ESM-SaProt/AF-Q86UU0-F1-model_v4.pdb.gz
INFO:2025-10-30 14:39:00,775:Successfully computed HSC for Q86UU0.
INFO:2025-10-30 14:39:00,775:Processing Q86UU1 with model AF-Q86UU1-F1-model_v4.pdb
INFO:2025-10-30 14:39:00,936:Computing HSC features for: Q86UU1, ENST00000361417, ../Ntranos_Rotation/ESM-SaProt/AF-Q86UU1-F1-model_v4.pdb.gz
INFO:2025-10-30 14:40:50,866:Successfully computed HSC for Q86UU1.
INFO:2025-10-30 14:40:50,867:Processing Q86UU5 with model AF-Q86UU5-F1-model_v4.pdb
INFO:2025-10-30 14:40:50,950:Computing HSC features for: Q86UU5, ENST00000334928, ../Ntranos_Rotation/ESM-SaProt/AF-Q86UU5-F1-model_v4.pdb.gz
INFO:2025-10-30 14:42:05,665:Successfully computed HSC for Q86UU5.
INFO:2025-10-30 14:42:05,665:Processing Q86UU9 with model AF-Q86UU9-F1-model_v4.pdb
INFO:2025-10-30 14:42:05,730:Computing HSC features for: Q86UU9, ENST00000334568, ../Ntranos_Rotation/ESM-SaProt/AF-Q86UU9-F1-model_v4.pdb.gz
INFO:2025-10-30 14:42:16,275:Successfully computed HSC for Q86UU9.
INFO:2025-10-30 14:42:16,275:Processing Q86UV5 with model AF-Q86UV5-F1-model_v4.pdb
INFO:2025-10-30 14:42:16,452:Computing HSC features for: Q86UV5, ENST00000308271, ../Ntranos_Rotation/ESM-SaProt/AF-Q86UV5-F1-model_v4.pdb.gz
INFO:2025-10-30 14:43:23,099:Successfully computed HSC for Q86UV5.
INFO:2025-10-30 14:43:23,099:Processing Q86UV6 with model AF-Q86UV6-F1-model_v4.pdb
INFO:2025-10-30 14:43:23,159:Computing HSC features for: Q86UV6, ENST00000285805, ../Ntranos_Rotation/ESM-SaProt/AF-Q86UV6-F1-model_v4.pdb.gz
INFO:2025-10-30 14:43:43,859:Successfully computed HSC for Q86UV6.
INFO:2025-10-30 14:43:43,859:Processing Q86UV7 with model AF-Q86UV7-F1-model_v4.pdb
INFO:2025-10-30 14:43:43,921:Computing HSC features for: Q86UV7, ENST00000323819, ../Ntranos_Rotation/ESM-SaProt/AF-Q86UV7-F1-model_v4.pdb.gz
INFO:2025-10-30 14:44:23,037:Successfully computed HSC for Q86UV7.
INFO:2025-10-30 14:44:23,037:Processing Q86UW1 with model AF-Q86UW1-F1-model_v4.pdb
INFO:2025-10-30 14:44:23,104:Computing HSC features for: Q86UW1, ENST00000296327, ../Ntranos_Rotation/ESM-SaProt/AF-Q86UW1-F1-model_v4.pdb.gz
INFO:2025-10-30 14:44:47,442:Successfully computed HSC for Q86UW1.
INFO:2025-10-30 14:44:47,442:Processing Q86UW2 with model AF-Q86UW2-F1-model_v4.pdb
INFO:2025-10-30 14:44:47,479:Computing HSC features for: Q86UW2, ENST00000334287, ../Ntranos_Rotation/ESM-SaProt/AF-Q86UW2-F1-model_v4.pdb.gz
INFO:2025-10-30 14:44:58,651:Successfully computed HSC for Q86UW2.
INFO:2025-10-30 14:44:58,651:Processing Q86UW6 with model AF-Q86UW6-F1-model_v4.pdb
INFO:2025-10-30 14:44:58,913:Computing HSC features for: Q86UW6, ENST00000261435, ../Ntranos_Rotation/ESM-SaProt/AF-Q86UW6-F1-model_v4.pdb.gz
INFO:2025-10-30 14:46:31,596:Successfully computed HSC for Q86UW6.
INFO:2025-10-30 14:46:31,596:Processing Q86UW7 with model AF-Q86UW7-F1-model_v4.pdb
INFO:2025-10-30 14:46:31,831:Computing HSC features for: Q86UW7, ENST00000449022, ../Ntranos_Rotation/ESM-SaProt/AF-Q86UW7-F1-model_v4.pdb.gz
INFO:2025-10-30 14:47:58,859:Successfully computed HSC for Q86UW7.
INFO:2025-10-30 14:47:58,859:Processing Q86UW8 with model AF-Q86UW8-F1-model_v4.pdb
INFO:2025-10-30 14:47:58,943:Computing HSC features for: Q86UW8, ENST00000291481, ../Ntranos_Rotation/ESM-SaProt/AF-Q86UW8-F1-model_v4.pdb.gz
INFO:2025-10-30 14:48:50,225:Successfully computed HSC for Q86UW8.
INFO:2025-10-30 14:48:50,225:Processing Q86UW9 with model AF-Q86UW9-F1-model_v4.pdb
INFO:2025-10-30 14:48:50,305:Computing HSC features for: Q86UW9, ENST00000324432, ../Ntranos_Rotation/ESM-SaProt/AF-Q86UW9-F1-model_v4.pdb.gz
INFO:2025-10-30 14:49:40,837:Successfully computed HSC for Q86UW9.
INFO:2025-10-30 14:49:40,837:Processing Q86UX2 with model AF-Q86UX2-F1-model_v4.pdb
ERROR:2025-10-30 14:49:41,154:No ENST transcript IDs were mapped to Q86UX2
INFO:2025-10-30 14:49:41,154:Processing Q86UX6 with model AF-Q86UX6-F1-model_v4.pdb
INFO:2025-10-30 14:49:41,259:Computing HSC features for: Q86UX6, ENST00000298630, ../Ntranos_Rotation/ESM-SaProt/AF-Q86UX6-F1-model_v4.pdb.gz
INFO:2025-10-30 14:50:44,251:Successfully computed HSC for Q86UX6.
INFO:2025-10-30 14:50:44,252:Processing Q86UX7 with model AF-Q86UX7-F1-model_v4.pdb
ERROR:2025-10-30 14:50:44,329:No transcript record found for Q86UX7 in gnomAD.
INFO:2025-10-30 14:50:44,329:Processing Q86UY5 with model AF-Q86UY5-F1-model_v4.pdb
ERROR:2025-10-30 14:50:44,411:No transcript record found for Q86UY5 in gnomAD.
INFO:2025-10-30 14:50:44,412:Processing Q86UY6 with model AF-Q86UY6-F1-model_v4.pdb
INFO:2025-10-30 14:50:44,551:Computing HSC features for: Q86UY6, ENST00000377793, ../Ntranos_Rotation/ESM-SaProt/AF-Q86UY6-F1-model_v4.pdb.gz
INFO:2025-10-30 14:51:18,881:Successfully computed HSC for Q86UY6.
INFO:2025-10-30 14:51:18,881:Processing Q86UY8 with model AF-Q86UY8-F1-model_v4.pdb
INFO:2025-10-30 14:51:19,001:Computing HSC features for: Q86UY8, ENST00000392876, ../Ntranos_Rotation/ESM-SaProt/AF-Q86UY8-F1-model_v4.pdb.gz
INFO:2025-10-30 14:52:11,904:Successfully computed HSC for Q86UY8.
INFO:2025-10-30 14:52:11,904:Processing Q86UZ6 with model AF-Q86UZ6-F1-model_v4.pdb
INFO:2025-10-30 14:52:11,980:Computing HSC features for: Q86UZ6, ENST00000245663, ../Ntranos_Rotation/ESM-SaProt/AF-Q86UZ6-F1-model_v4.pdb.gz
INFO:2025-10-30 14:53:13,665:Successfully computed HSC for Q86UZ6.
INFO:2025-10-30 14:53:13,665:Processing Q86V15 with model AF-Q86V15-F1-model_v4.pdb
INFO:2025-10-30 14:53:13,929:Computing HSC features for: Q86V15, ENST00000377022, ../Ntranos_Rotation/ESM-SaProt/AF-Q86V15-F1-model_v4.pdb.gz
INFO:2025-10-30 14:56:23,172:Successfully computed HSC for Q86V15.
INFO:2025-10-30 14:56:23,173:Processing Q86V20 with model AF-Q86V20-F1-model_v4.pdb
INFO:2025-10-30 14:56:23,280:Computing HSC features for: Q86V20, ENST00000298784, ../Ntranos_Rotation/ESM-SaProt/AF-Q86V20-F1-model_v4.pdb.gz
INFO:2025-10-30 14:57:05,912:Successfully computed HSC for Q86V20.
INFO:2025-10-30 14:57:05,913:Processing Q86V21 with model AF-Q86V21-F1-model_v4.pdb
INFO:2025-10-30 14:57:06,020:Computing HSC features for: Q86V21, ENST00000316519, ../Ntranos_Rotation/ESM-SaProt/AF-Q86V21-F1-model_v4.pdb.gz
INFO:2025-10-30 14:57:57,570:Successfully computed HSC for Q86V21.
INFO:2025-10-30 14:57:57,570:Processing Q86V24 with model AF-Q86V24-F1-model_v4.pdb
INFO:2025-10-30 14:57:57,671:Computing HSC features for: Q86V24, ENST00000357103, ../Ntranos_Rotation/ESM-SaProt/AF-Q86V24-F1-model_v4.pdb.gz
INFO:2025-10-30 14:58:20,069:Successfully computed HSC for Q86V24.
INFO:2025-10-30 14:58:20,069:Processing Q86V25 with model AF-Q86V25-F1-model_v4.pdb
INFO:2025-10-30 14:58:20,136:Computing HSC features for: Q86V25, ENST00000517399, ../Ntranos_Rotation/ESM-SaProt/AF-Q86V25-F1-model_v4.pdb.gz
INFO:2025-10-30 14:58:49,735:Successfully computed HSC for Q86V25.
INFO:2025-10-30 14:58:49,735:Processing Q86V35 with model AF-Q86V35-F1-model_v4.pdb
INFO:2025-10-30 14:58:49,795:Computing HSC features for: Q86V35, ENST00000216144, ../Ntranos_Rotation/ESM-SaProt/AF-Q86V35-F1-model_v4.pdb.gz
INFO:2025-10-30 14:59:11,063:Successfully computed HSC for Q86V35.
INFO:2025-10-30 14:59:11,063:Processing Q86V40 with model AF-Q86V40-F1-model_v4.pdb
INFO:2025-10-30 14:59:11,134:Computing HSC features for: Q86V40, ENST00000409520, ../Ntranos_Rotation/ESM-SaProt/AF-Q86V40-F1-model_v4.pdb.gz
INFO:2025-10-30 14:59:49,465:Successfully computed HSC for Q86V40.
INFO:2025-10-30 14:59:49,465:Processing Q86V42 with model AF-Q86V42-F1-model_v4.pdb
INFO:2025-10-30 14:59:49,563:Computing HSC features for: Q86V42, ENST00000322475, ../Ntranos_Rotation/ESM-SaProt/AF-Q86V42-F1-model_v4.pdb.gz
INFO:2025-10-30 15:00:58,826:Successfully computed HSC for Q86V42.
INFO:2025-10-30 15:00:58,826:Processing Q86V48 with model AF-Q86V48-F1-model_v4.pdb
INFO:2025-10-30 15:00:59,174:Computing HSC features for: Q86V48, ENST00000302291, ../Ntranos_Rotation/ESM-SaProt/AF-Q86V48-F1-model_v4.pdb.gz
INFO:2025-10-30 15:02:41,452:Successfully computed HSC for Q86V48.
INFO:2025-10-30 15:02:41,452:Processing Q86V59 with model AF-Q86V59-F1-model_v4.pdb
INFO:2025-10-30 15:02:41,569:Computing HSC features for: Q86V59, ENST00000313683, ../Ntranos_Rotation/ESM-SaProt/AF-Q86V59-F1-model_v4.pdb.gz
INFO:2025-10-30 15:03:13,531:Successfully computed HSC for Q86V59.
INFO:2025-10-30 15:03:13,531:Processing Q86V71 with model AF-Q86V71-F1-model_v4.pdb
INFO:2025-10-30 15:03:13,613:Computing HSC features for: Q86V71, ENST00000358491, ../Ntranos_Rotation/ESM-SaProt/AF-Q86V71-F1-model_v4.pdb.gz
INFO:2025-10-30 15:03:54,743:Successfully computed HSC for Q86V71.
INFO:2025-10-30 15:03:54,743:Processing Q86V81 with model AF-Q86V81-F1-model_v4.pdb
ERROR:2025-10-30 15:03:54,797:No ENST transcript IDs were mapped to Q86V81
INFO:2025-10-30 15:03:54,797:Processing Q86V85 with model AF-Q86V85-F1-model_v4.pdb
INFO:2025-10-30 15:03:54,879:Computing HSC features for: Q86V85, ENST00000376958, ../Ntranos_Rotation/ESM-SaProt/AF-Q86V85-F1-model_v4.pdb.gz
INFO:2025-10-30 15:04:23,553:Successfully computed HSC for Q86V85.
INFO:2025-10-30 15:04:23,553:Processing Q86V86 with model AF-Q86V86-F1-model_v4.pdb
INFO:2025-10-30 15:04:23,604:Computing HSC features for: Q86V86, ENST00000360612, ../Ntranos_Rotation/ESM-SaProt/AF-Q86V86-F1-model_v4.pdb.gz
INFO:2025-10-30 15:05:06,048:Successfully computed HSC for Q86V86.
INFO:2025-10-30 15:05:06,048:Processing Q86V87 with model AF-Q86V87-F1-model_v4.pdb
INFO:2025-10-30 15:05:06,134:Computing HSC features for: Q86V87, ENST00000289921, ../Ntranos_Rotation/ESM-SaProt/AF-Q86V87-F1-model_v4.pdb.gz
INFO:2025-10-30 15:06:08,223:Successfully computed HSC for Q86V87.
INFO:2025-10-30 15:06:08,223:Pipeline completed.
INFO:2025-10-30 15:06:08,223:no_enst_for_uniprot: 4
INFO:2025-10-30 15:06:08,223:no_valid_cds: 0
INFO:2025-10-30 15:06:08,223:no_variant_data: 5
INFO:2025-10-30 15:06:08,223:bad_structure: 0
INFO:2025-10-30 15:06:08,223:no_enst_mp: 0
