INFO:2025-10-30 14:27:02,854:Starting HSC computation pipeline...
INFO:2025-10-30 14:27:53,440:Processing A6NHS7 with model AF-A6NHS7-F1-model_v4.pdb
INFO:2025-10-30 14:27:53,516:Computing HSC features for: A6NHS7, ENST00000381273, ../Ntranos_Rotation/ESM-SaProt/AF-A6NHS7-F1-model_v4.pdb.gz
INFO:2025-10-30 14:28:19,454:Successfully computed HSC for A6NHS7.
INFO:2025-10-30 14:28:19,454:Processing A6NHT5 with model AF-A6NHT5-F1-model_v4.pdb
INFO:2025-10-30 14:28:19,558:Computing HSC features for: A6NHT5, ENST00000357878, ../Ntranos_Rotation/ESM-SaProt/AF-A6NHT5-F1-model_v4.pdb.gz
INFO:2025-10-30 14:29:06,377:Successfully computed HSC for A6NHT5.
INFO:2025-10-30 14:29:06,377:Processing A6NHX0 with model AF-A6NHX0-F1-model_v4.pdb
ERROR:2025-10-30 14:29:06,469:No transcript record found for A6NHX0 in gnomAD.
INFO:2025-10-30 14:29:06,469:Processing A6NHY2 with model AF-A6NHY2-F1-model_v4.pdb
INFO:2025-10-30 14:29:06,536:Computing HSC features for: A6NHY2, ENST00000601380, ../Ntranos_Rotation/ESM-SaProt/AF-A6NHY2-F1-model_v4.pdb.gz
INFO:2025-10-30 14:29:42,395:Successfully computed HSC for A6NHY2.
INFO:2025-10-30 14:29:42,395:Processing A6NHZ5 with model AF-A6NHZ5-F1-model_v4.pdb
INFO:2025-10-30 14:29:42,487:Computing HSC features for: A6NHZ5, ENST00000328278, ../Ntranos_Rotation/ESM-SaProt/AF-A6NHZ5-F1-model_v4.pdb.gz
INFO:2025-10-30 14:30:32,990:Successfully computed HSC for A6NHZ5.
INFO:2025-10-30 14:30:32,990:Processing A6NI03 with model AF-A6NI03-F1-model_v4.pdb
INFO:2025-10-30 14:30:33,096:Computing HSC features for: A6NI03, ENST00000329862, ../Ntranos_Rotation/ESM-SaProt/AF-A6NI03-F1-model_v4.pdb.gz
INFO:2025-10-30 14:30:58,903:Successfully computed HSC for A6NI03.
INFO:2025-10-30 14:30:58,903:Processing A6NI15 with model AF-A6NI15-F1-model_v4.pdb
INFO:2025-10-30 14:30:58,976:Computing HSC features for: A6NI15, ENST00000281047, ../Ntranos_Rotation/ESM-SaProt/AF-A6NI15-F1-model_v4.pdb.gz
INFO:2025-10-30 14:31:14,320:Successfully computed HSC for A6NI15.
INFO:2025-10-30 14:31:14,320:Processing A6NI28 with model AF-A6NI28-F1-model_v4.pdb
INFO:2025-10-30 14:31:14,430:Computing HSC features for: A6NI28, ENST00000298815, ../Ntranos_Rotation/ESM-SaProt/AF-A6NI28-F1-model_v4.pdb.gz
INFO:2025-10-30 14:32:06,733:Successfully computed HSC for A6NI28.
INFO:2025-10-30 14:32:06,733:Processing A6NI47 with model AF-A6NI47-F1-model_v4.pdb
ERROR:2025-10-30 14:32:07,161:No transcript record found for A6NI47 in gnomAD.
INFO:2025-10-30 14:32:07,161:Processing A6NI56 with model AF-A6NI56-F1-model_v4.pdb
ERROR:2025-10-30 14:32:07,303:No valid CDS found for A6NI56
INFO:2025-10-30 14:32:07,303:Processing A6NI61 with model AF-A6NI61-F1-model_v4.pdb
INFO:2025-10-30 14:32:07,402:Computing HSC features for: A6NI61, ENST00000339996, ../Ntranos_Rotation/ESM-SaProt/AF-A6NI61-F1-model_v4.pdb.gz
INFO:2025-10-30 14:32:27,361:Successfully computed HSC for A6NI61.
INFO:2025-10-30 14:32:27,361:Processing A6NI72 with model AF-A6NI72-F1-model_v4.pdb
ERROR:2025-10-30 14:32:27,431:No ENST transcript IDs were mapped to A6NI72
INFO:2025-10-30 14:32:27,431:Processing A6NI73 with model AF-A6NI73-F1-model_v4.pdb
INFO:2025-10-30 14:32:27,499:Computing HSC features for: A6NI73, ENST00000432233, ../Ntranos_Rotation/ESM-SaProt/AF-A6NI73-F1-model_v4.pdb.gz
INFO:2025-10-30 14:32:51,231:Successfully computed HSC for A6NI73.
INFO:2025-10-30 14:32:51,231:Processing A6NI79 with model AF-A6NI79-F1-model_v4.pdb
INFO:2025-10-30 14:32:51,283:Computing HSC features for: A6NI79, ENST00000355417, ../Ntranos_Rotation/ESM-SaProt/AF-A6NI79-F1-model_v4.pdb.gz
INFO:2025-10-30 14:33:12,309:Successfully computed HSC for A6NI79.
INFO:2025-10-30 14:33:12,309:Processing A6NI86 with model AF-A6NI86-F1-model_v4.pdb
ERROR:2025-10-30 14:33:12,410:No transcript record found for A6NI86 in gnomAD.
INFO:2025-10-30 14:33:12,410:Processing A6NI87 with model AF-A6NI87-F1-model_v4.pdb
INFO:2025-10-30 14:33:12,487:Computing HSC features for: A6NI87, ENST00000376974, ../Ntranos_Rotation/ESM-SaProt/AF-A6NI87-F1-model_v4.pdb.gz
INFO:2025-10-30 14:33:44,653:Successfully computed HSC for A6NI87.
INFO:2025-10-30 14:33:44,653:Processing A6NIE6 with model AF-A6NIE6-F1-model_v4.pdb
ERROR:2025-10-30 14:33:44,793:No ENST transcript IDs were mapped to A6NIE6
INFO:2025-10-30 14:33:44,793:Processing A6NIE9 with model AF-A6NIE9-F1-model_v4.pdb
ERROR:2025-10-30 14:33:44,876:No ENST transcript IDs were mapped to A6NIE9
INFO:2025-10-30 14:33:44,876:Processing A6NIH7 with model AF-A6NIH7-F1-model_v4.pdb
INFO:2025-10-30 14:33:44,990:Computing HSC features for: A6NIH7, ENST00000344651, ../Ntranos_Rotation/ESM-SaProt/AF-A6NIH7-F1-model_v4.pdb.gz
INFO:2025-10-30 14:34:12,520:Successfully computed HSC for A6NIH7.
INFO:2025-10-30 14:34:12,520:Processing A6NIJ5 with model AF-A6NIJ5-F1-model_v4.pdb
ERROR:2025-10-30 14:34:12,609:No transcript record found for A6NIJ5 in gnomAD.
INFO:2025-10-30 14:34:12,609:Processing A6NIJ9 with model AF-A6NIJ9-F1-model_v4.pdb
INFO:2025-10-30 14:34:12,692:Computing HSC features for: A6NIJ9, ENST00000327335, ../Ntranos_Rotation/ESM-SaProt/AF-A6NIJ9-F1-model_v4.pdb.gz
INFO:2025-10-30 14:34:30,428:Successfully computed HSC for A6NIJ9.
INFO:2025-10-30 14:34:30,429:Processing A6NIK2 with model AF-A6NIK2-F1-model_v4.pdb
INFO:2025-10-30 14:34:30,496:Computing HSC features for: A6NIK2, ENST00000378075, ../Ntranos_Rotation/ESM-SaProt/AF-A6NIK2-F1-model_v4.pdb.gz
INFO:2025-10-30 14:35:20,835:Successfully computed HSC for A6NIK2.
INFO:2025-10-30 14:35:20,835:Processing A6NIL9 with model AF-A6NIL9-F1-model_v4.pdb
ERROR:2025-10-30 14:35:20,874:No ENST transcript IDs were mapped to A6NIL9
INFO:2025-10-30 14:35:20,874:Processing A6NIM6 with model AF-A6NIM6-F1-model_v4.pdb
INFO:2025-10-30 14:35:21,006:Computing HSC features for: A6NIM6, ENST00000344941, ../Ntranos_Rotation/ESM-SaProt/AF-A6NIM6-F1-model_v4.pdb.gz
INFO:2025-10-30 14:35:54,509:Successfully computed HSC for A6NIM6.
INFO:2025-10-30 14:35:54,510:Processing A6NIN4 with model AF-A6NIN4-F1-model_v4.pdb
ERROR:2025-10-30 14:35:54,561:No transcript record found for A6NIN4 in gnomAD.
INFO:2025-10-30 14:35:54,561:Processing A6NIR3 with model AF-A6NIR3-F1-model_v4.pdb
INFO:2025-10-30 14:35:54,681:Computing HSC features for: A6NIR3, ENST00000374094, ../Ntranos_Rotation/ESM-SaProt/AF-A6NIR3-F1-model_v4.pdb.gz
INFO:2025-10-30 14:36:48,318:Successfully computed HSC for A6NIR3.
INFO:2025-10-30 14:36:48,318:Processing A6NIU2 with model AF-A6NIU2-F1-model_v4.pdb
ERROR:2025-10-30 14:36:48,369:No ENST transcript IDs were mapped to A6NIU2
INFO:2025-10-30 14:36:48,369:Processing A6NIV6 with model AF-A6NIV6-F1-model_v4.pdb
INFO:2025-10-30 14:36:48,474:Computing HSC features for: A6NIV6, ENST00000340806, ../Ntranos_Rotation/ESM-SaProt/AF-A6NIV6-F1-model_v4.pdb.gz
INFO:2025-10-30 14:37:29,483:Successfully computed HSC for A6NIV6.
INFO:2025-10-30 14:37:29,483:Processing A6NIX2 with model AF-A6NIX2-F1-model_v4.pdb
INFO:2025-10-30 14:37:29,561:Computing HSC features for: A6NIX2, ENST00000590071, ../Ntranos_Rotation/ESM-SaProt/AF-A6NIX2-F1-model_v4.pdb.gz
INFO:2025-10-30 14:38:29,024:Successfully computed HSC for A6NIX2.
INFO:2025-10-30 14:38:29,025:Processing A6NIY4 with model AF-A6NIY4-F1-model_v4.pdb
ERROR:2025-10-30 14:38:29,092:No transcript record found for A6NIY4 in gnomAD.
INFO:2025-10-30 14:38:29,092:Processing A6NIZ1 with model AF-A6NIZ1-F1-model_v4.pdb
ERROR:2025-10-30 14:38:29,133:No ENST transcript IDs were mapped to A6NIZ1
INFO:2025-10-30 14:38:29,133:Processing A6NJ08 with model AF-A6NJ08-F1-model_v4.pdb
INFO:2025-10-30 14:38:29,167:Computing HSC features for: A6NJ08, ENST00000329753, ../Ntranos_Rotation/ESM-SaProt/AF-A6NJ08-F1-model_v4.pdb.gz
ERROR:2025-10-30 14:38:29,206:Missing ENST record in counts: ENST00000329753
INFO:2025-10-30 14:38:29,207:Processing A6NJ46 with model AF-A6NJ46-F1-model_v4.pdb
INFO:2025-10-30 14:38:29,263:Computing HSC features for: A6NJ46, ENST00000518699, ../Ntranos_Rotation/ESM-SaProt/AF-A6NJ46-F1-model_v4.pdb.gz
INFO:2025-10-30 14:39:00,214:Successfully computed HSC for A6NJ46.
INFO:2025-10-30 14:39:00,214:Processing A6NJ64 with model AF-A6NJ64-F1-model_v4.pdb
INFO:2025-10-30 14:39:00,302:Computing HSC features for: A6NJ64, ENST00000399147, ../Ntranos_Rotation/ESM-SaProt/AF-A6NJ64-F1-model_v4.pdb.gz
ERROR:2025-10-30 14:39:00,428:Missing ENST record in counts: ENST00000399147
INFO:2025-10-30 14:39:00,429:Processing A6NJ69 with model AF-A6NJ69-F1-model_v4.pdb
INFO:2025-10-30 14:39:00,459:Computing HSC features for: A6NJ69, ENST00000333305, ../Ntranos_Rotation/ESM-SaProt/AF-A6NJ69-F1-model_v4.pdb.gz
INFO:2025-10-30 14:39:05,925:Successfully computed HSC for A6NJ69.
INFO:2025-10-30 14:39:05,926:Processing A6NJ78 with model AF-A6NJ78-F1-model_v4.pdb
INFO:2025-10-30 14:39:06,110:Computing HSC features for: A6NJ78, ENST00000407364, ../Ntranos_Rotation/ESM-SaProt/AF-A6NJ78-F1-model_v4.pdb.gz
INFO:2025-10-30 14:39:31,990:Successfully computed HSC for A6NJ78.
INFO:2025-10-30 14:39:31,991:Processing A6NJ88 with model AF-A6NJ88-F1-model_v4.pdb
ERROR:2025-10-30 14:39:32,145:No ENST transcript IDs were mapped to A6NJ88
INFO:2025-10-30 14:39:32,145:Processing A6NJB7 with model AF-A6NJB7-F1-model_v4.pdb
INFO:2025-10-30 14:39:32,227:Computing HSC features for: A6NJB7, ENST00000341747, ../Ntranos_Rotation/ESM-SaProt/AF-A6NJB7-F1-model_v4.pdb.gz
INFO:2025-10-30 14:39:59,941:Successfully computed HSC for A6NJB7.
INFO:2025-10-30 14:39:59,942:Processing A6NJG2 with model AF-A6NJG2-F1-model_v4.pdb
INFO:2025-10-30 14:40:00,009:Computing HSC features for: A6NJG2, ENST00000343905, ../Ntranos_Rotation/ESM-SaProt/AF-A6NJG2-F1-model_v4.pdb.gz
INFO:2025-10-30 14:40:41,661:Successfully computed HSC for A6NJG2.
INFO:2025-10-30 14:40:41,662:Processing A6NJG6 with model AF-A6NJG6-F1-model_v4.pdb
INFO:2025-10-30 14:40:41,740:Computing HSC features for: A6NJG6, ENST00000334384, ../Ntranos_Rotation/ESM-SaProt/AF-A6NJG6-F1-model_v4.pdb.gz
INFO:2025-10-30 14:41:02,641:Successfully computed HSC for A6NJG6.
INFO:2025-10-30 14:41:02,642:Processing A6NJI1 with model AF-A6NJI1-F1-model_v4.pdb
INFO:2025-10-30 14:41:02,695:Computing HSC features for: A6NJI1, ENST00000308963, ../Ntranos_Rotation/ESM-SaProt/AF-A6NJI1-F1-model_v4.pdb.gz
INFO:2025-10-30 14:41:17,933:Successfully computed HSC for A6NJI1.
INFO:2025-10-30 14:41:17,933:Processing A6NJI9 with model AF-A6NJI9-F1-model_v4.pdb
INFO:2025-10-30 14:41:18,013:Computing HSC features for: A6NJI9, ENST00000401542, ../Ntranos_Rotation/ESM-SaProt/AF-A6NJI9-F1-model_v4.pdb.gz
INFO:2025-10-30 14:41:36,000:Successfully computed HSC for A6NJI9.
INFO:2025-10-30 14:41:36,000:Processing A6NJJ6 with model AF-A6NJJ6-F1-model_v4.pdb
INFO:2025-10-30 14:41:36,080:Computing HSC features for: A6NJJ6, ENST00000548523, ../Ntranos_Rotation/ESM-SaProt/AF-A6NJJ6-F1-model_v4.pdb.gz
INFO:2025-10-30 14:42:07,383:Successfully computed HSC for A6NJJ6.
INFO:2025-10-30 14:42:07,383:Processing A6NJL1 with model AF-A6NJL1-F1-model_v4.pdb
INFO:2025-10-30 14:42:07,503:Computing HSC features for: A6NJL1, ENST00000586855, ../Ntranos_Rotation/ESM-SaProt/AF-A6NJL1-F1-model_v4.pdb.gz
INFO:2025-10-30 14:42:44,055:Successfully computed HSC for A6NJL1.
INFO:2025-10-30 14:42:44,055:Processing A6NJQ4 with model AF-A6NJQ4-F1-model_v4.pdb
ERROR:2025-10-30 14:42:44,167:No transcript record found for A6NJQ4 in gnomAD.
INFO:2025-10-30 14:42:44,167:Processing A6NJR5 with model AF-A6NJR5-F1-model_v4.pdb
ERROR:2025-10-30 14:42:44,232:No ENST transcript IDs were mapped to A6NJR5
INFO:2025-10-30 14:42:44,232:Processing A6NJT0 with model AF-A6NJT0-F1-model_v4.pdb
INFO:2025-10-30 14:42:44,336:Computing HSC features for: A6NJT0, ENST00000316333, ../Ntranos_Rotation/ESM-SaProt/AF-A6NJT0-F1-model_v4.pdb.gz
INFO:2025-10-30 14:44:08,920:Successfully computed HSC for A6NJT0.
INFO:2025-10-30 14:44:08,921:Processing A6NJU9 with model AF-A6NJU9-F1-model_v4.pdb
ERROR:2025-10-30 14:44:09,159:No transcript record found for A6NJU9 in gnomAD.
INFO:2025-10-30 14:44:09,160:Processing A6NJV1 with model AF-A6NJV1-F1-model_v4.pdb
INFO:2025-10-30 14:44:09,228:Computing HSC features for: A6NJV1, ENST00000329615, ../Ntranos_Rotation/ESM-SaProt/AF-A6NJV1-F1-model_v4.pdb.gz
INFO:2025-10-30 14:44:28,185:Successfully computed HSC for A6NJV1.
INFO:2025-10-30 14:44:28,185:Processing A6NJW4 with model AF-A6NJW4-F1-model_v4.pdb
INFO:2025-10-30 14:44:28,242:Computing HSC features for: A6NJW4, ENST00000377924, ../Ntranos_Rotation/ESM-SaProt/AF-A6NJW4-F1-model_v4.pdb.gz
INFO:2025-10-30 14:44:50,606:Successfully computed HSC for A6NJW4.
INFO:2025-10-30 14:44:50,607:Pipeline completed.
INFO:2025-10-30 14:44:50,607:no_enst_for_uniprot: 8
INFO:2025-10-30 14:44:50,607:no_valid_cds: 1
INFO:2025-10-30 14:44:50,607:no_variant_data: 8
INFO:2025-10-30 14:44:50,607:bad_structure: 0
INFO:2025-10-30 14:44:50,607:no_enst_mp: 2
