INFO:2025-10-30 14:27:03,880:Starting HSC computation pipeline...
INFO:2025-10-30 14:28:16,266:Processing Q96LW2 with model AF-Q96LW2-F1-model_v4.pdb
ERROR:2025-10-30 14:28:16,379:No valid CDS found for Q96LW2
INFO:2025-10-30 14:28:16,379:Processing Q96LW4 with model AF-Q96LW4-F1-model_v4.pdb
INFO:2025-10-30 14:28:16,522:Computing HSC features for: Q96LW4, ENST00000314970, ../Ntranos_Rotation/ESM-SaProt/AF-Q96LW4-F1-model_v4.pdb.gz
INFO:2025-10-30 14:29:12,468:Successfully computed HSC for Q96LW4.
INFO:2025-10-30 14:29:12,468:Processing Q96LW7 with model AF-Q96LW7-F1-model_v4.pdb
ERROR:2025-10-30 14:29:12,529:No transcript record found for Q96LW7 in gnomAD.
INFO:2025-10-30 14:29:12,529:Processing Q96LW9 with model AF-Q96LW9-F1-model_v4.pdb
INFO:2025-10-30 14:29:12,648:Computing HSC features for: Q96LW9, ENST00000344279, ../Ntranos_Rotation/ESM-SaProt/AF-Q96LW9-F1-model_v4.pdb.gz
INFO:2025-10-30 14:29:44,490:Successfully computed HSC for Q96LW9.
INFO:2025-10-30 14:29:44,490:Processing Q96LX7 with model AF-Q96LX7-F1-model_v4.pdb
INFO:2025-10-30 14:29:44,608:Computing HSC features for: Q96LX7, ENST00000528266, ../Ntranos_Rotation/ESM-SaProt/AF-Q96LX7-F1-model_v4.pdb.gz
INFO:2025-10-30 14:30:47,889:Successfully computed HSC for Q96LX7.
INFO:2025-10-30 14:30:47,889:Processing Q96LX8 with model AF-Q96LX8-F1-model_v4.pdb
INFO:2025-10-30 14:30:47,985:Computing HSC features for: Q96LX8, ENST00000301744, ../Ntranos_Rotation/ESM-SaProt/AF-Q96LX8-F1-model_v4.pdb.gz
INFO:2025-10-30 14:31:19,027:Successfully computed HSC for Q96LX8.
INFO:2025-10-30 14:31:19,027:Processing Q96LY2 with model AF-Q96LY2-F1-model_v4.pdb
INFO:2025-10-30 14:31:19,129:Computing HSC features for: Q96LY2, ENST00000310463, ../Ntranos_Rotation/ESM-SaProt/AF-Q96LY2-F1-model_v4.pdb.gz
INFO:2025-10-30 14:31:57,500:Successfully computed HSC for Q96LY2.
INFO:2025-10-30 14:31:57,500:Processing Q96LZ2 with model AF-Q96LZ2-F1-model_v4.pdb
INFO:2025-10-30 14:31:57,560:Computing HSC features for: Q96LZ2, ENST00000356790, ../Ntranos_Rotation/ESM-SaProt/AF-Q96LZ2-F1-model_v4.pdb.gz
INFO:2025-10-30 14:32:23,061:Successfully computed HSC for Q96LZ2.
INFO:2025-10-30 14:32:23,062:Processing Q96LZ3 with model AF-Q96LZ3-F1-model_v4.pdb
INFO:2025-10-30 14:32:23,123:Computing HSC features for: Q96LZ3, ENST00000374806, ../Ntranos_Rotation/ESM-SaProt/AF-Q96LZ3-F1-model_v4.pdb.gz
INFO:2025-10-30 14:32:40,098:Successfully computed HSC for Q96LZ3.
INFO:2025-10-30 14:32:40,098:Processing Q96LZ7 with model AF-Q96LZ7-F1-model_v4.pdb
INFO:2025-10-30 14:32:40,173:Computing HSC features for: Q96LZ7, ENST00000354545, ../Ntranos_Rotation/ESM-SaProt/AF-Q96LZ7-F1-model_v4.pdb.gz
INFO:2025-10-30 14:33:06,270:Successfully computed HSC for Q96LZ7.
INFO:2025-10-30 14:33:06,270:Processing Q96M02 with model AF-Q96M02-F1-model_v4.pdb
INFO:2025-10-30 14:33:06,413:Computing HSC features for: Q96M02, ENST00000284694, ../Ntranos_Rotation/ESM-SaProt/AF-Q96M02-F1-model_v4.pdb.gz
INFO:2025-10-30 14:34:13,738:Successfully computed HSC for Q96M02.
INFO:2025-10-30 14:34:13,738:Processing Q96M11 with model AF-Q96M11-F1-model_v4.pdb
INFO:2025-10-30 14:34:13,792:Computing HSC features for: Q96M11, ENST00000356438, ../Ntranos_Rotation/ESM-SaProt/AF-Q96M11-F1-model_v4.pdb.gz
INFO:2025-10-30 14:34:36,338:Successfully computed HSC for Q96M11.
INFO:2025-10-30 14:34:36,338:Processing Q96M15 with model AF-Q96M15-F1-model_v4.pdb
ERROR:2025-10-30 14:34:36,378:No ENST transcript IDs were mapped to Q96M15
INFO:2025-10-30 14:34:36,378:Processing Q96M19 with model AF-Q96M19-F1-model_v4.pdb
ERROR:2025-10-30 14:34:36,434:No ENST transcript IDs were mapped to Q96M19
INFO:2025-10-30 14:34:36,434:Processing Q96M20 with model AF-Q96M20-F1-model_v4.pdb
INFO:2025-10-30 14:34:36,549:Computing HSC features for: Q96M20, ENST00000373973, ../Ntranos_Rotation/ESM-SaProt/AF-Q96M20-F1-model_v4.pdb.gz
INFO:2025-10-30 14:35:41,366:Successfully computed HSC for Q96M20.
INFO:2025-10-30 14:35:41,366:Processing Q96M27 with model AF-Q96M27-F1-model_v4.pdb
INFO:2025-10-30 14:35:41,453:Computing HSC features for: Q96M27, ENST00000296666, ../Ntranos_Rotation/ESM-SaProt/AF-Q96M27-F1-model_v4.pdb.gz
INFO:2025-10-30 14:36:14,526:Successfully computed HSC for Q96M27.
INFO:2025-10-30 14:36:14,526:Processing Q96M29 with model AF-Q96M29-F1-model_v4.pdb
INFO:2025-10-30 14:36:14,705:Computing HSC features for: Q96M29, ENST00000283025, ../Ntranos_Rotation/ESM-SaProt/AF-Q96M29-F1-model_v4.pdb.gz
INFO:2025-10-30 14:37:08,120:Successfully computed HSC for Q96M29.
INFO:2025-10-30 14:37:08,121:Processing Q96M32 with model AF-Q96M32-F1-model_v4.pdb
INFO:2025-10-30 14:37:08,271:Computing HSC features for: Q96M32, ENST00000267584, ../Ntranos_Rotation/ESM-SaProt/AF-Q96M32-F1-model_v4.pdb.gz
INFO:2025-10-30 14:38:17,088:Successfully computed HSC for Q96M32.
INFO:2025-10-30 14:38:17,089:Processing Q96M34 with model AF-Q96M34-F1-model_v4.pdb
INFO:2025-10-30 14:38:17,192:Computing HSC features for: Q96M34, ENST00000295622, ../Ntranos_Rotation/ESM-SaProt/AF-Q96M34-F1-model_v4.pdb.gz
INFO:2025-10-30 14:38:56,402:Successfully computed HSC for Q96M34.
INFO:2025-10-30 14:38:56,403:Processing Q96M42 with model AF-Q96M42-F1-model_v4.pdb
ERROR:2025-10-30 14:38:56,463:No ENST transcript IDs were mapped to Q96M42
INFO:2025-10-30 14:38:56,463:Processing Q96M43 with model AF-Q96M43-F1-model_v4.pdb
INFO:2025-10-30 14:38:56,615:Computing HSC features for: Q96M43, ENST00000415641, ../Ntranos_Rotation/ESM-SaProt/AF-Q96M43-F1-model_v4.pdb.gz
INFO:2025-10-30 14:39:45,498:Successfully computed HSC for Q96M43.
INFO:2025-10-30 14:39:45,498:Processing Q96M53 with model AF-Q96M53-F1-model_v4.pdb
ERROR:2025-10-30 14:39:45,586:No transcript record found for Q96M53 in gnomAD.
INFO:2025-10-30 14:39:45,586:Processing Q96KW9 with model AF-Q96KW9-F1-model_v4.pdb
INFO:2025-10-30 14:39:45,626:Computing HSC features for: Q96KW9, ENST00000283550, ../Ntranos_Rotation/ESM-SaProt/AF-Q96KW9-F1-model_v4.pdb.gz
INFO:2025-10-30 14:39:59,777:Successfully computed HSC for Q96KW9.
INFO:2025-10-30 14:39:59,777:Processing Q96KX0 with model AF-Q96KX0-F1-model_v4.pdb
INFO:2025-10-30 14:39:59,823:Computing HSC features for: Q96KX0, ENST00000287748, ../Ntranos_Rotation/ESM-SaProt/AF-Q96KX0-F1-model_v4.pdb.gz
INFO:2025-10-30 14:40:16,505:Successfully computed HSC for Q96KX0.
INFO:2025-10-30 14:40:16,505:Processing Q96KX1 with model AF-Q96KX1-F1-model_v4.pdb
INFO:2025-10-30 14:40:16,544:Computing HSC features for: Q96KX1, ENST00000295898, ../Ntranos_Rotation/ESM-SaProt/AF-Q96KX1-F1-model_v4.pdb.gz
INFO:2025-10-30 14:40:24,720:Successfully computed HSC for Q96KX1.
INFO:2025-10-30 14:40:24,720:Processing Q96KX2 with model AF-Q96KX2-F1-model_v4.pdb
INFO:2025-10-30 14:40:24,794:Computing HSC features for: Q96KX2, ENST00000317658, ../Ntranos_Rotation/ESM-SaProt/AF-Q96KX2-F1-model_v4.pdb.gz
INFO:2025-10-30 14:40:57,531:Successfully computed HSC for Q96KX2.
INFO:2025-10-30 14:40:57,531:Processing Q96L03 with model AF-Q96L03-F1-model_v4.pdb
INFO:2025-10-30 14:40:57,638:Computing HSC features for: Q96L03, ENST00000366933, ../Ntranos_Rotation/ESM-SaProt/AF-Q96L03-F1-model_v4.pdb.gz
INFO:2025-10-30 14:41:26,875:Successfully computed HSC for Q96L03.
INFO:2025-10-30 14:41:26,875:Processing Q96L08 with model AF-Q96L08-F1-model_v4.pdb
INFO:2025-10-30 14:41:26,924:Computing HSC features for: Q96L08, ENST00000375472, ../Ntranos_Rotation/ESM-SaProt/AF-Q96L08-F1-model_v4.pdb.gz
INFO:2025-10-30 14:41:52,395:Successfully computed HSC for Q96L08.
INFO:2025-10-30 14:41:52,395:Processing Q96L11 with model AF-Q96L11-F1-model_v4.pdb
INFO:2025-10-30 14:41:52,445:Computing HSC features for: Q96L11, ENST00000409607, ../Ntranos_Rotation/ESM-SaProt/AF-Q96L11-F1-model_v4.pdb.gz
INFO:2025-10-30 14:42:01,905:Successfully computed HSC for Q96L11.
INFO:2025-10-30 14:42:01,905:Processing Q96L12 with model AF-Q96L12-F1-model_v4.pdb
INFO:2025-10-30 14:42:01,994:Computing HSC features for: Q96L12, ENST00000269881, ../Ntranos_Rotation/ESM-SaProt/AF-Q96L12-F1-model_v4.pdb.gz
INFO:2025-10-30 14:42:35,133:Successfully computed HSC for Q96L12.
INFO:2025-10-30 14:42:35,133:Processing Q96L14 with model AF-Q96L14-F1-model_v4.pdb
ERROR:2025-10-30 14:42:35,189:No ENST transcript IDs were mapped to Q96L14
INFO:2025-10-30 14:42:35,189:Processing Q96L15 with model AF-Q96L15-F1-model_v4.pdb
INFO:2025-10-30 14:42:35,236:Computing HSC features for: Q96L15, ENST00000359918, ../Ntranos_Rotation/ESM-SaProt/AF-Q96L15-F1-model_v4.pdb.gz
INFO:2025-10-30 14:43:00,475:Successfully computed HSC for Q96L15.
INFO:2025-10-30 14:43:00,475:Processing Q96L21 with model AF-Q96L21-F1-model_v4.pdb
INFO:2025-10-30 14:43:00,543:Computing HSC features for: Q96L21, ENST00000298283, ../Ntranos_Rotation/ESM-SaProt/AF-Q96L21-F1-model_v4.pdb.gz
INFO:2025-10-30 14:43:30,214:Successfully computed HSC for Q96L21.
INFO:2025-10-30 14:43:30,214:Processing Q96L33 with model AF-Q96L33-F1-model_v4.pdb
INFO:2025-10-30 14:43:30,287:Computing HSC features for: Q96L33, ENST00000220507, ../Ntranos_Rotation/ESM-SaProt/AF-Q96L33-F1-model_v4.pdb.gz
INFO:2025-10-30 14:44:00,647:Successfully computed HSC for Q96L33.
INFO:2025-10-30 14:44:00,647:Processing Q96L34 with model AF-Q96L34-F1-model_v4.pdb
INFO:2025-10-30 14:44:00,753:Computing HSC features for: Q96L34, ENST00000262891, ../Ntranos_Rotation/ESM-SaProt/AF-Q96L34-F1-model_v4.pdb.gz
INFO:2025-10-30 14:45:26,468:Successfully computed HSC for Q96L34.
INFO:2025-10-30 14:45:26,468:Processing Q96L42 with model AF-Q96L42-F1-model_v4.pdb
INFO:2025-10-30 14:45:26,628:Computing HSC features for: Q96L42, ENST00000328405, ../Ntranos_Rotation/ESM-SaProt/AF-Q96L42-F1-model_v4.pdb.gz
INFO:2025-10-30 14:46:50,025:Successfully computed HSC for Q96L42.
INFO:2025-10-30 14:46:50,026:Processing Q96L46 with model AF-Q96L46-F1-model_v4.pdb
INFO:2025-10-30 14:46:50,094:Computing HSC features for: Q96L46, ENST00000457326, ../Ntranos_Rotation/ESM-SaProt/AF-Q96L46-F1-model_v4.pdb.gz
INFO:2025-10-30 14:47:15,889:Successfully computed HSC for Q96L46.
INFO:2025-10-30 14:47:15,890:Processing Q96L50 with model AF-Q96L50-F1-model_v4.pdb
INFO:2025-10-30 14:47:15,997:Computing HSC features for: Q96L50, ENST00000298288, ../Ntranos_Rotation/ESM-SaProt/AF-Q96L50-F1-model_v4.pdb.gz
INFO:2025-10-30 14:47:47,841:Successfully computed HSC for Q96L50.
INFO:2025-10-30 14:47:47,842:Processing Q96L58 with model AF-Q96L58-F1-model_v4.pdb
INFO:2025-10-30 14:47:47,919:Computing HSC features for: Q96L58, ENST00000379198, ../Ntranos_Rotation/ESM-SaProt/AF-Q96L58-F1-model_v4.pdb.gz
INFO:2025-10-30 14:49:00,444:Successfully computed HSC for Q96L58.
INFO:2025-10-30 14:49:00,444:Processing Q96L73 with model AF-Q96L73-F1-model_v4.pdb
ERROR:2025-10-30 14:49:00,898:No transcript record found for Q96L73 in gnomAD.
INFO:2025-10-30 14:49:00,898:Processing Q96L91 with model AF-Q96L91-F1-model_v4.pdb
ERROR:2025-10-30 14:49:01,141:No valid CDS found for Q96L91
INFO:2025-10-30 14:49:01,141:Processing Q96L92 with model AF-Q96L92-F1-model_v4.pdb
INFO:2025-10-30 14:49:01,266:Computing HSC features for: Q96L92, ENST00000458013, ../Ntranos_Rotation/ESM-SaProt/AF-Q96L92-F1-model_v4.pdb.gz
INFO:2025-10-30 14:49:55,731:Successfully computed HSC for Q96L92.
INFO:2025-10-30 14:49:55,732:Processing Q96L93 with model AF-Q96L93-F1-model_v4.pdb
INFO:2025-10-30 14:49:55,905:Computing HSC features for: Q96L93, ENST00000354981, ../Ntranos_Rotation/ESM-SaProt/AF-Q96L93-F1-model_v4.pdb.gz
INFO:2025-10-30 14:51:53,625:Successfully computed HSC for Q96L93.
INFO:2025-10-30 14:51:53,625:Processing Q96L94 with model AF-Q96L94-F1-model_v4.pdb
INFO:2025-10-30 14:51:53,686:Computing HSC features for: Q96L94, ENST00000325881, ../Ntranos_Rotation/ESM-SaProt/AF-Q96L94-F1-model_v4.pdb.gz
INFO:2025-10-30 14:52:12,350:Successfully computed HSC for Q96L94.
INFO:2025-10-30 14:52:12,350:Processing Q96L96 with model AF-Q96L96-F1-model_v4.pdb
ERROR:2025-10-30 14:52:12,681:No valid CDS found for Q96L96
INFO:2025-10-30 14:52:12,681:Processing Q96LA5 with model AF-Q96LA5-F1-model_v4.pdb
INFO:2025-10-30 14:52:12,804:Computing HSC features for: Q96LA5, ENST00000361516, ../Ntranos_Rotation/ESM-SaProt/AF-Q96LA5-F1-model_v4.pdb.gz
INFO:2025-10-30 14:52:47,673:Successfully computed HSC for Q96LA5.
INFO:2025-10-30 14:52:47,673:Processing Q96LA6 with model AF-Q96LA6-F1-model_v4.pdb
INFO:2025-10-30 14:52:47,763:Computing HSC features for: Q96LA6, ENST00000368176, ../Ntranos_Rotation/ESM-SaProt/AF-Q96LA6-F1-model_v4.pdb.gz
INFO:2025-10-30 14:53:20,052:Successfully computed HSC for Q96LA6.
INFO:2025-10-30 14:53:20,052:Processing Q96LA8 with model AF-Q96LA8-F1-model_v4.pdb
INFO:2025-10-30 14:53:20,139:Computing HSC features for: Q96LA8, ENST00000370078, ../Ntranos_Rotation/ESM-SaProt/AF-Q96LA8-F1-model_v4.pdb.gz
INFO:2025-10-30 14:54:12,456:Successfully computed HSC for Q96LA8.
INFO:2025-10-30 14:54:12,457:Processing Q96LA9 with model AF-Q96LA9-F1-model_v4.pdb
INFO:2025-10-30 14:54:12,550:Computing HSC features for: Q96LA9, ENST00000314254, ../Ntranos_Rotation/ESM-SaProt/AF-Q96LA9-F1-model_v4.pdb.gz
INFO:2025-10-30 14:54:42,946:Successfully computed HSC for Q96LA9.
INFO:2025-10-30 14:54:42,946:Processing Q96LB0 with model AF-Q96LB0-F1-model_v4.pdb
INFO:2025-10-30 14:54:43,085:Computing HSC features for: Q96LB0, ENST00000396275, ../Ntranos_Rotation/ESM-SaProt/AF-Q96LB0-F1-model_v4.pdb.gz
INFO:2025-10-30 14:55:12,007:Successfully computed HSC for Q96LB0.
INFO:2025-10-30 14:55:12,007:Pipeline completed.
INFO:2025-10-30 14:55:12,007:no_enst_for_uniprot: 4
INFO:2025-10-30 14:55:12,007:no_valid_cds: 3
INFO:2025-10-30 14:55:12,007:no_variant_data: 3
INFO:2025-10-30 14:55:12,007:bad_structure: 0
INFO:2025-10-30 14:55:12,007:no_enst_mp: 0
