INFO:2025-10-30 14:27:03,807:Starting HSC computation pipeline...
INFO:2025-10-30 14:27:57,791:Processing Q9GZL8 with model AF-Q9GZL8-F1-model_v4.pdb
ERROR:2025-10-30 14:27:57,884:No ENST transcript IDs were mapped to Q9GZL8
INFO:2025-10-30 14:27:57,884:Processing Q9GZM3 with model AF-Q9GZM3-F1-model_v4.pdb
INFO:2025-10-30 14:27:57,963:Computing HSC features for: Q9GZM3, ENST00000333432, ../Ntranos_Rotation/ESM-SaProt/AF-Q9GZM3-F1-model_v4.pdb.gz
INFO:2025-10-30 14:28:19,589:Successfully computed HSC for Q9GZM3.
INFO:2025-10-30 14:28:19,590:Processing Q9GZM5 with model AF-Q9GZM5-F1-model_v4.pdb
INFO:2025-10-30 14:28:19,697:Computing HSC features for: Q9GZM5, ENST00000372422, ../Ntranos_Rotation/ESM-SaProt/AF-Q9GZM5-F1-model_v4.pdb.gz
INFO:2025-10-30 14:29:05,118:Successfully computed HSC for Q9GZM5.
INFO:2025-10-30 14:29:05,118:Processing Q9GZM6 with model AF-Q9GZM6-F1-model_v4.pdb
ERROR:2025-10-30 14:29:05,237:No transcript record found for Q9GZM6 in gnomAD.
INFO:2025-10-30 14:29:05,237:Processing Q9GZM7 with model AF-Q9GZM7-F1-model_v4.pdb
INFO:2025-10-30 14:29:05,369:Computing HSC features for: Q9GZM7, ENST00000271064, ../Ntranos_Rotation/ESM-SaProt/AF-Q9GZM7-F1-model_v4.pdb.gz
INFO:2025-10-30 14:30:14,167:Successfully computed HSC for Q9GZM7.
INFO:2025-10-30 14:30:14,167:Processing Q9GZM8 with model AF-Q9GZM8-F1-model_v4.pdb
INFO:2025-10-30 14:30:14,253:Computing HSC features for: Q9GZM8, ENST00000334527, ../Ntranos_Rotation/ESM-SaProt/AF-Q9GZM8-F1-model_v4.pdb.gz
INFO:2025-10-30 14:30:51,418:Successfully computed HSC for Q9GZM8.
INFO:2025-10-30 14:30:51,418:Processing Q9GZN0 with model AF-Q9GZN0-F1-model_v4.pdb
INFO:2025-10-30 14:30:51,525:Computing HSC features for: Q9GZN0, ENST00000315033, ../Ntranos_Rotation/ESM-SaProt/AF-Q9GZN0-F1-model_v4.pdb.gz
INFO:2025-10-30 14:32:16,403:Successfully computed HSC for Q9GZN0.
INFO:2025-10-30 14:32:16,403:Processing Q9GZN1 with model AF-Q9GZN1-F1-model_v4.pdb
INFO:2025-10-30 14:32:16,480:Computing HSC features for: Q9GZN1, ENST00000188312, ../Ntranos_Rotation/ESM-SaProt/AF-Q9GZN1-F1-model_v4.pdb.gz
INFO:2025-10-30 14:32:53,058:Successfully computed HSC for Q9GZN1.
INFO:2025-10-30 14:32:53,058:Processing Q9GZN2 with model AF-Q9GZN2-F1-model_v4.pdb
INFO:2025-10-30 14:32:53,129:Computing HSC features for: Q9GZN2, ENST00000373872, ../Ntranos_Rotation/ESM-SaProt/AF-Q9GZN2-F1-model_v4.pdb.gz
INFO:2025-10-30 14:33:28,635:Successfully computed HSC for Q9GZN2.
INFO:2025-10-30 14:33:28,635:Processing Q9GZN4 with model AF-Q9GZN4-F1-model_v4.pdb
INFO:2025-10-30 14:33:28,721:Computing HSC features for: Q9GZN4, ENST00000161006, ../Ntranos_Rotation/ESM-SaProt/AF-Q9GZN4-F1-model_v4.pdb.gz
INFO:2025-10-30 14:34:13,936:Successfully computed HSC for Q9GZN4.
INFO:2025-10-30 14:34:13,936:Processing Q9GZN6 with model AF-Q9GZN6-F1-model_v4.pdb
INFO:2025-10-30 14:34:14,157:Computing HSC features for: Q9GZN6, ENST00000335875, ../Ntranos_Rotation/ESM-SaProt/AF-Q9GZN6-F1-model_v4.pdb.gz
INFO:2025-10-30 14:35:32,177:Successfully computed HSC for Q9GZN6.
INFO:2025-10-30 14:35:32,177:Processing Q9GZN7 with model AF-Q9GZN7-F1-model_v4.pdb
INFO:2025-10-30 14:35:32,233:Computing HSC features for: Q9GZN7, ENST00000322048, ../Ntranos_Rotation/ESM-SaProt/AF-Q9GZN7-F1-model_v4.pdb.gz
INFO:2025-10-30 14:36:16,818:Successfully computed HSC for Q9GZN7.
INFO:2025-10-30 14:36:16,818:Processing Q9GZN8 with model AF-Q9GZN8-F1-model_v4.pdb
INFO:2025-10-30 14:36:16,922:Computing HSC features for: Q9GZN8, ENST00000379772, ../Ntranos_Rotation/ESM-SaProt/AF-Q9GZN8-F1-model_v4.pdb.gz
INFO:2025-10-30 14:36:42,715:Successfully computed HSC for Q9GZN8.
INFO:2025-10-30 14:36:42,715:Processing Q9GZP0 with model AF-Q9GZP0-F1-model_v4.pdb
INFO:2025-10-30 14:36:42,797:Computing HSC features for: Q9GZP0, ENST00000393158, ../Ntranos_Rotation/ESM-SaProt/AF-Q9GZP0-F1-model_v4.pdb.gz
INFO:2025-10-30 14:37:23,874:Successfully computed HSC for Q9GZP0.
INFO:2025-10-30 14:37:23,874:Processing Q9GZP1 with model AF-Q9GZP1-F1-model_v4.pdb
INFO:2025-10-30 14:37:23,911:Computing HSC features for: Q9GZP1, ENST00000382285, ../Ntranos_Rotation/ESM-SaProt/AF-Q9GZP1-F1-model_v4.pdb.gz
INFO:2025-10-30 14:37:51,320:Successfully computed HSC for Q9GZP1.
INFO:2025-10-30 14:37:51,320:Processing Q9GZP4 with model AF-Q9GZP4-F1-model_v4.pdb
INFO:2025-10-30 14:37:51,386:Computing HSC features for: Q9GZP4, ENST00000246151, ../Ntranos_Rotation/ESM-SaProt/AF-Q9GZP4-F1-model_v4.pdb.gz
INFO:2025-10-30 14:38:24,095:Successfully computed HSC for Q9GZP4.
INFO:2025-10-30 14:38:24,095:Processing Q9GZP7 with model AF-Q9GZP7-F1-model_v4.pdb
INFO:2025-10-30 14:38:24,181:Computing HSC features for: Q9GZP7, ENST00000321039, ../Ntranos_Rotation/ESM-SaProt/AF-Q9GZP7-F1-model_v4.pdb.gz
INFO:2025-10-30 14:38:52,700:Successfully computed HSC for Q9GZP7.
INFO:2025-10-30 14:38:52,700:Processing Q9GZP8 with model AF-Q9GZP8-F1-model_v4.pdb
INFO:2025-10-30 14:38:52,733:Computing HSC features for: Q9GZP8, ENST00000301246, ../Ntranos_Rotation/ESM-SaProt/AF-Q9GZP8-F1-model_v4.pdb.gz
INFO:2025-10-30 14:39:11,907:Successfully computed HSC for Q9GZP8.
INFO:2025-10-30 14:39:11,907:Processing Q9GZP9 with model AF-Q9GZP9-F1-model_v4.pdb
INFO:2025-10-30 14:39:12,233:Computing HSC features for: Q9GZP9, ENST00000158771, ../Ntranos_Rotation/ESM-SaProt/AF-Q9GZP9-F1-model_v4.pdb.gz
INFO:2025-10-30 14:39:40,043:Successfully computed HSC for Q9GZP9.
INFO:2025-10-30 14:39:40,043:Processing Q9GZQ3 with model AF-Q9GZQ3-F1-model_v4.pdb
INFO:2025-10-30 14:39:40,127:Computing HSC features for: Q9GZQ3, ENST00000305103, ../Ntranos_Rotation/ESM-SaProt/AF-Q9GZQ3-F1-model_v4.pdb.gz
INFO:2025-10-30 14:40:08,067:Successfully computed HSC for Q9GZQ3.
INFO:2025-10-30 14:40:08,068:Processing Q9GZQ4 with model AF-Q9GZQ4-F1-model_v4.pdb
INFO:2025-10-30 14:40:08,134:Computing HSC features for: Q9GZQ4, ENST00000255262, ../Ntranos_Rotation/ESM-SaProt/AF-Q9GZQ4-F1-model_v4.pdb.gz
INFO:2025-10-30 14:40:57,959:Successfully computed HSC for Q9GZQ4.
INFO:2025-10-30 14:40:57,959:Processing Q9GZQ6 with model AF-Q9GZQ6-F1-model_v4.pdb
INFO:2025-10-30 14:40:58,080:Computing HSC features for: Q9GZQ6, ENST00000277942, ../Ntranos_Rotation/ESM-SaProt/AF-Q9GZQ6-F1-model_v4.pdb.gz
INFO:2025-10-30 14:42:13,022:Successfully computed HSC for Q9GZQ6.
INFO:2025-10-30 14:42:13,022:Processing Q9GZQ8 with model AF-Q9GZQ8-F1-model_v4.pdb
INFO:2025-10-30 14:42:13,064:Computing HSC features for: Q9GZQ8, ENST00000268607, ../Ntranos_Rotation/ESM-SaProt/AF-Q9GZQ8-F1-model_v4.pdb.gz
INFO:2025-10-30 14:42:29,423:Successfully computed HSC for Q9GZQ8.
INFO:2025-10-30 14:42:29,424:Processing Q9GZR1 with model AF-Q9GZR1-F1-model_v4.pdb
INFO:2025-10-30 14:42:29,623:Computing HSC features for: Q9GZR1, ENST00000447266, ../Ntranos_Rotation/ESM-SaProt/AF-Q9GZR1-F1-model_v4.pdb.gz
INFO:2025-10-30 14:44:11,245:Successfully computed HSC for Q9GZR1.
INFO:2025-10-30 14:44:11,245:Processing Q9GZR2 with model AF-Q9GZR2-F1-model_v4.pdb
INFO:2025-10-30 14:44:11,323:Computing HSC features for: Q9GZR2, ENST00000371942, ../Ntranos_Rotation/ESM-SaProt/AF-Q9GZR2-F1-model_v4.pdb.gz
INFO:2025-10-30 14:45:06,807:Successfully computed HSC for Q9GZR2.
INFO:2025-10-30 14:45:06,807:Processing Q9GZR5 with model AF-Q9GZR5-F1-model_v4.pdb
INFO:2025-10-30 14:45:06,871:Computing HSC features for: Q9GZR5, ENST00000369816, ../Ntranos_Rotation/ESM-SaProt/AF-Q9GZR5-F1-model_v4.pdb.gz
INFO:2025-10-30 14:45:38,044:Successfully computed HSC for Q9GZR5.
INFO:2025-10-30 14:45:38,044:Processing Q9GZR7 with model AF-Q9GZR7-F1-model_v4.pdb
ERROR:2025-10-30 14:45:38,159:No transcript record found for Q9GZR7 in gnomAD.
INFO:2025-10-30 14:45:38,159:Processing Q9GZS0 with model AF-Q9GZS0-F1-model_v4.pdb
INFO:2025-10-30 14:45:38,252:Computing HSC features for: Q9GZS0, ENST00000311014, ../Ntranos_Rotation/ESM-SaProt/AF-Q9GZS0-F1-model_v4.pdb.gz
INFO:2025-10-30 14:47:01,391:Successfully computed HSC for Q9GZS0.
INFO:2025-10-30 14:47:01,391:Processing Q9GZS1 with model AF-Q9GZS1-F1-model_v4.pdb
INFO:2025-10-30 14:47:01,465:Computing HSC features for: Q9GZS1, ENST00000377798, ../Ntranos_Rotation/ESM-SaProt/AF-Q9GZS1-F1-model_v4.pdb.gz
INFO:2025-10-30 14:47:45,221:Successfully computed HSC for Q9GZS1.
INFO:2025-10-30 14:47:45,221:Processing Q9GZS3 with model AF-Q9GZS3-F1-model_v4.pdb
INFO:2025-10-30 14:47:45,279:Computing HSC features for: Q9GZS3, ENST00000267973, ../Ntranos_Rotation/ESM-SaProt/AF-Q9GZS3-F1-model_v4.pdb.gz
INFO:2025-10-30 14:48:13,948:Successfully computed HSC for Q9GZS3.
INFO:2025-10-30 14:48:13,948:Processing Q9GZS9 with model AF-Q9GZS9-F1-model_v4.pdb
INFO:2025-10-30 14:48:14,014:Computing HSC features for: Q9GZS9, ENST00000336257, ../Ntranos_Rotation/ESM-SaProt/AF-Q9GZS9-F1-model_v4.pdb.gz
INFO:2025-10-30 14:49:28,516:Successfully computed HSC for Q9GZS9.
INFO:2025-10-30 14:49:28,516:Processing Q9GZT3 with model AF-Q9GZT3-F1-model_v4.pdb
INFO:2025-10-30 14:49:28,564:Computing HSC features for: Q9GZT3, ENST00000557342, ../Ntranos_Rotation/ESM-SaProt/AF-Q9GZT3-F1-model_v4.pdb.gz
INFO:2025-10-30 14:49:41,959:Successfully computed HSC for Q9GZT3.
INFO:2025-10-30 14:49:41,959:Processing Q9GZT4 with model AF-Q9GZT4-F1-model_v4.pdb
INFO:2025-10-30 14:49:42,051:Computing HSC features for: Q9GZT4, ENST00000344595, ../Ntranos_Rotation/ESM-SaProt/AF-Q9GZT4-F1-model_v4.pdb.gz
INFO:2025-10-30 14:50:13,523:Successfully computed HSC for Q9GZT4.
INFO:2025-10-30 14:50:13,523:Processing Q9GZT5 with model AF-Q9GZT5-F1-model_v4.pdb
INFO:2025-10-30 14:50:13,590:Computing HSC features for: Q9GZT5, ENST00000258411, ../Ntranos_Rotation/ESM-SaProt/AF-Q9GZT5-F1-model_v4.pdb.gz
INFO:2025-10-30 14:51:29,405:Successfully computed HSC for Q9GZT5.
INFO:2025-10-30 14:51:29,405:Processing Q9GZT6 with model AF-Q9GZT6-F1-model_v4.pdb
INFO:2025-10-30 14:51:29,479:Computing HSC features for: Q9GZT6, ENST00000529689, ../Ntranos_Rotation/ESM-SaProt/AF-Q9GZT6-F1-model_v4.pdb.gz
INFO:2025-10-30 14:51:54,442:Successfully computed HSC for Q9GZT6.
INFO:2025-10-30 14:51:54,442:Processing Q9GZT8 with model AF-Q9GZT8-F1-model_v4.pdb
INFO:2025-10-30 14:51:54,513:Computing HSC features for: Q9GZT8, ENST00000409020, ../Ntranos_Rotation/ESM-SaProt/AF-Q9GZT8-F1-model_v4.pdb.gz
INFO:2025-10-30 14:52:35,177:Successfully computed HSC for Q9GZT8.
INFO:2025-10-30 14:52:35,177:Processing Q9GZT9 with model AF-Q9GZT9-F1-model_v4.pdb
INFO:2025-10-30 14:52:35,240:Computing HSC features for: Q9GZT9, ENST00000366641, ../Ntranos_Rotation/ESM-SaProt/AF-Q9GZT9-F1-model_v4.pdb.gz
INFO:2025-10-30 14:53:54,202:Successfully computed HSC for Q9GZT9.
INFO:2025-10-30 14:53:54,202:Processing Q9GZU0 with model AF-Q9GZU0-F1-model_v4.pdb
ERROR:2025-10-30 14:53:54,291:No transcript record found for Q9GZU0 in gnomAD.
INFO:2025-10-30 14:53:54,291:Processing Q9GZU1 with model AF-Q9GZU1-F1-model_v4.pdb
INFO:2025-10-30 14:53:54,423:Computing HSC features for: Q9GZU1, ENST00000264079, ../Ntranos_Rotation/ESM-SaProt/AF-Q9GZU1-F1-model_v4.pdb.gz
INFO:2025-10-30 14:55:23,785:Successfully computed HSC for Q9GZU1.
INFO:2025-10-30 14:55:23,785:Processing Q9GZU2 with model AF-Q9GZU2-F1-model_v4.pdb
INFO:2025-10-30 14:55:24,054:Computing HSC features for: Q9GZU2, ENST00000326441, ../Ntranos_Rotation/ESM-SaProt/AF-Q9GZU2-F1-model_v4.pdb.gz
INFO:2025-10-30 14:58:04,323:Successfully computed HSC for Q9GZU2.
INFO:2025-10-30 14:58:04,323:Processing Q9GZU3 with model AF-Q9GZU3-F1-model_v4.pdb
INFO:2025-10-30 14:58:04,409:Computing HSC features for: Q9GZU3, ENST00000336294, ../Ntranos_Rotation/ESM-SaProt/AF-Q9GZU3-F1-model_v4.pdb.gz
INFO:2025-10-30 14:59:03,477:Successfully computed HSC for Q9GZU3.
INFO:2025-10-30 14:59:03,477:Processing Q9GZU5 with model AF-Q9GZU5-F1-model_v4.pdb
INFO:2025-10-30 14:59:03,575:Computing HSC features for: Q9GZU5, ENST00000342595, ../Ntranos_Rotation/ESM-SaProt/AF-Q9GZU5-F1-model_v4.pdb.gz
INFO:2025-10-30 15:00:47,056:Successfully computed HSC for Q9GZU5.
INFO:2025-10-30 15:00:47,056:Processing Q9GZU7 with model AF-Q9GZU7-F1-model_v4.pdb
ERROR:2025-10-30 15:00:47,127:No transcript record found for Q9GZU7 in gnomAD.
INFO:2025-10-30 15:00:47,127:Processing Q9GZU8 with model AF-Q9GZU8-F1-model_v4.pdb
INFO:2025-10-30 15:00:47,178:Computing HSC features for: Q9GZU8, ENST00000309137, ../Ntranos_Rotation/ESM-SaProt/AF-Q9GZU8-F1-model_v4.pdb.gz
INFO:2025-10-30 15:01:17,277:Successfully computed HSC for Q9GZU8.
INFO:2025-10-30 15:01:17,277:Processing Q9GZV1 with model AF-Q9GZV1-F1-model_v4.pdb
INFO:2025-10-30 15:01:17,338:Computing HSC features for: Q9GZV1, ENST00000307518, ../Ntranos_Rotation/ESM-SaProt/AF-Q9GZV1-F1-model_v4.pdb.gz
INFO:2025-10-30 15:02:09,010:Successfully computed HSC for Q9GZV1.
INFO:2025-10-30 15:02:09,010:Processing Q9GZV3 with model AF-Q9GZV3-F1-model_v4.pdb
INFO:2025-10-30 15:02:09,160:Computing HSC features for: Q9GZV3, ENST00000264047, ../Ntranos_Rotation/ESM-SaProt/AF-Q9GZV3-F1-model_v4.pdb.gz
INFO:2025-10-30 15:03:11,478:Successfully computed HSC for Q9GZV3.
INFO:2025-10-30 15:03:11,478:Processing Q9GZV4 with model AF-Q9GZV4-F1-model_v4.pdb
INFO:2025-10-30 15:03:11,542:Computing HSC features for: Q9GZV4, ENST00000295822, ../Ntranos_Rotation/ESM-SaProt/AF-Q9GZV4-F1-model_v4.pdb.gz
INFO:2025-10-30 15:03:27,246:Successfully computed HSC for Q9GZV4.
INFO:2025-10-30 15:03:27,246:Processing Q9GZV5 with model AF-Q9GZV5-F1-model_v4.pdb
INFO:2025-10-30 15:03:27,308:Computing HSC features for: Q9GZV5, ENST00000360632, ../Ntranos_Rotation/ESM-SaProt/AF-Q9GZV5-F1-model_v4.pdb.gz
INFO:2025-10-30 15:04:23,288:Successfully computed HSC for Q9GZV5.
INFO:2025-10-30 15:04:23,288:Processing Q9GZV7 with model AF-Q9GZV7-F1-model_v4.pdb
ERROR:2025-10-30 15:04:23,590:No transcript record found for Q9GZV7 in gnomAD.
INFO:2025-10-30 15:04:23,591:Processing Q9GZV8 with model AF-Q9GZV8-F1-model_v4.pdb
INFO:2025-10-30 15:04:23,741:Computing HSC features for: Q9GZV8, ENST00000276594, ../Ntranos_Rotation/ESM-SaProt/AF-Q9GZV8-F1-model_v4.pdb.gz
INFO:2025-10-30 15:05:30,461:Successfully computed HSC for Q9GZV8.
INFO:2025-10-30 15:05:30,461:Pipeline completed.
INFO:2025-10-30 15:05:30,461:no_enst_for_uniprot: 1
INFO:2025-10-30 15:05:30,461:no_valid_cds: 0
INFO:2025-10-30 15:05:30,461:no_variant_data: 5
INFO:2025-10-30 15:05:30,461:bad_structure: 0
INFO:2025-10-30 15:05:30,462:no_enst_mp: 0
