INFO:2025-10-30 14:26:02,405:Starting HSC computation pipeline...
INFO:2025-10-30 14:27:06,310:Processing Q6PKH6 with model AF-Q6PKH6-F1-model_v4.pdb
ERROR:2025-10-30 14:27:06,389:No valid CDS found for Q6PKH6
INFO:2025-10-30 14:27:06,389:Processing Q6PKX4 with model AF-Q6PKX4-F1-model_v4.pdb
INFO:2025-10-30 14:27:06,444:Computing HSC features for: Q6PKX4, ENST00000382713, ../Ntranos_Rotation/ESM-SaProt/AF-Q6PKX4-F1-model_v4.pdb.gz
INFO:2025-10-30 14:27:30,067:Successfully computed HSC for Q6PKX4.
INFO:2025-10-30 14:27:30,067:Processing Q6PL18 with model AF-Q6PL18-F1-model_v4.pdb
INFO:2025-10-30 14:27:30,309:Computing HSC features for: Q6PL18, ENST00000287394, ../Ntranos_Rotation/ESM-SaProt/AF-Q6PL18-F1-model_v4.pdb.gz
INFO:2025-10-30 14:28:54,276:Successfully computed HSC for Q6PL18.
INFO:2025-10-30 14:28:54,277:Processing Q6PL24 with model AF-Q6PL24-F1-model_v4.pdb
INFO:2025-10-30 14:28:54,361:Computing HSC features for: Q6PL24, ENST00000216468, ../Ntranos_Rotation/ESM-SaProt/AF-Q6PL24-F1-model_v4.pdb.gz
INFO:2025-10-30 14:29:17,966:Successfully computed HSC for Q6PL24.
INFO:2025-10-30 14:29:17,966:Processing Q6PL45 with model AF-Q6PL45-F1-model_v4.pdb
INFO:2025-10-30 14:29:18,058:Computing HSC features for: Q6PL45, ENST00000562360, ../Ntranos_Rotation/ESM-SaProt/AF-Q6PL45-F1-model_v4.pdb.gz
INFO:2025-10-30 14:29:40,277:Successfully computed HSC for Q6PL45.
INFO:2025-10-30 14:29:40,278:Processing Q6PML9 with model AF-Q6PML9-F1-model_v4.pdb
INFO:2025-10-30 14:29:40,347:Computing HSC features for: Q6PML9, ENST00000264451, ../Ntranos_Rotation/ESM-SaProt/AF-Q6PML9-F1-model_v4.pdb.gz
INFO:2025-10-30 14:30:14,989:Successfully computed HSC for Q6PML9.
INFO:2025-10-30 14:30:14,989:Processing Q6PP77 with model AF-Q6PP77-F1-model_v4.pdb
INFO:2025-10-30 14:30:15,075:Computing HSC features for: Q6PP77, ENST00000372956, ../Ntranos_Rotation/ESM-SaProt/AF-Q6PP77-F1-model_v4.pdb.gz
INFO:2025-10-30 14:30:43,981:Successfully computed HSC for Q6PP77.
INFO:2025-10-30 14:30:43,981:Processing Q6PRD1 with model AF-Q6PRD1-F1-model_v4.pdb
ERROR:2025-10-30 14:30:44,239:No transcript record found for Q6PRD1 in gnomAD.
INFO:2025-10-30 14:30:44,239:Processing Q6PRD7 with model AF-Q6PRD7-F1-model_v4.pdb
INFO:2025-10-30 14:30:44,305:Computing HSC features for: Q6PRD7, ENST00000567119, ../Ntranos_Rotation/ESM-SaProt/AF-Q6PRD7-F1-model_v4.pdb.gz
INFO:2025-10-30 14:31:02,547:Successfully computed HSC for Q6PRD7.
INFO:2025-10-30 14:31:02,547:Processing Q6PUV4 with model AF-Q6PUV4-F1-model_v4.pdb
INFO:2025-10-30 14:31:02,626:Computing HSC features for: Q6PUV4, ENST00000359546, ../Ntranos_Rotation/ESM-SaProt/AF-Q6PUV4-F1-model_v4.pdb.gz
INFO:2025-10-30 14:31:19,823:Successfully computed HSC for Q6PUV4.
INFO:2025-10-30 14:31:19,823:Processing Q6PXP3 with model AF-Q6PXP3-F1-model_v4.pdb
INFO:2025-10-30 14:31:19,956:Computing HSC features for: Q6PXP3, ENST00000400906, ../Ntranos_Rotation/ESM-SaProt/AF-Q6PXP3-F1-model_v4.pdb.gz
INFO:2025-10-30 14:32:07,355:Successfully computed HSC for Q6PXP3.
INFO:2025-10-30 14:32:07,355:Processing Q6Q0C0 with model AF-Q6Q0C0-F1-model_v4.pdb
ERROR:2025-10-30 14:32:07,473:No transcript record found for Q6Q0C0 in gnomAD.
INFO:2025-10-30 14:32:07,473:Processing Q6Q0C1 with model AF-Q6Q0C1-F1-model_v4.pdb
INFO:2025-10-30 14:32:07,543:Computing HSC features for: Q6Q0C1, ENST00000361529, ../Ntranos_Rotation/ESM-SaProt/AF-Q6Q0C1-F1-model_v4.pdb.gz
INFO:2025-10-30 14:32:41,066:Successfully computed HSC for Q6Q0C1.
INFO:2025-10-30 14:32:41,066:Processing Q6Q4G3 with model AF-Q6Q4G3-F1-model_v4.pdb
INFO:2025-10-30 14:32:41,238:Computing HSC features for: Q6Q4G3, ENST00000357872, ../Ntranos_Rotation/ESM-SaProt/AF-Q6Q4G3-F1-model_v4.pdb.gz
INFO:2025-10-30 14:33:52,672:Successfully computed HSC for Q6Q4G3.
INFO:2025-10-30 14:33:52,672:Processing Q6Q6R5 with model AF-Q6Q6R5-F1-model_v4.pdb
INFO:2025-10-30 14:33:52,734:Computing HSC features for: Q6Q6R5, ENST00000274990, ../Ntranos_Rotation/ESM-SaProt/AF-Q6Q6R5-F1-model_v4.pdb.gz
INFO:2025-10-30 14:34:10,252:Successfully computed HSC for Q6Q6R5.
INFO:2025-10-30 14:34:10,252:Processing Q6Q759 with model AF-Q6Q759-F1-model_v4.pdb
INFO:2025-10-30 14:34:10,587:Computing HSC features for: Q6Q759, ENST00000336338, ../Ntranos_Rotation/ESM-SaProt/AF-Q6Q759-F1-model_v4.pdb.gz
INFO:2025-10-30 14:36:25,038:Successfully computed HSC for Q6Q759.
INFO:2025-10-30 14:36:25,038:Processing Q6Q788 with model AF-Q6Q788-F1-model_v4.pdb
INFO:2025-10-30 14:36:25,358:Computing HSC features for: Q6Q788, ENST00000227665, ../Ntranos_Rotation/ESM-SaProt/AF-Q6Q788-F1-model_v4.pdb.gz
INFO:2025-10-30 14:36:58,109:Successfully computed HSC for Q6Q788.
INFO:2025-10-30 14:36:58,110:Processing Q6Q795 with model AF-Q6Q795-F1-model_v4.pdb
ERROR:2025-10-30 14:36:58,170:No ENST transcript IDs were mapped to Q6Q795
INFO:2025-10-30 14:36:58,170:Processing Q6Q8B3 with model AF-Q6Q8B3-F1-model_v4.pdb
INFO:2025-10-30 14:36:58,250:Computing HSC features for: Q6Q8B3, ENST00000398214, ../Ntranos_Rotation/ESM-SaProt/AF-Q6Q8B3-F1-model_v4.pdb.gz
INFO:2025-10-30 14:37:21,834:Successfully computed HSC for Q6Q8B3.
INFO:2025-10-30 14:37:21,835:Processing Q6QAJ8 with model AF-Q6QAJ8-F1-model_v4.pdb
INFO:2025-10-30 14:37:22,067:Computing HSC features for: Q6QAJ8, ENST00000341871, ../Ntranos_Rotation/ESM-SaProt/AF-Q6QAJ8-F1-model_v4.pdb.gz
INFO:2025-10-30 14:37:35,153:Successfully computed HSC for Q6QAJ8.
INFO:2025-10-30 14:37:35,153:Processing Q6QEF8 with model AF-Q6QEF8-F1-model_v4.pdb
INFO:2025-10-30 14:37:35,256:Computing HSC features for: Q6QEF8, ENST00000345068, ../Ntranos_Rotation/ESM-SaProt/AF-Q6QEF8-F1-model_v4.pdb.gz
INFO:2025-10-30 14:38:20,582:Successfully computed HSC for Q6QEF8.
INFO:2025-10-30 14:38:20,582:Processing Q6QHC5 with model AF-Q6QHC5-F1-model_v4.pdb
INFO:2025-10-30 14:38:20,980:Computing HSC features for: Q6QHC5, ENST00000305631, ../Ntranos_Rotation/ESM-SaProt/AF-Q6QHC5-F1-model_v4.pdb.gz
INFO:2025-10-30 14:39:03,641:Successfully computed HSC for Q6QHC5.
INFO:2025-10-30 14:39:03,641:Processing Q6QHF9 with model AF-Q6QHF9-F1-model_v4.pdb
INFO:2025-10-30 14:39:03,734:Computing HSC features for: Q6QHF9, ENST00000278060, ../Ntranos_Rotation/ESM-SaProt/AF-Q6QHF9-F1-model_v4.pdb.gz
INFO:2025-10-30 14:39:54,198:Successfully computed HSC for Q6QHF9.
INFO:2025-10-30 14:39:54,198:Processing Q6QHK4 with model AF-Q6QHK4-F1-model_v4.pdb
INFO:2025-10-30 14:39:54,283:Computing HSC features for: Q6QHK4, ENST00000332372, ../Ntranos_Rotation/ESM-SaProt/AF-Q6QHK4-F1-model_v4.pdb.gz
INFO:2025-10-30 14:40:15,120:Successfully computed HSC for Q6QHK4.
INFO:2025-10-30 14:40:15,120:Processing Q6QN14 with model AF-Q6QN14-F1-model_v4.pdb
ERROR:2025-10-30 14:40:15,176:No ENST transcript IDs were mapped to Q6QN14
INFO:2025-10-30 14:40:15,177:Processing Q6QNK2 with model AF-Q6QNK2-F1-model_v4.pdb
INFO:2025-10-30 14:40:15,310:Computing HSC features for: Q6QNK2, ENST00000261654, ../Ntranos_Rotation/ESM-SaProt/AF-Q6QNK2-F1-model_v4.pdb.gz
INFO:2025-10-30 14:41:27,777:Successfully computed HSC for Q6QNK2.
INFO:2025-10-30 14:41:27,777:Processing Q6QNY0 with model AF-Q6QNY0-F1-model_v4.pdb
INFO:2025-10-30 14:41:27,823:Computing HSC features for: Q6QNY0, ENST00000433642, ../Ntranos_Rotation/ESM-SaProt/AF-Q6QNY0-F1-model_v4.pdb.gz
INFO:2025-10-30 14:41:58,399:Successfully computed HSC for Q6QNY0.
INFO:2025-10-30 14:41:58,399:Processing Q6QNY1 with model AF-Q6QNY1-F1-model_v4.pdb
INFO:2025-10-30 14:41:58,431:Computing HSC features for: Q6QNY1, ENST00000370372, ../Ntranos_Rotation/ESM-SaProt/AF-Q6QNY1-F1-model_v4.pdb.gz
INFO:2025-10-30 14:42:09,054:Successfully computed HSC for Q6QNY1.
INFO:2025-10-30 14:42:09,054:Processing Q6R2W3 with model AF-Q6R2W3-F1-model_v4.pdb
INFO:2025-10-30 14:42:09,194:Computing HSC features for: Q6R2W3, ENST00000452236, ../Ntranos_Rotation/ESM-SaProt/AF-Q6R2W3-F1-model_v4.pdb.gz
INFO:2025-10-30 14:43:23,361:Successfully computed HSC for Q6R2W3.
INFO:2025-10-30 14:43:23,361:Processing Q6R327 with model AF-Q6R327-F1-model_v4.pdb
INFO:2025-10-30 14:43:23,544:Computing HSC features for: Q6R327, ENST00000357387, ../Ntranos_Rotation/ESM-SaProt/AF-Q6R327-F1-model_v4.pdb.gz
INFO:2025-10-30 14:45:04,032:Successfully computed HSC for Q6R327.
INFO:2025-10-30 14:45:04,032:Processing Q6R6M4 with model AF-Q6R6M4-F1-model_v4.pdb
INFO:2025-10-30 14:45:04,133:Computing HSC features for: Q6R6M4, ENST00000333796, ../Ntranos_Rotation/ESM-SaProt/AF-Q6R6M4-F1-model_v4.pdb.gz
ERROR:2025-10-30 14:45:04,294:Missing ENST record in counts: ENST00000333796
INFO:2025-10-30 14:45:04,294:Processing Q6RFH5 with model AF-Q6RFH5-F1-model_v4.pdb
INFO:2025-10-30 14:45:04,365:Computing HSC features for: Q6RFH5, ENST00000278856, ../Ntranos_Rotation/ESM-SaProt/AF-Q6RFH5-F1-model_v4.pdb.gz
INFO:2025-10-30 14:45:34,600:Successfully computed HSC for Q6RFH5.
INFO:2025-10-30 14:45:34,600:Processing Q6RFH8 with model AF-Q6RFH8-F1-model_v4.pdb
ERROR:2025-10-30 14:45:34,650:No ENST transcript IDs were mapped to Q6RFH8
INFO:2025-10-30 14:45:34,650:Processing Q6RI45 with model AF-Q6RI45-F1-model_v4.pdb
INFO:2025-10-30 14:45:34,821:Computing HSC features for: Q6RI45, ENST00000373275, ../Ntranos_Rotation/ESM-SaProt/AF-Q6RI45-F1-model_v4.pdb.gz
INFO:2025-10-30 14:47:39,965:Successfully computed HSC for Q6RI45.
INFO:2025-10-30 14:47:39,965:Processing Q6RSH7 with model AF-Q6RSH7-F1-model_v4.pdb
INFO:2025-10-30 14:47:40,014:Computing HSC features for: Q6RSH7, ENST00000339922, ../Ntranos_Rotation/ESM-SaProt/AF-Q6RSH7-F1-model_v4.pdb.gz
INFO:2025-10-30 14:47:51,561:Successfully computed HSC for Q6RSH7.
INFO:2025-10-30 14:47:51,562:Processing Q6RUI8 with model AF-Q6RUI8-F1-model_v4.pdb
ERROR:2025-10-30 14:47:51,826:No ENST transcript IDs were mapped to Q6RUI8
INFO:2025-10-30 14:47:51,826:Processing Q6RVD6 with model AF-Q6RVD6-F1-model_v4.pdb
ERROR:2025-10-30 14:47:51,891:No ENST transcript IDs were mapped to Q6RVD6
INFO:2025-10-30 14:47:51,891:Processing Q6RW13 with model AF-Q6RW13-F1-model_v4.pdb
INFO:2025-10-30 14:47:51,937:Computing HSC features for: Q6RW13, ENST00000314340, ../Ntranos_Rotation/ESM-SaProt/AF-Q6RW13-F1-model_v4.pdb.gz
INFO:2025-10-30 14:48:04,910:Successfully computed HSC for Q6RW13.
INFO:2025-10-30 14:48:04,910:Processing Q6S545 with model AF-Q6S545-F1-model_v4.pdb
INFO:2025-10-30 14:48:04,979:Computing HSC features for: Q6S545, ENST00000343518, ../Ntranos_Rotation/ESM-SaProt/AF-Q6S545-F1-model_v4.pdb.gz
INFO:2025-10-30 14:48:45,128:Successfully computed HSC for Q6S545.
INFO:2025-10-30 14:48:45,129:Processing Q6S5H5 with model AF-Q6S5H5-F1-model_v4.pdb
ERROR:2025-10-30 14:48:45,213:No transcript record found for Q6S5H5 in gnomAD.
INFO:2025-10-30 14:48:45,213:Processing Q6S5L8 with model AF-Q6S5L8-F1-model_v4.pdb
INFO:2025-10-30 14:48:45,281:Computing HSC features for: Q6S5L8, ENST00000332408, ../Ntranos_Rotation/ESM-SaProt/AF-Q6S5L8-F1-model_v4.pdb.gz
INFO:2025-10-30 14:49:27,514:Successfully computed HSC for Q6S5L8.
INFO:2025-10-30 14:49:27,514:Processing Q6S8J3 with model AF-Q6S8J3-F1-model_v4.pdb
INFO:2025-10-30 14:49:27,714:Computing HSC features for: Q6S8J3, ENST00000356920, ../Ntranos_Rotation/ESM-SaProt/AF-Q6S8J3-F1-model_v4.pdb.gz
INFO:2025-10-30 14:50:38,561:Successfully computed HSC for Q6S8J3.
INFO:2025-10-30 14:50:38,561:Processing Q6S8J7 with model AF-Q6S8J7-F1-model_v4.pdb
ERROR:2025-10-30 14:50:38,626:No ENST transcript IDs were mapped to Q6S8J7
INFO:2025-10-30 14:50:38,626:Processing Q6S9Z5 with model AF-Q6S9Z5-F1-model_v4.pdb
INFO:2025-10-30 14:50:38,686:Computing HSC features for: Q6S9Z5, ENST00000296600, ../Ntranos_Rotation/ESM-SaProt/AF-Q6S9Z5-F1-model_v4.pdb.gz
INFO:2025-10-30 14:50:59,487:Successfully computed HSC for Q6S9Z5.
INFO:2025-10-30 14:50:59,487:Processing Q6SA08 with model AF-Q6SA08-F1-model_v4.pdb
INFO:2025-10-30 14:50:59,574:Computing HSC features for: Q6SA08, ENST00000287913, ../Ntranos_Rotation/ESM-SaProt/AF-Q6SA08-F1-model_v4.pdb.gz
INFO:2025-10-30 14:51:27,429:Successfully computed HSC for Q6SA08.
INFO:2025-10-30 14:51:27,429:Processing Q6SJ93 with model AF-Q6SJ93-F1-model_v4.pdb
INFO:2025-10-30 14:51:27,549:Computing HSC features for: Q6SJ93, ENST00000343597, ../Ntranos_Rotation/ESM-SaProt/AF-Q6SJ93-F1-model_v4.pdb.gz
INFO:2025-10-30 14:52:19,297:Successfully computed HSC for Q6SJ93.
INFO:2025-10-30 14:52:19,297:Processing Q6SJ96 with model AF-Q6SJ96-F1-model_v4.pdb
INFO:2025-10-30 14:52:19,355:Computing HSC features for: Q6SJ96, ENST00000247219, ../Ntranos_Rotation/ESM-SaProt/AF-Q6SJ96-F1-model_v4.pdb.gz
INFO:2025-10-30 14:52:51,842:Successfully computed HSC for Q6SJ96.
INFO:2025-10-30 14:52:51,842:Processing Q6SPF0 with model AF-Q6SPF0-F1-model_v4.pdb
ERROR:2025-10-30 14:52:51,969:No valid CDS found for Q6SPF0
INFO:2025-10-30 14:52:51,969:Processing Q6STE5 with model AF-Q6STE5-F1-model_v4.pdb
INFO:2025-10-30 14:52:52,075:Computing HSC features for: Q6STE5, ENST00000262188, ../Ntranos_Rotation/ESM-SaProt/AF-Q6STE5-F1-model_v4.pdb.gz
INFO:2025-10-30 14:53:50,516:Successfully computed HSC for Q6STE5.
INFO:2025-10-30 14:53:50,516:Processing Q6SZW1 with model AF-Q6SZW1-F1-model_v4.pdb
ERROR:2025-10-30 14:53:50,669:No transcript record found for Q6SZW1 in gnomAD.
INFO:2025-10-30 14:53:50,669:Pipeline completed.
INFO:2025-10-30 14:53:50,669:no_enst_for_uniprot: 6
INFO:2025-10-30 14:53:50,669:no_valid_cds: 2
INFO:2025-10-30 14:53:50,669:no_variant_data: 4
INFO:2025-10-30 14:53:50,669:bad_structure: 0
INFO:2025-10-30 14:53:50,669:no_enst_mp: 1
