INFO:2025-10-30 14:59:04,119:Starting HSC computation pipeline...
INFO:2025-10-30 15:00:19,462:Processing O60706 with model AF-O60706-F1-model_v4.pdb
INFO:2025-10-30 15:00:19,831:Computing HSC features for: O60706, ENST00000261201, ../Ntranos_Rotation/ESM-SaProt/AF-O60706-F1-model_v4.pdb.gz
INFO:2025-10-30 15:02:39,793:Successfully computed HSC for O60706.
INFO:2025-10-30 15:02:39,793:Processing O60711 with model AF-O60711-F1-model_v4.pdb
INFO:2025-10-30 15:02:40,055:Computing HSC features for: O60711, ENST00000395074, ../Ntranos_Rotation/ESM-SaProt/AF-O60711-F1-model_v4.pdb.gz
INFO:2025-10-30 15:03:10,778:Successfully computed HSC for O60711.
INFO:2025-10-30 15:03:10,778:Processing O60716 with model AF-O60716-F1-model_v4.pdb
INFO:2025-10-30 15:03:10,896:Computing HSC features for: O60716, ENST00000399050, ../Ntranos_Rotation/ESM-SaProt/AF-O60716-F1-model_v4.pdb.gz
INFO:2025-10-30 15:04:39,042:Successfully computed HSC for O60716.
INFO:2025-10-30 15:04:39,042:Processing O60721 with model AF-O60721-F1-model_v4.pdb
INFO:2025-10-30 15:04:39,201:Computing HSC features for: O60721, ENST00000261892, ../Ntranos_Rotation/ESM-SaProt/AF-O60721-F1-model_v4.pdb.gz
INFO:2025-10-30 15:06:04,338:Successfully computed HSC for O60721.
INFO:2025-10-30 15:06:04,338:Processing O60725 with model AF-O60725-F1-model_v4.pdb
INFO:2025-10-30 15:06:04,431:Computing HSC features for: O60725, ENST00000343813, ../Ntranos_Rotation/ESM-SaProt/AF-O60725-F1-model_v4.pdb.gz
INFO:2025-10-30 15:06:42,737:Successfully computed HSC for O60725.
INFO:2025-10-30 15:06:42,738:Processing O60729 with model AF-O60729-F1-model_v4.pdb
INFO:2025-10-30 15:06:42,824:Computing HSC features for: O60729, ENST00000375241, ../Ntranos_Rotation/ESM-SaProt/AF-O60729-F1-model_v4.pdb.gz
INFO:2025-10-30 15:07:26,569:Successfully computed HSC for O60729.
INFO:2025-10-30 15:07:26,570:Processing O60732 with model AF-O60732-F1-model_v4.pdb
INFO:2025-10-30 15:07:26,716:Computing HSC features for: O60732, ENST00000285879, ../Ntranos_Rotation/ESM-SaProt/AF-O60732-F1-model_v4.pdb.gz
INFO:2025-10-30 15:08:46,254:Successfully computed HSC for O60732.
INFO:2025-10-30 15:08:46,254:Processing O60733 with model AF-O60733-F1-model_v4.pdb
INFO:2025-10-30 15:08:46,346:Computing HSC features for: O60733, ENST00000332509, ../Ntranos_Rotation/ESM-SaProt/AF-O60733-F1-model_v4.pdb.gz
INFO:2025-10-30 15:10:14,368:Successfully computed HSC for O60733.
INFO:2025-10-30 15:10:14,368:Processing O60739 with model AF-O60739-F1-model_v4.pdb
INFO:2025-10-30 15:10:14,435:Computing HSC features for: O60739, ENST00000232905, ../Ntranos_Rotation/ESM-SaProt/AF-O60739-F1-model_v4.pdb.gz
INFO:2025-10-30 15:10:28,369:Successfully computed HSC for O60739.
INFO:2025-10-30 15:10:28,369:Processing O60741 with model AF-O60741-F1-model_v4.pdb
INFO:2025-10-30 15:10:28,595:Computing HSC features for: O60741, ENST00000303230, ../Ntranos_Rotation/ESM-SaProt/AF-O60741-F1-model_v4.pdb.gz
INFO:2025-10-30 15:12:28,037:Successfully computed HSC for O60741.
INFO:2025-10-30 15:12:28,037:Processing O60749 with model AF-O60749-F1-model_v4.pdb
INFO:2025-10-30 15:12:28,490:Computing HSC features for: O60749, ENST00000379516, ../Ntranos_Rotation/ESM-SaProt/AF-O60749-F1-model_v4.pdb.gz
INFO:2025-10-30 15:13:10,603:Successfully computed HSC for O60749.
INFO:2025-10-30 15:13:10,603:Processing O60755 with model AF-O60755-F1-model_v4.pdb
INFO:2025-10-30 15:13:10,691:Computing HSC features for: O60755, ENST00000249041, ../Ntranos_Rotation/ESM-SaProt/AF-O60755-F1-model_v4.pdb.gz
INFO:2025-10-30 15:14:29,818:Successfully computed HSC for O60755.
INFO:2025-10-30 15:14:29,819:Processing O60756 with model AF-O60756-F1-model_v4.pdb
ERROR:2025-10-30 15:14:30,001:No ENST transcript IDs were mapped to O60756
INFO:2025-10-30 15:14:30,001:Processing O60759 with model AF-O60759-F1-model_v4.pdb
INFO:2025-10-30 15:14:30,079:Computing HSC features for: O60759, ENST00000264192, ../Ntranos_Rotation/ESM-SaProt/AF-O60759-F1-model_v4.pdb.gz
INFO:2025-10-30 15:15:09,881:Successfully computed HSC for O60759.
INFO:2025-10-30 15:15:09,882:Processing O60760 with model AF-O60760-F1-model_v4.pdb
INFO:2025-10-30 15:15:09,970:Computing HSC features for: O60760, ENST00000295256, ../Ntranos_Rotation/ESM-SaProt/AF-O60760-F1-model_v4.pdb.gz
INFO:2025-10-30 15:15:24,657:Successfully computed HSC for O60760.
INFO:2025-10-30 15:15:24,657:Processing O60762 with model AF-O60762-F1-model_v4.pdb
INFO:2025-10-30 15:15:24,750:Computing HSC features for: O60762, ENST00000371588, ../Ntranos_Rotation/ESM-SaProt/AF-O60762-F1-model_v4.pdb.gz
INFO:2025-10-30 15:15:57,879:Successfully computed HSC for O60762.
INFO:2025-10-30 15:15:57,879:Processing O60763 with model AF-O60763-F1-model_v4.pdb
INFO:2025-10-30 15:15:58,208:Computing HSC features for: O60763, ENST00000514213, ../Ntranos_Rotation/ESM-SaProt/AF-O60763-F1-model_v4.pdb.gz
INFO:2025-10-30 15:17:04,312:Successfully computed HSC for O60763.
INFO:2025-10-30 15:17:04,312:Processing O60765 with model AF-O60765-F1-model_v4.pdb
INFO:2025-10-30 15:17:04,397:Computing HSC features for: O60765, ENST00000335815, ../Ntranos_Rotation/ESM-SaProt/AF-O60765-F1-model_v4.pdb.gz
INFO:2025-10-30 15:17:50,571:Successfully computed HSC for O60765.
INFO:2025-10-30 15:17:50,571:Processing O60774 with model AF-O60774-F1-model_v4.pdb
ERROR:2025-10-30 15:17:50,667:No ENST transcript IDs were mapped to O60774
INFO:2025-10-30 15:17:50,667:Processing O60779 with model AF-O60779-F1-model_v4.pdb
INFO:2025-10-30 15:17:50,791:Computing HSC features for: O60779, ENST00000236137, ../Ntranos_Rotation/ESM-SaProt/AF-O60779-F1-model_v4.pdb.gz
INFO:2025-10-30 15:19:06,433:Successfully computed HSC for O60779.
INFO:2025-10-30 15:19:06,433:Processing O60783 with model AF-O60783-F1-model_v4.pdb
INFO:2025-10-30 15:19:06,475:Computing HSC features for: O60783, ENST00000476371, ../Ntranos_Rotation/ESM-SaProt/AF-O60783-F1-model_v4.pdb.gz
INFO:2025-10-30 15:19:20,609:Successfully computed HSC for O60783.
INFO:2025-10-30 15:19:20,609:Processing O60784 with model AF-O60784-F1-model_v4.pdb
INFO:2025-10-30 15:19:20,694:Computing HSC features for: O60784, ENST00000449058, ../Ntranos_Rotation/ESM-SaProt/AF-O60784-F1-model_v4.pdb.gz
INFO:2025-10-30 15:20:44,724:Successfully computed HSC for O60784.
INFO:2025-10-30 15:20:44,724:Processing O60806 with model AF-O60806-F1-model_v4.pdb
INFO:2025-10-30 15:20:44,848:Computing HSC features for: O60806, ENST00000367821, ../Ntranos_Rotation/ESM-SaProt/AF-O60806-F1-model_v4.pdb.gz
INFO:2025-10-30 15:21:39,627:Successfully computed HSC for O60806.
INFO:2025-10-30 15:21:39,627:Processing O60809 with model AF-O60809-F1-model_v4.pdb
INFO:2025-10-30 15:21:39,740:Computing HSC features for: O60809, ENST00000235347, ../Ntranos_Rotation/ESM-SaProt/AF-O60809-F1-model_v4.pdb.gz
INFO:2025-10-30 15:22:14,186:Successfully computed HSC for O60809.
INFO:2025-10-30 15:22:14,186:Processing O60810 with model AF-O60810-F1-model_v4.pdb
INFO:2025-10-30 15:22:14,257:Computing HSC features for: O60810, ENST00000235349, ../Ntranos_Rotation/ESM-SaProt/AF-O60810-F1-model_v4.pdb.gz
INFO:2025-10-30 15:22:48,634:Successfully computed HSC for O60810.
INFO:2025-10-30 15:22:48,635:Processing O60811 with model AF-O60811-F1-model_v4.pdb
INFO:2025-10-30 15:22:48,706:Computing HSC features for: O60811, ENST00000240189, ../Ntranos_Rotation/ESM-SaProt/AF-O60811-F1-model_v4.pdb.gz
INFO:2025-10-30 15:23:47,886:Successfully computed HSC for O60811.
INFO:2025-10-30 15:23:47,887:Processing O60812 with model AF-O60812-F1-model_v4.pdb
INFO:2025-10-30 15:23:47,972:Computing HSC features for: O60812, ENST00000317869, ../Ntranos_Rotation/ESM-SaProt/AF-O60812-F1-model_v4.pdb.gz
INFO:2025-10-30 15:24:26,510:Successfully computed HSC for O60812.
INFO:2025-10-30 15:24:26,510:Processing O60813 with model AF-O60813-F1-model_v4.pdb
ERROR:2025-10-30 15:24:26,609:No transcript record found for O60813 in gnomAD.
INFO:2025-10-30 15:24:26,609:Processing O60814 with model AF-O60814-F1-model_v4.pdb
INFO:2025-10-30 15:24:26,650:Computing HSC features for: O60814, ENST00000356950, ../Ntranos_Rotation/ESM-SaProt/AF-O60814-F1-model_v4.pdb.gz
INFO:2025-10-30 15:24:56,103:Successfully computed HSC for O60814.
INFO:2025-10-30 15:24:56,103:Processing O60825 with model AF-O60825-F1-model_v4.pdb
INFO:2025-10-30 15:24:56,211:Computing HSC features for: O60825, ENST00000367080, ../Ntranos_Rotation/ESM-SaProt/AF-O60825-F1-model_v4.pdb.gz
INFO:2025-10-30 15:25:53,279:Successfully computed HSC for O60825.
INFO:2025-10-30 15:25:53,279:Processing O60826 with model AF-O60826-F1-model_v4.pdb
INFO:2025-10-30 15:25:53,374:Computing HSC features for: O60826, ENST00000376227, ../Ntranos_Rotation/ESM-SaProt/AF-O60826-F1-model_v4.pdb.gz
INFO:2025-10-30 15:27:08,531:Successfully computed HSC for O60826.
INFO:2025-10-30 15:27:08,531:Processing O60828 with model AF-O60828-F1-model_v4.pdb
ERROR:2025-10-30 15:27:08,578:No transcript record found for O60828 in gnomAD.
INFO:2025-10-30 15:27:08,578:Processing O60829 with model AF-O60829-F1-model_v4.pdb
INFO:2025-10-30 15:27:08,608:Computing HSC features for: O60829, ENST00000218068, ../Ntranos_Rotation/ESM-SaProt/AF-O60829-F1-model_v4.pdb.gz
INFO:2025-10-30 15:27:17,352:Successfully computed HSC for O60829.
INFO:2025-10-30 15:27:17,352:Processing O60830 with model AF-O60830-F1-model_v4.pdb
ERROR:2025-10-30 15:27:17,407:No transcript record found for O60830 in gnomAD.
INFO:2025-10-30 15:27:17,407:Processing O60831 with model AF-O60831-F1-model_v4.pdb
ERROR:2025-10-30 15:27:17,463:No transcript record found for O60831 in gnomAD.
INFO:2025-10-30 15:27:17,463:Processing O60832 with model AF-O60832-F1-model_v4.pdb
INFO:2025-10-30 15:27:17,590:Computing HSC features for: O60832, ENST00000369550, ../Ntranos_Rotation/ESM-SaProt/AF-O60832-F1-model_v4.pdb.gz
INFO:2025-10-30 15:28:02,044:Successfully computed HSC for O60832.
INFO:2025-10-30 15:28:02,044:Processing O60840 with model AF-O60840-F1-model_v4.pdb
INFO:2025-10-30 15:28:02,276:Computing HSC features for: O60840, ENST00000376265, ../Ntranos_Rotation/ESM-SaProt/AF-O60840-F1-model_v4.pdb.gz
INFO:2025-10-30 15:31:14,276:Successfully computed HSC for O60840.
INFO:2025-10-30 15:31:14,276:Processing O60841 with model AF-O60841-F1-model_v4.pdb
INFO:2025-10-30 15:31:14,417:Computing HSC features for: O60841, ENST00000289371, ../Ntranos_Rotation/ESM-SaProt/AF-O60841-F1-model_v4.pdb.gz
INFO:2025-10-30 15:32:53,374:Successfully computed HSC for O60841.
INFO:2025-10-30 15:32:53,375:Processing O60844 with model AF-O60844-F1-model_v4.pdb
INFO:2025-10-30 15:32:53,426:Computing HSC features for: O60844, ENST00000400752, ../Ntranos_Rotation/ESM-SaProt/AF-O60844-F1-model_v4.pdb.gz
INFO:2025-10-30 15:33:19,419:Successfully computed HSC for O60844.
INFO:2025-10-30 15:33:19,420:Processing O60858 with model AF-O60858-F1-model_v4.pdb
INFO:2025-10-30 15:33:19,510:Computing HSC features for: O60858, ENST00000378182, ../Ntranos_Rotation/ESM-SaProt/AF-O60858-F1-model_v4.pdb.gz
INFO:2025-10-30 15:34:03,895:Successfully computed HSC for O60858.
INFO:2025-10-30 15:34:03,895:Processing O60861 with model AF-O60861-F1-model_v4.pdb
INFO:2025-10-30 15:34:04,004:Computing HSC features for: O60861, ENST00000432992, ../Ntranos_Rotation/ESM-SaProt/AF-O60861-F1-model_v4.pdb.gz
INFO:2025-10-30 15:35:28,006:Successfully computed HSC for O60861.
INFO:2025-10-30 15:35:28,006:Processing O60869 with model AF-O60869-F1-model_v4.pdb
INFO:2025-10-30 15:35:28,065:Computing HSC features for: O60869, ENST00000224073, ../Ntranos_Rotation/ESM-SaProt/AF-O60869-F1-model_v4.pdb.gz
INFO:2025-10-30 15:35:49,221:Successfully computed HSC for O60869.
INFO:2025-10-30 15:35:49,221:Processing O60870 with model AF-O60870-F1-model_v4.pdb
INFO:2025-10-30 15:35:49,324:Computing HSC features for: O60870, ENST00000379562, ../Ntranos_Rotation/ESM-SaProt/AF-O60870-F1-model_v4.pdb.gz
INFO:2025-10-30 15:36:18,527:Successfully computed HSC for O60870.
INFO:2025-10-30 15:36:18,527:Processing O60879 with model AF-O60879-F1-model_v4.pdb
INFO:2025-10-30 15:36:18,661:Computing HSC features for: O60879, ENST00000324765, ../Ntranos_Rotation/ESM-SaProt/AF-O60879-F1-model_v4.pdb.gz
INFO:2025-10-30 15:37:38,652:Successfully computed HSC for O60879.
INFO:2025-10-30 15:37:38,652:Processing O60880 with model AF-O60880-F1-model_v4.pdb
ERROR:2025-10-30 15:37:38,696:No transcript record found for O60880 in gnomAD.
INFO:2025-10-30 15:37:38,697:Processing O60882 with model AF-O60882-F1-model_v4.pdb
INFO:2025-10-30 15:37:38,802:Computing HSC features for: O60882, ENST00000260228, ../Ntranos_Rotation/ESM-SaProt/AF-O60882-F1-model_v4.pdb.gz
INFO:2025-10-30 15:38:40,568:Successfully computed HSC for O60882.
INFO:2025-10-30 15:38:40,568:Processing O60883 with model AF-O60883-F1-model_v4.pdb
INFO:2025-10-30 15:38:40,693:Computing HSC features for: O60883, ENST00000367282, ../Ntranos_Rotation/ESM-SaProt/AF-O60883-F1-model_v4.pdb.gz
INFO:2025-10-30 15:39:51,302:Successfully computed HSC for O60883.
INFO:2025-10-30 15:39:51,303:Processing O60884 with model AF-O60884-F1-model_v4.pdb
INFO:2025-10-30 15:39:51,390:Computing HSC features for: O60884, ENST00000317089, ../Ntranos_Rotation/ESM-SaProt/AF-O60884-F1-model_v4.pdb.gz
INFO:2025-10-30 15:40:42,712:Successfully computed HSC for O60884.
INFO:2025-10-30 15:40:42,712:Processing O60885 with model AF-O60885-F1-model_v4.pdb
INFO:2025-10-30 15:40:42,865:Computing HSC features for: O60885, ENST00000263377, ../Ntranos_Rotation/ESM-SaProt/AF-O60885-F1-model_v4.pdb.gz
INFO:2025-10-30 15:43:35,490:Successfully computed HSC for O60885.
INFO:2025-10-30 15:43:35,490:Processing O60888 with model AF-O60888-F1-model_v4.pdb
INFO:2025-10-30 15:43:35,542:Computing HSC features for: O60888, ENST00000488034, ../Ntranos_Rotation/ESM-SaProt/AF-O60888-F1-model_v4.pdb.gz
INFO:2025-10-30 15:43:54,658:Successfully computed HSC for O60888.
INFO:2025-10-30 15:43:54,658:Pipeline completed.
INFO:2025-10-30 15:43:54,658:no_enst_for_uniprot: 2
INFO:2025-10-30 15:43:54,658:no_valid_cds: 0
INFO:2025-10-30 15:43:54,658:no_variant_data: 5
INFO:2025-10-30 15:43:54,658:bad_structure: 0
INFO:2025-10-30 15:43:54,658:no_enst_mp: 0
