INFO:2025-10-30 14:25:03,894:Starting HSC computation pipeline...
INFO:2025-10-30 14:26:12,611:Processing Q13901 with model AF-Q13901-F1-model_v4.pdb
INFO:2025-10-30 14:26:12,666:Computing HSC features for: Q13901, ENST00000355848, ../Ntranos_Rotation/ESM-SaProt/AF-Q13901-F1-model_v4.pdb.gz
INFO:2025-10-30 14:26:33,082:Successfully computed HSC for Q13901.
INFO:2025-10-30 14:26:33,082:Processing Q13905 with model AF-Q13905-F1-model_v4.pdb
INFO:2025-10-30 14:26:33,214:Computing HSC features for: Q13905, ENST00000372189, ../Ntranos_Rotation/ESM-SaProt/AF-Q13905-F1-model_v4.pdb.gz
INFO:2025-10-30 14:28:58,877:Successfully computed HSC for Q13905.
INFO:2025-10-30 14:28:58,878:Processing Q13907 with model AF-Q13907-F1-model_v4.pdb
INFO:2025-10-30 14:28:59,035:Computing HSC features for: Q13907, ENST00000429642, ../Ntranos_Rotation/ESM-SaProt/AF-Q13907-F1-model_v4.pdb.gz
INFO:2025-10-30 14:29:27,934:Successfully computed HSC for Q13907.
INFO:2025-10-30 14:29:27,934:Processing Q13936 with model AF-Q13936-F1-model_v4.pdb
ERROR:2025-10-30 14:29:28,450:No transcript record found for Q13936 in gnomAD.
INFO:2025-10-30 14:29:28,451:Processing Q13938 with model AF-Q13938-F1-model_v4.pdb
ERROR:2025-10-30 14:29:28,533:No valid CDS found for Q13938
INFO:2025-10-30 14:29:28,533:Processing Q13939 with model AF-Q13939-F1-model_v4.pdb
INFO:2025-10-30 14:29:28,684:Computing HSC features for: Q13939, ENST00000335119, ../Ntranos_Rotation/ESM-SaProt/AF-Q13939-F1-model_v4.pdb.gz
INFO:2025-10-30 14:30:48,708:Successfully computed HSC for Q13939.
INFO:2025-10-30 14:30:48,709:Processing Q13946 with model AF-Q13946-F1-model_v4.pdb
INFO:2025-10-30 14:30:48,856:Computing HSC features for: Q13946, ENST00000401827, ../Ntranos_Rotation/ESM-SaProt/AF-Q13946-F1-model_v4.pdb.gz
INFO:2025-10-30 14:31:44,386:Successfully computed HSC for Q13946.
INFO:2025-10-30 14:31:44,387:Processing Q13950 with model AF-Q13950-F1-model_v4.pdb
INFO:2025-10-30 14:31:44,525:Computing HSC features for: Q13950, ENST00000371438, ../Ntranos_Rotation/ESM-SaProt/AF-Q13950-F1-model_v4.pdb.gz
INFO:2025-10-30 14:33:16,165:Successfully computed HSC for Q13950.
INFO:2025-10-30 14:33:16,165:Processing Q13951 with model AF-Q13951-F1-model_v4.pdb
INFO:2025-10-30 14:33:16,270:Computing HSC features for: Q13951, ENST00000290858, ../Ntranos_Rotation/ESM-SaProt/AF-Q13951-F1-model_v4.pdb.gz
INFO:2025-10-30 14:33:52,862:Successfully computed HSC for Q13951.
INFO:2025-10-30 14:33:52,862:Processing Q13952 with model AF-Q13952-F1-model_v4.pdb
INFO:2025-10-30 14:33:53,140:Computing HSC features for: Q13952, ENST00000308733, ../Ntranos_Rotation/ESM-SaProt/AF-Q13952-F1-model_v4.pdb.gz
INFO:2025-10-30 14:34:45,180:Successfully computed HSC for Q13952.
INFO:2025-10-30 14:34:45,180:Processing Q13956 with model AF-Q13956-F1-model_v4.pdb
INFO:2025-10-30 14:34:45,223:Computing HSC features for: Q13956, ENST00000266395, ../Ntranos_Rotation/ESM-SaProt/AF-Q13956-F1-model_v4.pdb.gz
INFO:2025-10-30 14:35:05,122:Successfully computed HSC for Q13956.
INFO:2025-10-30 14:35:05,122:Processing Q13972 with model AF-Q13972-F1-model_v4.pdb
INFO:2025-10-30 14:35:05,296:Computing HSC features for: Q13972, ENST00000419573, ../Ntranos_Rotation/ESM-SaProt/AF-Q13972-F1-model_v4.pdb.gz
INFO:2025-10-30 14:37:55,282:Successfully computed HSC for Q13972.
INFO:2025-10-30 14:37:55,282:Processing Q13976 with model AF-Q13976-F1-model_v4.pdb
INFO:2025-10-30 14:37:55,407:Computing HSC features for: Q13976, ENST00000401604, ../Ntranos_Rotation/ESM-SaProt/AF-Q13976-F1-model_v4.pdb.gz
INFO:2025-10-30 14:39:07,144:Successfully computed HSC for Q13976.
INFO:2025-10-30 14:39:07,144:Processing Q14002 with model AF-Q14002-F1-model_v4.pdb
INFO:2025-10-30 14:39:07,267:Computing HSC features for: Q14002, ENST00000006724, ../Ntranos_Rotation/ESM-SaProt/AF-Q14002-F1-model_v4.pdb.gz
INFO:2025-10-30 14:39:37,450:Successfully computed HSC for Q14002.
INFO:2025-10-30 14:39:37,450:Processing Q14003 with model AF-Q14003-F1-model_v4.pdb
INFO:2025-10-30 14:39:37,688:Computing HSC features for: Q14003, ENST00000477616, ../Ntranos_Rotation/ESM-SaProt/AF-Q14003-F1-model_v4.pdb.gz
INFO:2025-10-30 14:42:05,013:Successfully computed HSC for Q14003.
INFO:2025-10-30 14:42:05,013:Processing Q14004 with model AF-Q14004-F1-model_v4.pdb
INFO:2025-10-30 14:42:05,352:Computing HSC features for: Q14004, ENST00000181839, ../Ntranos_Rotation/ESM-SaProt/AF-Q14004-F1-model_v4.pdb.gz
INFO:2025-10-30 14:45:20,830:Successfully computed HSC for Q14004.
INFO:2025-10-30 14:45:20,831:Processing Q14005 with model AF-Q14005-F1-model_v4.pdb
ERROR:2025-10-30 14:45:21,132:No transcript record found for Q14005 in gnomAD.
INFO:2025-10-30 14:45:21,132:Processing Q14008 with model AF-Q14008-F1-model_v4.pdb
INFO:2025-10-30 14:45:21,639:Computing HSC features for: Q14008, ENST00000529230, ../Ntranos_Rotation/ESM-SaProt/AF-Q14008-F1-model_v4.pdb.gz
INFO:2025-10-30 14:48:33,247:Successfully computed HSC for Q14008.
INFO:2025-10-30 14:48:33,247:Processing Q14011 with model AF-Q14011-F1-model_v4.pdb
INFO:2025-10-30 14:48:33,291:Computing HSC features for: Q14011, ENST00000320936, ../Ntranos_Rotation/ESM-SaProt/AF-Q14011-F1-model_v4.pdb.gz
INFO:2025-10-30 14:48:58,514:Successfully computed HSC for Q14011.
INFO:2025-10-30 14:48:58,514:Processing Q14012 with model AF-Q14012-F1-model_v4.pdb
INFO:2025-10-30 14:48:58,593:Computing HSC features for: Q14012, ENST00000256460, ../Ntranos_Rotation/ESM-SaProt/AF-Q14012-F1-model_v4.pdb.gz
INFO:2025-10-30 14:49:45,191:Successfully computed HSC for Q14012.
INFO:2025-10-30 14:49:45,191:Processing Q14019 with model AF-Q14019-F1-model_v4.pdb
INFO:2025-10-30 14:49:45,228:Computing HSC features for: Q14019, ENST00000262428, ../Ntranos_Rotation/ESM-SaProt/AF-Q14019-F1-model_v4.pdb.gz
INFO:2025-10-30 14:50:10,485:Successfully computed HSC for Q14019.
INFO:2025-10-30 14:50:10,485:Processing Q14028 with model AF-Q14028-F1-model_v4.pdb
INFO:2025-10-30 14:50:10,645:Computing HSC features for: Q14028, ENST00000251102, ../Ntranos_Rotation/ESM-SaProt/AF-Q14028-F1-model_v4.pdb.gz
INFO:2025-10-30 14:52:42,026:Successfully computed HSC for Q14028.
INFO:2025-10-30 14:52:42,027:Processing Q14031 with model AF-Q14031-F1-model_v4.pdb
INFO:2025-10-30 14:52:42,519:Computing HSC features for: Q14031, ENST00000372216, ../Ntranos_Rotation/ESM-SaProt/AF-Q14031-F1-model_v4.pdb.gz
INFO:2025-10-30 14:55:32,573:Successfully computed HSC for Q14031.
INFO:2025-10-30 14:55:32,573:Processing Q14032 with model AF-Q14032-F1-model_v4.pdb
INFO:2025-10-30 14:55:32,645:Computing HSC features for: Q14032, ENST00000259407, ../Ntranos_Rotation/ESM-SaProt/AF-Q14032-F1-model_v4.pdb.gz
INFO:2025-10-30 14:56:17,057:Successfully computed HSC for Q14032.
INFO:2025-10-30 14:56:17,057:Processing Q14050 with model AF-Q14050-F1-model_v4.pdb
ERROR:2025-10-30 14:56:17,143:No transcript record found for Q14050 in gnomAD.
INFO:2025-10-30 14:56:17,143:Processing Q14055 with model AF-Q14055-F1-model_v4.pdb
INFO:2025-10-30 14:56:17,300:Computing HSC features for: Q14055, ENST00000372748, ../Ntranos_Rotation/ESM-SaProt/AF-Q14055-F1-model_v4.pdb.gz
INFO:2025-10-30 14:58:23,244:Successfully computed HSC for Q14055.
INFO:2025-10-30 14:58:23,244:Processing Q5SSG8 with model AF-Q5SSG8-F1-model_v4.pdb
INFO:2025-10-30 14:58:23,367:Computing HSC features for: Q5SSG8, ENST00000376296, ../Ntranos_Rotation/ESM-SaProt/AF-Q5SSG8-F1-model_v4.pdb.gz
INFO:2025-10-30 14:59:36,701:Successfully computed HSC for Q5SSG8.
INFO:2025-10-30 14:59:36,701:Processing Q5SSJ5 with model AF-Q5SSJ5-F1-model_v4.pdb
INFO:2025-10-30 14:59:36,857:Computing HSC features for: Q5SSJ5, ENST00000312239, ../Ntranos_Rotation/ESM-SaProt/AF-Q5SSJ5-F1-model_v4.pdb.gz
INFO:2025-10-30 15:00:28,470:Successfully computed HSC for Q5SSJ5.
INFO:2025-10-30 15:00:28,470:Processing Q5SSQ6 with model AF-Q5SSQ6-F1-model_v4.pdb
INFO:2025-10-30 15:00:28,504:Computing HSC features for: Q5SSQ6, ENST00000425424, ../Ntranos_Rotation/ESM-SaProt/AF-Q5SSQ6-F1-model_v4.pdb.gz
INFO:2025-10-30 15:01:05,232:Successfully computed HSC for Q5SSQ6.
INFO:2025-10-30 15:01:05,232:Processing Q5ST30 with model AF-Q5ST30-F1-model_v4.pdb
INFO:2025-10-30 15:01:05,519:Computing HSC features for: Q5ST30, ENST00000541562, ../Ntranos_Rotation/ESM-SaProt/AF-Q5ST30-F1-model_v4.pdb.gz
INFO:2025-10-30 15:03:28,512:Successfully computed HSC for Q5ST30.
INFO:2025-10-30 15:03:28,512:Processing Q5STR5 with model AF-Q5STR5-F1-model_v4.pdb
ERROR:2025-10-30 15:03:28,569:No transcript record found for Q5STR5 in gnomAD.
INFO:2025-10-30 15:03:28,569:Processing Q5SV17 with model AF-Q5SV17-F1-model_v4.pdb
INFO:2025-10-30 15:03:28,625:Computing HSC features for: Q5SV17, ENST00000378733, ../Ntranos_Rotation/ESM-SaProt/AF-Q5SV17-F1-model_v4.pdb.gz
INFO:2025-10-30 15:04:16,699:Successfully computed HSC for Q5SV17.
INFO:2025-10-30 15:04:16,699:Processing Q5SV97 with model AF-Q5SV97-F1-model_v4.pdb
ERROR:2025-10-30 15:04:16,870:No transcript record found for Q5SV97 in gnomAD.
INFO:2025-10-30 15:04:16,870:Processing Q5SVJ3 with model AF-Q5SVJ3-F1-model_v4.pdb
INFO:2025-10-30 15:04:16,918:Computing HSC features for: Q5SVJ3, ENST00000308105, ../Ntranos_Rotation/ESM-SaProt/AF-Q5SVJ3-F1-model_v4.pdb.gz
INFO:2025-10-30 15:04:44,091:Successfully computed HSC for Q5SVJ3.
INFO:2025-10-30 15:04:44,091:Processing Q5SVQ8 with model AF-Q5SVQ8-F1-model_v4.pdb
INFO:2025-10-30 15:04:44,324:Computing HSC features for: Q5SVQ8, ENST00000367405, ../Ntranos_Rotation/ESM-SaProt/AF-Q5SVQ8-F1-model_v4.pdb.gz
INFO:2025-10-30 15:06:26,709:Successfully computed HSC for Q5SVQ8.
INFO:2025-10-30 15:06:26,709:Processing Q5SVS4 with model AF-Q5SVS4-F1-model_v4.pdb
INFO:2025-10-30 15:06:26,811:Computing HSC features for: Q5SVS4, ENST00000519676, ../Ntranos_Rotation/ESM-SaProt/AF-Q5SVS4-F1-model_v4.pdb.gz
INFO:2025-10-30 15:07:00,031:Successfully computed HSC for Q5SVS4.
INFO:2025-10-30 15:07:00,031:Processing Q5SVZ6 with model AF-Q5SVZ6-F1-model_v4.pdb
INFO:2025-10-30 15:07:00,355:Computing HSC features for: Q5SVZ6, ENST00000359858, ../Ntranos_Rotation/ESM-SaProt/AF-Q5SVZ6-F1-model_v4.pdb.gz
INFO:2025-10-30 15:08:49,215:Successfully computed HSC for Q5SVZ6.
INFO:2025-10-30 15:08:49,215:Processing Q5SW24 with model AF-Q5SW24-F1-model_v4.pdb
INFO:2025-10-30 15:08:49,410:Computing HSC features for: Q5SW24, ENST00000366795, ../Ntranos_Rotation/ESM-SaProt/AF-Q5SW24-F1-model_v4.pdb.gz
INFO:2025-10-30 15:10:43,683:Successfully computed HSC for Q5SW24.
INFO:2025-10-30 15:10:43,683:Processing Q5SW79 with model AF-Q5SW79-F1-model_v4.pdb
INFO:2025-10-30 15:10:43,910:Computing HSC features for: Q5SW79, ENST00000366542, ../Ntranos_Rotation/ESM-SaProt/AF-Q5SW79-F1-model_v4.pdb.gz
INFO:2025-10-30 15:13:10,532:Successfully computed HSC for Q5SW79.
INFO:2025-10-30 15:13:10,533:Processing Q5SW96 with model AF-Q5SW96-F1-model_v4.pdb
INFO:2025-10-30 15:13:10,639:Computing HSC features for: Q5SW96, ENST00000374338, ../Ntranos_Rotation/ESM-SaProt/AF-Q5SW96-F1-model_v4.pdb.gz
INFO:2025-10-30 15:14:27,155:Successfully computed HSC for Q5SW96.
INFO:2025-10-30 15:14:27,155:Processing Q5SWA1 with model AF-Q5SWA1-F1-model_v4.pdb
INFO:2025-10-30 15:14:27,321:Computing HSC features for: Q5SWA1, ENST00000367188, ../Ntranos_Rotation/ESM-SaProt/AF-Q5SWA1-F1-model_v4.pdb.gz
INFO:2025-10-30 15:15:37,862:Successfully computed HSC for Q5SWA1.
INFO:2025-10-30 15:15:37,862:Processing Q5SWH9 with model AF-Q5SWH9-F1-model_v4.pdb
INFO:2025-10-30 15:15:37,954:Computing HSC features for: Q5SWH9, ENST00000372025, ../Ntranos_Rotation/ESM-SaProt/AF-Q5SWH9-F1-model_v4.pdb.gz
INFO:2025-10-30 15:16:00,098:Successfully computed HSC for Q5SWH9.
INFO:2025-10-30 15:16:00,098:Processing Q5SWL7 with model AF-Q5SWL7-F1-model_v4.pdb
ERROR:2025-10-30 15:16:00,212:No valid CDS found for Q5SWL7
INFO:2025-10-30 15:16:00,213:Processing Q5SWL8 with model AF-Q5SWL8-F1-model_v4.pdb
INFO:2025-10-30 15:16:00,358:Computing HSC features for: Q5SWL8, ENST00000376101, ../Ntranos_Rotation/ESM-SaProt/AF-Q5SWL8-F1-model_v4.pdb.gz
INFO:2025-10-30 15:16:53,226:Successfully computed HSC for Q5SWL8.
INFO:2025-10-30 15:16:53,226:Processing Q5SWW7 with model AF-Q5SWW7-F1-model_v4.pdb
ERROR:2025-10-30 15:16:53,292:No ENST transcript IDs were mapped to Q5SWW7
INFO:2025-10-30 15:16:53,293:Processing Q5SWX8 with model AF-Q5SWX8-F1-model_v4.pdb
INFO:2025-10-30 15:16:53,435:Computing HSC features for: Q5SWX8, ENST00000287859, ../Ntranos_Rotation/ESM-SaProt/AF-Q5SWX8-F1-model_v4.pdb.gz
INFO:2025-10-30 15:17:34,894:Successfully computed HSC for Q5SWX8.
INFO:2025-10-30 15:17:34,895:Processing Q5SXH7 with model AF-Q5SXH7-F1-model_v4.pdb
INFO:2025-10-30 15:17:35,018:Computing HSC features for: Q5SXH7, ENST00000369310, ../Ntranos_Rotation/ESM-SaProt/AF-Q5SXH7-F1-model_v4.pdb.gz
INFO:2025-10-30 15:18:16,632:Successfully computed HSC for Q5SXH7.
INFO:2025-10-30 15:18:16,632:Processing Q5SXM1 with model AF-Q5SXM1-F1-model_v4.pdb
INFO:2025-10-30 15:18:16,788:Computing HSC features for: Q5SXM1, ENST00000397097, ../Ntranos_Rotation/ESM-SaProt/AF-Q5SXM1-F1-model_v4.pdb.gz
INFO:2025-10-30 15:19:02,897:Successfully computed HSC for Q5SXM1.
INFO:2025-10-30 15:19:02,897:Processing Q5SXM2 with model AF-Q5SXM2-F1-model_v4.pdb
ERROR:2025-10-30 15:19:03,207:No transcript record found for Q5SXM2 in gnomAD.
INFO:2025-10-30 15:19:03,207:Processing Q5SXM8 with model AF-Q5SXM8-F1-model_v4.pdb
INFO:2025-10-30 15:19:03,277:Computing HSC features for: Q5SXM8, ENST00000371738, ../Ntranos_Rotation/ESM-SaProt/AF-Q5SXM8-F1-model_v4.pdb.gz
INFO:2025-10-30 15:19:58,801:Successfully computed HSC for Q5SXM8.
INFO:2025-10-30 15:19:58,801:Pipeline completed.
INFO:2025-10-30 15:19:58,801:no_enst_for_uniprot: 1
INFO:2025-10-30 15:19:58,801:no_valid_cds: 2
INFO:2025-10-30 15:19:58,802:no_variant_data: 6
INFO:2025-10-30 15:19:58,802:bad_structure: 0
INFO:2025-10-30 15:19:58,802:no_enst_mp: 0
