INFO:2025-10-30 14:26:03,491:Starting HSC computation pipeline...
INFO:2025-10-30 14:27:08,112:Processing Q8IXQ9 with model AF-Q8IXQ9-F1-model_v4.pdb
INFO:2025-10-30 14:27:08,180:Computing HSC features for: Q8IXQ9, ENST00000357721, ../Ntranos_Rotation/ESM-SaProt/AF-Q8IXQ9-F1-model_v4.pdb.gz
INFO:2025-10-30 14:27:28,754:Successfully computed HSC for Q8IXQ9.
INFO:2025-10-30 14:27:28,754:Processing Q8IXR5 with model AF-Q8IXR5-F1-model_v4.pdb
INFO:2025-10-30 14:27:28,966:Computing HSC features for: Q8IXR5, ENST00000490605, ../Ntranos_Rotation/ESM-SaProt/AF-Q8IXR5-F1-model_v4.pdb.gz
INFO:2025-10-30 14:28:40,408:Successfully computed HSC for Q8IXR5.
INFO:2025-10-30 14:28:40,408:Processing Q8IXR9 with model AF-Q8IXR9-F1-model_v4.pdb
INFO:2025-10-30 14:28:40,677:Computing HSC features for: Q8IXR9, ENST00000543942, ../Ntranos_Rotation/ESM-SaProt/AF-Q8IXR9-F1-model_v4.pdb.gz
INFO:2025-10-30 14:29:38,698:Successfully computed HSC for Q8IXR9.
INFO:2025-10-30 14:29:38,698:Processing Q8IXS0 with model AF-Q8IXS0-F1-model_v4.pdb
INFO:2025-10-30 14:29:38,801:Computing HSC features for: Q8IXS0, ENST00000274673, ../Ntranos_Rotation/ESM-SaProt/AF-Q8IXS0-F1-model_v4.pdb.gz
INFO:2025-10-30 14:30:19,889:Successfully computed HSC for Q8IXS0.
INFO:2025-10-30 14:30:19,889:Processing Q8IXS2 with model AF-Q8IXS2-F1-model_v4.pdb
INFO:2025-10-30 14:30:20,051:Computing HSC features for: Q8IXS2, ENST00000320516, ../Ntranos_Rotation/ESM-SaProt/AF-Q8IXS2-F1-model_v4.pdb.gz
INFO:2025-10-30 14:31:03,944:Successfully computed HSC for Q8IXS2.
INFO:2025-10-30 14:31:03,944:Processing Q8IXS6 with model AF-Q8IXS6-F1-model_v4.pdb
INFO:2025-10-30 14:31:04,071:Computing HSC features for: Q8IXS6, ENST00000374531, ../Ntranos_Rotation/ESM-SaProt/AF-Q8IXS6-F1-model_v4.pdb.gz
INFO:2025-10-30 14:31:48,125:Successfully computed HSC for Q8IXS6.
INFO:2025-10-30 14:31:48,125:Processing Q8IXS8 with model AF-Q8IXS8-F1-model_v4.pdb
INFO:2025-10-30 14:31:48,219:Computing HSC features for: Q8IXS8, ENST00000418596, ../Ntranos_Rotation/ESM-SaProt/AF-Q8IXS8-F1-model_v4.pdb.gz
INFO:2025-10-30 14:32:36,360:Successfully computed HSC for Q8IXS8.
INFO:2025-10-30 14:32:36,361:Processing Q8IXT1 with model AF-Q8IXT1-F1-model_v4.pdb
INFO:2025-10-30 14:32:36,610:Computing HSC features for: Q8IXT1, ENST00000533655, ../Ntranos_Rotation/ESM-SaProt/AF-Q8IXT1-F1-model_v4.pdb.gz
INFO:2025-10-30 14:33:54,653:Successfully computed HSC for Q8IXT1.
INFO:2025-10-30 14:33:54,654:Processing Q8IXT2 with model AF-Q8IXT2-F1-model_v4.pdb
INFO:2025-10-30 14:33:54,770:Computing HSC features for: Q8IXT2, ENST00000269945, ../Ntranos_Rotation/ESM-SaProt/AF-Q8IXT2-F1-model_v4.pdb.gz
INFO:2025-10-30 14:34:37,085:Successfully computed HSC for Q8IXT2.
INFO:2025-10-30 14:34:37,085:Processing Q8IXT5 with model AF-Q8IXT5-F1-model_v4.pdb
INFO:2025-10-30 14:34:37,381:Computing HSC features for: Q8IXT5, ENST00000399300, ../Ntranos_Rotation/ESM-SaProt/AF-Q8IXT5-F1-model_v4.pdb.gz
INFO:2025-10-30 14:36:17,461:Successfully computed HSC for Q8IXT5.
INFO:2025-10-30 14:36:17,461:Processing Q8IXU6 with model AF-Q8IXU6-F1-model_v4.pdb
INFO:2025-10-30 14:36:17,578:Computing HSC features for: Q8IXU6, ENST00000525815, ../Ntranos_Rotation/ESM-SaProt/AF-Q8IXU6-F1-model_v4.pdb.gz
INFO:2025-10-30 14:37:05,542:Successfully computed HSC for Q8IXU6.
INFO:2025-10-30 14:37:05,542:Processing Q8IXV7 with model AF-Q8IXV7-F1-model_v4.pdb
INFO:2025-10-30 14:37:05,618:Computing HSC features for: Q8IXV7, ENST00000332780, ../Ntranos_Rotation/ESM-SaProt/AF-Q8IXV7-F1-model_v4.pdb.gz
INFO:2025-10-30 14:37:46,248:Successfully computed HSC for Q8IXV7.
INFO:2025-10-30 14:37:46,248:Processing Q8IXW0 with model AF-Q8IXW0-F1-model_v4.pdb
INFO:2025-10-30 14:37:46,379:Computing HSC features for: Q8IXW0, ENST00000329451, ../Ntranos_Rotation/ESM-SaProt/AF-Q8IXW0-F1-model_v4.pdb.gz
INFO:2025-10-30 14:39:47,207:Successfully computed HSC for Q8IXW0.
INFO:2025-10-30 14:39:47,207:Processing Q8IXW5 with model AF-Q8IXW5-F1-model_v4.pdb
INFO:2025-10-30 14:39:47,298:Computing HSC features for: Q8IXW5, ENST00000610020, ../Ntranos_Rotation/ESM-SaProt/AF-Q8IXW5-F1-model_v4.pdb.gz
INFO:2025-10-30 14:40:41,656:Successfully computed HSC for Q8IXW5.
INFO:2025-10-30 14:40:41,656:Processing Q8IXX5 with model AF-Q8IXX5-F1-model_v4.pdb
INFO:2025-10-30 14:40:41,738:Computing HSC features for: Q8IXX5, ENST00000367242, ../Ntranos_Rotation/ESM-SaProt/AF-Q8IXX5-F1-model_v4.pdb.gz
INFO:2025-10-30 14:41:27,730:Successfully computed HSC for Q8IXX5.
INFO:2025-10-30 14:41:27,730:Processing Q8IXY8 with model AF-Q8IXY8-F1-model_v4.pdb
INFO:2025-10-30 14:41:27,836:Computing HSC features for: Q8IXY8, ENST00000521072, ../Ntranos_Rotation/ESM-SaProt/AF-Q8IXY8-F1-model_v4.pdb.gz
INFO:2025-10-30 14:41:58,672:Successfully computed HSC for Q8IXY8.
INFO:2025-10-30 14:41:58,672:Processing Q8IXZ2 with model AF-Q8IXZ2-F1-model_v4.pdb
INFO:2025-10-30 14:41:58,961:Computing HSC features for: Q8IXZ2, ENST00000262577, ../Ntranos_Rotation/ESM-SaProt/AF-Q8IXZ2-F1-model_v4.pdb.gz
INFO:2025-10-30 14:45:24,435:Successfully computed HSC for Q8IXZ2.
INFO:2025-10-30 14:45:24,435:Processing Q8IXZ3 with model AF-Q8IXZ3-F1-model_v4.pdb
INFO:2025-10-30 14:45:24,576:Computing HSC features for: Q8IXZ3, ENST00000361443, ../Ntranos_Rotation/ESM-SaProt/AF-Q8IXZ3-F1-model_v4.pdb.gz
INFO:2025-10-30 14:47:36,231:Successfully computed HSC for Q8IXZ3.
INFO:2025-10-30 14:47:36,231:Processing Q8IY17 with model AF-Q8IY17-F1-model_v4.pdb
INFO:2025-10-30 14:47:36,410:Computing HSC features for: Q8IY17, ENST00000414982, ../Ntranos_Rotation/ESM-SaProt/AF-Q8IY17-F1-model_v4.pdb.gz
INFO:2025-10-30 14:53:05,394:Successfully computed HSC for Q8IY17.
INFO:2025-10-30 14:53:05,394:Processing Q8IY18 with model AF-Q8IY18-F1-model_v4.pdb
INFO:2025-10-30 14:53:05,545:Computing HSC features for: Q8IY18, ENST00000361138, ../Ntranos_Rotation/ESM-SaProt/AF-Q8IY18-F1-model_v4.pdb.gz
INFO:2025-10-30 14:54:39,606:Successfully computed HSC for Q8IY18.
INFO:2025-10-30 14:54:39,606:Processing Q8IY21 with model AF-Q8IY21-F1-model_v4.pdb
INFO:2025-10-30 14:54:39,966:Computing HSC features for: Q8IY21, ENST00000393743, ../Ntranos_Rotation/ESM-SaProt/AF-Q8IY21-F1-model_v4.pdb.gz
INFO:2025-10-30 14:57:38,446:Successfully computed HSC for Q8IY21.
INFO:2025-10-30 14:57:38,446:Processing Q8IY22 with model AF-Q8IY22-F1-model_v4.pdb
INFO:2025-10-30 14:57:38,566:Computing HSC features for: Q8IY22, ENST00000537098, ../Ntranos_Rotation/ESM-SaProt/AF-Q8IY22-F1-model_v4.pdb.gz
INFO:2025-10-30 14:59:16,096:Successfully computed HSC for Q8IY22.
INFO:2025-10-30 14:59:16,096:Processing Q8IY26 with model AF-Q8IY26-F1-model_v4.pdb
INFO:2025-10-30 14:59:16,156:Computing HSC features for: Q8IY26, ENST00000381883, ../Ntranos_Rotation/ESM-SaProt/AF-Q8IY26-F1-model_v4.pdb.gz
INFO:2025-10-30 15:00:00,081:Successfully computed HSC for Q8IY26.
INFO:2025-10-30 15:00:00,081:Processing Q8IY31 with model AF-Q8IY31-F1-model_v4.pdb
INFO:2025-10-30 15:00:00,166:Computing HSC features for: Q8IY31, ENST00000395418, ../Ntranos_Rotation/ESM-SaProt/AF-Q8IY31-F1-model_v4.pdb.gz
INFO:2025-10-30 15:00:10,613:Successfully computed HSC for Q8IY31.
INFO:2025-10-30 15:00:10,613:Processing Q8IY33 with model AF-Q8IY33-F1-model_v4.pdb
INFO:2025-10-30 15:00:10,814:Computing HSC features for: Q8IY33, ENST00000297508, ../Ntranos_Rotation/ESM-SaProt/AF-Q8IY33-F1-model_v4.pdb.gz
INFO:2025-10-30 15:03:15,294:Successfully computed HSC for Q8IY33.
INFO:2025-10-30 15:03:15,294:Processing Q8IY34 with model AF-Q8IY34-F1-model_v4.pdb
INFO:2025-10-30 15:03:15,378:Computing HSC features for: Q8IY34, ENST00000227880, ../Ntranos_Rotation/ESM-SaProt/AF-Q8IY34-F1-model_v4.pdb.gz
INFO:2025-10-30 15:04:43,506:Successfully computed HSC for Q8IY34.
INFO:2025-10-30 15:04:43,506:Processing Q8IY37 with model AF-Q8IY37-F1-model_v4.pdb
INFO:2025-10-30 15:04:43,654:Computing HSC features for: Q8IY37, ENST00000308736, ../Ntranos_Rotation/ESM-SaProt/AF-Q8IY37-F1-model_v4.pdb.gz
INFO:2025-10-30 15:07:19,690:Successfully computed HSC for Q8IY37.
INFO:2025-10-30 15:07:19,690:Processing Q8IY42 with model AF-Q8IY42-F1-model_v4.pdb
INFO:2025-10-30 15:07:19,755:Computing HSC features for: Q8IY42, ENST00000284437, ../Ntranos_Rotation/ESM-SaProt/AF-Q8IY42-F1-model_v4.pdb.gz
INFO:2025-10-30 15:07:47,298:Successfully computed HSC for Q8IY42.
INFO:2025-10-30 15:07:47,298:Processing Q8IY45 with model AF-Q8IY45-F1-model_v4.pdb
INFO:2025-10-30 15:07:47,479:Computing HSC features for: Q8IY45, ENST00000281471, ../Ntranos_Rotation/ESM-SaProt/AF-Q8IY45-F1-model_v4.pdb.gz
INFO:2025-10-30 15:08:26,382:Successfully computed HSC for Q8IY45.
INFO:2025-10-30 15:08:26,382:Processing Q8IY47 with model AF-Q8IY47-F1-model_v4.pdb
INFO:2025-10-30 15:08:26,557:Computing HSC features for: Q8IY47, ENST00000304056, ../Ntranos_Rotation/ESM-SaProt/AF-Q8IY47-F1-model_v4.pdb.gz
INFO:2025-10-30 15:09:55,317:Successfully computed HSC for Q8IY47.
INFO:2025-10-30 15:09:55,317:Processing Q8IY49 with model AF-Q8IY49-F1-model_v4.pdb
INFO:2025-10-30 15:09:55,400:Computing HSC features for: Q8IY49, ENST00000404774, ../Ntranos_Rotation/ESM-SaProt/AF-Q8IY49-F1-model_v4.pdb.gz
INFO:2025-10-30 15:10:47,325:Successfully computed HSC for Q8IY49.
INFO:2025-10-30 15:10:47,326:Processing Q8IY50 with model AF-Q8IY50-F1-model_v4.pdb
INFO:2025-10-30 15:10:47,583:Computing HSC features for: Q8IY50, ENST00000366617, ../Ntranos_Rotation/ESM-SaProt/AF-Q8IY50-F1-model_v4.pdb.gz
INFO:2025-10-30 15:12:13,008:Successfully computed HSC for Q8IY50.
INFO:2025-10-30 15:12:13,008:Processing Q8IY51 with model AF-Q8IY51-F1-model_v4.pdb
INFO:2025-10-30 15:12:13,129:Computing HSC features for: Q8IY51, ENST00000304337, ../Ntranos_Rotation/ESM-SaProt/AF-Q8IY51-F1-model_v4.pdb.gz
INFO:2025-10-30 15:12:56,941:Successfully computed HSC for Q8IY51.
INFO:2025-10-30 15:12:56,941:Processing Q8IY57 with model AF-Q8IY57-F1-model_v4.pdb
INFO:2025-10-30 15:12:56,985:Computing HSC features for: Q8IY57, ENST00000534854, ../Ntranos_Rotation/ESM-SaProt/AF-Q8IY57-F1-model_v4.pdb.gz
INFO:2025-10-30 15:13:27,630:Successfully computed HSC for Q8IY57.
INFO:2025-10-30 15:13:27,631:Processing Q8IY63 with model AF-Q8IY63-F1-model_v4.pdb
INFO:2025-10-30 15:13:27,833:Computing HSC features for: Q8IY63, ENST00000433060, ../Ntranos_Rotation/ESM-SaProt/AF-Q8IY63-F1-model_v4.pdb.gz
INFO:2025-10-30 15:16:14,963:Successfully computed HSC for Q8IY63.
INFO:2025-10-30 15:16:14,964:Processing Q8IY67 with model AF-Q8IY67-F1-model_v4.pdb
ERROR:2025-10-30 15:16:15,105:No ENST transcript IDs were mapped to Q8IY67
INFO:2025-10-30 15:16:15,106:Processing Q8IY81 with model AF-Q8IY81-F1-model_v4.pdb
INFO:2025-10-30 15:16:15,247:Computing HSC features for: Q8IY81, ENST00000427159, ../Ntranos_Rotation/ESM-SaProt/AF-Q8IY81-F1-model_v4.pdb.gz
INFO:2025-10-30 15:17:39,962:Successfully computed HSC for Q8IY81.
INFO:2025-10-30 15:17:39,962:Processing Q8IY82 with model AF-Q8IY82-F1-model_v4.pdb
INFO:2025-10-30 15:17:40,086:Computing HSC features for: Q8IY82, ENST00000360716, ../Ntranos_Rotation/ESM-SaProt/AF-Q8IY82-F1-model_v4.pdb.gz
INFO:2025-10-30 15:20:13,749:Successfully computed HSC for Q8IY82.
INFO:2025-10-30 15:20:13,749:Processing Q8IY84 with model AF-Q8IY84-F1-model_v4.pdb
INFO:2025-10-30 15:20:13,815:Computing HSC features for: Q8IY84, ENST00000326035, ../Ntranos_Rotation/ESM-SaProt/AF-Q8IY84-F1-model_v4.pdb.gz
INFO:2025-10-30 15:20:59,746:Successfully computed HSC for Q8IY84.
INFO:2025-10-30 15:20:59,746:Processing Q8IWV2 with model AF-Q8IWV2-F1-model_v4.pdb
INFO:2025-10-30 15:21:00,147:Computing HSC features for: Q8IWV2, ENST00000397461, ../Ntranos_Rotation/ESM-SaProt/AF-Q8IWV2-F1-model_v4.pdb.gz
INFO:2025-10-30 15:22:57,932:Successfully computed HSC for Q8IWV2.
INFO:2025-10-30 15:22:57,932:Processing Q8IWV7 with model AF-Q8IWV7-F1-model_v4.pdb
INFO:2025-10-30 15:22:58,309:Computing HSC features for: Q8IWV7, ENST00000290650, ../Ntranos_Rotation/ESM-SaProt/AF-Q8IWV7-F1-model_v4.pdb.gz
INFO:2025-10-30 15:25:26,714:Successfully computed HSC for Q8IWV7.
INFO:2025-10-30 15:25:26,714:Processing Q8IWV8 with model AF-Q8IWV8-F1-model_v4.pdb
INFO:2025-10-30 15:25:27,095:Computing HSC features for: Q8IWV8, ENST00000372899, ../Ntranos_Rotation/ESM-SaProt/AF-Q8IWV8-F1-model_v4.pdb.gz
INFO:2025-10-30 15:29:22,821:Successfully computed HSC for Q8IWV8.
INFO:2025-10-30 15:29:22,821:Processing Q8IWW6 with model AF-Q8IWW6-F1-model_v4.pdb
INFO:2025-10-30 15:29:22,955:Computing HSC features for: Q8IWW6, ENST00000344936, ../Ntranos_Rotation/ESM-SaProt/AF-Q8IWW6-F1-model_v4.pdb.gz
INFO:2025-10-30 15:30:32,412:Successfully computed HSC for Q8IWW6.
INFO:2025-10-30 15:30:32,413:Processing Q8IWW8 with model AF-Q8IWW8-F1-model_v4.pdb
INFO:2025-10-30 15:30:32,485:Computing HSC features for: Q8IWW8, ENST00000396623, ../Ntranos_Rotation/ESM-SaProt/AF-Q8IWW8-F1-model_v4.pdb.gz
INFO:2025-10-30 15:31:18,614:Successfully computed HSC for Q8IWW8.
INFO:2025-10-30 15:31:18,614:Processing Q8IWX5 with model AF-Q8IWX5-F1-model_v4.pdb
INFO:2025-10-30 15:31:18,682:Computing HSC features for: Q8IWX5, ENST00000321276, ../Ntranos_Rotation/ESM-SaProt/AF-Q8IWX5-F1-model_v4.pdb.gz
INFO:2025-10-30 15:32:07,108:Successfully computed HSC for Q8IWX5.
INFO:2025-10-30 15:32:07,108:Processing Q8IWX7 with model AF-Q8IWX7-F1-model_v4.pdb
INFO:2025-10-30 15:32:08,178:Computing HSC features for: Q8IWX7, ENST00000268876, ../Ntranos_Rotation/ESM-SaProt/AF-Q8IWX7-F1-model_v4.pdb.gz
INFO:2025-10-30 15:35:49,481:Successfully computed HSC for Q8IWX7.
INFO:2025-10-30 15:35:49,481:Processing Q8IWX8 with model AF-Q8IWX8-F1-model_v4.pdb
INFO:2025-10-30 15:35:49,615:Computing HSC features for: Q8IWX8, ENST00000546361, ../Ntranos_Rotation/ESM-SaProt/AF-Q8IWX8-F1-model_v4.pdb.gz
INFO:2025-10-30 15:37:53,741:Successfully computed HSC for Q8IWX8.
INFO:2025-10-30 15:37:53,741:Processing Q8IWY4 with model AF-Q8IWY4-F1-model_v4.pdb
INFO:2025-10-30 15:37:53,867:Computing HSC features for: Q8IWY4, ENST00000360835, ../Ntranos_Rotation/ESM-SaProt/AF-Q8IWY4-F1-model_v4.pdb.gz
INFO:2025-10-30 15:40:15,033:Successfully computed HSC for Q8IWY4.
INFO:2025-10-30 15:40:15,033:Processing Q8IWY8 with model AF-Q8IWY8-F1-model_v4.pdb
INFO:2025-10-30 15:40:15,157:Computing HSC features for: Q8IWY8, ENST00000396976, ../Ntranos_Rotation/ESM-SaProt/AF-Q8IWY8-F1-model_v4.pdb.gz
INFO:2025-10-30 15:42:23,149:Successfully computed HSC for Q8IWY8.
INFO:2025-10-30 15:42:23,149:Processing Q8IWY9 with model AF-Q8IWY9-F1-model_v4.pdb
INFO:2025-10-30 15:42:23,411:Computing HSC features for: Q8IWY9, ENST00000356231, ../Ntranos_Rotation/ESM-SaProt/AF-Q8IWY9-F1-model_v4.pdb.gz
INFO:2025-10-30 15:45:27,232:Successfully computed HSC for Q8IWY9.
INFO:2025-10-30 15:45:27,232:Pipeline completed.
INFO:2025-10-30 15:45:27,232:no_enst_for_uniprot: 1
INFO:2025-10-30 15:45:27,232:no_valid_cds: 0
INFO:2025-10-30 15:45:27,232:no_variant_data: 0
INFO:2025-10-30 15:45:27,232:bad_structure: 0
INFO:2025-10-30 15:45:27,232:no_enst_mp: 0
