INFO:2025-10-30 14:59:03,809:Starting HSC computation pipeline...
INFO:2025-10-30 15:00:14,474:Processing O76009 with model AF-O76009-F1-model_v4.pdb
ERROR:2025-10-30 15:00:14,624:No transcript record found for O76009 in gnomAD.
INFO:2025-10-30 15:00:14,624:Processing O76011 with model AF-O76011-F1-model_v4.pdb
ERROR:2025-10-30 15:00:14,747:No transcript record found for O76011 in gnomAD.
INFO:2025-10-30 15:00:14,747:Processing O76013 with model AF-O76013-F1-model_v4.pdb
INFO:2025-10-30 15:00:14,858:Computing HSC features for: O76013, ENST00000328119, ../Ntranos_Rotation/ESM-SaProt/AF-O76013-F1-model_v4.pdb.gz
INFO:2025-10-30 15:00:53,270:Successfully computed HSC for O76013.
INFO:2025-10-30 15:00:53,270:Processing O76014 with model AF-O76014-F1-model_v4.pdb
ERROR:2025-10-30 15:00:53,396:No transcript record found for O76014 in gnomAD.
INFO:2025-10-30 15:00:53,396:Processing O76015 with model AF-O76015-F1-model_v4.pdb
INFO:2025-10-30 15:00:53,682:Computing HSC features for: O76015, ENST00000246646, ../Ntranos_Rotation/ESM-SaProt/AF-O76015-F1-model_v4.pdb.gz
INFO:2025-10-30 15:01:33,000:Successfully computed HSC for O76015.
INFO:2025-10-30 15:01:33,000:Processing O76021 with model AF-O76021-F1-model_v4.pdb
INFO:2025-10-30 15:01:33,092:Computing HSC features for: O76021, ENST00000571133, ../Ntranos_Rotation/ESM-SaProt/AF-O76021-F1-model_v4.pdb.gz
INFO:2025-10-30 15:02:03,122:Successfully computed HSC for O76021.
INFO:2025-10-30 15:02:03,122:Processing O76024 with model AF-O76024-F1-model_v4.pdb
INFO:2025-10-30 15:02:03,280:Computing HSC features for: O76024, ENST00000226760, ../Ntranos_Rotation/ESM-SaProt/AF-O76024-F1-model_v4.pdb.gz
INFO:2025-10-30 15:03:49,271:Successfully computed HSC for O76024.
INFO:2025-10-30 15:03:49,271:Processing O76027 with model AF-O76027-F1-model_v4.pdb
INFO:2025-10-30 15:03:49,365:Computing HSC features for: O76027, ENST00000368947, ../Ntranos_Rotation/ESM-SaProt/AF-O76027-F1-model_v4.pdb.gz
INFO:2025-10-30 15:04:15,066:Successfully computed HSC for O76027.
INFO:2025-10-30 15:04:15,066:Processing O76031 with model AF-O76031-F1-model_v4.pdb
INFO:2025-10-30 15:04:15,171:Computing HSC features for: O76031, ENST00000300107, ../Ntranos_Rotation/ESM-SaProt/AF-O76031-F1-model_v4.pdb.gz
INFO:2025-10-30 15:05:11,945:Successfully computed HSC for O76031.
INFO:2025-10-30 15:05:11,945:Processing O76036 with model AF-O76036-F1-model_v4.pdb
ERROR:2025-10-30 15:05:12,027:No transcript record found for O76036 in gnomAD.
INFO:2025-10-30 15:05:12,027:Processing O76038 with model AF-O76038-F1-model_v4.pdb
INFO:2025-10-30 15:05:12,113:Computing HSC features for: O76038, ENST00000377961, ../Ntranos_Rotation/ESM-SaProt/AF-O76038-F1-model_v4.pdb.gz
INFO:2025-10-30 15:05:31,979:Successfully computed HSC for O76038.
INFO:2025-10-30 15:05:31,979:Processing O76039 with model AF-O76039-F1-model_v4.pdb
ERROR:2025-10-30 15:05:32,320:No transcript record found for O76039 in gnomAD.
INFO:2025-10-30 15:05:32,320:Processing O76041 with model AF-O76041-F1-model_v4.pdb
INFO:2025-10-30 15:05:32,538:Computing HSC features for: O76041, ENST00000377122, ../Ntranos_Rotation/ESM-SaProt/AF-O76041-F1-model_v4.pdb.gz
INFO:2025-10-30 15:07:00,352:Successfully computed HSC for O76041.
INFO:2025-10-30 15:07:00,352:Processing O76042 with model AF-O76042-F1-model_v4.pdb
ERROR:2025-10-30 15:07:00,418:No ENST transcript IDs were mapped to O76042
INFO:2025-10-30 15:07:00,418:Processing O76050 with model AF-O76050-F1-model_v4.pdb
INFO:2025-10-30 15:07:00,508:Computing HSC features for: O76050, ENST00000369780, ../Ntranos_Rotation/ESM-SaProt/AF-O76050-F1-model_v4.pdb.gz
INFO:2025-10-30 15:08:17,973:Successfully computed HSC for O76050.
INFO:2025-10-30 15:08:17,973:Processing O76054 with model AF-O76054-F1-model_v4.pdb
ERROR:2025-10-30 15:08:18,077:No transcript record found for O76054 in gnomAD.
INFO:2025-10-30 15:08:18,077:Processing O76061 with model AF-O76061-F1-model_v4.pdb
INFO:2025-10-30 15:08:18,156:Computing HSC features for: O76061, ENST00000265087, ../Ntranos_Rotation/ESM-SaProt/AF-O76061-F1-model_v4.pdb.gz
INFO:2025-10-30 15:08:58,179:Successfully computed HSC for O76061.
INFO:2025-10-30 15:08:58,179:Processing O76062 with model AF-O76062-F1-model_v4.pdb
INFO:2025-10-30 15:08:58,276:Computing HSC features for: O76062, ENST00000279263, ../Ntranos_Rotation/ESM-SaProt/AF-O76062-F1-model_v4.pdb.gz
INFO:2025-10-30 15:09:41,128:Successfully computed HSC for O76062.
INFO:2025-10-30 15:09:41,129:Processing O76064 with model AF-O76064-F1-model_v4.pdb
INFO:2025-10-30 15:09:41,207:Computing HSC features for: O76064, ENST00000373479, ../Ntranos_Rotation/ESM-SaProt/AF-O76064-F1-model_v4.pdb.gz
INFO:2025-10-30 15:10:11,576:Successfully computed HSC for O76064.
INFO:2025-10-30 15:10:11,577:Processing O76070 with model AF-O76070-F1-model_v4.pdb
INFO:2025-10-30 15:10:11,651:Computing HSC features for: O76070, ENST00000372017, ../Ntranos_Rotation/ESM-SaProt/AF-O76070-F1-model_v4.pdb.gz
INFO:2025-10-30 15:10:32,896:Successfully computed HSC for O76070.
INFO:2025-10-30 15:10:32,896:Processing O76071 with model AF-O76071-F1-model_v4.pdb
INFO:2025-10-30 15:10:33,019:Computing HSC features for: O76071, ENST00000488633, ../Ntranos_Rotation/ESM-SaProt/AF-O76071-F1-model_v4.pdb.gz
INFO:2025-10-30 15:11:02,085:Successfully computed HSC for O76071.
INFO:2025-10-30 15:11:02,085:Processing O76074 with model AF-O76074-F1-model_v4.pdb
INFO:2025-10-30 15:11:02,228:Computing HSC features for: O76074, ENST00000354960, ../Ntranos_Rotation/ESM-SaProt/AF-O76074-F1-model_v4.pdb.gz
INFO:2025-10-30 15:11:54,570:Successfully computed HSC for O76074.
INFO:2025-10-30 15:11:54,570:Processing O76075 with model AF-O76075-F1-model_v4.pdb
INFO:2025-10-30 15:11:54,642:Computing HSC features for: O76075, ENST00000378209, ../Ntranos_Rotation/ESM-SaProt/AF-O76075-F1-model_v4.pdb.gz
INFO:2025-10-30 15:12:39,104:Successfully computed HSC for O76075.
INFO:2025-10-30 15:12:39,104:Processing O76076 with model AF-O76076-F1-model_v4.pdb
INFO:2025-10-30 15:12:39,194:Computing HSC features for: O76076, ENST00000190983, ../Ntranos_Rotation/ESM-SaProt/AF-O76076-F1-model_v4.pdb.gz
INFO:2025-10-30 15:13:22,839:Successfully computed HSC for O76076.
INFO:2025-10-30 15:13:22,839:Processing O76080 with model AF-O76080-F1-model_v4.pdb
INFO:2025-10-30 15:13:22,911:Computing HSC features for: O76080, ENST00000237937, ../Ntranos_Rotation/ESM-SaProt/AF-O76080-F1-model_v4.pdb.gz
INFO:2025-10-30 15:13:44,757:Successfully computed HSC for O76080.
INFO:2025-10-30 15:13:44,757:Processing O76081 with model AF-O76081-F1-model_v4.pdb
INFO:2025-10-30 15:13:44,856:Computing HSC features for: O76081, ENST00000297313, ../Ntranos_Rotation/ESM-SaProt/AF-O76081-F1-model_v4.pdb.gz
INFO:2025-10-30 15:14:18,323:Successfully computed HSC for O76081.
INFO:2025-10-30 15:14:18,324:Processing O76082 with model AF-O76082-F1-model_v4.pdb
INFO:2025-10-30 15:14:18,432:Computing HSC features for: O76082, ENST00000245407, ../Ntranos_Rotation/ESM-SaProt/AF-O76082-F1-model_v4.pdb.gz
INFO:2025-10-30 15:15:03,145:Successfully computed HSC for O76082.
INFO:2025-10-30 15:15:03,145:Processing O76083 with model AF-O76083-F1-model_v4.pdb
INFO:2025-10-30 15:15:03,340:Computing HSC features for: O76083, ENST00000291539, ../Ntranos_Rotation/ESM-SaProt/AF-O76083-F1-model_v4.pdb.gz
INFO:2025-10-30 15:15:55,989:Successfully computed HSC for O76083.
INFO:2025-10-30 15:15:55,989:Processing O76087 with model AF-O76087-F1-model_v4.pdb
ERROR:2025-10-30 15:15:56,027:No ENST transcript IDs were mapped to O76087
INFO:2025-10-30 15:15:56,027:Processing O76090 with model AF-O76090-F1-model_v4.pdb
INFO:2025-10-30 15:15:56,142:Computing HSC features for: O76090, ENST00000378043, ../Ntranos_Rotation/ESM-SaProt/AF-O76090-F1-model_v4.pdb.gz
INFO:2025-10-30 15:16:39,877:Successfully computed HSC for O76090.
INFO:2025-10-30 15:16:39,877:Processing O76093 with model AF-O76093-F1-model_v4.pdb
INFO:2025-10-30 15:16:39,918:Computing HSC features for: O76093, ENST00000274625, ../Ntranos_Rotation/ESM-SaProt/AF-O76093-F1-model_v4.pdb.gz
INFO:2025-10-30 15:16:59,392:Successfully computed HSC for O76093.
INFO:2025-10-30 15:16:59,392:Processing O76094 with model AF-O76094-F1-model_v4.pdb
ERROR:2025-10-30 15:16:59,504:No transcript record found for O76094 in gnomAD.
INFO:2025-10-30 15:16:59,504:Processing O76095 with model AF-O76095-F1-model_v4.pdb
INFO:2025-10-30 15:16:59,573:Computing HSC features for: O76095, ENST00000271843, ../Ntranos_Rotation/ESM-SaProt/AF-O76095-F1-model_v4.pdb.gz
INFO:2025-10-30 15:17:15,061:Successfully computed HSC for O76095.
INFO:2025-10-30 15:17:15,061:Processing O76096 with model AF-O76096-F1-model_v4.pdb
INFO:2025-10-30 15:17:15,100:Computing HSC features for: O76096, ENST00000480798, ../Ntranos_Rotation/ESM-SaProt/AF-O76096-F1-model_v4.pdb.gz
INFO:2025-10-30 15:17:29,276:Successfully computed HSC for O76096.
INFO:2025-10-30 15:17:29,276:Processing O76099 with model AF-O76099-F1-model_v4.pdb
INFO:2025-10-30 15:17:29,342:Computing HSC features for: O76099, ENST00000248073, ../Ntranos_Rotation/ESM-SaProt/AF-O76099-F1-model_v4.pdb.gz
INFO:2025-10-30 15:17:49,719:Successfully computed HSC for O76099.
INFO:2025-10-30 15:17:49,719:Processing O76100 with model AF-O76100-F1-model_v4.pdb
ERROR:2025-10-30 15:17:49,771:No transcript record found for O76100 in gnomAD.
INFO:2025-10-30 15:17:49,771:Processing O77932 with model AF-O77932-F1-model_v4.pdb
INFO:2025-10-30 15:17:49,836:Computing HSC features for: O77932, ENST00000337523, ../Ntranos_Rotation/ESM-SaProt/AF-O77932-F1-model_v4.pdb.gz
INFO:2025-10-30 15:18:23,693:Successfully computed HSC for O77932.
INFO:2025-10-30 15:18:23,693:Processing O94759 with model AF-O94759-F1-model_v4.pdb
INFO:2025-10-30 15:18:23,857:Computing HSC features for: O94759, ENST00000300482, ../Ntranos_Rotation/ESM-SaProt/AF-O94759-F1-model_v4.pdb.gz
INFO:2025-10-30 15:20:59,244:Successfully computed HSC for O94759.
INFO:2025-10-30 15:20:59,244:Processing O94760 with model AF-O94760-F1-model_v4.pdb
INFO:2025-10-30 15:20:59,316:Computing HSC features for: O94760, ENST00000284031, ../Ntranos_Rotation/ESM-SaProt/AF-O94760-F1-model_v4.pdb.gz
INFO:2025-10-30 15:21:25,850:Successfully computed HSC for O94760.
INFO:2025-10-30 15:21:25,851:Processing O94761 with model AF-O94761-F1-model_v4.pdb
ERROR:2025-10-30 15:21:25,976:No transcript record found for O94761 in gnomAD.
INFO:2025-10-30 15:21:25,977:Processing O94762 with model AF-O94762-F1-model_v4.pdb
INFO:2025-10-30 15:21:26,078:Computing HSC features for: O94762, ENST00000317905, ../Ntranos_Rotation/ESM-SaProt/AF-O94762-F1-model_v4.pdb.gz
INFO:2025-10-30 15:23:02,077:Successfully computed HSC for O94762.
INFO:2025-10-30 15:23:02,077:Processing O94763 with model AF-O94763-F1-model_v4.pdb
INFO:2025-10-30 15:23:02,146:Computing HSC features for: O94763, ENST00000392271, ../Ntranos_Rotation/ESM-SaProt/AF-O94763-F1-model_v4.pdb.gz
INFO:2025-10-30 15:23:37,031:Successfully computed HSC for O94763.
INFO:2025-10-30 15:23:37,031:Processing O94766 with model AF-O94766-F1-model_v4.pdb
INFO:2025-10-30 15:23:37,090:Computing HSC features for: O94766, ENST00000265471, ../Ntranos_Rotation/ESM-SaProt/AF-O94766-F1-model_v4.pdb.gz
INFO:2025-10-30 15:24:07,393:Successfully computed HSC for O94766.
INFO:2025-10-30 15:24:07,393:Processing O94768 with model AF-O94768-F1-model_v4.pdb
INFO:2025-10-30 15:24:07,767:Computing HSC features for: O94768, ENST00000263955, ../Ntranos_Rotation/ESM-SaProt/AF-O94768-F1-model_v4.pdb.gz
INFO:2025-10-30 15:24:45,737:Successfully computed HSC for O94768.
INFO:2025-10-30 15:24:45,737:Processing O94769 with model AF-O94769-F1-model_v4.pdb
ERROR:2025-10-30 15:24:45,890:No transcript record found for O94769 in gnomAD.
INFO:2025-10-30 15:24:45,890:Processing O94772 with model AF-O94772-F1-model_v4.pdb
INFO:2025-10-30 15:24:45,953:Computing HSC features for: O94772, ENST00000430474, ../Ntranos_Rotation/ESM-SaProt/AF-O94772-F1-model_v4.pdb.gz
INFO:2025-10-30 15:25:06,486:Successfully computed HSC for O94772.
INFO:2025-10-30 15:25:06,486:Processing O94776 with model AF-O94776-F1-model_v4.pdb
INFO:2025-10-30 15:25:06,645:Computing HSC features for: O94776, ENST00000278823, ../Ntranos_Rotation/ESM-SaProt/AF-O94776-F1-model_v4.pdb.gz
INFO:2025-10-30 15:25:53,134:Successfully computed HSC for O94776.
INFO:2025-10-30 15:25:53,135:Processing O94777 with model AF-O94777-F1-model_v4.pdb
INFO:2025-10-30 15:25:53,167:Computing HSC features for: O94777, ENST00000314392, ../Ntranos_Rotation/ESM-SaProt/AF-O94777-F1-model_v4.pdb.gz
INFO:2025-10-30 15:25:59,722:Successfully computed HSC for O94777.
INFO:2025-10-30 15:25:59,722:Processing O94778 with model AF-O94778-F1-model_v4.pdb
INFO:2025-10-30 15:25:59,782:Computing HSC features for: O94778, ENST00000219660, ../Ntranos_Rotation/ESM-SaProt/AF-O94778-F1-model_v4.pdb.gz
INFO:2025-10-30 15:26:20,435:Successfully computed HSC for O94778.
INFO:2025-10-30 15:26:20,435:Processing O94779 with model AF-O94779-F1-model_v4.pdb
INFO:2025-10-30 15:26:20,552:Computing HSC features for: O94779, ENST00000524871, ../Ntranos_Rotation/ESM-SaProt/AF-O94779-F1-model_v4.pdb.gz
INFO:2025-10-30 15:27:35,147:Successfully computed HSC for O94779.
INFO:2025-10-30 15:27:35,147:Pipeline completed.
INFO:2025-10-30 15:27:35,147:no_enst_for_uniprot: 2
INFO:2025-10-30 15:27:35,147:no_valid_cds: 0
INFO:2025-10-30 15:27:35,147:no_variant_data: 10
INFO:2025-10-30 15:27:35,147:bad_structure: 0
INFO:2025-10-30 15:27:35,147:no_enst_mp: 0
