INFO:2025-10-30 14:27:04,086:Starting HSC computation pipeline...
INFO:2025-10-30 14:27:54,732:Processing Q8NGE3 with model AF-Q8NGE3-F1-model_v4.pdb
INFO:2025-10-30 14:27:54,775:Computing HSC features for: Q8NGE3, ENST00000309675, ../Ntranos_Rotation/ESM-SaProt/AF-Q8NGE3-F1-model_v4.pdb.gz
INFO:2025-10-30 14:28:25,579:Successfully computed HSC for Q8NGE3.
INFO:2025-10-30 14:28:25,579:Processing Q8NGE5 with model AF-Q8NGE5-F1-model_v4.pdb
INFO:2025-10-30 14:28:25,659:Computing HSC features for: Q8NGE5, ENST00000326258, ../Ntranos_Rotation/ESM-SaProt/AF-Q8NGE5-F1-model_v4.pdb.gz
INFO:2025-10-30 14:28:49,063:Successfully computed HSC for Q8NGE5.
INFO:2025-10-30 14:28:49,063:Processing Q8NGE7 with model AF-Q8NGE7-F1-model_v4.pdb
ERROR:2025-10-30 14:28:49,144:No ENST transcript IDs were mapped to Q8NGE7
INFO:2025-10-30 14:28:49,144:Processing Q8NGE8 with model AF-Q8NGE8-F1-model_v4.pdb
ERROR:2025-10-30 14:28:49,268:No transcript record found for Q8NGE8 in gnomAD.
INFO:2025-10-30 14:28:49,268:Processing Q8NGE9 with model AF-Q8NGE9-F1-model_v4.pdb
ERROR:2025-10-30 14:28:49,378:No transcript record found for Q8NGE9 in gnomAD.
INFO:2025-10-30 14:28:49,378:Processing Q8NGF0 with model AF-Q8NGF0-F1-model_v4.pdb
INFO:2025-10-30 14:28:49,478:Computing HSC features for: Q8NGF0, ENST00000345043, ../Ntranos_Rotation/ESM-SaProt/AF-Q8NGF0-F1-model_v4.pdb.gz
INFO:2025-10-30 14:29:16,228:Successfully computed HSC for Q8NGF0.
INFO:2025-10-30 14:29:16,228:Processing Q8NGF1 with model AF-Q8NGF1-F1-model_v4.pdb
ERROR:2025-10-30 14:29:16,289:No transcript record found for Q8NGF1 in gnomAD.
INFO:2025-10-30 14:29:16,290:Processing Q8NGF3 with model AF-Q8NGF3-F1-model_v4.pdb
INFO:2025-10-30 14:29:16,405:Computing HSC features for: Q8NGF3, ENST00000357605, ../Ntranos_Rotation/ESM-SaProt/AF-Q8NGF3-F1-model_v4.pdb.gz
INFO:2025-10-30 14:29:41,323:Successfully computed HSC for Q8NGF3.
INFO:2025-10-30 14:29:41,323:Processing Q8NGF4 with model AF-Q8NGF4-F1-model_v4.pdb
INFO:2025-10-30 14:29:41,395:Computing HSC features for: Q8NGF4, ENST00000544374, ../Ntranos_Rotation/ESM-SaProt/AF-Q8NGF4-F1-model_v4.pdb.gz
INFO:2025-10-30 14:30:04,375:Successfully computed HSC for Q8NGF4.
INFO:2025-10-30 14:30:04,375:Processing Q8NGF6 with model AF-Q8NGF6-F1-model_v4.pdb
INFO:2025-10-30 14:30:04,453:Computing HSC features for: Q8NGF6, ENST00000395079, ../Ntranos_Rotation/ESM-SaProt/AF-Q8NGF6-F1-model_v4.pdb.gz
INFO:2025-10-30 14:30:28,212:Successfully computed HSC for Q8NGF6.
INFO:2025-10-30 14:30:28,212:Processing Q8NGF7 with model AF-Q8NGF7-F1-model_v4.pdb
INFO:2025-10-30 14:30:28,297:Computing HSC features for: Q8NGF7, ENST00000357377, ../Ntranos_Rotation/ESM-SaProt/AF-Q8NGF7-F1-model_v4.pdb.gz
INFO:2025-10-30 14:30:50,642:Successfully computed HSC for Q8NGF7.
INFO:2025-10-30 14:30:50,643:Processing Q8NGF8 with model AF-Q8NGF8-F1-model_v4.pdb
INFO:2025-10-30 14:30:50,718:Computing HSC features for: Q8NGF8, ENST00000309562, ../Ntranos_Rotation/ESM-SaProt/AF-Q8NGF8-F1-model_v4.pdb.gz
INFO:2025-10-30 14:31:14,610:Successfully computed HSC for Q8NGF8.
INFO:2025-10-30 14:31:14,610:Processing Q8NGF9 with model AF-Q8NGF9-F1-model_v4.pdb
ERROR:2025-10-30 14:31:14,696:No transcript record found for Q8NGF9 in gnomAD.
INFO:2025-10-30 14:31:14,696:Processing Q8NGG0 with model AF-Q8NGG0-F1-model_v4.pdb
ERROR:2025-10-30 14:31:14,780:No transcript record found for Q8NGG0 in gnomAD.
INFO:2025-10-30 14:31:14,781:Processing Q8NGG1 with model AF-Q8NGG1-F1-model_v4.pdb
ERROR:2025-10-30 14:31:14,882:No ENST transcript IDs were mapped to Q8NGG1
INFO:2025-10-30 14:31:14,882:Processing Q8NGG2 with model AF-Q8NGG2-F1-model_v4.pdb
ERROR:2025-10-30 14:31:14,974:No transcript record found for Q8NGG2 in gnomAD.
INFO:2025-10-30 14:31:14,975:Processing Q8NGG3 with model AF-Q8NGG3-F1-model_v4.pdb
ERROR:2025-10-30 14:31:15,040:No transcript record found for Q8NGG3 in gnomAD.
INFO:2025-10-30 14:31:15,040:Processing Q8NGG4 with model AF-Q8NGG4-F1-model_v4.pdb
ERROR:2025-10-30 14:31:15,102:No transcript record found for Q8NGG4 in gnomAD.
INFO:2025-10-30 14:31:15,102:Processing Q8NGG5 with model AF-Q8NGG5-F1-model_v4.pdb
ERROR:2025-10-30 14:31:15,160:No transcript record found for Q8NGG5 in gnomAD.
INFO:2025-10-30 14:31:15,160:Processing Q8NGG6 with model AF-Q8NGG6-F1-model_v4.pdb
INFO:2025-10-30 14:31:15,218:Computing HSC features for: Q8NGG6, ENST00000306842, ../Ntranos_Rotation/ESM-SaProt/AF-Q8NGG6-F1-model_v4.pdb.gz
INFO:2025-10-30 14:31:39,745:Successfully computed HSC for Q8NGG6.
INFO:2025-10-30 14:31:39,745:Processing Q8NGG7 with model AF-Q8NGG7-F1-model_v4.pdb
ERROR:2025-10-30 14:31:39,809:No transcript record found for Q8NGG7 in gnomAD.
INFO:2025-10-30 14:31:39,809:Processing Q8NGG8 with model AF-Q8NGG8-F1-model_v4.pdb
ERROR:2025-10-30 14:31:39,879:No transcript record found for Q8NGG8 in gnomAD.
INFO:2025-10-30 14:31:39,879:Processing Q8NGH3 with model AF-Q8NGH3-F1-model_v4.pdb
INFO:2025-10-30 14:31:39,941:Computing HSC features for: Q8NGH3, ENST00000317834, ../Ntranos_Rotation/ESM-SaProt/AF-Q8NGH3-F1-model_v4.pdb.gz
INFO:2025-10-30 14:32:05,193:Successfully computed HSC for Q8NGH3.
INFO:2025-10-30 14:32:05,193:Processing Q8NGH5 with model AF-Q8NGH5-F1-model_v4.pdb
ERROR:2025-10-30 14:32:05,252:No ENST transcript IDs were mapped to Q8NGH5
INFO:2025-10-30 14:32:05,252:Processing Q8NGH6 with model AF-Q8NGH6-F1-model_v4.pdb
ERROR:2025-10-30 14:32:05,329:No ENST transcript IDs were mapped to Q8NGH6
INFO:2025-10-30 14:32:05,329:Processing Q8NGH7 with model AF-Q8NGH7-F1-model_v4.pdb
INFO:2025-10-30 14:32:05,404:Computing HSC features for: Q8NGH7, ENST00000332249, ../Ntranos_Rotation/ESM-SaProt/AF-Q8NGH7-F1-model_v4.pdb.gz
INFO:2025-10-30 14:32:32,120:Successfully computed HSC for Q8NGH7.
INFO:2025-10-30 14:32:32,121:Processing Q8NGH8 with model AF-Q8NGH8-F1-model_v4.pdb
ERROR:2025-10-30 14:32:32,207:No transcript record found for Q8NGH8 in gnomAD.
INFO:2025-10-30 14:32:32,207:Processing Q8NGH9 with model AF-Q8NGH9-F1-model_v4.pdb
ERROR:2025-10-30 14:32:32,304:No transcript record found for Q8NGH9 in gnomAD.
INFO:2025-10-30 14:32:32,304:Processing Q8NGI0 with model AF-Q8NGI0-F1-model_v4.pdb
INFO:2025-10-30 14:32:32,366:Computing HSC features for: Q8NGI0, ENST00000317037, ../Ntranos_Rotation/ESM-SaProt/AF-Q8NGI0-F1-model_v4.pdb.gz
ERROR:2025-10-30 14:32:32,448:Missing ENST record in counts: ENST00000317037
INFO:2025-10-30 14:32:32,448:Processing Q8NGI1 with model AF-Q8NGI1-F1-model_v4.pdb
ERROR:2025-10-30 14:32:32,512:No ENST transcript IDs were mapped to Q8NGI1
INFO:2025-10-30 14:32:32,512:Processing Q8NGI2 with model AF-Q8NGI2-F1-model_v4.pdb
ERROR:2025-10-30 14:32:32,594:No transcript record found for Q8NGI2 in gnomAD.
INFO:2025-10-30 14:32:32,594:Processing Q8NGI3 with model AF-Q8NGI3-F1-model_v4.pdb
INFO:2025-10-30 14:32:32,678:Computing HSC features for: Q8NGI3, ENST00000317121, ../Ntranos_Rotation/ESM-SaProt/AF-Q8NGI3-F1-model_v4.pdb.gz
INFO:2025-10-30 14:32:56,089:Successfully computed HSC for Q8NGI3.
INFO:2025-10-30 14:32:56,089:Processing Q8NGI4 with model AF-Q8NGI4-F1-model_v4.pdb
INFO:2025-10-30 14:32:56,175:Computing HSC features for: Q8NGI4, ENST00000313253, ../Ntranos_Rotation/ESM-SaProt/AF-Q8NGI4-F1-model_v4.pdb.gz
INFO:2025-10-30 14:33:19,654:Successfully computed HSC for Q8NGI4.
INFO:2025-10-30 14:33:19,654:Processing Q8NGI6 with model AF-Q8NGI6-F1-model_v4.pdb
INFO:2025-10-30 14:33:19,724:Computing HSC features for: Q8NGI6, ENST00000530162, ../Ntranos_Rotation/ESM-SaProt/AF-Q8NGI6-F1-model_v4.pdb.gz
INFO:2025-10-30 14:33:43,551:Successfully computed HSC for Q8NGI6.
INFO:2025-10-30 14:33:43,551:Processing Q8NGI7 with model AF-Q8NGI7-F1-model_v4.pdb
INFO:2025-10-30 14:33:43,605:Computing HSC features for: Q8NGI7, ENST00000307552, ../Ntranos_Rotation/ESM-SaProt/AF-Q8NGI7-F1-model_v4.pdb.gz
INFO:2025-10-30 14:34:08,478:Successfully computed HSC for Q8NGI7.
INFO:2025-10-30 14:34:08,478:Processing Q8NGI8 with model AF-Q8NGI8-F1-model_v4.pdb
INFO:2025-10-30 14:34:08,531:Computing HSC features for: Q8NGI8, ENST00000313940, ../Ntranos_Rotation/ESM-SaProt/AF-Q8NGI8-F1-model_v4.pdb.gz
INFO:2025-10-30 14:34:29,307:Successfully computed HSC for Q8NGI8.
INFO:2025-10-30 14:34:29,308:Processing Q8NGI9 with model AF-Q8NGI9-F1-model_v4.pdb
INFO:2025-10-30 14:34:29,375:Computing HSC features for: Q8NGI9, ENST00000302040, ../Ntranos_Rotation/ESM-SaProt/AF-Q8NGI9-F1-model_v4.pdb.gz
INFO:2025-10-30 14:34:54,396:Successfully computed HSC for Q8NGI9.
INFO:2025-10-30 14:34:54,396:Processing Q8NHS3 with model AF-Q8NHS3-F1-model_v4.pdb
INFO:2025-10-30 14:34:54,600:Computing HSC features for: Q8NHS3, ENST00000296468, ../Ntranos_Rotation/ESM-SaProt/AF-Q8NHS3-F1-model_v4.pdb.gz
INFO:2025-10-30 14:35:34,072:Successfully computed HSC for Q8NHS3.
INFO:2025-10-30 14:35:34,073:Processing Q8NHS4 with model AF-Q8NHS4-F1-model_v4.pdb
INFO:2025-10-30 14:35:34,184:Computing HSC features for: Q8NHS4, ENST00000401408, ../Ntranos_Rotation/ESM-SaProt/AF-Q8NHS4-F1-model_v4.pdb.gz
INFO:2025-10-30 14:36:15,050:Successfully computed HSC for Q8NHS4.
INFO:2025-10-30 14:36:15,050:Processing Q8NHS9 with model AF-Q8NHS9-F1-model_v4.pdb
INFO:2025-10-30 14:36:15,292:Computing HSC features for: Q8NHS9, ENST00000397168, ../Ntranos_Rotation/ESM-SaProt/AF-Q8NHS9-F1-model_v4.pdb.gz
INFO:2025-10-30 14:36:42,906:Successfully computed HSC for Q8NHS9.
INFO:2025-10-30 14:36:42,906:Processing Q8NHU0 with model AF-Q8NHU0-F1-model_v4.pdb
ERROR:2025-10-30 14:36:42,955:No transcript record found for Q8NHU0 in gnomAD.
INFO:2025-10-30 14:36:42,955:Processing Q8NHU2 with model AF-Q8NHU2-F1-model_v4.pdb
INFO:2025-10-30 14:36:43,157:Computing HSC features for: Q8NHU2, ENST00000245957, ../Ntranos_Rotation/ESM-SaProt/AF-Q8NHU2-F1-model_v4.pdb.gz
INFO:2025-10-30 14:38:35,431:Successfully computed HSC for Q8NHU2.
INFO:2025-10-30 14:38:35,431:Processing Q8NHU3 with model AF-Q8NHU3-F1-model_v4.pdb
ERROR:2025-10-30 14:38:35,512:No transcript record found for Q8NHU3 in gnomAD.
INFO:2025-10-30 14:38:35,512:Processing Q8NHU6 with model AF-Q8NHU6-F1-model_v4.pdb
INFO:2025-10-30 14:38:35,689:Computing HSC features for: Q8NHU6, ENST00000355295, ../Ntranos_Rotation/ESM-SaProt/AF-Q8NHU6-F1-model_v4.pdb.gz
INFO:2025-10-30 14:39:57,226:Successfully computed HSC for Q8NHU6.
INFO:2025-10-30 14:39:57,226:Processing Q8NHV1 with model AF-Q8NHV1-F1-model_v4.pdb
INFO:2025-10-30 14:39:57,384:Computing HSC features for: Q8NHV1, ENST00000313543, ../Ntranos_Rotation/ESM-SaProt/AF-Q8NHV1-F1-model_v4.pdb.gz
INFO:2025-10-30 14:40:20,892:Successfully computed HSC for Q8NHV1.
INFO:2025-10-30 14:40:20,892:Processing Q8NHV4 with model AF-Q8NHV4-F1-model_v4.pdb
INFO:2025-10-30 14:40:20,986:Computing HSC features for: Q8NHV4, ENST00000266742, ../Ntranos_Rotation/ESM-SaProt/AF-Q8NHV4-F1-model_v4.pdb.gz
INFO:2025-10-30 14:41:08,858:Successfully computed HSC for Q8NHV4.
INFO:2025-10-30 14:41:08,858:Processing Q8NHV5 with model AF-Q8NHV5-F1-model_v4.pdb
INFO:2025-10-30 14:41:08,913:Computing HSC features for: Q8NHV5, ENST00000542527, ../Ntranos_Rotation/ESM-SaProt/AF-Q8NHV5-F1-model_v4.pdb.gz
INFO:2025-10-30 14:41:25,805:Successfully computed HSC for Q8NHV5.
INFO:2025-10-30 14:41:25,805:Processing Q8NHV9 with model AF-Q8NHV9-F1-model_v4.pdb
ERROR:2025-10-30 14:41:25,849:No transcript record found for Q8NHV9 in gnomAD.
INFO:2025-10-30 14:41:25,849:Processing Q8NHW3 with model AF-Q8NHW3-F1-model_v4.pdb
INFO:2025-10-30 14:41:25,912:Computing HSC features for: Q8NHW3, ENST00000333480, ../Ntranos_Rotation/ESM-SaProt/AF-Q8NHW3-F1-model_v4.pdb.gz
INFO:2025-10-30 14:42:33,636:Successfully computed HSC for Q8NHW3.
INFO:2025-10-30 14:42:33,637:Processing Q8NHW4 with model AF-Q8NHW4-F1-model_v4.pdb
ERROR:2025-10-30 14:42:33,677:No transcript record found for Q8NHW4 in gnomAD.
INFO:2025-10-30 14:42:33,677:Pipeline completed.
INFO:2025-10-30 14:42:33,677:no_enst_for_uniprot: 5
INFO:2025-10-30 14:42:33,677:no_valid_cds: 0
INFO:2025-10-30 14:42:33,677:no_variant_data: 18
INFO:2025-10-30 14:42:33,677:bad_structure: 0
INFO:2025-10-30 14:42:33,677:no_enst_mp: 1
