INFO:2025-10-30 14:27:02,041:Starting HSC computation pipeline...
INFO:2025-10-30 14:27:52,856:Processing Q8TCD1 with model AF-Q8TCD1-F1-model_v4.pdb
INFO:2025-10-30 14:27:52,890:Computing HSC features for: Q8TCD1, ENST00000318240, ../Ntranos_Rotation/ESM-SaProt/AF-Q8TCD1-F1-model_v4.pdb.gz
INFO:2025-10-30 14:27:58,630:Successfully computed HSC for Q8TCD1.
INFO:2025-10-30 14:27:58,630:Processing Q8TCD5 with model AF-Q8TCD5-F1-model_v4.pdb
INFO:2025-10-30 14:27:58,673:Computing HSC features for: Q8TCD5, ENST00000245552, ../Ntranos_Rotation/ESM-SaProt/AF-Q8TCD5-F1-model_v4.pdb.gz
INFO:2025-10-30 14:28:24,607:Successfully computed HSC for Q8TCD5.
INFO:2025-10-30 14:28:24,607:Processing Q8TCD6 with model AF-Q8TCD6-F1-model_v4.pdb
INFO:2025-10-30 14:28:24,685:Computing HSC features for: Q8TCD6, ENST00000359744, ../Ntranos_Rotation/ESM-SaProt/AF-Q8TCD6-F1-model_v4.pdb.gz
INFO:2025-10-30 14:28:39,900:Successfully computed HSC for Q8TCD6.
INFO:2025-10-30 14:28:39,900:Processing Q8TCE6 with model AF-Q8TCE6-F1-model_v4.pdb
INFO:2025-10-30 14:28:40,012:Computing HSC features for: Q8TCE6, ENST00000361432, ../Ntranos_Rotation/ESM-SaProt/AF-Q8TCE6-F1-model_v4.pdb.gz
INFO:2025-10-30 14:29:07,735:Successfully computed HSC for Q8TCE6.
INFO:2025-10-30 14:29:07,735:Processing Q8TCE9 with model AF-Q8TCE9-F1-model_v4.pdb
INFO:2025-10-30 14:29:07,815:Computing HSC features for: Q8TCE9, ENST00000392052, ../Ntranos_Rotation/ESM-SaProt/AF-Q8TCE9-F1-model_v4.pdb.gz
INFO:2025-10-30 14:29:19,457:Successfully computed HSC for Q8TCE9.
INFO:2025-10-30 14:29:19,457:Processing Q8TCF1 with model AF-Q8TCF1-F1-model_v4.pdb
INFO:2025-10-30 14:29:19,550:Computing HSC features for: Q8TCF1, ENST00000220669, ../Ntranos_Rotation/ESM-SaProt/AF-Q8TCF1-F1-model_v4.pdb.gz
INFO:2025-10-30 14:29:38,397:Successfully computed HSC for Q8TCF1.
INFO:2025-10-30 14:29:38,397:Processing Q8TCG1 with model AF-Q8TCG1-F1-model_v4.pdb
INFO:2025-10-30 14:29:38,520:Computing HSC features for: Q8TCG1, ENST00000295746, ../Ntranos_Rotation/ESM-SaProt/AF-Q8TCG1-F1-model_v4.pdb.gz
INFO:2025-10-30 14:30:38,838:Successfully computed HSC for Q8TCG1.
INFO:2025-10-30 14:30:38,838:Processing Q8TCG2 with model AF-Q8TCG2-F1-model_v4.pdb
INFO:2025-10-30 14:30:38,950:Computing HSC features for: Q8TCG2, ENST00000264864, ../Ntranos_Rotation/ESM-SaProt/AF-Q8TCG2-F1-model_v4.pdb.gz
INFO:2025-10-30 14:31:26,343:Successfully computed HSC for Q8TCG2.
INFO:2025-10-30 14:31:26,343:Processing Q8TCG5 with model AF-Q8TCG5-F1-model_v4.pdb
INFO:2025-10-30 14:31:26,450:Computing HSC features for: Q8TCG5, ENST00000323446, ../Ntranos_Rotation/ESM-SaProt/AF-Q8TCG5-F1-model_v4.pdb.gz
INFO:2025-10-30 14:33:20,066:Successfully computed HSC for Q8TCG5.
INFO:2025-10-30 14:33:20,067:Processing Q8TCH9 with model AF-Q8TCH9-F1-model_v4.pdb
ERROR:2025-10-30 14:33:20,142:No ENST transcript IDs were mapped to Q8TCH9
INFO:2025-10-30 14:33:20,142:Processing Q8TCI5 with model AF-Q8TCI5-F1-model_v4.pdb
INFO:2025-10-30 14:33:20,390:Computing HSC features for: Q8TCI5, ENST00000369738, ../Ntranos_Rotation/ESM-SaProt/AF-Q8TCI5-F1-model_v4.pdb.gz
INFO:2025-10-30 14:33:34,589:Successfully computed HSC for Q8TCI5.
INFO:2025-10-30 14:33:34,590:Processing Q8TCJ0 with model AF-Q8TCJ0-F1-model_v4.pdb
INFO:2025-10-30 14:33:34,643:Computing HSC features for: Q8TCJ0, ENST00000382824, ../Ntranos_Rotation/ESM-SaProt/AF-Q8TCJ0-F1-model_v4.pdb.gz
INFO:2025-10-30 14:34:02,256:Successfully computed HSC for Q8TCJ0.
INFO:2025-10-30 14:34:02,256:Processing Q8TCJ2 with model AF-Q8TCJ2-F1-model_v4.pdb
INFO:2025-10-30 14:34:02,405:Computing HSC features for: Q8TCJ2, ENST00000295770, ../Ntranos_Rotation/ESM-SaProt/AF-Q8TCJ2-F1-model_v4.pdb.gz
INFO:2025-10-30 14:35:10,190:Successfully computed HSC for Q8TCJ2.
INFO:2025-10-30 14:35:10,191:Processing Q8TCN5 with model AF-Q8TCN5-F1-model_v4.pdb
INFO:2025-10-30 14:35:10,308:Computing HSC features for: Q8TCN5, ENST00000311921, ../Ntranos_Rotation/ESM-SaProt/AF-Q8TCN5-F1-model_v4.pdb.gz
INFO:2025-10-30 14:36:19,915:Successfully computed HSC for Q8TCN5.
INFO:2025-10-30 14:36:19,915:Processing Q8TCP9 with model AF-Q8TCP9-F1-model_v4.pdb
INFO:2025-10-30 14:36:20,058:Computing HSC features for: Q8TCP9, ENST00000449309, ../Ntranos_Rotation/ESM-SaProt/AF-Q8TCP9-F1-model_v4.pdb.gz
INFO:2025-10-30 14:36:59,853:Successfully computed HSC for Q8TCP9.
INFO:2025-10-30 14:36:59,853:Processing Q8TCQ1 with model AF-Q8TCQ1-F1-model_v4.pdb
INFO:2025-10-30 14:36:59,930:Computing HSC features for: Q8TCQ1, ENST00000274056, ../Ntranos_Rotation/ESM-SaProt/AF-Q8TCQ1-F1-model_v4.pdb.gz
INFO:2025-10-30 14:37:23,206:Successfully computed HSC for Q8TCQ1.
INFO:2025-10-30 14:37:23,206:Processing Q8TCS8 with model AF-Q8TCS8-F1-model_v4.pdb
INFO:2025-10-30 14:37:23,324:Computing HSC features for: Q8TCS8, ENST00000447944, ../Ntranos_Rotation/ESM-SaProt/AF-Q8TCS8-F1-model_v4.pdb.gz
INFO:2025-10-30 14:38:20,909:Successfully computed HSC for Q8TCS8.
INFO:2025-10-30 14:38:20,909:Processing Q8TCT0 with model AF-Q8TCT0-F1-model_v4.pdb
INFO:2025-10-30 14:38:21,043:Computing HSC features for: Q8TCT0, ENST00000216264, ../Ntranos_Rotation/ESM-SaProt/AF-Q8TCT0-F1-model_v4.pdb.gz
INFO:2025-10-30 14:39:18,586:Successfully computed HSC for Q8TCT0.
INFO:2025-10-30 14:39:18,586:Processing Q8TCT1 with model AF-Q8TCT1-F1-model_v4.pdb
INFO:2025-10-30 14:39:18,641:Computing HSC features for: Q8TCT1, ENST00000310544, ../Ntranos_Rotation/ESM-SaProt/AF-Q8TCT1-F1-model_v4.pdb.gz
INFO:2025-10-30 14:40:01,202:Successfully computed HSC for Q8TCT1.
INFO:2025-10-30 14:40:01,202:Processing Q8TCT6 with model AF-Q8TCT6-F1-model_v4.pdb
INFO:2025-10-30 14:40:01,278:Computing HSC features for: Q8TCT6, ENST00000353487, ../Ntranos_Rotation/ESM-SaProt/AF-Q8TCT6-F1-model_v4.pdb.gz
INFO:2025-10-30 14:40:35,263:Successfully computed HSC for Q8TCT6.
INFO:2025-10-30 14:40:35,263:Processing Q8TCT7 with model AF-Q8TCT7-F1-model_v4.pdb
ERROR:2025-10-30 14:40:35,497:No transcript record found for Q8TCT7 in gnomAD.
INFO:2025-10-30 14:40:35,497:Processing Q8TCT8 with model AF-Q8TCT8-F1-model_v4.pdb
INFO:2025-10-30 14:40:35,600:Computing HSC features for: Q8TCT8, ENST00000261854, ../Ntranos_Rotation/ESM-SaProt/AF-Q8TCT8-F1-model_v4.pdb.gz
INFO:2025-10-30 14:41:12,976:Successfully computed HSC for Q8TCT8.
INFO:2025-10-30 14:41:12,976:Processing Q8TCT9 with model AF-Q8TCT9-F1-model_v4.pdb
INFO:2025-10-30 14:41:13,055:Computing HSC features for: Q8TCT9, ENST00000340852, ../Ntranos_Rotation/ESM-SaProt/AF-Q8TCT9-F1-model_v4.pdb.gz
INFO:2025-10-30 14:41:48,581:Successfully computed HSC for Q8TCT9.
INFO:2025-10-30 14:41:48,581:Processing Q8TCU3 with model AF-Q8TCU3-F1-model_v4.pdb
INFO:2025-10-30 14:41:48,655:Computing HSC features for: Q8TCU3, ENST00000297524, ../Ntranos_Rotation/ESM-SaProt/AF-Q8TCU3-F1-model_v4.pdb.gz
INFO:2025-10-30 14:42:20,958:Successfully computed HSC for Q8TCU3.
INFO:2025-10-30 14:42:20,958:Processing Q8TCU4 with model AF-Q8TCU4-F1-model_v4.pdb
ERROR:2025-10-30 14:42:21,114:No valid CDS found for Q8TCU4
INFO:2025-10-30 14:42:21,114:Processing Q8TCU5 with model AF-Q8TCU5-F1-model_v4.pdb
INFO:2025-10-30 14:42:21,268:Computing HSC features for: Q8TCU5, ENST00000361820, ../Ntranos_Rotation/ESM-SaProt/AF-Q8TCU5-F1-model_v4.pdb.gz
INFO:2025-10-30 14:43:54,768:Successfully computed HSC for Q8TCU5.
INFO:2025-10-30 14:43:54,768:Processing Q8TCU6 with model AF-Q8TCU6-F1-model_v4.pdb
INFO:2025-10-30 14:43:54,942:Computing HSC features for: Q8TCU6, ENST00000371941, ../Ntranos_Rotation/ESM-SaProt/AF-Q8TCU6-F1-model_v4.pdb.gz
INFO:2025-10-30 14:46:40,250:Successfully computed HSC for Q8TCU6.
INFO:2025-10-30 14:46:40,251:Processing Q8TCV5 with model AF-Q8TCV5-F1-model_v4.pdb
INFO:2025-10-30 14:46:40,336:Computing HSC features for: Q8TCV5, ENST00000307971, ../Ntranos_Rotation/ESM-SaProt/AF-Q8TCV5-F1-model_v4.pdb.gz
INFO:2025-10-30 14:46:59,989:Successfully computed HSC for Q8TCV5.
INFO:2025-10-30 14:46:59,990:Processing Q8TCW7 with model AF-Q8TCW7-F1-model_v4.pdb
INFO:2025-10-30 14:47:00,108:Computing HSC features for: Q8TCW7, ENST00000466937, ../Ntranos_Rotation/ESM-SaProt/AF-Q8TCW7-F1-model_v4.pdb.gz
INFO:2025-10-30 14:47:33,696:Successfully computed HSC for Q8TCW7.
INFO:2025-10-30 14:47:33,696:Processing Q8TCW9 with model AF-Q8TCW9-F1-model_v4.pdb
INFO:2025-10-30 14:47:33,771:Computing HSC features for: Q8TCW9, ENST00000303786, ../Ntranos_Rotation/ESM-SaProt/AF-Q8TCW9-F1-model_v4.pdb.gz
INFO:2025-10-30 14:48:11,101:Successfully computed HSC for Q8TCW9.
INFO:2025-10-30 14:48:11,101:Processing Q8TCX1 with model AF-Q8TCX1-F1-model_v4.pdb
INFO:2025-10-30 14:48:11,168:Computing HSC features for: Q8TCX1, ENST00000260605, ../Ntranos_Rotation/ESM-SaProt/AF-Q8TCX1-F1-model_v4.pdb.gz
INFO:2025-10-30 14:48:41,020:Successfully computed HSC for Q8TCX1.
INFO:2025-10-30 14:48:41,021:Processing Q8TCX5 with model AF-Q8TCX5-F1-model_v4.pdb
INFO:2025-10-30 14:48:41,242:Computing HSC features for: Q8TCX5, ENST00000289013, ../Ntranos_Rotation/ESM-SaProt/AF-Q8TCX5-F1-model_v4.pdb.gz
INFO:2025-10-30 14:49:58,033:Successfully computed HSC for Q8TCX5.
INFO:2025-10-30 14:49:58,033:Processing Q8TCY0 with model AF-Q8TCY0-F1-model_v4.pdb
ERROR:2025-10-30 14:49:58,075:No ENST transcript IDs were mapped to Q8TCY0
INFO:2025-10-30 14:49:58,075:Processing Q8TCY5 with model AF-Q8TCY5-F1-model_v4.pdb
INFO:2025-10-30 14:49:58,121:Computing HSC features for: Q8TCY5, ENST00000303645, ../Ntranos_Rotation/ESM-SaProt/AF-Q8TCY5-F1-model_v4.pdb.gz
INFO:2025-10-30 14:50:13,802:Successfully computed HSC for Q8TCY5.
INFO:2025-10-30 14:50:13,802:Processing Q8TCY9 with model AF-Q8TCY9-F1-model_v4.pdb
INFO:2025-10-30 14:50:13,932:Computing HSC features for: Q8TCY9, ENST00000453200, ../Ntranos_Rotation/ESM-SaProt/AF-Q8TCY9-F1-model_v4.pdb.gz
INFO:2025-10-30 14:51:37,192:Successfully computed HSC for Q8TCY9.
INFO:2025-10-30 14:51:37,192:Processing Q8TCZ2 with model AF-Q8TCZ2-F1-model_v4.pdb
INFO:2025-10-30 14:51:37,396:Computing HSC features for: Q8TCZ2, ENST00000370377, ../Ntranos_Rotation/ESM-SaProt/AF-Q8TCZ2-F1-model_v4.pdb.gz
INFO:2025-10-30 14:52:01,819:Successfully computed HSC for Q8TCZ2.
INFO:2025-10-30 14:52:01,819:Processing Q8TCZ7 with model AF-Q8TCZ7-F1-model_v4.pdb
ERROR:2025-10-30 14:52:01,898:No ENST transcript IDs were mapped to Q8TCZ7
INFO:2025-10-30 14:52:01,898:Processing Q8TD06 with model AF-Q8TD06-F1-model_v4.pdb
INFO:2025-10-30 14:52:01,948:Computing HSC features for: Q8TD06, ENST00000310398, ../Ntranos_Rotation/ESM-SaProt/AF-Q8TD06-F1-model_v4.pdb.gz
INFO:2025-10-30 14:52:12,376:Successfully computed HSC for Q8TD06.
INFO:2025-10-30 14:52:12,376:Processing Q8TD07 with model AF-Q8TD07-F1-model_v4.pdb
INFO:2025-10-30 14:52:12,461:Computing HSC features for: Q8TD07, ENST00000357183, ../Ntranos_Rotation/ESM-SaProt/AF-Q8TD07-F1-model_v4.pdb.gz
INFO:2025-10-30 14:52:31,923:Successfully computed HSC for Q8TD07.
INFO:2025-10-30 14:52:31,923:Processing Q8TD08 with model AF-Q8TD08-F1-model_v4.pdb
INFO:2025-10-30 14:52:32,003:Computing HSC features for: Q8TD08, ENST00000338033, ../Ntranos_Rotation/ESM-SaProt/AF-Q8TD08-F1-model_v4.pdb.gz
INFO:2025-10-30 14:53:31,055:Successfully computed HSC for Q8TD08.
INFO:2025-10-30 14:53:31,056:Processing Q8TD10 with model AF-Q8TD10-F1-model_v4.pdb
ERROR:2025-10-30 14:53:31,117:No transcript record found for Q8TD10 in gnomAD.
INFO:2025-10-30 14:53:31,117:Processing Q8TD16 with model AF-Q8TD16-F1-model_v4.pdb
INFO:2025-10-30 14:53:31,214:Computing HSC features for: Q8TD16, ENST00000375512, ../Ntranos_Rotation/ESM-SaProt/AF-Q8TD16-F1-model_v4.pdb.gz
INFO:2025-10-30 14:55:03,971:Successfully computed HSC for Q8TD16.
INFO:2025-10-30 14:55:03,971:Processing Q8TD17 with model AF-Q8TD17-F1-model_v4.pdb
INFO:2025-10-30 14:55:04,050:Computing HSC features for: Q8TD17, ENST00000475153, ../Ntranos_Rotation/ESM-SaProt/AF-Q8TD17-F1-model_v4.pdb.gz
INFO:2025-10-30 14:55:56,940:Successfully computed HSC for Q8TD17.
INFO:2025-10-30 14:55:56,940:Processing Q8TD19 with model AF-Q8TD19-F1-model_v4.pdb
INFO:2025-10-30 14:55:57,049:Computing HSC features for: Q8TD19, ENST00000238616, ../Ntranos_Rotation/ESM-SaProt/AF-Q8TD19-F1-model_v4.pdb.gz
INFO:2025-10-30 14:57:17,988:Successfully computed HSC for Q8TD19.
INFO:2025-10-30 14:57:17,988:Processing Q8TD20 with model AF-Q8TD20-F1-model_v4.pdb
INFO:2025-10-30 14:57:18,112:Computing HSC features for: Q8TD20, ENST00000275230, ../Ntranos_Rotation/ESM-SaProt/AF-Q8TD20-F1-model_v4.pdb.gz
INFO:2025-10-30 14:58:02,973:Successfully computed HSC for Q8TD20.
INFO:2025-10-30 14:58:02,974:Processing Q8TD22 with model AF-Q8TD22-F1-model_v4.pdb
INFO:2025-10-30 14:58:03,054:Computing HSC features for: Q8TD22, ENST00000272433, ../Ntranos_Rotation/ESM-SaProt/AF-Q8TD22-F1-model_v4.pdb.gz
INFO:2025-10-30 14:58:38,087:Successfully computed HSC for Q8TD22.
INFO:2025-10-30 14:58:38,087:Processing Q8TD23 with model AF-Q8TD23-F1-model_v4.pdb
INFO:2025-10-30 14:58:38,179:Computing HSC features for: Q8TD23, ENST00000359788, ../Ntranos_Rotation/ESM-SaProt/AF-Q8TD23-F1-model_v4.pdb.gz
INFO:2025-10-30 14:59:13,519:Successfully computed HSC for Q8TD23.
INFO:2025-10-30 14:59:13,520:Processing Q8TD26 with model AF-Q8TD26-F1-model_v4.pdb
ERROR:2025-10-30 14:59:13,681:No valid CDS found for Q8TD26
INFO:2025-10-30 14:59:13,682:Processing Q8TD30 with model AF-Q8TD30-F1-model_v4.pdb
INFO:2025-10-30 14:59:13,762:Computing HSC features for: Q8TD30, ENST00000340124, ../Ntranos_Rotation/ESM-SaProt/AF-Q8TD30-F1-model_v4.pdb.gz
INFO:2025-10-30 15:00:08,733:Successfully computed HSC for Q8TD30.
INFO:2025-10-30 15:00:08,734:Processing Q8TD31 with model AF-Q8TD31-F1-model_v4.pdb
INFO:2025-10-30 15:00:08,834:Computing HSC features for: Q8TD31, ENST00000376266, ../Ntranos_Rotation/ESM-SaProt/AF-Q8TD31-F1-model_v4.pdb.gz
INFO:2025-10-30 15:01:16,866:Successfully computed HSC for Q8TD31.
INFO:2025-10-30 15:01:16,867:Pipeline completed.
INFO:2025-10-30 15:01:16,867:no_enst_for_uniprot: 3
INFO:2025-10-30 15:01:16,867:no_valid_cds: 2
INFO:2025-10-30 15:01:16,867:no_variant_data: 2
INFO:2025-10-30 15:01:16,867:bad_structure: 0
INFO:2025-10-30 15:01:16,867:no_enst_mp: 0
