INFO:2025-10-30 14:25:03,862:Starting HSC computation pipeline...
INFO:2025-10-30 14:26:07,131:Processing P35527 with model AF-P35527-F1-model_v4.pdb
INFO:2025-10-30 14:26:07,262:Computing HSC features for: P35527, ENST00000246662, ../Ntranos_Rotation/ESM-SaProt/AF-P35527-F1-model_v4.pdb.gz
INFO:2025-10-30 14:27:23,927:Successfully computed HSC for P35527.
INFO:2025-10-30 14:27:23,928:Processing P35542 with model AF-P35542-F1-model_v4.pdb
INFO:2025-10-30 14:27:23,967:Computing HSC features for: P35542, ENST00000278222, ../Ntranos_Rotation/ESM-SaProt/AF-P35542-F1-model_v4.pdb.gz
INFO:2025-10-30 14:27:39,738:Successfully computed HSC for P35542.
INFO:2025-10-30 14:27:39,738:Processing P35544 with model AF-P35544-F1-model_v4.pdb
ERROR:2025-10-30 14:27:39,814:No valid CDS found for P35544
INFO:2025-10-30 14:27:39,814:Processing P35548 with model AF-P35548-F1-model_v4.pdb
INFO:2025-10-30 14:27:39,879:Computing HSC features for: P35548, ENST00000239243, ../Ntranos_Rotation/ESM-SaProt/AF-P35548-F1-model_v4.pdb.gz
INFO:2025-10-30 14:28:27,489:Successfully computed HSC for P35548.
INFO:2025-10-30 14:28:27,489:Processing P35555 with model AF-P35555-F1-model_v4.pdb
ERROR:2025-10-30 14:28:27,791:No valid CDS found for P35555
INFO:2025-10-30 14:28:27,791:Processing P35556 with model AF-P35556-F1-model_v4.pdb
ERROR:2025-10-30 14:28:28,112:No valid CDS found for P35556
INFO:2025-10-30 14:28:28,112:Processing P35557 with model AF-P35557-F1-model_v4.pdb
INFO:2025-10-30 14:28:28,539:Computing HSC features for: P35557, ENST00000403799, ../Ntranos_Rotation/ESM-SaProt/AF-P35557-F1-model_v4.pdb.gz
INFO:2025-10-30 14:29:45,622:Successfully computed HSC for P35557.
INFO:2025-10-30 14:29:45,622:Processing P35558 with model AF-P35558-F1-model_v4.pdb
INFO:2025-10-30 14:29:45,792:Computing HSC features for: P35558, ENST00000319441, ../Ntranos_Rotation/ESM-SaProt/AF-P35558-F1-model_v4.pdb.gz
INFO:2025-10-30 14:31:06,322:Successfully computed HSC for P35558.
INFO:2025-10-30 14:31:06,322:Processing P35568 with model AF-P35568-F1-model_v4.pdb
INFO:2025-10-30 14:31:06,600:Computing HSC features for: P35568, ENST00000305123, ../Ntranos_Rotation/ESM-SaProt/AF-P35568-F1-model_v4.pdb.gz
INFO:2025-10-30 14:34:11,118:Successfully computed HSC for P35568.
INFO:2025-10-30 14:34:11,118:Processing P35573 with model AF-P35573-F1-model_v4.pdb
INFO:2025-10-30 14:34:11,551:Computing HSC features for: P35573, ENST00000294724, ../Ntranos_Rotation/ESM-SaProt/AF-P35573-F1-model_v4.pdb.gz
INFO:2025-10-30 14:36:34,743:Successfully computed HSC for P35573.
INFO:2025-10-30 14:36:34,744:Processing P35575 with model AF-P35575-F1-model_v4.pdb
INFO:2025-10-30 14:36:34,840:Computing HSC features for: P35575, ENST00000253801, ../Ntranos_Rotation/ESM-SaProt/AF-P35575-F1-model_v4.pdb.gz
INFO:2025-10-30 14:37:15,759:Successfully computed HSC for P35575.
INFO:2025-10-30 14:37:15,760:Processing P35579 with model AF-P35579-F1-model_v4.pdb
INFO:2025-10-30 14:37:16,185:Computing HSC features for: P35579, ENST00000216181, ../Ntranos_Rotation/ESM-SaProt/AF-P35579-F1-model_v4.pdb.gz
INFO:2025-10-30 14:41:54,062:Successfully computed HSC for P35579.
INFO:2025-10-30 14:41:54,062:Processing P35580 with model AF-P35580-F1-model_v4.pdb
ERROR:2025-10-30 14:41:54,559:No transcript record found for P35580 in gnomAD.
INFO:2025-10-30 14:41:54,559:Processing P35590 with model AF-P35590-F1-model_v4.pdb
INFO:2025-10-30 14:41:54,836:Computing HSC features for: P35590, ENST00000372476, ../Ntranos_Rotation/ESM-SaProt/AF-P35590-F1-model_v4.pdb.gz
INFO:2025-10-30 14:44:40,295:Successfully computed HSC for P35590.
INFO:2025-10-30 14:44:40,295:Processing P35606 with model AF-P35606-F1-model_v4.pdb
INFO:2025-10-30 14:44:40,560:Computing HSC features for: P35606, ENST00000333188, ../Ntranos_Rotation/ESM-SaProt/AF-P35606-F1-model_v4.pdb.gz
INFO:2025-10-30 14:46:06,329:Successfully computed HSC for P35606.
INFO:2025-10-30 14:46:06,329:Processing P35609 with model AF-P35609-F1-model_v4.pdb
INFO:2025-10-30 14:46:06,541:Computing HSC features for: P35609, ENST00000366578, ../Ntranos_Rotation/ESM-SaProt/AF-P35609-F1-model_v4.pdb.gz
INFO:2025-10-30 14:48:10,040:Successfully computed HSC for P35609.
INFO:2025-10-30 14:48:10,040:Processing P35610 with model AF-P35610-F1-model_v4.pdb
INFO:2025-10-30 14:48:10,187:Computing HSC features for: P35610, ENST00000367619, ../Ntranos_Rotation/ESM-SaProt/AF-P35610-F1-model_v4.pdb.gz
INFO:2025-10-30 14:49:12,917:Successfully computed HSC for P35610.
INFO:2025-10-30 14:49:12,918:Processing P35611 with model AF-P35611-F1-model_v4.pdb
INFO:2025-10-30 14:49:13,301:Computing HSC features for: P35611, ENST00000398129, ../Ntranos_Rotation/ESM-SaProt/AF-P35611-F1-model_v4.pdb.gz
INFO:2025-10-30 14:51:00,294:Successfully computed HSC for P35611.
INFO:2025-10-30 14:51:00,294:Processing P35612 with model AF-P35612-F1-model_v4.pdb
INFO:2025-10-30 14:51:00,502:Computing HSC features for: P35612, ENST00000264436, ../Ntranos_Rotation/ESM-SaProt/AF-P35612-F1-model_v4.pdb.gz
INFO:2025-10-30 14:52:39,090:Successfully computed HSC for P35612.
INFO:2025-10-30 14:52:39,091:Processing P35613 with model AF-P35613-F1-model_v4.pdb
INFO:2025-10-30 14:52:39,163:Computing HSC features for: P35613, ENST00000333511, ../Ntranos_Rotation/ESM-SaProt/AF-P35613-F1-model_v4.pdb.gz
INFO:2025-10-30 14:53:48,609:Successfully computed HSC for P35613.
INFO:2025-10-30 14:53:48,609:Processing P35625 with model AF-P35625-F1-model_v4.pdb
INFO:2025-10-30 14:53:48,675:Computing HSC features for: P35625, ENST00000266085, ../Ntranos_Rotation/ESM-SaProt/AF-P35625-F1-model_v4.pdb.gz
INFO:2025-10-30 14:54:23,469:Successfully computed HSC for P35625.
INFO:2025-10-30 14:54:23,470:Processing P35626 with model AF-P35626-F1-model_v4.pdb
INFO:2025-10-30 14:54:23,633:Computing HSC features for: P35626, ENST00000324198, ../Ntranos_Rotation/ESM-SaProt/AF-P35626-F1-model_v4.pdb.gz
INFO:2025-10-30 14:55:43,637:Successfully computed HSC for P35626.
INFO:2025-10-30 14:55:43,637:Processing P35637 with model AF-P35637-F1-model_v4.pdb
INFO:2025-10-30 14:55:43,749:Computing HSC features for: P35637, ENST00000254108, ../Ntranos_Rotation/ESM-SaProt/AF-P35637-F1-model_v4.pdb.gz
INFO:2025-10-30 14:56:54,363:Successfully computed HSC for P35637.
INFO:2025-10-30 14:56:54,363:Processing P35638 with model AF-P35638-F1-model_v4.pdb
INFO:2025-10-30 14:56:54,411:Computing HSC features for: P35638, ENST00000346473, ../Ntranos_Rotation/ESM-SaProt/AF-P35638-F1-model_v4.pdb.gz
INFO:2025-10-30 14:57:13,321:Successfully computed HSC for P35638.
INFO:2025-10-30 14:57:13,321:Processing P35658 with model AF-P35658-F1-model_v4.pdb
INFO:2025-10-30 14:57:13,598:Computing HSC features for: P35658, ENST00000359428, ../Ntranos_Rotation/ESM-SaProt/AF-P35658-F1-model_v4.pdb.gz
INFO:2025-10-30 15:00:52,494:Successfully computed HSC for P35658.
INFO:2025-10-30 15:00:52,495:Processing P35659 with model AF-P35659-F1-model_v4.pdb
ERROR:2025-10-30 15:00:52,599:No transcript record found for P35659 in gnomAD.
INFO:2025-10-30 15:00:52,599:Processing P35663 with model AF-P35663-F1-model_v4.pdb
INFO:2025-10-30 15:00:52,785:Computing HSC features for: P35663, ENST00000329312, ../Ntranos_Rotation/ESM-SaProt/AF-P35663-F1-model_v4.pdb.gz
INFO:2025-10-30 15:01:50,334:Successfully computed HSC for P35663.
INFO:2025-10-30 15:01:50,334:Processing P35670 with model AF-P35670-F1-model_v4.pdb
INFO:2025-10-30 15:01:50,633:Computing HSC features for: P35670, ENST00000242839, ../Ntranos_Rotation/ESM-SaProt/AF-P35670-F1-model_v4.pdb.gz
INFO:2025-10-30 15:04:42,218:Successfully computed HSC for P35670.
INFO:2025-10-30 15:04:42,219:Processing P35680 with model AF-P35680-F1-model_v4.pdb
ERROR:2025-10-30 15:04:42,358:No transcript record found for P35680 in gnomAD.
INFO:2025-10-30 15:04:42,358:Processing P35711 with model AF-P35711-F1-model_v4.pdb
INFO:2025-10-30 15:04:42,524:Computing HSC features for: P35711, ENST00000451604, ../Ntranos_Rotation/ESM-SaProt/AF-P35711-F1-model_v4.pdb.gz
INFO:2025-10-30 15:06:07,816:Successfully computed HSC for P35711.
INFO:2025-10-30 15:06:07,816:Processing P35712 with model AF-P35712-F1-model_v4.pdb
INFO:2025-10-30 15:06:07,939:Computing HSC features for: P35712, ENST00000528429, ../Ntranos_Rotation/ESM-SaProt/AF-P35712-F1-model_v4.pdb.gz
INFO:2025-10-30 15:07:45,222:Successfully computed HSC for P35712.
INFO:2025-10-30 15:07:45,222:Processing P35713 with model AF-P35713-F1-model_v4.pdb
INFO:2025-10-30 15:07:45,344:Computing HSC features for: P35713, ENST00000340356, ../Ntranos_Rotation/ESM-SaProt/AF-P35713-F1-model_v4.pdb.gz
INFO:2025-10-30 15:09:35,275:Successfully computed HSC for P35713.
INFO:2025-10-30 15:09:35,275:Processing P35716 with model AF-P35716-F1-model_v4.pdb
INFO:2025-10-30 15:09:35,377:Computing HSC features for: P35716, ENST00000322002, ../Ntranos_Rotation/ESM-SaProt/AF-P35716-F1-model_v4.pdb.gz
INFO:2025-10-30 15:11:28,157:Successfully computed HSC for P35716.
INFO:2025-10-30 15:11:28,158:Processing P35749 with model AF-P35749-F1-model_v4.pdb
INFO:2025-10-30 15:11:28,444:Computing HSC features for: P35749, ENST00000300036, ../Ntranos_Rotation/ESM-SaProt/AF-P35749-F1-model_v4.pdb.gz
INFO:2025-10-30 15:15:59,934:Successfully computed HSC for P35749.
INFO:2025-10-30 15:15:59,934:Processing P35754 with model AF-P35754-F1-model_v4.pdb
INFO:2025-10-30 15:15:59,980:Computing HSC features for: P35754, ENST00000237858, ../Ntranos_Rotation/ESM-SaProt/AF-P35754-F1-model_v4.pdb.gz
INFO:2025-10-30 15:16:12,175:Successfully computed HSC for P35754.
INFO:2025-10-30 15:16:12,175:Processing P35789 with model AF-P35789-F1-model_v4.pdb
INFO:2025-10-30 15:16:12,361:Computing HSC features for: P35789, ENST00000343769, ../Ntranos_Rotation/ESM-SaProt/AF-P35789-F1-model_v4.pdb.gz
INFO:2025-10-30 15:17:04,220:Successfully computed HSC for P35789.
INFO:2025-10-30 15:17:04,220:Processing P35790 with model AF-P35790-F1-model_v4.pdb
INFO:2025-10-30 15:17:04,340:Computing HSC features for: P35790, ENST00000265689, ../Ntranos_Rotation/ESM-SaProt/AF-P35790-F1-model_v4.pdb.gz
INFO:2025-10-30 15:18:20,232:Successfully computed HSC for P35790.
INFO:2025-10-30 15:18:20,232:Processing P35813 with model AF-P35813-F1-model_v4.pdb
INFO:2025-10-30 15:18:20,304:Computing HSC features for: P35813, ENST00000395076, ../Ntranos_Rotation/ESM-SaProt/AF-P35813-F1-model_v4.pdb.gz
INFO:2025-10-30 15:18:59,346:Successfully computed HSC for P35813.
INFO:2025-10-30 15:18:59,346:Processing P35858 with model AF-P35858-F1-model_v4.pdb
INFO:2025-10-30 15:18:59,487:Computing HSC features for: P35858, ENST00000215539, ../Ntranos_Rotation/ESM-SaProt/AF-P35858-F1-model_v4.pdb.gz
INFO:2025-10-30 15:21:25,426:Successfully computed HSC for P35858.
INFO:2025-10-30 15:21:25,426:Processing P35869 with model AF-P35869-F1-model_v4.pdb
INFO:2025-10-30 15:21:25,565:Computing HSC features for: P35869, ENST00000242057, ../Ntranos_Rotation/ESM-SaProt/AF-P35869-F1-model_v4.pdb.gz
INFO:2025-10-30 15:23:07,021:Successfully computed HSC for P35869.
INFO:2025-10-30 15:23:07,021:Processing P35900 with model AF-P35900-F1-model_v4.pdb
INFO:2025-10-30 15:23:07,149:Computing HSC features for: P35900, ENST00000167588, ../Ntranos_Rotation/ESM-SaProt/AF-P35900-F1-model_v4.pdb.gz
INFO:2025-10-30 15:24:08,250:Successfully computed HSC for P35900.
INFO:2025-10-30 15:24:08,251:Processing P35908 with model AF-P35908-F1-model_v4.pdb
INFO:2025-10-30 15:24:08,406:Computing HSC features for: P35908, ENST00000309680, ../Ntranos_Rotation/ESM-SaProt/AF-P35908-F1-model_v4.pdb.gz
INFO:2025-10-30 15:25:23,405:Successfully computed HSC for P35908.
INFO:2025-10-30 15:25:23,406:Processing P35913 with model AF-P35913-F1-model_v4.pdb
INFO:2025-10-30 15:25:23,609:Computing HSC features for: P35913, ENST00000496514, ../Ntranos_Rotation/ESM-SaProt/AF-P35913-F1-model_v4.pdb.gz
INFO:2025-10-30 15:27:53,401:Successfully computed HSC for P35913.
INFO:2025-10-30 15:27:53,401:Processing P35914 with model AF-P35914-F1-model_v4.pdb
INFO:2025-10-30 15:27:53,479:Computing HSC features for: P35914, ENST00000374490, ../Ntranos_Rotation/ESM-SaProt/AF-P35914-F1-model_v4.pdb.gz
INFO:2025-10-30 15:29:11,587:Successfully computed HSC for P35914.
INFO:2025-10-30 15:29:11,587:Processing P35916 with model AF-P35916-F1-model_v4.pdb
INFO:2025-10-30 15:29:11,949:Computing HSC features for: P35916, ENST00000261937, ../Ntranos_Rotation/ESM-SaProt/AF-P35916-F1-model_v4.pdb.gz
INFO:2025-10-30 15:32:58,746:Successfully computed HSC for P35916.
INFO:2025-10-30 15:32:58,746:Processing P35968 with model AF-P35968-F1-model_v4.pdb
INFO:2025-10-30 15:32:59,043:Computing HSC features for: P35968, ENST00000263923, ../Ntranos_Rotation/ESM-SaProt/AF-P35968-F1-model_v4.pdb.gz
INFO:2025-10-30 15:36:33,772:Successfully computed HSC for P35968.
INFO:2025-10-30 15:36:33,773:Processing P35998 with model AF-P35998-F1-model_v4.pdb
INFO:2025-10-30 15:36:33,911:Computing HSC features for: P35998, ENST00000292644, ../Ntranos_Rotation/ESM-SaProt/AF-P35998-F1-model_v4.pdb.gz
INFO:2025-10-30 15:37:43,591:Successfully computed HSC for P35998.
INFO:2025-10-30 15:37:43,592:Processing P36021 with model AF-P36021-F1-model_v4.pdb
INFO:2025-10-30 15:37:43,698:Computing HSC features for: P36021, ENST00000587091, ../Ntranos_Rotation/ESM-SaProt/AF-P36021-F1-model_v4.pdb.gz
INFO:2025-10-30 15:39:16,637:Successfully computed HSC for P36021.
INFO:2025-10-30 15:39:16,638:Processing P36222 with model AF-P36222-F1-model_v4.pdb
INFO:2025-10-30 15:39:16,738:Computing HSC features for: P36222, ENST00000255409, ../Ntranos_Rotation/ESM-SaProt/AF-P36222-F1-model_v4.pdb.gz
INFO:2025-10-30 15:40:17,793:Successfully computed HSC for P36222.
INFO:2025-10-30 15:40:17,793:Processing P36268 with model AF-P36268-F1-model_v4.pdb
ERROR:2025-10-30 15:40:17,909:No ENST transcript IDs were mapped to P36268
INFO:2025-10-30 15:40:17,909:Pipeline completed.
INFO:2025-10-30 15:40:17,909:no_enst_for_uniprot: 1
INFO:2025-10-30 15:40:17,910:no_valid_cds: 3
INFO:2025-10-30 15:40:17,910:no_variant_data: 3
INFO:2025-10-30 15:40:17,910:bad_structure: 0
INFO:2025-10-30 15:40:17,910:no_enst_mp: 0
