INFO:2025-10-30 14:26:02,792:Starting HSC computation pipeline...
INFO:2025-10-30 14:27:01,071:Processing Q8NCX0 with model AF-Q8NCX0-F1-model_v4.pdb
INFO:2025-10-30 14:27:01,322:Computing HSC features for: Q8NCX0, ENST00000389175, ../Ntranos_Rotation/ESM-SaProt/AF-Q8NCX0-F1-model_v4.pdb.gz
INFO:2025-10-30 14:28:27,677:Successfully computed HSC for Q8NCX0.
INFO:2025-10-30 14:28:27,677:Processing Q8NCY6 with model AF-Q8NCY6-F1-model_v4.pdb
INFO:2025-10-30 14:28:27,805:Computing HSC features for: Q8NCY6, ENST00000301919, ../Ntranos_Rotation/ESM-SaProt/AF-Q8NCY6-F1-model_v4.pdb.gz
INFO:2025-10-30 14:28:55,509:Successfully computed HSC for Q8NCY6.
INFO:2025-10-30 14:28:55,509:Processing Q8ND04 with model AF-Q8ND04-F1-model_v4.pdb
INFO:2025-10-30 14:28:55,650:Computing HSC features for: Q8ND04, ENST00000300917, ../Ntranos_Rotation/ESM-SaProt/AF-Q8ND04-F1-model_v4.pdb.gz
INFO:2025-10-30 14:30:18,868:Successfully computed HSC for Q8ND04.
INFO:2025-10-30 14:30:18,868:Processing Q8ND07 with model AF-Q8ND07-F1-model_v4.pdb
INFO:2025-10-30 14:30:19,000:Computing HSC features for: Q8ND07, ENST00000394009, ../Ntranos_Rotation/ESM-SaProt/AF-Q8ND07-F1-model_v4.pdb.gz
INFO:2025-10-30 14:30:56,389:Successfully computed HSC for Q8ND07.
INFO:2025-10-30 14:30:56,390:Processing Q8ND23 with model AF-Q8ND23-F1-model_v4.pdb
INFO:2025-10-30 14:30:56,585:Computing HSC features for: Q8ND23, ENST00000342740, ../Ntranos_Rotation/ESM-SaProt/AF-Q8ND23-F1-model_v4.pdb.gz
INFO:2025-10-30 14:33:35,723:Successfully computed HSC for Q8ND23.
INFO:2025-10-30 14:33:35,723:Processing Q8ND24 with model AF-Q8ND24-F1-model_v4.pdb
INFO:2025-10-30 14:33:35,821:Computing HSC features for: Q8ND24, ENST00000300650, ../Ntranos_Rotation/ESM-SaProt/AF-Q8ND24-F1-model_v4.pdb.gz
INFO:2025-10-30 14:34:32,262:Successfully computed HSC for Q8ND24.
INFO:2025-10-30 14:34:32,262:Processing Q8ND25 with model AF-Q8ND25-F1-model_v4.pdb
INFO:2025-10-30 14:34:32,321:Computing HSC features for: Q8ND25, ENST00000335325, ../Ntranos_Rotation/ESM-SaProt/AF-Q8ND25-F1-model_v4.pdb.gz
INFO:2025-10-30 14:35:05,723:Successfully computed HSC for Q8ND25.
INFO:2025-10-30 14:35:05,723:Processing Q8ND30 with model AF-Q8ND30-F1-model_v4.pdb
INFO:2025-10-30 14:35:05,835:Computing HSC features for: Q8ND30, ENST00000299492, ../Ntranos_Rotation/ESM-SaProt/AF-Q8ND30-F1-model_v4.pdb.gz
INFO:2025-10-30 14:36:33,830:Successfully computed HSC for Q8ND30.
INFO:2025-10-30 14:36:33,830:Processing Q8ND56 with model AF-Q8ND56-F1-model_v4.pdb
INFO:2025-10-30 14:36:34,022:Computing HSC features for: Q8ND56, ENST00000544216, ../Ntranos_Rotation/ESM-SaProt/AF-Q8ND56-F1-model_v4.pdb.gz
INFO:2025-10-30 14:37:15,169:Successfully computed HSC for Q8ND56.
INFO:2025-10-30 14:37:15,169:Processing Q8ND61 with model AF-Q8ND61-F1-model_v4.pdb
INFO:2025-10-30 14:37:15,348:Computing HSC features for: Q8ND61, ENST00000253697, ../Ntranos_Rotation/ESM-SaProt/AF-Q8ND61-F1-model_v4.pdb.gz
INFO:2025-10-30 14:38:56,366:Successfully computed HSC for Q8ND61.
INFO:2025-10-30 14:38:56,367:Processing Q8ND71 with model AF-Q8ND71-F1-model_v4.pdb
INFO:2025-10-30 14:38:56,457:Computing HSC features for: Q8ND71, ENST00000307271, ../Ntranos_Rotation/ESM-SaProt/AF-Q8ND71-F1-model_v4.pdb.gz
INFO:2025-10-30 14:39:53,634:Successfully computed HSC for Q8ND71.
INFO:2025-10-30 14:39:53,634:Processing Q8ND76 with model AF-Q8ND76-F1-model_v4.pdb
INFO:2025-10-30 14:39:53,689:Computing HSC features for: Q8ND76, ENST00000374704, ../Ntranos_Rotation/ESM-SaProt/AF-Q8ND76-F1-model_v4.pdb.gz
INFO:2025-10-30 14:40:32,222:Successfully computed HSC for Q8ND76.
INFO:2025-10-30 14:40:32,222:Processing Q8ND82 with model AF-Q8ND82-F1-model_v4.pdb
INFO:2025-10-30 14:40:32,382:Computing HSC features for: Q8ND82, ENST00000370978, ../Ntranos_Rotation/ESM-SaProt/AF-Q8ND82-F1-model_v4.pdb.gz
INFO:2025-10-30 14:41:50,357:Successfully computed HSC for Q8ND82.
INFO:2025-10-30 14:41:50,357:Processing Q8ND83 with model AF-Q8ND83-F1-model_v4.pdb
INFO:2025-10-30 14:41:50,438:Computing HSC features for: Q8ND83, ENST00000466548, ../Ntranos_Rotation/ESM-SaProt/AF-Q8ND83-F1-model_v4.pdb.gz
INFO:2025-10-30 14:42:54,540:Successfully computed HSC for Q8ND83.
INFO:2025-10-30 14:42:54,540:Processing Q8ND90 with model AF-Q8ND90-F1-model_v4.pdb
INFO:2025-10-30 14:42:54,600:Computing HSC features for: Q8ND90, ENST00000316836, ../Ntranos_Rotation/ESM-SaProt/AF-Q8ND90-F1-model_v4.pdb.gz
INFO:2025-10-30 14:43:28,385:Successfully computed HSC for Q8ND90.
INFO:2025-10-30 14:43:28,386:Processing Q8ND94 with model AF-Q8ND94-F1-model_v4.pdb
INFO:2025-10-30 14:43:28,430:Computing HSC features for: Q8ND94, ENST00000317449, ../Ntranos_Rotation/ESM-SaProt/AF-Q8ND94-F1-model_v4.pdb.gz
INFO:2025-10-30 14:44:03,132:Successfully computed HSC for Q8ND94.
INFO:2025-10-30 14:44:03,132:Processing Q8NEL9 with model AF-Q8NEL9-F1-model_v4.pdb
ERROR:2025-10-30 14:44:03,253:No transcript record found for Q8NEL9 in gnomAD.
INFO:2025-10-30 14:44:03,253:Processing Q8NEM0 with model AF-Q8NEM0-F1-model_v4.pdb
INFO:2025-10-30 14:44:03,428:Computing HSC features for: Q8NEM0, ENST00000344683, ../Ntranos_Rotation/ESM-SaProt/AF-Q8NEM0-F1-model_v4.pdb.gz
INFO:2025-10-30 14:45:51,877:Successfully computed HSC for Q8NEM0.
INFO:2025-10-30 14:45:51,877:Processing Q8NEM1 with model AF-Q8NEM1-F1-model_v4.pdb
INFO:2025-10-30 14:45:51,996:Computing HSC features for: Q8NEM1, ENST00000309683, ../Ntranos_Rotation/ESM-SaProt/AF-Q8NEM1-F1-model_v4.pdb.gz
INFO:2025-10-30 14:46:47,732:Successfully computed HSC for Q8NEM1.
INFO:2025-10-30 14:46:47,732:Processing Q8NEM2 with model AF-Q8NEM2-F1-model_v4.pdb
INFO:2025-10-30 14:46:47,873:Computing HSC features for: Q8NEM2, ENST00000303383, ../Ntranos_Rotation/ESM-SaProt/AF-Q8NEM2-F1-model_v4.pdb.gz
INFO:2025-10-30 14:47:51,290:Successfully computed HSC for Q8NEM2.
INFO:2025-10-30 14:47:51,290:Processing Q8NEM7 with model AF-Q8NEM7-F1-model_v4.pdb
INFO:2025-10-30 14:47:51,401:Computing HSC features for: Q8NEM7, ENST00000350612, ../Ntranos_Rotation/ESM-SaProt/AF-Q8NEM7-F1-model_v4.pdb.gz
INFO:2025-10-30 14:48:49,254:Successfully computed HSC for Q8NEM7.
INFO:2025-10-30 14:48:49,255:Processing Q8NEM8 with model AF-Q8NEM8-F1-model_v4.pdb
ERROR:2025-10-30 14:48:49,390:No valid CDS found for Q8NEM8
INFO:2025-10-30 14:48:49,390:Processing Q8NEN0 with model AF-Q8NEN0-F1-model_v4.pdb
INFO:2025-10-30 14:48:49,805:Computing HSC features for: Q8NEN0, ENST00000392644, ../Ntranos_Rotation/ESM-SaProt/AF-Q8NEN0-F1-model_v4.pdb.gz
INFO:2025-10-30 14:50:02,139:Successfully computed HSC for Q8NEN0.
INFO:2025-10-30 14:50:02,139:Processing Q8NEN9 with model AF-Q8NEN9-F1-model_v4.pdb
INFO:2025-10-30 14:50:02,267:Computing HSC features for: Q8NEN9, ENST00000334464, ../Ntranos_Rotation/ESM-SaProt/AF-Q8NEN9-F1-model_v4.pdb.gz
INFO:2025-10-30 14:51:55,281:Successfully computed HSC for Q8NEN9.
INFO:2025-10-30 14:51:55,281:Processing Q8NEP3 with model AF-Q8NEP3-F1-model_v4.pdb
INFO:2025-10-30 14:51:55,524:Computing HSC features for: Q8NEP3, ENST00000378553, ../Ntranos_Rotation/ESM-SaProt/AF-Q8NEP3-F1-model_v4.pdb.gz
INFO:2025-10-30 14:53:34,721:Successfully computed HSC for Q8NEP3.
INFO:2025-10-30 14:53:34,721:Processing Q8NEP7 with model AF-Q8NEP7-F1-model_v4.pdb
INFO:2025-10-30 14:53:34,788:Computing HSC features for: Q8NEP7, ENST00000368011, ../Ntranos_Rotation/ESM-SaProt/AF-Q8NEP7-F1-model_v4.pdb.gz
INFO:2025-10-30 14:54:27,940:Successfully computed HSC for Q8NEP7.
INFO:2025-10-30 14:54:27,940:Processing Q8NEP9 with model AF-Q8NEP9-F1-model_v4.pdb
INFO:2025-10-30 14:54:28,107:Computing HSC features for: Q8NEP9, ENST00000334241, ../Ntranos_Rotation/ESM-SaProt/AF-Q8NEP9-F1-model_v4.pdb.gz
INFO:2025-10-30 14:55:33,329:Successfully computed HSC for Q8NEP9.
INFO:2025-10-30 14:55:33,329:Processing Q8NEQ5 with model AF-Q8NEQ5-F1-model_v4.pdb
INFO:2025-10-30 14:55:33,368:Computing HSC features for: Q8NEQ5, ENST00000343534, ../Ntranos_Rotation/ESM-SaProt/AF-Q8NEQ5-F1-model_v4.pdb.gz
INFO:2025-10-30 14:55:44,102:Successfully computed HSC for Q8NEQ5.
INFO:2025-10-30 14:55:44,102:Processing Q8NEQ6 with model AF-Q8NEQ6-F1-model_v4.pdb
INFO:2025-10-30 14:55:44,141:Computing HSC features for: Q8NEQ6, ENST00000329454, ../Ntranos_Rotation/ESM-SaProt/AF-Q8NEQ6-F1-model_v4.pdb.gz
INFO:2025-10-30 14:56:02,023:Successfully computed HSC for Q8NEQ6.
INFO:2025-10-30 14:56:02,023:Processing Q8NER1 with model AF-Q8NER1-F1-model_v4.pdb
INFO:2025-10-30 14:56:02,127:Computing HSC features for: Q8NER1, ENST00000399756, ../Ntranos_Rotation/ESM-SaProt/AF-Q8NER1-F1-model_v4.pdb.gz
INFO:2025-10-30 14:57:31,563:Successfully computed HSC for Q8NER1.
INFO:2025-10-30 14:57:31,563:Processing Q8NER5 with model AF-Q8NER5-F1-model_v4.pdb
INFO:2025-10-30 14:57:31,629:Computing HSC features for: Q8NER5, ENST00000243349, ../Ntranos_Rotation/ESM-SaProt/AF-Q8NER5-F1-model_v4.pdb.gz
INFO:2025-10-30 14:58:12,347:Successfully computed HSC for Q8NER5.
INFO:2025-10-30 14:58:12,347:Processing Q8NES3 with model AF-Q8NES3-F1-model_v4.pdb
INFO:2025-10-30 14:58:12,409:Computing HSC features for: Q8NES3, ENST00000222725, ../Ntranos_Rotation/ESM-SaProt/AF-Q8NES3-F1-model_v4.pdb.gz
INFO:2025-10-30 14:59:28,437:Successfully computed HSC for Q8NES3.
INFO:2025-10-30 14:59:28,437:Processing Q8NES8 with model AF-Q8NES8-F1-model_v4.pdb
INFO:2025-10-30 14:59:28,487:Computing HSC features for: Q8NES8, ENST00000317676, ../Ntranos_Rotation/ESM-SaProt/AF-Q8NES8-F1-model_v4.pdb.gz
INFO:2025-10-30 14:59:38,567:Successfully computed HSC for Q8NES8.
INFO:2025-10-30 14:59:38,567:Processing Q8NET1 with model AF-Q8NET1-F1-model_v4.pdb
INFO:2025-10-30 14:59:38,601:Computing HSC features for: Q8NET1, ENST00000328698, ../Ntranos_Rotation/ESM-SaProt/AF-Q8NET1-F1-model_v4.pdb.gz
INFO:2025-10-30 14:59:47,704:Successfully computed HSC for Q8NET1.
INFO:2025-10-30 14:59:47,704:Processing Q8NET4 with model AF-Q8NET4-F1-model_v4.pdb
INFO:2025-10-30 14:59:47,977:Computing HSC features for: Q8NET4, ENST00000465301, ../Ntranos_Rotation/ESM-SaProt/AF-Q8NET4-F1-model_v4.pdb.gz
INFO:2025-10-30 15:02:19,064:Successfully computed HSC for Q8NET4.
INFO:2025-10-30 15:02:19,064:Processing Q8NET5 with model AF-Q8NET5-F1-model_v4.pdb
INFO:2025-10-30 15:02:19,304:Computing HSC features for: Q8NET5, ENST00000329021, ../Ntranos_Rotation/ESM-SaProt/AF-Q8NET5-F1-model_v4.pdb.gz
INFO:2025-10-30 15:03:00,935:Successfully computed HSC for Q8NET5.
INFO:2025-10-30 15:03:00,935:Processing Q8NET6 with model AF-Q8NET6-F1-model_v4.pdb
INFO:2025-10-30 15:03:01,035:Computing HSC features for: Q8NET6, ENST00000319340, ../Ntranos_Rotation/ESM-SaProt/AF-Q8NET6-F1-model_v4.pdb.gz
INFO:2025-10-30 15:04:04,717:Successfully computed HSC for Q8NET6.
INFO:2025-10-30 15:04:04,717:Processing Q8NET8 with model AF-Q8NET8-F1-model_v4.pdb
INFO:2025-10-30 15:04:04,815:Computing HSC features for: Q8NET8, ENST00000576742, ../Ntranos_Rotation/ESM-SaProt/AF-Q8NET8-F1-model_v4.pdb.gz
INFO:2025-10-30 15:05:26,067:Successfully computed HSC for Q8NET8.
INFO:2025-10-30 15:05:26,067:Processing Q8NEU8 with model AF-Q8NEU8-F1-model_v4.pdb
INFO:2025-10-30 15:05:26,164:Computing HSC features for: Q8NEU8, ENST00000258530, ../Ntranos_Rotation/ESM-SaProt/AF-Q8NEU8-F1-model_v4.pdb.gz
INFO:2025-10-30 15:06:23,387:Successfully computed HSC for Q8NEU8.
INFO:2025-10-30 15:06:23,387:Processing Q8NEV1 with model AF-Q8NEV1-F1-model_v4.pdb
INFO:2025-10-30 15:06:23,463:Computing HSC features for: Q8NEV1, ENST00000528848, ../Ntranos_Rotation/ESM-SaProt/AF-Q8NEV1-F1-model_v4.pdb.gz
INFO:2025-10-30 15:07:09,617:Successfully computed HSC for Q8NEV1.
INFO:2025-10-30 15:07:09,618:Processing Q8NEV4 with model AF-Q8NEV4-F1-model_v4.pdb
ERROR:2025-10-30 15:07:09,916:No transcript record found for Q8NEV4 in gnomAD.
INFO:2025-10-30 15:07:09,916:Processing Q8NEV8 with model AF-Q8NEV8-F1-model_v4.pdb
INFO:2025-10-30 15:07:10,297:Computing HSC features for: Q8NEV8, ENST00000265843, ../Ntranos_Rotation/ESM-SaProt/AF-Q8NEV8-F1-model_v4.pdb.gz
INFO:2025-10-30 15:10:28,649:Successfully computed HSC for Q8NEV8.
INFO:2025-10-30 15:10:28,650:Processing Q8NEV9 with model AF-Q8NEV9-F1-model_v4.pdb
INFO:2025-10-30 15:10:28,730:Computing HSC features for: Q8NEV9, ENST00000356897, ../Ntranos_Rotation/ESM-SaProt/AF-Q8NEV9-F1-model_v4.pdb.gz
INFO:2025-10-30 15:10:59,781:Successfully computed HSC for Q8NEV9.
INFO:2025-10-30 15:10:59,782:Processing Q8NEW0 with model AF-Q8NEW0-F1-model_v4.pdb
INFO:2025-10-30 15:10:59,839:Computing HSC features for: Q8NEW0, ENST00000357650, ../Ntranos_Rotation/ESM-SaProt/AF-Q8NEW0-F1-model_v4.pdb.gz
INFO:2025-10-30 15:11:27,905:Successfully computed HSC for Q8NEW0.
INFO:2025-10-30 15:11:27,905:Processing Q8NEW7 with model AF-Q8NEW7-F1-model_v4.pdb
ERROR:2025-10-30 15:11:27,978:No transcript record found for Q8NEW7 in gnomAD.
INFO:2025-10-30 15:11:27,978:Processing Q8NEX5 with model AF-Q8NEX5-F1-model_v4.pdb
INFO:2025-10-30 15:11:28,016:Computing HSC features for: Q8NEX5, ENST00000326000, ../Ntranos_Rotation/ESM-SaProt/AF-Q8NEX5-F1-model_v4.pdb.gz
INFO:2025-10-30 15:11:35,476:Successfully computed HSC for Q8NEX5.
INFO:2025-10-30 15:11:35,476:Processing Q8NEX6 with model AF-Q8NEX6-F1-model_v4.pdb
INFO:2025-10-30 15:11:35,507:Computing HSC features for: Q8NEX6, ENST00000324384, ../Ntranos_Rotation/ESM-SaProt/AF-Q8NEX6-F1-model_v4.pdb.gz
INFO:2025-10-30 15:11:42,290:Successfully computed HSC for Q8NEX6.
INFO:2025-10-30 15:11:42,290:Processing Q8NEX9 with model AF-Q8NEX9-F1-model_v4.pdb
INFO:2025-10-30 15:11:42,349:Computing HSC features for: Q8NEX9, ENST00000293502, ../Ntranos_Rotation/ESM-SaProt/AF-Q8NEX9-F1-model_v4.pdb.gz
INFO:2025-10-30 15:12:15,226:Successfully computed HSC for Q8NEX9.
INFO:2025-10-30 15:12:15,227:Processing Q8NEY1 with model AF-Q8NEY1-F1-model_v4.pdb
INFO:2025-10-30 15:12:15,568:Computing HSC features for: Q8NEY1, ENST00000367296, ../Ntranos_Rotation/ESM-SaProt/AF-Q8NEY1-F1-model_v4.pdb.gz
INFO:2025-10-30 15:15:20,926:Successfully computed HSC for Q8NEY1.
INFO:2025-10-30 15:15:20,926:Processing Q8NEY3 with model AF-Q8NEY3-F1-model_v4.pdb
INFO:2025-10-30 15:15:21,170:Computing HSC features for: Q8NEY3, ENST00000280191, ../Ntranos_Rotation/ESM-SaProt/AF-Q8NEY3-F1-model_v4.pdb.gz
INFO:2025-10-30 15:15:52,691:Successfully computed HSC for Q8NEY3.
INFO:2025-10-30 15:15:52,691:Pipeline completed.
INFO:2025-10-30 15:15:52,691:no_enst_for_uniprot: 0
INFO:2025-10-30 15:15:52,691:no_valid_cds: 1
INFO:2025-10-30 15:15:52,691:no_variant_data: 3
INFO:2025-10-30 15:15:52,691:bad_structure: 0
INFO:2025-10-30 15:15:52,691:no_enst_mp: 0
