INFO:2025-10-30 14:59:04,098:Starting HSC computation pipeline...
INFO:2025-10-30 15:00:16,821:Processing P00915 with model AF-P00915-F1-model_v4.pdb
INFO:2025-10-30 15:00:16,928:Computing HSC features for: P00915, ENST00000431316, ../Ntranos_Rotation/ESM-SaProt/AF-P00915-F1-model_v4.pdb.gz
INFO:2025-10-30 15:00:39,732:Successfully computed HSC for P00915.
INFO:2025-10-30 15:00:39,733:Processing P00918 with model AF-P00918-F1-model_v4.pdb
INFO:2025-10-30 15:00:39,802:Computing HSC features for: P00918, ENST00000285379, ../Ntranos_Rotation/ESM-SaProt/AF-P00918-F1-model_v4.pdb.gz
INFO:2025-10-30 15:01:02,717:Successfully computed HSC for P00918.
INFO:2025-10-30 15:01:02,717:Processing P00966 with model AF-P00966-F1-model_v4.pdb
INFO:2025-10-30 15:01:02,856:Computing HSC features for: P00966, ENST00000352480, ../Ntranos_Rotation/ESM-SaProt/AF-P00966-F1-model_v4.pdb.gz
INFO:2025-10-30 15:01:47,891:Successfully computed HSC for P00966.
INFO:2025-10-30 15:01:47,892:Processing P00973 with model AF-P00973-F1-model_v4.pdb
INFO:2025-10-30 15:01:47,979:Computing HSC features for: P00973, ENST00000202917, ../Ntranos_Rotation/ESM-SaProt/AF-P00973-F1-model_v4.pdb.gz
INFO:2025-10-30 15:02:22,754:Successfully computed HSC for P00973.
INFO:2025-10-30 15:02:22,754:Processing P00995 with model AF-P00995-F1-model_v4.pdb
INFO:2025-10-30 15:02:22,796:Computing HSC features for: P00995, ENST00000296695, ../Ntranos_Rotation/ESM-SaProt/AF-P00995-F1-model_v4.pdb.gz
INFO:2025-10-30 15:02:31,138:Successfully computed HSC for P00995.
INFO:2025-10-30 15:02:31,138:Processing P01008 with model AF-P01008-F1-model_v4.pdb
INFO:2025-10-30 15:02:31,228:Computing HSC features for: P01008, ENST00000367698, ../Ntranos_Rotation/ESM-SaProt/AF-P01008-F1-model_v4.pdb.gz
INFO:2025-10-30 15:03:14,485:Successfully computed HSC for P01008.
INFO:2025-10-30 15:03:14,485:Processing P01009 with model AF-P01009-F1-model_v4.pdb
INFO:2025-10-30 15:03:14,594:Computing HSC features for: P01009, ENST00000355814, ../Ntranos_Rotation/ESM-SaProt/AF-P01009-F1-model_v4.pdb.gz
INFO:2025-10-30 15:04:21,288:Successfully computed HSC for P01009.
INFO:2025-10-30 15:04:21,288:Processing P01011 with model AF-P01011-F1-model_v4.pdb
INFO:2025-10-30 15:04:21,405:Computing HSC features for: P01011, ENST00000393078, ../Ntranos_Rotation/ESM-SaProt/AF-P01011-F1-model_v4.pdb.gz
INFO:2025-10-30 15:05:17,964:Successfully computed HSC for P01011.
INFO:2025-10-30 15:05:17,964:Processing P01019 with model AF-P01019-F1-model_v4.pdb
ERROR:2025-10-30 15:05:18,052:No valid CDS found for P01019
INFO:2025-10-30 15:05:18,052:Processing P01023 with model AF-P01023-F1-model_v4.pdb
INFO:2025-10-30 15:05:18,325:Computing HSC features for: P01023, ENST00000318602, ../Ntranos_Rotation/ESM-SaProt/AF-P01023-F1-model_v4.pdb.gz
INFO:2025-10-30 15:07:59,265:Successfully computed HSC for P01023.
INFO:2025-10-30 15:07:59,265:Processing P01024 with model AF-P01024-F1-model_v4.pdb
INFO:2025-10-30 15:07:59,804:Computing HSC features for: P01024, ENST00000245907, ../Ntranos_Rotation/ESM-SaProt/AF-P01024-F1-model_v4.pdb.gz
INFO:2025-10-30 15:11:44,683:Successfully computed HSC for P01024.
INFO:2025-10-30 15:11:44,683:Processing P01031 with model AF-P01031-F1-model_v4.pdb
INFO:2025-10-30 15:11:44,887:Computing HSC features for: P01031, ENST00000223642, ../Ntranos_Rotation/ESM-SaProt/AF-P01031-F1-model_v4.pdb.gz
INFO:2025-10-30 15:13:38,825:Successfully computed HSC for P01031.
INFO:2025-10-30 15:13:38,825:Processing P01033 with model AF-P01033-F1-model_v4.pdb
INFO:2025-10-30 15:13:38,881:Computing HSC features for: P01033, ENST00000218388, ../Ntranos_Rotation/ESM-SaProt/AF-P01033-F1-model_v4.pdb.gz
INFO:2025-10-30 15:13:57,279:Successfully computed HSC for P01033.
INFO:2025-10-30 15:13:57,279:Processing P01034 with model AF-P01034-F1-model_v4.pdb
INFO:2025-10-30 15:13:57,329:Computing HSC features for: P01034, ENST00000376925, ../Ntranos_Rotation/ESM-SaProt/AF-P01034-F1-model_v4.pdb.gz
INFO:2025-10-30 15:14:16,888:Successfully computed HSC for P01034.
INFO:2025-10-30 15:14:16,888:Processing P01036 with model AF-P01036-F1-model_v4.pdb
INFO:2025-10-30 15:14:16,943:Computing HSC features for: P01036, ENST00000217423, ../Ntranos_Rotation/ESM-SaProt/AF-P01036-F1-model_v4.pdb.gz
INFO:2025-10-30 15:14:30,027:Successfully computed HSC for P01036.
INFO:2025-10-30 15:14:30,027:Processing P01037 with model AF-P01037-F1-model_v4.pdb
INFO:2025-10-30 15:14:30,071:Computing HSC features for: P01037, ENST00000304749, ../Ntranos_Rotation/ESM-SaProt/AF-P01037-F1-model_v4.pdb.gz
INFO:2025-10-30 15:14:43,192:Successfully computed HSC for P01037.
INFO:2025-10-30 15:14:43,193:Processing P01040 with model AF-P01040-F1-model_v4.pdb
INFO:2025-10-30 15:14:43,231:Computing HSC features for: P01040, ENST00000264474, ../Ntranos_Rotation/ESM-SaProt/AF-P01040-F1-model_v4.pdb.gz
INFO:2025-10-30 15:14:53,659:Successfully computed HSC for P01040.
INFO:2025-10-30 15:14:53,659:Processing P01042 with model AF-P01042-F1-model_v4.pdb
ERROR:2025-10-30 15:14:53,754:No transcript record found for P01042 in gnomAD.
INFO:2025-10-30 15:14:53,755:Processing P01100 with model AF-P01100-F1-model_v4.pdb
INFO:2025-10-30 15:14:53,815:Computing HSC features for: P01100, ENST00000303562, ../Ntranos_Rotation/ESM-SaProt/AF-P01100-F1-model_v4.pdb.gz
INFO:2025-10-30 15:15:32,126:Successfully computed HSC for P01100.
INFO:2025-10-30 15:15:32,126:Processing P01106 with model AF-P01106-F1-model_v4.pdb
ERROR:2025-10-30 15:15:32,190:No transcript record found for P01106 in gnomAD.
INFO:2025-10-30 15:15:32,191:Processing P01111 with model AF-P01111-F1-model_v4.pdb
INFO:2025-10-30 15:15:32,228:Computing HSC features for: P01111, ENST00000369535, ../Ntranos_Rotation/ESM-SaProt/AF-P01111-F1-model_v4.pdb.gz
INFO:2025-10-30 15:15:47,378:Successfully computed HSC for P01111.
INFO:2025-10-30 15:15:47,378:Processing P01112 with model AF-P01112-F1-model_v4.pdb
INFO:2025-10-30 15:15:47,432:Computing HSC features for: P01112, ENST00000311189, ../Ntranos_Rotation/ESM-SaProt/AF-P01112-F1-model_v4.pdb.gz
INFO:2025-10-30 15:16:08,871:Successfully computed HSC for P01112.
INFO:2025-10-30 15:16:08,871:Processing P01116 with model AF-P01116-F1-model_v4.pdb
ERROR:2025-10-30 15:16:08,915:No transcript record found for P01116 in gnomAD.
INFO:2025-10-30 15:16:08,915:Processing P01127 with model AF-P01127-F1-model_v4.pdb
INFO:2025-10-30 15:16:09,002:Computing HSC features for: P01127, ENST00000331163, ../Ntranos_Rotation/ESM-SaProt/AF-P01127-F1-model_v4.pdb.gz
INFO:2025-10-30 15:16:57,525:Successfully computed HSC for P01127.
INFO:2025-10-30 15:16:57,525:Processing P01130 with model AF-P01130-F1-model_v4.pdb
INFO:2025-10-30 15:16:57,703:Computing HSC features for: P01130, ENST00000558518, ../Ntranos_Rotation/ESM-SaProt/AF-P01130-F1-model_v4.pdb.gz
INFO:2025-10-30 15:19:07,231:Successfully computed HSC for P01130.
INFO:2025-10-30 15:19:07,231:Processing P01133 with model AF-P01133-F1-model_v4.pdb
INFO:2025-10-30 15:19:07,444:Computing HSC features for: P01133, ENST00000265171, ../Ntranos_Rotation/ESM-SaProt/AF-P01133-F1-model_v4.pdb.gz
INFO:2025-10-30 15:21:05,523:Successfully computed HSC for P01133.
INFO:2025-10-30 15:21:05,523:Processing P01135 with model AF-P01135-F1-model_v4.pdb
INFO:2025-10-30 15:21:05,593:Computing HSC features for: P01135, ENST00000295400, ../Ntranos_Rotation/ESM-SaProt/AF-P01135-F1-model_v4.pdb.gz
INFO:2025-10-30 15:21:21,946:Successfully computed HSC for P01135.
INFO:2025-10-30 15:21:21,946:Processing P01137 with model AF-P01137-F1-model_v4.pdb
INFO:2025-10-30 15:21:22,015:Computing HSC features for: P01137, ENST00000221930, ../Ntranos_Rotation/ESM-SaProt/AF-P01137-F1-model_v4.pdb.gz
INFO:2025-10-30 15:22:10,606:Successfully computed HSC for P01137.
INFO:2025-10-30 15:22:10,606:Processing P01138 with model AF-P01138-F1-model_v4.pdb
INFO:2025-10-30 15:22:10,659:Computing HSC features for: P01138, ENST00000369512, ../Ntranos_Rotation/ESM-SaProt/AF-P01138-F1-model_v4.pdb.gz
INFO:2025-10-30 15:22:35,514:Successfully computed HSC for P01138.
INFO:2025-10-30 15:22:35,514:Processing P01148 with model AF-P01148-F1-model_v4.pdb
INFO:2025-10-30 15:22:35,548:Computing HSC features for: P01148, ENST00000276414, ../Ntranos_Rotation/ESM-SaProt/AF-P01148-F1-model_v4.pdb.gz
INFO:2025-10-30 15:22:48,396:Successfully computed HSC for P01148.
INFO:2025-10-30 15:22:48,397:Processing P01160 with model AF-P01160-F1-model_v4.pdb
INFO:2025-10-30 15:22:48,449:Computing HSC features for: P01160, ENST00000376480, ../Ntranos_Rotation/ESM-SaProt/AF-P01160-F1-model_v4.pdb.gz
INFO:2025-10-30 15:23:05,781:Successfully computed HSC for P01160.
INFO:2025-10-30 15:23:05,781:Processing P01178 with model AF-P01178-F1-model_v4.pdb
INFO:2025-10-30 15:23:05,829:Computing HSC features for: P01178, ENST00000217386, ../Ntranos_Rotation/ESM-SaProt/AF-P01178-F1-model_v4.pdb.gz
INFO:2025-10-30 15:23:25,421:Successfully computed HSC for P01178.
INFO:2025-10-30 15:23:25,421:Processing P01185 with model AF-P01185-F1-model_v4.pdb
INFO:2025-10-30 15:23:25,487:Computing HSC features for: P01185, ENST00000380293, ../Ntranos_Rotation/ESM-SaProt/AF-P01185-F1-model_v4.pdb.gz
INFO:2025-10-30 15:24:09,282:Successfully computed HSC for P01185.
INFO:2025-10-30 15:24:09,282:Processing P01189 with model AF-P01189-F1-model_v4.pdb
INFO:2025-10-30 15:24:09,355:Computing HSC features for: P01189, ENST00000264708, ../Ntranos_Rotation/ESM-SaProt/AF-P01189-F1-model_v4.pdb.gz
INFO:2025-10-30 15:25:10,149:Successfully computed HSC for P01189.
INFO:2025-10-30 15:25:10,150:Processing P01210 with model AF-P01210-F1-model_v4.pdb
INFO:2025-10-30 15:25:10,233:Computing HSC features for: P01210, ENST00000314922, ../Ntranos_Rotation/ESM-SaProt/AF-P01210-F1-model_v4.pdb.gz
INFO:2025-10-30 15:25:37,271:Successfully computed HSC for P01210.
INFO:2025-10-30 15:25:37,271:Processing P01213 with model AF-P01213-F1-model_v4.pdb
INFO:2025-10-30 15:25:37,326:Computing HSC features for: P01213, ENST00000217305, ../Ntranos_Rotation/ESM-SaProt/AF-P01213-F1-model_v4.pdb.gz
INFO:2025-10-30 15:25:58,839:Successfully computed HSC for P01213.
INFO:2025-10-30 15:25:58,839:Processing P01215 with model AF-P01215-F1-model_v4.pdb
ERROR:2025-10-30 15:25:59,066:No transcript record found for P01215 in gnomAD.
INFO:2025-10-30 15:25:59,066:Processing P01222 with model AF-P01222-F1-model_v4.pdb
INFO:2025-10-30 15:25:59,111:Computing HSC features for: P01222, ENST00000256592, ../Ntranos_Rotation/ESM-SaProt/AF-P01222-F1-model_v4.pdb.gz
INFO:2025-10-30 15:26:12,100:Successfully computed HSC for P01222.
INFO:2025-10-30 15:26:12,100:Processing P01225 with model AF-P01225-F1-model_v4.pdb
INFO:2025-10-30 15:26:12,143:Computing HSC features for: P01225, ENST00000254122, ../Ntranos_Rotation/ESM-SaProt/AF-P01225-F1-model_v4.pdb.gz
INFO:2025-10-30 15:26:26,001:Successfully computed HSC for P01225.
INFO:2025-10-30 15:26:26,001:Processing P01229 with model AF-P01229-F1-model_v4.pdb
ERROR:2025-10-30 15:26:26,050:No transcript record found for P01229 in gnomAD.
INFO:2025-10-30 15:26:26,051:Processing P01236 with model AF-P01236-F1-model_v4.pdb
INFO:2025-10-30 15:26:26,092:Computing HSC features for: P01236, ENST00000306482, ../Ntranos_Rotation/ESM-SaProt/AF-P01236-F1-model_v4.pdb.gz
INFO:2025-10-30 15:26:48,411:Successfully computed HSC for P01236.
INFO:2025-10-30 15:26:48,411:Processing P01241 with model AF-P01241-F1-model_v4.pdb
INFO:2025-10-30 15:26:48,463:Computing HSC features for: P01241, ENST00000323322, ../Ntranos_Rotation/ESM-SaProt/AF-P01241-F1-model_v4.pdb.gz
INFO:2025-10-30 15:27:08,764:Successfully computed HSC for P01241.
INFO:2025-10-30 15:27:08,764:Processing P01242 with model AF-P01242-F1-model_v4.pdb
INFO:2025-10-30 15:27:08,837:Computing HSC features for: P01242, ENST00000423893, ../Ntranos_Rotation/ESM-SaProt/AF-P01242-F1-model_v4.pdb.gz
INFO:2025-10-30 15:27:33,607:Successfully computed HSC for P01242.
INFO:2025-10-30 15:27:33,607:Processing P01258 with model AF-P01258-F1-model_v4.pdb
INFO:2025-10-30 15:27:33,692:Computing HSC features for: P01258, ENST00000331587, ../Ntranos_Rotation/ESM-SaProt/AF-P01258-F1-model_v4.pdb.gz
INFO:2025-10-30 15:27:46,495:Successfully computed HSC for P01258.
INFO:2025-10-30 15:27:46,495:Processing P01266 with model AF-P01266-F1-model_v4.pdb
ERROR:2025-10-30 15:27:46,663:No valid CDS found for P01266
INFO:2025-10-30 15:27:46,663:Processing P01270 with model AF-P01270-F1-model_v4.pdb
INFO:2025-10-30 15:27:46,873:Computing HSC features for: P01270, ENST00000282091, ../Ntranos_Rotation/ESM-SaProt/AF-P01270-F1-model_v4.pdb.gz
INFO:2025-10-30 15:27:55,151:Successfully computed HSC for P01270.
INFO:2025-10-30 15:27:55,151:Processing P01275 with model AF-P01275-F1-model_v4.pdb
INFO:2025-10-30 15:27:55,330:Computing HSC features for: P01275, ENST00000375497, ../Ntranos_Rotation/ESM-SaProt/AF-P01275-F1-model_v4.pdb.gz
INFO:2025-10-30 15:28:10,701:Successfully computed HSC for P01275.
INFO:2025-10-30 15:28:10,701:Processing P01282 with model AF-P01282-F1-model_v4.pdb
INFO:2025-10-30 15:28:10,825:Computing HSC features for: P01282, ENST00000367244, ../Ntranos_Rotation/ESM-SaProt/AF-P01282-F1-model_v4.pdb.gz
INFO:2025-10-30 15:28:23,581:Successfully computed HSC for P01282.
INFO:2025-10-30 15:28:23,581:Processing P01286 with model AF-P01286-F1-model_v4.pdb
ERROR:2025-10-30 15:28:23,613:No transcript record found for P01286 in gnomAD.
INFO:2025-10-30 15:28:23,613:Processing P01298 with model AF-P01298-F1-model_v4.pdb
INFO:2025-10-30 15:28:23,637:Computing HSC features for: P01298, ENST00000225992, ../Ntranos_Rotation/ESM-SaProt/AF-P01298-F1-model_v4.pdb.gz
INFO:2025-10-30 15:28:34,250:Successfully computed HSC for P01298.
INFO:2025-10-30 15:28:34,251:Pipeline completed.
INFO:2025-10-30 15:28:34,251:no_enst_for_uniprot: 0
INFO:2025-10-30 15:28:34,251:no_valid_cds: 2
INFO:2025-10-30 15:28:34,251:no_variant_data: 6
INFO:2025-10-30 15:28:34,251:bad_structure: 0
INFO:2025-10-30 15:28:34,251:no_enst_mp: 0
