INFO:2025-10-30 14:26:02,602:Starting HSC computation pipeline...
INFO:2025-10-30 14:26:52,346:Processing Q8IWZ3 with model AF-Q8IWZ3-F1-model_v4.pdb
ERROR:2025-10-30 14:26:52,703:No valid CDS found for Q8IWZ3
INFO:2025-10-30 14:26:52,703:Processing Q8IWZ4 with model AF-Q8IWZ4-F1-model_v4.pdb
ERROR:2025-10-30 14:26:52,755:No valid CDS found for Q8IWZ4
INFO:2025-10-30 14:26:52,755:Processing Q8IWZ5 with model AF-Q8IWZ5-F1-model_v4.pdb
INFO:2025-10-30 14:26:52,856:Computing HSC features for: Q8IWZ5, ENST00000286349, ../Ntranos_Rotation/ESM-SaProt/AF-Q8IWZ5-F1-model_v4.pdb.gz
INFO:2025-10-30 14:27:49,027:Successfully computed HSC for Q8IWZ5.
INFO:2025-10-30 14:27:49,027:Processing Q8IWZ6 with model AF-Q8IWZ6-F1-model_v4.pdb
INFO:2025-10-30 14:27:49,335:Computing HSC features for: Q8IWZ6, ENST00000264499, ../Ntranos_Rotation/ESM-SaProt/AF-Q8IWZ6-F1-model_v4.pdb.gz
INFO:2025-10-30 14:28:39,909:Successfully computed HSC for Q8IWZ6.
INFO:2025-10-30 14:28:39,909:Processing Q8IWZ8 with model AF-Q8IWZ8-F1-model_v4.pdb
INFO:2025-10-30 14:28:39,990:Computing HSC features for: Q8IWZ8, ENST00000247001, ../Ntranos_Rotation/ESM-SaProt/AF-Q8IWZ8-F1-model_v4.pdb.gz
INFO:2025-10-30 14:29:30,330:Successfully computed HSC for Q8IWZ8.
INFO:2025-10-30 14:29:30,330:Processing Q8IX01 with model AF-Q8IX01-F1-model_v4.pdb
INFO:2025-10-30 14:29:30,459:Computing HSC features for: Q8IX01, ENST00000337018, ../Ntranos_Rotation/ESM-SaProt/AF-Q8IX01-F1-model_v4.pdb.gz
INFO:2025-10-30 14:30:42,930:Successfully computed HSC for Q8IX01.
INFO:2025-10-30 14:30:42,930:Processing Q8IX03 with model AF-Q8IX03-F1-model_v4.pdb
INFO:2025-10-30 14:30:43,080:Computing HSC features for: Q8IX03, ENST00000265293, ../Ntranos_Rotation/ESM-SaProt/AF-Q8IX03-F1-model_v4.pdb.gz
INFO:2025-10-30 14:32:27,444:Successfully computed HSC for Q8IX03.
INFO:2025-10-30 14:32:27,444:Processing Q8IX04 with model AF-Q8IX04-F1-model_v4.pdb
INFO:2025-10-30 14:32:27,531:Computing HSC features for: Q8IX04, ENST00000396197, ../Ntranos_Rotation/ESM-SaProt/AF-Q8IX04-F1-model_v4.pdb.gz
INFO:2025-10-30 14:33:03,205:Successfully computed HSC for Q8IX04.
INFO:2025-10-30 14:33:03,206:Processing Q8IX05 with model AF-Q8IX05-F1-model_v4.pdb
INFO:2025-10-30 14:33:03,275:Computing HSC features for: Q8IX05, ENST00000259053, ../Ntranos_Rotation/ESM-SaProt/AF-Q8IX05-F1-model_v4.pdb.gz
INFO:2025-10-30 14:33:26,269:Successfully computed HSC for Q8IX05.
INFO:2025-10-30 14:33:26,269:Processing Q8IX06 with model AF-Q8IX06-F1-model_v4.pdb
ERROR:2025-10-30 14:33:26,402:No ENST transcript IDs were mapped to Q8IX06
INFO:2025-10-30 14:33:26,402:Processing Q8IX07 with model AF-Q8IX07-F1-model_v4.pdb
INFO:2025-10-30 14:33:26,579:Computing HSC features for: Q8IX07, ENST00000319555, ../Ntranos_Rotation/ESM-SaProt/AF-Q8IX07-F1-model_v4.pdb.gz
INFO:2025-10-30 14:36:19,765:Successfully computed HSC for Q8IX07.
INFO:2025-10-30 14:36:19,765:Processing Q8IX12 with model AF-Q8IX12-F1-model_v4.pdb
INFO:2025-10-30 14:36:19,998:Computing HSC features for: Q8IX12, ENST00000265872, ../Ntranos_Rotation/ESM-SaProt/AF-Q8IX12-F1-model_v4.pdb.gz
INFO:2025-10-30 14:37:44,571:Successfully computed HSC for Q8IX12.
INFO:2025-10-30 14:37:44,571:Processing Q8IX15 with model AF-Q8IX15-F1-model_v4.pdb
INFO:2025-10-30 14:37:44,653:Computing HSC features for: Q8IX15, ENST00000357460, ../Ntranos_Rotation/ESM-SaProt/AF-Q8IX15-F1-model_v4.pdb.gz
INFO:2025-10-30 14:38:23,561:Successfully computed HSC for Q8IX15.
INFO:2025-10-30 14:38:23,561:Processing Q8IX18 with model AF-Q8IX18-F1-model_v4.pdb
INFO:2025-10-30 14:38:23,695:Computing HSC features for: Q8IX18, ENST00000251241, ../Ntranos_Rotation/ESM-SaProt/AF-Q8IX18-F1-model_v4.pdb.gz
INFO:2025-10-30 14:39:20,192:Successfully computed HSC for Q8IX18.
INFO:2025-10-30 14:39:20,192:Processing Q8IX19 with model AF-Q8IX19-F1-model_v4.pdb
INFO:2025-10-30 14:39:20,242:Computing HSC features for: Q8IX19, ENST00000333598, ../Ntranos_Rotation/ESM-SaProt/AF-Q8IX19-F1-model_v4.pdb.gz
INFO:2025-10-30 14:39:38,162:Successfully computed HSC for Q8IX19.
INFO:2025-10-30 14:39:38,162:Processing Q8IX21 with model AF-Q8IX21-F1-model_v4.pdb
INFO:2025-10-30 14:39:38,365:Computing HSC features for: Q8IX21, ENST00000238961, ../Ntranos_Rotation/ESM-SaProt/AF-Q8IX21-F1-model_v4.pdb.gz
INFO:2025-10-30 14:40:52,721:Successfully computed HSC for Q8IX21.
INFO:2025-10-30 14:40:52,721:Processing Q8IX29 with model AF-Q8IX29-F1-model_v4.pdb
INFO:2025-10-30 14:40:52,808:Computing HSC features for: Q8IX29, ENST00000380254, ../Ntranos_Rotation/ESM-SaProt/AF-Q8IX29-F1-model_v4.pdb.gz
INFO:2025-10-30 14:41:20,839:Successfully computed HSC for Q8IX29.
INFO:2025-10-30 14:41:20,839:Processing Q8IX30 with model AF-Q8IX30-F1-model_v4.pdb
INFO:2025-10-30 14:41:21,005:Computing HSC features for: Q8IX30, ENST00000274938, ../Ntranos_Rotation/ESM-SaProt/AF-Q8IX30-F1-model_v4.pdb.gz
INFO:2025-10-30 14:42:40,563:Successfully computed HSC for Q8IX30.
INFO:2025-10-30 14:42:40,564:Processing Q8IX90 with model AF-Q8IX90-F1-model_v4.pdb
INFO:2025-10-30 14:42:40,647:Computing HSC features for: Q8IX90, ENST00000314759, ../Ntranos_Rotation/ESM-SaProt/AF-Q8IX90-F1-model_v4.pdb.gz
INFO:2025-10-30 14:43:06,864:Successfully computed HSC for Q8IX90.
INFO:2025-10-30 14:43:06,865:Processing Q8IX94 with model AF-Q8IX94-F1-model_v4.pdb
INFO:2025-10-30 14:43:06,963:Computing HSC features for: Q8IX94, ENST00000486333, ../Ntranos_Rotation/ESM-SaProt/AF-Q8IX94-F1-model_v4.pdb.gz
INFO:2025-10-30 14:43:51,982:Successfully computed HSC for Q8IX94.
INFO:2025-10-30 14:43:51,982:Processing Q8IX95 with model AF-Q8IX95-F1-model_v4.pdb
ERROR:2025-10-30 14:43:52,033:No ENST transcript IDs were mapped to Q8IX95
INFO:2025-10-30 14:43:52,033:Processing Q8IXA5 with model AF-Q8IXA5-F1-model_v4.pdb
INFO:2025-10-30 14:43:52,085:Computing HSC features for: Q8IXA5, ENST00000269053, ../Ntranos_Rotation/ESM-SaProt/AF-Q8IXA5-F1-model_v4.pdb.gz
INFO:2025-10-30 14:44:09,313:Successfully computed HSC for Q8IXA5.
INFO:2025-10-30 14:44:09,313:Processing Q8IXB1 with model AF-Q8IXB1-F1-model_v4.pdb
INFO:2025-10-30 14:44:09,472:Computing HSC features for: Q8IXB1, ENST00000264065, ../Ntranos_Rotation/ESM-SaProt/AF-Q8IXB1-F1-model_v4.pdb.gz
INFO:2025-10-30 14:45:07,022:Successfully computed HSC for Q8IXB1.
INFO:2025-10-30 14:45:07,022:Processing Q8IXB3 with model AF-Q8IXB3-F1-model_v4.pdb
INFO:2025-10-30 14:45:07,071:Computing HSC features for: Q8IXB3, ENST00000333813, ../Ntranos_Rotation/ESM-SaProt/AF-Q8IXB3-F1-model_v4.pdb.gz
INFO:2025-10-30 14:45:31,451:Successfully computed HSC for Q8IXB3.
INFO:2025-10-30 14:45:31,451:Processing Q8IXE1 with model AF-Q8IXE1-F1-model_v4.pdb
ERROR:2025-10-30 14:45:31,535:No transcript record found for Q8IXE1 in gnomAD.
INFO:2025-10-30 14:45:31,535:Processing Q8IXF0 with model AF-Q8IXF0-F1-model_v4.pdb
INFO:2025-10-30 14:45:31,681:Computing HSC features for: Q8IXF0, ENST00000356141, ../Ntranos_Rotation/ESM-SaProt/AF-Q8IXF0-F1-model_v4.pdb.gz
INFO:2025-10-30 14:47:42,797:Successfully computed HSC for Q8IXF0.
INFO:2025-10-30 14:47:42,798:Processing Q8IXF9 with model AF-Q8IXF9-F1-model_v4.pdb
INFO:2025-10-30 14:47:42,868:Computing HSC features for: Q8IXF9, ENST00000337801, ../Ntranos_Rotation/ESM-SaProt/AF-Q8IXF9-F1-model_v4.pdb.gz
INFO:2025-10-30 14:48:10,464:Successfully computed HSC for Q8IXF9.
INFO:2025-10-30 14:48:10,465:Processing Q8IXH6 with model AF-Q8IXH6-F1-model_v4.pdb
INFO:2025-10-30 14:48:10,514:Computing HSC features for: Q8IXH6, ENST00000374809, ../Ntranos_Rotation/ESM-SaProt/AF-Q8IXH6-F1-model_v4.pdb.gz
INFO:2025-10-30 14:48:40,057:Successfully computed HSC for Q8IXH6.
INFO:2025-10-30 14:48:40,057:Processing Q8IXH7 with model AF-Q8IXH7-F1-model_v4.pdb
ERROR:2025-10-30 14:48:40,131:No valid CDS found for Q8IXH7
INFO:2025-10-30 14:48:40,131:Processing Q8IXH8 with model AF-Q8IXH8-F1-model_v4.pdb
INFO:2025-10-30 14:48:40,224:Computing HSC features for: Q8IXH8, ENST00000348616, ../Ntranos_Rotation/ESM-SaProt/AF-Q8IXH8-F1-model_v4.pdb.gz
INFO:2025-10-30 14:49:38,495:Successfully computed HSC for Q8IXH8.
INFO:2025-10-30 14:49:38,495:Processing Q8IXI1 with model AF-Q8IXI1-F1-model_v4.pdb
INFO:2025-10-30 14:49:38,630:Computing HSC features for: Q8IXI1, ENST00000315082, ../Ntranos_Rotation/ESM-SaProt/AF-Q8IXI1-F1-model_v4.pdb.gz
INFO:2025-10-30 14:50:44,315:Successfully computed HSC for Q8IXI1.
INFO:2025-10-30 14:50:44,315:Processing Q8IXI2 with model AF-Q8IXI2-F1-model_v4.pdb
INFO:2025-10-30 14:50:44,390:Computing HSC features for: Q8IXI2, ENST00000333942, ../Ntranos_Rotation/ESM-SaProt/AF-Q8IXI2-F1-model_v4.pdb.gz
INFO:2025-10-30 14:51:20,897:Successfully computed HSC for Q8IXI2.
INFO:2025-10-30 14:51:20,897:Processing Q8IXJ6 with model AF-Q8IXJ6-F1-model_v4.pdb
INFO:2025-10-30 14:51:20,984:Computing HSC features for: Q8IXJ6, ENST00000249396, ../Ntranos_Rotation/ESM-SaProt/AF-Q8IXJ6-F1-model_v4.pdb.gz
INFO:2025-10-30 14:52:13,483:Successfully computed HSC for Q8IXJ6.
INFO:2025-10-30 14:52:13,483:Processing Q8IXJ9 with model AF-Q8IXJ9-F1-model_v4.pdb
INFO:2025-10-30 14:52:13,682:Computing HSC features for: Q8IXJ9, ENST00000375687, ../Ntranos_Rotation/ESM-SaProt/AF-Q8IXJ9-F1-model_v4.pdb.gz
INFO:2025-10-30 14:54:17,643:Successfully computed HSC for Q8IXJ9.
INFO:2025-10-30 14:54:17,643:Processing Q8IXK0 with model AF-Q8IXK0-F1-model_v4.pdb
INFO:2025-10-30 14:54:17,759:Computing HSC features for: Q8IXK0, ENST00000257118, ../Ntranos_Rotation/ESM-SaProt/AF-Q8IXK0-F1-model_v4.pdb.gz
INFO:2025-10-30 14:55:34,237:Successfully computed HSC for Q8IXK0.
INFO:2025-10-30 14:55:34,237:Processing Q8IXK2 with model AF-Q8IXK2-F1-model_v4.pdb
INFO:2025-10-30 14:55:34,343:Computing HSC features for: Q8IXK2, ENST00000375011, ../Ntranos_Rotation/ESM-SaProt/AF-Q8IXK2-F1-model_v4.pdb.gz
INFO:2025-10-30 14:56:41,555:Successfully computed HSC for Q8IXK2.
INFO:2025-10-30 14:56:41,555:Processing Q8IXL6 with model AF-Q8IXL6-F1-model_v4.pdb
INFO:2025-10-30 14:56:41,628:Computing HSC features for: Q8IXL6, ENST00000313766, ../Ntranos_Rotation/ESM-SaProt/AF-Q8IXL6-F1-model_v4.pdb.gz
INFO:2025-10-30 14:57:49,251:Successfully computed HSC for Q8IXL6.
INFO:2025-10-30 14:57:49,251:Processing Q8IXL7 with model AF-Q8IXL7-F1-model_v4.pdb
INFO:2025-10-30 14:57:49,321:Computing HSC features for: Q8IXL7, ENST00000355192, ../Ntranos_Rotation/ESM-SaProt/AF-Q8IXL7-F1-model_v4.pdb.gz
INFO:2025-10-30 14:58:05,252:Successfully computed HSC for Q8IXL7.
INFO:2025-10-30 14:58:05,252:Processing Q8IXL9 with model AF-Q8IXL9-F1-model_v4.pdb
INFO:2025-10-30 14:58:05,300:Computing HSC features for: Q8IXL9, ENST00000333127, ../Ntranos_Rotation/ESM-SaProt/AF-Q8IXL9-F1-model_v4.pdb.gz
INFO:2025-10-30 14:58:17,423:Successfully computed HSC for Q8IXL9.
INFO:2025-10-30 14:58:17,423:Processing Q8IZS7 with model AF-Q8IZS7-F1-model_v4.pdb
ERROR:2025-10-30 14:58:17,457:No ENST transcript IDs were mapped to Q8IZS7
INFO:2025-10-30 14:58:17,457:Processing Q8IZS8 with model AF-Q8IZS8-F1-model_v4.pdb
INFO:2025-10-30 14:58:17,568:Computing HSC features for: Q8IZS8, ENST00000474759, ../Ntranos_Rotation/ESM-SaProt/AF-Q8IZS8-F1-model_v4.pdb.gz
INFO:2025-10-30 14:59:35,985:Successfully computed HSC for Q8IZS8.
INFO:2025-10-30 14:59:35,985:Processing Q8IZT6 with model AF-Q8IZT6-F1-model_v4.pdb
ERROR:2025-10-30 14:59:36,148:No valid CDS found for Q8IZT6
INFO:2025-10-30 14:59:36,148:Processing Q8IZT8 with model AF-Q8IZT8-F1-model_v4.pdb
INFO:2025-10-30 14:59:36,311:Computing HSC features for: Q8IZT8, ENST00000312719, ../Ntranos_Rotation/ESM-SaProt/AF-Q8IZT8-F1-model_v4.pdb.gz
INFO:2025-10-30 14:59:58,596:Successfully computed HSC for Q8IZT8.
INFO:2025-10-30 14:59:58,596:Processing Q8IZT9 with model AF-Q8IZT9-F1-model_v4.pdb
INFO:2025-10-30 14:59:58,647:Computing HSC features for: Q8IZT9, ENST00000333995, ../Ntranos_Rotation/ESM-SaProt/AF-Q8IZT9-F1-model_v4.pdb.gz
INFO:2025-10-30 15:00:08,053:Successfully computed HSC for Q8IZT9.
INFO:2025-10-30 15:00:08,053:Processing Q8IZU0 with model AF-Q8IZU0-F1-model_v4.pdb
INFO:2025-10-30 15:00:08,093:Computing HSC features for: Q8IZU0, ENST00000327220, ../Ntranos_Rotation/ESM-SaProt/AF-Q8IZU0-F1-model_v4.pdb.gz
INFO:2025-10-30 15:00:19,704:Successfully computed HSC for Q8IZU0.
INFO:2025-10-30 15:00:19,704:Processing Q8IZU1 with model AF-Q8IZU1-F1-model_v4.pdb
INFO:2025-10-30 15:00:19,775:Computing HSC features for: Q8IZU1, ENST00000381003, ../Ntranos_Rotation/ESM-SaProt/AF-Q8IZU1-F1-model_v4.pdb.gz
INFO:2025-10-30 15:00:41,548:Successfully computed HSC for Q8IZU1.
INFO:2025-10-30 15:00:41,549:Processing Q8IZU2 with model AF-Q8IZU2-F1-model_v4.pdb
INFO:2025-10-30 15:00:41,683:Computing HSC features for: Q8IZU2, ENST00000280190, ../Ntranos_Rotation/ESM-SaProt/AF-Q8IZU2-F1-model_v4.pdb.gz
INFO:2025-10-30 15:01:57,699:Successfully computed HSC for Q8IZU2.
INFO:2025-10-30 15:01:57,700:Processing Q8IZU3 with model AF-Q8IZU3-F1-model_v4.pdb
INFO:2025-10-30 15:01:57,742:Computing HSC features for: Q8IZU3, ENST00000266743, ../Ntranos_Rotation/ESM-SaProt/AF-Q8IZU3-F1-model_v4.pdb.gz
INFO:2025-10-30 15:02:10,525:Successfully computed HSC for Q8IZU3.
INFO:2025-10-30 15:02:10,525:Processing Q8IZU8 with model AF-Q8IZU8-F1-model_v4.pdb
INFO:2025-10-30 15:02:10,722:Computing HSC features for: Q8IZU8, ENST00000310045, ../Ntranos_Rotation/ESM-SaProt/AF-Q8IZU8-F1-model_v4.pdb.gz
INFO:2025-10-30 15:03:28,666:Successfully computed HSC for Q8IZU8.
INFO:2025-10-30 15:03:28,666:Processing Q8IZU9 with model AF-Q8IZU9-F1-model_v4.pdb
INFO:2025-10-30 15:03:28,754:Computing HSC features for: Q8IZU9, ENST00000525144, ../Ntranos_Rotation/ESM-SaProt/AF-Q8IZU9-F1-model_v4.pdb.gz
INFO:2025-10-30 15:04:57,273:Successfully computed HSC for Q8IZU9.
INFO:2025-10-30 15:04:57,274:Pipeline completed.
INFO:2025-10-30 15:04:57,274:no_enst_for_uniprot: 3
INFO:2025-10-30 15:04:57,274:no_valid_cds: 4
INFO:2025-10-30 15:04:57,274:no_variant_data: 1
INFO:2025-10-30 15:04:57,274:bad_structure: 0
INFO:2025-10-30 15:04:57,274:no_enst_mp: 0
