INFO:2025-10-30 14:27:03,758:Starting HSC computation pipeline...
INFO:2025-10-30 14:27:58,218:Processing Q9H7B4 with model AF-Q9H7B4-F1-model_v4.pdb
INFO:2025-10-30 14:27:58,313:Computing HSC features for: Q9H7B4, ENST00000490107, ../Ntranos_Rotation/ESM-SaProt/AF-Q9H7B4-F1-model_v4.pdb.gz
INFO:2025-10-30 14:28:39,090:Successfully computed HSC for Q9H7B4.
INFO:2025-10-30 14:28:39,090:Processing Q9H7B7 with model AF-Q9H7B7-F1-model_v4.pdb
ERROR:2025-10-30 14:28:39,151:No ENST transcript IDs were mapped to Q9H7B7
INFO:2025-10-30 14:28:39,152:Processing Q9H7C4 with model AF-Q9H7C4-F1-model_v4.pdb
INFO:2025-10-30 14:28:39,295:Computing HSC features for: Q9H7C4, ENST00000409190, ../Ntranos_Rotation/ESM-SaProt/AF-Q9H7C4-F1-model_v4.pdb.gz
INFO:2025-10-30 14:29:21,781:Successfully computed HSC for Q9H7C4.
INFO:2025-10-30 14:29:21,781:Processing Q9H7C9 with model AF-Q9H7C9-F1-model_v4.pdb
INFO:2025-10-30 14:29:21,839:Computing HSC features for: Q9H7C9, ENST00000393427, ../Ntranos_Rotation/ESM-SaProt/AF-Q9H7C9-F1-model_v4.pdb.gz
INFO:2025-10-30 14:29:31,387:Successfully computed HSC for Q9H7C9.
INFO:2025-10-30 14:29:31,387:Processing Q9H7D0 with model AF-Q9H7D0-F1-model_v4.pdb
INFO:2025-10-30 14:29:31,661:Computing HSC features for: Q9H7D0, ENST00000276440, ../Ntranos_Rotation/ESM-SaProt/AF-Q9H7D0-F1-model_v4.pdb.gz
INFO:2025-10-30 14:32:09,019:Successfully computed HSC for Q9H7D0.
INFO:2025-10-30 14:32:09,019:Processing Q9H7D7 with model AF-Q9H7D7-F1-model_v4.pdb
ERROR:2025-10-30 14:32:09,133:No transcript record found for Q9H7D7 in gnomAD.
INFO:2025-10-30 14:32:09,133:Processing Q9H7E2 with model AF-Q9H7E2-F1-model_v4.pdb
INFO:2025-10-30 14:32:09,290:Computing HSC features for: Q9H7E2, ENST00000196169, ../Ntranos_Rotation/ESM-SaProt/AF-Q9H7E2-F1-model_v4.pdb.gz
INFO:2025-10-30 14:33:00,438:Successfully computed HSC for Q9H7E2.
INFO:2025-10-30 14:33:00,438:Processing Q9H7E9 with model AF-Q9H7E9-F1-model_v4.pdb
ERROR:2025-10-30 14:33:00,492:No transcript record found for Q9H7E9 in gnomAD.
INFO:2025-10-30 14:33:00,492:Processing Q9H7F0 with model AF-Q9H7F0-F1-model_v4.pdb
INFO:2025-10-30 14:33:00,636:Computing HSC features for: Q9H7F0, ENST00000439040, ../Ntranos_Rotation/ESM-SaProt/AF-Q9H7F0-F1-model_v4.pdb.gz
INFO:2025-10-30 14:34:32,796:Successfully computed HSC for Q9H7F0.
INFO:2025-10-30 14:34:32,796:Processing Q9H7F4 with model AF-Q9H7F4-F1-model_v4.pdb
INFO:2025-10-30 14:34:32,877:Computing HSC features for: Q9H7F4, ENST00000426077, ../Ntranos_Rotation/ESM-SaProt/AF-Q9H7F4-F1-model_v4.pdb.gz
INFO:2025-10-30 14:35:09,428:Successfully computed HSC for Q9H7F4.
INFO:2025-10-30 14:35:09,428:Processing Q9H7H0 with model AF-Q9H7H0-F1-model_v4.pdb
INFO:2025-10-30 14:35:09,531:Computing HSC features for: Q9H7H0, ENST00000339374, ../Ntranos_Rotation/ESM-SaProt/AF-Q9H7H0-F1-model_v4.pdb.gz
INFO:2025-10-30 14:35:51,780:Successfully computed HSC for Q9H7H0.
INFO:2025-10-30 14:35:51,780:Processing Q9H7J1 with model AF-Q9H7J1-F1-model_v4.pdb
INFO:2025-10-30 14:35:51,826:Computing HSC features for: Q9H7J1, ENST00000452015, ../Ntranos_Rotation/ESM-SaProt/AF-Q9H7J1-F1-model_v4.pdb.gz
INFO:2025-10-30 14:36:48,689:Successfully computed HSC for Q9H7J1.
INFO:2025-10-30 14:36:48,689:Processing Q9H7L2 with model AF-Q9H7L2-F1-model_v4.pdb
ERROR:2025-10-30 14:36:48,802:No transcript record found for Q9H7L2 in gnomAD.
INFO:2025-10-30 14:36:48,803:Processing Q9H7L9 with model AF-Q9H7L9-F1-model_v4.pdb
INFO:2025-10-30 14:36:48,885:Computing HSC features for: Q9H7L9, ENST00000543473, ../Ntranos_Rotation/ESM-SaProt/AF-Q9H7L9-F1-model_v4.pdb.gz
INFO:2025-10-30 14:37:20,731:Successfully computed HSC for Q9H7L9.
INFO:2025-10-30 14:37:20,731:Processing Q9H7M6 with model AF-Q9H7M6-F1-model_v4.pdb
INFO:2025-10-30 14:37:20,868:Computing HSC features for: Q9H7M6, ENST00000254323, ../Ntranos_Rotation/ESM-SaProt/AF-Q9H7M6-F1-model_v4.pdb.gz
INFO:2025-10-30 14:39:30,526:Successfully computed HSC for Q9H7M6.
INFO:2025-10-30 14:39:30,527:Processing Q9H7M9 with model AF-Q9H7M9-F1-model_v4.pdb
INFO:2025-10-30 14:39:30,593:Computing HSC features for: Q9H7M9, ENST00000394957, ../Ntranos_Rotation/ESM-SaProt/AF-Q9H7M9-F1-model_v4.pdb.gz
INFO:2025-10-30 14:40:05,247:Successfully computed HSC for Q9H7M9.
INFO:2025-10-30 14:40:05,247:Processing Q9H7N4 with model AF-Q9H7N4-F1-model_v4.pdb
INFO:2025-10-30 14:40:05,402:Computing HSC features for: Q9H7N4, ENST00000360565, ../Ntranos_Rotation/ESM-SaProt/AF-Q9H7N4-F1-model_v4.pdb.gz
INFO:2025-10-30 14:42:57,150:Successfully computed HSC for Q9H7N4.
INFO:2025-10-30 14:42:57,150:Processing Q9H7P6 with model AF-Q9H7P6-F1-model_v4.pdb
INFO:2025-10-30 14:42:57,260:Computing HSC features for: Q9H7P6, ENST00000361171, ../Ntranos_Rotation/ESM-SaProt/AF-Q9H7P6-F1-model_v4.pdb.gz
INFO:2025-10-30 14:43:28,948:Successfully computed HSC for Q9H7P6.
INFO:2025-10-30 14:43:28,948:Processing Q9H7P9 with model AF-Q9H7P9-F1-model_v4.pdb
INFO:2025-10-30 14:43:29,088:Computing HSC features for: Q9H7P9, ENST00000425673, ../Ntranos_Rotation/ESM-SaProt/AF-Q9H7P9-F1-model_v4.pdb.gz
INFO:2025-10-30 14:45:35,510:Successfully computed HSC for Q9H7P9.
INFO:2025-10-30 14:45:35,510:Processing Q9H7R0 with model AF-Q9H7R0-F1-model_v4.pdb
INFO:2025-10-30 14:45:35,594:Computing HSC features for: Q9H7R0, ENST00000242804, ../Ntranos_Rotation/ESM-SaProt/AF-Q9H7R0-F1-model_v4.pdb.gz
INFO:2025-10-30 14:46:17,921:Successfully computed HSC for Q9H7R0.
INFO:2025-10-30 14:46:17,921:Processing Q9H7R5 with model AF-Q9H7R5-F1-model_v4.pdb
INFO:2025-10-30 14:46:18,006:Computing HSC features for: Q9H7R5, ENST00000396424, ../Ntranos_Rotation/ESM-SaProt/AF-Q9H7R5-F1-model_v4.pdb.gz
INFO:2025-10-30 14:47:03,849:Successfully computed HSC for Q9H7R5.
INFO:2025-10-30 14:47:03,849:Processing Q9H7S9 with model AF-Q9H7S9-F1-model_v4.pdb
INFO:2025-10-30 14:47:03,930:Computing HSC features for: Q9H7S9, ENST00000331569, ../Ntranos_Rotation/ESM-SaProt/AF-Q9H7S9-F1-model_v4.pdb.gz
INFO:2025-10-30 14:48:46,757:Successfully computed HSC for Q9H7S9.
INFO:2025-10-30 14:48:46,757:Processing Q9H7T0 with model AF-Q9H7T0-F1-model_v4.pdb
INFO:2025-10-30 14:48:46,879:Computing HSC features for: Q9H7T0, ENST00000256343, ../Ntranos_Rotation/ESM-SaProt/AF-Q9H7T0-F1-model_v4.pdb.gz
INFO:2025-10-30 14:50:01,010:Successfully computed HSC for Q9H7T0.
INFO:2025-10-30 14:50:01,010:Processing Q9H7T3 with model AF-Q9H7T3-F1-model_v4.pdb
ERROR:2025-10-30 14:50:01,066:No ENST transcript IDs were mapped to Q9H7T3
INFO:2025-10-30 14:50:01,067:Processing Q9H7T9 with model AF-Q9H7T9-F1-model_v4.pdb
INFO:2025-10-30 14:50:01,150:Computing HSC features for: Q9H7T9, ENST00000374298, ../Ntranos_Rotation/ESM-SaProt/AF-Q9H7T9-F1-model_v4.pdb.gz
INFO:2025-10-30 14:50:26,130:Successfully computed HSC for Q9H7T9.
INFO:2025-10-30 14:50:26,130:Processing Q9H7U1 with model AF-Q9H7U1-F1-model_v4.pdb
INFO:2025-10-30 14:50:26,237:Computing HSC features for: Q9H7U1, ENST00000224756, ../Ntranos_Rotation/ESM-SaProt/AF-Q9H7U1-F1-model_v4.pdb.gz
INFO:2025-10-30 14:51:19,656:Successfully computed HSC for Q9H7U1.
INFO:2025-10-30 14:51:19,656:Processing Q9H7V2 with model AF-Q9H7V2-F1-model_v4.pdb
INFO:2025-10-30 14:51:19,848:Computing HSC features for: Q9H7V2, ENST00000376862, ../Ntranos_Rotation/ESM-SaProt/AF-Q9H7V2-F1-model_v4.pdb.gz
INFO:2025-10-30 14:51:44,296:Successfully computed HSC for Q9H7V2.
INFO:2025-10-30 14:51:44,296:Processing Q9H7X0 with model AF-Q9H7X0-F1-model_v4.pdb
INFO:2025-10-30 14:51:44,340:Computing HSC features for: Q9H7X0, ENST00000407558, ../Ntranos_Rotation/ESM-SaProt/AF-Q9H7X0-F1-model_v4.pdb.gz
INFO:2025-10-30 14:52:05,514:Successfully computed HSC for Q9H7X0.
INFO:2025-10-30 14:52:05,514:Processing Q9H7X2 with model AF-Q9H7X2-F1-model_v4.pdb
INFO:2025-10-30 14:52:05,577:Computing HSC features for: Q9H7X2, ENST00000294889, ../Ntranos_Rotation/ESM-SaProt/AF-Q9H7X2-F1-model_v4.pdb.gz
INFO:2025-10-30 14:52:29,727:Successfully computed HSC for Q9H7X2.
INFO:2025-10-30 14:52:29,727:Processing Q9H7X3 with model AF-Q9H7X3-F1-model_v4.pdb
INFO:2025-10-30 14:52:29,782:Computing HSC features for: Q9H7X3, ENST00000330143, ../Ntranos_Rotation/ESM-SaProt/AF-Q9H7X3-F1-model_v4.pdb.gz
INFO:2025-10-30 14:53:27,200:Successfully computed HSC for Q9H7X3.
INFO:2025-10-30 14:53:27,200:Processing Q9H7X7 with model AF-Q9H7X7-F1-model_v4.pdb
INFO:2025-10-30 14:53:27,281:Computing HSC features for: Q9H7X7, ENST00000315322, ../Ntranos_Rotation/ESM-SaProt/AF-Q9H7X7-F1-model_v4.pdb.gz
INFO:2025-10-30 14:53:42,704:Successfully computed HSC for Q9H7X7.
INFO:2025-10-30 14:53:42,705:Processing Q9H7Y0 with model AF-Q9H7Y0-F1-model_v4.pdb
INFO:2025-10-30 14:53:42,802:Computing HSC features for: Q9H7Y0, ENST00000398000, ../Ntranos_Rotation/ESM-SaProt/AF-Q9H7Y0-F1-model_v4.pdb.gz
INFO:2025-10-30 14:54:23,281:Successfully computed HSC for Q9H7Y0.
INFO:2025-10-30 14:54:23,281:Processing Q9H7Z3 with model AF-Q9H7Z3-F1-model_v4.pdb
INFO:2025-10-30 14:54:23,413:Computing HSC features for: Q9H7Z3, ENST00000354366, ../Ntranos_Rotation/ESM-SaProt/AF-Q9H7Z3-F1-model_v4.pdb.gz
INFO:2025-10-30 14:55:54,620:Successfully computed HSC for Q9H7Z3.
INFO:2025-10-30 14:55:54,620:Processing Q9H7Z6 with model AF-Q9H7Z6-F1-model_v4.pdb
INFO:2025-10-30 14:55:54,803:Computing HSC features for: Q9H7Z6, ENST00000219797, ../Ntranos_Rotation/ESM-SaProt/AF-Q9H7Z6-F1-model_v4.pdb.gz
INFO:2025-10-30 14:56:43,646:Successfully computed HSC for Q9H7Z6.
INFO:2025-10-30 14:56:43,646:Processing Q9H7Z7 with model AF-Q9H7Z7-F1-model_v4.pdb
INFO:2025-10-30 14:56:43,703:Computing HSC features for: Q9H7Z7, ENST00000338961, ../Ntranos_Rotation/ESM-SaProt/AF-Q9H7Z7-F1-model_v4.pdb.gz
INFO:2025-10-30 14:57:29,156:Successfully computed HSC for Q9H7Z7.
INFO:2025-10-30 14:57:29,156:Processing Q9H808 with model AF-Q9H808-F1-model_v4.pdb
INFO:2025-10-30 14:57:29,227:Computing HSC features for: Q9H808, ENST00000246112, ../Ntranos_Rotation/ESM-SaProt/AF-Q9H808-F1-model_v4.pdb.gz
INFO:2025-10-30 14:58:22,684:Successfully computed HSC for Q9H808.
INFO:2025-10-30 14:58:22,684:Processing Q9H813 with model AF-Q9H813-F1-model_v4.pdb
INFO:2025-10-30 14:58:22,779:Computing HSC features for: Q9H813, ENST00000261455, ../Ntranos_Rotation/ESM-SaProt/AF-Q9H813-F1-model_v4.pdb.gz
INFO:2025-10-30 14:58:51,943:Successfully computed HSC for Q9H813.
INFO:2025-10-30 14:58:51,943:Processing Q9H814 with model AF-Q9H814-F1-model_v4.pdb
INFO:2025-10-30 14:58:52,019:Computing HSC features for: Q9H814, ENST00000297540, ../Ntranos_Rotation/ESM-SaProt/AF-Q9H814-F1-model_v4.pdb.gz
INFO:2025-10-30 14:59:22,892:Successfully computed HSC for Q9H814.
INFO:2025-10-30 14:59:22,892:Processing Q9H816 with model AF-Q9H816-F1-model_v4.pdb
ERROR:2025-10-30 14:59:22,971:No transcript record found for Q9H816 in gnomAD.
INFO:2025-10-30 14:59:22,971:Processing Q9H819 with model AF-Q9H819-F1-model_v4.pdb
INFO:2025-10-30 14:59:23,033:Computing HSC features for: Q9H819, ENST00000302060, ../Ntranos_Rotation/ESM-SaProt/AF-Q9H819-F1-model_v4.pdb.gz
INFO:2025-10-30 14:59:50,748:Successfully computed HSC for Q9H819.
INFO:2025-10-30 14:59:50,748:Processing Q9H825 with model AF-Q9H825-F1-model_v4.pdb
ERROR:2025-10-30 14:59:50,843:No transcript record found for Q9H825 in gnomAD.
INFO:2025-10-30 14:59:50,843:Processing Q9H832 with model AF-Q9H832-F1-model_v4.pdb
INFO:2025-10-30 14:59:50,933:Computing HSC features for: Q9H832, ENST00000360943, ../Ntranos_Rotation/ESM-SaProt/AF-Q9H832-F1-model_v4.pdb.gz
INFO:2025-10-30 15:00:31,900:Successfully computed HSC for Q9H832.
INFO:2025-10-30 15:00:31,900:Processing Q9H840 with model AF-Q9H840-F1-model_v4.pdb
INFO:2025-10-30 15:00:31,936:Computing HSC features for: Q9H840, ENST00000270257, ../Ntranos_Rotation/ESM-SaProt/AF-Q9H840-F1-model_v4.pdb.gz
INFO:2025-10-30 15:00:46,030:Successfully computed HSC for Q9H840.
INFO:2025-10-30 15:00:46,030:Processing Q9H841 with model AF-Q9H841-F1-model_v4.pdb
INFO:2025-10-30 15:00:46,088:Computing HSC features for: Q9H841, ENST00000430223, ../Ntranos_Rotation/ESM-SaProt/AF-Q9H841-F1-model_v4.pdb.gz
INFO:2025-10-30 15:01:18,669:Successfully computed HSC for Q9H841.
INFO:2025-10-30 15:01:18,669:Processing Q9H845 with model AF-Q9H845-F1-model_v4.pdb
INFO:2025-10-30 15:01:18,749:Computing HSC features for: Q9H845, ENST00000308982, ../Ntranos_Rotation/ESM-SaProt/AF-Q9H845-F1-model_v4.pdb.gz
INFO:2025-10-30 15:02:17,237:Successfully computed HSC for Q9H845.
INFO:2025-10-30 15:02:17,238:Processing Q9H853 with model AF-Q9H853-F1-model_v4.pdb
ERROR:2025-10-30 15:02:17,293:No transcript record found for Q9H853 in gnomAD.
INFO:2025-10-30 15:02:17,293:Processing Q9H857 with model AF-Q9H857-F1-model_v4.pdb
INFO:2025-10-30 15:02:17,374:Computing HSC features for: Q9H857, ENST00000307076, ../Ntranos_Rotation/ESM-SaProt/AF-Q9H857-F1-model_v4.pdb.gz
INFO:2025-10-30 15:03:15,521:Successfully computed HSC for Q9H857.
INFO:2025-10-30 15:03:15,521:Processing Q9H867 with model AF-Q9H867-F1-model_v4.pdb
INFO:2025-10-30 15:03:15,567:Computing HSC features for: Q9H867, ENST00000395860, ../Ntranos_Rotation/ESM-SaProt/AF-Q9H867-F1-model_v4.pdb.gz
INFO:2025-10-30 15:03:38,298:Successfully computed HSC for Q9H867.
INFO:2025-10-30 15:03:38,298:Processing Q9H869 with model AF-Q9H869-F1-model_v4.pdb
INFO:2025-10-30 15:03:38,398:Computing HSC features for: Q9H869, ENST00000295566, ../Ntranos_Rotation/ESM-SaProt/AF-Q9H869-F1-model_v4.pdb.gz
INFO:2025-10-30 15:04:38,585:Successfully computed HSC for Q9H869.
INFO:2025-10-30 15:04:38,585:Processing Q9H871 with model AF-Q9H871-F1-model_v4.pdb
INFO:2025-10-30 15:04:38,650:Computing HSC features for: Q9H871, ENST00000283632, ../Ntranos_Rotation/ESM-SaProt/AF-Q9H871-F1-model_v4.pdb.gz
INFO:2025-10-30 15:05:09,192:Successfully computed HSC for Q9H871.
INFO:2025-10-30 15:05:09,192:Pipeline completed.
INFO:2025-10-30 15:05:09,192:no_enst_for_uniprot: 2
INFO:2025-10-30 15:05:09,192:no_valid_cds: 0
INFO:2025-10-30 15:05:09,192:no_variant_data: 6
INFO:2025-10-30 15:05:09,192:bad_structure: 0
INFO:2025-10-30 15:05:09,192:no_enst_mp: 0
