INFO:2025-10-30 14:25:03,879:Starting HSC computation pipeline...
INFO:2025-10-30 14:26:11,524:Processing Q13530 with model AF-Q13530-F1-model_v4.pdb
INFO:2025-10-30 14:26:11,601:Computing HSC features for: Q13530, ENST00000255175, ../Ntranos_Rotation/ESM-SaProt/AF-Q13530-F1-model_v4.pdb.gz
INFO:2025-10-30 14:26:55,439:Successfully computed HSC for Q13530.
INFO:2025-10-30 14:26:55,440:Processing Q13535 with model AF-Q13535-F1-model_v4.pdb
INFO:2025-10-30 14:26:55,890:Computing HSC features for: Q13535, ENST00000350721, ../Ntranos_Rotation/ESM-SaProt/AF-Q13535-F1-model_v4.pdb.gz
INFO:2025-10-30 14:29:33,164:Successfully computed HSC for Q13535.
INFO:2025-10-30 14:29:33,164:Processing Q13536 with model AF-Q13536-F1-model_v4.pdb
ERROR:2025-10-30 14:29:33,212:No ENST transcript IDs were mapped to Q13536
INFO:2025-10-30 14:29:33,212:Processing Q13541 with model AF-Q13541-F1-model_v4.pdb
INFO:2025-10-30 14:29:33,289:Computing HSC features for: Q13541, ENST00000338825, ../Ntranos_Rotation/ESM-SaProt/AF-Q13541-F1-model_v4.pdb.gz
INFO:2025-10-30 14:29:44,929:Successfully computed HSC for Q13541.
INFO:2025-10-30 14:29:44,929:Processing Q13542 with model AF-Q13542-F1-model_v4.pdb
INFO:2025-10-30 14:29:44,989:Computing HSC features for: Q13542, ENST00000373218, ../Ntranos_Rotation/ESM-SaProt/AF-Q13542-F1-model_v4.pdb.gz
INFO:2025-10-30 14:29:55,612:Successfully computed HSC for Q13542.
INFO:2025-10-30 14:29:55,612:Processing Q13546 with model AF-Q13546-F1-model_v4.pdb
INFO:2025-10-30 14:29:55,726:Computing HSC features for: Q13546, ENST00000259808, ../Ntranos_Rotation/ESM-SaProt/AF-Q13546-F1-model_v4.pdb.gz
INFO:2025-10-30 14:30:37,579:Successfully computed HSC for Q13546.
INFO:2025-10-30 14:30:37,579:Processing Q13547 with model AF-Q13547-F1-model_v4.pdb
INFO:2025-10-30 14:30:37,655:Computing HSC features for: Q13547, ENST00000373548, ../Ntranos_Rotation/ESM-SaProt/AF-Q13547-F1-model_v4.pdb.gz
INFO:2025-10-30 14:31:13,009:Successfully computed HSC for Q13547.
INFO:2025-10-30 14:31:13,009:Processing Q13554 with model AF-Q13554-F1-model_v4.pdb
ERROR:2025-10-30 14:31:13,086:No transcript record found for Q13554 in gnomAD.
INFO:2025-10-30 14:31:13,086:Processing Q13555 with model AF-Q13555-F1-model_v4.pdb
ERROR:2025-10-30 14:31:13,172:No valid CDS found for Q13555
INFO:2025-10-30 14:31:13,173:Processing Q13557 with model AF-Q13557-F1-model_v4.pdb
ERROR:2025-10-30 14:31:13,246:No transcript record found for Q13557 in gnomAD.
INFO:2025-10-30 14:31:13,246:Processing Q5TH69 with model AF-Q5TH69-F1-model_v4.pdb
INFO:2025-10-30 14:31:13,604:Computing HSC features for: Q5TH69, ENST00000251691, ../Ntranos_Rotation/ESM-SaProt/AF-Q5TH69-F1-model_v4.pdb.gz
INFO:2025-10-30 14:34:01,411:Successfully computed HSC for Q5TH69.
INFO:2025-10-30 14:34:01,411:Processing Q5TH74 with model AF-Q5TH74-F1-model_v4.pdb
INFO:2025-10-30 14:34:01,504:Computing HSC features for: Q5TH74, ENST00000337248, ../Ntranos_Rotation/ESM-SaProt/AF-Q5TH74-F1-model_v4.pdb.gz
INFO:2025-10-30 14:34:25,456:Successfully computed HSC for Q5TH74.
INFO:2025-10-30 14:34:25,456:Processing Q5THJ4 with model AF-Q5THJ4-F1-model_v4.pdb
ERROR:2025-10-30 14:34:25,657:No valid CDS found for Q5THJ4
INFO:2025-10-30 14:34:25,657:Processing Q5THK1 with model AF-Q5THK1-F1-model_v4.pdb
INFO:2025-10-30 14:34:25,996:Computing HSC features for: Q5THK1, ENST00000327423, ../Ntranos_Rotation/ESM-SaProt/AF-Q5THK1-F1-model_v4.pdb.gz
INFO:2025-10-30 14:36:56,353:Successfully computed HSC for Q5THK1.
INFO:2025-10-30 14:36:56,353:Processing Q5THR3 with model AF-Q5THR3-F1-model_v4.pdb
INFO:2025-10-30 14:36:56,502:Computing HSC features for: Q5THR3, ENST00000262726, ../Ntranos_Rotation/ESM-SaProt/AF-Q5THR3-F1-model_v4.pdb.gz
INFO:2025-10-30 14:38:52,397:Successfully computed HSC for Q5THR3.
INFO:2025-10-30 14:38:52,397:Processing Q5TI25 with model AF-Q5TI25-F1-model_v4.pdb
ERROR:2025-10-30 14:38:52,654:No ENST transcript IDs were mapped to Q5TI25
INFO:2025-10-30 14:38:52,654:Processing Q5TIA1 with model AF-Q5TIA1-F1-model_v4.pdb
INFO:2025-10-30 14:38:52,805:Computing HSC features for: Q5TIA1, ENST00000401548, ../Ntranos_Rotation/ESM-SaProt/AF-Q5TIA1-F1-model_v4.pdb.gz
INFO:2025-10-30 14:40:32,280:Successfully computed HSC for Q5TIA1.
INFO:2025-10-30 14:40:32,280:Processing Q5TID7 with model AF-Q5TID7-F1-model_v4.pdb
INFO:2025-10-30 14:40:32,406:Computing HSC features for: Q5TID7, ENST00000367806, ../Ntranos_Rotation/ESM-SaProt/AF-Q5TID7-F1-model_v4.pdb.gz
INFO:2025-10-30 14:41:02,013:Successfully computed HSC for Q5TID7.
INFO:2025-10-30 14:41:02,013:Processing Q5TIE3 with model AF-Q5TIE3-F1-model_v4.pdb
INFO:2025-10-30 14:41:02,140:Computing HSC features for: Q5TIE3, ENST00000375079, ../Ntranos_Rotation/ESM-SaProt/AF-Q5TIE3-F1-model_v4.pdb.gz
INFO:2025-10-30 14:42:38,088:Successfully computed HSC for Q5TIE3.
INFO:2025-10-30 14:42:38,088:Processing Q5TKA1 with model AF-Q5TKA1-F1-model_v4.pdb
ERROR:2025-10-30 14:42:38,155:No transcript record found for Q5TKA1 in gnomAD.
INFO:2025-10-30 14:42:38,155:Processing Q5TYM5 with model AF-Q5TYM5-F1-model_v4.pdb
INFO:2025-10-30 14:42:38,214:Computing HSC features for: Q5TYM5, ENST00000367128, ../Ntranos_Rotation/ESM-SaProt/AF-Q5TYM5-F1-model_v4.pdb.gz
INFO:2025-10-30 14:42:51,392:Successfully computed HSC for Q5TYM5.
INFO:2025-10-30 14:42:51,392:Processing Q5TYW1 with model AF-Q5TYW1-F1-model_v4.pdb
ERROR:2025-10-30 14:42:51,592:No transcript record found for Q5TYW1 in gnomAD.
INFO:2025-10-30 14:42:51,592:Processing Q5TYW2 with model AF-Q5TYW2-F1-model_v4.pdb
ERROR:2025-10-30 14:42:51,755:No transcript record found for Q5TYW2 in gnomAD.
INFO:2025-10-30 14:42:51,756:Processing Q5TYX0 with model AF-Q5TYX0-F1-model_v4.pdb
ERROR:2025-10-30 14:42:51,860:No transcript record found for Q5TYX0 in gnomAD.
INFO:2025-10-30 14:42:51,860:Processing Q5TZ20 with model AF-Q5TZ20-F1-model_v4.pdb
ERROR:2025-10-30 14:42:51,931:No transcript record found for Q5TZ20 in gnomAD.
INFO:2025-10-30 14:42:51,931:Processing Q5TBA9 with model AF-Q5TBA9-F7-model_v4.pdb
ERROR:2025-10-30 14:42:52,135:No valid CDS found for Q5TBA9
INFO:2025-10-30 14:42:52,135:Processing Q5TBB1 with model AF-Q5TBB1-F1-model_v4.pdb
INFO:2025-10-30 14:42:52,221:Computing HSC features for: Q5TBB1, ENST00000336617, ../Ntranos_Rotation/ESM-SaProt/AF-Q5TBB1-F1-model_v4.pdb.gz
INFO:2025-10-30 14:43:18,192:Successfully computed HSC for Q5TBB1.
INFO:2025-10-30 14:43:18,192:Processing Q5TBC7 with model AF-Q5TBC7-F1-model_v4.pdb
INFO:2025-10-30 14:43:18,240:Computing HSC features for: Q5TBC7, ENST00000393316, ../Ntranos_Rotation/ESM-SaProt/AF-Q5TBC7-F1-model_v4.pdb.gz
INFO:2025-10-30 14:43:31,403:Successfully computed HSC for Q5TBC7.
INFO:2025-10-30 14:43:31,403:Processing Q5TBE3 with model AF-Q5TBE3-F1-model_v4.pdb
INFO:2025-10-30 14:43:31,456:Computing HSC features for: Q5TBE3, ENST00000376001, ../Ntranos_Rotation/ESM-SaProt/AF-Q5TBE3-F1-model_v4.pdb.gz
INFO:2025-10-30 14:43:37,017:Successfully computed HSC for Q5TBE3.
INFO:2025-10-30 14:43:37,017:Processing Q5TBK1 with model AF-Q5TBK1-F1-model_v4.pdb
INFO:2025-10-30 14:43:37,245:Computing HSC features for: Q5TBK1, ENST00000380130, ../Ntranos_Rotation/ESM-SaProt/AF-Q5TBK1-F1-model_v4.pdb.gz
INFO:2025-10-30 14:43:56,347:Successfully computed HSC for Q5TBK1.
INFO:2025-10-30 14:43:56,347:Processing Q5TC04 with model AF-Q5TC04-F1-model_v4.pdb
ERROR:2025-10-30 14:43:56,402:No ENST transcript IDs were mapped to Q5TC04
INFO:2025-10-30 14:43:56,402:Processing Q5TC12 with model AF-Q5TC12-F1-model_v4.pdb
INFO:2025-10-30 14:43:56,511:Computing HSC features for: Q5TC12, ENST00000574428, ../Ntranos_Rotation/ESM-SaProt/AF-Q5TC12-F1-model_v4.pdb.gz
INFO:2025-10-30 14:44:22,700:Successfully computed HSC for Q5TC12.
INFO:2025-10-30 14:44:22,700:Processing Q5TC63 with model AF-Q5TC63-F1-model_v4.pdb
INFO:2025-10-30 14:44:22,799:Computing HSC features for: Q5TC63, ENST00000375431, ../Ntranos_Rotation/ESM-SaProt/AF-Q5TC63-F1-model_v4.pdb.gz
INFO:2025-10-30 14:44:55,514:Successfully computed HSC for Q5TC63.
INFO:2025-10-30 14:44:55,515:Processing Q5TC79 with model AF-Q5TC79-F1-model_v4.pdb
ERROR:2025-10-30 14:44:55,620:No transcript record found for Q5TC79 in gnomAD.
INFO:2025-10-30 14:44:55,620:Processing Q5TC82 with model AF-Q5TC82-F1-model_v4.pdb
INFO:2025-10-30 14:44:55,807:Computing HSC features for: Q5TC82, ENST00000258349, ../Ntranos_Rotation/ESM-SaProt/AF-Q5TC82-F1-model_v4.pdb.gz
ERROR:2025-10-30 14:44:56,149:Missing ENST record in counts: ENST00000258349
INFO:2025-10-30 14:44:56,149:Processing Q5TC84 with model AF-Q5TC84-F1-model_v4.pdb
INFO:2025-10-30 14:44:56,257:Computing HSC features for: Q5TC84, ENST00000370435, ../Ntranos_Rotation/ESM-SaProt/AF-Q5TC84-F1-model_v4.pdb.gz
INFO:2025-10-30 14:45:31,824:Successfully computed HSC for Q5TC84.
INFO:2025-10-30 14:45:31,824:Processing Q5TCH4 with model AF-Q5TCH4-F1-model_v4.pdb
INFO:2025-10-30 14:45:31,892:Computing HSC features for: Q5TCH4, ENST00000371891, ../Ntranos_Rotation/ESM-SaProt/AF-Q5TCH4-F1-model_v4.pdb.gz
INFO:2025-10-30 14:46:23,385:Successfully computed HSC for Q5TCH4.
INFO:2025-10-30 14:46:23,386:Processing Q5TCM9 with model AF-Q5TCM9-F1-model_v4.pdb
INFO:2025-10-30 14:46:23,443:Computing HSC features for: Q5TCM9, ENST00000334269, ../Ntranos_Rotation/ESM-SaProt/AF-Q5TCM9-F1-model_v4.pdb.gz
INFO:2025-10-30 14:46:34,734:Successfully computed HSC for Q5TCM9.
INFO:2025-10-30 14:46:34,734:Processing Q5TCQ9 with model AF-Q5TCQ9-F1-model_v4.pdb
INFO:2025-10-30 14:46:34,951:Computing HSC features for: Q5TCQ9, ENST00000307546, ../Ntranos_Rotation/ESM-SaProt/AF-Q5TCQ9-F1-model_v4.pdb.gz
INFO:2025-10-30 14:48:09,791:Successfully computed HSC for Q5TCQ9.
INFO:2025-10-30 14:48:09,791:Processing Q5TCS8 with model AF-Q5TCS8-F1-model_v4.pdb
INFO:2025-10-30 14:48:09,996:Computing HSC features for: Q5TCS8, ENST00000424296, ../Ntranos_Rotation/ESM-SaProt/AF-Q5TCS8-F1-model_v4.pdb.gz
INFO:2025-10-30 14:49:50,501:Successfully computed HSC for Q5TCS8.
INFO:2025-10-30 14:49:50,501:Processing Q5TCX8 with model AF-Q5TCX8-F1-model_v4.pdb
INFO:2025-10-30 14:49:50,624:Computing HSC features for: Q5TCX8, ENST00000366624, ../Ntranos_Rotation/ESM-SaProt/AF-Q5TCX8-F1-model_v4.pdb.gz
INFO:2025-10-30 14:51:24,058:Successfully computed HSC for Q5TCX8.
INFO:2025-10-30 14:51:24,058:Processing Q5TCY1 with model AF-Q5TCY1-F1-model_v4.pdb
INFO:2025-10-30 14:51:24,192:Computing HSC features for: Q5TCY1, ENST00000259750, ../Ntranos_Rotation/ESM-SaProt/AF-Q5TCY1-F1-model_v4.pdb.gz
INFO:2025-10-30 14:53:27,484:Successfully computed HSC for Q5TCY1.
INFO:2025-10-30 14:53:27,485:Processing Q5TCZ1 with model AF-Q5TCZ1-F1-model_v4.pdb
INFO:2025-10-30 14:53:27,614:Computing HSC features for: Q5TCZ1, ENST00000369774, ../Ntranos_Rotation/ESM-SaProt/AF-Q5TCZ1-F1-model_v4.pdb.gz
INFO:2025-10-30 14:55:03,158:Successfully computed HSC for Q5TCZ1.
INFO:2025-10-30 14:55:03,159:Processing Q5TD94 with model AF-Q5TD94-F1-model_v4.pdb
INFO:2025-10-30 14:55:03,288:Computing HSC features for: Q5TD94, ENST00000229554, ../Ntranos_Rotation/ESM-SaProt/AF-Q5TD94-F1-model_v4.pdb.gz
INFO:2025-10-30 14:55:54,168:Successfully computed HSC for Q5TD94.
INFO:2025-10-30 14:55:54,169:Processing Q5TD97 with model AF-Q5TD97-F1-model_v4.pdb
INFO:2025-10-30 14:55:54,224:Computing HSC features for: Q5TD97, ENST00000326771, ../Ntranos_Rotation/ESM-SaProt/AF-Q5TD97-F1-model_v4.pdb.gz
INFO:2025-10-30 14:56:19,398:Successfully computed HSC for Q5TD97.
INFO:2025-10-30 14:56:19,399:Processing Q5TDH0 with model AF-Q5TDH0-F1-model_v4.pdb
INFO:2025-10-30 14:56:19,474:Computing HSC features for: Q5TDH0, ENST00000480945, ../Ntranos_Rotation/ESM-SaProt/AF-Q5TDH0-F1-model_v4.pdb.gz
INFO:2025-10-30 14:56:58,269:Successfully computed HSC for Q5TDH0.
INFO:2025-10-30 14:56:58,269:Processing Q5TDP6 with model AF-Q5TDP6-F1-model_v4.pdb
INFO:2025-10-30 14:56:58,360:Computing HSC features for: Q5TDP6, ENST00000370657, ../Ntranos_Rotation/ESM-SaProt/AF-Q5TDP6-F1-model_v4.pdb.gz
INFO:2025-10-30 14:57:41,416:Successfully computed HSC for Q5TDP6.
INFO:2025-10-30 14:57:41,416:Processing Q5TEA3 with model AF-Q5TEA3-F1-model_v4.pdb
INFO:2025-10-30 14:57:41,598:Computing HSC features for: Q5TEA3, ENST00000252032, ../Ntranos_Rotation/ESM-SaProt/AF-Q5TEA3-F1-model_v4.pdb.gz
INFO:2025-10-30 14:58:56,824:Successfully computed HSC for Q5TEA3.
INFO:2025-10-30 14:58:56,824:Processing Q5TEA6 with model AF-Q5TEA6-F1-model_v4.pdb
ERROR:2025-10-30 14:58:56,913:No transcript record found for Q5TEA6 in gnomAD.
INFO:2025-10-30 14:58:56,913:Processing Q5TEC3 with model AF-Q5TEC3-F1-model_v4.pdb
INFO:2025-10-30 14:58:57,021:Computing HSC features for: Q5TEC3, ENST00000421812, ../Ntranos_Rotation/ESM-SaProt/AF-Q5TEC3-F1-model_v4.pdb.gz
INFO:2025-10-30 14:59:57,122:Successfully computed HSC for Q5TEC3.
INFO:2025-10-30 14:59:57,122:Pipeline completed.
INFO:2025-10-30 14:59:57,122:no_enst_for_uniprot: 3
INFO:2025-10-30 14:59:57,122:no_valid_cds: 3
INFO:2025-10-30 14:59:57,122:no_variant_data: 9
INFO:2025-10-30 14:59:57,122:bad_structure: 0
INFO:2025-10-30 14:59:57,122:no_enst_mp: 1
