INFO:2025-10-30 14:26:02,998:Starting HSC computation pipeline...
INFO:2025-10-30 14:26:55,118:Processing Q14863 with model AF-Q14863-F1-model_v4.pdb
ERROR:2025-10-30 14:26:55,204:No ENST transcript IDs were mapped to Q14863
INFO:2025-10-30 14:26:55,205:Processing Q14865 with model AF-Q14865-F1-model_v4.pdb
INFO:2025-10-30 14:26:55,432:Computing HSC features for: Q14865, ENST00000279873, ../Ntranos_Rotation/ESM-SaProt/AF-Q14865-F1-model_v4.pdb.gz
INFO:2025-10-30 14:28:38,086:Successfully computed HSC for Q14865.
INFO:2025-10-30 14:28:38,086:Processing Q14872 with model AF-Q14872-F1-model_v4.pdb
INFO:2025-10-30 14:28:38,205:Computing HSC features for: Q14872, ENST00000373036, ../Ntranos_Rotation/ESM-SaProt/AF-Q14872-F1-model_v4.pdb.gz
INFO:2025-10-30 14:29:38,718:Successfully computed HSC for Q14872.
INFO:2025-10-30 14:29:38,718:Processing Q14894 with model AF-Q14894-F1-model_v4.pdb
INFO:2025-10-30 14:29:38,788:Computing HSC features for: Q14894, ENST00000219599, ../Ntranos_Rotation/ESM-SaProt/AF-Q14894-F1-model_v4.pdb.gz
INFO:2025-10-30 14:30:08,333:Successfully computed HSC for Q14894.
INFO:2025-10-30 14:30:08,333:Processing Q14896 with model AF-Q14896-F1-model_v4.pdb
INFO:2025-10-30 14:30:08,490:Computing HSC features for: Q14896, ENST00000545968, ../Ntranos_Rotation/ESM-SaProt/AF-Q14896-F1-model_v4.pdb.gz
INFO:2025-10-30 14:32:31,258:Successfully computed HSC for Q14896.
INFO:2025-10-30 14:32:31,258:Processing Q14914 with model AF-Q14914-F1-model_v4.pdb
INFO:2025-10-30 14:32:31,324:Computing HSC features for: Q14914, ENST00000309195, ../Ntranos_Rotation/ESM-SaProt/AF-Q14914-F1-model_v4.pdb.gz
INFO:2025-10-30 14:32:56,283:Successfully computed HSC for Q14914.
INFO:2025-10-30 14:32:56,283:Processing Q14916 with model AF-Q14916-F1-model_v4.pdb
INFO:2025-10-30 14:32:56,386:Computing HSC features for: Q14916, ENST00000244527, ../Ntranos_Rotation/ESM-SaProt/AF-Q14916-F1-model_v4.pdb.gz
INFO:2025-10-30 14:33:31,505:Successfully computed HSC for Q14916.
INFO:2025-10-30 14:33:31,505:Processing Q14919 with model AF-Q14919-F1-model_v4.pdb
INFO:2025-10-30 14:33:31,583:Computing HSC features for: Q14919, ENST00000312515, ../Ntranos_Rotation/ESM-SaProt/AF-Q14919-F1-model_v4.pdb.gz
INFO:2025-10-30 14:33:56,989:Successfully computed HSC for Q14919.
INFO:2025-10-30 14:33:56,989:Processing Q5BJF2 with model AF-Q5BJF2-F1-model_v4.pdb
INFO:2025-10-30 14:33:57,045:Computing HSC features for: Q5BJF2, ENST00000226230, ../Ntranos_Rotation/ESM-SaProt/AF-Q5BJF2-F1-model_v4.pdb.gz
INFO:2025-10-30 14:34:12,649:Successfully computed HSC for Q5BJF2.
INFO:2025-10-30 14:34:12,649:Processing Q5BJF6 with model AF-Q5BJF6-F1-model_v4.pdb
INFO:2025-10-30 14:34:12,749:Computing HSC features for: Q5BJF6, ENST00000434106, ../Ntranos_Rotation/ESM-SaProt/AF-Q5BJF6-F1-model_v4.pdb.gz
INFO:2025-10-30 14:35:30,592:Successfully computed HSC for Q5BJF6.
INFO:2025-10-30 14:35:30,592:Processing Q5BJH2 with model AF-Q5BJH2-F1-model_v4.pdb
INFO:2025-10-30 14:35:30,645:Computing HSC features for: Q5BJH2, ENST00000382753, ../Ntranos_Rotation/ESM-SaProt/AF-Q5BJH2-F1-model_v4.pdb.gz
INFO:2025-10-30 14:35:45,992:Successfully computed HSC for Q5BJH2.
INFO:2025-10-30 14:35:45,992:Processing Q5BJH7 with model AF-Q5BJH7-F1-model_v4.pdb
INFO:2025-10-30 14:35:46,045:Computing HSC features for: Q5BJH7, ENST00000339413, ../Ntranos_Rotation/ESM-SaProt/AF-Q5BJH7-F1-model_v4.pdb.gz
INFO:2025-10-30 14:36:21,512:Successfully computed HSC for Q5BJH7.
INFO:2025-10-30 14:36:21,512:Processing Q5BKT4 with model AF-Q5BKT4-F1-model_v4.pdb
INFO:2025-10-30 14:36:21,582:Computing HSC features for: Q5BKT4, ENST00000266483, ../Ntranos_Rotation/ESM-SaProt/AF-Q5BKT4-F1-model_v4.pdb.gz
INFO:2025-10-30 14:36:55,379:Successfully computed HSC for Q5BKT4.
INFO:2025-10-30 14:36:55,379:Processing Q5BKU9 with model AF-Q5BKU9-F1-model_v4.pdb
INFO:2025-10-30 14:36:55,415:Computing HSC features for: Q5BKU9, ENST00000374741, ../Ntranos_Rotation/ESM-SaProt/AF-Q5BKU9-F1-model_v4.pdb.gz
INFO:2025-10-30 14:37:14,391:Successfully computed HSC for Q5BKU9.
INFO:2025-10-30 14:37:14,391:Processing Q5BKX5 with model AF-Q5BKX5-F1-model_v4.pdb
INFO:2025-10-30 14:37:14,474:Computing HSC features for: Q5BKX5, ENST00000378313, ../Ntranos_Rotation/ESM-SaProt/AF-Q5BKX5-F1-model_v4.pdb.gz
INFO:2025-10-30 14:37:50,017:Successfully computed HSC for Q5BKX5.
INFO:2025-10-30 14:37:50,018:Processing Q5BKX6 with model AF-Q5BKX6-F1-model_v4.pdb
ERROR:2025-10-30 14:37:50,112:No valid CDS found for Q5BKX6
INFO:2025-10-30 14:37:50,112:Processing Q5BKX8 with model AF-Q5BKX8-F1-model_v4.pdb
INFO:2025-10-30 14:37:50,164:Computing HSC features for: Q5BKX8, ENST00000307584, ../Ntranos_Rotation/ESM-SaProt/AF-Q5BKX8-F1-model_v4.pdb.gz
INFO:2025-10-30 14:38:19,220:Successfully computed HSC for Q5BKX8.
INFO:2025-10-30 14:38:19,220:Processing Q5BKY1 with model AF-Q5BKY1-F1-model_v4.pdb
INFO:2025-10-30 14:38:19,316:Computing HSC features for: Q5BKY1, ENST00000361484, ../Ntranos_Rotation/ESM-SaProt/AF-Q5BKY1-F1-model_v4.pdb.gz
INFO:2025-10-30 14:38:46,207:Successfully computed HSC for Q5BKY1.
INFO:2025-10-30 14:38:46,207:Processing Q5BKY6 with model AF-Q5BKY6-F1-model_v4.pdb
ERROR:2025-10-30 14:38:46,237:No ENST transcript IDs were mapped to Q5BKY6
INFO:2025-10-30 14:38:46,237:Processing Q5BKY9 with model AF-Q5BKY9-F1-model_v4.pdb
INFO:2025-10-30 14:38:46,284:Computing HSC features for: Q5BKY9, ENST00000445716, ../Ntranos_Rotation/ESM-SaProt/AF-Q5BKY9-F1-model_v4.pdb.gz
INFO:2025-10-30 14:39:03,187:Successfully computed HSC for Q5BKY9.
INFO:2025-10-30 14:39:03,187:Processing Q5BKZ1 with model AF-Q5BKZ1-F1-model_v4.pdb
INFO:2025-10-30 14:39:03,274:Computing HSC features for: Q5BKZ1, ENST00000340281, ../Ntranos_Rotation/ESM-SaProt/AF-Q5BKZ1-F1-model_v4.pdb.gz
INFO:2025-10-30 14:39:48,711:Successfully computed HSC for Q5BKZ1.
INFO:2025-10-30 14:39:48,711:Processing Q5BLP8 with model AF-Q5BLP8-F1-model_v4.pdb
INFO:2025-10-30 14:39:48,759:Computing HSC features for: Q5BLP8, ENST00000409860, ../Ntranos_Rotation/ESM-SaProt/AF-Q5BLP8-F1-model_v4.pdb.gz
INFO:2025-10-30 14:40:07,178:Successfully computed HSC for Q5BLP8.
INFO:2025-10-30 14:40:07,178:Processing Q5BN46 with model AF-Q5BN46-F1-model_v4.pdb
INFO:2025-10-30 14:40:07,237:Computing HSC features for: Q5BN46, ENST00000429260, ../Ntranos_Rotation/ESM-SaProt/AF-Q5BN46-F1-model_v4.pdb.gz
INFO:2025-10-30 14:40:24,538:Successfully computed HSC for Q5BN46.
INFO:2025-10-30 14:40:24,538:Processing Q5BVD1 with model AF-Q5BVD1-F1-model_v4.pdb
INFO:2025-10-30 14:40:24,616:Computing HSC features for: Q5BVD1, ENST00000264848, ../Ntranos_Rotation/ESM-SaProt/AF-Q5BVD1-F1-model_v4.pdb.gz
INFO:2025-10-30 14:40:42,805:Successfully computed HSC for Q5BVD1.
INFO:2025-10-30 14:40:42,805:Processing Q5C9Z4 with model AF-Q5C9Z4-F1-model_v4.pdb
INFO:2025-10-30 14:40:42,921:Computing HSC features for: Q5C9Z4, ENST00000275820, ../Ntranos_Rotation/ESM-SaProt/AF-Q5C9Z4-F1-model_v4.pdb.gz
INFO:2025-10-30 14:42:20,364:Successfully computed HSC for Q5C9Z4.
INFO:2025-10-30 14:42:20,365:Processing Q5CZ79 with model AF-Q5CZ79-F1-model_v4.pdb
ERROR:2025-10-30 14:42:20,658:No ENST transcript IDs were mapped to Q5CZ79
INFO:2025-10-30 14:42:20,658:Processing Q5CZA5 with model AF-Q5CZA5-F1-model_v4.pdb
INFO:2025-10-30 14:42:20,894:Computing HSC features for: Q5CZA5, ENST00000414468, ../Ntranos_Rotation/ESM-SaProt/AF-Q5CZA5-F1-model_v4.pdb.gz
INFO:2025-10-30 14:43:10,007:Successfully computed HSC for Q5CZA5.
INFO:2025-10-30 14:43:10,007:Processing Q14671 with model AF-Q14671-F1-model_v4.pdb
INFO:2025-10-30 14:43:10,165:Computing HSC features for: Q14671, ENST00000257075, ../Ntranos_Rotation/ESM-SaProt/AF-Q14671-F1-model_v4.pdb.gz
INFO:2025-10-30 14:44:51,725:Successfully computed HSC for Q14671.
INFO:2025-10-30 14:44:51,725:Processing Q14674 with model AF-Q14674-F1-model_v4.pdb
INFO:2025-10-30 14:44:52,098:Computing HSC features for: Q14674, ENST00000257934, ../Ntranos_Rotation/ESM-SaProt/AF-Q14674-F1-model_v4.pdb.gz
INFO:2025-10-30 14:47:52,956:Successfully computed HSC for Q14674.
INFO:2025-10-30 14:47:52,956:Processing Q14676 with model AF-Q14676-F1-model_v4.pdb
ERROR:2025-10-30 14:47:53,171:No valid CDS found for Q14676
INFO:2025-10-30 14:47:53,171:Processing Q14677 with model AF-Q14677-F1-model_v4.pdb
INFO:2025-10-30 14:47:53,261:Computing HSC features for: Q14677, ENST00000523094, ../Ntranos_Rotation/ESM-SaProt/AF-Q14677-F1-model_v4.pdb.gz
INFO:2025-10-30 14:48:41,754:Successfully computed HSC for Q14677.
INFO:2025-10-30 14:48:41,754:Processing Q14678 with model AF-Q14678-F1-model_v4.pdb
ERROR:2025-10-30 14:48:41,901:No transcript record found for Q14678 in gnomAD.
INFO:2025-10-30 14:48:41,901:Processing Q14679 with model AF-Q14679-F1-model_v4.pdb
INFO:2025-10-30 14:48:42,039:Computing HSC features for: Q14679, ENST00000258398, ../Ntranos_Rotation/ESM-SaProt/AF-Q14679-F1-model_v4.pdb.gz
INFO:2025-10-30 14:50:21,017:Successfully computed HSC for Q14679.
INFO:2025-10-30 14:50:21,017:Processing Q14680 with model AF-Q14680-F1-model_v4.pdb
INFO:2025-10-30 14:50:21,270:Computing HSC features for: Q14680, ENST00000298048, ../Ntranos_Rotation/ESM-SaProt/AF-Q14680-F1-model_v4.pdb.gz
INFO:2025-10-30 14:51:08,476:Successfully computed HSC for Q14680.
INFO:2025-10-30 14:51:08,476:Processing Q14681 with model AF-Q14681-F1-model_v4.pdb
INFO:2025-10-30 14:51:08,527:Computing HSC features for: Q14681, ENST00000322444, ../Ntranos_Rotation/ESM-SaProt/AF-Q14681-F1-model_v4.pdb.gz
INFO:2025-10-30 14:51:42,983:Successfully computed HSC for Q14681.
INFO:2025-10-30 14:51:42,983:Processing Q14683 with model AF-Q14683-F1-model_v4.pdb
INFO:2025-10-30 14:51:43,132:Computing HSC features for: Q14683, ENST00000322213, ../Ntranos_Rotation/ESM-SaProt/AF-Q14683-F1-model_v4.pdb.gz
INFO:2025-10-30 14:53:26,231:Successfully computed HSC for Q14683.
INFO:2025-10-30 14:53:26,232:Processing Q14684 with model AF-Q14684-F1-model_v4.pdb
INFO:2025-10-30 14:53:26,331:Computing HSC features for: Q14684, ENST00000340648, ../Ntranos_Rotation/ESM-SaProt/AF-Q14684-F1-model_v4.pdb.gz
INFO:2025-10-30 14:54:31,431:Successfully computed HSC for Q14684.
INFO:2025-10-30 14:54:31,431:Processing Q14686 with model AF-Q14686-F1-model_v4.pdb
INFO:2025-10-30 14:54:31,639:Computing HSC features for: Q14686, ENST00000359003, ../Ntranos_Rotation/ESM-SaProt/AF-Q14686-F1-model_v4.pdb.gz
INFO:2025-10-30 14:57:07,704:Successfully computed HSC for Q14686.
INFO:2025-10-30 14:57:07,705:Processing Q14687 with model AF-Q14687-F1-model_v4.pdb
INFO:2025-10-30 14:57:07,845:Computing HSC features for: Q14687, ENST00000253458, ../Ntranos_Rotation/ESM-SaProt/AF-Q14687-F1-model_v4.pdb.gz
INFO:2025-10-30 14:59:31,020:Successfully computed HSC for Q14687.
INFO:2025-10-30 14:59:31,020:Processing Q14689 with model AF-Q14689-F1-model_v4.pdb
INFO:2025-10-30 14:59:31,205:Computing HSC features for: Q14689, ENST00000417564, ../Ntranos_Rotation/ESM-SaProt/AF-Q14689-F1-model_v4.pdb.gz
INFO:2025-10-30 15:02:17,377:Successfully computed HSC for Q14689.
INFO:2025-10-30 15:02:17,377:Processing Q14690 with model AF-Q14690-F1-model_v4.pdb
INFO:2025-10-30 15:02:17,588:Computing HSC features for: Q14690, ENST00000369797, ../Ntranos_Rotation/ESM-SaProt/AF-Q14690-F1-model_v4.pdb.gz
INFO:2025-10-30 15:04:57,106:Successfully computed HSC for Q14690.
INFO:2025-10-30 15:04:57,106:Processing Q14691 with model AF-Q14691-F1-model_v4.pdb
ERROR:2025-10-30 15:04:57,152:No transcript record found for Q14691 in gnomAD.
INFO:2025-10-30 15:04:57,152:Processing Q14692 with model AF-Q14692-F1-model_v4.pdb
INFO:2025-10-30 15:04:57,307:Computing HSC features for: Q14692, ENST00000374518, ../Ntranos_Rotation/ESM-SaProt/AF-Q14692-F1-model_v4.pdb.gz
INFO:2025-10-30 15:06:37,206:Successfully computed HSC for Q14692.
INFO:2025-10-30 15:06:37,206:Processing Q14693 with model AF-Q14693-F1-model_v4.pdb
INFO:2025-10-30 15:06:37,315:Computing HSC features for: Q14693, ENST00000256720, ../Ntranos_Rotation/ESM-SaProt/AF-Q14693-F1-model_v4.pdb.gz
INFO:2025-10-30 15:07:57,597:Successfully computed HSC for Q14693.
INFO:2025-10-30 15:07:57,598:Processing Q14694 with model AF-Q14694-F1-model_v4.pdb
INFO:2025-10-30 15:07:57,693:Computing HSC features for: Q14694, ENST00000219473, ../Ntranos_Rotation/ESM-SaProt/AF-Q14694-F1-model_v4.pdb.gz
INFO:2025-10-30 15:09:07,514:Successfully computed HSC for Q14694.
INFO:2025-10-30 15:09:07,514:Processing Q14695 with model AF-Q14695-F1-model_v4.pdb
ERROR:2025-10-30 15:09:07,566:No ENST transcript IDs were mapped to Q14695
INFO:2025-10-30 15:09:07,566:Processing Q14696 with model AF-Q14696-F1-model_v4.pdb
INFO:2025-10-30 15:09:07,609:Computing HSC features for: Q14696, ENST00000261758, ../Ntranos_Rotation/ESM-SaProt/AF-Q14696-F1-model_v4.pdb.gz
INFO:2025-10-30 15:09:31,133:Successfully computed HSC for Q14696.
INFO:2025-10-30 15:09:31,133:Processing Q14697 with model AF-Q14697-F1-model_v4.pdb
INFO:2025-10-30 15:09:31,242:Computing HSC features for: Q14697, ENST00000356638, ../Ntranos_Rotation/ESM-SaProt/AF-Q14697-F1-model_v4.pdb.gz
INFO:2025-10-30 15:10:57,752:Successfully computed HSC for Q14697.
INFO:2025-10-30 15:10:57,753:Processing Q14699 with model AF-Q14699-F1-model_v4.pdb
INFO:2025-10-30 15:10:57,896:Computing HSC features for: Q14699, ENST00000334133, ../Ntranos_Rotation/ESM-SaProt/AF-Q14699-F1-model_v4.pdb.gz
INFO:2025-10-30 15:11:49,156:Successfully computed HSC for Q14699.
INFO:2025-10-30 15:11:49,157:Processing Q14703 with model AF-Q14703-F1-model_v4.pdb
INFO:2025-10-30 15:11:49,289:Computing HSC features for: Q14703, ENST00000343411, ../Ntranos_Rotation/ESM-SaProt/AF-Q14703-F1-model_v4.pdb.gz
INFO:2025-10-30 15:13:24,114:Successfully computed HSC for Q14703.
INFO:2025-10-30 15:13:24,114:Pipeline completed.
INFO:2025-10-30 15:13:24,114:no_enst_for_uniprot: 4
INFO:2025-10-30 15:13:24,114:no_valid_cds: 2
INFO:2025-10-30 15:13:24,114:no_variant_data: 2
INFO:2025-10-30 15:13:24,114:bad_structure: 0
INFO:2025-10-30 15:13:24,114:no_enst_mp: 0
