INFO:2025-10-30 14:24:57,383:Starting HSC computation pipeline...
INFO:2025-10-30 14:25:46,122:Processing P14854 with model AF-P14854-F1-model_v4.pdb
INFO:2025-10-30 14:25:46,154:Computing HSC features for: P14854, ENST00000392201, ../Ntranos_Rotation/ESM-SaProt/AF-P14854-F1-model_v4.pdb.gz
INFO:2025-10-30 14:26:00,558:Successfully computed HSC for P14854.
INFO:2025-10-30 14:26:00,558:Processing P14859 with model AF-P14859-F1-model_v4.pdb
INFO:2025-10-30 14:26:00,687:Computing HSC features for: P14859, ENST00000541643, ../Ntranos_Rotation/ESM-SaProt/AF-P14859-F1-model_v4.pdb.gz
INFO:2025-10-30 14:27:35,573:Successfully computed HSC for P14859.
INFO:2025-10-30 14:27:35,573:Processing P14866 with model AF-P14866-F1-model_v4.pdb
INFO:2025-10-30 14:27:35,963:Computing HSC features for: P14866, ENST00000221419, ../Ntranos_Rotation/ESM-SaProt/AF-P14866-F1-model_v4.pdb.gz
INFO:2025-10-30 14:29:43,167:Successfully computed HSC for P14866.
INFO:2025-10-30 14:29:43,167:Processing P14867 with model AF-P14867-F1-model_v4.pdb
INFO:2025-10-30 14:29:43,244:Computing HSC features for: P14867, ENST00000023897, ../Ntranos_Rotation/ESM-SaProt/AF-P14867-F1-model_v4.pdb.gz
INFO:2025-10-30 14:30:36,065:Successfully computed HSC for P14867.
INFO:2025-10-30 14:30:36,065:Processing P14868 with model AF-P14868-F1-model_v4.pdb
INFO:2025-10-30 14:30:36,169:Computing HSC features for: P14868, ENST00000264161, ../Ntranos_Rotation/ESM-SaProt/AF-P14868-F1-model_v4.pdb.gz
INFO:2025-10-30 14:31:49,411:Successfully computed HSC for P14868.
INFO:2025-10-30 14:31:49,411:Processing P14902 with model AF-P14902-F1-model_v4.pdb
INFO:2025-10-30 14:31:49,509:Computing HSC features for: P14902, ENST00000518237, ../Ntranos_Rotation/ESM-SaProt/AF-P14902-F1-model_v4.pdb.gz
INFO:2025-10-30 14:32:39,744:Successfully computed HSC for P14902.
INFO:2025-10-30 14:32:39,744:Processing P14920 with model AF-P14920-F1-model_v4.pdb
INFO:2025-10-30 14:32:39,818:Computing HSC features for: P14920, ENST00000228476, ../Ntranos_Rotation/ESM-SaProt/AF-P14920-F1-model_v4.pdb.gz
INFO:2025-10-30 14:33:29,820:Successfully computed HSC for P14920.
INFO:2025-10-30 14:33:29,821:Processing P14921 with model AF-P14921-F1-model_v4.pdb
INFO:2025-10-30 14:33:29,966:Computing HSC features for: P14921, ENST00000319397, ../Ntranos_Rotation/ESM-SaProt/AF-P14921-F1-model_v4.pdb.gz
INFO:2025-10-30 14:34:32,264:Successfully computed HSC for P14921.
INFO:2025-10-30 14:34:32,264:Processing P14923 with model AF-P14923-F1-model_v4.pdb
INFO:2025-10-30 14:34:32,416:Computing HSC features for: P14923, ENST00000310706, ../Ntranos_Rotation/ESM-SaProt/AF-P14923-F1-model_v4.pdb.gz
INFO:2025-10-30 14:36:40,198:Successfully computed HSC for P14923.
INFO:2025-10-30 14:36:40,198:Processing P14927 with model AF-P14927-F1-model_v4.pdb
INFO:2025-10-30 14:36:40,421:Computing HSC features for: P14927, ENST00000287022, ../Ntranos_Rotation/ESM-SaProt/AF-P14927-F1-model_v4.pdb.gz
INFO:2025-10-30 14:36:57,480:Successfully computed HSC for P14927.
INFO:2025-10-30 14:36:57,480:Processing P15018 with model AF-P15018-F1-model_v4.pdb
INFO:2025-10-30 14:36:57,523:Computing HSC features for: P15018, ENST00000249075, ../Ntranos_Rotation/ESM-SaProt/AF-P15018-F1-model_v4.pdb.gz
INFO:2025-10-30 14:37:30,688:Successfully computed HSC for P15018.
INFO:2025-10-30 14:37:30,688:Processing P15036 with model AF-P15036-F1-model_v4.pdb
INFO:2025-10-30 14:37:30,812:Computing HSC features for: P15036, ENST00000360214, ../Ntranos_Rotation/ESM-SaProt/AF-P15036-F1-model_v4.pdb.gz
INFO:2025-10-30 14:39:00,909:Successfully computed HSC for P15036.
INFO:2025-10-30 14:39:00,910:Processing P15056 with model AF-P15056-F1-model_v4.pdb
ERROR:2025-10-30 14:39:01,025:No transcript record found for P15056 in gnomAD.
INFO:2025-10-30 14:39:01,025:Processing P15085 with model AF-P15085-F1-model_v4.pdb
INFO:2025-10-30 14:39:01,148:Computing HSC features for: P15085, ENST00000011292, ../Ntranos_Rotation/ESM-SaProt/AF-P15085-F1-model_v4.pdb.gz
INFO:2025-10-30 14:40:43,646:Successfully computed HSC for P15085.
INFO:2025-10-30 14:40:43,646:Processing P15086 with model AF-P15086-F1-model_v4.pdb
INFO:2025-10-30 14:40:43,758:Computing HSC features for: P15086, ENST00000282957, ../Ntranos_Rotation/ESM-SaProt/AF-P15086-F1-model_v4.pdb.gz
INFO:2025-10-30 14:42:06,387:Successfully computed HSC for P15086.
INFO:2025-10-30 14:42:06,387:Processing P15088 with model AF-P15088-F1-model_v4.pdb
INFO:2025-10-30 14:42:06,583:Computing HSC features for: P15088, ENST00000296046, ../Ntranos_Rotation/ESM-SaProt/AF-P15088-F1-model_v4.pdb.gz
INFO:2025-10-30 14:43:04,149:Successfully computed HSC for P15088.
INFO:2025-10-30 14:43:04,149:Processing P15090 with model AF-P15090-F1-model_v4.pdb
INFO:2025-10-30 14:43:04,211:Computing HSC features for: P15090, ENST00000256104, ../Ntranos_Rotation/ESM-SaProt/AF-P15090-F1-model_v4.pdb.gz
INFO:2025-10-30 14:43:21,754:Successfully computed HSC for P15090.
INFO:2025-10-30 14:43:21,754:Processing P15104 with model AF-P15104-F1-model_v4.pdb
INFO:2025-10-30 14:43:22,028:Computing HSC features for: P15104, ENST00000311223, ../Ntranos_Rotation/ESM-SaProt/AF-P15104-F1-model_v4.pdb.gz
INFO:2025-10-30 14:44:15,585:Successfully computed HSC for P15104.
INFO:2025-10-30 14:44:15,585:Processing P15121 with model AF-P15121-F1-model_v4.pdb
INFO:2025-10-30 14:44:15,695:Computing HSC features for: P15121, ENST00000285930, ../Ntranos_Rotation/ESM-SaProt/AF-P15121-F1-model_v4.pdb.gz
INFO:2025-10-30 14:45:06,690:Successfully computed HSC for P15121.
INFO:2025-10-30 14:45:06,690:Processing P15144 with model AF-P15144-F1-model_v4.pdb
INFO:2025-10-30 14:45:06,910:Computing HSC features for: P15144, ENST00000300060, ../Ntranos_Rotation/ESM-SaProt/AF-P15144-F1-model_v4.pdb.gz
INFO:2025-10-30 14:48:15,423:Successfully computed HSC for P15144.
INFO:2025-10-30 14:48:15,423:Processing P15151 with model AF-P15151-F1-model_v4.pdb
ERROR:2025-10-30 14:48:15,536:No valid CDS found for P15151
INFO:2025-10-30 14:48:15,536:Processing P15153 with model AF-P15153-F1-model_v4.pdb
INFO:2025-10-30 14:48:15,600:Computing HSC features for: P15153, ENST00000249071, ../Ntranos_Rotation/ESM-SaProt/AF-P15153-F1-model_v4.pdb.gz
INFO:2025-10-30 14:48:47,912:Successfully computed HSC for P15153.
INFO:2025-10-30 14:48:47,912:Processing P15169 with model AF-P15169-F1-model_v4.pdb
INFO:2025-10-30 14:48:48,052:Computing HSC features for: P15169, ENST00000370418, ../Ntranos_Rotation/ESM-SaProt/AF-P15169-F1-model_v4.pdb.gz
INFO:2025-10-30 14:49:59,164:Successfully computed HSC for P15169.
INFO:2025-10-30 14:49:59,164:Processing P15170 with model AF-P15170-F1-model_v4.pdb
INFO:2025-10-30 14:49:59,245:Computing HSC features for: P15170, ENST00000420576, ../Ntranos_Rotation/ESM-SaProt/AF-P15170-F1-model_v4.pdb.gz
INFO:2025-10-30 14:51:06,358:Successfully computed HSC for P15170.
INFO:2025-10-30 14:51:06,358:Processing P15172 with model AF-P15172-F1-model_v4.pdb
INFO:2025-10-30 14:51:06,449:Computing HSC features for: P15172, ENST00000250003, ../Ntranos_Rotation/ESM-SaProt/AF-P15172-F1-model_v4.pdb.gz
INFO:2025-10-30 14:52:33,785:Successfully computed HSC for P15172.
INFO:2025-10-30 14:52:33,786:Processing P15173 with model AF-P15173-F1-model_v4.pdb
INFO:2025-10-30 14:52:33,855:Computing HSC features for: P15173, ENST00000241651, ../Ntranos_Rotation/ESM-SaProt/AF-P15173-F1-model_v4.pdb.gz
INFO:2025-10-30 14:53:21,786:Successfully computed HSC for P15173.
INFO:2025-10-30 14:53:21,786:Processing P15248 with model AF-P15248-F1-model_v4.pdb
INFO:2025-10-30 14:53:21,826:Computing HSC features for: P15248, ENST00000274520, ../Ntranos_Rotation/ESM-SaProt/AF-P15248-F1-model_v4.pdb.gz
INFO:2025-10-30 14:53:43,953:Successfully computed HSC for P15248.
INFO:2025-10-30 14:53:43,953:Processing P15259 with model AF-P15259-F1-model_v4.pdb
INFO:2025-10-30 14:53:44,024:Computing HSC features for: P15259, ENST00000297283, ../Ntranos_Rotation/ESM-SaProt/AF-P15259-F1-model_v4.pdb.gz
INFO:2025-10-30 14:54:34,130:Successfully computed HSC for P15259.
INFO:2025-10-30 14:54:34,131:Processing P15260 with model AF-P15260-F1-model_v4.pdb
INFO:2025-10-30 14:54:34,210:Computing HSC features for: P15260, ENST00000367739, ../Ntranos_Rotation/ESM-SaProt/AF-P15260-F1-model_v4.pdb.gz
INFO:2025-10-30 14:55:30,962:Successfully computed HSC for P15260.
INFO:2025-10-30 14:55:30,962:Processing P15289 with model AF-P15289-F1-model_v4.pdb
ERROR:2025-10-30 14:55:31,050:No valid CDS found for P15289
INFO:2025-10-30 14:55:31,050:Processing P15291 with model AF-P15291-F1-model_v4.pdb
INFO:2025-10-30 14:55:31,150:Computing HSC features for: P15291, ENST00000379731, ../Ntranos_Rotation/ESM-SaProt/AF-P15291-F1-model_v4.pdb.gz
INFO:2025-10-30 14:56:40,411:Successfully computed HSC for P15291.
INFO:2025-10-30 14:56:40,412:Processing P15309 with model AF-P15309-F1-model_v4.pdb
INFO:2025-10-30 14:56:40,526:Computing HSC features for: P15309, ENST00000336375, ../Ntranos_Rotation/ESM-SaProt/AF-P15309-F1-model_v4.pdb.gz
INFO:2025-10-30 14:57:28,096:Successfully computed HSC for P15309.
INFO:2025-10-30 14:57:28,096:Processing P15311 with model AF-P15311-F1-model_v4.pdb
INFO:2025-10-30 14:57:28,240:Computing HSC features for: P15311, ENST00000337147, ../Ntranos_Rotation/ESM-SaProt/AF-P15311-F1-model_v4.pdb.gz
INFO:2025-10-30 14:58:50,611:Successfully computed HSC for P15311.
INFO:2025-10-30 14:58:50,611:Processing P15313 with model AF-P15313-F1-model_v4.pdb
INFO:2025-10-30 14:58:50,775:Computing HSC features for: P15313, ENST00000234396, ../Ntranos_Rotation/ESM-SaProt/AF-P15313-F1-model_v4.pdb.gz
INFO:2025-10-30 15:00:38,045:Successfully computed HSC for P15313.
INFO:2025-10-30 15:00:38,045:Processing P15328 with model AF-P15328-F1-model_v4.pdb
INFO:2025-10-30 15:00:38,121:Computing HSC features for: P15328, ENST00000312293, ../Ntranos_Rotation/ESM-SaProt/AF-P15328-F1-model_v4.pdb.gz
INFO:2025-10-30 15:01:15,294:Successfully computed HSC for P15328.
INFO:2025-10-30 15:01:15,294:Processing P15336 with model AF-P15336-F1-model_v4.pdb
INFO:2025-10-30 15:01:15,402:Computing HSC features for: P15336, ENST00000264110, ../Ntranos_Rotation/ESM-SaProt/AF-P15336-F1-model_v4.pdb.gz
INFO:2025-10-30 15:02:14,119:Successfully computed HSC for P15336.
INFO:2025-10-30 15:02:14,119:Processing P15374 with model AF-P15374-F1-model_v4.pdb
INFO:2025-10-30 15:02:14,194:Computing HSC features for: P15374, ENST00000377595, ../Ntranos_Rotation/ESM-SaProt/AF-P15374-F1-model_v4.pdb.gz
INFO:2025-10-30 15:02:41,669:Successfully computed HSC for P15374.
INFO:2025-10-30 15:02:41,669:Processing P15382 with model AF-P15382-F1-model_v4.pdb
INFO:2025-10-30 15:02:41,866:Computing HSC features for: P15382, ENST00000337385, ../Ntranos_Rotation/ESM-SaProt/AF-P15382-F1-model_v4.pdb.gz
INFO:2025-10-30 15:03:08,061:Successfully computed HSC for P15382.
INFO:2025-10-30 15:03:08,061:Processing P15391 with model AF-P15391-F1-model_v4.pdb
INFO:2025-10-30 15:03:08,260:Computing HSC features for: P15391, ENST00000538922, ../Ntranos_Rotation/ESM-SaProt/AF-P15391-F1-model_v4.pdb.gz
INFO:2025-10-30 15:04:32,273:Successfully computed HSC for P15391.
INFO:2025-10-30 15:04:32,273:Processing P15407 with model AF-P15407-F1-model_v4.pdb
INFO:2025-10-30 15:04:32,357:Computing HSC features for: P15407, ENST00000312562, ../Ntranos_Rotation/ESM-SaProt/AF-P15407-F1-model_v4.pdb.gz
INFO:2025-10-30 15:05:17,383:Successfully computed HSC for P15407.
INFO:2025-10-30 15:05:17,384:Processing P15408 with model AF-P15408-F1-model_v4.pdb
INFO:2025-10-30 15:05:17,477:Computing HSC features for: P15408, ENST00000264716, ../Ntranos_Rotation/ESM-SaProt/AF-P15408-F1-model_v4.pdb.gz
INFO:2025-10-30 15:06:16,519:Successfully computed HSC for P15408.
INFO:2025-10-30 15:06:16,519:Processing P15421 with model AF-P15421-F1-model_v4.pdb
INFO:2025-10-30 15:06:16,569:Computing HSC features for: P15421, ENST00000358615, ../Ntranos_Rotation/ESM-SaProt/AF-P15421-F1-model_v4.pdb.gz
INFO:2025-10-30 15:06:25,505:Successfully computed HSC for P15421.
INFO:2025-10-30 15:06:25,505:Processing P15428 with model AF-P15428-F1-model_v4.pdb
INFO:2025-10-30 15:06:25,585:Computing HSC features for: P15428, ENST00000296522, ../Ntranos_Rotation/ESM-SaProt/AF-P15428-F1-model_v4.pdb.gz
INFO:2025-10-30 15:06:57,643:Successfully computed HSC for P15428.
INFO:2025-10-30 15:06:57,644:Processing P15498 with model AF-P15498-F1-model_v4.pdb
INFO:2025-10-30 15:06:57,844:Computing HSC features for: P15498, ENST00000602142, ../Ntranos_Rotation/ESM-SaProt/AF-P15498-F1-model_v4.pdb.gz
INFO:2025-10-30 15:09:06,234:Successfully computed HSC for P15498.
INFO:2025-10-30 15:09:06,234:Processing P15502 with model AF-P15502-F1-model_v4.pdb
ERROR:2025-10-30 15:09:06,335:No transcript record found for P15502 in gnomAD.
INFO:2025-10-30 15:09:06,335:Processing P15509 with model AF-P15509-F1-model_v4.pdb
ERROR:2025-10-30 15:09:06,463:No transcript record found for P15509 in gnomAD.
INFO:2025-10-30 15:09:06,463:Processing P15514 with model AF-P15514-F1-model_v4.pdb
INFO:2025-10-30 15:09:06,691:Computing HSC features for: P15514, ENST00000395748, ../Ntranos_Rotation/ESM-SaProt/AF-P15514-F1-model_v4.pdb.gz
INFO:2025-10-30 15:09:42,419:Successfully computed HSC for P15514.
INFO:2025-10-30 15:09:42,419:Processing P15515 with model AF-P15515-F1-model_v4.pdb
INFO:2025-10-30 15:09:42,451:Computing HSC features for: P15515, ENST00000246896, ../Ntranos_Rotation/ESM-SaProt/AF-P15515-F1-model_v4.pdb.gz
INFO:2025-10-30 15:09:49,115:Successfully computed HSC for P15515.
INFO:2025-10-30 15:09:49,115:Processing P15516 with model AF-P15516-F1-model_v4.pdb
INFO:2025-10-30 15:09:49,158:Computing HSC features for: P15516, ENST00000530128, ../Ntranos_Rotation/ESM-SaProt/AF-P15516-F1-model_v4.pdb.gz
INFO:2025-10-30 15:09:55,232:Successfully computed HSC for P15516.
INFO:2025-10-30 15:09:55,233:Processing P15529 with model AF-P15529-F1-model_v4.pdb
INFO:2025-10-30 15:09:55,341:Computing HSC features for: P15529, ENST00000358170, ../Ntranos_Rotation/ESM-SaProt/AF-P15529-F1-model_v4.pdb.gz
INFO:2025-10-30 15:10:47,666:Successfully computed HSC for P15529.
INFO:2025-10-30 15:10:47,666:Pipeline completed.
INFO:2025-10-30 15:10:47,666:no_enst_for_uniprot: 0
INFO:2025-10-30 15:10:47,667:no_valid_cds: 2
INFO:2025-10-30 15:10:47,667:no_variant_data: 3
INFO:2025-10-30 15:10:47,667:bad_structure: 0
INFO:2025-10-30 15:10:47,667:no_enst_mp: 0
