INFO:2025-10-30 14:26:02,495:Starting HSC computation pipeline...
INFO:2025-10-30 14:27:07,566:Processing Q4V339 with model AF-Q4V339-F1-model_v4.pdb
ERROR:2025-10-30 14:27:07,671:No transcript record found for Q4V339 in gnomAD.
INFO:2025-10-30 14:27:07,671:Processing Q4V348 with model AF-Q4V348-F1-model_v4.pdb
ERROR:2025-10-30 14:27:07,823:No ENST transcript IDs were mapped to Q4V348
INFO:2025-10-30 14:27:07,823:Processing Q4V9L6 with model AF-Q4V9L6-F1-model_v4.pdb
INFO:2025-10-30 14:27:07,886:Computing HSC features for: Q4V9L6, ENST00000392806, ../Ntranos_Rotation/ESM-SaProt/AF-Q4V9L6-F1-model_v4.pdb.gz
INFO:2025-10-30 14:27:39,077:Successfully computed HSC for Q4V9L6.
INFO:2025-10-30 14:27:39,077:Processing Q4VC05 with model AF-Q4VC05-F1-model_v4.pdb
INFO:2025-10-30 14:27:39,142:Computing HSC features for: Q4VC05, ENST00000261822, ../Ntranos_Rotation/ESM-SaProt/AF-Q4VC05-F1-model_v4.pdb.gz
INFO:2025-10-30 14:28:03,290:Successfully computed HSC for Q4VC05.
INFO:2025-10-30 14:28:03,290:Processing Q4VC12 with model AF-Q4VC12-F1-model_v4.pdb
INFO:2025-10-30 14:28:03,374:Computing HSC features for: Q4VC12, ENST00000299432, ../Ntranos_Rotation/ESM-SaProt/AF-Q4VC12-F1-model_v4.pdb.gz
INFO:2025-10-30 14:28:44,764:Successfully computed HSC for Q4VC12.
INFO:2025-10-30 14:28:44,764:Processing Q4VC31 with model AF-Q4VC31-F1-model_v4.pdb
INFO:2025-10-30 14:28:44,812:Computing HSC features for: Q4VC31, ENST00000291458, ../Ntranos_Rotation/ESM-SaProt/AF-Q4VC31-F1-model_v4.pdb.gz
INFO:2025-10-30 14:28:56,592:Successfully computed HSC for Q4VC31.
INFO:2025-10-30 14:28:56,592:Processing Q4VC39 with model AF-Q4VC39-F1-model_v4.pdb
INFO:2025-10-30 14:28:56,659:Computing HSC features for: Q4VC39, ENST00000311755, ../Ntranos_Rotation/ESM-SaProt/AF-Q4VC39-F1-model_v4.pdb.gz
INFO:2025-10-30 14:29:09,640:Successfully computed HSC for Q4VC39.
INFO:2025-10-30 14:29:09,641:Processing Q4VC44 with model AF-Q4VC44-F1-model_v4.pdb
INFO:2025-10-30 14:29:09,772:Computing HSC features for: Q4VC44, ENST00000253928, ../Ntranos_Rotation/ESM-SaProt/AF-Q4VC44-F1-model_v4.pdb.gz
INFO:2025-10-30 14:31:04,539:Successfully computed HSC for Q4VC44.
INFO:2025-10-30 14:31:04,539:Processing Q4VCS5 with model AF-Q4VCS5-F1-model_v4.pdb
INFO:2025-10-30 14:31:04,688:Computing HSC features for: Q4VCS5, ENST00000371959, ../Ntranos_Rotation/ESM-SaProt/AF-Q4VCS5-F1-model_v4.pdb.gz
INFO:2025-10-30 14:32:37,377:Successfully computed HSC for Q4VCS5.
INFO:2025-10-30 14:32:37,377:Processing Q4VNC0 with model AF-Q4VNC0-F1-model_v4.pdb
INFO:2025-10-30 14:32:37,623:Computing HSC features for: Q4VNC0, ENST00000342358, ../Ntranos_Rotation/ESM-SaProt/AF-Q4VNC0-F1-model_v4.pdb.gz
INFO:2025-10-30 14:34:12,120:Successfully computed HSC for Q4VNC0.
INFO:2025-10-30 14:34:12,120:Processing Q4VNC1 with model AF-Q4VNC1-F1-model_v4.pdb
INFO:2025-10-30 14:34:12,737:Computing HSC features for: Q4VNC1, ENST00000342695, ../Ntranos_Rotation/ESM-SaProt/AF-Q4VNC1-F1-model_v4.pdb.gz
INFO:2025-10-30 14:35:44,261:Successfully computed HSC for Q4VNC1.
INFO:2025-10-30 14:35:44,262:Processing Q15629 with model AF-Q15629-F1-model_v4.pdb
INFO:2025-10-30 14:35:44,377:Computing HSC features for: Q15629, ENST00000262213, ../Ntranos_Rotation/ESM-SaProt/AF-Q15629-F1-model_v4.pdb.gz
INFO:2025-10-30 14:36:13,112:Successfully computed HSC for Q15629.
INFO:2025-10-30 14:36:13,112:Processing Q15631 with model AF-Q15631-F1-model_v4.pdb
INFO:2025-10-30 14:36:13,189:Computing HSC features for: Q15631, ENST00000389682, ../Ntranos_Rotation/ESM-SaProt/AF-Q15631-F1-model_v4.pdb.gz
INFO:2025-10-30 14:36:34,370:Successfully computed HSC for Q15631.
INFO:2025-10-30 14:36:34,370:Processing Q15633 with model AF-Q15633-F1-model_v4.pdb
INFO:2025-10-30 14:36:34,479:Computing HSC features for: Q15633, ENST00000266987, ../Ntranos_Rotation/ESM-SaProt/AF-Q15633-F1-model_v4.pdb.gz
INFO:2025-10-30 14:37:13,332:Successfully computed HSC for Q15633.
INFO:2025-10-30 14:37:13,332:Processing Q15637 with model AF-Q15637-F1-model_v4.pdb
INFO:2025-10-30 14:37:13,509:Computing HSC features for: Q15637, ENST00000377390, ../Ntranos_Rotation/ESM-SaProt/AF-Q15637-F1-model_v4.pdb.gz
INFO:2025-10-30 14:38:21,422:Successfully computed HSC for Q15637.
INFO:2025-10-30 14:38:21,422:Processing Q15642 with model AF-Q15642-F1-model_v4.pdb
INFO:2025-10-30 14:38:21,527:Computing HSC features for: Q15642, ENST00000313244, ../Ntranos_Rotation/ESM-SaProt/AF-Q15642-F1-model_v4.pdb.gz
INFO:2025-10-30 14:39:30,364:Successfully computed HSC for Q15642.
INFO:2025-10-30 14:39:30,364:Processing Q15643 with model AF-Q15643-F1-model_v4.pdb
INFO:2025-10-30 14:39:30,746:Computing HSC features for: Q15643, ENST00000267622, ../Ntranos_Rotation/ESM-SaProt/AF-Q15643-F1-model_v4.pdb.gz
INFO:2025-10-30 14:41:44,349:Successfully computed HSC for Q15643.
INFO:2025-10-30 14:41:44,349:Processing Q15645 with model AF-Q15645-F1-model_v4.pdb
INFO:2025-10-30 14:41:44,737:Computing HSC features for: Q15645, ENST00000166345, ../Ntranos_Rotation/ESM-SaProt/AF-Q15645-F1-model_v4.pdb.gz
INFO:2025-10-30 14:42:25,629:Successfully computed HSC for Q15645.
INFO:2025-10-30 14:42:25,629:Processing Q15646 with model AF-Q15646-F1-model_v4.pdb
INFO:2025-10-30 14:42:25,738:Computing HSC features for: Q15646, ENST00000257570, ../Ntranos_Rotation/ESM-SaProt/AF-Q15646-F1-model_v4.pdb.gz
INFO:2025-10-30 14:43:11,982:Successfully computed HSC for Q15646.
INFO:2025-10-30 14:43:11,982:Processing Q15648 with model AF-Q15648-F1-model_v4.pdb
INFO:2025-10-30 14:43:12,250:Computing HSC features for: Q15648, ENST00000300651, ../Ntranos_Rotation/ESM-SaProt/AF-Q15648-F1-model_v4.pdb.gz
INFO:2025-10-30 14:45:06,211:Successfully computed HSC for Q15648.
INFO:2025-10-30 14:45:06,211:Processing Q15649 with model AF-Q15649-F1-model_v4.pdb
ERROR:2025-10-30 14:45:06,286:No transcript record found for Q15649 in gnomAD.
INFO:2025-10-30 14:45:06,286:Processing Q15650 with model AF-Q15650-F1-model_v4.pdb
INFO:2025-10-30 14:45:06,374:Computing HSC features for: Q15650, ENST00000261884, ../Ntranos_Rotation/ESM-SaProt/AF-Q15650-F1-model_v4.pdb.gz
INFO:2025-10-30 14:45:56,112:Successfully computed HSC for Q15650.
INFO:2025-10-30 14:45:56,112:Processing Q15651 with model AF-Q15651-F1-model_v4.pdb
INFO:2025-10-30 14:45:56,145:Computing HSC features for: Q15651, ENST00000344726, ../Ntranos_Rotation/ESM-SaProt/AF-Q15651-F1-model_v4.pdb.gz
INFO:2025-10-30 14:46:04,287:Successfully computed HSC for Q15651.
INFO:2025-10-30 14:46:04,287:Processing Q15652 with model AF-Q15652-F1-model_v4.pdb
INFO:2025-10-30 14:46:04,645:Computing HSC features for: Q15652, ENST00000399262, ../Ntranos_Rotation/ESM-SaProt/AF-Q15652-F1-model_v4.pdb.gz
INFO:2025-10-30 14:49:00,682:Successfully computed HSC for Q15652.
INFO:2025-10-30 14:49:00,683:Processing Q15653 with model AF-Q15653-F1-model_v4.pdb
INFO:2025-10-30 14:49:00,785:Computing HSC features for: Q15653, ENST00000313582, ../Ntranos_Rotation/ESM-SaProt/AF-Q15653-F1-model_v4.pdb.gz
INFO:2025-10-30 14:49:47,172:Successfully computed HSC for Q15653.
INFO:2025-10-30 14:49:47,172:Processing Q15654 with model AF-Q15654-F1-model_v4.pdb
INFO:2025-10-30 14:49:47,276:Computing HSC features for: Q15654, ENST00000200457, ../Ntranos_Rotation/ESM-SaProt/AF-Q15654-F1-model_v4.pdb.gz
INFO:2025-10-30 14:50:58,495:Successfully computed HSC for Q15654.
INFO:2025-10-30 14:50:58,495:Processing Q15661 with model AF-Q15661-F1-model_v4.pdb
ERROR:2025-10-30 14:50:58,570:No transcript record found for Q15661 in gnomAD.
INFO:2025-10-30 14:50:58,570:Processing Q15669 with model AF-Q15669-F1-model_v4.pdb
ERROR:2025-10-30 14:50:58,639:No transcript record found for Q15669 in gnomAD.
INFO:2025-10-30 14:50:58,639:Processing Q15672 with model AF-Q15672-F1-model_v4.pdb
INFO:2025-10-30 14:50:58,693:Computing HSC features for: Q15672, ENST00000242261, ../Ntranos_Rotation/ESM-SaProt/AF-Q15672-F1-model_v4.pdb.gz
INFO:2025-10-30 14:51:33,458:Successfully computed HSC for Q15672.
INFO:2025-10-30 14:51:33,458:Processing Q15678 with model AF-Q15678-F1-model_v4.pdb
INFO:2025-10-30 14:51:33,677:Computing HSC features for: Q15678, ENST00000366956, ../Ntranos_Rotation/ESM-SaProt/AF-Q15678-F1-model_v4.pdb.gz
INFO:2025-10-30 14:53:25,801:Successfully computed HSC for Q15678.
INFO:2025-10-30 14:53:25,802:Processing Q15691 with model AF-Q15691-F1-model_v4.pdb
INFO:2025-10-30 14:53:25,883:Computing HSC features for: Q15691, ENST00000375571, ../Ntranos_Rotation/ESM-SaProt/AF-Q15691-F1-model_v4.pdb.gz
INFO:2025-10-30 14:53:51,312:Successfully computed HSC for Q15691.
INFO:2025-10-30 14:53:51,312:Processing Q15695 with model AF-Q15695-F1-model_v4.pdb
ERROR:2025-10-30 14:53:51,421:No ENST transcript IDs were mapped to Q15695
INFO:2025-10-30 14:53:51,422:Processing Q15696 with model AF-Q15696-F1-model_v4.pdb
INFO:2025-10-30 14:53:51,781:Computing HSC features for: Q15696, ENST00000307771, ../Ntranos_Rotation/ESM-SaProt/AF-Q15696-F1-model_v4.pdb.gz
INFO:2025-10-30 14:54:43,078:Successfully computed HSC for Q15696.
INFO:2025-10-30 14:54:43,078:Processing Q15697 with model AF-Q15697-F1-model_v4.pdb
INFO:2025-10-30 14:54:43,183:Computing HSC features for: Q15697, ENST00000268655, ../Ntranos_Rotation/ESM-SaProt/AF-Q15697-F1-model_v4.pdb.gz
INFO:2025-10-30 14:55:16,195:Successfully computed HSC for Q15697.
INFO:2025-10-30 14:55:16,195:Processing Q15699 with model AF-Q15699-F1-model_v4.pdb
INFO:2025-10-30 14:55:16,282:Computing HSC features for: Q15699, ENST00000316824, ../Ntranos_Rotation/ESM-SaProt/AF-Q15699-F1-model_v4.pdb.gz
INFO:2025-10-30 14:55:50,839:Successfully computed HSC for Q15699.
INFO:2025-10-30 14:55:50,839:Processing Q156A1 with model AF-Q156A1-F1-model_v4.pdb
ERROR:2025-10-30 14:55:50,883:No ENST transcript IDs were mapped to Q156A1
INFO:2025-10-30 14:55:50,883:Processing Q15700 with model AF-Q15700-F1-model_v4.pdb
INFO:2025-10-30 14:55:51,092:Computing HSC features for: Q15700, ENST00000398309, ../Ntranos_Rotation/ESM-SaProt/AF-Q15700-F1-model_v4.pdb.gz
INFO:2025-10-30 14:57:01,404:Successfully computed HSC for Q15700.
INFO:2025-10-30 14:57:01,404:Processing Q15714 with model AF-Q15714-F1-model_v4.pdb
INFO:2025-10-30 14:57:01,541:Computing HSC features for: Q15714, ENST00000458659, ../Ntranos_Rotation/ESM-SaProt/AF-Q15714-F1-model_v4.pdb.gz
INFO:2025-10-30 14:58:26,972:Successfully computed HSC for Q15714.
INFO:2025-10-30 14:58:26,972:Processing Q15717 with model AF-Q15717-F1-model_v4.pdb
INFO:2025-10-30 14:58:27,068:Computing HSC features for: Q15717, ENST00000407627, ../Ntranos_Rotation/ESM-SaProt/AF-Q15717-F1-model_v4.pdb.gz
INFO:2025-10-30 14:59:13,569:Successfully computed HSC for Q15717.
INFO:2025-10-30 14:59:13,569:Processing Q15722 with model AF-Q15722-F1-model_v4.pdb
INFO:2025-10-30 14:59:13,662:Computing HSC features for: Q15722, ENST00000345363, ../Ntranos_Rotation/ESM-SaProt/AF-Q15722-F1-model_v4.pdb.gz
INFO:2025-10-30 15:00:03,922:Successfully computed HSC for Q15722.
INFO:2025-10-30 15:00:03,922:Processing Q15723 with model AF-Q15723-F1-model_v4.pdb
ERROR:2025-10-30 15:00:04,075:No transcript record found for Q15723 in gnomAD.
INFO:2025-10-30 15:00:04,075:Processing Q15726 with model AF-Q15726-F1-model_v4.pdb
INFO:2025-10-30 15:00:04,120:Computing HSC features for: Q15726, ENST00000367194, ../Ntranos_Rotation/ESM-SaProt/AF-Q15726-F1-model_v4.pdb.gz
INFO:2025-10-30 15:00:25,032:Successfully computed HSC for Q15726.
INFO:2025-10-30 15:00:25,032:Processing Q15735 with model AF-Q15735-F1-model_v4.pdb
INFO:2025-10-30 15:00:25,223:Computing HSC features for: Q15735, ENST00000331075, ../Ntranos_Rotation/ESM-SaProt/AF-Q15735-F1-model_v4.pdb.gz
INFO:2025-10-30 15:02:35,599:Successfully computed HSC for Q15735.
INFO:2025-10-30 15:02:35,599:Processing Q15738 with model AF-Q15738-F1-model_v4.pdb
ERROR:2025-10-30 15:02:35,690:No transcript record found for Q15738 in gnomAD.
INFO:2025-10-30 15:02:35,690:Processing Q15742 with model AF-Q15742-F1-model_v4.pdb
INFO:2025-10-30 15:02:35,808:Computing HSC features for: Q15742, ENST00000300131, ../Ntranos_Rotation/ESM-SaProt/AF-Q15742-F1-model_v4.pdb.gz
INFO:2025-10-30 15:03:29,233:Successfully computed HSC for Q15742.
INFO:2025-10-30 15:03:29,234:Processing Q15743 with model AF-Q15743-F1-model_v4.pdb
INFO:2025-10-30 15:03:29,351:Computing HSC features for: Q15743, ENST00000531499, ../Ntranos_Rotation/ESM-SaProt/AF-Q15743-F1-model_v4.pdb.gz
INFO:2025-10-30 15:04:38,519:Successfully computed HSC for Q15743.
INFO:2025-10-30 15:04:38,519:Processing Q15744 with model AF-Q15744-F1-model_v4.pdb
INFO:2025-10-30 15:04:38,590:Computing HSC features for: Q15744, ENST00000206513, ../Ntranos_Rotation/ESM-SaProt/AF-Q15744-F1-model_v4.pdb.gz
INFO:2025-10-30 15:05:11,197:Successfully computed HSC for Q15744.
INFO:2025-10-30 15:05:11,197:Processing Q15746 with model AF-Q15746-F1-model_v4.pdb
ERROR:2025-10-30 15:05:11,428:No transcript record found for Q15746 in gnomAD.
INFO:2025-10-30 15:05:11,428:Processing Q15750 with model AF-Q15750-F1-model_v4.pdb
INFO:2025-10-30 15:05:11,491:Computing HSC features for: Q15750, ENST00000216160, ../Ntranos_Rotation/ESM-SaProt/AF-Q15750-F1-model_v4.pdb.gz
INFO:2025-10-30 15:06:04,807:Successfully computed HSC for Q15750.
INFO:2025-10-30 15:06:04,807:Processing Q4G0G2 with model AF-Q4G0G2-F1-model_v4.pdb
ERROR:2025-10-30 15:06:04,851:No ENST transcript IDs were mapped to Q4G0G2
INFO:2025-10-30 15:06:04,851:Pipeline completed.
INFO:2025-10-30 15:06:04,851:no_enst_for_uniprot: 4
INFO:2025-10-30 15:06:04,851:no_valid_cds: 0
INFO:2025-10-30 15:06:04,851:no_variant_data: 7
INFO:2025-10-30 15:06:04,851:bad_structure: 0
INFO:2025-10-30 15:06:04,851:no_enst_mp: 0
