INFO:2025-10-30 14:27:03,699:Starting HSC computation pipeline...
INFO:2025-10-30 14:28:05,882:Processing Q9BVG4 with model AF-Q9BVG4-F1-model_v4.pdb
INFO:2025-10-30 14:28:05,986:Computing HSC features for: Q9BVG4, ENST00000373358, ../Ntranos_Rotation/ESM-SaProt/AF-Q9BVG4-F1-model_v4.pdb.gz
INFO:2025-10-30 14:28:26,431:Successfully computed HSC for Q9BVG4.
INFO:2025-10-30 14:28:26,431:Processing Q9BVG8 with model AF-Q9BVG8-F1-model_v4.pdb
INFO:2025-10-30 14:28:26,588:Computing HSC features for: Q9BVG8, ENST00000379655, ../Ntranos_Rotation/ESM-SaProt/AF-Q9BVG8-F1-model_v4.pdb.gz
INFO:2025-10-30 14:30:30,580:Successfully computed HSC for Q9BVG8.
INFO:2025-10-30 14:30:30,581:Processing Q9BVG9 with model AF-Q9BVG9-F1-model_v4.pdb
INFO:2025-10-30 14:30:30,707:Computing HSC features for: Q9BVG9, ENST00000308020, ../Ntranos_Rotation/ESM-SaProt/AF-Q9BVG9-F1-model_v4.pdb.gz
INFO:2025-10-30 14:31:48,016:Successfully computed HSC for Q9BVG9.
INFO:2025-10-30 14:31:48,016:Processing Q9BVH7 with model AF-Q9BVH7-F1-model_v4.pdb
INFO:2025-10-30 14:31:48,144:Computing HSC features for: Q9BVH7, ENST00000477717, ../Ntranos_Rotation/ESM-SaProt/AF-Q9BVH7-F1-model_v4.pdb.gz
INFO:2025-10-30 14:32:42,849:Successfully computed HSC for Q9BVH7.
INFO:2025-10-30 14:32:42,849:Processing Q9BVI0 with model AF-Q9BVI0-F1-model_v4.pdb
INFO:2025-10-30 14:32:43,135:Computing HSC features for: Q9BVI0, ENST00000374012, ../Ntranos_Rotation/ESM-SaProt/AF-Q9BVI0-F1-model_v4.pdb.gz
INFO:2025-10-30 14:34:24,067:Successfully computed HSC for Q9BVI0.
INFO:2025-10-30 14:34:24,068:Processing Q9BVI4 with model AF-Q9BVI4-F1-model_v4.pdb
INFO:2025-10-30 14:34:24,549:Computing HSC features for: Q9BVI4, ENST00000330579, ../Ntranos_Rotation/ESM-SaProt/AF-Q9BVI4-F1-model_v4.pdb.gz
INFO:2025-10-30 14:35:38,903:Successfully computed HSC for Q9BVI4.
INFO:2025-10-30 14:35:38,903:Processing Q9BVJ6 with model AF-Q9BVJ6-F1-model_v4.pdb
INFO:2025-10-30 14:35:39,024:Computing HSC features for: Q9BVJ6, ENST00000394422, ../Ntranos_Rotation/ESM-SaProt/AF-Q9BVJ6-F1-model_v4.pdb.gz
INFO:2025-10-30 14:36:53,758:Successfully computed HSC for Q9BVJ6.
INFO:2025-10-30 14:36:53,759:Processing Q9BVJ7 with model AF-Q9BVJ7-F1-model_v4.pdb
INFO:2025-10-30 14:36:53,842:Computing HSC features for: Q9BVJ7, ENST00000368107, ../Ntranos_Rotation/ESM-SaProt/AF-Q9BVJ7-F1-model_v4.pdb.gz
INFO:2025-10-30 14:37:26,865:Successfully computed HSC for Q9BVJ7.
INFO:2025-10-30 14:37:26,865:Processing Q9BVK2 with model AF-Q9BVK2-F1-model_v4.pdb
INFO:2025-10-30 14:37:27,003:Computing HSC features for: Q9BVK2, ENST00000299626, ../Ntranos_Rotation/ESM-SaProt/AF-Q9BVK2-F1-model_v4.pdb.gz
INFO:2025-10-30 14:38:12,169:Successfully computed HSC for Q9BVK2.
INFO:2025-10-30 14:38:12,170:Processing Q9BVK6 with model AF-Q9BVK6-F1-model_v4.pdb
INFO:2025-10-30 14:38:12,241:Computing HSC features for: Q9BVK6, ENST00000332598, ../Ntranos_Rotation/ESM-SaProt/AF-Q9BVK6-F1-model_v4.pdb.gz
INFO:2025-10-30 14:38:42,083:Successfully computed HSC for Q9BVK6.
INFO:2025-10-30 14:38:42,083:Processing Q9BVK8 with model AF-Q9BVK8-F1-model_v4.pdb
INFO:2025-10-30 14:38:42,170:Computing HSC features for: Q9BVK8, ENST00000222284, ../Ntranos_Rotation/ESM-SaProt/AF-Q9BVK8-F1-model_v4.pdb.gz
INFO:2025-10-30 14:39:08,217:Successfully computed HSC for Q9BVK8.
INFO:2025-10-30 14:39:08,218:Processing Q9BVL2 with model AF-Q9BVL2-F1-model_v4.pdb
INFO:2025-10-30 14:39:08,333:Computing HSC features for: Q9BVL2, ENST00000381736, ../Ntranos_Rotation/ESM-SaProt/AF-Q9BVL2-F1-model_v4.pdb.gz
INFO:2025-10-30 14:40:02,116:Successfully computed HSC for Q9BVL2.
INFO:2025-10-30 14:40:02,116:Processing Q9BVM2 with model AF-Q9BVM2-F1-model_v4.pdb
INFO:2025-10-30 14:40:02,178:Computing HSC features for: Q9BVM2, ENST00000370151, ../Ntranos_Rotation/ESM-SaProt/AF-Q9BVM2-F1-model_v4.pdb.gz
INFO:2025-10-30 14:40:32,177:Successfully computed HSC for Q9BVM2.
INFO:2025-10-30 14:40:32,177:Processing Q9BVM4 with model AF-Q9BVM4-F1-model_v4.pdb
INFO:2025-10-30 14:40:32,246:Computing HSC features for: Q9BVM4, ENST00000376250, ../Ntranos_Rotation/ESM-SaProt/AF-Q9BVM4-F1-model_v4.pdb.gz
INFO:2025-10-30 14:41:01,038:Successfully computed HSC for Q9BVM4.
INFO:2025-10-30 14:41:01,039:Processing Q9BVN2 with model AF-Q9BVN2-F1-model_v4.pdb
INFO:2025-10-30 14:41:01,183:Computing HSC features for: Q9BVN2, ENST00000368352, ../Ntranos_Rotation/ESM-SaProt/AF-Q9BVN2-F1-model_v4.pdb.gz
INFO:2025-10-30 14:42:49,383:Successfully computed HSC for Q9BVN2.
INFO:2025-10-30 14:42:49,383:Processing Q9BVP2 with model AF-Q9BVP2-F1-model_v4.pdb
INFO:2025-10-30 14:42:49,526:Computing HSC features for: Q9BVP2, ENST00000418458, ../Ntranos_Rotation/ESM-SaProt/AF-Q9BVP2-F1-model_v4.pdb.gz
INFO:2025-10-30 14:43:34,030:Successfully computed HSC for Q9BVP2.
INFO:2025-10-30 14:43:34,030:Processing Q9BVQ7 with model AF-Q9BVQ7-F1-model_v4.pdb
INFO:2025-10-30 14:43:34,199:Computing HSC features for: Q9BVQ7, ENST00000305560, ../Ntranos_Rotation/ESM-SaProt/AF-Q9BVQ7-F1-model_v4.pdb.gz
INFO:2025-10-30 14:45:19,293:Successfully computed HSC for Q9BVQ7.
INFO:2025-10-30 14:45:19,293:Processing Q9BVR0 with model AF-Q9BVR0-F1-model_v4.pdb
ERROR:2025-10-30 14:45:19,464:No ENST transcript IDs were mapped to Q9BVR0
INFO:2025-10-30 14:45:19,464:Processing Q9BVS4 with model AF-Q9BVS4-F1-model_v4.pdb
INFO:2025-10-30 14:45:19,596:Computing HSC features for: Q9BVS4, ENST00000283109, ../Ntranos_Rotation/ESM-SaProt/AF-Q9BVS4-F1-model_v4.pdb.gz
INFO:2025-10-30 14:46:05,577:Successfully computed HSC for Q9BVS4.
INFO:2025-10-30 14:46:05,577:Processing Q9BVS5 with model AF-Q9BVS5-F1-model_v4.pdb
INFO:2025-10-30 14:46:05,732:Computing HSC features for: Q9BVS5, ENST00000306108, ../Ntranos_Rotation/ESM-SaProt/AF-Q9BVS5-F1-model_v4.pdb.gz
INFO:2025-10-30 14:46:54,898:Successfully computed HSC for Q9BVS5.
INFO:2025-10-30 14:46:54,898:Processing Q9BVT8 with model AF-Q9BVT8-F1-model_v4.pdb
INFO:2025-10-30 14:46:54,978:Computing HSC features for: Q9BVT8, ENST00000297533, ../Ntranos_Rotation/ESM-SaProt/AF-Q9BVT8-F1-model_v4.pdb.gz
INFO:2025-10-30 14:47:33,626:Successfully computed HSC for Q9BVT8.
INFO:2025-10-30 14:47:33,626:Processing Q9BVV2 with model AF-Q9BVV2-F1-model_v4.pdb
INFO:2025-10-30 14:47:33,717:Computing HSC features for: Q9BVV2, ENST00000370097, ../Ntranos_Rotation/ESM-SaProt/AF-Q9BVV2-F1-model_v4.pdb.gz
INFO:2025-10-30 14:48:26,328:Successfully computed HSC for Q9BVV2.
INFO:2025-10-30 14:48:26,328:Processing Q9BVV6 with model AF-Q9BVV6-F1-model_v4.pdb
ERROR:2025-10-30 14:48:26,527:No transcript record found for Q9BVV6 in gnomAD.
INFO:2025-10-30 14:48:26,527:Processing Q9BVV7 with model AF-Q9BVV7-F1-model_v4.pdb
INFO:2025-10-30 14:48:26,574:Computing HSC features for: Q9BVV7, ENST00000169551, ../Ntranos_Rotation/ESM-SaProt/AF-Q9BVV7-F1-model_v4.pdb.gz
INFO:2025-10-30 14:48:52,751:Successfully computed HSC for Q9BVV7.
INFO:2025-10-30 14:48:52,751:Processing Q9BVV8 with model AF-Q9BVV8-F1-model_v4.pdb
INFO:2025-10-30 14:48:52,799:Computing HSC features for: Q9BVV8, ENST00000409293, ../Ntranos_Rotation/ESM-SaProt/AF-Q9BVV8-F1-model_v4.pdb.gz
INFO:2025-10-30 14:49:20,956:Successfully computed HSC for Q9BVV8.
INFO:2025-10-30 14:49:20,956:Processing Q9BVW5 with model AF-Q9BVW5-F1-model_v4.pdb
INFO:2025-10-30 14:49:21,111:Computing HSC features for: Q9BVW5, ENST00000261881, ../Ntranos_Rotation/ESM-SaProt/AF-Q9BVW5-F1-model_v4.pdb.gz
INFO:2025-10-30 14:49:44,353:Successfully computed HSC for Q9BVW5.
INFO:2025-10-30 14:49:44,353:Processing Q9BVW6 with model AF-Q9BVW6-F1-model_v4.pdb
INFO:2025-10-30 14:49:44,416:Computing HSC features for: Q9BVW6, ENST00000400419, ../Ntranos_Rotation/ESM-SaProt/AF-Q9BVW6-F1-model_v4.pdb.gz
INFO:2025-10-30 14:49:52,795:Successfully computed HSC for Q9BVW6.
INFO:2025-10-30 14:49:52,795:Processing Q9BVX2 with model AF-Q9BVX2-F1-model_v4.pdb
INFO:2025-10-30 14:49:52,845:Computing HSC features for: Q9BVX2, ENST00000429772, ../Ntranos_Rotation/ESM-SaProt/AF-Q9BVX2-F1-model_v4.pdb.gz
INFO:2025-10-30 14:50:17,651:Successfully computed HSC for Q9BVX2.
INFO:2025-10-30 14:50:17,652:Processing Q9BW04 with model AF-Q9BW04-F1-model_v4.pdb
INFO:2025-10-30 14:50:17,783:Computing HSC features for: Q9BW04, ENST00000359470, ../Ntranos_Rotation/ESM-SaProt/AF-Q9BW04-F1-model_v4.pdb.gz
INFO:2025-10-30 14:51:14,466:Successfully computed HSC for Q9BW04.
INFO:2025-10-30 14:51:14,466:Processing Q9BW11 with model AF-Q9BW11-F1-model_v4.pdb
INFO:2025-10-30 14:51:14,525:Computing HSC features for: Q9BW11, ENST00000439742, ../Ntranos_Rotation/ESM-SaProt/AF-Q9BW11-F1-model_v4.pdb.gz
INFO:2025-10-30 14:51:49,769:Successfully computed HSC for Q9BW11.
INFO:2025-10-30 14:51:49,770:Processing Q9BW19 with model AF-Q9BW19-F1-model_v4.pdb
INFO:2025-10-30 14:51:49,928:Computing HSC features for: Q9BW19, ENST00000428849, ../Ntranos_Rotation/ESM-SaProt/AF-Q9BW19-F1-model_v4.pdb.gz
INFO:2025-10-30 14:52:59,216:Successfully computed HSC for Q9BW19.
INFO:2025-10-30 14:52:59,216:Processing Q9BW27 with model AF-Q9BW27-F1-model_v4.pdb
INFO:2025-10-30 14:52:59,345:Computing HSC features for: Q9BW27, ENST00000245544, ../Ntranos_Rotation/ESM-SaProt/AF-Q9BW27-F1-model_v4.pdb.gz
INFO:2025-10-30 14:54:08,983:Successfully computed HSC for Q9BW27.
INFO:2025-10-30 14:54:08,984:Processing Q9BW30 with model AF-Q9BW30-F1-model_v4.pdb
INFO:2025-10-30 14:54:09,052:Computing HSC features for: Q9BW30, ENST00000290942, ../Ntranos_Rotation/ESM-SaProt/AF-Q9BW30-F1-model_v4.pdb.gz
INFO:2025-10-30 14:54:42,254:Successfully computed HSC for Q9BW30.
INFO:2025-10-30 14:54:42,254:Processing Q9BW60 with model AF-Q9BW60-F1-model_v4.pdb
INFO:2025-10-30 14:54:42,336:Computing HSC features for: Q9BW60, ENST00000372458, ../Ntranos_Rotation/ESM-SaProt/AF-Q9BW60-F1-model_v4.pdb.gz
INFO:2025-10-30 14:55:09,203:Successfully computed HSC for Q9BW60.
INFO:2025-10-30 14:55:09,203:Processing Q9BW61 with model AF-Q9BW61-F1-model_v4.pdb
INFO:2025-10-30 14:55:09,258:Computing HSC features for: Q9BW61, ENST00000359866, ../Ntranos_Rotation/ESM-SaProt/AF-Q9BW61-F1-model_v4.pdb.gz
INFO:2025-10-30 14:55:25,101:Successfully computed HSC for Q9BW61.
INFO:2025-10-30 14:55:25,101:Processing Q9BW62 with model AF-Q9BW62-F1-model_v4.pdb
INFO:2025-10-30 14:55:25,189:Computing HSC features for: Q9BW62, ENST00000380615, ../Ntranos_Rotation/ESM-SaProt/AF-Q9BW62-F1-model_v4.pdb.gz
INFO:2025-10-30 14:56:04,287:Successfully computed HSC for Q9BW62.
INFO:2025-10-30 14:56:04,287:Processing Q9BW66 with model AF-Q9BW66-F1-model_v4.pdb
INFO:2025-10-30 14:56:04,336:Computing HSC features for: Q9BW66, ENST00000216756, ../Ntranos_Rotation/ESM-SaProt/AF-Q9BW66-F1-model_v4.pdb.gz
INFO:2025-10-30 14:56:25,012:Successfully computed HSC for Q9BW66.
INFO:2025-10-30 14:56:25,012:Processing Q9BW71 with model AF-Q9BW71-F1-model_v4.pdb
INFO:2025-10-30 14:56:25,094:Computing HSC features for: Q9BW71, ENST00000279392, ../Ntranos_Rotation/ESM-SaProt/AF-Q9BW71-F1-model_v4.pdb.gz
INFO:2025-10-30 14:57:21,448:Successfully computed HSC for Q9BW71.
INFO:2025-10-30 14:57:21,448:Processing Q9BW72 with model AF-Q9BW72-F1-model_v4.pdb
INFO:2025-10-30 14:57:21,517:Computing HSC features for: Q9BW72, ENST00000274787, ../Ntranos_Rotation/ESM-SaProt/AF-Q9BW72-F1-model_v4.pdb.gz
INFO:2025-10-30 14:57:37,175:Successfully computed HSC for Q9BW72.
INFO:2025-10-30 14:57:37,176:Processing Q9BW83 with model AF-Q9BW83-F1-model_v4.pdb
INFO:2025-10-30 14:57:37,221:Computing HSC features for: Q9BW83, ENST00000433985, ../Ntranos_Rotation/ESM-SaProt/AF-Q9BW83-F1-model_v4.pdb.gz
INFO:2025-10-30 14:57:55,026:Successfully computed HSC for Q9BW83.
INFO:2025-10-30 14:57:55,026:Processing Q9BW85 with model AF-Q9BW85-F1-model_v4.pdb
INFO:2025-10-30 14:57:55,283:Computing HSC features for: Q9BW85, ENST00000262962, ../Ntranos_Rotation/ESM-SaProt/AF-Q9BW85-F1-model_v4.pdb.gz
INFO:2025-10-30 14:58:43,087:Successfully computed HSC for Q9BW85.
INFO:2025-10-30 14:58:43,087:Processing Q9BW91 with model AF-Q9BW91-F1-model_v4.pdb
INFO:2025-10-30 14:58:43,144:Computing HSC features for: Q9BW91, ENST00000302174, ../Ntranos_Rotation/ESM-SaProt/AF-Q9BW91-F1-model_v4.pdb.gz
INFO:2025-10-30 14:59:21,740:Successfully computed HSC for Q9BW91.
INFO:2025-10-30 14:59:21,740:Processing Q9BW92 with model AF-Q9BW92-F1-model_v4.pdb
INFO:2025-10-30 14:59:21,845:Computing HSC features for: Q9BW92, ENST00000369064, ../Ntranos_Rotation/ESM-SaProt/AF-Q9BW92-F1-model_v4.pdb.gz
INFO:2025-10-30 15:00:45,248:Successfully computed HSC for Q9BW92.
INFO:2025-10-30 15:00:45,248:Processing Q9BWC9 with model AF-Q9BWC9-F1-model_v4.pdb
INFO:2025-10-30 15:00:45,346:Computing HSC features for: Q9BWC9, ENST00000308964, ../Ntranos_Rotation/ESM-SaProt/AF-Q9BWC9-F1-model_v4.pdb.gz
INFO:2025-10-30 15:01:58,144:Successfully computed HSC for Q9BWC9.
INFO:2025-10-30 15:01:58,144:Processing Q9BWD1 with model AF-Q9BWD1-F1-model_v4.pdb
INFO:2025-10-30 15:01:58,245:Computing HSC features for: Q9BWD1, ENST00000367048, ../Ntranos_Rotation/ESM-SaProt/AF-Q9BWD1-F1-model_v4.pdb.gz
INFO:2025-10-30 15:02:49,346:Successfully computed HSC for Q9BWD1.
INFO:2025-10-30 15:02:49,346:Processing Q9BWD3 with model AF-Q9BWD3-F1-model_v4.pdb
INFO:2025-10-30 15:02:49,396:Computing HSC features for: Q9BWD3, ENST00000370775, ../Ntranos_Rotation/ESM-SaProt/AF-Q9BWD3-F1-model_v4.pdb.gz
INFO:2025-10-30 15:03:15,727:Successfully computed HSC for Q9BWD3.
INFO:2025-10-30 15:03:15,727:Processing Q9BWE0 with model AF-Q9BWE0-F1-model_v4.pdb
INFO:2025-10-30 15:03:15,876:Computing HSC features for: Q9BWE0, ENST00000397281, ../Ntranos_Rotation/ESM-SaProt/AF-Q9BWE0-F1-model_v4.pdb.gz
INFO:2025-10-30 15:04:46,352:Successfully computed HSC for Q9BWE0.
INFO:2025-10-30 15:04:46,352:Processing Q9BWF2 with model AF-Q9BWF2-F1-model_v4.pdb
INFO:2025-10-30 15:04:46,426:Computing HSC features for: Q9BWF2, ENST00000331456, ../Ntranos_Rotation/ESM-SaProt/AF-Q9BWF2-F1-model_v4.pdb.gz
INFO:2025-10-30 15:05:30,643:Successfully computed HSC for Q9BWF2.
INFO:2025-10-30 15:05:30,643:Processing Q9BWF3 with model AF-Q9BWF3-F1-model_v4.pdb
INFO:2025-10-30 15:05:30,718:Computing HSC features for: Q9BWF3, ENST00000310092, ../Ntranos_Rotation/ESM-SaProt/AF-Q9BWF3-F1-model_v4.pdb.gz
INFO:2025-10-30 15:06:19,175:Successfully computed HSC for Q9BWF3.
INFO:2025-10-30 15:06:19,175:Processing Q9BWG4 with model AF-Q9BWG4-F1-model_v4.pdb
INFO:2025-10-30 15:06:19,239:Computing HSC features for: Q9BWG4, ENST00000270061, ../Ntranos_Rotation/ESM-SaProt/AF-Q9BWG4-F1-model_v4.pdb.gz
INFO:2025-10-30 15:07:14,982:Successfully computed HSC for Q9BWG4.
INFO:2025-10-30 15:07:14,982:Pipeline completed.
INFO:2025-10-30 15:07:14,982:no_enst_for_uniprot: 1
INFO:2025-10-30 15:07:14,982:no_valid_cds: 0
INFO:2025-10-30 15:07:14,982:no_variant_data: 1
INFO:2025-10-30 15:07:14,982:bad_structure: 0
INFO:2025-10-30 15:07:14,982:no_enst_mp: 0
