INFO:2025-10-30 14:26:03,174:Starting HSC computation pipeline...
INFO:2025-10-30 14:27:00,090:Processing Q53FT3 with model AF-Q53FT3-F1-model_v4.pdb
INFO:2025-10-30 14:27:00,135:Computing HSC features for: Q53FT3, ENST00000278483, ../Ntranos_Rotation/ESM-SaProt/AF-Q53FT3-F1-model_v4.pdb.gz
INFO:2025-10-30 14:27:10,738:Successfully computed HSC for Q53FT3.
INFO:2025-10-30 14:27:10,738:Processing Q53FV1 with model AF-Q53FV1-F1-model_v4.pdb
INFO:2025-10-30 14:27:10,798:Computing HSC features for: Q53FV1, ENST00000243045, ../Ntranos_Rotation/ESM-SaProt/AF-Q53FV1-F1-model_v4.pdb.gz
INFO:2025-10-30 14:27:21,290:Successfully computed HSC for Q53FV1.
INFO:2025-10-30 14:27:21,291:Processing Q53FZ2 with model AF-Q53FZ2-F1-model_v4.pdb
INFO:2025-10-30 14:27:21,386:Computing HSC features for: Q53FZ2, ENST00000289416, ../Ntranos_Rotation/ESM-SaProt/AF-Q53FZ2-F1-model_v4.pdb.gz
INFO:2025-10-30 14:27:55,345:Successfully computed HSC for Q53FZ2.
INFO:2025-10-30 14:27:55,345:Processing Q53G44 with model AF-Q53G44-F1-model_v4.pdb
INFO:2025-10-30 14:27:55,450:Computing HSC features for: Q53G44, ENST00000370751, ../Ntranos_Rotation/ESM-SaProt/AF-Q53G44-F1-model_v4.pdb.gz
INFO:2025-10-30 14:28:22,038:Successfully computed HSC for Q53G44.
INFO:2025-10-30 14:28:22,039:Processing Q53G59 with model AF-Q53G59-F1-model_v4.pdb
INFO:2025-10-30 14:28:22,199:Computing HSC features for: Q53G59, ENST00000367261, ../Ntranos_Rotation/ESM-SaProt/AF-Q53G59-F1-model_v4.pdb.gz
INFO:2025-10-30 14:29:00,606:Successfully computed HSC for Q53G59.
INFO:2025-10-30 14:29:00,606:Processing Q53GA4 with model AF-Q53GA4-F1-model_v4.pdb
INFO:2025-10-30 14:29:00,651:Computing HSC features for: Q53GA4, ENST00000314222, ../Ntranos_Rotation/ESM-SaProt/AF-Q53GA4-F1-model_v4.pdb.gz
INFO:2025-10-30 14:29:21,506:Successfully computed HSC for Q53GA4.
INFO:2025-10-30 14:29:21,507:Processing Q53GD3 with model AF-Q53GD3-F1-model_v4.pdb
INFO:2025-10-30 14:29:21,659:Computing HSC features for: Q53GD3, ENST00000229729, ../Ntranos_Rotation/ESM-SaProt/AF-Q53GD3-F1-model_v4.pdb.gz
INFO:2025-10-30 14:30:30,732:Successfully computed HSC for Q53GD3.
INFO:2025-10-30 14:30:30,732:Processing Q53GG5 with model AF-Q53GG5-F1-model_v4.pdb
INFO:2025-10-30 14:30:31,335:Computing HSC features for: Q53GG5, ENST00000284767, ../Ntranos_Rotation/ESM-SaProt/AF-Q53GG5-F1-model_v4.pdb.gz
INFO:2025-10-30 14:31:07,243:Successfully computed HSC for Q53GG5.
INFO:2025-10-30 14:31:07,243:Processing Q53GI3 with model AF-Q53GI3-F1-model_v4.pdb
INFO:2025-10-30 14:31:07,363:Computing HSC features for: Q53GI3, ENST00000337673, ../Ntranos_Rotation/ESM-SaProt/AF-Q53GI3-F1-model_v4.pdb.gz
INFO:2025-10-30 14:31:52,630:Successfully computed HSC for Q53GI3.
INFO:2025-10-30 14:31:52,630:Processing Q53GL0 with model AF-Q53GL0-F1-model_v4.pdb
INFO:2025-10-30 14:31:52,936:Computing HSC features for: Q53GL0, ENST00000369124, ../Ntranos_Rotation/ESM-SaProt/AF-Q53GL0-F1-model_v4.pdb.gz
INFO:2025-10-30 14:32:24,758:Successfully computed HSC for Q53GL0.
INFO:2025-10-30 14:32:24,758:Processing Q53GL7 with model AF-Q53GL7-F1-model_v4.pdb
INFO:2025-10-30 14:32:25,241:Computing HSC features for: Q53GL7, ENST00000313028, ../Ntranos_Rotation/ESM-SaProt/AF-Q53GL7-F1-model_v4.pdb.gz
INFO:2025-10-30 14:34:10,000:Successfully computed HSC for Q53GL7.
INFO:2025-10-30 14:34:10,000:Processing Q53GQ0 with model AF-Q53GQ0-F1-model_v4.pdb
INFO:2025-10-30 14:34:10,181:Computing HSC features for: Q53GQ0, ENST00000278353, ../Ntranos_Rotation/ESM-SaProt/AF-Q53GQ0-F1-model_v4.pdb.gz
INFO:2025-10-30 14:34:34,418:Successfully computed HSC for Q53GQ0.
INFO:2025-10-30 14:34:34,419:Processing Q53GS7 with model AF-Q53GS7-F1-model_v4.pdb
INFO:2025-10-30 14:34:34,562:Computing HSC features for: Q53GS7, ENST00000309971, ../Ntranos_Rotation/ESM-SaProt/AF-Q53GS7-F1-model_v4.pdb.gz
INFO:2025-10-30 14:35:20,494:Successfully computed HSC for Q53GS7.
INFO:2025-10-30 14:35:20,494:Processing Q53GS9 with model AF-Q53GS9-F1-model_v4.pdb
INFO:2025-10-30 14:35:20,614:Computing HSC features for: Q53GS9, ENST00000323701, ../Ntranos_Rotation/ESM-SaProt/AF-Q53GS9-F1-model_v4.pdb.gz
INFO:2025-10-30 14:36:06,811:Successfully computed HSC for Q53GS9.
INFO:2025-10-30 14:36:06,811:Processing Q53GT1 with model AF-Q53GT1-F1-model_v4.pdb
INFO:2025-10-30 14:36:06,918:Computing HSC features for: Q53GT1, ENST00000328879, ../Ntranos_Rotation/ESM-SaProt/AF-Q53GT1-F1-model_v4.pdb.gz
INFO:2025-10-30 14:37:06,242:Successfully computed HSC for Q53GT1.
INFO:2025-10-30 14:37:06,242:Processing Q53H12 with model AF-Q53H12-F1-model_v4.pdb
ERROR:2025-10-30 14:37:06,400:No transcript record found for Q53H12 in gnomAD.
INFO:2025-10-30 14:37:06,401:Processing Q53H47 with model AF-Q53H47-F1-model_v4.pdb
INFO:2025-10-30 14:37:06,514:Computing HSC features for: Q53H47, ENST00000358065, ../Ntranos_Rotation/ESM-SaProt/AF-Q53H47-F1-model_v4.pdb.gz
INFO:2025-10-30 14:37:56,220:Successfully computed HSC for Q53H47.
INFO:2025-10-30 14:37:56,220:Processing Q53H54 with model AF-Q53H54-F1-model_v4.pdb
INFO:2025-10-30 14:37:56,312:Computing HSC features for: Q53H54, ENST00000328599, ../Ntranos_Rotation/ESM-SaProt/AF-Q53H54-F1-model_v4.pdb.gz
INFO:2025-10-30 14:38:27,255:Successfully computed HSC for Q53H54.
INFO:2025-10-30 14:38:27,256:Processing Q53H64 with model AF-Q53H64-F1-model_v4.pdb
ERROR:2025-10-30 14:38:27,305:No transcript record found for Q53H64 in gnomAD.
INFO:2025-10-30 14:38:27,305:Processing Q53H76 with model AF-Q53H76-F1-model_v4.pdb
INFO:2025-10-30 14:38:27,390:Computing HSC features for: Q53H76, ENST00000273371, ../Ntranos_Rotation/ESM-SaProt/AF-Q53H76-F1-model_v4.pdb.gz
INFO:2025-10-30 14:38:57,869:Successfully computed HSC for Q53H76.
INFO:2025-10-30 14:38:57,869:Processing Q53H80 with model AF-Q53H80-F1-model_v4.pdb
INFO:2025-10-30 14:38:57,927:Computing HSC features for: Q53H80, ENST00000257787, ../Ntranos_Rotation/ESM-SaProt/AF-Q53H80-F1-model_v4.pdb.gz
INFO:2025-10-30 14:39:22,898:Successfully computed HSC for Q53H80.
INFO:2025-10-30 14:39:22,898:Processing Q53H82 with model AF-Q53H82-F1-model_v4.pdb
INFO:2025-10-30 14:39:22,953:Computing HSC features for: Q53H82, ENST00000276590, ../Ntranos_Rotation/ESM-SaProt/AF-Q53H82-F1-model_v4.pdb.gz
INFO:2025-10-30 14:39:46,485:Successfully computed HSC for Q53H82.
INFO:2025-10-30 14:39:46,485:Processing Q53H96 with model AF-Q53H96-F1-model_v4.pdb
ERROR:2025-10-30 14:39:46,552:No transcript record found for Q53H96 in gnomAD.
INFO:2025-10-30 14:39:46,553:Processing Q53HC0 with model AF-Q53HC0-F1-model_v4.pdb
INFO:2025-10-30 14:39:46,642:Computing HSC features for: Q53HC0, ENST00000238156, ../Ntranos_Rotation/ESM-SaProt/AF-Q53HC0-F1-model_v4.pdb.gz
INFO:2025-10-30 14:40:16,888:Successfully computed HSC for Q53HC0.
INFO:2025-10-30 14:40:16,888:Processing Q53HC5 with model AF-Q53HC5-F1-model_v4.pdb
INFO:2025-10-30 14:40:17,010:Computing HSC features for: Q53HC5, ENST00000300976, ../Ntranos_Rotation/ESM-SaProt/AF-Q53HC5-F1-model_v4.pdb.gz
INFO:2025-10-30 14:41:38,603:Successfully computed HSC for Q53HC5.
INFO:2025-10-30 14:41:38,604:Processing Q53HC9 with model AF-Q53HC9-F1-model_v4.pdb
INFO:2025-10-30 14:41:38,702:Computing HSC features for: Q53HC9, ENST00000382125, ../Ntranos_Rotation/ESM-SaProt/AF-Q53HC9-F1-model_v4.pdb.gz
INFO:2025-10-30 14:42:12,318:Successfully computed HSC for Q53HC9.
INFO:2025-10-30 14:42:12,318:Processing Q53HI1 with model AF-Q53HI1-F1-model_v4.pdb
INFO:2025-10-30 14:42:12,394:Computing HSC features for: Q53HI1, ENST00000357765, ../Ntranos_Rotation/ESM-SaProt/AF-Q53HI1-F1-model_v4.pdb.gz
INFO:2025-10-30 14:42:28,040:Successfully computed HSC for Q53HI1.
INFO:2025-10-30 14:42:28,040:Processing Q53HL2 with model AF-Q53HL2-F1-model_v4.pdb
INFO:2025-10-30 14:42:28,105:Computing HSC features for: Q53HL2, ENST00000327331, ../Ntranos_Rotation/ESM-SaProt/AF-Q53HL2-F1-model_v4.pdb.gz
INFO:2025-10-30 14:42:47,794:Successfully computed HSC for Q53HL2.
INFO:2025-10-30 14:42:47,794:Processing Q53HV7 with model AF-Q53HV7-F1-model_v4.pdb
INFO:2025-10-30 14:42:47,871:Computing HSC features for: Q53HV7, ENST00000337581, ../Ntranos_Rotation/ESM-SaProt/AF-Q53HV7-F1-model_v4.pdb.gz
INFO:2025-10-30 14:43:08,949:Successfully computed HSC for Q53HV7.
INFO:2025-10-30 14:43:08,949:Processing Q53LP3 with model AF-Q53LP3-F1-model_v4.pdb
INFO:2025-10-30 14:43:09,042:Computing HSC features for: Q53LP3, ENST00000356454, ../Ntranos_Rotation/ESM-SaProt/AF-Q53LP3-F1-model_v4.pdb.gz
INFO:2025-10-30 14:44:13,911:Successfully computed HSC for Q53LP3.
INFO:2025-10-30 14:44:13,912:Processing Q53QV2 with model AF-Q53QV2-F1-model_v4.pdb
INFO:2025-10-30 14:44:13,957:Computing HSC features for: Q53QV2, ENST00000395323, ../Ntranos_Rotation/ESM-SaProt/AF-Q53QV2-F1-model_v4.pdb.gz
INFO:2025-10-30 14:44:23,162:Successfully computed HSC for Q53QV2.
INFO:2025-10-30 14:44:23,163:Processing Q53QW1 with model AF-Q53QW1-F1-model_v4.pdb
INFO:2025-10-30 14:44:23,239:Computing HSC features for: Q53QW1, ENST00000313965, ../Ntranos_Rotation/ESM-SaProt/AF-Q53QW1-F1-model_v4.pdb.gz
INFO:2025-10-30 14:44:52,531:Successfully computed HSC for Q53QW1.
INFO:2025-10-30 14:44:52,531:Processing Q53QZ3 with model AF-Q53QZ3-F1-model_v4.pdb
INFO:2025-10-30 14:44:52,708:Computing HSC features for: Q53QZ3, ENST00000295095, ../Ntranos_Rotation/ESM-SaProt/AF-Q53QZ3-F1-model_v4.pdb.gz
INFO:2025-10-30 14:45:24,559:Successfully computed HSC for Q53QZ3.
INFO:2025-10-30 14:45:24,559:Processing Q53R12 with model AF-Q53R12-F1-model_v4.pdb
INFO:2025-10-30 14:45:24,799:Computing HSC features for: Q53R12, ENST00000304568, ../Ntranos_Rotation/ESM-SaProt/AF-Q53R12-F1-model_v4.pdb.gz
INFO:2025-10-30 14:45:38,204:Successfully computed HSC for Q53R12.
INFO:2025-10-30 14:45:38,204:Processing Q53R41 with model AF-Q53R41-F1-model_v4.pdb
INFO:2025-10-30 14:45:38,342:Computing HSC features for: Q53R41, ENST00000453153, ../Ntranos_Rotation/ESM-SaProt/AF-Q53R41-F1-model_v4.pdb.gz
INFO:2025-10-30 14:46:30,917:Successfully computed HSC for Q53R41.
INFO:2025-10-30 14:46:30,917:Processing Q53RD9 with model AF-Q53RD9-F1-model_v4.pdb
INFO:2025-10-30 14:46:31,018:Computing HSC features for: Q53RD9, ENST00000331203, ../Ntranos_Rotation/ESM-SaProt/AF-Q53RD9-F1-model_v4.pdb.gz
INFO:2025-10-30 14:47:17,783:Successfully computed HSC for Q53RD9.
INFO:2025-10-30 14:47:17,783:Processing Q53RE8 with model AF-Q53RE8-F1-model_v4.pdb
INFO:2025-10-30 14:47:17,836:Computing HSC features for: Q53RE8, ENST00000393537, ../Ntranos_Rotation/ESM-SaProt/AF-Q53RE8-F1-model_v4.pdb.gz
INFO:2025-10-30 14:47:44,939:Successfully computed HSC for Q53RE8.
INFO:2025-10-30 14:47:44,939:Processing Q53RT3 with model AF-Q53RT3-F1-model_v4.pdb
ERROR:2025-10-30 14:47:45,028:No valid CDS found for Q53RT3
INFO:2025-10-30 14:47:45,028:Processing Q53RY4 with model AF-Q53RY4-F1-model_v4.pdb
INFO:2025-10-30 14:47:45,085:Computing HSC features for: Q53RY4, ENST00000288873, ../Ntranos_Rotation/ESM-SaProt/AF-Q53RY4-F1-model_v4.pdb.gz
INFO:2025-10-30 14:48:17,091:Successfully computed HSC for Q53RY4.
INFO:2025-10-30 14:48:17,091:Processing Q53S08 with model AF-Q53S08-F1-model_v4.pdb
ERROR:2025-10-30 14:48:17,151:No transcript record found for Q53S08 in gnomAD.
INFO:2025-10-30 14:48:17,151:Processing Q53S33 with model AF-Q53S33-F1-model_v4.pdb
INFO:2025-10-30 14:48:17,305:Computing HSC features for: Q53S33, ENST00000327428, ../Ntranos_Rotation/ESM-SaProt/AF-Q53S33-F1-model_v4.pdb.gz
INFO:2025-10-30 14:48:32,488:Successfully computed HSC for Q53S33.
INFO:2025-10-30 14:48:32,488:Processing Q53S58 with model AF-Q53S58-F1-model_v4.pdb
INFO:2025-10-30 14:48:32,556:Computing HSC features for: Q53S58, ENST00000272521, ../Ntranos_Rotation/ESM-SaProt/AF-Q53S58-F1-model_v4.pdb.gz
INFO:2025-10-30 14:48:56,232:Successfully computed HSC for Q53S58.
INFO:2025-10-30 14:48:56,232:Processing Q53S99 with model AF-Q53S99-F1-model_v4.pdb
ERROR:2025-10-30 14:48:56,285:No ENST transcript IDs were mapped to Q53S99
INFO:2025-10-30 14:48:56,285:Processing Q53SF7 with model AF-Q53SF7-F1-model_v4.pdb
INFO:2025-10-30 14:48:56,486:Computing HSC features for: Q53SF7, ENST00000375458, ../Ntranos_Rotation/ESM-SaProt/AF-Q53SF7-F1-model_v4.pdb.gz
INFO:2025-10-30 14:50:01,000:Successfully computed HSC for Q53SF7.
INFO:2025-10-30 14:50:01,000:Processing Q53SZ7 with model AF-Q53SZ7-F1-model_v4.pdb
INFO:2025-10-30 14:50:01,072:Computing HSC features for: Q53SZ7, ENST00000335524, ../Ntranos_Rotation/ESM-SaProt/AF-Q53SZ7-F1-model_v4.pdb.gz
INFO:2025-10-30 14:50:32,495:Successfully computed HSC for Q53SZ7.
INFO:2025-10-30 14:50:32,495:Processing Q53T59 with model AF-Q53T59-F1-model_v4.pdb
INFO:2025-10-30 14:50:32,601:Computing HSC features for: Q53T59, ENST00000304031, ../Ntranos_Rotation/ESM-SaProt/AF-Q53T59-F1-model_v4.pdb.gz
INFO:2025-10-30 14:51:02,503:Successfully computed HSC for Q53T59.
INFO:2025-10-30 14:51:02,503:Processing Q53T94 with model AF-Q53T94-F1-model_v4.pdb
INFO:2025-10-30 14:51:02,604:Computing HSC features for: Q53T94, ENST00000263663, ../Ntranos_Rotation/ESM-SaProt/AF-Q53T94-F1-model_v4.pdb.gz
INFO:2025-10-30 14:51:34,294:Successfully computed HSC for Q53T94.
INFO:2025-10-30 14:51:34,294:Processing Q53TN4 with model AF-Q53TN4-F1-model_v4.pdb
INFO:2025-10-30 14:51:34,355:Computing HSC features for: Q53TN4, ENST00000321348, ../Ntranos_Rotation/ESM-SaProt/AF-Q53TN4-F1-model_v4.pdb.gz
INFO:2025-10-30 14:51:53,735:Successfully computed HSC for Q53TN4.
INFO:2025-10-30 14:51:53,735:Processing Q15319 with model AF-Q15319-F1-model_v4.pdb
ERROR:2025-10-30 14:51:53,805:No transcript record found for Q15319 in gnomAD.
INFO:2025-10-30 14:51:53,805:Processing Q15323 with model AF-Q15323-F1-model_v4.pdb
ERROR:2025-10-30 14:51:53,918:No transcript record found for Q15323 in gnomAD.
INFO:2025-10-30 14:51:53,918:Pipeline completed.
INFO:2025-10-30 14:51:53,918:no_enst_for_uniprot: 1
INFO:2025-10-30 14:51:53,919:no_valid_cds: 1
INFO:2025-10-30 14:51:53,919:no_variant_data: 6
INFO:2025-10-30 14:51:53,919:bad_structure: 0
INFO:2025-10-30 14:51:53,919:no_enst_mp: 0
