INFO:2025-10-30 14:27:04,988:Starting HSC computation pipeline...
INFO:2025-10-30 14:28:09,465:Processing Q9H2Y9 with model AF-Q9H2Y9-F1-model_v4.pdb
INFO:2025-10-30 14:28:09,675:Computing HSC features for: Q9H2Y9, ENST00000260126, ../Ntranos_Rotation/ESM-SaProt/AF-Q9H2Y9-F1-model_v4.pdb.gz
INFO:2025-10-30 14:30:13,677:Successfully computed HSC for Q9H2Y9.
INFO:2025-10-30 14:30:13,678:Processing Q9H2Z4 with model AF-Q9H2Z4-F1-model_v4.pdb
INFO:2025-10-30 14:30:13,765:Computing HSC features for: Q9H2Z4, ENST00000351817, ../Ntranos_Rotation/ESM-SaProt/AF-Q9H2Z4-F1-model_v4.pdb.gz
INFO:2025-10-30 14:31:33,399:Successfully computed HSC for Q9H2Z4.
INFO:2025-10-30 14:31:33,399:Processing Q9H300 with model AF-Q9H300-F1-model_v4.pdb
INFO:2025-10-30 14:31:33,523:Computing HSC features for: Q9H300, ENST00000317096, ../Ntranos_Rotation/ESM-SaProt/AF-Q9H300-F1-model_v4.pdb.gz
INFO:2025-10-30 14:32:09,316:Successfully computed HSC for Q9H300.
INFO:2025-10-30 14:32:09,316:Processing Q9H305 with model AF-Q9H305-F1-model_v4.pdb
INFO:2025-10-30 14:32:09,387:Computing HSC features for: Q9H305, ENST00000399599, ../Ntranos_Rotation/ESM-SaProt/AF-Q9H305-F1-model_v4.pdb.gz
INFO:2025-10-30 14:32:31,971:Successfully computed HSC for Q9H305.
INFO:2025-10-30 14:32:31,971:Processing Q9H306 with model AF-Q9H306-F1-model_v4.pdb
INFO:2025-10-30 14:32:32,127:Computing HSC features for: Q9H306, ENST00000260229, ../Ntranos_Rotation/ESM-SaProt/AF-Q9H306-F1-model_v4.pdb.gz
INFO:2025-10-30 14:33:11,348:Successfully computed HSC for Q9H306.
INFO:2025-10-30 14:33:11,348:Processing Q9H307 with model AF-Q9H307-F1-model_v4.pdb
INFO:2025-10-30 14:33:11,450:Computing HSC features for: Q9H307, ENST00000216832, ../Ntranos_Rotation/ESM-SaProt/AF-Q9H307-F1-model_v4.pdb.gz
INFO:2025-10-30 14:34:09,972:Successfully computed HSC for Q9H307.
INFO:2025-10-30 14:34:09,972:Processing Q9H310 with model AF-Q9H310-F1-model_v4.pdb
ERROR:2025-10-30 14:34:10,047:No valid CDS found for Q9H310
INFO:2025-10-30 14:34:10,047:Processing Q9H313 with model AF-Q9H313-F1-model_v4.pdb
INFO:2025-10-30 14:34:10,268:Computing HSC features for: Q9H313, ENST00000376530, ../Ntranos_Rotation/ESM-SaProt/AF-Q9H313-F1-model_v4.pdb.gz
INFO:2025-10-30 14:35:00,747:Successfully computed HSC for Q9H313.
INFO:2025-10-30 14:35:00,748:Processing Q9H320 with model AF-Q9H320-F1-model_v4.pdb
ERROR:2025-10-30 14:35:00,823:No transcript record found for Q9H320 in gnomAD.
INFO:2025-10-30 14:35:00,823:Processing Q9H321 with model AF-Q9H321-F1-model_v4.pdb
INFO:2025-10-30 14:35:00,886:Computing HSC features for: Q9H321, ENST00000381032, ../Ntranos_Rotation/ESM-SaProt/AF-Q9H321-F1-model_v4.pdb.gz
INFO:2025-10-30 14:35:25,724:Successfully computed HSC for Q9H321.
INFO:2025-10-30 14:35:25,724:Processing Q9H322 with model AF-Q9H322-F1-model_v4.pdb
INFO:2025-10-30 14:35:26,050:Computing HSC features for: Q9H322, ENST00000317103, ../Ntranos_Rotation/ESM-SaProt/AF-Q9H322-F1-model_v4.pdb.gz
INFO:2025-10-30 14:35:58,083:Successfully computed HSC for Q9H322.
INFO:2025-10-30 14:35:58,084:Processing Q9H324 with model AF-Q9H324-F1-model_v4.pdb
ERROR:2025-10-30 14:35:58,331:No valid CDS found for Q9H324
INFO:2025-10-30 14:35:58,331:Processing Q9H329 with model AF-Q9H329-F1-model_v4.pdb
INFO:2025-10-30 14:35:58,545:Computing HSC features for: Q9H329, ENST00000374566, ../Ntranos_Rotation/ESM-SaProt/AF-Q9H329-F1-model_v4.pdb.gz
INFO:2025-10-30 14:37:41,946:Successfully computed HSC for Q9H329.
INFO:2025-10-30 14:37:41,946:Processing Q9H330 with model AF-Q9H330-F1-model_v4.pdb
INFO:2025-10-30 14:37:42,053:Computing HSC features for: Q9H330, ENST00000374586, ../Ntranos_Rotation/ESM-SaProt/AF-Q9H330-F1-model_v4.pdb.gz
INFO:2025-10-30 14:39:13,044:Successfully computed HSC for Q9H330.
INFO:2025-10-30 14:39:13,044:Processing Q9H334 with model AF-Q9H334-F1-model_v4.pdb
INFO:2025-10-30 14:39:13,373:Computing HSC features for: Q9H334, ENST00000318789, ../Ntranos_Rotation/ESM-SaProt/AF-Q9H334-F1-model_v4.pdb.gz
INFO:2025-10-30 14:40:20,182:Successfully computed HSC for Q9H334.
INFO:2025-10-30 14:40:20,182:Processing Q9H336 with model AF-Q9H336-F1-model_v4.pdb
INFO:2025-10-30 14:40:20,259:Computing HSC features for: Q9H336, ENST00000262207, ../Ntranos_Rotation/ESM-SaProt/AF-Q9H336-F1-model_v4.pdb.gz
INFO:2025-10-30 14:41:12,036:Successfully computed HSC for Q9H336.
INFO:2025-10-30 14:41:12,037:Processing Q9H339 with model AF-Q9H339-F1-model_v4.pdb
INFO:2025-10-30 14:41:12,130:Computing HSC features for: Q9H339, ENST00000300773, ../Ntranos_Rotation/ESM-SaProt/AF-Q9H339-F1-model_v4.pdb.gz
INFO:2025-10-30 14:41:36,378:Successfully computed HSC for Q9H339.
INFO:2025-10-30 14:41:36,378:Processing Q9H340 with model AF-Q9H340-F1-model_v4.pdb
INFO:2025-10-30 14:41:36,469:Computing HSC features for: Q9H340, ENST00000380219, ../Ntranos_Rotation/ESM-SaProt/AF-Q9H340-F1-model_v4.pdb.gz
INFO:2025-10-30 14:41:59,149:Successfully computed HSC for Q9H340.
INFO:2025-10-30 14:41:59,149:Processing Q9H341 with model AF-Q9H341-F1-model_v4.pdb
INFO:2025-10-30 14:41:59,259:Computing HSC features for: Q9H341, ENST00000328611, ../Ntranos_Rotation/ESM-SaProt/AF-Q9H341-F1-model_v4.pdb.gz
INFO:2025-10-30 14:42:24,773:Successfully computed HSC for Q9H341.
INFO:2025-10-30 14:42:24,773:Processing Q9H342 with model AF-Q9H342-F1-model_v4.pdb
ERROR:2025-10-30 14:42:24,837:No ENST transcript IDs were mapped to Q9H342
INFO:2025-10-30 14:42:24,837:Processing Q9H343 with model AF-Q9H343-F1-model_v4.pdb
INFO:2025-10-30 14:42:25,089:Computing HSC features for: Q9H343, ENST00000380211, ../Ntranos_Rotation/ESM-SaProt/AF-Q9H343-F1-model_v4.pdb.gz
INFO:2025-10-30 14:42:48,903:Successfully computed HSC for Q9H343.
INFO:2025-10-30 14:42:48,903:Processing Q9H344 with model AF-Q9H344-F1-model_v4.pdb
ERROR:2025-10-30 14:42:48,981:No transcript record found for Q9H344 in gnomAD.
INFO:2025-10-30 14:42:48,981:Processing Q9H346 with model AF-Q9H346-F1-model_v4.pdb
INFO:2025-10-30 14:42:49,075:Computing HSC features for: Q9H346, ENST00000322641, ../Ntranos_Rotation/ESM-SaProt/AF-Q9H346-F1-model_v4.pdb.gz
INFO:2025-10-30 14:43:31,767:Successfully computed HSC for Q9H346.
INFO:2025-10-30 14:43:31,767:Processing Q9H347 with model AF-Q9H347-F1-model_v4.pdb
INFO:2025-10-30 14:43:31,923:Computing HSC features for: Q9H347, ENST00000311659, ../Ntranos_Rotation/ESM-SaProt/AF-Q9H347-F1-model_v4.pdb.gz
INFO:2025-10-30 14:44:26,251:Successfully computed HSC for Q9H347.
INFO:2025-10-30 14:44:26,251:Processing Q9H354 with model AF-Q9H354-F1-model_v4.pdb
ERROR:2025-10-30 14:44:26,317:No ENST transcript IDs were mapped to Q9H354
INFO:2025-10-30 14:44:26,317:Processing Q9H361 with model AF-Q9H361-F1-model_v4.pdb
INFO:2025-10-30 14:44:26,445:Computing HSC features for: Q9H361, ENST00000281589, ../Ntranos_Rotation/ESM-SaProt/AF-Q9H361-F1-model_v4.pdb.gz
INFO:2025-10-30 14:45:30,062:Successfully computed HSC for Q9H361.
INFO:2025-10-30 14:45:30,062:Processing Q9H379 with model AF-Q9H379-F1-model_v4.pdb
ERROR:2025-10-30 14:45:30,108:No ENST transcript IDs were mapped to Q9H379
INFO:2025-10-30 14:45:30,108:Processing Q9H3A6 with model AF-Q9H3A6-F1-model_v4.pdb
ERROR:2025-10-30 14:45:30,178:No transcript record found for Q9H3A6 in gnomAD.
INFO:2025-10-30 14:45:30,178:Processing Q9H3C7 with model AF-Q9H3C7-F1-model_v4.pdb
ERROR:2025-10-30 14:45:30,348:No transcript record found for Q9H3C7 in gnomAD.
INFO:2025-10-30 14:45:30,349:Processing Q9H3D4 with model AF-Q9H3D4-F1-model_v4.pdb
INFO:2025-10-30 14:45:30,515:Computing HSC features for: Q9H3D4, ENST00000264731, ../Ntranos_Rotation/ESM-SaProt/AF-Q9H3D4-F1-model_v4.pdb.gz
INFO:2025-10-30 14:46:38,773:Successfully computed HSC for Q9H3D4.
INFO:2025-10-30 14:46:38,773:Processing Q9H3E2 with model AF-Q9H3E2-F1-model_v4.pdb
INFO:2025-10-30 14:46:38,899:Computing HSC features for: Q9H3E2, ENST00000264694, ../Ntranos_Rotation/ESM-SaProt/AF-Q9H3E2-F1-model_v4.pdb.gz
INFO:2025-10-30 14:47:48,685:Successfully computed HSC for Q9H3E2.
INFO:2025-10-30 14:47:48,685:Processing Q9H3F6 with model AF-Q9H3F6-F1-model_v4.pdb
INFO:2025-10-30 14:47:48,779:Computing HSC features for: Q9H3F6, ENST00000228495, ../Ntranos_Rotation/ESM-SaProt/AF-Q9H3F6-F1-model_v4.pdb.gz
INFO:2025-10-30 14:48:24,994:Successfully computed HSC for Q9H3F6.
INFO:2025-10-30 14:48:24,995:Processing Q9H3G5 with model AF-Q9H3G5-F1-model_v4.pdb
INFO:2025-10-30 14:48:25,103:Computing HSC features for: Q9H3G5, ENST00000265394, ../Ntranos_Rotation/ESM-SaProt/AF-Q9H3G5-F1-model_v4.pdb.gz
INFO:2025-10-30 14:49:04,202:Successfully computed HSC for Q9H3G5.
INFO:2025-10-30 14:49:04,202:Processing Q9H3H1 with model AF-Q9H3H1-F1-model_v4.pdb
INFO:2025-10-30 14:49:04,280:Computing HSC features for: Q9H3H1, ENST00000316891, ../Ntranos_Rotation/ESM-SaProt/AF-Q9H3H1-F1-model_v4.pdb.gz
INFO:2025-10-30 14:49:43,554:Successfully computed HSC for Q9H3H1.
INFO:2025-10-30 14:49:43,554:Processing Q9H3H3 with model AF-Q9H3H3-F1-model_v4.pdb
INFO:2025-10-30 14:49:43,629:Computing HSC features for: Q9H3H3, ENST00000449692, ../Ntranos_Rotation/ESM-SaProt/AF-Q9H3H3-F1-model_v4.pdb.gz
INFO:2025-10-30 14:50:21,139:Successfully computed HSC for Q9H3H3.
INFO:2025-10-30 14:50:21,139:Processing Q9H3H5 with model AF-Q9H3H5-F1-model_v4.pdb
INFO:2025-10-30 14:50:21,242:Computing HSC features for: Q9H3H5, ENST00000354202, ../Ntranos_Rotation/ESM-SaProt/AF-Q9H3H5-F1-model_v4.pdb.gz
INFO:2025-10-30 14:50:57,193:Successfully computed HSC for Q9H3H5.
INFO:2025-10-30 14:50:57,193:Processing Q9H4S2 with model AF-Q9H4S2-F1-model_v4.pdb
INFO:2025-10-30 14:50:57,290:Computing HSC features for: Q9H4S2, ENST00000302945, ../Ntranos_Rotation/ESM-SaProt/AF-Q9H4S2-F1-model_v4.pdb.gz
INFO:2025-10-30 14:51:37,957:Successfully computed HSC for Q9H4S2.
INFO:2025-10-30 14:51:37,957:Processing Q9H4T2 with model AF-Q9H4T2-F1-model_v4.pdb
ERROR:2025-10-30 14:51:38,043:No transcript record found for Q9H4T2 in gnomAD.
INFO:2025-10-30 14:51:38,043:Processing Q9H4W6 with model AF-Q9H4W6-F1-model_v4.pdb
INFO:2025-10-30 14:51:38,138:Computing HSC features for: Q9H4W6, ENST00000355311, ../Ntranos_Rotation/ESM-SaProt/AF-Q9H4W6-F1-model_v4.pdb.gz
INFO:2025-10-30 14:52:53,040:Successfully computed HSC for Q9H4W6.
INFO:2025-10-30 14:52:53,040:Processing Q9H4X1 with model AF-Q9H4X1-F1-model_v4.pdb
INFO:2025-10-30 14:52:53,102:Computing HSC features for: Q9H4X1, ENST00000379359, ../Ntranos_Rotation/ESM-SaProt/AF-Q9H4X1-F1-model_v4.pdb.gz
INFO:2025-10-30 14:53:13,874:Successfully computed HSC for Q9H4X1.
INFO:2025-10-30 14:53:13,874:Processing Q9H4Y5 with model AF-Q9H4Y5-F1-model_v4.pdb
INFO:2025-10-30 14:53:13,958:Computing HSC features for: Q9H4Y5, ENST00000338595, ../Ntranos_Rotation/ESM-SaProt/AF-Q9H4Y5-F1-model_v4.pdb.gz
INFO:2025-10-30 14:53:39,483:Successfully computed HSC for Q9H4Y5.
INFO:2025-10-30 14:53:39,484:Processing Q9H4Z2 with model AF-Q9H4Z2-F1-model_v4.pdb
INFO:2025-10-30 14:53:39,828:Computing HSC features for: Q9H4Z2, ENST00000322927, ../Ntranos_Rotation/ESM-SaProt/AF-Q9H4Z2-F1-model_v4.pdb.gz
INFO:2025-10-30 14:56:08,342:Successfully computed HSC for Q9H4Z2.
INFO:2025-10-30 14:56:08,342:Processing Q9H4Z3 with model AF-Q9H4Z3-F1-model_v4.pdb
INFO:2025-10-30 14:56:08,515:Computing HSC features for: Q9H4Z3, ENST00000372409, ../Ntranos_Rotation/ESM-SaProt/AF-Q9H4Z3-F1-model_v4.pdb.gz
INFO:2025-10-30 14:57:33,583:Successfully computed HSC for Q9H4Z3.
INFO:2025-10-30 14:57:33,583:Processing Q9H501 with model AF-Q9H501-F1-model_v4.pdb
INFO:2025-10-30 14:57:33,755:Computing HSC features for: Q9H501, ENST00000202816, ../Ntranos_Rotation/ESM-SaProt/AF-Q9H501-F1-model_v4.pdb.gz
INFO:2025-10-30 14:58:35,559:Successfully computed HSC for Q9H501.
INFO:2025-10-30 14:58:35,559:Processing Q9H503 with model AF-Q9H503-F1-model_v4.pdb
INFO:2025-10-30 14:58:35,597:Computing HSC features for: Q9H503, ENST00000246090, ../Ntranos_Rotation/ESM-SaProt/AF-Q9H503-F1-model_v4.pdb.gz
INFO:2025-10-30 14:58:44,034:Successfully computed HSC for Q9H503.
INFO:2025-10-30 14:58:44,034:Processing Q9H511 with model AF-Q9H511-F1-model_v4.pdb
INFO:2025-10-30 14:58:44,136:Computing HSC features for: Q9H511, ENST00000370905, ../Ntranos_Rotation/ESM-SaProt/AF-Q9H511-F1-model_v4.pdb.gz
INFO:2025-10-30 14:59:56,198:Successfully computed HSC for Q9H511.
INFO:2025-10-30 14:59:56,198:Processing Q9H521 with model AF-Q9H521-F1-model_v4.pdb
ERROR:2025-10-30 14:59:56,235:No ENST transcript IDs were mapped to Q9H521
INFO:2025-10-30 14:59:56,235:Processing Q9H553 with model AF-Q9H553-F1-model_v4.pdb
INFO:2025-10-30 14:59:56,350:Computing HSC features for: Q9H553, ENST00000476832, ../Ntranos_Rotation/ESM-SaProt/AF-Q9H553-F1-model_v4.pdb.gz
INFO:2025-10-30 15:00:44,806:Successfully computed HSC for Q9H553.
INFO:2025-10-30 15:00:44,806:Processing Q9H560 with model AF-Q9H560-F1-model_v4.pdb
ERROR:2025-10-30 15:00:44,901:No ENST transcript IDs were mapped to Q9H560
INFO:2025-10-30 15:00:44,901:Processing Q9H568 with model AF-Q9H568-F1-model_v4.pdb
INFO:2025-10-30 15:00:44,982:Computing HSC features for: Q9H568, ENST00000375406, ../Ntranos_Rotation/ESM-SaProt/AF-Q9H568-F1-model_v4.pdb.gz
INFO:2025-10-30 15:01:40,447:Successfully computed HSC for Q9H568.
INFO:2025-10-30 15:01:40,447:Pipeline completed.
INFO:2025-10-30 15:01:40,447:no_enst_for_uniprot: 5
INFO:2025-10-30 15:01:40,447:no_valid_cds: 2
INFO:2025-10-30 15:01:40,447:no_variant_data: 5
INFO:2025-10-30 15:01:40,447:bad_structure: 0
INFO:2025-10-30 15:01:40,447:no_enst_mp: 0
