INFO:2025-10-30 14:27:03,717:Starting HSC computation pipeline...
INFO:2025-10-30 14:27:53,551:Processing Q9BYQ8 with model AF-Q9BYQ8-F1-model_v4.pdb
ERROR:2025-10-30 14:27:53,640:No transcript record found for Q9BYQ8 in gnomAD.
INFO:2025-10-30 14:27:53,640:Processing Q9BYQ9 with model AF-Q9BYQ9-F1-model_v4.pdb
ERROR:2025-10-30 14:27:53,700:No transcript record found for Q9BYQ9 in gnomAD.
INFO:2025-10-30 14:27:53,700:Processing Q9BYR0 with model AF-Q9BYR0-F1-model_v4.pdb
ERROR:2025-10-30 14:27:53,775:No transcript record found for Q9BYR0 in gnomAD.
INFO:2025-10-30 14:27:53,775:Processing Q9BYR2 with model AF-Q9BYR2-F1-model_v4.pdb
ERROR:2025-10-30 14:27:53,865:No transcript record found for Q9BYR2 in gnomAD.
INFO:2025-10-30 14:27:53,865:Processing Q9BYR3 with model AF-Q9BYR3-F1-model_v4.pdb
ERROR:2025-10-30 14:27:53,946:No transcript record found for Q9BYR3 in gnomAD.
INFO:2025-10-30 14:27:53,946:Processing Q9BYR4 with model AF-Q9BYR4-F1-model_v4.pdb
INFO:2025-10-30 14:27:54,020:Computing HSC features for: Q9BYR4, ENST00000391356, ../Ntranos_Rotation/ESM-SaProt/AF-Q9BYR4-F1-model_v4.pdb.gz
INFO:2025-10-30 14:28:13,815:Successfully computed HSC for Q9BYR4.
INFO:2025-10-30 14:28:13,816:Processing Q9BYR5 with model AF-Q9BYR5-F1-model_v4.pdb
INFO:2025-10-30 14:28:13,903:Computing HSC features for: Q9BYR5, ENST00000377726, ../Ntranos_Rotation/ESM-SaProt/AF-Q9BYR5-F1-model_v4.pdb.gz
INFO:2025-10-30 14:28:27,572:Successfully computed HSC for Q9BYR5.
INFO:2025-10-30 14:28:27,572:Processing Q9BYR6 with model AF-Q9BYR6-F1-model_v4.pdb
INFO:2025-10-30 14:28:27,620:Computing HSC features for: Q9BYR6, ENST00000391586, ../Ntranos_Rotation/ESM-SaProt/AF-Q9BYR6-F1-model_v4.pdb.gz
INFO:2025-10-30 14:28:37,173:Successfully computed HSC for Q9BYR6.
INFO:2025-10-30 14:28:37,173:Processing Q9BYR7 with model AF-Q9BYR7-F1-model_v4.pdb
INFO:2025-10-30 14:28:37,246:Computing HSC features for: Q9BYR7, ENST00000391587, ../Ntranos_Rotation/ESM-SaProt/AF-Q9BYR7-F1-model_v4.pdb.gz
INFO:2025-10-30 14:28:47,041:Successfully computed HSC for Q9BYR7.
INFO:2025-10-30 14:28:47,041:Processing Q9BYR8 with model AF-Q9BYR8-F1-model_v4.pdb
INFO:2025-10-30 14:28:47,115:Computing HSC features for: Q9BYR8, ENST00000391588, ../Ntranos_Rotation/ESM-SaProt/AF-Q9BYR8-F1-model_v4.pdb.gz
INFO:2025-10-30 14:28:57,539:Successfully computed HSC for Q9BYR8.
INFO:2025-10-30 14:28:57,539:Processing Q9BYR9 with model AF-Q9BYR9-F1-model_v4.pdb
ERROR:2025-10-30 14:28:57,574:No transcript record found for Q9BYR9 in gnomAD.
INFO:2025-10-30 14:28:57,574:Processing Q9BZR8 with model AF-Q9BZR8-F1-model_v4.pdb
INFO:2025-10-30 14:28:57,701:Computing HSC features for: Q9BZR8, ENST00000308721, ../Ntranos_Rotation/ESM-SaProt/AF-Q9BZR8-F1-model_v4.pdb.gz
INFO:2025-10-30 14:29:27,317:Successfully computed HSC for Q9BZR8.
INFO:2025-10-30 14:29:27,317:Processing Q9BZR9 with model AF-Q9BZR9-F1-model_v4.pdb
ERROR:2025-10-30 14:29:27,465:No transcript record found for Q9BZR9 in gnomAD.
INFO:2025-10-30 14:29:27,465:Processing Q9BZS1 with model AF-Q9BZS1-F1-model_v4.pdb
INFO:2025-10-30 14:29:27,555:Computing HSC features for: Q9BZS1, ENST00000376207, ../Ntranos_Rotation/ESM-SaProt/AF-Q9BZS1-F1-model_v4.pdb.gz
INFO:2025-10-30 14:30:06,913:Successfully computed HSC for Q9BZS1.
INFO:2025-10-30 14:30:06,913:Processing Q9BZS9 with model AF-Q9BZS9-F1-model_v4.pdb
ERROR:2025-10-30 14:30:07,179:No ENST transcript IDs were mapped to Q9BZS9
INFO:2025-10-30 14:30:07,179:Processing Q9BZV1 with model AF-Q9BZV1-F1-model_v4.pdb
INFO:2025-10-30 14:30:07,271:Computing HSC features for: Q9BZV1, ENST00000301281, ../Ntranos_Rotation/ESM-SaProt/AF-Q9BZV1-F1-model_v4.pdb.gz
INFO:2025-10-30 14:31:05,873:Successfully computed HSC for Q9BZV1.
INFO:2025-10-30 14:31:05,873:Processing Q9BZV2 with model AF-Q9BZV2-F1-model_v4.pdb
INFO:2025-10-30 14:31:05,955:Computing HSC features for: Q9BZV2, ENST00000258403, ../Ntranos_Rotation/ESM-SaProt/AF-Q9BZV2-F1-model_v4.pdb.gz
INFO:2025-10-30 14:31:39,009:Successfully computed HSC for Q9BZV2.
INFO:2025-10-30 14:31:39,009:Processing Q9BZV3 with model AF-Q9BZV3-F1-model_v4.pdb
INFO:2025-10-30 14:31:39,144:Computing HSC features for: Q9BZV3, ENST00000193391, ../Ntranos_Rotation/ESM-SaProt/AF-Q9BZV3-F1-model_v4.pdb.gz
INFO:2025-10-30 14:32:49,331:Successfully computed HSC for Q9BZV3.
INFO:2025-10-30 14:32:49,331:Processing Q9BZW2 with model AF-Q9BZW2-F1-model_v4.pdb
INFO:2025-10-30 14:32:49,425:Computing HSC features for: Q9BZW2, ENST00000194130, ../Ntranos_Rotation/ESM-SaProt/AF-Q9BZW2-F1-model_v4.pdb.gz
INFO:2025-10-30 14:33:25,609:Successfully computed HSC for Q9BZW2.
INFO:2025-10-30 14:33:25,610:Processing Q9BZW4 with model AF-Q9BZW4-F1-model_v4.pdb
INFO:2025-10-30 14:33:25,698:Computing HSC features for: Q9BZW4, ENST00000389363, ../Ntranos_Rotation/ESM-SaProt/AF-Q9BZW4-F1-model_v4.pdb.gz
INFO:2025-10-30 14:33:57,745:Successfully computed HSC for Q9BZW4.
INFO:2025-10-30 14:33:57,745:Processing Q9BZW5 with model AF-Q9BZW5-F1-model_v4.pdb
INFO:2025-10-30 14:33:57,832:Computing HSC features for: Q9BZW5, ENST00000322019, ../Ntranos_Rotation/ESM-SaProt/AF-Q9BZW5-F1-model_v4.pdb.gz
INFO:2025-10-30 14:34:21,992:Successfully computed HSC for Q9BZW5.
INFO:2025-10-30 14:34:21,992:Processing Q9BZW7 with model AF-Q9BZW7-F1-model_v4.pdb
INFO:2025-10-30 14:34:22,112:Computing HSC features for: Q9BZW7, ENST00000355053, ../Ntranos_Rotation/ESM-SaProt/AF-Q9BZW7-F1-model_v4.pdb.gz
INFO:2025-10-30 14:35:02,664:Successfully computed HSC for Q9BZW7.
INFO:2025-10-30 14:35:02,664:Processing Q9BZW8 with model AF-Q9BZW8-F1-model_v4.pdb
INFO:2025-10-30 14:35:02,775:Computing HSC features for: Q9BZW8, ENST00000368033, ../Ntranos_Rotation/ESM-SaProt/AF-Q9BZW8-F1-model_v4.pdb.gz
INFO:2025-10-30 14:35:24,560:Successfully computed HSC for Q9BZW8.
INFO:2025-10-30 14:35:24,560:Processing Q9BZX2 with model AF-Q9BZX2-F1-model_v4.pdb
INFO:2025-10-30 14:35:24,616:Computing HSC features for: Q9BZX2, ENST00000367879, ../Ntranos_Rotation/ESM-SaProt/AF-Q9BZX2-F1-model_v4.pdb.gz
INFO:2025-10-30 14:35:44,732:Successfully computed HSC for Q9BZX2.
INFO:2025-10-30 14:35:44,732:Processing Q9BZX4 with model AF-Q9BZX4-F1-model_v4.pdb
INFO:2025-10-30 14:35:44,778:Computing HSC features for: Q9BZX4, ENST00000251776, ../Ntranos_Rotation/ESM-SaProt/AF-Q9BZX4-F1-model_v4.pdb.gz
INFO:2025-10-30 14:36:00,977:Successfully computed HSC for Q9BZX4.
INFO:2025-10-30 14:36:00,977:Processing Q9BZY9 with model AF-Q9BZY9-F1-model_v4.pdb
INFO:2025-10-30 14:36:01,075:Computing HSC features for: Q9BZY9, ENST00000376734, ../Ntranos_Rotation/ESM-SaProt/AF-Q9BZY9-F1-model_v4.pdb.gz
INFO:2025-10-30 14:36:28,771:Successfully computed HSC for Q9BZY9.
INFO:2025-10-30 14:36:28,771:Processing Q9BZZ2 with model AF-Q9BZZ2-F1-model_v4.pdb
ERROR:2025-10-30 14:36:29,016:No transcript record found for Q9BZZ2 in gnomAD.
INFO:2025-10-30 14:36:29,016:Processing Q9BZZ5 with model AF-Q9BZZ5-F1-model_v4.pdb
INFO:2025-10-30 14:36:29,122:Computing HSC features for: Q9BZZ5, ENST00000531273, ../Ntranos_Rotation/ESM-SaProt/AF-Q9BZZ5-F1-model_v4.pdb.gz
INFO:2025-10-30 14:37:16,126:Successfully computed HSC for Q9BZZ5.
INFO:2025-10-30 14:37:16,126:Processing Q9C000 with model AF-Q9C000-F1-model_v4.pdb
ERROR:2025-10-30 14:37:16,375:No transcript record found for Q9C000 in gnomAD.
INFO:2025-10-30 14:37:16,376:Processing Q9C002 with model AF-Q9C002-F1-model_v4.pdb
INFO:2025-10-30 14:37:16,425:Computing HSC features for: Q9C002, ENST00000344300, ../Ntranos_Rotation/ESM-SaProt/AF-Q9C002-F1-model_v4.pdb.gz
INFO:2025-10-30 14:37:24,574:Successfully computed HSC for Q9C002.
INFO:2025-10-30 14:37:24,574:Processing Q9C004 with model AF-Q9C004-F1-model_v4.pdb
INFO:2025-10-30 14:37:24,635:Computing HSC features for: Q9C004, ENST00000434127, ../Ntranos_Rotation/ESM-SaProt/AF-Q9C004-F1-model_v4.pdb.gz
INFO:2025-10-30 14:37:57,040:Successfully computed HSC for Q9C004.
INFO:2025-10-30 14:37:57,040:Processing Q9C005 with model AF-Q9C005-F1-model_v4.pdb
INFO:2025-10-30 14:37:57,076:Computing HSC features for: Q9C005, ENST00000295066, ../Ntranos_Rotation/ESM-SaProt/AF-Q9C005-F1-model_v4.pdb.gz
INFO:2025-10-30 14:38:03,455:Successfully computed HSC for Q9C005.
INFO:2025-10-30 14:38:03,455:Processing Q9C009 with model AF-Q9C009-F1-model_v4.pdb
INFO:2025-10-30 14:38:03,510:Computing HSC features for: Q9C009, ENST00000296839, ../Ntranos_Rotation/ESM-SaProt/AF-Q9C009-F1-model_v4.pdb.gz
INFO:2025-10-30 14:39:06,259:Successfully computed HSC for Q9C009.
INFO:2025-10-30 14:39:06,259:Processing Q9C010 with model AF-Q9C010-F1-model_v4.pdb
INFO:2025-10-30 14:39:06,318:Computing HSC features for: Q9C010, ENST00000354275, ../Ntranos_Rotation/ESM-SaProt/AF-Q9C010-F1-model_v4.pdb.gz
INFO:2025-10-30 14:39:11,701:Successfully computed HSC for Q9C010.
INFO:2025-10-30 14:39:11,701:Processing Q9C019 with model AF-Q9C019-F1-model_v4.pdb
INFO:2025-10-30 14:39:11,788:Computing HSC features for: Q9C019, ENST00000376694, ../Ntranos_Rotation/ESM-SaProt/AF-Q9C019-F1-model_v4.pdb.gz
INFO:2025-10-30 14:39:51,276:Successfully computed HSC for Q9C019.
INFO:2025-10-30 14:39:51,276:Processing Q9C026 with model AF-Q9C026-F1-model_v4.pdb
INFO:2025-10-30 14:39:51,413:Computing HSC features for: Q9C026, ENST00000298355, ../Ntranos_Rotation/ESM-SaProt/AF-Q9C026-F1-model_v4.pdb.gz
INFO:2025-10-30 14:41:21,860:Successfully computed HSC for Q9C026.
INFO:2025-10-30 14:41:21,860:Processing Q9C029 with model AF-Q9C029-F1-model_v4.pdb
INFO:2025-10-30 14:41:21,923:Computing HSC features for: Q9C029, ENST00000274773, ../Ntranos_Rotation/ESM-SaProt/AF-Q9C029-F1-model_v4.pdb.gz
INFO:2025-10-30 14:42:17,720:Successfully computed HSC for Q9C029.
INFO:2025-10-30 14:42:17,720:Processing Q9C030 with model AF-Q9C030-F1-model_v4.pdb
INFO:2025-10-30 14:42:17,783:Computing HSC features for: Q9C030, ENST00000278302, ../Ntranos_Rotation/ESM-SaProt/AF-Q9C030-F1-model_v4.pdb.gz
INFO:2025-10-30 14:42:47,665:Successfully computed HSC for Q9C030.
INFO:2025-10-30 14:42:47,666:Processing Q9C035 with model AF-Q9C035-F1-model_v4.pdb
INFO:2025-10-30 14:42:47,767:Computing HSC features for: Q9C035, ENST00000380034, ../Ntranos_Rotation/ESM-SaProt/AF-Q9C035-F1-model_v4.pdb.gz
INFO:2025-10-30 14:43:19,691:Successfully computed HSC for Q9C035.
INFO:2025-10-30 14:43:19,691:Processing Q9C037 with model AF-Q9C037-F1-model_v4.pdb
INFO:2025-10-30 14:43:19,790:Computing HSC features for: Q9C037, ENST00000355947, ../Ntranos_Rotation/ESM-SaProt/AF-Q9C037-F1-model_v4.pdb.gz
INFO:2025-10-30 14:44:16,380:Successfully computed HSC for Q9C037.
INFO:2025-10-30 14:44:16,380:Processing Q9C040 with model AF-Q9C040-F1-model_v4.pdb
INFO:2025-10-30 14:44:16,514:Computing HSC features for: Q9C040, ENST00000437508, ../Ntranos_Rotation/ESM-SaProt/AF-Q9C040-F1-model_v4.pdb.gz
INFO:2025-10-30 14:45:38,024:Successfully computed HSC for Q9C040.
INFO:2025-10-30 14:45:38,024:Processing Q9C056 with model AF-Q9C056-F1-model_v4.pdb
INFO:2025-10-30 14:45:38,084:Computing HSC features for: Q9C056, ENST00000368592, ../Ntranos_Rotation/ESM-SaProt/AF-Q9C056-F1-model_v4.pdb.gz
INFO:2025-10-30 14:46:36,801:Successfully computed HSC for Q9C056.
INFO:2025-10-30 14:46:36,801:Processing Q9C073 with model AF-Q9C073-F1-model_v4.pdb
INFO:2025-10-30 14:46:36,879:Computing HSC features for: Q9C073, ENST00000240364, ../Ntranos_Rotation/ESM-SaProt/AF-Q9C073-F1-model_v4.pdb.gz
INFO:2025-10-30 14:47:19,378:Successfully computed HSC for Q9C073.
INFO:2025-10-30 14:47:19,378:Processing Q9C075 with model AF-Q9C075-F1-model_v4.pdb
INFO:2025-10-30 14:47:19,529:Computing HSC features for: Q9C075, ENST00000209718, ../Ntranos_Rotation/ESM-SaProt/AF-Q9C075-F1-model_v4.pdb.gz
INFO:2025-10-30 14:47:48,764:Successfully computed HSC for Q9C075.
INFO:2025-10-30 14:47:48,764:Processing Q9C086 with model AF-Q9C086-F1-model_v4.pdb
INFO:2025-10-30 14:47:48,818:Computing HSC features for: Q9C086, ENST00000233331, ../Ntranos_Rotation/ESM-SaProt/AF-Q9C086-F1-model_v4.pdb.gz
INFO:2025-10-30 14:48:22,291:Successfully computed HSC for Q9C086.
INFO:2025-10-30 14:48:22,291:Processing Q9C091 with model AF-Q9C091-F1-model_v4.pdb
INFO:2025-10-30 14:48:22,479:Computing HSC features for: Q9C091, ENST00000424526, ../Ntranos_Rotation/ESM-SaProt/AF-Q9C091-F1-model_v4.pdb.gz
INFO:2025-10-30 14:50:31,692:Successfully computed HSC for Q9C091.
INFO:2025-10-30 14:50:31,692:Processing Q9C093 with model AF-Q9C093-F1-model_v4.pdb
INFO:2025-10-30 14:50:31,995:Computing HSC features for: Q9C093, ENST00000356031, ../Ntranos_Rotation/ESM-SaProt/AF-Q9C093-F1-model_v4.pdb.gz
INFO:2025-10-30 14:52:16,409:Successfully computed HSC for Q9C093.
INFO:2025-10-30 14:52:16,410:Processing Q9C098 with model AF-Q9C098-F1-model_v4.pdb
INFO:2025-10-30 14:52:16,523:Computing HSC features for: Q9C098, ENST00000416516, ../Ntranos_Rotation/ESM-SaProt/AF-Q9C098-F1-model_v4.pdb.gz
INFO:2025-10-30 14:53:03,503:Successfully computed HSC for Q9C098.
INFO:2025-10-30 14:53:03,503:Processing Q9C099 with model AF-Q9C099-F1-model_v4.pdb
INFO:2025-10-30 14:53:03,706:Computing HSC features for: Q9C099, ENST00000360375, ../Ntranos_Rotation/ESM-SaProt/AF-Q9C099-F1-model_v4.pdb.gz
INFO:2025-10-30 14:54:02,686:Successfully computed HSC for Q9C099.
INFO:2025-10-30 14:54:02,687:Processing Q9C0A0 with model AF-Q9C0A0-F1-model_v4.pdb
ERROR:2025-10-30 14:54:02,841:No transcript record found for Q9C0A0 in gnomAD.
INFO:2025-10-30 14:54:02,842:Pipeline completed.
INFO:2025-10-30 14:54:02,842:no_enst_for_uniprot: 1
INFO:2025-10-30 14:54:02,842:no_valid_cds: 0
INFO:2025-10-30 14:54:02,842:no_variant_data: 10
INFO:2025-10-30 14:54:02,842:bad_structure: 0
INFO:2025-10-30 14:54:02,842:no_enst_mp: 0
