INFO:2025-10-30 14:59:04,036:Starting HSC computation pipeline...
INFO:2025-10-30 15:00:12,978:Processing O43633 with model AF-O43633-F1-model_v4.pdb
INFO:2025-10-30 15:00:13,073:Computing HSC features for: O43633, ENST00000312547, ../Ntranos_Rotation/ESM-SaProt/AF-O43633-F1-model_v4.pdb.gz
INFO:2025-10-30 15:00:43,863:Successfully computed HSC for O43633.
INFO:2025-10-30 15:00:43,863:Processing O43638 with model AF-O43638-F1-model_v4.pdb
INFO:2025-10-30 15:00:43,973:Computing HSC features for: O43638, ENST00000375978, ../Ntranos_Rotation/ESM-SaProt/AF-O43638-F1-model_v4.pdb.gz
INFO:2025-10-30 15:01:36,328:Successfully computed HSC for O43638.
INFO:2025-10-30 15:01:36,328:Processing O43639 with model AF-O43639-F1-model_v4.pdb
INFO:2025-10-30 15:01:36,444:Computing HSC features for: O43639, ENST00000233154, ../Ntranos_Rotation/ESM-SaProt/AF-O43639-F1-model_v4.pdb.gz
INFO:2025-10-30 15:02:47,281:Successfully computed HSC for O43639.
INFO:2025-10-30 15:02:47,281:Processing O43653 with model AF-O43653-F1-model_v4.pdb
INFO:2025-10-30 15:02:47,328:Computing HSC features for: O43653, ENST00000301258, ../Ntranos_Rotation/ESM-SaProt/AF-O43653-F1-model_v4.pdb.gz
INFO:2025-10-30 15:03:06,561:Successfully computed HSC for O43653.
INFO:2025-10-30 15:03:06,562:Processing O43657 with model AF-O43657-F1-model_v4.pdb
INFO:2025-10-30 15:03:06,634:Computing HSC features for: O43657, ENST00000373020, ../Ntranos_Rotation/ESM-SaProt/AF-O43657-F1-model_v4.pdb.gz
INFO:2025-10-30 15:03:35,554:Successfully computed HSC for O43657.
INFO:2025-10-30 15:03:35,555:Processing O43660 with model AF-O43660-F1-model_v4.pdb
INFO:2025-10-30 15:03:35,663:Computing HSC features for: O43660, ENST00000499023, ../Ntranos_Rotation/ESM-SaProt/AF-O43660-F1-model_v4.pdb.gz
INFO:2025-10-30 15:04:21,827:Successfully computed HSC for O43660.
INFO:2025-10-30 15:04:21,827:Processing O43663 with model AF-O43663-F1-model_v4.pdb
INFO:2025-10-30 15:04:21,919:Computing HSC features for: O43663, ENST00000394249, ../Ntranos_Rotation/ESM-SaProt/AF-O43663-F1-model_v4.pdb.gz
INFO:2025-10-30 15:05:12,548:Successfully computed HSC for O43663.
INFO:2025-10-30 15:05:12,548:Processing O43665 with model AF-O43665-F1-model_v4.pdb
INFO:2025-10-30 15:05:12,627:Computing HSC features for: O43665, ENST00000369103, ../Ntranos_Rotation/ESM-SaProt/AF-O43665-F1-model_v4.pdb.gz
INFO:2025-10-30 15:05:38,499:Successfully computed HSC for O43665.
INFO:2025-10-30 15:05:38,499:Processing O43670 with model AF-O43670-F1-model_v4.pdb
INFO:2025-10-30 15:05:38,610:Computing HSC features for: O43670, ENST00000321233, ../Ntranos_Rotation/ESM-SaProt/AF-O43670-F1-model_v4.pdb.gz
INFO:2025-10-30 15:06:17,148:Successfully computed HSC for O43670.
INFO:2025-10-30 15:06:17,148:Processing O43674 with model AF-O43674-F1-model_v4.pdb
INFO:2025-10-30 15:06:17,355:Computing HSC features for: O43674, ENST00000259037, ../Ntranos_Rotation/ESM-SaProt/AF-O43674-F1-model_v4.pdb.gz
INFO:2025-10-30 15:06:31,042:Successfully computed HSC for O43674.
INFO:2025-10-30 15:06:31,043:Processing O43676 with model AF-O43676-F1-model_v4.pdb
INFO:2025-10-30 15:06:31,095:Computing HSC features for: O43676, ENST00000237889, ../Ntranos_Rotation/ESM-SaProt/AF-O43676-F1-model_v4.pdb.gz
INFO:2025-10-30 15:06:36,249:Successfully computed HSC for O43676.
INFO:2025-10-30 15:06:36,249:Processing O43677 with model AF-O43677-F1-model_v4.pdb
INFO:2025-10-30 15:06:36,281:Computing HSC features for: O43677, ENST00000394223, ../Ntranos_Rotation/ESM-SaProt/AF-O43677-F1-model_v4.pdb.gz
INFO:2025-10-30 15:06:48,356:Successfully computed HSC for O43677.
INFO:2025-10-30 15:06:48,356:Processing O43678 with model AF-O43678-F1-model_v4.pdb
INFO:2025-10-30 15:06:48,418:Computing HSC features for: O43678, ENST00000252102, ../Ntranos_Rotation/ESM-SaProt/AF-O43678-F1-model_v4.pdb.gz
INFO:2025-10-30 15:07:03,865:Successfully computed HSC for O43678.
INFO:2025-10-30 15:07:03,865:Processing O43679 with model AF-O43679-F1-model_v4.pdb
INFO:2025-10-30 15:07:03,951:Computing HSC features for: O43679, ENST00000304523, ../Ntranos_Rotation/ESM-SaProt/AF-O43679-F1-model_v4.pdb.gz
INFO:2025-10-30 15:07:29,248:Successfully computed HSC for O43679.
INFO:2025-10-30 15:07:29,249:Processing O43680 with model AF-O43680-F1-model_v4.pdb
INFO:2025-10-30 15:07:29,323:Computing HSC features for: O43680, ENST00000237316, ../Ntranos_Rotation/ESM-SaProt/AF-O43680-F1-model_v4.pdb.gz
INFO:2025-10-30 15:07:47,077:Successfully computed HSC for O43680.
INFO:2025-10-30 15:07:47,077:Processing O43681 with model AF-O43681-F1-model_v4.pdb
INFO:2025-10-30 15:07:47,172:Computing HSC features for: O43681, ENST00000357332, ../Ntranos_Rotation/ESM-SaProt/AF-O43681-F1-model_v4.pdb.gz
INFO:2025-10-30 15:08:13,344:Successfully computed HSC for O43681.
INFO:2025-10-30 15:08:13,344:Processing O43683 with model AF-O43683-F1-model_v4.pdb
INFO:2025-10-30 15:08:13,479:Computing HSC features for: O43683, ENST00000302759, ../Ntranos_Rotation/ESM-SaProt/AF-O43683-F1-model_v4.pdb.gz
INFO:2025-10-30 15:09:11,697:Successfully computed HSC for O43683.
INFO:2025-10-30 15:09:11,698:Processing O43684 with model AF-O43684-F1-model_v4.pdb
INFO:2025-10-30 15:09:11,789:Computing HSC features for: O43684, ENST00000368865, ../Ntranos_Rotation/ESM-SaProt/AF-O43684-F1-model_v4.pdb.gz
INFO:2025-10-30 15:09:36,203:Successfully computed HSC for O43684.
INFO:2025-10-30 15:09:36,203:Processing O43688 with model AF-O43688-F1-model_v4.pdb
INFO:2025-10-30 15:09:36,270:Computing HSC features for: O43688, ENST00000434325, ../Ntranos_Rotation/ESM-SaProt/AF-O43688-F1-model_v4.pdb.gz
INFO:2025-10-30 15:10:23,662:Successfully computed HSC for O43688.
INFO:2025-10-30 15:10:23,663:Processing O43692 with model AF-O43692-F1-model_v4.pdb
INFO:2025-10-30 15:10:23,742:Computing HSC features for: O43692, ENST00000260113, ../Ntranos_Rotation/ESM-SaProt/AF-O43692-F1-model_v4.pdb.gz
INFO:2025-10-30 15:10:57,524:Successfully computed HSC for O43692.
INFO:2025-10-30 15:10:57,524:Processing O43699 with model AF-O43699-F1-model_v4.pdb
INFO:2025-10-30 15:10:57,625:Computing HSC features for: O43699, ENST00000425629, ../Ntranos_Rotation/ESM-SaProt/AF-O43699-F1-model_v4.pdb.gz
INFO:2025-10-30 15:11:30,715:Successfully computed HSC for O43699.
INFO:2025-10-30 15:11:30,715:Processing O43704 with model AF-O43704-F1-model_v4.pdb
INFO:2025-10-30 15:11:30,774:Computing HSC features for: O43704, ENST00000310613, ../Ntranos_Rotation/ESM-SaProt/AF-O43704-F1-model_v4.pdb.gz
INFO:2025-10-30 15:11:47,399:Successfully computed HSC for O43704.
INFO:2025-10-30 15:11:47,399:Processing O43707 with model AF-O43707-F1-model_v4.pdb
INFO:2025-10-30 15:11:47,555:Computing HSC features for: O43707, ENST00000252699, ../Ntranos_Rotation/ESM-SaProt/AF-O43707-F1-model_v4.pdb.gz
INFO:2025-10-30 15:13:20,353:Successfully computed HSC for O43707.
INFO:2025-10-30 15:13:20,353:Processing O43708 with model AF-O43708-F1-model_v4.pdb
ERROR:2025-10-30 15:13:20,415:No valid CDS found for O43708
INFO:2025-10-30 15:13:20,415:Processing O43709 with model AF-O43709-F1-model_v4.pdb
INFO:2025-10-30 15:13:20,484:Computing HSC features for: O43709, ENST00000265758, ../Ntranos_Rotation/ESM-SaProt/AF-O43709-F1-model_v4.pdb.gz
INFO:2025-10-30 15:13:41,063:Successfully computed HSC for O43709.
INFO:2025-10-30 15:13:41,063:Processing O43711 with model AF-O43711-F1-model_v4.pdb
INFO:2025-10-30 15:13:41,158:Computing HSC features for: O43711, ENST00000296921, ../Ntranos_Rotation/ESM-SaProt/AF-O43711-F1-model_v4.pdb.gz
INFO:2025-10-30 15:14:21,493:Successfully computed HSC for O43711.
INFO:2025-10-30 15:14:21,493:Processing O43715 with model AF-O43715-F1-model_v4.pdb
INFO:2025-10-30 15:14:21,583:Computing HSC features for: O43715, ENST00000546954, ../Ntranos_Rotation/ESM-SaProt/AF-O43715-F1-model_v4.pdb.gz
INFO:2025-10-30 15:14:30,454:Successfully computed HSC for O43715.
INFO:2025-10-30 15:14:30,454:Processing O43716 with model AF-O43716-F1-model_v4.pdb
INFO:2025-10-30 15:14:30,505:Computing HSC features for: O43716, ENST00000551765, ../Ntranos_Rotation/ESM-SaProt/AF-O43716-F1-model_v4.pdb.gz
INFO:2025-10-30 15:14:46,455:Successfully computed HSC for O43716.
INFO:2025-10-30 15:14:46,455:Processing O43719 with model AF-O43719-F1-model_v4.pdb
INFO:2025-10-30 15:14:46,546:Computing HSC features for: O43719, ENST00000218364, ../Ntranos_Rotation/ESM-SaProt/AF-O43719-F1-model_v4.pdb.gz
INFO:2025-10-30 15:15:33,295:Successfully computed HSC for O43719.
INFO:2025-10-30 15:15:33,295:Processing O43731 with model AF-O43731-F1-model_v4.pdb
INFO:2025-10-30 15:15:33,357:Computing HSC features for: O43731, ENST00000216014, ../Ntranos_Rotation/ESM-SaProt/AF-O43731-F1-model_v4.pdb.gz
INFO:2025-10-30 15:15:46,301:Successfully computed HSC for O43731.
INFO:2025-10-30 15:15:46,301:Processing O43734 with model AF-O43734-F1-model_v4.pdb
ERROR:2025-10-30 15:15:46,564:No transcript record found for O43734 in gnomAD.
INFO:2025-10-30 15:15:46,564:Processing O43736 with model AF-O43736-F1-model_v4.pdb
INFO:2025-10-30 15:15:46,628:Computing HSC features for: O43736, ENST00000373298, ../Ntranos_Rotation/ESM-SaProt/AF-O43736-F1-model_v4.pdb.gz
INFO:2025-10-30 15:16:20,209:Successfully computed HSC for O43736.
INFO:2025-10-30 15:16:20,210:Processing O43739 with model AF-O43739-F1-model_v4.pdb
ERROR:2025-10-30 15:16:20,305:No valid CDS found for O43739
INFO:2025-10-30 15:16:20,305:Processing O43741 with model AF-O43741-F1-model_v4.pdb
INFO:2025-10-30 15:16:20,371:Computing HSC features for: O43741, ENST00000254101, ../Ntranos_Rotation/ESM-SaProt/AF-O43741-F1-model_v4.pdb.gz
INFO:2025-10-30 15:16:56,100:Successfully computed HSC for O43741.
INFO:2025-10-30 15:16:56,100:Processing O43745 with model AF-O43745-F1-model_v4.pdb
INFO:2025-10-30 15:16:56,165:Computing HSC features for: O43745, ENST00000300113, ../Ntranos_Rotation/ESM-SaProt/AF-O43745-F1-model_v4.pdb.gz
INFO:2025-10-30 15:17:27,565:Successfully computed HSC for O43745.
INFO:2025-10-30 15:17:27,565:Processing O43747 with model AF-O43747-F1-model_v4.pdb
INFO:2025-10-30 15:17:27,709:Computing HSC features for: O43747, ENST00000299980, ../Ntranos_Rotation/ESM-SaProt/AF-O43747-F1-model_v4.pdb.gz
INFO:2025-10-30 15:18:28,605:Successfully computed HSC for O43747.
INFO:2025-10-30 15:18:28,605:Processing O43749 with model AF-O43749-F1-model_v4.pdb
INFO:2025-10-30 15:18:28,662:Computing HSC features for: O43749, ENST00000304646, ../Ntranos_Rotation/ESM-SaProt/AF-O43749-F1-model_v4.pdb.gz
INFO:2025-10-30 15:19:02,831:Successfully computed HSC for O43749.
INFO:2025-10-30 15:19:02,831:Processing O43752 with model AF-O43752-F1-model_v4.pdb
INFO:2025-10-30 15:19:02,890:Computing HSC features for: O43752, ENST00000258301, ../Ntranos_Rotation/ESM-SaProt/AF-O43752-F1-model_v4.pdb.gz
INFO:2025-10-30 15:19:32,658:Successfully computed HSC for O43752.
INFO:2025-10-30 15:19:32,658:Processing O43759 with model AF-O43759-F1-model_v4.pdb
INFO:2025-10-30 15:19:32,716:Computing HSC features for: O43759, ENST00000328933, ../Ntranos_Rotation/ESM-SaProt/AF-O43759-F1-model_v4.pdb.gz
INFO:2025-10-30 15:20:17,223:Successfully computed HSC for O43759.
INFO:2025-10-30 15:20:17,223:Processing O43760 with model AF-O43760-F1-model_v4.pdb
INFO:2025-10-30 15:20:17,291:Computing HSC features for: O43760, ENST00000225777, ../Ntranos_Rotation/ESM-SaProt/AF-O43760-F1-model_v4.pdb.gz
INFO:2025-10-30 15:20:53,392:Successfully computed HSC for O43760.
INFO:2025-10-30 15:20:53,392:Processing O43761 with model AF-O43761-F1-model_v4.pdb
ERROR:2025-10-30 15:20:53,441:No transcript record found for O43761 in gnomAD.
INFO:2025-10-30 15:20:53,442:Processing O43763 with model AF-O43763-F1-model_v4.pdb
INFO:2025-10-30 15:20:53,487:Computing HSC features for: O43763, ENST00000233638, ../Ntranos_Rotation/ESM-SaProt/AF-O43763-F1-model_v4.pdb.gz
INFO:2025-10-30 15:21:29,977:Successfully computed HSC for O43763.
INFO:2025-10-30 15:21:29,977:Processing O43765 with model AF-O43765-F1-model_v4.pdb
INFO:2025-10-30 15:21:30,039:Computing HSC features for: O43765, ENST00000221566, ../Ntranos_Rotation/ESM-SaProt/AF-O43765-F1-model_v4.pdb.gz
INFO:2025-10-30 15:22:00,147:Successfully computed HSC for O43765.
INFO:2025-10-30 15:22:00,147:Processing O43766 with model AF-O43766-F1-model_v4.pdb
ERROR:2025-10-30 15:22:00,223:No transcript record found for O43766 in gnomAD.
INFO:2025-10-30 15:22:00,223:Processing O43768 with model AF-O43768-F1-model_v4.pdb
INFO:2025-10-30 15:22:00,260:Computing HSC features for: O43768, ENST00000369014, ../Ntranos_Rotation/ESM-SaProt/AF-O43768-F1-model_v4.pdb.gz
INFO:2025-10-30 15:22:07,929:Successfully computed HSC for O43768.
INFO:2025-10-30 15:22:07,930:Processing O43772 with model AF-O43772-F1-model_v4.pdb
INFO:2025-10-30 15:22:07,985:Computing HSC features for: O43772, ENST00000319017, ../Ntranos_Rotation/ESM-SaProt/AF-O43772-F1-model_v4.pdb.gz
INFO:2025-10-30 15:22:28,691:Successfully computed HSC for O43772.
INFO:2025-10-30 15:22:28,691:Processing O43776 with model AF-O43776-F1-model_v4.pdb
INFO:2025-10-30 15:22:28,798:Computing HSC features for: O43776, ENST00000256854, ../Ntranos_Rotation/ESM-SaProt/AF-O43776-F1-model_v4.pdb.gz
INFO:2025-10-30 15:23:22,576:Successfully computed HSC for O43776.
INFO:2025-10-30 15:23:22,577:Processing O43781 with model AF-O43781-F1-model_v4.pdb
INFO:2025-10-30 15:23:22,664:Computing HSC features for: O43781, ENST00000367109, ../Ntranos_Rotation/ESM-SaProt/AF-O43781-F1-model_v4.pdb.gz
INFO:2025-10-30 15:24:00,925:Successfully computed HSC for O43781.
INFO:2025-10-30 15:24:00,925:Processing O43790 with model AF-O43790-F1-model_v4.pdb
INFO:2025-10-30 15:24:01,001:Computing HSC features for: O43790, ENST00000293525, ../Ntranos_Rotation/ESM-SaProt/AF-O43790-F1-model_v4.pdb.gz
INFO:2025-10-30 15:24:55,798:Successfully computed HSC for O43790.
INFO:2025-10-30 15:24:55,799:Processing O43791 with model AF-O43791-F1-model_v4.pdb
INFO:2025-10-30 15:24:55,919:Computing HSC features for: O43791, ENST00000347630, ../Ntranos_Rotation/ESM-SaProt/AF-O43791-F1-model_v4.pdb.gz
INFO:2025-10-30 15:25:29,426:Successfully computed HSC for O43791.
INFO:2025-10-30 15:25:29,427:Pipeline completed.
INFO:2025-10-30 15:25:29,427:no_enst_for_uniprot: 0
INFO:2025-10-30 15:25:29,427:no_valid_cds: 2
INFO:2025-10-30 15:25:29,427:no_variant_data: 3
INFO:2025-10-30 15:25:29,427:bad_structure: 0
INFO:2025-10-30 15:25:29,427:no_enst_mp: 0
