INFO:2025-10-30 14:59:04,105:Starting HSC computation pipeline...
INFO:2025-10-30 15:00:20,189:Processing H3BPF8 with model AF-H3BPF8-F1-model_v4.pdb
INFO:2025-10-30 15:00:20,356:Computing HSC features for: H3BPF8, ENST00000562295, ../Ntranos_Rotation/ESM-SaProt/AF-H3BPF8-F1-model_v4.pdb.gz
ERROR:2025-10-30 15:00:20,623:Missing ENST record in counts: ENST00000562295
INFO:2025-10-30 15:00:20,623:Processing H3BPM6 with model AF-H3BPM6-F1-model_v4.pdb
INFO:2025-10-30 15:00:20,692:Computing HSC features for: H3BPM6, ENST00000564146, ../Ntranos_Rotation/ESM-SaProt/AF-H3BPM6-F1-model_v4.pdb.gz
INFO:2025-10-30 15:00:52,499:Successfully computed HSC for H3BPM6.
INFO:2025-10-30 15:00:52,499:Processing H3BQB6 with model AF-H3BQB6-F1-model_v4.pdb
INFO:2025-10-30 15:00:52,585:Computing HSC features for: H3BQB6, ENST00000536551, ../Ntranos_Rotation/ESM-SaProt/AF-H3BQB6-F1-model_v4.pdb.gz
INFO:2025-10-30 15:01:27,143:Successfully computed HSC for H3BQB6.
INFO:2025-10-30 15:01:27,143:Processing H3BQJ8 with model AF-H3BQJ8-F1-model_v4.pdb
INFO:2025-10-30 15:01:27,401:Computing HSC features for: H3BQJ8, ENST00000562505, ../Ntranos_Rotation/ESM-SaProt/AF-H3BQJ8-F1-model_v4.pdb.gz
INFO:2025-10-30 15:01:44,367:Successfully computed HSC for H3BQJ8.
INFO:2025-10-30 15:01:44,367:Processing H3BQL2 with model AF-H3BQL2-F1-model_v4.pdb
INFO:2025-10-30 15:01:44,524:Computing HSC features for: H3BQL2, ENST00000569052, ../Ntranos_Rotation/ESM-SaProt/AF-H3BQL2-F1-model_v4.pdb.gz
ERROR:2025-10-30 15:01:44,714:Missing ENST record in counts: ENST00000569052
INFO:2025-10-30 15:01:44,714:Processing H3BQW9 with model AF-H3BQW9-F1-model_v4.pdb
INFO:2025-10-30 15:01:44,750:Computing HSC features for: H3BQW9, ENST00000432622, ../Ntranos_Rotation/ESM-SaProt/AF-H3BQW9-F1-model_v4.pdb.gz
INFO:2025-10-30 15:02:17,691:Successfully computed HSC for H3BQW9.
INFO:2025-10-30 15:02:17,691:Processing H3BR10 with model AF-H3BR10-F1-model_v4.pdb
INFO:2025-10-30 15:02:17,746:Computing HSC features for: H3BR10, ENST00000541421, ../Ntranos_Rotation/ESM-SaProt/AF-H3BR10-F1-model_v4.pdb.gz
INFO:2025-10-30 15:02:30,608:Successfully computed HSC for H3BR10.
INFO:2025-10-30 15:02:30,608:Processing H3BRN8 with model AF-H3BRN8-F1-model_v4.pdb
INFO:2025-10-30 15:02:30,649:Computing HSC features for: H3BRN8, ENST00000569691, ../Ntranos_Rotation/ESM-SaProt/AF-H3BRN8-F1-model_v4.pdb.gz
INFO:2025-10-30 15:02:42,467:Successfully computed HSC for H3BRN8.
INFO:2025-10-30 15:02:42,467:Processing H3BS89 with model AF-H3BS89-F1-model_v4.pdb
INFO:2025-10-30 15:02:42,588:Computing HSC features for: H3BS89, ENST00000565468, ../Ntranos_Rotation/ESM-SaProt/AF-H3BS89-F1-model_v4.pdb.gz
INFO:2025-10-30 15:03:37,185:Successfully computed HSC for H3BS89.
INFO:2025-10-30 15:03:37,185:Processing H3BSY2 with model AF-H3BSY2-F1-model_v4.pdb
INFO:2025-10-30 15:03:37,336:Computing HSC features for: H3BSY2, ENST00000563027, ../Ntranos_Rotation/ESM-SaProt/AF-H3BSY2-F1-model_v4.pdb.gz
INFO:2025-10-30 15:04:25,952:Successfully computed HSC for H3BSY2.
INFO:2025-10-30 15:04:25,952:Processing H3BTG2 with model AF-H3BTG2-F1-model_v4.pdb
INFO:2025-10-30 15:04:26,027:Computing HSC features for: H3BTG2, ENST00000566855, ../Ntranos_Rotation/ESM-SaProt/AF-H3BTG2-F1-model_v4.pdb.gz
INFO:2025-10-30 15:04:35,722:Successfully computed HSC for H3BTG2.
INFO:2025-10-30 15:04:35,722:Processing H3BU77 with model AF-H3BU77-F1-model_v4.pdb
INFO:2025-10-30 15:04:35,778:Computing HSC features for: H3BU77, ENST00000532798, ../Ntranos_Rotation/ESM-SaProt/AF-H3BU77-F1-model_v4.pdb.gz
INFO:2025-10-30 15:04:41,085:Successfully computed HSC for H3BU77.
INFO:2025-10-30 15:04:41,085:Processing H3BUK9 with model AF-H3BUK9-F1-model_v4.pdb
INFO:2025-10-30 15:04:41,232:Computing HSC features for: H3BUK9, ENST00000454856, ../Ntranos_Rotation/ESM-SaProt/AF-H3BUK9-F1-model_v4.pdb.gz
ERROR:2025-10-30 15:04:41,434:Missing ENST record in counts: ENST00000454856
INFO:2025-10-30 15:04:41,434:Processing H3BV12 with model AF-H3BV12-F1-model_v4.pdb
INFO:2025-10-30 15:04:41,563:Computing HSC features for: H3BV12, ENST00000562783, ../Ntranos_Rotation/ESM-SaProt/AF-H3BV12-F1-model_v4.pdb.gz
ERROR:2025-10-30 15:04:41,799:Missing ENST record in counts: ENST00000562783
INFO:2025-10-30 15:04:41,799:Processing H3BV60 with model AF-H3BV60-F1-model_v4.pdb
INFO:2025-10-30 15:04:41,877:Computing HSC features for: H3BV60, ENST00000565886, ../Ntranos_Rotation/ESM-SaProt/AF-H3BV60-F1-model_v4.pdb.gz
INFO:2025-10-30 15:06:21,534:Successfully computed HSC for H3BV60.
INFO:2025-10-30 15:06:21,534:Processing H7BZ55 with model AF-H7BZ55-F1-model_v4.pdb
ERROR:2025-10-30 15:06:21,965:No transcript record found for H7BZ55 in gnomAD.
INFO:2025-10-30 15:06:21,965:Processing H7C241 with model AF-H7C241-F1-model_v4.pdb
INFO:2025-10-30 15:06:22,096:Computing HSC features for: H7C241, ENST00000445307, ../Ntranos_Rotation/ESM-SaProt/AF-H7C241-F1-model_v4.pdb.gz
INFO:2025-10-30 15:06:57,335:Successfully computed HSC for H7C241.
INFO:2025-10-30 15:06:57,335:Processing H7C350 with model AF-H7C350-F1-model_v4.pdb
INFO:2025-10-30 15:06:57,444:Computing HSC features for: H7C350, ENST00000439765, ../Ntranos_Rotation/ESM-SaProt/AF-H7C350-F1-model_v4.pdb.gz
INFO:2025-10-30 15:08:03,404:Successfully computed HSC for H7C350.
INFO:2025-10-30 15:08:03,405:Processing I0J062 with model AF-I0J062-F1-model_v4.pdb
ERROR:2025-10-30 15:08:03,559:No transcript record found for I0J062 in gnomAD.
INFO:2025-10-30 15:08:03,559:Processing I1YAP6 with model AF-I1YAP6-F1-model_v4.pdb
INFO:2025-10-30 15:08:03,741:Computing HSC features for: I1YAP6, ENST00000398290, ../Ntranos_Rotation/ESM-SaProt/AF-I1YAP6-F1-model_v4.pdb.gz
INFO:2025-10-30 15:08:44,601:Successfully computed HSC for I1YAP6.
INFO:2025-10-30 15:08:44,601:Processing I3L0S3 with model AF-I3L0S3-F1-model_v4.pdb
ERROR:2025-10-30 15:08:44,654:No ENST transcript IDs were mapped to I3L0S3
INFO:2025-10-30 15:08:44,654:Processing I3L1E1 with model AF-I3L1E1-F1-model_v4.pdb
INFO:2025-10-30 15:08:44,693:Computing HSC features for: I3L1E1, ENST00000574814, ../Ntranos_Rotation/ESM-SaProt/AF-I3L1E1-F1-model_v4.pdb.gz
INFO:2025-10-30 15:09:03,654:Successfully computed HSC for I3L1E1.
INFO:2025-10-30 15:09:03,655:Processing I3L273 with model AF-I3L273-F1-model_v4.pdb
INFO:2025-10-30 15:09:03,755:Computing HSC features for: I3L273, ENST00000576655, ../Ntranos_Rotation/ESM-SaProt/AF-I3L273-F1-model_v4.pdb.gz
INFO:2025-10-30 15:09:50,915:Successfully computed HSC for I3L273.
INFO:2025-10-30 15:09:50,915:Processing I3L3R5 with model AF-I3L3R5-F1-model_v4.pdb
INFO:2025-10-30 15:09:50,990:Computing HSC features for: I3L3R5, ENST00000571838, ../Ntranos_Rotation/ESM-SaProt/AF-I3L3R5-F1-model_v4.pdb.gz
INFO:2025-10-30 15:10:16,239:Successfully computed HSC for I3L3R5.
INFO:2025-10-30 15:10:16,239:Processing I6L899 with model AF-I6L899-F1-model_v4.pdb
INFO:2025-10-30 15:10:16,326:Computing HSC features for: I6L899, ENST00000327271, ../Ntranos_Rotation/ESM-SaProt/AF-I6L899-F1-model_v4.pdb.gz
ERROR:2025-10-30 15:10:16,482:Missing ENST record in counts: ENST00000327271
INFO:2025-10-30 15:10:16,482:Processing J3KSC0 with model AF-J3KSC0-F1-model_v4.pdb
ERROR:2025-10-30 15:10:16,534:No ENST transcript IDs were mapped to J3KSC0
INFO:2025-10-30 15:10:16,535:Processing J3QSS5 with model AF-J3QSS5-F1-model_v4.pdb
ERROR:2025-10-30 15:10:16,617:No ENST transcript IDs were mapped to J3QSS5
INFO:2025-10-30 15:10:16,618:Processing K7EIQ3 with model AF-K7EIQ3-F1-model_v4.pdb
ERROR:2025-10-30 15:10:16,667:No ENST transcript IDs were mapped to K7EIQ3
INFO:2025-10-30 15:10:16,667:Processing K7EJ46 with model AF-K7EJ46-F1-model_v4.pdb
INFO:2025-10-30 15:10:16,735:Computing HSC features for: K7EJ46, ENST00000588606, ../Ntranos_Rotation/ESM-SaProt/AF-K7EJ46-F1-model_v4.pdb.gz
INFO:2025-10-30 15:10:27,130:Successfully computed HSC for K7EJ46.
INFO:2025-10-30 15:10:27,130:Processing K9M1U5 with model AF-K9M1U5-F1-model_v4.pdb
ERROR:2025-10-30 15:10:27,188:No transcript record found for K9M1U5 in gnomAD.
INFO:2025-10-30 15:10:27,188:Processing L0R819 with model AF-L0R819-F1-model_v4.pdb
INFO:2025-10-30 15:10:27,239:Computing HSC features for: L0R819, ENST00000607829, ../Ntranos_Rotation/ESM-SaProt/AF-L0R819-F1-model_v4.pdb.gz
INFO:2025-10-30 15:10:34,528:Successfully computed HSC for L0R819.
INFO:2025-10-30 15:10:34,528:Processing M0QZC1 with model AF-M0QZC1-F1-model_v4.pdb
INFO:2025-10-30 15:10:34,613:Computing HSC features for: M0QZC1, ENST00000601382, ../Ntranos_Rotation/ESM-SaProt/AF-M0QZC1-F1-model_v4.pdb.gz
INFO:2025-10-30 15:11:34,194:Successfully computed HSC for M0QZC1.
INFO:2025-10-30 15:11:34,195:Processing M0QZD8 with model AF-M0QZD8-F1-model_v4.pdb
ERROR:2025-10-30 15:11:34,447:No valid CDS found for M0QZD8
INFO:2025-10-30 15:11:34,447:Processing M0R2J8 with model AF-M0R2J8-F1-model_v4.pdb
INFO:2025-10-30 15:11:34,773:Computing HSC features for: M0R2J8, ENST00000597505, ../Ntranos_Rotation/ESM-SaProt/AF-M0R2J8-F1-model_v4.pdb.gz
INFO:2025-10-30 15:13:29,464:Successfully computed HSC for M0R2J8.
INFO:2025-10-30 15:13:29,464:Processing M5A8F1 with model AF-M5A8F1-F1-model_v4.pdb
ERROR:2025-10-30 15:13:29,509:No transcript record found for M5A8F1 in gnomAD.
INFO:2025-10-30 15:13:29,509:Processing O00110 with model AF-O00110-F1-model_v4.pdb
ERROR:2025-10-30 15:13:29,571:No valid CDS found for O00110
INFO:2025-10-30 15:13:29,571:Processing O00115 with model AF-O00115-F1-model_v4.pdb
INFO:2025-10-30 15:13:29,675:Computing HSC features for: O00115, ENST00000222219, ../Ntranos_Rotation/ESM-SaProt/AF-O00115-F1-model_v4.pdb.gz
INFO:2025-10-30 15:14:02,727:Successfully computed HSC for O00115.
INFO:2025-10-30 15:14:02,727:Processing O00116 with model AF-O00116-F1-model_v4.pdb
INFO:2025-10-30 15:14:02,850:Computing HSC features for: O00116, ENST00000264167, ../Ntranos_Rotation/ESM-SaProt/AF-O00116-F1-model_v4.pdb.gz
INFO:2025-10-30 15:14:55,132:Successfully computed HSC for O00116.
INFO:2025-10-30 15:14:55,132:Processing O00124 with model AF-O00124-F1-model_v4.pdb
ERROR:2025-10-30 15:14:55,421:No valid CDS found for O00124
INFO:2025-10-30 15:14:55,421:Processing O00139 with model AF-O00139-F1-model_v4.pdb
INFO:2025-10-30 15:14:55,549:Computing HSC features for: O00139, ENST00000401507, ../Ntranos_Rotation/ESM-SaProt/AF-O00139-F1-model_v4.pdb.gz
INFO:2025-10-30 15:15:46,559:Successfully computed HSC for O00139.
INFO:2025-10-30 15:15:46,560:Processing O00141 with model AF-O00141-F1-model_v4.pdb
INFO:2025-10-30 15:15:46,701:Computing HSC features for: O00141, ENST00000237305, ../Ntranos_Rotation/ESM-SaProt/AF-O00141-F1-model_v4.pdb.gz
INFO:2025-10-30 15:16:20,178:Successfully computed HSC for O00141.
INFO:2025-10-30 15:16:20,178:Processing O00142 with model AF-O00142-F1-model_v4.pdb
INFO:2025-10-30 15:16:20,255:Computing HSC features for: O00142, ENST00000544898, ../Ntranos_Rotation/ESM-SaProt/AF-O00142-F1-model_v4.pdb.gz
INFO:2025-10-30 15:16:47,792:Successfully computed HSC for O00142.
INFO:2025-10-30 15:16:47,792:Processing O00144 with model AF-O00144-F1-model_v4.pdb
INFO:2025-10-30 15:16:47,924:Computing HSC features for: O00144, ENST00000344575, ../Ntranos_Rotation/ESM-SaProt/AF-O00144-F1-model_v4.pdb.gz
INFO:2025-10-30 15:18:07,358:Successfully computed HSC for O00144.
INFO:2025-10-30 15:18:07,358:Processing O00148 with model AF-O00148-F1-model_v4.pdb
INFO:2025-10-30 15:18:07,472:Computing HSC features for: O00148, ENST00000242776, ../Ntranos_Rotation/ESM-SaProt/AF-O00148-F1-model_v4.pdb.gz
INFO:2025-10-30 15:18:57,054:Successfully computed HSC for O00148.
INFO:2025-10-30 15:18:57,055:Processing O00151 with model AF-O00151-F1-model_v4.pdb
INFO:2025-10-30 15:18:57,186:Computing HSC features for: O00151, ENST00000329399, ../Ntranos_Rotation/ESM-SaProt/AF-O00151-F1-model_v4.pdb.gz
INFO:2025-10-30 15:19:33,187:Successfully computed HSC for O00151.
INFO:2025-10-30 15:19:33,187:Processing O00154 with model AF-O00154-F1-model_v4.pdb
INFO:2025-10-30 15:19:33,281:Computing HSC features for: O00154, ENST00000377855, ../Ntranos_Rotation/ESM-SaProt/AF-O00154-F1-model_v4.pdb.gz
INFO:2025-10-30 15:20:18,770:Successfully computed HSC for O00154.
INFO:2025-10-30 15:20:18,770:Processing O00155 with model AF-O00155-F1-model_v4.pdb
INFO:2025-10-30 15:20:18,853:Computing HSC features for: O00155, ENST00000304244, ../Ntranos_Rotation/ESM-SaProt/AF-O00155-F1-model_v4.pdb.gz
INFO:2025-10-30 15:21:35,561:Successfully computed HSC for O00155.
INFO:2025-10-30 15:21:35,561:Processing O00159 with model AF-O00159-F1-model_v4.pdb
ERROR:2025-10-30 15:21:35,995:No transcript record found for O00159 in gnomAD.
INFO:2025-10-30 15:21:35,995:Processing O00160 with model AF-O00160-F1-model_v4.pdb
ERROR:2025-10-30 15:21:36,199:No transcript record found for O00160 in gnomAD.
INFO:2025-10-30 15:21:36,199:Processing O00161 with model AF-O00161-F1-model_v4.pdb
INFO:2025-10-30 15:21:36,264:Computing HSC features for: O00161, ENST00000249647, ../Ntranos_Rotation/ESM-SaProt/AF-O00161-F1-model_v4.pdb.gz
INFO:2025-10-30 15:21:50,446:Successfully computed HSC for O00161.
INFO:2025-10-30 15:21:50,446:Pipeline completed.
INFO:2025-10-30 15:21:50,446:no_enst_for_uniprot: 4
INFO:2025-10-30 15:21:50,446:no_valid_cds: 3
INFO:2025-10-30 15:21:50,446:no_variant_data: 6
INFO:2025-10-30 15:21:50,446:bad_structure: 0
INFO:2025-10-30 15:21:50,446:no_enst_mp: 5
