INFO:2025-10-30 14:25:03,861:Starting HSC computation pipeline...
INFO:2025-10-30 14:26:23,851:Processing Q66K14 with model AF-Q66K14-F1-model_v4.pdb
INFO:2025-10-30 14:26:24,065:Computing HSC features for: Q66K14, ENST00000356834, ../Ntranos_Rotation/ESM-SaProt/AF-Q66K14-F1-model_v4.pdb.gz
INFO:2025-10-30 14:28:36,401:Successfully computed HSC for Q66K14.
INFO:2025-10-30 14:28:36,401:Processing Q66K41 with model AF-Q66K41-F1-model_v4.pdb
ERROR:2025-10-30 14:28:36,542:No ENST transcript IDs were mapped to Q66K41
INFO:2025-10-30 14:28:36,543:Processing Q66K64 with model AF-Q66K64-F1-model_v4.pdb
INFO:2025-10-30 14:28:36,653:Computing HSC features for: Q66K64, ENST00000254337, ../Ntranos_Rotation/ESM-SaProt/AF-Q66K64-F1-model_v4.pdb.gz
INFO:2025-10-30 14:29:45,792:Successfully computed HSC for Q66K64.
INFO:2025-10-30 14:29:45,792:Processing Q66K66 with model AF-Q66K66-F1-model_v4.pdb
INFO:2025-10-30 14:29:45,874:Computing HSC features for: Q66K66, ENST00000344458, ../Ntranos_Rotation/ESM-SaProt/AF-Q66K66-F1-model_v4.pdb.gz
INFO:2025-10-30 14:30:26,393:Successfully computed HSC for Q66K66.
INFO:2025-10-30 14:30:26,393:Processing Q66K74 with model AF-Q66K74-F1-model_v4.pdb
INFO:2025-10-30 14:30:26,530:Computing HSC features for: Q66K74, ENST00000324096, ../Ntranos_Rotation/ESM-SaProt/AF-Q66K74-F1-model_v4.pdb.gz
INFO:2025-10-30 14:32:59,057:Successfully computed HSC for Q66K74.
INFO:2025-10-30 14:32:59,057:Processing Q66K79 with model AF-Q66K79-F1-model_v4.pdb
INFO:2025-10-30 14:32:59,179:Computing HSC features for: Q66K79, ENST00000360986, ../Ntranos_Rotation/ESM-SaProt/AF-Q66K79-F1-model_v4.pdb.gz
INFO:2025-10-30 14:34:50,899:Successfully computed HSC for Q66K79.
INFO:2025-10-30 14:34:50,899:Processing Q66K80 with model AF-Q66K80-F1-model_v4.pdb
ERROR:2025-10-30 14:34:50,990:No ENST transcript IDs were mapped to Q66K80
INFO:2025-10-30 14:34:50,990:Processing Q66K89 with model AF-Q66K89-F1-model_v4.pdb
INFO:2025-10-30 14:34:51,149:Computing HSC features for: Q66K89, ENST00000301727, ../Ntranos_Rotation/ESM-SaProt/AF-Q66K89-F1-model_v4.pdb.gz
INFO:2025-10-30 14:36:48,295:Successfully computed HSC for Q66K89.
INFO:2025-10-30 14:36:48,296:Processing Q66LE6 with model AF-Q66LE6-F1-model_v4.pdb
INFO:2025-10-30 14:36:48,379:Computing HSC features for: Q66LE6, ENST00000455566, ../Ntranos_Rotation/ESM-SaProt/AF-Q66LE6-F1-model_v4.pdb.gz
INFO:2025-10-30 14:37:54,173:Successfully computed HSC for Q66LE6.
INFO:2025-10-30 14:37:54,173:Processing Q66PJ3 with model AF-Q66PJ3-F1-model_v4.pdb
ERROR:2025-10-30 14:37:54,268:No valid CDS found for Q66PJ3
INFO:2025-10-30 14:37:54,268:Processing Q674R7 with model AF-Q674R7-F1-model_v4.pdb
INFO:2025-10-30 14:37:54,435:Computing HSC features for: Q674R7, ENST00000605952, ../Ntranos_Rotation/ESM-SaProt/AF-Q674R7-F1-model_v4.pdb.gz
INFO:2025-10-30 14:39:51,214:Successfully computed HSC for Q674R7.
INFO:2025-10-30 14:39:51,214:Processing Q674X7 with model AF-Q674X7-F1-model_v4.pdb
INFO:2025-10-30 14:39:51,325:Computing HSC features for: Q674X7, ENST00000376030, ../Ntranos_Rotation/ESM-SaProt/AF-Q674X7-F1-model_v4.pdb.gz
INFO:2025-10-30 14:41:21,936:Successfully computed HSC for Q674X7.
INFO:2025-10-30 14:41:21,936:Processing Q676U5 with model AF-Q676U5-F1-model_v4.pdb
INFO:2025-10-30 14:41:22,039:Computing HSC features for: Q676U5, ENST00000392017, ../Ntranos_Rotation/ESM-SaProt/AF-Q676U5-F1-model_v4.pdb.gz
INFO:2025-10-30 14:42:15,379:Successfully computed HSC for Q676U5.
INFO:2025-10-30 14:42:15,379:Processing Q67FW5 with model AF-Q67FW5-F1-model_v4.pdb
INFO:2025-10-30 14:42:15,437:Computing HSC features for: Q67FW5, ENST00000320865, ../Ntranos_Rotation/ESM-SaProt/AF-Q67FW5-F1-model_v4.pdb.gz
INFO:2025-10-30 14:42:57,282:Successfully computed HSC for Q67FW5.
INFO:2025-10-30 14:42:57,282:Processing Q684P5 with model AF-Q684P5-F1-model_v4.pdb
INFO:2025-10-30 14:42:57,432:Computing HSC features for: Q684P5, ENST00000254695, ../Ntranos_Rotation/ESM-SaProt/AF-Q684P5-F1-model_v4.pdb.gz
INFO:2025-10-30 14:44:11,007:Successfully computed HSC for Q684P5.
INFO:2025-10-30 14:44:11,007:Processing Q685J3 with model AF-Q685J3-F1-model_v4.pdb
ERROR:2025-10-30 14:44:11,152:No valid CDS found for Q685J3
INFO:2025-10-30 14:44:11,152:Processing Q687X5 with model AF-Q687X5-F1-model_v4.pdb
INFO:2025-10-30 14:44:11,274:Computing HSC features for: Q687X5, ENST00000380079, ../Ntranos_Rotation/ESM-SaProt/AF-Q687X5-F1-model_v4.pdb.gz
INFO:2025-10-30 14:44:51,132:Successfully computed HSC for Q687X5.
INFO:2025-10-30 14:44:51,132:Processing Q68BL7 with model AF-Q68BL7-F1-model_v4.pdb
INFO:2025-10-30 14:44:51,215:Computing HSC features for: Q68BL7, ENST00000373580, ../Ntranos_Rotation/ESM-SaProt/AF-Q68BL7-F1-model_v4.pdb.gz
INFO:2025-10-30 14:46:05,966:Successfully computed HSC for Q68BL7.
INFO:2025-10-30 14:46:05,966:Processing Q68BL8 with model AF-Q68BL8-F1-model_v4.pdb
INFO:2025-10-30 14:46:06,059:Computing HSC features for: Q68BL8, ENST00000294794, ../Ntranos_Rotation/ESM-SaProt/AF-Q68BL8-F1-model_v4.pdb.gz
INFO:2025-10-30 14:47:25,638:Successfully computed HSC for Q68BL8.
INFO:2025-10-30 14:47:25,638:Processing Q12988 with model AF-Q12988-F1-model_v4.pdb
INFO:2025-10-30 14:47:25,682:Computing HSC features for: Q12988, ENST00000302005, ../Ntranos_Rotation/ESM-SaProt/AF-Q12988-F1-model_v4.pdb.gz
INFO:2025-10-30 14:47:44,875:Successfully computed HSC for Q12988.
INFO:2025-10-30 14:47:44,875:Processing Q12996 with model AF-Q12996-F1-model_v4.pdb
INFO:2025-10-30 14:47:44,989:Computing HSC features for: Q12996, ENST00000323959, ../Ntranos_Rotation/ESM-SaProt/AF-Q12996-F1-model_v4.pdb.gz
INFO:2025-10-30 14:48:43,299:Successfully computed HSC for Q12996.
INFO:2025-10-30 14:48:43,299:Processing Q12999 with model AF-Q12999-F1-model_v4.pdb
INFO:2025-10-30 14:48:43,369:Computing HSC features for: Q12999, ENST00000257910, ../Ntranos_Rotation/ESM-SaProt/AF-Q12999-F1-model_v4.pdb.gz
INFO:2025-10-30 14:48:58,779:Successfully computed HSC for Q12999.
INFO:2025-10-30 14:48:58,779:Processing Q13002 with model AF-Q13002-F1-model_v4.pdb
INFO:2025-10-30 14:48:59,036:Computing HSC features for: Q13002, ENST00000421544, ../Ntranos_Rotation/ESM-SaProt/AF-Q13002-F1-model_v4.pdb.gz
INFO:2025-10-30 14:50:10,865:Successfully computed HSC for Q13002.
INFO:2025-10-30 14:50:10,865:Processing Q13003 with model AF-Q13003-F1-model_v4.pdb
INFO:2025-10-30 14:50:10,971:Computing HSC features for: Q13003, ENST00000373091, ../Ntranos_Rotation/ESM-SaProt/AF-Q13003-F1-model_v4.pdb.gz
INFO:2025-10-30 14:51:52,043:Successfully computed HSC for Q13003.
INFO:2025-10-30 14:51:52,043:Processing Q13007 with model AF-Q13007-F1-model_v4.pdb
INFO:2025-10-30 14:51:52,094:Computing HSC features for: Q13007, ENST00000294984, ../Ntranos_Rotation/ESM-SaProt/AF-Q13007-F1-model_v4.pdb.gz
INFO:2025-10-30 14:52:06,996:Successfully computed HSC for Q13007.
INFO:2025-10-30 14:52:06,996:Processing Q13009 with model AF-Q13009-F1-model_v4.pdb
INFO:2025-10-30 14:52:07,298:Computing HSC features for: Q13009, ENST00000286827, ../Ntranos_Rotation/ESM-SaProt/AF-Q13009-F1-model_v4.pdb.gz
INFO:2025-10-30 14:54:46,966:Successfully computed HSC for Q13009.
INFO:2025-10-30 14:54:46,966:Processing Q13011 with model AF-Q13011-F1-model_v4.pdb
INFO:2025-10-30 14:54:47,046:Computing HSC features for: Q13011, ENST00000221418, ../Ntranos_Rotation/ESM-SaProt/AF-Q13011-F1-model_v4.pdb.gz
INFO:2025-10-30 14:55:23,625:Successfully computed HSC for Q13011.
INFO:2025-10-30 14:55:23,626:Processing Q13015 with model AF-Q13015-F1-model_v4.pdb
INFO:2025-10-30 14:55:23,683:Computing HSC features for: Q13015, ENST00000368921, ../Ntranos_Rotation/ESM-SaProt/AF-Q13015-F1-model_v4.pdb.gz
INFO:2025-10-30 14:55:30,790:Successfully computed HSC for Q13015.
INFO:2025-10-30 14:55:30,791:Processing Q13017 with model AF-Q13017-F1-model_v4.pdb
INFO:2025-10-30 14:55:31,149:Computing HSC features for: Q13017, ENST00000345122, ../Ntranos_Rotation/ESM-SaProt/AF-Q13017-F1-model_v4.pdb.gz
INFO:2025-10-30 14:58:01,413:Successfully computed HSC for Q13017.
INFO:2025-10-30 14:58:01,413:Processing Q13296 with model AF-Q13296-F1-model_v4.pdb
INFO:2025-10-30 14:58:01,457:Computing HSC features for: Q13296, ENST00000227918, ../Ntranos_Rotation/ESM-SaProt/AF-Q13296-F1-model_v4.pdb.gz
INFO:2025-10-30 14:58:08,356:Successfully computed HSC for Q13296.
INFO:2025-10-30 14:58:08,356:Processing Q13303 with model AF-Q13303-F1-model_v4.pdb
INFO:2025-10-30 14:58:08,433:Computing HSC features for: Q13303, ENST00000164247, ../Ntranos_Rotation/ESM-SaProt/AF-Q13303-F1-model_v4.pdb.gz
INFO:2025-10-30 14:58:46,303:Successfully computed HSC for Q13303.
INFO:2025-10-30 14:58:46,304:Processing Q13304 with model AF-Q13304-F1-model_v4.pdb
INFO:2025-10-30 14:58:46,409:Computing HSC features for: Q13304, ENST00000272644, ../Ntranos_Rotation/ESM-SaProt/AF-Q13304-F1-model_v4.pdb.gz
INFO:2025-10-30 14:59:26,496:Successfully computed HSC for Q13304.
INFO:2025-10-30 14:59:26,496:Processing Q13308 with model AF-Q13308-F1-model_v4.pdb
INFO:2025-10-30 14:59:26,715:Computing HSC features for: Q13308, ENST00000230419, ../Ntranos_Rotation/ESM-SaProt/AF-Q13308-F1-model_v4.pdb.gz
INFO:2025-10-30 15:01:08,523:Successfully computed HSC for Q13308.
INFO:2025-10-30 15:01:08,523:Processing Q13309 with model AF-Q13309-F1-model_v4.pdb
INFO:2025-10-30 15:01:08,596:Computing HSC features for: Q13309, ENST00000274255, ../Ntranos_Rotation/ESM-SaProt/AF-Q13309-F1-model_v4.pdb.gz
INFO:2025-10-30 15:01:42,782:Successfully computed HSC for Q13309.
INFO:2025-10-30 15:01:42,782:Processing Q13310 with model AF-Q13310-F1-model_v4.pdb
INFO:2025-10-30 15:01:42,897:Computing HSC features for: Q13310, ENST00000372857, ../Ntranos_Rotation/ESM-SaProt/AF-Q13310-F1-model_v4.pdb.gz
INFO:2025-10-30 15:03:11,991:Successfully computed HSC for Q13310.
INFO:2025-10-30 15:03:11,991:Processing Q13315 with model AF-Q13315-F1-model_v4.pdb
ERROR:2025-10-30 15:03:12,252:No valid CDS found for Q13315
INFO:2025-10-30 15:03:12,252:Processing Q13316 with model AF-Q13316-F1-model_v4.pdb
INFO:2025-10-30 15:03:12,365:Computing HSC features for: Q13316, ENST00000339673, ../Ntranos_Rotation/ESM-SaProt/AF-Q13316-F1-model_v4.pdb.gz
INFO:2025-10-30 15:03:56,654:Successfully computed HSC for Q13316.
INFO:2025-10-30 15:03:56,654:Processing Q13319 with model AF-Q13319-F1-model_v4.pdb
INFO:2025-10-30 15:03:56,748:Computing HSC features for: Q13319, ENST00000302625, ../Ntranos_Rotation/ESM-SaProt/AF-Q13319-F1-model_v4.pdb.gz
INFO:2025-10-30 15:05:20,821:Successfully computed HSC for Q13319.
INFO:2025-10-30 15:05:20,821:Processing Q13322 with model AF-Q13322-F1-model_v4.pdb
INFO:2025-10-30 15:05:20,905:Computing HSC features for: Q13322, ENST00000398812, ../Ntranos_Rotation/ESM-SaProt/AF-Q13322-F1-model_v4.pdb.gz
INFO:2025-10-30 15:06:12,799:Successfully computed HSC for Q13322.
INFO:2025-10-30 15:06:12,800:Processing Q13323 with model AF-Q13323-F1-model_v4.pdb
INFO:2025-10-30 15:06:12,849:Computing HSC features for: Q13323, ENST00000216115, ../Ntranos_Rotation/ESM-SaProt/AF-Q13323-F1-model_v4.pdb.gz
INFO:2025-10-30 15:06:32,462:Successfully computed HSC for Q13323.
INFO:2025-10-30 15:06:32,462:Processing Q13324 with model AF-Q13324-F1-model_v4.pdb
INFO:2025-10-30 15:06:32,559:Computing HSC features for: Q13324, ENST00000471646, ../Ntranos_Rotation/ESM-SaProt/AF-Q13324-F1-model_v4.pdb.gz
INFO:2025-10-30 15:07:14,920:Successfully computed HSC for Q13324.
INFO:2025-10-30 15:07:14,920:Processing Q13325 with model AF-Q13325-F1-model_v4.pdb
INFO:2025-10-30 15:07:14,980:Computing HSC features for: Q13325, ENST00000371795, ../Ntranos_Rotation/ESM-SaProt/AF-Q13325-F1-model_v4.pdb.gz
INFO:2025-10-30 15:07:50,447:Successfully computed HSC for Q13325.
INFO:2025-10-30 15:07:50,447:Processing Q13326 with model AF-Q13326-F1-model_v4.pdb
INFO:2025-10-30 15:07:50,513:Computing HSC features for: Q13326, ENST00000218867, ../Ntranos_Rotation/ESM-SaProt/AF-Q13326-F1-model_v4.pdb.gz
INFO:2025-10-30 15:08:20,442:Successfully computed HSC for Q13326.
INFO:2025-10-30 15:08:20,442:Processing Q13330 with model AF-Q13330-F1-model_v4.pdb
INFO:2025-10-30 15:08:20,582:Computing HSC features for: Q13330, ENST00000331320, ../Ntranos_Rotation/ESM-SaProt/AF-Q13330-F1-model_v4.pdb.gz
INFO:2025-10-30 15:09:44,544:Successfully computed HSC for Q13330.
INFO:2025-10-30 15:09:44,545:Processing Q13332 with model AF-Q13332-F1-model_v4.pdb
INFO:2025-10-30 15:09:44,965:Computing HSC features for: Q13332, ENST00000587303, ../Ntranos_Rotation/ESM-SaProt/AF-Q13332-F1-model_v4.pdb.gz
INFO:2025-10-30 15:13:47,948:Successfully computed HSC for Q13332.
INFO:2025-10-30 15:13:47,948:Processing Q13336 with model AF-Q13336-F1-model_v4.pdb
INFO:2025-10-30 15:13:48,124:Computing HSC features for: Q13336, ENST00000321925, ../Ntranos_Rotation/ESM-SaProt/AF-Q13336-F1-model_v4.pdb.gz
INFO:2025-10-30 15:14:48,680:Successfully computed HSC for Q13336.
INFO:2025-10-30 15:14:48,680:Processing Q13342 with model AF-Q13342-F1-model_v4.pdb
INFO:2025-10-30 15:14:48,847:Computing HSC features for: Q13342, ENST00000392045, ../Ntranos_Rotation/ESM-SaProt/AF-Q13342-F1-model_v4.pdb.gz
INFO:2025-10-30 15:16:12,165:Successfully computed HSC for Q13342.
INFO:2025-10-30 15:16:12,166:Processing Q13347 with model AF-Q13347-F1-model_v4.pdb
ERROR:2025-10-30 15:16:12,247:No transcript record found for Q13347 in gnomAD.
INFO:2025-10-30 15:16:12,248:Processing Q13349 with model AF-Q13349-F1-model_v4.pdb
INFO:2025-10-30 15:16:12,429:Computing HSC features for: Q13349, ENST00000389202, ../Ntranos_Rotation/ESM-SaProt/AF-Q13349-F1-model_v4.pdb.gz
INFO:2025-10-30 15:17:55,398:Successfully computed HSC for Q13349.
INFO:2025-10-30 15:17:55,398:Processing Q13351 with model AF-Q13351-F1-model_v4.pdb
INFO:2025-10-30 15:17:55,490:Computing HSC features for: Q13351, ENST00000264834, ../Ntranos_Rotation/ESM-SaProt/AF-Q13351-F1-model_v4.pdb.gz
INFO:2025-10-30 15:19:16,047:Successfully computed HSC for Q13351.
INFO:2025-10-30 15:19:16,047:Pipeline completed.
INFO:2025-10-30 15:19:16,047:no_enst_for_uniprot: 2
INFO:2025-10-30 15:19:16,047:no_valid_cds: 3
INFO:2025-10-30 15:19:16,047:no_variant_data: 1
INFO:2025-10-30 15:19:16,047:bad_structure: 0
INFO:2025-10-30 15:19:16,047:no_enst_mp: 0
