INFO:2025-10-30 14:26:02,720:Starting HSC computation pipeline...
INFO:2025-10-30 14:27:13,026:Processing Q16635 with model AF-Q16635-F1-model_v4.pdb
ERROR:2025-10-30 14:27:13,104:No transcript record found for Q16635 in gnomAD.
INFO:2025-10-30 14:27:13,104:Processing Q16637 with model AF-Q16637-F1-model_v4.pdb
INFO:2025-10-30 14:27:13,209:Computing HSC features for: Q16637, ENST00000380743, ../Ntranos_Rotation/ESM-SaProt/AF-Q16637-F1-model_v4.pdb.gz
INFO:2025-10-30 14:27:41,385:Successfully computed HSC for Q16637.
INFO:2025-10-30 14:27:41,385:Processing Q16643 with model AF-Q16643-F1-model_v4.pdb
INFO:2025-10-30 14:27:41,492:Computing HSC features for: Q16643, ENST00000309007, ../Ntranos_Rotation/ESM-SaProt/AF-Q16643-F1-model_v4.pdb.gz
INFO:2025-10-30 14:29:29,808:Successfully computed HSC for Q16643.
INFO:2025-10-30 14:29:29,808:Processing Q16644 with model AF-Q16644-F1-model_v4.pdb
INFO:2025-10-30 14:29:29,888:Computing HSC features for: Q16644, ENST00000357955, ../Ntranos_Rotation/ESM-SaProt/AF-Q16644-F1-model_v4.pdb.gz
INFO:2025-10-30 14:30:05,854:Successfully computed HSC for Q16644.
INFO:2025-10-30 14:30:05,855:Processing Q16647 with model AF-Q16647-F1-model_v4.pdb
INFO:2025-10-30 14:30:05,970:Computing HSC features for: Q16647, ENST00000244043, ../Ntranos_Rotation/ESM-SaProt/AF-Q16647-F1-model_v4.pdb.gz
INFO:2025-10-30 14:30:58,373:Successfully computed HSC for Q16647.
INFO:2025-10-30 14:30:58,373:Processing Q16649 with model AF-Q16649-F1-model_v4.pdb
INFO:2025-10-30 14:30:58,462:Computing HSC features for: Q16649, ENST00000297689, ../Ntranos_Rotation/ESM-SaProt/AF-Q16649-F1-model_v4.pdb.gz
INFO:2025-10-30 14:31:35,303:Successfully computed HSC for Q16649.
INFO:2025-10-30 14:31:35,303:Processing Q16650 with model AF-Q16650-F1-model_v4.pdb
INFO:2025-10-30 14:31:35,435:Computing HSC features for: Q16650, ENST00000389554, ../Ntranos_Rotation/ESM-SaProt/AF-Q16650-F1-model_v4.pdb.gz
INFO:2025-10-30 14:33:11,448:Successfully computed HSC for Q16650.
INFO:2025-10-30 14:33:11,449:Processing Q16651 with model AF-Q16651-F1-model_v4.pdb
INFO:2025-10-30 14:33:11,547:Computing HSC features for: Q16651, ENST00000317508, ../Ntranos_Rotation/ESM-SaProt/AF-Q16651-F1-model_v4.pdb.gz
INFO:2025-10-30 14:33:51,848:Successfully computed HSC for Q16651.
INFO:2025-10-30 14:33:51,848:Processing Q16653 with model AF-Q16653-F1-model_v4.pdb
INFO:2025-10-30 14:33:51,931:Computing HSC features for: Q16653, ENST00000376917, ../Ntranos_Rotation/ESM-SaProt/AF-Q16653-F1-model_v4.pdb.gz
INFO:2025-10-30 14:34:16,962:Successfully computed HSC for Q16653.
INFO:2025-10-30 14:34:16,962:Processing Q16654 with model AF-Q16654-F1-model_v4.pdb
INFO:2025-10-30 14:34:17,083:Computing HSC features for: Q16654, ENST00000005178, ../Ntranos_Rotation/ESM-SaProt/AF-Q16654-F1-model_v4.pdb.gz
INFO:2025-10-30 14:34:53,786:Successfully computed HSC for Q16654.
INFO:2025-10-30 14:34:53,786:Processing Q16655 with model AF-Q16655-F1-model_v4.pdb
INFO:2025-10-30 14:34:53,822:Computing HSC features for: Q16655, ENST00000381471, ../Ntranos_Rotation/ESM-SaProt/AF-Q16655-F1-model_v4.pdb.gz
INFO:2025-10-30 14:35:03,876:Successfully computed HSC for Q16655.
INFO:2025-10-30 14:35:03,876:Processing Q16656 with model AF-Q16656-F1-model_v4.pdb
INFO:2025-10-30 14:35:03,983:Computing HSC features for: Q16656, ENST00000223190, ../Ntranos_Rotation/ESM-SaProt/AF-Q16656-F1-model_v4.pdb.gz
INFO:2025-10-30 14:35:53,259:Successfully computed HSC for Q16656.
INFO:2025-10-30 14:35:53,259:Processing Q16658 with model AF-Q16658-F1-model_v4.pdb
INFO:2025-10-30 14:35:53,408:Computing HSC features for: Q16658, ENST00000382361, ../Ntranos_Rotation/ESM-SaProt/AF-Q16658-F1-model_v4.pdb.gz
INFO:2025-10-30 14:37:18,448:Successfully computed HSC for Q16658.
INFO:2025-10-30 14:37:18,448:Processing Q16659 with model AF-Q16659-F1-model_v4.pdb
ERROR:2025-10-30 14:37:18,564:No transcript record found for Q16659 in gnomAD.
INFO:2025-10-30 14:37:18,564:Processing Q16661 with model AF-Q16661-F1-model_v4.pdb
INFO:2025-10-30 14:37:18,593:Computing HSC features for: Q16661, ENST00000372581, ../Ntranos_Rotation/ESM-SaProt/AF-Q16661-F1-model_v4.pdb.gz
INFO:2025-10-30 14:37:30,147:Successfully computed HSC for Q16661.
INFO:2025-10-30 14:37:30,147:Processing Q16663 with model AF-Q16663-F1-model_v4.pdb
ERROR:2025-10-30 14:37:30,182:No transcript record found for Q16663 in gnomAD.
INFO:2025-10-30 14:37:30,182:Processing Q16665 with model AF-Q16665-F1-model_v4.pdb
INFO:2025-10-30 14:37:30,339:Computing HSC features for: Q16665, ENST00000337138, ../Ntranos_Rotation/ESM-SaProt/AF-Q16665-F1-model_v4.pdb.gz
INFO:2025-10-30 14:38:33,347:Successfully computed HSC for Q16665.
INFO:2025-10-30 14:38:33,347:Processing Q16666 with model AF-Q16666-F1-model_v4.pdb
INFO:2025-10-30 14:38:33,451:Computing HSC features for: Q16666, ENST00000295809, ../Ntranos_Rotation/ESM-SaProt/AF-Q16666-F1-model_v4.pdb.gz
INFO:2025-10-30 14:39:28,606:Successfully computed HSC for Q16666.
INFO:2025-10-30 14:39:28,606:Processing Q16667 with model AF-Q16667-F1-model_v4.pdb
INFO:2025-10-30 14:39:28,681:Computing HSC features for: Q16667, ENST00000335183, ../Ntranos_Rotation/ESM-SaProt/AF-Q16667-F1-model_v4.pdb.gz
INFO:2025-10-30 14:39:43,983:Successfully computed HSC for Q16667.
INFO:2025-10-30 14:39:43,983:Processing Q16670 with model AF-Q16670-F1-model_v4.pdb
ERROR:2025-10-30 14:39:44,109:No transcript record found for Q16670 in gnomAD.
INFO:2025-10-30 14:39:44,109:Processing Q16671 with model AF-Q16671-F1-model_v4.pdb
INFO:2025-10-30 14:39:44,247:Computing HSC features for: Q16671, ENST00000257863, ../Ntranos_Rotation/ESM-SaProt/AF-Q16671-F1-model_v4.pdb.gz
INFO:2025-10-30 14:40:35,183:Successfully computed HSC for Q16671.
INFO:2025-10-30 14:40:35,183:Processing Q16674 with model AF-Q16674-F1-model_v4.pdb
INFO:2025-10-30 14:40:35,231:Computing HSC features for: Q16674, ENST00000263369, ../Ntranos_Rotation/ESM-SaProt/AF-Q16674-F1-model_v4.pdb.gz
INFO:2025-10-30 14:40:53,354:Successfully computed HSC for Q16674.
INFO:2025-10-30 14:40:53,354:Processing Q16676 with model AF-Q16676-F1-model_v4.pdb
ERROR:2025-10-30 14:40:53,465:No transcript record found for Q16676 in gnomAD.
INFO:2025-10-30 14:40:53,465:Processing Q16678 with model AF-Q16678-F1-model_v4.pdb
ERROR:2025-10-30 14:40:53,601:No transcript record found for Q16678 in gnomAD.
INFO:2025-10-30 14:40:53,601:Processing Q16690 with model AF-Q16690-F1-model_v4.pdb
INFO:2025-10-30 14:40:53,713:Computing HSC features for: Q16690, ENST00000369583, ../Ntranos_Rotation/ESM-SaProt/AF-Q16690-F1-model_v4.pdb.gz
INFO:2025-10-30 14:41:41,780:Successfully computed HSC for Q16690.
INFO:2025-10-30 14:41:41,780:Processing Q16695 with model AF-Q16695-F1-model_v4.pdb
INFO:2025-10-30 14:41:41,840:Computing HSC features for: Q16695, ENST00000366696, ../Ntranos_Rotation/ESM-SaProt/AF-Q16695-F1-model_v4.pdb.gz
INFO:2025-10-30 14:42:04,116:Successfully computed HSC for Q16695.
INFO:2025-10-30 14:42:04,116:Processing Q16696 with model AF-Q16696-F1-model_v4.pdb
INFO:2025-10-30 14:42:04,210:Computing HSC features for: Q16696, ENST00000330436, ../Ntranos_Rotation/ESM-SaProt/AF-Q16696-F1-model_v4.pdb.gz
INFO:2025-10-30 14:43:01,051:Successfully computed HSC for Q16696.
INFO:2025-10-30 14:43:01,052:Processing Q16698 with model AF-Q16698-F1-model_v4.pdb
INFO:2025-10-30 14:43:01,159:Computing HSC features for: Q16698, ENST00000220764, ../Ntranos_Rotation/ESM-SaProt/AF-Q16698-F1-model_v4.pdb.gz
INFO:2025-10-30 14:43:25,692:Successfully computed HSC for Q16698.
INFO:2025-10-30 14:43:25,693:Processing Q16706 with model AF-Q16706-F1-model_v4.pdb
INFO:2025-10-30 14:43:25,919:Computing HSC features for: Q16706, ENST00000261483, ../Ntranos_Rotation/ESM-SaProt/AF-Q16706-F1-model_v4.pdb.gz
INFO:2025-10-30 14:44:50,220:Successfully computed HSC for Q16706.
INFO:2025-10-30 14:44:50,220:Processing Q16718 with model AF-Q16718-F1-model_v4.pdb
INFO:2025-10-30 14:44:50,306:Computing HSC features for: Q16718, ENST00000355749, ../Ntranos_Rotation/ESM-SaProt/AF-Q16718-F1-model_v4.pdb.gz
INFO:2025-10-30 14:45:02,019:Successfully computed HSC for Q16718.
INFO:2025-10-30 14:45:02,019:Processing Q16719 with model AF-Q16719-F1-model_v4.pdb
INFO:2025-10-30 14:45:02,142:Computing HSC features for: Q16719, ENST00000264170, ../Ntranos_Rotation/ESM-SaProt/AF-Q16719-F1-model_v4.pdb.gz
INFO:2025-10-30 14:45:38,832:Successfully computed HSC for Q16719.
INFO:2025-10-30 14:45:38,832:Processing Q16720 with model AF-Q16720-F1-model_v4.pdb
INFO:2025-10-30 14:45:39,074:Computing HSC features for: Q16720, ENST00000263519, ../Ntranos_Rotation/ESM-SaProt/AF-Q16720-F1-model_v4.pdb.gz
INFO:2025-10-30 14:48:04,923:Successfully computed HSC for Q16720.
INFO:2025-10-30 14:48:04,923:Processing Q16739 with model AF-Q16739-F1-model_v4.pdb
INFO:2025-10-30 14:48:04,990:Computing HSC features for: Q16739, ENST00000374279, ../Ntranos_Rotation/ESM-SaProt/AF-Q16739-F1-model_v4.pdb.gz
INFO:2025-10-30 14:48:36,986:Successfully computed HSC for Q16739.
INFO:2025-10-30 14:48:36,986:Processing Q16740 with model AF-Q16740-F1-model_v4.pdb
INFO:2025-10-30 14:48:37,073:Computing HSC features for: Q16740, ENST00000245816, ../Ntranos_Rotation/ESM-SaProt/AF-Q16740-F1-model_v4.pdb.gz
INFO:2025-10-30 14:49:14,027:Successfully computed HSC for Q16740.
INFO:2025-10-30 14:49:14,027:Processing Q16760 with model AF-Q16760-F1-model_v4.pdb
INFO:2025-10-30 14:49:14,261:Computing HSC features for: Q16760, ENST00000264057, ../Ntranos_Rotation/ESM-SaProt/AF-Q16760-F1-model_v4.pdb.gz
INFO:2025-10-30 14:51:17,261:Successfully computed HSC for Q16760.
INFO:2025-10-30 14:51:17,261:Processing Q16762 with model AF-Q16762-F1-model_v4.pdb
INFO:2025-10-30 14:51:17,340:Computing HSC features for: Q16762, ENST00000249042, ../Ntranos_Rotation/ESM-SaProt/AF-Q16762-F1-model_v4.pdb.gz
INFO:2025-10-30 14:51:56,909:Successfully computed HSC for Q16762.
INFO:2025-10-30 14:51:56,909:Processing Q1ZZU3 with model AF-Q1ZZU3-F1-model_v4.pdb
ERROR:2025-10-30 14:51:56,973:No ENST transcript IDs were mapped to Q1ZZU3
INFO:2025-10-30 14:51:56,973:Processing Q24JP5 with model AF-Q24JP5-F1-model_v4.pdb
INFO:2025-10-30 14:51:57,184:Computing HSC features for: Q24JP5, ENST00000453848, ../Ntranos_Rotation/ESM-SaProt/AF-Q24JP5-F1-model_v4.pdb.gz
INFO:2025-10-30 14:53:55,790:Successfully computed HSC for Q24JP5.
INFO:2025-10-30 14:53:55,791:Processing Q24JQ0 with model AF-Q24JQ0-F1-model_v4.pdb
INFO:2025-10-30 14:53:55,868:Computing HSC features for: Q24JQ0, ENST00000383233, ../Ntranos_Rotation/ESM-SaProt/AF-Q24JQ0-F1-model_v4.pdb.gz
INFO:2025-10-30 14:54:19,069:Successfully computed HSC for Q24JQ0.
INFO:2025-10-30 14:54:19,069:Processing Q27J81 with model AF-Q27J81-F1-model_v4.pdb
INFO:2025-10-30 14:54:19,308:Computing HSC features for: Q27J81, ENST00000392634, ../Ntranos_Rotation/ESM-SaProt/AF-Q27J81-F1-model_v4.pdb.gz
INFO:2025-10-30 14:56:47,562:Successfully computed HSC for Q27J81.
INFO:2025-10-30 14:56:47,563:Processing Q29980 with model AF-Q29980-F1-model_v4.pdb
INFO:2025-10-30 14:56:47,779:Computing HSC features for: Q29980, ENST00000252229, ../Ntranos_Rotation/ESM-SaProt/AF-Q29980-F1-model_v4.pdb.gz
INFO:2025-10-30 14:57:30,121:Successfully computed HSC for Q29980.
INFO:2025-10-30 14:57:30,121:Processing Q29983 with model AF-Q29983-F1-model_v4.pdb
ERROR:2025-10-30 14:57:30,221:No transcript record found for Q29983 in gnomAD.
INFO:2025-10-30 14:57:30,221:Processing Q29RF7 with model AF-Q29RF7-F1-model_v4.pdb
INFO:2025-10-30 14:57:30,450:Computing HSC features for: Q29RF7, ENST00000303538, ../Ntranos_Rotation/ESM-SaProt/AF-Q29RF7-F1-model_v4.pdb.gz
INFO:2025-10-30 14:59:06,626:Successfully computed HSC for Q29RF7.
INFO:2025-10-30 14:59:06,627:Processing Q2HXU8 with model AF-Q2HXU8-F1-model_v4.pdb
INFO:2025-10-30 14:59:06,689:Computing HSC features for: Q2HXU8, ENST00000338896, ../Ntranos_Rotation/ESM-SaProt/AF-Q2HXU8-F1-model_v4.pdb.gz
INFO:2025-10-30 14:59:25,521:Successfully computed HSC for Q2HXU8.
INFO:2025-10-30 14:59:25,521:Processing Q2I0M4 with model AF-Q2I0M4-F1-model_v4.pdb
INFO:2025-10-30 14:59:25,593:Computing HSC features for: Q2I0M4, ENST00000371542, ../Ntranos_Rotation/ESM-SaProt/AF-Q2I0M4-F1-model_v4.pdb.gz
INFO:2025-10-30 15:00:24,013:Successfully computed HSC for Q2I0M4.
INFO:2025-10-30 15:00:24,013:Processing Q2I0M5 with model AF-Q2I0M5-F1-model_v4.pdb
INFO:2025-10-30 15:00:24,089:Computing HSC features for: Q2I0M5, ENST00000217260, ../Ntranos_Rotation/ESM-SaProt/AF-Q2I0M5-F1-model_v4.pdb.gz
INFO:2025-10-30 15:00:51,855:Successfully computed HSC for Q2I0M5.
INFO:2025-10-30 15:00:51,855:Processing Q2KHM9 with model AF-Q2KHM9-F1-model_v4.pdb
INFO:2025-10-30 15:00:52,023:Computing HSC features for: Q2KHM9, ENST00000361413, ../Ntranos_Rotation/ESM-SaProt/AF-Q2KHM9-F1-model_v4.pdb.gz
INFO:2025-10-30 15:02:12,922:Successfully computed HSC for Q2KHM9.
INFO:2025-10-30 15:02:12,922:Processing Q2KHN1 with model AF-Q2KHN1-F1-model_v4.pdb
ERROR:2025-10-30 15:02:12,987:No transcript record found for Q2KHN1 in gnomAD.
INFO:2025-10-30 15:02:12,987:Processing Q2KHR2 with model AF-Q2KHR2-F1-model_v4.pdb
ERROR:2025-10-30 15:02:13,151:No transcript record found for Q2KHR2 in gnomAD.
INFO:2025-10-30 15:02:13,152:Processing Q2KHR3 with model AF-Q2KHR3-F1-model_v4.pdb
ERROR:2025-10-30 15:02:13,469:No ENST transcript IDs were mapped to Q2KHR3
INFO:2025-10-30 15:02:13,469:Pipeline completed.
INFO:2025-10-30 15:02:13,469:no_enst_for_uniprot: 2
INFO:2025-10-30 15:02:13,469:no_valid_cds: 0
INFO:2025-10-30 15:02:13,469:no_variant_data: 9
INFO:2025-10-30 15:02:13,469:bad_structure: 0
INFO:2025-10-30 15:02:13,469:no_enst_mp: 0
