INFO:2025-10-30 14:52:03,478:Starting HSC computation pipeline...
INFO:2025-10-30 14:52:45,241:Processing Q9NNX9 with model AF-Q9NNX9-F1-model_v4.pdb
INFO:2025-10-30 14:52:45,521:Computing HSC features for: Q9NNX9, ENST00000381089, ../Ntranos_Rotation/ESM-SaProt/AF-Q9NNX9-F1-model_v4.pdb.gz
ERROR:2025-10-30 14:52:45,597:Missing ENST record in counts: ENST00000381089
INFO:2025-10-30 14:52:45,597:Processing Q9NNZ3 with model AF-Q9NNZ3-F1-model_v4.pdb
INFO:2025-10-30 14:52:45,839:Computing HSC features for: Q9NNZ3, ENST00000321685, ../Ntranos_Rotation/ESM-SaProt/AF-Q9NNZ3-F1-model_v4.pdb.gz
INFO:2025-10-30 14:53:22,496:Successfully computed HSC for Q9NNZ3.
INFO:2025-10-30 14:53:22,497:Processing Q9NNZ6 with model AF-Q9NNZ6-F1-model_v4.pdb
INFO:2025-10-30 14:53:22,549:Computing HSC features for: Q9NNZ6, ENST00000327157, ../Ntranos_Rotation/ESM-SaProt/AF-Q9NNZ6-F1-model_v4.pdb.gz
INFO:2025-10-30 14:53:35,031:Successfully computed HSC for Q9NNZ6.
INFO:2025-10-30 14:53:35,031:Processing Q9NP08 with model AF-Q9NP08-F1-model_v4.pdb
INFO:2025-10-30 14:53:35,119:Computing HSC features for: Q9NP08, ENST00000400677, ../Ntranos_Rotation/ESM-SaProt/AF-Q9NP08-F1-model_v4.pdb.gz
INFO:2025-10-30 14:54:38,455:Successfully computed HSC for Q9NP08.
INFO:2025-10-30 14:54:38,455:Processing Q9NP31 with model AF-Q9NP31-F1-model_v4.pdb
INFO:2025-10-30 14:54:38,557:Computing HSC features for: Q9NP31, ENST00000368199, ../Ntranos_Rotation/ESM-SaProt/AF-Q9NP31-F1-model_v4.pdb.gz
INFO:2025-10-30 14:55:11,506:Successfully computed HSC for Q9NP31.
INFO:2025-10-30 14:55:11,506:Processing Q9NP50 with model AF-Q9NP50-F1-model_v4.pdb
INFO:2025-10-30 14:55:11,553:Computing HSC features for: Q9NP50, ENST00000337682, ../Ntranos_Rotation/ESM-SaProt/AF-Q9NP50-F1-model_v4.pdb.gz
INFO:2025-10-30 14:55:24,114:Successfully computed HSC for Q9NP50.
INFO:2025-10-30 14:55:24,114:Processing Q9NP55 with model AF-Q9NP55-F1-model_v4.pdb
INFO:2025-10-30 14:55:24,190:Computing HSC features for: Q9NP55, ENST00000354297, ../Ntranos_Rotation/ESM-SaProt/AF-Q9NP55-F1-model_v4.pdb.gz
INFO:2025-10-30 14:55:41,208:Successfully computed HSC for Q9NP55.
INFO:2025-10-30 14:55:41,209:Processing Q9NP56 with model AF-Q9NP56-F1-model_v4.pdb
INFO:2025-10-30 14:55:41,323:Computing HSC features for: Q9NP56, ENST00000308191, ../Ntranos_Rotation/ESM-SaProt/AF-Q9NP56-F1-model_v4.pdb.gz
INFO:2025-10-30 14:56:11,564:Successfully computed HSC for Q9NP56.
INFO:2025-10-30 14:56:11,565:Processing Q9NP58 with model AF-Q9NP58-F1-model_v4.pdb
INFO:2025-10-30 14:56:11,758:Computing HSC features for: Q9NP58, ENST00000265316, ../Ntranos_Rotation/ESM-SaProt/AF-Q9NP58-F1-model_v4.pdb.gz
INFO:2025-10-30 14:57:20,609:Successfully computed HSC for Q9NP58.
INFO:2025-10-30 14:57:20,609:Processing Q9NP59 with model AF-Q9NP59-F1-model_v4.pdb
INFO:2025-10-30 14:57:20,740:Computing HSC features for: Q9NP59, ENST00000261024, ../Ntranos_Rotation/ESM-SaProt/AF-Q9NP59-F1-model_v4.pdb.gz
INFO:2025-10-30 14:57:56,213:Successfully computed HSC for Q9NP59.
INFO:2025-10-30 14:57:56,213:Processing Q9NP60 with model AF-Q9NP60-F1-model_v4.pdb
INFO:2025-10-30 14:57:56,338:Computing HSC features for: Q9NP60, ENST00000372582, ../Ntranos_Rotation/ESM-SaProt/AF-Q9NP60-F1-model_v4.pdb.gz
INFO:2025-10-30 14:58:41,942:Successfully computed HSC for Q9NP60.
INFO:2025-10-30 14:58:41,942:Processing Q9NP61 with model AF-Q9NP61-F1-model_v4.pdb
INFO:2025-10-30 14:58:42,027:Computing HSC features for: Q9NP61, ENST00000263245, ../Ntranos_Rotation/ESM-SaProt/AF-Q9NP61-F1-model_v4.pdb.gz
INFO:2025-10-30 14:59:15,145:Successfully computed HSC for Q9NP61.
INFO:2025-10-30 14:59:15,145:Processing Q9NP62 with model AF-Q9NP62-F1-model_v4.pdb
INFO:2025-10-30 14:59:15,244:Computing HSC features for: Q9NP62, ENST00000259803, ../Ntranos_Rotation/ESM-SaProt/AF-Q9NP62-F1-model_v4.pdb.gz
INFO:2025-10-30 14:59:44,270:Successfully computed HSC for Q9NP62.
INFO:2025-10-30 14:59:44,270:Processing Q9NP64 with model AF-Q9NP64-F1-model_v4.pdb
INFO:2025-10-30 14:59:44,344:Computing HSC features for: Q9NP64, ENST00000344147, ../Ntranos_Rotation/ESM-SaProt/AF-Q9NP64-F1-model_v4.pdb.gz
INFO:2025-10-30 14:59:57,872:Successfully computed HSC for Q9NP64.
INFO:2025-10-30 14:59:57,872:Processing Q9NP66 with model AF-Q9NP66-F1-model_v4.pdb
INFO:2025-10-30 14:59:57,972:Computing HSC features for: Q9NP66, ENST00000336216, ../Ntranos_Rotation/ESM-SaProt/AF-Q9NP66-F1-model_v4.pdb.gz
INFO:2025-10-30 15:00:24,674:Successfully computed HSC for Q9NP66.
INFO:2025-10-30 15:00:24,675:Processing Q9NP70 with model AF-Q9NP70-F1-model_v4.pdb
INFO:2025-10-30 15:00:24,776:Computing HSC features for: Q9NP70, ENST00000322937, ../Ntranos_Rotation/ESM-SaProt/AF-Q9NP70-F1-model_v4.pdb.gz
INFO:2025-10-30 15:01:13,030:Successfully computed HSC for Q9NP70.
INFO:2025-10-30 15:01:13,030:Processing Q9NP71 with model AF-Q9NP71-F1-model_v4.pdb
INFO:2025-10-30 15:01:13,204:Computing HSC features for: Q9NP71, ENST00000313375, ../Ntranos_Rotation/ESM-SaProt/AF-Q9NP71-F1-model_v4.pdb.gz
INFO:2025-10-30 15:02:30,410:Successfully computed HSC for Q9NP71.
INFO:2025-10-30 15:02:30,410:Processing Q9NP72 with model AF-Q9NP72-F1-model_v4.pdb
INFO:2025-10-30 15:02:30,495:Computing HSC features for: Q9NP72, ENST00000356940, ../Ntranos_Rotation/ESM-SaProt/AF-Q9NP72-F1-model_v4.pdb.gz
INFO:2025-10-30 15:02:42,648:Successfully computed HSC for Q9NP72.
INFO:2025-10-30 15:02:42,649:Processing Q9NP73 with model AF-Q9NP73-F1-model_v4.pdb
INFO:2025-10-30 15:02:42,767:Computing HSC features for: Q9NP73, ENST00000394780, ../Ntranos_Rotation/ESM-SaProt/AF-Q9NP73-F1-model_v4.pdb.gz
INFO:2025-10-30 15:03:51,174:Successfully computed HSC for Q9NP73.
INFO:2025-10-30 15:03:51,174:Processing Q9NP74 with model AF-Q9NP74-F1-model_v4.pdb
INFO:2025-10-30 15:03:51,253:Computing HSC features for: Q9NP74, ENST00000263174, ../Ntranos_Rotation/ESM-SaProt/AF-Q9NP74-F1-model_v4.pdb.gz
INFO:2025-10-30 15:04:20,951:Successfully computed HSC for Q9NP74.
INFO:2025-10-30 15:04:20,951:Processing Q9NP77 with model AF-Q9NP77-F1-model_v4.pdb
INFO:2025-10-30 15:04:21,032:Computing HSC features for: Q9NP77, ENST00000291386, ../Ntranos_Rotation/ESM-SaProt/AF-Q9NP77-F1-model_v4.pdb.gz
INFO:2025-10-30 15:04:36,582:Successfully computed HSC for Q9NP77.
INFO:2025-10-30 15:04:36,582:Processing Q9NR11 with model AF-Q9NR11-F1-model_v4.pdb
ERROR:2025-10-30 15:04:36,701:No valid CDS found for Q9NR11
INFO:2025-10-30 15:04:36,701:Processing Q9NR12 with model AF-Q9NR12-F1-model_v4.pdb
INFO:2025-10-30 15:04:36,764:Computing HSC features for: Q9NR12, ENST00000355841, ../Ntranos_Rotation/ESM-SaProt/AF-Q9NR12-F1-model_v4.pdb.gz
INFO:2025-10-30 15:05:19,560:Successfully computed HSC for Q9NR12.
INFO:2025-10-30 15:05:19,560:Processing Q9NR16 with model AF-Q9NR16-F1-model_v4.pdb
INFO:2025-10-30 15:05:20,115:Computing HSC features for: Q9NR16, ENST00000313599, ../Ntranos_Rotation/ESM-SaProt/AF-Q9NR16-F1-model_v4.pdb.gz
INFO:2025-10-30 15:08:10,312:Successfully computed HSC for Q9NR16.
INFO:2025-10-30 15:08:10,312:Processing Q9NR19 with model AF-Q9NR19-F1-model_v4.pdb
INFO:2025-10-30 15:08:10,455:Computing HSC features for: Q9NR19, ENST00000360596, ../Ntranos_Rotation/ESM-SaProt/AF-Q9NR19-F1-model_v4.pdb.gz
INFO:2025-10-30 15:09:50,249:Successfully computed HSC for Q9NR19.
INFO:2025-10-30 15:09:50,249:Processing Q9NR20 with model AF-Q9NR20-F1-model_v4.pdb
INFO:2025-10-30 15:09:50,365:Computing HSC features for: Q9NR20, ENST00000010132, ../Ntranos_Rotation/ESM-SaProt/AF-Q9NR20-F1-model_v4.pdb.gz
INFO:2025-10-30 15:10:58,664:Successfully computed HSC for Q9NR20.
INFO:2025-10-30 15:10:58,664:Processing Q9NR21 with model AF-Q9NR21-F1-model_v4.pdb
INFO:2025-10-30 15:10:58,750:Computing HSC features for: Q9NR21, ENST00000228820, ../Ntranos_Rotation/ESM-SaProt/AF-Q9NR21-F1-model_v4.pdb.gz
INFO:2025-10-30 15:11:39,105:Successfully computed HSC for Q9NR21.
INFO:2025-10-30 15:11:39,105:Processing Q9NR22 with model AF-Q9NR22-F1-model_v4.pdb
INFO:2025-10-30 15:11:39,191:Computing HSC features for: Q9NR22, ENST00000382622, ../Ntranos_Rotation/ESM-SaProt/AF-Q9NR22-F1-model_v4.pdb.gz
INFO:2025-10-30 15:12:28,641:Successfully computed HSC for Q9NR22.
INFO:2025-10-30 15:12:28,642:Processing Q9NR23 with model AF-Q9NR23-F1-model_v4.pdb
INFO:2025-10-30 15:12:28,748:Computing HSC features for: Q9NR23, ENST00000329913, ../Ntranos_Rotation/ESM-SaProt/AF-Q9NR23-F1-model_v4.pdb.gz
INFO:2025-10-30 15:12:52,408:Successfully computed HSC for Q9NR23.
INFO:2025-10-30 15:12:52,408:Processing Q9NR28 with model AF-Q9NR28-F1-model_v4.pdb
INFO:2025-10-30 15:12:52,463:Computing HSC features for: Q9NR28, ENST00000464942, ../Ntranos_Rotation/ESM-SaProt/AF-Q9NR28-F1-model_v4.pdb.gz
INFO:2025-10-30 15:13:16,692:Successfully computed HSC for Q9NR28.
INFO:2025-10-30 15:13:16,692:Processing Q9NR30 with model AF-Q9NR30-F1-model_v4.pdb
ERROR:2025-10-30 15:13:16,844:No transcript record found for Q9NR30 in gnomAD.
INFO:2025-10-30 15:13:16,844:Processing Q9NR31 with model AF-Q9NR31-F1-model_v4.pdb
INFO:2025-10-30 15:13:16,914:Computing HSC features for: Q9NR31, ENST00000373238, ../Ntranos_Rotation/ESM-SaProt/AF-Q9NR31-F1-model_v4.pdb.gz
INFO:2025-10-30 15:13:36,807:Successfully computed HSC for Q9NR31.
INFO:2025-10-30 15:13:36,807:Processing Q9NR33 with model AF-Q9NR33-F1-model_v4.pdb
INFO:2025-10-30 15:13:36,869:Computing HSC features for: Q9NR33, ENST00000483063, ../Ntranos_Rotation/ESM-SaProt/AF-Q9NR33-F1-model_v4.pdb.gz
INFO:2025-10-30 15:13:54,816:Successfully computed HSC for Q9NR33.
INFO:2025-10-30 15:13:54,816:Processing Q9NR34 with model AF-Q9NR34-F1-model_v4.pdb
INFO:2025-10-30 15:13:54,928:Computing HSC features for: Q9NR34, ENST00000374332, ../Ntranos_Rotation/ESM-SaProt/AF-Q9NR34-F1-model_v4.pdb.gz
INFO:2025-10-30 15:15:21,376:Successfully computed HSC for Q9NR34.
INFO:2025-10-30 15:15:21,376:Processing Q9NR45 with model AF-Q9NR45-F1-model_v4.pdb
INFO:2025-10-30 15:15:21,468:Computing HSC features for: Q9NR45, ENST00000210444, ../Ntranos_Rotation/ESM-SaProt/AF-Q9NR45-F1-model_v4.pdb.gz
INFO:2025-10-30 15:16:03,260:Successfully computed HSC for Q9NR45.
INFO:2025-10-30 15:16:03,260:Processing Q9NR46 with model AF-Q9NR46-F1-model_v4.pdb
INFO:2025-10-30 15:16:03,339:Computing HSC features for: Q9NR46, ENST00000372559, ../Ntranos_Rotation/ESM-SaProt/AF-Q9NR46-F1-model_v4.pdb.gz
INFO:2025-10-30 15:16:36,602:Successfully computed HSC for Q9NR46.
INFO:2025-10-30 15:16:36,602:Processing Q9NR48 with model AF-Q9NR48-F1-model_v4.pdb
ERROR:2025-10-30 15:16:36,753:No valid CDS found for Q9NR48
INFO:2025-10-30 15:16:36,753:Processing Q9NR50 with model AF-Q9NR50-F1-model_v4.pdb
INFO:2025-10-30 15:16:36,813:Computing HSC features for: Q9NR50, ENST00000360403, ../Ntranos_Rotation/ESM-SaProt/AF-Q9NR50-F1-model_v4.pdb.gz
INFO:2025-10-30 15:17:03,346:Successfully computed HSC for Q9NR50.
INFO:2025-10-30 15:17:03,346:Processing Q9NR55 with model AF-Q9NR55-F1-model_v4.pdb
INFO:2025-10-30 15:17:03,394:Computing HSC features for: Q9NR55, ENST00000243440, ../Ntranos_Rotation/ESM-SaProt/AF-Q9NR55-F1-model_v4.pdb.gz
INFO:2025-10-30 15:17:15,778:Successfully computed HSC for Q9NR55.
INFO:2025-10-30 15:17:15,778:Processing Q9NR56 with model AF-Q9NR56-F1-model_v4.pdb
INFO:2025-10-30 15:17:15,844:Computing HSC features for: Q9NR56, ENST00000282486, ../Ntranos_Rotation/ESM-SaProt/AF-Q9NR56-F1-model_v4.pdb.gz
INFO:2025-10-30 15:17:42,780:Successfully computed HSC for Q9NR56.
INFO:2025-10-30 15:17:42,780:Processing Q9NR61 with model AF-Q9NR61-F1-model_v4.pdb
INFO:2025-10-30 15:17:42,863:Computing HSC features for: Q9NR61, ENST00000249749, ../Ntranos_Rotation/ESM-SaProt/AF-Q9NR61-F1-model_v4.pdb.gz
INFO:2025-10-30 15:18:43,089:Successfully computed HSC for Q9NR61.
INFO:2025-10-30 15:18:43,090:Processing Q9NR63 with model AF-Q9NR63-F1-model_v4.pdb
INFO:2025-10-30 15:18:43,156:Computing HSC features for: Q9NR63, ENST00000001146, ../Ntranos_Rotation/ESM-SaProt/AF-Q9NR63-F1-model_v4.pdb.gz
INFO:2025-10-30 15:19:56,902:Successfully computed HSC for Q9NR63.
INFO:2025-10-30 15:19:56,902:Processing Q9NR64 with model AF-Q9NR64-F1-model_v4.pdb
INFO:2025-10-30 15:19:57,044:Computing HSC features for: Q9NR64, ENST00000377844, ../Ntranos_Rotation/ESM-SaProt/AF-Q9NR64-F1-model_v4.pdb.gz
INFO:2025-10-30 15:21:05,394:Successfully computed HSC for Q9NR64.
INFO:2025-10-30 15:21:05,394:Processing Q9NR71 with model AF-Q9NR71-F1-model_v4.pdb
INFO:2025-10-30 15:21:05,527:Computing HSC features for: Q9NR71, ENST00000395526, ../Ntranos_Rotation/ESM-SaProt/AF-Q9NR71-F1-model_v4.pdb.gz
INFO:2025-10-30 15:22:10,848:Successfully computed HSC for Q9NR71.
INFO:2025-10-30 15:22:10,848:Processing Q9NR77 with model AF-Q9NR77-F1-model_v4.pdb
INFO:2025-10-30 15:22:10,896:Computing HSC features for: Q9NR77, ENST00000317479, ../Ntranos_Rotation/ESM-SaProt/AF-Q9NR77-F1-model_v4.pdb.gz
INFO:2025-10-30 15:22:29,521:Successfully computed HSC for Q9NR77.
INFO:2025-10-30 15:22:29,521:Processing Q9NR80 with model AF-Q9NR80-F1-model_v4.pdb
INFO:2025-10-30 15:22:29,605:Computing HSC features for: Q9NR80, ENST00000326016, ../Ntranos_Rotation/ESM-SaProt/AF-Q9NR80-F1-model_v4.pdb.gz
INFO:2025-10-30 15:23:32,609:Successfully computed HSC for Q9NR80.
INFO:2025-10-30 15:23:32,609:Processing Q9NR81 with model AF-Q9NR81-F1-model_v4.pdb
INFO:2025-10-30 15:23:32,705:Computing HSC features for: Q9NR81, ENST00000296315, ../Ntranos_Rotation/ESM-SaProt/AF-Q9NR81-F1-model_v4.pdb.gz
INFO:2025-10-30 15:24:16,756:Successfully computed HSC for Q9NR81.
INFO:2025-10-30 15:24:16,756:Processing Q9NR82 with model AF-Q9NR82-F1-model_v4.pdb
INFO:2025-10-30 15:24:16,861:Computing HSC features for: Q9NR82, ENST00000370398, ../Ntranos_Rotation/ESM-SaProt/AF-Q9NR82-F1-model_v4.pdb.gz
INFO:2025-10-30 15:25:29,156:Successfully computed HSC for Q9NR82.
INFO:2025-10-30 15:25:29,156:Processing Q9NR83 with model AF-Q9NR83-F1-model_v4.pdb
INFO:2025-10-30 15:25:29,231:Computing HSC features for: Q9NR83, ENST00000266077, ../Ntranos_Rotation/ESM-SaProt/AF-Q9NR83-F1-model_v4.pdb.gz
INFO:2025-10-30 15:26:36,774:Successfully computed HSC for Q9NR83.
INFO:2025-10-30 15:26:36,774:Processing Q9NR90 with model AF-Q9NR90-F1-model_v4.pdb
ERROR:2025-10-30 15:26:36,877:No valid CDS found for Q9NR90
INFO:2025-10-30 15:26:36,877:Pipeline completed.
INFO:2025-10-30 15:26:36,877:no_enst_for_uniprot: 0
INFO:2025-10-30 15:26:36,877:no_valid_cds: 3
INFO:2025-10-30 15:26:36,877:no_variant_data: 1
INFO:2025-10-30 15:26:36,877:bad_structure: 0
INFO:2025-10-30 15:26:36,877:no_enst_mp: 1
