INFO:2025-10-30 15:00:01,643:Starting HSC computation pipeline...
INFO:2025-10-30 15:00:51,382:Processing P09661 with model AF-P09661-F1-model_v4.pdb
INFO:2025-10-30 15:00:51,481:Computing HSC features for: P09661, ENST00000254193, ../Ntranos_Rotation/ESM-SaProt/AF-P09661-F1-model_v4.pdb.gz
INFO:2025-10-30 15:01:19,063:Successfully computed HSC for P09661.
INFO:2025-10-30 15:01:19,063:Processing P09668 with model AF-P09668-F1-model_v4.pdb
INFO:2025-10-30 15:01:19,135:Computing HSC features for: P09668, ENST00000220166, ../Ntranos_Rotation/ESM-SaProt/AF-P09668-F1-model_v4.pdb.gz
INFO:2025-10-30 15:01:59,852:Successfully computed HSC for P09668.
INFO:2025-10-30 15:01:59,853:Processing P09669 with model AF-P09669-F1-model_v4.pdb
INFO:2025-10-30 15:02:00,249:Computing HSC features for: P09669, ENST00000297564, ../Ntranos_Rotation/ESM-SaProt/AF-P09669-F1-model_v4.pdb.gz
INFO:2025-10-30 15:02:12,120:Successfully computed HSC for P09669.
INFO:2025-10-30 15:02:12,120:Processing P09681 with model AF-P09681-F1-model_v4.pdb
INFO:2025-10-30 15:02:12,182:Computing HSC features for: P09681, ENST00000357424, ../Ntranos_Rotation/ESM-SaProt/AF-P09681-F1-model_v4.pdb.gz
INFO:2025-10-30 15:02:31,510:Successfully computed HSC for P09681.
INFO:2025-10-30 15:02:31,511:Processing P09683 with model AF-P09683-F1-model_v4.pdb
INFO:2025-10-30 15:02:31,582:Computing HSC features for: P09683, ENST00000176195, ../Ntranos_Rotation/ESM-SaProt/AF-P09683-F1-model_v4.pdb.gz
INFO:2025-10-30 15:02:45,518:Successfully computed HSC for P09683.
INFO:2025-10-30 15:02:45,519:Processing P09693 with model AF-P09693-F1-model_v4.pdb
INFO:2025-10-30 15:02:45,594:Computing HSC features for: P09693, ENST00000532917, ../Ntranos_Rotation/ESM-SaProt/AF-P09693-F1-model_v4.pdb.gz
INFO:2025-10-30 15:02:56,748:Successfully computed HSC for P09693.
INFO:2025-10-30 15:02:56,748:Processing P09758 with model AF-P09758-F1-model_v4.pdb
INFO:2025-10-30 15:02:56,820:Computing HSC features for: P09758, ENST00000371225, ../Ntranos_Rotation/ESM-SaProt/AF-P09758-F1-model_v4.pdb.gz
INFO:2025-10-30 15:03:40,509:Successfully computed HSC for P09758.
INFO:2025-10-30 15:03:40,510:Processing P09769 with model AF-P09769-F1-model_v4.pdb
INFO:2025-10-30 15:03:40,587:Computing HSC features for: P09769, ENST00000374003, ../Ntranos_Rotation/ESM-SaProt/AF-P09769-F1-model_v4.pdb.gz
INFO:2025-10-30 15:04:39,437:Successfully computed HSC for P09769.
INFO:2025-10-30 15:04:39,438:Processing P09848 with model AF-P09848-F1-model_v4.pdb
INFO:2025-10-30 15:04:39,739:Computing HSC features for: P09848, ENST00000264162, ../Ntranos_Rotation/ESM-SaProt/AF-P09848-F1-model_v4.pdb.gz
INFO:2025-10-30 15:07:17,767:Successfully computed HSC for P09848.
INFO:2025-10-30 15:07:17,768:Processing P09871 with model AF-P09871-F1-model_v4.pdb
INFO:2025-10-30 15:07:17,863:Computing HSC features for: P09871, ENST00000328916, ../Ntranos_Rotation/ESM-SaProt/AF-P09871-F1-model_v4.pdb.gz
INFO:2025-10-30 15:08:08,823:Successfully computed HSC for P09871.
INFO:2025-10-30 15:08:08,824:Processing P09874 with model AF-P09874-F1-model_v4.pdb
INFO:2025-10-30 15:08:09,001:Computing HSC features for: P09874, ENST00000366794, ../Ntranos_Rotation/ESM-SaProt/AF-P09874-F1-model_v4.pdb.gz
INFO:2025-10-30 15:09:22,057:Successfully computed HSC for P09874.
INFO:2025-10-30 15:09:22,057:Processing P09884 with model AF-P09884-F1-model_v4.pdb
INFO:2025-10-30 15:09:22,387:Computing HSC features for: P09884, ENST00000379059, ../Ntranos_Rotation/ESM-SaProt/AF-P09884-F1-model_v4.pdb.gz
INFO:2025-10-30 15:11:00,295:Successfully computed HSC for P09884.
INFO:2025-10-30 15:11:00,296:Processing P09912 with model AF-P09912-F1-model_v4.pdb
INFO:2025-10-30 15:11:00,359:Computing HSC features for: P09912, ENST00000361157, ../Ntranos_Rotation/ESM-SaProt/AF-P09912-F1-model_v4.pdb.gz
INFO:2025-10-30 15:11:29,354:Successfully computed HSC for P09912.
INFO:2025-10-30 15:11:29,354:Processing P09913 with model AF-P09913-F1-model_v4.pdb
INFO:2025-10-30 15:11:29,466:Computing HSC features for: P09913, ENST00000371826, ../Ntranos_Rotation/ESM-SaProt/AF-P09913-F1-model_v4.pdb.gz
INFO:2025-10-30 15:12:23,721:Successfully computed HSC for P09913.
INFO:2025-10-30 15:12:23,721:Processing P09914 with model AF-P09914-F1-model_v4.pdb
INFO:2025-10-30 15:12:23,811:Computing HSC features for: P09914, ENST00000371804, ../Ntranos_Rotation/ESM-SaProt/AF-P09914-F1-model_v4.pdb.gz
INFO:2025-10-30 15:12:53,905:Successfully computed HSC for P09914.
INFO:2025-10-30 15:12:53,906:Processing P09917 with model AF-P09917-F1-model_v4.pdb
INFO:2025-10-30 15:12:54,026:Computing HSC features for: P09917, ENST00000374391, ../Ntranos_Rotation/ESM-SaProt/AF-P09917-F1-model_v4.pdb.gz
INFO:2025-10-30 15:13:57,379:Successfully computed HSC for P09917.
INFO:2025-10-30 15:13:57,379:Processing P09919 with model AF-P09919-F1-model_v4.pdb
INFO:2025-10-30 15:13:57,442:Computing HSC features for: P09919, ENST00000225474, ../Ntranos_Rotation/ESM-SaProt/AF-P09919-F1-model_v4.pdb.gz
INFO:2025-10-30 15:14:27,986:Successfully computed HSC for P09919.
INFO:2025-10-30 15:14:27,986:Processing P09923 with model AF-P09923-F1-model_v4.pdb
INFO:2025-10-30 15:14:28,100:Computing HSC features for: P09923, ENST00000295463, ../Ntranos_Rotation/ESM-SaProt/AF-P09923-F1-model_v4.pdb.gz
INFO:2025-10-30 15:15:25,938:Successfully computed HSC for P09923.
INFO:2025-10-30 15:15:25,938:Processing P09936 with model AF-P09936-F1-model_v4.pdb
INFO:2025-10-30 15:15:26,017:Computing HSC features for: P09936, ENST00000284440, ../Ntranos_Rotation/ESM-SaProt/AF-P09936-F1-model_v4.pdb.gz
INFO:2025-10-30 15:16:00,023:Successfully computed HSC for P09936.
INFO:2025-10-30 15:16:00,023:Processing P09958 with model AF-P09958-F1-model_v4.pdb
INFO:2025-10-30 15:16:00,173:Computing HSC features for: P09958, ENST00000268171, ../Ntranos_Rotation/ESM-SaProt/AF-P09958-F1-model_v4.pdb.gz
INFO:2025-10-30 15:17:49,168:Successfully computed HSC for P09958.
INFO:2025-10-30 15:17:49,168:Processing P09960 with model AF-P09960-F1-model_v4.pdb
INFO:2025-10-30 15:17:49,666:Computing HSC features for: P09960, ENST00000228740, ../Ntranos_Rotation/ESM-SaProt/AF-P09960-F1-model_v4.pdb.gz
INFO:2025-10-30 15:18:54,462:Successfully computed HSC for P09960.
INFO:2025-10-30 15:18:54,462:Processing P09972 with model AF-P09972-F1-model_v4.pdb
INFO:2025-10-30 15:18:54,554:Computing HSC features for: P09972, ENST00000226253, ../Ntranos_Rotation/ESM-SaProt/AF-P09972-F1-model_v4.pdb.gz
INFO:2025-10-30 15:19:47,206:Successfully computed HSC for P09972.
INFO:2025-10-30 15:19:47,206:Processing P0C024 with model AF-P0C024-F1-model_v4.pdb
INFO:2025-10-30 15:19:47,276:Computing HSC features for: P0C024, ENST00000268533, ../Ntranos_Rotation/ESM-SaProt/AF-P0C024-F1-model_v4.pdb.gz
INFO:2025-10-30 15:20:18,738:Successfully computed HSC for P0C024.
INFO:2025-10-30 15:20:18,738:Processing P0C025 with model AF-P0C025-F1-model_v4.pdb
INFO:2025-10-30 15:20:19,171:Computing HSC features for: P0C025, ENST00000334513, ../Ntranos_Rotation/ESM-SaProt/AF-P0C025-F1-model_v4.pdb.gz
INFO:2025-10-30 15:21:09,566:Successfully computed HSC for P0C025.
INFO:2025-10-30 15:21:09,566:Processing P0C091 with model AF-P0C091-F1-model_v4.pdb
INFO:2025-10-30 15:21:09,978:Computing HSC features for: P0C091, ENST00000329798, ../Ntranos_Rotation/ESM-SaProt/AF-P0C091-F1-model_v4.pdb.gz
INFO:2025-10-30 15:23:53,861:Successfully computed HSC for P0C091.
INFO:2025-10-30 15:23:53,861:Processing P0C0E4 with model AF-P0C0E4-F1-model_v4.pdb
INFO:2025-10-30 15:23:53,913:Computing HSC features for: P0C0E4, ENST00000218249, ../Ntranos_Rotation/ESM-SaProt/AF-P0C0E4-F1-model_v4.pdb.gz
INFO:2025-10-30 15:24:17,134:Successfully computed HSC for P0C0E4.
INFO:2025-10-30 15:24:17,134:Processing P0C0L4 with model AF-P0C0L4-F1-model_v4.pdb
INFO:2025-10-30 15:24:17,314:Computing HSC features for: P0C0L4, ENST00000428956, ../Ntranos_Rotation/ESM-SaProt/AF-P0C0L4-F1-model_v4.pdb.gz
INFO:2025-10-30 15:26:55,180:Successfully computed HSC for P0C0L4.
INFO:2025-10-30 15:26:55,180:Processing P0C0L5 with model AF-P0C0L5-F1-model_v4.pdb
INFO:2025-10-30 15:26:55,364:Computing HSC features for: P0C0L5, ENST00000435363, ../Ntranos_Rotation/ESM-SaProt/AF-P0C0L5-F1-model_v4.pdb.gz
INFO:2025-10-30 15:29:14,021:Successfully computed HSC for P0C0L5.
INFO:2025-10-30 15:29:14,021:Processing P0C0P6 with model AF-P0C0P6-F1-model_v4.pdb
INFO:2025-10-30 15:29:14,067:Computing HSC features for: P0C0P6, ENST00000398023, ../Ntranos_Rotation/ESM-SaProt/AF-P0C0P6-F1-model_v4.pdb.gz
INFO:2025-10-30 15:29:24,164:Successfully computed HSC for P0C0P6.
INFO:2025-10-30 15:29:24,164:Processing P0C0S5 with model AF-P0C0S5-F1-model_v4.pdb
INFO:2025-10-30 15:29:24,221:Computing HSC features for: P0C0S5, ENST00000296417, ../Ntranos_Rotation/ESM-SaProt/AF-P0C0S5-F1-model_v4.pdb.gz
INFO:2025-10-30 15:29:35,856:Successfully computed HSC for P0C0S5.
INFO:2025-10-30 15:29:35,856:Processing P0C0S8 with model AF-P0C0S8-F1-model_v4.pdb
INFO:2025-10-30 15:29:35,935:Computing HSC features for: P0C0S8, ENST00000359193, ../Ntranos_Rotation/ESM-SaProt/AF-P0C0S8-F1-model_v4.pdb.gz
INFO:2025-10-30 15:29:52,296:Successfully computed HSC for P0C0S8.
INFO:2025-10-30 15:29:52,297:Processing P0C1H6 with model AF-P0C1H6-F1-model_v4.pdb
ERROR:2025-10-30 15:29:52,336:No valid CDS found for P0C1H6
INFO:2025-10-30 15:29:52,336:Processing P0C1S8 with model AF-P0C1S8-F1-model_v4.pdb
INFO:2025-10-30 15:29:52,462:Computing HSC features for: P0C1S8, ENST00000397541, ../Ntranos_Rotation/ESM-SaProt/AF-P0C1S8-F1-model_v4.pdb.gz
INFO:2025-10-30 15:30:27,860:Successfully computed HSC for P0C1S8.
INFO:2025-10-30 15:30:27,861:Processing P0C1Z6 with model AF-P0C1Z6-F1-model_v4.pdb
INFO:2025-10-30 15:30:27,920:Computing HSC features for: P0C1Z6, ENST00000391759, ../Ntranos_Rotation/ESM-SaProt/AF-P0C1Z6-F1-model_v4.pdb.gz
INFO:2025-10-30 15:30:51,259:Successfully computed HSC for P0C1Z6.
INFO:2025-10-30 15:30:51,259:Processing P0C221 with model AF-P0C221-F1-model_v4.pdb
INFO:2025-10-30 15:30:51,405:Computing HSC features for: P0C221, ENST00000537690, ../Ntranos_Rotation/ESM-SaProt/AF-P0C221-F1-model_v4.pdb.gz
INFO:2025-10-30 15:31:41,235:Successfully computed HSC for P0C221.
INFO:2025-10-30 15:31:41,235:Processing P0C263 with model AF-P0C263-F1-model_v4.pdb
INFO:2025-10-30 15:31:41,293:Computing HSC features for: P0C263, ENST00000344158, ../Ntranos_Rotation/ESM-SaProt/AF-P0C263-F1-model_v4.pdb.gz
INFO:2025-10-30 15:32:23,776:Successfully computed HSC for P0C263.
INFO:2025-10-30 15:32:23,776:Processing P0C264 with model AF-P0C264-F1-model_v4.pdb
ERROR:2025-10-30 15:32:23,859:No transcript record found for P0C264 in gnomAD.
INFO:2025-10-30 15:32:23,859:Processing P0C2L3 with model AF-P0C2L3-F1-model_v4.pdb
INFO:2025-10-30 15:32:23,899:Computing HSC features for: P0C2L3, ENST00000496132, ../Ntranos_Rotation/ESM-SaProt/AF-P0C2L3-F1-model_v4.pdb.gz
INFO:2025-10-30 15:32:42,857:Successfully computed HSC for P0C2L3.
INFO:2025-10-30 15:32:42,857:Processing P0C2S0 with model AF-P0C2S0-F1-model_v4.pdb
INFO:2025-10-30 15:32:42,913:Computing HSC features for: P0C2S0, ENST00000417307, ../Ntranos_Rotation/ESM-SaProt/AF-P0C2S0-F1-model_v4.pdb.gz
INFO:2025-10-30 15:32:48,195:Successfully computed HSC for P0C2S0.
INFO:2025-10-30 15:32:48,195:Processing P0C2W1 with model AF-P0C2W1-F1-model_v4.pdb
INFO:2025-10-30 15:32:48,244:Computing HSC features for: P0C2W1, ENST00000311630, ../Ntranos_Rotation/ESM-SaProt/AF-P0C2W1-F1-model_v4.pdb.gz
INFO:2025-10-30 15:33:13,590:Successfully computed HSC for P0C2W1.
INFO:2025-10-30 15:33:13,590:Processing P0C2W7 with model AF-P0C2W7-F1-model_v4.pdb
INFO:2025-10-30 15:33:13,653:Computing HSC features for: P0C2W7, ENST00000371311, ../Ntranos_Rotation/ESM-SaProt/AF-P0C2W7-F1-model_v4.pdb.gz
INFO:2025-10-30 15:33:47,698:Successfully computed HSC for P0C2W7.
INFO:2025-10-30 15:33:47,698:Processing P0C2Y1 with model AF-P0C2Y1-F1-model_v4.pdb
ERROR:2025-10-30 15:33:47,786:No ENST transcript IDs were mapped to P0C2Y1
INFO:2025-10-30 15:33:47,786:Processing P0C5J1 with model AF-P0C5J1-F1-model_v4.pdb
INFO:2025-10-30 15:33:47,871:Computing HSC features for: P0C5J1, ENST00000262365, ../Ntranos_Rotation/ESM-SaProt/AF-P0C5J1-F1-model_v4.pdb.gz
INFO:2025-10-30 15:34:16,928:Successfully computed HSC for P0C5J1.
INFO:2025-10-30 15:34:16,929:Processing P0C5K6 with model AF-P0C5K6-F1-model_v4.pdb
ERROR:2025-10-30 15:34:16,961:No ENST transcript IDs were mapped to P0C5K6
INFO:2025-10-30 15:34:16,961:Processing P0C5K7 with model AF-P0C5K7-F1-model_v4.pdb
ERROR:2025-10-30 15:34:16,998:No ENST transcript IDs were mapped to P0C5K7
INFO:2025-10-30 15:34:16,998:Processing P0C5Y4 with model AF-P0C5Y4-F1-model_v4.pdb
INFO:2025-10-30 15:34:17,060:Computing HSC features for: P0C5Y4, ENST00000377747, ../Ntranos_Rotation/ESM-SaProt/AF-P0C5Y4-F1-model_v4.pdb.gz
INFO:2025-10-30 15:34:27,150:Successfully computed HSC for P0C5Y4.
INFO:2025-10-30 15:34:27,150:Processing P0C5Y9 with model AF-P0C5Y9-F1-model_v4.pdb
ERROR:2025-10-30 15:34:27,190:No transcript record found for P0C5Y9 in gnomAD.
INFO:2025-10-30 15:34:27,191:Processing P0C5Z0 with model AF-P0C5Z0-F1-model_v4.pdb
INFO:2025-10-30 15:34:27,220:Computing HSC features for: P0C5Z0, ENST00000354514, ../Ntranos_Rotation/ESM-SaProt/AF-P0C5Z0-F1-model_v4.pdb.gz
ERROR:2025-10-30 15:34:27,260:Missing ENST record in counts: ENST00000354514
INFO:2025-10-30 15:34:27,260:Processing P0C604 with model AF-P0C604-F1-model_v4.pdb
ERROR:2025-10-30 15:34:27,362:No ENST transcript IDs were mapped to P0C604
INFO:2025-10-30 15:34:27,362:Processing P0C617 with model AF-P0C617-F1-model_v4.pdb
ERROR:2025-10-30 15:34:27,430:No ENST transcript IDs were mapped to P0C617
INFO:2025-10-30 15:34:27,430:Pipeline completed.
INFO:2025-10-30 15:34:27,430:no_enst_for_uniprot: 5
INFO:2025-10-30 15:34:27,430:no_valid_cds: 1
INFO:2025-10-30 15:34:27,430:no_variant_data: 2
INFO:2025-10-30 15:34:27,430:bad_structure: 0
INFO:2025-10-30 15:34:27,430:no_enst_mp: 1
