INFO:2025-10-30 14:59:03,864:Starting HSC computation pipeline...
INFO:2025-10-30 15:00:11,849:Processing Q9UQ49 with model AF-Q9UQ49-F1-model_v4.pdb
ERROR:2025-10-30 15:00:11,978:No valid CDS found for Q9UQ49
INFO:2025-10-30 15:00:11,978:Processing Q9UQ52 with model AF-Q9UQ52-F1-model_v4.pdb
INFO:2025-10-30 15:00:12,186:Computing HSC features for: Q9UQ52, ENST00000350110, ../Ntranos_Rotation/ESM-SaProt/AF-Q9UQ52-F1-model_v4.pdb.gz
INFO:2025-10-30 15:01:39,135:Successfully computed HSC for Q9UQ52.
INFO:2025-10-30 15:01:39,135:Processing Q9UQ53 with model AF-Q9UQ53-F1-model_v4.pdb
INFO:2025-10-30 15:01:39,270:Computing HSC features for: Q9UQ53, ENST00000292591, ../Ntranos_Rotation/ESM-SaProt/AF-Q9UQ53-F1-model_v4.pdb.gz
INFO:2025-10-30 15:02:40,867:Successfully computed HSC for Q9UQ53.
INFO:2025-10-30 15:02:40,867:Processing Q9UQ72 with model AF-Q9UQ72-F1-model_v4.pdb
INFO:2025-10-30 15:02:40,954:Computing HSC features for: Q9UQ72, ENST00000320078, ../Ntranos_Rotation/ESM-SaProt/AF-Q9UQ72-F1-model_v4.pdb.gz
INFO:2025-10-30 15:03:05,580:Successfully computed HSC for Q9UQ72.
INFO:2025-10-30 15:03:05,580:Processing Q9UQ74 with model AF-Q9UQ74-F1-model_v4.pdb
INFO:2025-10-30 15:03:05,688:Computing HSC features for: Q9UQ74, ENST00000306511, ../Ntranos_Rotation/ESM-SaProt/AF-Q9UQ74-F1-model_v4.pdb.gz
INFO:2025-10-30 15:03:54,991:Successfully computed HSC for Q9UQ74.
INFO:2025-10-30 15:03:54,991:Processing Q9UQ80 with model AF-Q9UQ80-F1-model_v4.pdb
INFO:2025-10-30 15:03:55,099:Computing HSC features for: Q9UQ80, ENST00000303305, ../Ntranos_Rotation/ESM-SaProt/AF-Q9UQ80-F1-model_v4.pdb.gz
INFO:2025-10-30 15:04:42,913:Successfully computed HSC for Q9UQ80.
INFO:2025-10-30 15:04:42,913:Processing Q9UQ84 with model AF-Q9UQ84-F1-model_v4.pdb
INFO:2025-10-30 15:04:43,098:Computing HSC features for: Q9UQ84, ENST00000348581, ../Ntranos_Rotation/ESM-SaProt/AF-Q9UQ84-F1-model_v4.pdb.gz
INFO:2025-10-30 15:06:11,574:Successfully computed HSC for Q9UQ84.
INFO:2025-10-30 15:06:11,574:Processing Q9UQ88 with model AF-Q9UQ88-F1-model_v4.pdb
INFO:2025-10-30 15:06:11,744:Computing HSC features for: Q9UQ88, ENST00000378633, ../Ntranos_Rotation/ESM-SaProt/AF-Q9UQ88-F1-model_v4.pdb.gz
INFO:2025-10-30 15:08:19,813:Successfully computed HSC for Q9UQ88.
INFO:2025-10-30 15:08:19,813:Processing Q9UQ90 with model AF-Q9UQ90-F1-model_v4.pdb
ERROR:2025-10-30 15:08:20,001:No transcript record found for Q9UQ90 in gnomAD.
INFO:2025-10-30 15:08:20,001:Processing Q9UQB3 with model AF-Q9UQB3-F1-model_v4.pdb
INFO:2025-10-30 15:08:20,225:Computing HSC features for: Q9UQB3, ENST00000304623, ../Ntranos_Rotation/ESM-SaProt/AF-Q9UQB3-F1-model_v4.pdb.gz
INFO:2025-10-30 15:11:00,955:Successfully computed HSC for Q9UQB3.
INFO:2025-10-30 15:11:00,955:Processing Q9UQB8 with model AF-Q9UQB8-F1-model_v4.pdb
INFO:2025-10-30 15:11:01,095:Computing HSC features for: Q9UQB8, ENST00000321300, ../Ntranos_Rotation/ESM-SaProt/AF-Q9UQB8-F1-model_v4.pdb.gz
INFO:2025-10-30 15:12:13,693:Successfully computed HSC for Q9UQB8.
INFO:2025-10-30 15:12:13,693:Processing Q9UQB9 with model AF-Q9UQB9-F1-model_v4.pdb
INFO:2025-10-30 15:12:13,753:Computing HSC features for: Q9UQB9, ENST00000302804, ../Ntranos_Rotation/ESM-SaProt/AF-Q9UQB9-F1-model_v4.pdb.gz
INFO:2025-10-30 15:12:39,466:Successfully computed HSC for Q9UQB9.
INFO:2025-10-30 15:12:39,466:Processing Q9UQC2 with model AF-Q9UQC2-F1-model_v4.pdb
INFO:2025-10-30 15:12:39,567:Computing HSC features for: Q9UQC2, ENST00000361507, ../Ntranos_Rotation/ESM-SaProt/AF-Q9UQC2-F1-model_v4.pdb.gz
INFO:2025-10-30 15:13:38,858:Successfully computed HSC for Q9UQC2.
INFO:2025-10-30 15:13:38,858:Processing Q9UQC9 with model AF-Q9UQC9-F1-model_v4.pdb
INFO:2025-10-30 15:13:39,027:Computing HSC features for: Q9UQC9, ENST00000370565, ../Ntranos_Rotation/ESM-SaProt/AF-Q9UQC9-F1-model_v4.pdb.gz
INFO:2025-10-30 15:14:51,004:Successfully computed HSC for Q9UQC9.
INFO:2025-10-30 15:14:51,004:Processing Q9UQD0 with model AF-Q9UQD0-F1-model_v4.pdb
INFO:2025-10-30 15:14:51,367:Computing HSC features for: Q9UQD0, ENST00000354534, ../Ntranos_Rotation/ESM-SaProt/AF-Q9UQD0-F1-model_v4.pdb.gz
INFO:2025-10-30 15:17:35,695:Successfully computed HSC for Q9UQD0.
INFO:2025-10-30 15:17:35,695:Processing Q9UQE7 with model AF-Q9UQE7-F1-model_v4.pdb
INFO:2025-10-30 15:17:35,854:Computing HSC features for: Q9UQE7, ENST00000361804, ../Ntranos_Rotation/ESM-SaProt/AF-Q9UQE7-F1-model_v4.pdb.gz
INFO:2025-10-30 15:18:54,273:Successfully computed HSC for Q9UQE7.
INFO:2025-10-30 15:18:54,274:Processing Q9UQF0 with model AF-Q9UQF0-F1-model_v4.pdb
INFO:2025-10-30 15:18:54,397:Computing HSC features for: Q9UQF0, ENST00000493463, ../Ntranos_Rotation/ESM-SaProt/AF-Q9UQF0-F1-model_v4.pdb.gz
ERROR:2025-10-30 15:18:54,597:Missing ENST record in counts: ENST00000493463
INFO:2025-10-30 15:18:54,598:Processing Q9UQF2 with model AF-Q9UQF2-F1-model_v4.pdb
INFO:2025-10-30 15:18:54,780:Computing HSC features for: Q9UQF2, ENST00000241014, ../Ntranos_Rotation/ESM-SaProt/AF-Q9UQF2-F1-model_v4.pdb.gz
INFO:2025-10-30 15:21:13,261:Successfully computed HSC for Q9UQF2.
INFO:2025-10-30 15:21:13,261:Processing Q9UQG0 with model AF-Q9UQG0-F1-model_v4.pdb
ERROR:2025-10-30 15:21:13,396:No ENST transcript IDs were mapped to Q9UQG0
INFO:2025-10-30 15:21:13,396:Processing Q9UQK1 with model AF-Q9UQK1-F1-model_v4.pdb
INFO:2025-10-30 15:21:13,448:Computing HSC features for: Q9UQK1, ENST00000238994, ../Ntranos_Rotation/ESM-SaProt/AF-Q9UQK1-F1-model_v4.pdb.gz
INFO:2025-10-30 15:21:38,317:Successfully computed HSC for Q9UQK1.
INFO:2025-10-30 15:21:38,317:Processing Q9UQL6 with model AF-Q9UQL6-F1-model_v4.pdb
INFO:2025-10-30 15:21:38,543:Computing HSC features for: Q9UQL6, ENST00000586802, ../Ntranos_Rotation/ESM-SaProt/AF-Q9UQL6-F1-model_v4.pdb.gz
INFO:2025-10-30 15:24:38,700:Successfully computed HSC for Q9UQL6.
INFO:2025-10-30 15:24:38,700:Processing Q9UQM7 with model AF-Q9UQM7-F1-model_v4.pdb
INFO:2025-10-30 15:24:38,840:Computing HSC features for: Q9UQM7, ENST00000348628, ../Ntranos_Rotation/ESM-SaProt/AF-Q9UQM7-F1-model_v4.pdb.gz
INFO:2025-10-30 15:25:58,607:Successfully computed HSC for Q9UQM7.
INFO:2025-10-30 15:25:58,607:Processing Q9Y2E8 with model AF-Q9Y2E8-F1-model_v4.pdb
INFO:2025-10-30 15:25:58,754:Computing HSC features for: Q9Y2E8, ENST00000361573, ../Ntranos_Rotation/ESM-SaProt/AF-Q9Y2E8-F1-model_v4.pdb.gz
INFO:2025-10-30 15:27:24,349:Successfully computed HSC for Q9Y2E8.
INFO:2025-10-30 15:27:24,349:Processing Q9Y2F5 with model AF-Q9Y2F5-F1-model_v4.pdb
INFO:2025-10-30 15:27:24,738:Computing HSC features for: Q9Y2F5, ENST00000296564, ../Ntranos_Rotation/ESM-SaProt/AF-Q9Y2F5-F1-model_v4.pdb.gz
INFO:2025-10-30 15:30:54,611:Successfully computed HSC for Q9Y2F5.
INFO:2025-10-30 15:30:54,611:Processing Q9Y2F9 with model AF-Q9Y2F9-F1-model_v4.pdb
INFO:2025-10-30 15:30:54,695:Computing HSC features for: Q9Y2F9, ENST00000378226, ../Ntranos_Rotation/ESM-SaProt/AF-Q9Y2F9-F1-model_v4.pdb.gz
INFO:2025-10-30 15:31:34,266:Successfully computed HSC for Q9Y2F9.
INFO:2025-10-30 15:31:34,266:Processing Q9Y2G0 with model AF-Q9Y2G0-F1-model_v4.pdb
INFO:2025-10-30 15:31:34,378:Computing HSC features for: Q9Y2G0, ENST00000403714, ../Ntranos_Rotation/ESM-SaProt/AF-Q9Y2G0-F1-model_v4.pdb.gz
INFO:2025-10-30 15:33:06,281:Successfully computed HSC for Q9Y2G0.
INFO:2025-10-30 15:33:06,281:Processing Q9Y2G1 with model AF-Q9Y2G1-F1-model_v4.pdb
INFO:2025-10-30 15:33:06,431:Computing HSC features for: Q9Y2G1, ENST00000278836, ../Ntranos_Rotation/ESM-SaProt/AF-Q9Y2G1-F1-model_v4.pdb.gz
INFO:2025-10-30 15:35:15,333:Successfully computed HSC for Q9Y2G1.
INFO:2025-10-30 15:35:15,333:Processing Q9Y2G2 with model AF-Q9Y2G2-F1-model_v4.pdb
INFO:2025-10-30 15:35:15,414:Computing HSC features for: Q9Y2G2, ENST00000391898, ../Ntranos_Rotation/ESM-SaProt/AF-Q9Y2G2-F1-model_v4.pdb.gz
INFO:2025-10-30 15:35:55,758:Successfully computed HSC for Q9Y2G2.
INFO:2025-10-30 15:35:55,758:Processing Q9Y2G3 with model AF-Q9Y2G3-F1-model_v4.pdb
INFO:2025-10-30 15:35:56,005:Computing HSC features for: Q9Y2G3, ENST00000323116, ../Ntranos_Rotation/ESM-SaProt/AF-Q9Y2G3-F1-model_v4.pdb.gz
INFO:2025-10-30 15:38:16,426:Successfully computed HSC for Q9Y2G3.
INFO:2025-10-30 15:38:16,426:Processing Q9Y2G4 with model AF-Q9Y2G4-F1-model_v4.pdb
INFO:2025-10-30 15:38:16,542:Computing HSC features for: Q9Y2G4, ENST00000339746, ../Ntranos_Rotation/ESM-SaProt/AF-Q9Y2G4-F1-model_v4.pdb.gz
INFO:2025-10-30 15:39:26,055:Successfully computed HSC for Q9Y2G4.
INFO:2025-10-30 15:39:26,055:Processing Q9Y2G5 with model AF-Q9Y2G5-F1-model_v4.pdb
INFO:2025-10-30 15:39:26,171:Computing HSC features for: Q9Y2G5, ENST00000349485, ../Ntranos_Rotation/ESM-SaProt/AF-Q9Y2G5-F1-model_v4.pdb.gz
INFO:2025-10-30 15:40:10,077:Successfully computed HSC for Q9Y2G5.
INFO:2025-10-30 15:40:10,077:Processing Q9Y2G7 with model AF-Q9Y2G7-F1-model_v4.pdb
INFO:2025-10-30 15:40:10,156:Computing HSC features for: Q9Y2G7, ENST00000351218, ../Ntranos_Rotation/ESM-SaProt/AF-Q9Y2G7-F1-model_v4.pdb.gz
INFO:2025-10-30 15:41:04,489:Successfully computed HSC for Q9Y2G7.
INFO:2025-10-30 15:41:04,489:Processing Q9Y2G8 with model AF-Q9Y2G8-F1-model_v4.pdb
INFO:2025-10-30 15:41:04,638:Computing HSC features for: Q9Y2G8, ENST00000375847, ../Ntranos_Rotation/ESM-SaProt/AF-Q9Y2G8-F1-model_v4.pdb.gz
INFO:2025-10-30 15:42:35,218:Successfully computed HSC for Q9Y2G8.
INFO:2025-10-30 15:42:35,218:Processing Q9Y2G9 with model AF-Q9Y2G9-F1-model_v4.pdb
INFO:2025-10-30 15:42:35,376:Computing HSC features for: Q9Y2G9, ENST00000361757, ../Ntranos_Rotation/ESM-SaProt/AF-Q9Y2G9-F1-model_v4.pdb.gz
INFO:2025-10-30 15:45:48,240:Successfully computed HSC for Q9Y2G9.
INFO:2025-10-30 15:45:48,241:Processing Q9Y2H0 with model AF-Q9Y2H0-F1-model_v4.pdb
INFO:2025-10-30 15:45:48,372:Computing HSC features for: Q9Y2H0, ENST00000339266, ../Ntranos_Rotation/ESM-SaProt/AF-Q9Y2H0-F1-model_v4.pdb.gz
INFO:2025-10-30 15:47:38,204:Successfully computed HSC for Q9Y2H0.
INFO:2025-10-30 15:47:38,204:Processing Q9Y2H1 with model AF-Q9Y2H1-F1-model_v4.pdb
INFO:2025-10-30 15:47:38,311:Computing HSC features for: Q9Y2H1, ENST00000389032, ../Ntranos_Rotation/ESM-SaProt/AF-Q9Y2H1-F1-model_v4.pdb.gz
INFO:2025-10-30 15:48:18,277:Successfully computed HSC for Q9Y2H1.
INFO:2025-10-30 15:48:18,277:Processing Q9Y2H2 with model AF-Q9Y2H2-F1-model_v4.pdb
ERROR:2025-10-30 15:48:18,487:No transcript record found for Q9Y2H2 in gnomAD.
INFO:2025-10-30 15:48:18,488:Processing Q9Y2H5 with model AF-Q9Y2H5-F1-model_v4.pdb
INFO:2025-10-30 15:48:18,696:Computing HSC features for: Q9Y2H5, ENST00000272203, ../Ntranos_Rotation/ESM-SaProt/AF-Q9Y2H5-F1-model_v4.pdb.gz
INFO:2025-10-30 15:50:10,134:Successfully computed HSC for Q9Y2H5.
INFO:2025-10-30 15:50:10,134:Processing Q9Y2H6 with model AF-Q9Y2H6-F1-model_v4.pdb
INFO:2025-10-30 15:50:10,285:Computing HSC features for: Q9Y2H6, ENST00000492622, ../Ntranos_Rotation/ESM-SaProt/AF-Q9Y2H6-F1-model_v4.pdb.gz
INFO:2025-10-30 15:51:38,268:Successfully computed HSC for Q9Y2H6.
INFO:2025-10-30 15:51:38,268:Processing Q9Y2H8 with model AF-Q9Y2H8-F1-model_v4.pdb
INFO:2025-10-30 15:51:38,445:Computing HSC features for: Q9Y2H8, ENST00000223428, ../Ntranos_Rotation/ESM-SaProt/AF-Q9Y2H8-F1-model_v4.pdb.gz
INFO:2025-10-30 15:52:29,631:Successfully computed HSC for Q9Y2H8.
INFO:2025-10-30 15:52:29,631:Processing Q9Y263 with model AF-Q9Y263-F1-model_v4.pdb
INFO:2025-10-30 15:52:29,760:Computing HSC features for: Q9Y263, ENST00000397292, ../Ntranos_Rotation/ESM-SaProt/AF-Q9Y263-F1-model_v4.pdb.gz
INFO:2025-10-30 15:53:25,831:Successfully computed HSC for Q9Y263.
INFO:2025-10-30 15:53:25,831:Processing Q9Y264 with model AF-Q9Y264-F1-model_v4.pdb
INFO:2025-10-30 15:53:25,907:Computing HSC features for: Q9Y264, ENST00000381922, ../Ntranos_Rotation/ESM-SaProt/AF-Q9Y264-F1-model_v4.pdb.gz
INFO:2025-10-30 15:54:10,973:Successfully computed HSC for Q9Y264.
INFO:2025-10-30 15:54:10,973:Processing Q9Y265 with model AF-Q9Y265-F1-model_v4.pdb
INFO:2025-10-30 15:54:11,085:Computing HSC features for: Q9Y265, ENST00000322623, ../Ntranos_Rotation/ESM-SaProt/AF-Q9Y265-F1-model_v4.pdb.gz
INFO:2025-10-30 15:54:54,225:Successfully computed HSC for Q9Y265.
INFO:2025-10-30 15:54:54,225:Processing Q9Y266 with model AF-Q9Y266-F1-model_v4.pdb
INFO:2025-10-30 15:54:54,301:Computing HSC features for: Q9Y266, ENST00000321265, ../Ntranos_Rotation/ESM-SaProt/AF-Q9Y266-F1-model_v4.pdb.gz
INFO:2025-10-30 15:55:23,768:Successfully computed HSC for Q9Y266.
INFO:2025-10-30 15:55:23,768:Processing Q9Y267 with model AF-Q9Y267-F1-model_v4.pdb
INFO:2025-10-30 15:55:23,865:Computing HSC features for: Q9Y267, ENST00000273173, ../Ntranos_Rotation/ESM-SaProt/AF-Q9Y267-F1-model_v4.pdb.gz
INFO:2025-10-30 15:56:17,552:Successfully computed HSC for Q9Y267.
INFO:2025-10-30 15:56:17,552:Processing Q9Y271 with model AF-Q9Y271-F1-model_v4.pdb
INFO:2025-10-30 15:56:17,636:Computing HSC features for: Q9Y271, ENST00000373304, ../Ntranos_Rotation/ESM-SaProt/AF-Q9Y271-F1-model_v4.pdb.gz
INFO:2025-10-30 15:56:39,819:Successfully computed HSC for Q9Y271.
INFO:2025-10-30 15:56:39,819:Processing Q9Y272 with model AF-Q9Y272-F1-model_v4.pdb
INFO:2025-10-30 15:56:39,875:Computing HSC features for: Q9Y272, ENST00000225688, ../Ntranos_Rotation/ESM-SaProt/AF-Q9Y272-F1-model_v4.pdb.gz
INFO:2025-10-30 15:57:20,265:Successfully computed HSC for Q9Y272.
INFO:2025-10-30 15:57:20,265:Processing Q9Y274 with model AF-Q9Y274-F1-model_v4.pdb
INFO:2025-10-30 15:57:20,345:Computing HSC features for: Q9Y274, ENST00000394162, ../Ntranos_Rotation/ESM-SaProt/AF-Q9Y274-F1-model_v4.pdb.gz
INFO:2025-10-30 15:57:43,478:Successfully computed HSC for Q9Y274.
INFO:2025-10-30 15:57:43,478:Processing Q9Y275 with model AF-Q9Y275-F1-model_v4.pdb
INFO:2025-10-30 15:57:43,542:Computing HSC features for: Q9Y275, ENST00000375887, ../Ntranos_Rotation/ESM-SaProt/AF-Q9Y275-F1-model_v4.pdb.gz
INFO:2025-10-30 15:58:06,384:Successfully computed HSC for Q9Y275.
INFO:2025-10-30 15:58:06,384:Processing Q9Y276 with model AF-Q9Y276-F1-model_v4.pdb
INFO:2025-10-30 15:58:06,524:Computing HSC features for: Q9Y276, ENST00000359273, ../Ntranos_Rotation/ESM-SaProt/AF-Q9Y276-F1-model_v4.pdb.gz
INFO:2025-10-30 15:58:47,481:Successfully computed HSC for Q9Y276.
INFO:2025-10-30 15:58:47,482:Pipeline completed.
INFO:2025-10-30 15:58:47,482:no_enst_for_uniprot: 1
INFO:2025-10-30 15:58:47,482:no_valid_cds: 1
INFO:2025-10-30 15:58:47,482:no_variant_data: 2
INFO:2025-10-30 15:58:47,482:bad_structure: 0
INFO:2025-10-30 15:58:47,482:no_enst_mp: 1
