INFO:2025-10-30 14:27:03,930:Starting HSC computation pipeline...
INFO:2025-10-30 14:28:08,859:Processing Q9BUL9 with model AF-Q9BUL9-F1-model_v4.pdb
INFO:2025-10-30 14:28:08,931:Computing HSC features for: Q9BUL9, ENST00000322177, ../Ntranos_Rotation/ESM-SaProt/AF-Q9BUL9-F1-model_v4.pdb.gz
INFO:2025-10-30 14:29:01,796:Successfully computed HSC for Q9BUL9.
INFO:2025-10-30 14:29:01,796:Processing Q9BUM1 with model AF-Q9BUM1-F1-model_v4.pdb
INFO:2025-10-30 14:29:01,886:Computing HSC features for: Q9BUM1, ENST00000269097, ../Ntranos_Rotation/ESM-SaProt/AF-Q9BUM1-F1-model_v4.pdb.gz
INFO:2025-10-30 14:29:48,439:Successfully computed HSC for Q9BUM1.
INFO:2025-10-30 14:29:48,439:Processing Q9BUN1 with model AF-Q9BUN1-F1-model_v4.pdb
INFO:2025-10-30 14:29:48,551:Computing HSC features for: Q9BUN1, ENST00000368926, ../Ntranos_Rotation/ESM-SaProt/AF-Q9BUN1-F1-model_v4.pdb.gz
INFO:2025-10-30 14:31:23,572:Successfully computed HSC for Q9BUN1.
INFO:2025-10-30 14:31:23,573:Processing Q9BUN5 with model AF-Q9BUN5-F1-model_v4.pdb
INFO:2025-10-30 14:31:23,671:Computing HSC features for: Q9BUN5, ENST00000373602, ../Ntranos_Rotation/ESM-SaProt/AF-Q9BUN5-F1-model_v4.pdb.gz
INFO:2025-10-30 14:31:49,169:Successfully computed HSC for Q9BUN5.
INFO:2025-10-30 14:31:49,170:Processing Q9BUN8 with model AF-Q9BUN8-F1-model_v4.pdb
INFO:2025-10-30 14:31:49,238:Computing HSC features for: Q9BUN8, ENST00000259512, ../Ntranos_Rotation/ESM-SaProt/AF-Q9BUN8-F1-model_v4.pdb.gz
INFO:2025-10-30 14:32:23,539:Successfully computed HSC for Q9BUN8.
INFO:2025-10-30 14:32:23,539:Processing Q9BUP0 with model AF-Q9BUP0-F1-model_v4.pdb
INFO:2025-10-30 14:32:23,630:Computing HSC features for: Q9BUP0, ENST00000264059, ../Ntranos_Rotation/ESM-SaProt/AF-Q9BUP0-F1-model_v4.pdb.gz
INFO:2025-10-30 14:33:17,286:Successfully computed HSC for Q9BUP0.
INFO:2025-10-30 14:33:17,286:Processing Q9BUP3 with model AF-Q9BUP3-F1-model_v4.pdb
INFO:2025-10-30 14:33:17,373:Computing HSC features for: Q9BUP3, ENST00000421577, ../Ntranos_Rotation/ESM-SaProt/AF-Q9BUP3-F1-model_v4.pdb.gz
INFO:2025-10-30 14:33:50,229:Successfully computed HSC for Q9BUP3.
INFO:2025-10-30 14:33:50,230:Processing Q9BUQ8 with model AF-Q9BUQ8-F1-model_v4.pdb
INFO:2025-10-30 14:33:50,442:Computing HSC features for: Q9BUQ8, ENST00000308025, ../Ntranos_Rotation/ESM-SaProt/AF-Q9BUQ8-F1-model_v4.pdb.gz
INFO:2025-10-30 14:35:26,997:Successfully computed HSC for Q9BUQ8.
INFO:2025-10-30 14:35:26,997:Processing Q9BUR4 with model AF-Q9BUR4-F1-model_v4.pdb
INFO:2025-10-30 14:35:27,169:Computing HSC features for: Q9BUR4, ENST00000316024, ../Ntranos_Rotation/ESM-SaProt/AF-Q9BUR4-F1-model_v4.pdb.gz
INFO:2025-10-30 14:37:08,478:Successfully computed HSC for Q9BUR4.
INFO:2025-10-30 14:37:08,478:Processing Q9BUR5 with model AF-Q9BUR5-F1-model_v4.pdb
INFO:2025-10-30 14:37:08,701:Computing HSC features for: Q9BUR5, ENST00000379226, ../Ntranos_Rotation/ESM-SaProt/AF-Q9BUR5-F1-model_v4.pdb.gz
INFO:2025-10-30 14:37:37,412:Successfully computed HSC for Q9BUR5.
INFO:2025-10-30 14:37:37,412:Processing Q9BUT1 with model AF-Q9BUT1-F1-model_v4.pdb
INFO:2025-10-30 14:37:37,490:Computing HSC features for: Q9BUT1, ENST00000296424, ../Ntranos_Rotation/ESM-SaProt/AF-Q9BUT1-F1-model_v4.pdb.gz
INFO:2025-10-30 14:38:01,251:Successfully computed HSC for Q9BUT1.
INFO:2025-10-30 14:38:01,251:Processing Q9BUT9 with model AF-Q9BUT9-F1-model_v4.pdb
INFO:2025-10-30 14:38:01,330:Computing HSC features for: Q9BUT9, ENST00000307650, ../Ntranos_Rotation/ESM-SaProt/AF-Q9BUT9-F1-model_v4.pdb.gz
INFO:2025-10-30 14:38:26,331:Successfully computed HSC for Q9BUT9.
INFO:2025-10-30 14:38:26,331:Processing Q9BUU2 with model AF-Q9BUU2-F1-model_v4.pdb
INFO:2025-10-30 14:38:26,449:Computing HSC features for: Q9BUU2, ENST00000381920, ../Ntranos_Rotation/ESM-SaProt/AF-Q9BUU2-F1-model_v4.pdb.gz
INFO:2025-10-30 14:39:29,023:Successfully computed HSC for Q9BUU2.
INFO:2025-10-30 14:39:29,024:Processing Q9BUV0 with model AF-Q9BUV0-F1-model_v4.pdb
INFO:2025-10-30 14:39:29,098:Computing HSC features for: Q9BUV0, ENST00000243189, ../Ntranos_Rotation/ESM-SaProt/AF-Q9BUV0-F1-model_v4.pdb.gz
INFO:2025-10-30 14:40:13,495:Successfully computed HSC for Q9BUV0.
INFO:2025-10-30 14:40:13,495:Processing Q9BUV8 with model AF-Q9BUV8-F1-model_v4.pdb
INFO:2025-10-30 14:40:13,560:Computing HSC features for: Q9BUV8, ENST00000373852, ../Ntranos_Rotation/ESM-SaProt/AF-Q9BUV8-F1-model_v4.pdb.gz
INFO:2025-10-30 14:40:31,097:Successfully computed HSC for Q9BUV8.
INFO:2025-10-30 14:40:31,097:Processing Q9BUW7 with model AF-Q9BUW7-F1-model_v4.pdb
INFO:2025-10-30 14:40:31,129:Computing HSC features for: Q9BUW7, ENST00000372994, ../Ntranos_Rotation/ESM-SaProt/AF-Q9BUW7-F1-model_v4.pdb.gz
INFO:2025-10-30 14:40:42,829:Successfully computed HSC for Q9BUW7.
INFO:2025-10-30 14:40:42,829:Processing Q9BUX1 with model AF-Q9BUX1-F1-model_v4.pdb
ERROR:2025-10-30 14:40:42,903:No transcript record found for Q9BUX1 in gnomAD.
INFO:2025-10-30 14:40:42,904:Processing Q9BUY5 with model AF-Q9BUY5-F1-model_v4.pdb
INFO:2025-10-30 14:40:43,037:Computing HSC features for: Q9BUY5, ENST00000253115, ../Ntranos_Rotation/ESM-SaProt/AF-Q9BUY5-F1-model_v4.pdb.gz
INFO:2025-10-30 14:41:29,522:Successfully computed HSC for Q9BUY5.
INFO:2025-10-30 14:41:29,523:Processing Q9BUY7 with model AF-Q9BUY7-F1-model_v4.pdb
INFO:2025-10-30 14:41:29,579:Computing HSC features for: Q9BUY7, ENST00000316738, ../Ntranos_Rotation/ESM-SaProt/AF-Q9BUY7-F1-model_v4.pdb.gz
INFO:2025-10-30 14:41:47,624:Successfully computed HSC for Q9BUY7.
INFO:2025-10-30 14:41:47,624:Processing Q9BUZ4 with model AF-Q9BUZ4-F1-model_v4.pdb
INFO:2025-10-30 14:41:47,779:Computing HSC features for: Q9BUZ4, ENST00000262395, ../Ntranos_Rotation/ESM-SaProt/AF-Q9BUZ4-F1-model_v4.pdb.gz
INFO:2025-10-30 14:42:45,275:Successfully computed HSC for Q9BUZ4.
INFO:2025-10-30 14:42:45,276:Processing Q9BV10 with model AF-Q9BV10-F1-model_v4.pdb
INFO:2025-10-30 14:42:45,401:Computing HSC features for: Q9BV10, ENST00000330817, ../Ntranos_Rotation/ESM-SaProt/AF-Q9BV10-F1-model_v4.pdb.gz
INFO:2025-10-30 14:44:30,333:Successfully computed HSC for Q9BV10.
INFO:2025-10-30 14:44:30,333:Processing Q9BV19 with model AF-Q9BV19-F1-model_v4.pdb
INFO:2025-10-30 14:44:30,392:Computing HSC features for: Q9BV19, ENST00000372525, ../Ntranos_Rotation/ESM-SaProt/AF-Q9BV19-F1-model_v4.pdb.gz
INFO:2025-10-30 14:45:00,677:Successfully computed HSC for Q9BV19.
INFO:2025-10-30 14:45:00,677:Processing Q9BV20 with model AF-Q9BV20-F1-model_v4.pdb
INFO:2025-10-30 14:45:00,802:Computing HSC features for: Q9BV20, ENST00000040663, ../Ntranos_Rotation/ESM-SaProt/AF-Q9BV20-F1-model_v4.pdb.gz
INFO:2025-10-30 14:45:56,257:Successfully computed HSC for Q9BV20.
INFO:2025-10-30 14:45:56,257:Processing Q9BV23 with model AF-Q9BV23-F1-model_v4.pdb
INFO:2025-10-30 14:45:56,323:Computing HSC features for: Q9BV23, ENST00000295962, ../Ntranos_Rotation/ESM-SaProt/AF-Q9BV23-F1-model_v4.pdb.gz
INFO:2025-10-30 14:46:35,585:Successfully computed HSC for Q9BV23.
INFO:2025-10-30 14:46:35,585:Processing Q9BV29 with model AF-Q9BV29-F1-model_v4.pdb
INFO:2025-10-30 14:46:35,744:Computing HSC features for: Q9BV29, ENST00000358005, ../Ntranos_Rotation/ESM-SaProt/AF-Q9BV29-F1-model_v4.pdb.gz
INFO:2025-10-30 14:46:56,618:Successfully computed HSC for Q9BV29.
INFO:2025-10-30 14:46:56,619:Processing Q9BV35 with model AF-Q9BV35-F1-model_v4.pdb
INFO:2025-10-30 14:46:56,697:Computing HSC features for: Q9BV35, ENST00000301454, ../Ntranos_Rotation/ESM-SaProt/AF-Q9BV35-F1-model_v4.pdb.gz
INFO:2025-10-30 14:48:10,885:Successfully computed HSC for Q9BV35.
INFO:2025-10-30 14:48:10,885:Processing Q9BV36 with model AF-Q9BV36-F1-model_v4.pdb
INFO:2025-10-30 14:48:11,023:Computing HSC features for: Q9BV36, ENST00000264605, ../Ntranos_Rotation/ESM-SaProt/AF-Q9BV36-F1-model_v4.pdb.gz
INFO:2025-10-30 14:49:41,283:Successfully computed HSC for Q9BV36.
INFO:2025-10-30 14:49:41,284:Processing Q9BV38 with model AF-Q9BV38-F1-model_v4.pdb
ERROR:2025-10-30 14:49:41,593:No transcript record found for Q9BV38 in gnomAD.
INFO:2025-10-30 14:49:41,593:Processing Q9BV40 with model AF-Q9BV40-F1-model_v4.pdb
INFO:2025-10-30 14:49:41,630:Computing HSC features for: Q9BV40, ENST00000263864, ../Ntranos_Rotation/ESM-SaProt/AF-Q9BV40-F1-model_v4.pdb.gz
INFO:2025-10-30 14:49:55,734:Successfully computed HSC for Q9BV40.
INFO:2025-10-30 14:49:55,735:Processing Q9BV44 with model AF-Q9BV44-F1-model_v4.pdb
INFO:2025-10-30 14:49:55,854:Computing HSC features for: Q9BV44, ENST00000345094, ../Ntranos_Rotation/ESM-SaProt/AF-Q9BV44-F1-model_v4.pdb.gz
INFO:2025-10-30 14:50:38,753:Successfully computed HSC for Q9BV44.
INFO:2025-10-30 14:50:38,753:Processing Q9BV47 with model AF-Q9BV47-F1-model_v4.pdb
INFO:2025-10-30 14:50:38,827:Computing HSC features for: Q9BV47, ENST00000256261, ../Ntranos_Rotation/ESM-SaProt/AF-Q9BV47-F1-model_v4.pdb.gz
INFO:2025-10-30 14:51:08,207:Successfully computed HSC for Q9BV47.
INFO:2025-10-30 14:51:08,207:Processing Q9BV57 with model AF-Q9BV57-F1-model_v4.pdb
INFO:2025-10-30 14:51:08,268:Computing HSC features for: Q9BV57, ENST00000327435, ../Ntranos_Rotation/ESM-SaProt/AF-Q9BV57-F1-model_v4.pdb.gz
INFO:2025-10-30 14:51:34,380:Successfully computed HSC for Q9BV57.
INFO:2025-10-30 14:51:34,380:Processing Q9BV68 with model AF-Q9BV68-F1-model_v4.pdb
INFO:2025-10-30 14:51:34,476:Computing HSC features for: Q9BV68, ENST00000292363, ../Ntranos_Rotation/ESM-SaProt/AF-Q9BV68-F1-model_v4.pdb.gz
INFO:2025-10-30 14:52:26,407:Successfully computed HSC for Q9BV68.
INFO:2025-10-30 14:52:26,408:Processing Q9BV73 with model AF-Q9BV73-F1-model_v4.pdb
INFO:2025-10-30 14:52:26,736:Computing HSC features for: Q9BV73, ENST00000397527, ../Ntranos_Rotation/ESM-SaProt/AF-Q9BV73-F1-model_v4.pdb.gz
INFO:2025-10-30 14:57:05,669:Successfully computed HSC for Q9BV73.
INFO:2025-10-30 14:57:05,670:Processing Q9BV79 with model AF-Q9BV79-F1-model_v4.pdb
INFO:2025-10-30 14:57:05,734:Computing HSC features for: Q9BV79, ENST00000263702, ../Ntranos_Rotation/ESM-SaProt/AF-Q9BV79-F1-model_v4.pdb.gz
INFO:2025-10-30 14:57:53,101:Successfully computed HSC for Q9BV79.
INFO:2025-10-30 14:57:53,101:Processing Q9BV81 with model AF-Q9BV81-F1-model_v4.pdb
INFO:2025-10-30 14:57:53,165:Computing HSC features for: Q9BV81, ENST00000248378, ../Ntranos_Rotation/ESM-SaProt/AF-Q9BV81-F1-model_v4.pdb.gz
INFO:2025-10-30 14:58:15,900:Successfully computed HSC for Q9BV81.
INFO:2025-10-30 14:58:15,900:Processing Q9BV86 with model AF-Q9BV86-F1-model_v4.pdb
INFO:2025-10-30 14:58:15,962:Computing HSC features for: Q9BV86, ENST00000372480, ../Ntranos_Rotation/ESM-SaProt/AF-Q9BV86-F1-model_v4.pdb.gz
INFO:2025-10-30 14:58:44,644:Successfully computed HSC for Q9BV86.
INFO:2025-10-30 14:58:44,644:Processing Q9BV87 with model AF-Q9BV87-F1-model_v4.pdb
INFO:2025-10-30 14:58:44,759:Computing HSC features for: Q9BV87, ENST00000360507, ../Ntranos_Rotation/ESM-SaProt/AF-Q9BV87-F1-model_v4.pdb.gz
INFO:2025-10-30 14:59:30,001:Successfully computed HSC for Q9BV87.
INFO:2025-10-30 14:59:30,001:Processing Q9BV90 with model AF-Q9BV90-F1-model_v4.pdb
ERROR:2025-10-30 14:59:30,039:No ENST transcript IDs were mapped to Q9BV90
INFO:2025-10-30 14:59:30,039:Processing Q9BV94 with model AF-Q9BV94-F1-model_v4.pdb
INFO:2025-10-30 14:59:30,127:Computing HSC features for: Q9BV94, ENST00000374492, ../Ntranos_Rotation/ESM-SaProt/AF-Q9BV94-F1-model_v4.pdb.gz
INFO:2025-10-30 15:01:08,336:Successfully computed HSC for Q9BV94.
INFO:2025-10-30 15:01:08,336:Processing Q9BV97 with model AF-Q9BV97-F1-model_v4.pdb
INFO:2025-10-30 15:01:08,393:Computing HSC features for: Q9BV97, ENST00000252799, ../Ntranos_Rotation/ESM-SaProt/AF-Q9BV97-F1-model_v4.pdb.gz
INFO:2025-10-30 15:01:44,678:Successfully computed HSC for Q9BV97.
INFO:2025-10-30 15:01:44,679:Processing Q9BV99 with model AF-Q9BV99-F1-model_v4.pdb
INFO:2025-10-30 15:01:44,751:Computing HSC features for: Q9BV99, ENST00000323078, ../Ntranos_Rotation/ESM-SaProt/AF-Q9BV99-F1-model_v4.pdb.gz
INFO:2025-10-30 15:02:35,330:Successfully computed HSC for Q9BV99.
INFO:2025-10-30 15:02:35,330:Processing Q9BVA0 with model AF-Q9BVA0-F1-model_v4.pdb
INFO:2025-10-30 15:02:35,477:Computing HSC features for: Q9BVA0, ENST00000379661, ../Ntranos_Rotation/ESM-SaProt/AF-Q9BVA0-F1-model_v4.pdb.gz
INFO:2025-10-30 15:04:12,977:Successfully computed HSC for Q9BVA0.
INFO:2025-10-30 15:04:12,977:Processing Q9BVA1 with model AF-Q9BVA1-F1-model_v4.pdb
INFO:2025-10-30 15:04:13,106:Computing HSC features for: Q9BVA1, ENST00000259818, ../Ntranos_Rotation/ESM-SaProt/AF-Q9BVA1-F1-model_v4.pdb.gz
INFO:2025-10-30 15:05:16,894:Successfully computed HSC for Q9BVA1.
INFO:2025-10-30 15:05:16,894:Processing Q9BVA6 with model AF-Q9BVA6-F1-model_v4.pdb
INFO:2025-10-30 15:05:16,987:Computing HSC features for: Q9BVA6, ENST00000552695, ../Ntranos_Rotation/ESM-SaProt/AF-Q9BVA6-F1-model_v4.pdb.gz
INFO:2025-10-30 15:06:16,006:Successfully computed HSC for Q9BVA6.
INFO:2025-10-30 15:06:16,007:Processing Q9BVC3 with model AF-Q9BVC3-F1-model_v4.pdb
INFO:2025-10-30 15:06:16,111:Computing HSC features for: Q9BVC3, ENST00000313655, ../Ntranos_Rotation/ESM-SaProt/AF-Q9BVC3-F1-model_v4.pdb.gz
INFO:2025-10-30 15:07:10,608:Successfully computed HSC for Q9BVC3.
INFO:2025-10-30 15:07:10,608:Processing Q9BVC4 with model AF-Q9BVC4-F1-model_v4.pdb
INFO:2025-10-30 15:07:10,709:Computing HSC features for: Q9BVC4, ENST00000397124, ../Ntranos_Rotation/ESM-SaProt/AF-Q9BVC4-F1-model_v4.pdb.gz
INFO:2025-10-30 15:07:59,240:Successfully computed HSC for Q9BVC4.
INFO:2025-10-30 15:07:59,241:Processing Q9BVC5 with model AF-Q9BVC5-F1-model_v4.pdb
INFO:2025-10-30 15:07:59,312:Computing HSC features for: Q9BVC5, ENST00000258457, ../Ntranos_Rotation/ESM-SaProt/AF-Q9BVC5-F1-model_v4.pdb.gz
INFO:2025-10-30 15:08:22,559:Successfully computed HSC for Q9BVC5.
INFO:2025-10-30 15:08:22,559:Processing Q9BVC6 with model AF-Q9BVC6-F1-model_v4.pdb
INFO:2025-10-30 15:08:22,634:Computing HSC features for: Q9BVC6, ENST00000227525, ../Ntranos_Rotation/ESM-SaProt/AF-Q9BVC6-F1-model_v4.pdb.gz
INFO:2025-10-30 15:08:54,163:Successfully computed HSC for Q9BVC6.
INFO:2025-10-30 15:08:54,163:Processing Q9BVG3 with model AF-Q9BVG3-F1-model_v4.pdb
INFO:2025-10-30 15:08:54,281:Computing HSC features for: Q9BVG3, ENST00000291416, ../Ntranos_Rotation/ESM-SaProt/AF-Q9BVG3-F1-model_v4.pdb.gz
INFO:2025-10-30 15:10:21,756:Successfully computed HSC for Q9BVG3.
INFO:2025-10-30 15:10:21,757:Pipeline completed.
INFO:2025-10-30 15:10:21,757:no_enst_for_uniprot: 1
INFO:2025-10-30 15:10:21,757:no_valid_cds: 0
INFO:2025-10-30 15:10:21,757:no_variant_data: 2
INFO:2025-10-30 15:10:21,757:bad_structure: 0
INFO:2025-10-30 15:10:21,757:no_enst_mp: 0
