INFO:2025-10-30 14:25:03,822:Starting HSC computation pipeline...
INFO:2025-10-30 14:26:04,037:Processing Q01668 with model AF-Q01668-F1-model_v4.pdb
INFO:2025-10-30 14:26:04,460:Computing HSC features for: Q01668, ENST00000350061, ../Ntranos_Rotation/ESM-SaProt/AF-Q01668-F1-model_v4.pdb.gz
INFO:2025-10-30 14:28:52,380:Successfully computed HSC for Q01668.
INFO:2025-10-30 14:28:52,380:Processing Q01718 with model AF-Q01718-F1-model_v4.pdb
INFO:2025-10-30 14:28:52,469:Computing HSC features for: Q01718, ENST00000327606, ../Ntranos_Rotation/ESM-SaProt/AF-Q01718-F1-model_v4.pdb.gz
INFO:2025-10-30 14:29:15,517:Successfully computed HSC for Q01718.
INFO:2025-10-30 14:29:15,517:Processing Q01726 with model AF-Q01726-F1-model_v4.pdb
INFO:2025-10-30 14:29:15,622:Computing HSC features for: Q01726, ENST00000555147, ../Ntranos_Rotation/ESM-SaProt/AF-Q01726-F1-model_v4.pdb.gz
INFO:2025-10-30 14:29:47,146:Successfully computed HSC for Q01726.
INFO:2025-10-30 14:29:47,146:Processing Q01740 with model AF-Q01740-F1-model_v4.pdb
INFO:2025-10-30 14:29:47,222:Computing HSC features for: Q01740, ENST00000354841, ../Ntranos_Rotation/ESM-SaProt/AF-Q01740-F1-model_v4.pdb.gz
INFO:2025-10-30 14:30:19,689:Successfully computed HSC for Q01740.
INFO:2025-10-30 14:30:19,689:Processing Q01780 with model AF-Q01780-F1-model_v4.pdb
INFO:2025-10-30 14:30:19,872:Computing HSC features for: Q01780, ENST00000376936, ../Ntranos_Rotation/ESM-SaProt/AF-Q01780-F1-model_v4.pdb.gz
INFO:2025-10-30 14:31:28,056:Successfully computed HSC for Q01780.
INFO:2025-10-30 14:31:28,057:Processing Q01804 with model AF-Q01804-F1-model_v4.pdb
INFO:2025-10-30 14:31:28,216:Computing HSC features for: Q01804, ENST00000447906, ../Ntranos_Rotation/ESM-SaProt/AF-Q01804-F1-model_v4.pdb.gz
INFO:2025-10-30 14:32:37,109:Successfully computed HSC for Q01804.
INFO:2025-10-30 14:32:37,109:Processing Q01813 with model AF-Q01813-F1-model_v4.pdb
INFO:2025-10-30 14:32:37,283:Computing HSC features for: Q01813, ENST00000381125, ../Ntranos_Rotation/ESM-SaProt/AF-Q01813-F1-model_v4.pdb.gz
INFO:2025-10-30 14:33:58,492:Successfully computed HSC for Q01813.
INFO:2025-10-30 14:33:58,492:Processing Q01814 with model AF-Q01814-F1-model_v4.pdb
INFO:2025-10-30 14:33:58,706:Computing HSC features for: Q01814, ENST00000360273, ../Ntranos_Rotation/ESM-SaProt/AF-Q01814-F1-model_v4.pdb.gz
INFO:2025-10-30 14:35:53,295:Successfully computed HSC for Q01814.
INFO:2025-10-30 14:35:53,295:Processing Q01826 with model AF-Q01826-F1-model_v4.pdb
ERROR:2025-10-30 14:35:53,429:No transcript record found for Q01826 in gnomAD.
INFO:2025-10-30 14:35:53,430:Processing Q01831 with model AF-Q01831-F1-model_v4.pdb
INFO:2025-10-30 14:35:53,577:Computing HSC features for: Q01831, ENST00000285021, ../Ntranos_Rotation/ESM-SaProt/AF-Q01831-F1-model_v4.pdb.gz
INFO:2025-10-30 14:37:01,491:Successfully computed HSC for Q01831.
INFO:2025-10-30 14:37:01,491:Processing Q01844 with model AF-Q01844-F1-model_v4.pdb
INFO:2025-10-30 14:37:01,578:Computing HSC features for: Q01844, ENST00000397938, ../Ntranos_Rotation/ESM-SaProt/AF-Q01844-F1-model_v4.pdb.gz
INFO:2025-10-30 14:37:51,725:Successfully computed HSC for Q01844.
INFO:2025-10-30 14:37:51,726:Processing Q01850 with model AF-Q01850-F1-model_v4.pdb
INFO:2025-10-30 14:37:51,830:Computing HSC features for: Q01850, ENST00000268383, ../Ntranos_Rotation/ESM-SaProt/AF-Q01850-F1-model_v4.pdb.gz
INFO:2025-10-30 14:38:24,470:Successfully computed HSC for Q01850.
INFO:2025-10-30 14:38:24,471:Processing Q6NZY7 with model AF-Q6NZY7-F1-model_v4.pdb
INFO:2025-10-30 14:38:24,526:Computing HSC features for: Q6NZY7, ENST00000301200, ../Ntranos_Rotation/ESM-SaProt/AF-Q6NZY7-F1-model_v4.pdb.gz
INFO:2025-10-30 14:38:49,892:Successfully computed HSC for Q6NZY7.
INFO:2025-10-30 14:38:49,892:Processing Q6P047 with model AF-Q6P047-F1-model_v4.pdb
INFO:2025-10-30 14:38:49,960:Computing HSC features for: Q6P047, ENST00000304519, ../Ntranos_Rotation/ESM-SaProt/AF-Q6P047-F1-model_v4.pdb.gz
INFO:2025-10-30 14:39:15,374:Successfully computed HSC for Q6P047.
INFO:2025-10-30 14:39:15,375:Processing Q6P050 with model AF-Q6P050-F1-model_v4.pdb
INFO:2025-10-30 14:39:15,431:Computing HSC features for: Q6P050, ENST00000360587, ../Ntranos_Rotation/ESM-SaProt/AF-Q6P050-F1-model_v4.pdb.gz
INFO:2025-10-30 14:39:43,856:Successfully computed HSC for Q6P050.
INFO:2025-10-30 14:39:43,856:Processing Q6P087 with model AF-Q6P087-F1-model_v4.pdb
INFO:2025-10-30 14:39:43,945:Computing HSC features for: Q6P087, ENST00000383820, ../Ntranos_Rotation/ESM-SaProt/AF-Q6P087-F1-model_v4.pdb.gz
INFO:2025-10-30 14:40:30,999:Successfully computed HSC for Q6P087.
INFO:2025-10-30 14:40:30,999:Processing Q6P093 with model AF-Q6P093-F1-model_v4.pdb
INFO:2025-10-30 14:40:31,063:Computing HSC features for: Q6P093, ENST00000356517, ../Ntranos_Rotation/ESM-SaProt/AF-Q6P093-F1-model_v4.pdb.gz
INFO:2025-10-30 14:40:53,957:Successfully computed HSC for Q6P093.
INFO:2025-10-30 14:40:53,957:Processing Q6P0A1 with model AF-Q6P0A1-F1-model_v4.pdb
INFO:2025-10-30 14:40:53,992:Computing HSC features for: Q6P0A1, ENST00000538490, ../Ntranos_Rotation/ESM-SaProt/AF-Q6P0A1-F1-model_v4.pdb.gz
INFO:2025-10-30 14:41:06,959:Successfully computed HSC for Q6P0A1.
INFO:2025-10-30 14:41:06,959:Processing Q6P0N0 with model AF-Q6P0N0-F1-model_v4.pdb
INFO:2025-10-30 14:41:07,076:Computing HSC features for: Q6P0N0, ENST00000310806, ../Ntranos_Rotation/ESM-SaProt/AF-Q6P0N0-F1-model_v4.pdb.gz
INFO:2025-10-30 14:42:02,681:Successfully computed HSC for Q6P0N0.
INFO:2025-10-30 14:42:02,681:Processing Q6P0Q8 with model AF-Q6P0Q8-F1-model_v4.pdb
INFO:2025-10-30 14:42:02,904:Computing HSC features for: Q6P0Q8, ENST00000361297, ../Ntranos_Rotation/ESM-SaProt/AF-Q6P0Q8-F1-model_v4.pdb.gz
INFO:2025-10-30 14:44:19,519:Successfully computed HSC for Q6P0Q8.
INFO:2025-10-30 14:44:19,519:Processing Q6P158 with model AF-Q6P158-F1-model_v4.pdb
ERROR:2025-10-30 14:44:19,703:No transcript record found for Q6P158 in gnomAD.
INFO:2025-10-30 14:44:19,703:Processing Q6P161 with model AF-Q6P161-F1-model_v4.pdb
INFO:2025-10-30 14:44:19,745:Computing HSC features for: Q6P161, ENST00000330133, ../Ntranos_Rotation/ESM-SaProt/AF-Q6P161-F1-model_v4.pdb.gz
INFO:2025-10-30 14:44:32,282:Successfully computed HSC for Q6P161.
INFO:2025-10-30 14:44:32,283:Processing Q6P179 with model AF-Q6P179-F1-model_v4.pdb
INFO:2025-10-30 14:44:32,397:Computing HSC features for: Q6P179, ENST00000437043, ../Ntranos_Rotation/ESM-SaProt/AF-Q6P179-F1-model_v4.pdb.gz
INFO:2025-10-30 14:45:29,933:Successfully computed HSC for Q6P179.
INFO:2025-10-30 14:45:29,933:Processing Q6P1A2 with model AF-Q6P1A2-F1-model_v4.pdb
INFO:2025-10-30 14:45:30,046:Computing HSC features for: Q6P1A2, ENST00000261407, ../Ntranos_Rotation/ESM-SaProt/AF-Q6P1A2-F1-model_v4.pdb.gz
INFO:2025-10-30 14:46:04,882:Successfully computed HSC for Q6P1A2.
INFO:2025-10-30 14:46:04,882:Processing Q6P1J6 with model AF-Q6P1J6-F1-model_v4.pdb
INFO:2025-10-30 14:46:05,058:Computing HSC features for: Q6P1J6, ENST00000327757, ../Ntranos_Rotation/ESM-SaProt/AF-Q6P1J6-F1-model_v4.pdb.gz
INFO:2025-10-30 14:47:57,780:Successfully computed HSC for Q6P1J6.
INFO:2025-10-30 14:47:57,781:Processing Q6P1J9 with model AF-Q6P1J9-F1-model_v4.pdb
INFO:2025-10-30 14:47:57,895:Computing HSC features for: Q6P1J9, ENST00000367435, ../Ntranos_Rotation/ESM-SaProt/AF-Q6P1J9-F1-model_v4.pdb.gz
INFO:2025-10-30 14:48:32,836:Successfully computed HSC for Q6P1J9.
INFO:2025-10-30 14:48:32,836:Processing Q6P1K1 with model AF-Q6P1K1-F1-model_v4.pdb
INFO:2025-10-30 14:48:32,882:Computing HSC features for: Q6P1K1, ENST00000442218, ../Ntranos_Rotation/ESM-SaProt/AF-Q6P1K1-F1-model_v4.pdb.gz
INFO:2025-10-30 14:48:48,020:Successfully computed HSC for Q6P1K1.
INFO:2025-10-30 14:48:48,020:Processing Q6P1K2 with model AF-Q6P1K2-F1-model_v4.pdb
INFO:2025-10-30 14:48:48,077:Computing HSC features for: Q6P1K2, ENST00000368277, ../Ntranos_Rotation/ESM-SaProt/AF-Q6P1K2-F1-model_v4.pdb.gz
INFO:2025-10-30 14:49:03,872:Successfully computed HSC for Q6P1K2.
INFO:2025-10-30 14:49:03,872:Processing Q6P1K8 with model AF-Q6P1K8-F1-model_v4.pdb
INFO:2025-10-30 14:49:03,982:Computing HSC features for: Q6P1K8, ENST00000380729, ../Ntranos_Rotation/ESM-SaProt/AF-Q6P1K8-F1-model_v4.pdb.gz
INFO:2025-10-30 14:49:27,882:Successfully computed HSC for Q6P1K8.
INFO:2025-10-30 14:49:27,882:Processing Q6P1L5 with model AF-Q6P1L5-F1-model_v4.pdb
INFO:2025-10-30 14:49:28,027:Computing HSC features for: Q6P1L5, ENST00000392238, ../Ntranos_Rotation/ESM-SaProt/AF-Q6P1L5-F1-model_v4.pdb.gz
INFO:2025-10-30 14:50:25,424:Successfully computed HSC for Q6P1L5.
INFO:2025-10-30 14:50:25,424:Processing Q6P1L6 with model AF-Q6P1L6-F1-model_v4.pdb
INFO:2025-10-30 14:50:25,557:Computing HSC features for: Q6P1L6, ENST00000278772, ../Ntranos_Rotation/ESM-SaProt/AF-Q6P1L6-F1-model_v4.pdb.gz
INFO:2025-10-30 14:51:07,421:Successfully computed HSC for Q6P1L6.
INFO:2025-10-30 14:51:07,421:Processing Q6P1L8 with model AF-Q6P1L8-F1-model_v4.pdb
INFO:2025-10-30 14:51:07,471:Computing HSC features for: Q6P1L8, ENST00000372014, ../Ntranos_Rotation/ESM-SaProt/AF-Q6P1L8-F1-model_v4.pdb.gz
INFO:2025-10-30 14:51:20,289:Successfully computed HSC for Q6P1L8.
INFO:2025-10-30 14:51:20,289:Processing Q6P1M0 with model AF-Q6P1M0-F1-model_v4.pdb
INFO:2025-10-30 14:51:20,441:Computing HSC features for: Q6P1M0, ENST00000300456, ../Ntranos_Rotation/ESM-SaProt/AF-Q6P1M0-F1-model_v4.pdb.gz
INFO:2025-10-30 14:52:21,895:Successfully computed HSC for Q6P1M0.
INFO:2025-10-30 14:52:21,895:Processing Q6P1M3 with model AF-Q6P1M3-F1-model_v4.pdb
INFO:2025-10-30 14:52:22,063:Computing HSC features for: Q6P1M3, ENST00000392550, ../Ntranos_Rotation/ESM-SaProt/AF-Q6P1M3-F1-model_v4.pdb.gz
INFO:2025-10-30 14:54:12,742:Successfully computed HSC for Q6P1M3.
INFO:2025-10-30 14:54:12,742:Processing Q6P1M9 with model AF-Q6P1M9-F1-model_v4.pdb
INFO:2025-10-30 14:54:12,861:Computing HSC features for: Q6P1M9, ENST00000246174, ../Ntranos_Rotation/ESM-SaProt/AF-Q6P1M9-F1-model_v4.pdb.gz
INFO:2025-10-30 14:54:50,721:Successfully computed HSC for Q6P1M9.
INFO:2025-10-30 14:54:50,721:Processing Q6P1N0 with model AF-Q6P1N0-F1-model_v4.pdb
INFO:2025-10-30 14:54:50,825:Computing HSC features for: Q6P1N0, ENST00000318003, ../Ntranos_Rotation/ESM-SaProt/AF-Q6P1N0-F1-model_v4.pdb.gz
INFO:2025-10-30 14:56:13,714:Successfully computed HSC for Q6P1N0.
INFO:2025-10-30 14:56:13,714:Processing Q6P1N9 with model AF-Q6P1N9-F1-model_v4.pdb
ERROR:2025-10-30 14:56:13,777:No transcript record found for Q6P1N9 in gnomAD.
INFO:2025-10-30 14:56:13,778:Processing Q6P1Q0 with model AF-Q6P1Q0-F1-model_v4.pdb
INFO:2025-10-30 14:56:13,865:Computing HSC features for: Q6P1Q0, ENST00000262055, ../Ntranos_Rotation/ESM-SaProt/AF-Q6P1Q0-F1-model_v4.pdb.gz
INFO:2025-10-30 14:56:44,232:Successfully computed HSC for Q6P1Q0.
INFO:2025-10-30 14:56:44,232:Processing Q6P1Q9 with model AF-Q6P1Q9-F1-model_v4.pdb
INFO:2025-10-30 14:56:44,309:Computing HSC features for: Q6P1Q9, ENST00000262432, ../Ntranos_Rotation/ESM-SaProt/AF-Q6P1Q9-F1-model_v4.pdb.gz
INFO:2025-10-30 14:57:13,520:Successfully computed HSC for Q6P1Q9.
INFO:2025-10-30 14:57:13,521:Processing Q6P1R3 with model AF-Q6P1R3-F1-model_v4.pdb
INFO:2025-10-30 14:57:13,646:Computing HSC features for: Q6P1R3, ENST00000374979, ../Ntranos_Rotation/ESM-SaProt/AF-Q6P1R3-F1-model_v4.pdb.gz
INFO:2025-10-30 14:58:04,388:Successfully computed HSC for Q6P1R3.
INFO:2025-10-30 14:58:04,388:Processing Q6P1R4 with model AF-Q6P1R4-F1-model_v4.pdb
INFO:2025-10-30 14:58:04,460:Computing HSC features for: Q6P1R4, ENST00000306796, ../Ntranos_Rotation/ESM-SaProt/AF-Q6P1R4-F1-model_v4.pdb.gz
INFO:2025-10-30 14:58:45,818:Successfully computed HSC for Q6P1R4.
INFO:2025-10-30 14:58:45,819:Processing Q6P1S2 with model AF-Q6P1S2-F1-model_v4.pdb
INFO:2025-10-30 14:58:46,020:Computing HSC features for: Q6P1S2, ENST00000340171, ../Ntranos_Rotation/ESM-SaProt/AF-Q6P1S2-F1-model_v4.pdb.gz
INFO:2025-10-30 14:59:08,909:Successfully computed HSC for Q6P1S2.
INFO:2025-10-30 14:59:08,909:Processing Q6P1W5 with model AF-Q6P1W5-F1-model_v4.pdb
INFO:2025-10-30 14:59:09,045:Computing HSC features for: Q6P1W5, ENST00000488417, ../Ntranos_Rotation/ESM-SaProt/AF-Q6P1W5-F1-model_v4.pdb.gz
INFO:2025-10-30 14:59:53,626:Successfully computed HSC for Q6P1W5.
INFO:2025-10-30 14:59:53,627:Processing Q6NUM6 with model AF-Q6NUM6-F1-model_v4.pdb
ERROR:2025-10-30 14:59:53,761:No transcript record found for Q6NUM6 in gnomAD.
INFO:2025-10-30 14:59:53,761:Processing Q6NUM9 with model AF-Q6NUM9-F1-model_v4.pdb
ERROR:2025-10-30 14:59:53,873:No transcript record found for Q6NUM9 in gnomAD.
INFO:2025-10-30 14:59:53,873:Processing Q6NUN0 with model AF-Q6NUN0-F1-model_v4.pdb
INFO:2025-10-30 14:59:53,992:Computing HSC features for: Q6NUN0, ENST00000331849, ../Ntranos_Rotation/ESM-SaProt/AF-Q6NUN0-F1-model_v4.pdb.gz
INFO:2025-10-30 15:00:37,146:Successfully computed HSC for Q6NUN0.
INFO:2025-10-30 15:00:37,146:Processing Q6NUN7 with model AF-Q6NUN7-F1-model_v4.pdb
INFO:2025-10-30 15:00:37,293:Computing HSC features for: Q6NUN7, ENST00000227349, ../Ntranos_Rotation/ESM-SaProt/AF-Q6NUN7-F1-model_v4.pdb.gz
INFO:2025-10-30 15:01:28,437:Successfully computed HSC for Q6NUN7.
INFO:2025-10-30 15:01:28,437:Processing Q6NUN9 with model AF-Q6NUN9-F1-model_v4.pdb
ERROR:2025-10-30 15:01:28,607:No transcript record found for Q6NUN9 in gnomAD.
INFO:2025-10-30 15:01:28,607:Processing Q6NUP7 with model AF-Q6NUP7-F1-model_v4.pdb
INFO:2025-10-30 15:01:28,812:Computing HSC features for: Q6NUP7, ENST00000304338, ../Ntranos_Rotation/ESM-SaProt/AF-Q6NUP7-F1-model_v4.pdb.gz
INFO:2025-10-30 15:02:22,273:Successfully computed HSC for Q6NUP7.
INFO:2025-10-30 15:02:22,273:Processing Q6NUQ1 with model AF-Q6NUQ1-F1-model_v4.pdb
INFO:2025-10-30 15:02:22,369:Computing HSC features for: Q6NUQ1, ENST00000257700, ../Ntranos_Rotation/ESM-SaProt/AF-Q6NUQ1-F1-model_v4.pdb.gz
INFO:2025-10-30 15:03:12,789:Successfully computed HSC for Q6NUQ1.
INFO:2025-10-30 15:03:12,789:Pipeline completed.
INFO:2025-10-30 15:03:12,789:no_enst_for_uniprot: 0
INFO:2025-10-30 15:03:12,789:no_valid_cds: 0
INFO:2025-10-30 15:03:12,789:no_variant_data: 6
INFO:2025-10-30 15:03:12,789:bad_structure: 0
INFO:2025-10-30 15:03:12,789:no_enst_mp: 0
