INFO:2025-10-30 14:59:03,783:Starting HSC computation pipeline...
INFO:2025-10-30 15:00:05,964:Processing Q9UBD0 with model AF-Q9UBD0-F1-model_v4.pdb
ERROR:2025-10-30 15:00:06,067:No transcript record found for Q9UBD0 in gnomAD.
INFO:2025-10-30 15:00:06,067:Processing Q9UBD3 with model AF-Q9UBD3-F1-model_v4.pdb
INFO:2025-10-30 15:00:06,112:Computing HSC features for: Q9UBD3, ENST00000367819, ../Ntranos_Rotation/ESM-SaProt/AF-Q9UBD3-F1-model_v4.pdb.gz
INFO:2025-10-30 15:00:17,005:Successfully computed HSC for Q9UBD3.
INFO:2025-10-30 15:00:17,006:Processing Q9UBD5 with model AF-Q9UBD5-F1-model_v4.pdb
INFO:2025-10-30 15:00:17,176:Computing HSC features for: Q9UBD5, ENST00000392844, ../Ntranos_Rotation/ESM-SaProt/AF-Q9UBD5-F1-model_v4.pdb.gz
INFO:2025-10-30 15:01:02,273:Successfully computed HSC for Q9UBD5.
INFO:2025-10-30 15:01:02,273:Processing Q9UBD6 with model AF-Q9UBD6-F1-model_v4.pdb
INFO:2025-10-30 15:01:02,366:Computing HSC features for: Q9UBD6, ENST00000268122, ../Ntranos_Rotation/ESM-SaProt/AF-Q9UBD6-F1-model_v4.pdb.gz
INFO:2025-10-30 15:01:40,849:Successfully computed HSC for Q9UBD6.
INFO:2025-10-30 15:01:40,849:Processing Q9UBD9 with model AF-Q9UBD9-F1-model_v4.pdb
INFO:2025-10-30 15:01:40,917:Computing HSC features for: Q9UBD9, ENST00000312438, ../Ntranos_Rotation/ESM-SaProt/AF-Q9UBD9-F1-model_v4.pdb.gz
INFO:2025-10-30 15:02:03,646:Successfully computed HSC for Q9UBD9.
INFO:2025-10-30 15:02:03,646:Processing Q9UBE0 with model AF-Q9UBE0-F1-model_v4.pdb
INFO:2025-10-30 15:02:03,747:Computing HSC features for: Q9UBE0, ENST00000270225, ../Ntranos_Rotation/ESM-SaProt/AF-Q9UBE0-F1-model_v4.pdb.gz
INFO:2025-10-30 15:02:38,434:Successfully computed HSC for Q9UBE0.
INFO:2025-10-30 15:02:38,435:Processing Q9UBE8 with model AF-Q9UBE8-F1-model_v4.pdb
INFO:2025-10-30 15:02:38,555:Computing HSC features for: Q9UBE8, ENST00000407008, ../Ntranos_Rotation/ESM-SaProt/AF-Q9UBE8-F1-model_v4.pdb.gz
INFO:2025-10-30 15:03:29,757:Successfully computed HSC for Q9UBE8.
INFO:2025-10-30 15:03:29,757:Processing Q9UBF1 with model AF-Q9UBF1-F1-model_v4.pdb
INFO:2025-10-30 15:03:29,842:Computing HSC features for: Q9UBF1, ENST00000247452, ../Ntranos_Rotation/ESM-SaProt/AF-Q9UBF1-F1-model_v4.pdb.gz
INFO:2025-10-30 15:04:03,813:Successfully computed HSC for Q9UBF1.
INFO:2025-10-30 15:04:03,813:Processing Q9UBF2 with model AF-Q9UBF2-F1-model_v4.pdb
INFO:2025-10-30 15:04:03,981:Computing HSC features for: Q9UBF2, ENST00000425248, ../Ntranos_Rotation/ESM-SaProt/AF-Q9UBF2-F1-model_v4.pdb.gz
INFO:2025-10-30 15:05:17,587:Successfully computed HSC for Q9UBF2.
INFO:2025-10-30 15:05:17,587:Processing Q9UBF6 with model AF-Q9UBF6-F1-model_v4.pdb
INFO:2025-10-30 15:05:17,961:Computing HSC features for: Q9UBF6, ENST00000273480, ../Ntranos_Rotation/ESM-SaProt/AF-Q9UBF6-F1-model_v4.pdb.gz
INFO:2025-10-30 15:05:30,734:Successfully computed HSC for Q9UBF6.
INFO:2025-10-30 15:05:30,735:Processing Q9UBF8 with model AF-Q9UBF8-F1-model_v4.pdb
INFO:2025-10-30 15:05:30,830:Computing HSC features for: Q9UBF8, ENST00000368873, ../Ntranos_Rotation/ESM-SaProt/AF-Q9UBF8-F1-model_v4.pdb.gz
INFO:2025-10-30 15:06:30,419:Successfully computed HSC for Q9UBF8.
INFO:2025-10-30 15:06:30,419:Processing Q9UBZ9 with model AF-Q9UBZ9-F1-model_v4.pdb
INFO:2025-10-30 15:06:30,550:Computing HSC features for: Q9UBZ9, ENST00000258428, ../Ntranos_Rotation/ESM-SaProt/AF-Q9UBZ9-F1-model_v4.pdb.gz
INFO:2025-10-30 15:07:37,745:Successfully computed HSC for Q9UBZ9.
INFO:2025-10-30 15:07:37,745:Processing Q9UC06 with model AF-Q9UC06-F1-model_v4.pdb
INFO:2025-10-30 15:07:37,805:Computing HSC features for: Q9UC06, ENST00000341976, ../Ntranos_Rotation/ESM-SaProt/AF-Q9UC06-F1-model_v4.pdb.gz
INFO:2025-10-30 15:08:08,816:Successfully computed HSC for Q9UC06.
INFO:2025-10-30 15:08:08,816:Processing Q9UC07 with model AF-Q9UC07-F1-model_v4.pdb
INFO:2025-10-30 15:08:08,915:Computing HSC features for: Q9UC07, ENST00000429654, ../Ntranos_Rotation/ESM-SaProt/AF-Q9UC07-F1-model_v4.pdb.gz
INFO:2025-10-30 15:08:38,225:Successfully computed HSC for Q9UC07.
INFO:2025-10-30 15:08:38,225:Processing Q9UD57 with model AF-Q9UD57-F1-model_v4.pdb
INFO:2025-10-30 15:08:38,272:Computing HSC features for: Q9UD57, ENST00000451024, ../Ntranos_Rotation/ESM-SaProt/AF-Q9UD57-F1-model_v4.pdb.gz
INFO:2025-10-30 15:09:16,605:Successfully computed HSC for Q9UD57.
INFO:2025-10-30 15:09:16,605:Processing Q9UD71 with model AF-Q9UD71-F1-model_v4.pdb
INFO:2025-10-30 15:09:16,689:Computing HSC features for: Q9UD71, ENST00000254079, ../Ntranos_Rotation/ESM-SaProt/AF-Q9UD71-F1-model_v4.pdb.gz
INFO:2025-10-30 15:09:31,169:Successfully computed HSC for Q9UD71.
INFO:2025-10-30 15:09:31,169:Processing Q9UDR5 with model AF-Q9UDR5-F1-model_v4.pdb
INFO:2025-10-30 15:09:31,280:Computing HSC features for: Q9UDR5, ENST00000393376, ../Ntranos_Rotation/ESM-SaProt/AF-Q9UDR5-F1-model_v4.pdb.gz
INFO:2025-10-30 15:10:23,693:Successfully computed HSC for Q9UDR5.
INFO:2025-10-30 15:10:23,693:Processing Q9UDT6 with model AF-Q9UDT6-F1-model_v4.pdb
INFO:2025-10-30 15:10:23,979:Computing HSC features for: Q9UDT6, ENST00000223398, ../Ntranos_Rotation/ESM-SaProt/AF-Q9UDT6-F1-model_v4.pdb.gz
INFO:2025-10-30 15:12:00,443:Successfully computed HSC for Q9UDT6.
INFO:2025-10-30 15:12:00,443:Processing Q9UDV6 with model AF-Q9UDV6-F1-model_v4.pdb
INFO:2025-10-30 15:12:00,561:Computing HSC features for: Q9UDV6, ENST00000335870, ../Ntranos_Rotation/ESM-SaProt/AF-Q9UDV6-F1-model_v4.pdb.gz
INFO:2025-10-30 15:12:38,124:Successfully computed HSC for Q9UDV6.
INFO:2025-10-30 15:12:38,124:Processing Q9UDV7 with model AF-Q9UDV7-F1-model_v4.pdb
ERROR:2025-10-30 15:12:38,369:No transcript record found for Q9UDV7 in gnomAD.
INFO:2025-10-30 15:12:38,369:Processing Q9UDW1 with model AF-Q9UDW1-F1-model_v4.pdb
INFO:2025-10-30 15:12:38,396:Computing HSC features for: Q9UDW1, ENST00000330029, ../Ntranos_Rotation/ESM-SaProt/AF-Q9UDW1-F1-model_v4.pdb.gz
INFO:2025-10-30 15:12:47,364:Successfully computed HSC for Q9UDW1.
INFO:2025-10-30 15:12:47,365:Processing Q9UDW3 with model AF-Q9UDW3-F1-model_v4.pdb
INFO:2025-10-30 15:12:47,439:Computing HSC features for: Q9UDW3, ENST00000344318, ../Ntranos_Rotation/ESM-SaProt/AF-Q9UDW3-F1-model_v4.pdb.gz
INFO:2025-10-30 15:13:00,060:Successfully computed HSC for Q9UDW3.
INFO:2025-10-30 15:13:00,060:Processing Q9UDX3 with model AF-Q9UDX3-F1-model_v4.pdb
INFO:2025-10-30 15:13:00,144:Computing HSC features for: Q9UDX3, ENST00000255858, ../Ntranos_Rotation/ESM-SaProt/AF-Q9UDX3-F1-model_v4.pdb.gz
INFO:2025-10-30 15:13:29,102:Successfully computed HSC for Q9UDX3.
INFO:2025-10-30 15:13:29,102:Processing Q9UDX4 with model AF-Q9UDX4-F1-model_v4.pdb
INFO:2025-10-30 15:13:29,191:Computing HSC features for: Q9UDX4, ENST00000215812, ../Ntranos_Rotation/ESM-SaProt/AF-Q9UDX4-F1-model_v4.pdb.gz
INFO:2025-10-30 15:14:00,168:Successfully computed HSC for Q9UDX4.
INFO:2025-10-30 15:14:00,168:Processing Q9UDX5 with model AF-Q9UDX5-F1-model_v4.pdb
INFO:2025-10-30 15:14:00,230:Computing HSC features for: Q9UDX5, ENST00000266263, ../Ntranos_Rotation/ESM-SaProt/AF-Q9UDX5-F1-model_v4.pdb.gz
INFO:2025-10-30 15:14:15,970:Successfully computed HSC for Q9UDX5.
INFO:2025-10-30 15:14:15,970:Processing Q9UDY2 with model AF-Q9UDY2-F1-model_v4.pdb
INFO:2025-10-30 15:14:16,154:Computing HSC features for: Q9UDY2, ENST00000377245, ../Ntranos_Rotation/ESM-SaProt/AF-Q9UDY2-F1-model_v4.pdb.gz
INFO:2025-10-30 15:15:53,542:Successfully computed HSC for Q9UDY2.
INFO:2025-10-30 15:15:53,542:Processing Q9UDY4 with model AF-Q9UDY4-F1-model_v4.pdb
INFO:2025-10-30 15:15:53,604:Computing HSC features for: Q9UDY4, ENST00000370763, ../Ntranos_Rotation/ESM-SaProt/AF-Q9UDY4-F1-model_v4.pdb.gz
INFO:2025-10-30 15:16:13,526:Successfully computed HSC for Q9UDY4.
INFO:2025-10-30 15:16:13,526:Processing Q9UDY6 with model AF-Q9UDY6-F1-model_v4.pdb
INFO:2025-10-30 15:16:13,768:Computing HSC features for: Q9UDY6, ENST00000449742, ../Ntranos_Rotation/ESM-SaProt/AF-Q9UDY6-F1-model_v4.pdb.gz
INFO:2025-10-30 15:16:48,255:Successfully computed HSC for Q9UDY6.
INFO:2025-10-30 15:16:48,255:Processing Q9UDY8 with model AF-Q9UDY8-F1-model_v4.pdb
ERROR:2025-10-30 15:16:48,373:No transcript record found for Q9UDY8 in gnomAD.
INFO:2025-10-30 15:16:48,373:Processing Q9UEE5 with model AF-Q9UEE5-F1-model_v4.pdb
INFO:2025-10-30 15:16:48,461:Computing HSC features for: Q9UEE5, ENST00000319357, ../Ntranos_Rotation/ESM-SaProt/AF-Q9UEE5-F1-model_v4.pdb.gz
INFO:2025-10-30 15:17:15,316:Successfully computed HSC for Q9UEE5.
INFO:2025-10-30 15:17:15,316:Processing Q9UEE9 with model AF-Q9UEE9-F1-model_v4.pdb
INFO:2025-10-30 15:17:15,394:Computing HSC features for: Q9UEE9, ENST00000283882, ../Ntranos_Rotation/ESM-SaProt/AF-Q9UEE9-F1-model_v4.pdb.gz
INFO:2025-10-30 15:17:32,263:Successfully computed HSC for Q9UEE9.
INFO:2025-10-30 15:17:32,263:Processing Q9UEF7 with model AF-Q9UEF7-F1-model_v4.pdb
INFO:2025-10-30 15:17:32,380:Computing HSC features for: Q9UEF7, ENST00000380099, ../Ntranos_Rotation/ESM-SaProt/AF-Q9UEF7-F1-model_v4.pdb.gz
INFO:2025-10-30 15:19:00,127:Successfully computed HSC for Q9UEF7.
INFO:2025-10-30 15:19:00,127:Processing Q9UEG4 with model AF-Q9UEG4-F1-model_v4.pdb
INFO:2025-10-30 15:19:00,266:Computing HSC features for: Q9UEG4, ENST00000262525, ../Ntranos_Rotation/ESM-SaProt/AF-Q9UEG4-F1-model_v4.pdb.gz
INFO:2025-10-30 15:20:20,975:Successfully computed HSC for Q9UEG4.
INFO:2025-10-30 15:20:20,975:Processing Q9UER7 with model AF-Q9UER7-F1-model_v4.pdb
INFO:2025-10-30 15:20:21,056:Computing HSC features for: Q9UER7, ENST00000266000, ../Ntranos_Rotation/ESM-SaProt/AF-Q9UER7-F1-model_v4.pdb.gz
INFO:2025-10-30 15:21:12,854:Successfully computed HSC for Q9UER7.
INFO:2025-10-30 15:21:12,854:Processing Q9UET6 with model AF-Q9UET6-F1-model_v4.pdb
INFO:2025-10-30 15:21:12,945:Computing HSC features for: Q9UET6, ENST00000348411, ../Ntranos_Rotation/ESM-SaProt/AF-Q9UET6-F1-model_v4.pdb.gz
INFO:2025-10-30 15:21:38,974:Successfully computed HSC for Q9UET6.
INFO:2025-10-30 15:21:38,974:Processing Q9UEU0 with model AF-Q9UEU0-F1-model_v4.pdb
INFO:2025-10-30 15:21:39,107:Computing HSC features for: Q9UEU0, ENST00000554659, ../Ntranos_Rotation/ESM-SaProt/AF-Q9UEU0-F1-model_v4.pdb.gz
INFO:2025-10-30 15:21:57,330:Successfully computed HSC for Q9UEU0.
INFO:2025-10-30 15:21:57,330:Processing Q9UEU5 with model AF-Q9UEU5-F1-model_v4.pdb
ERROR:2025-10-30 15:21:57,415:No ENST transcript IDs were mapped to Q9UEU5
INFO:2025-10-30 15:21:57,415:Processing Q9UEW3 with model AF-Q9UEW3-F1-model_v4.pdb
INFO:2025-10-30 15:21:57,513:Computing HSC features for: Q9UEW3, ENST00000327097, ../Ntranos_Rotation/ESM-SaProt/AF-Q9UEW3-F1-model_v4.pdb.gz
INFO:2025-10-30 15:22:36,535:Successfully computed HSC for Q9UEW3.
INFO:2025-10-30 15:22:36,535:Processing Q9UEW8 with model AF-Q9UEW8-F1-model_v4.pdb
INFO:2025-10-30 15:22:36,604:Computing HSC features for: Q9UEW8, ENST00000355999, ../Ntranos_Rotation/ESM-SaProt/AF-Q9UEW8-F1-model_v4.pdb.gz
INFO:2025-10-30 15:23:14,757:Successfully computed HSC for Q9UEW8.
INFO:2025-10-30 15:23:14,757:Processing Q9UEY8 with model AF-Q9UEY8-F1-model_v4.pdb
INFO:2025-10-30 15:23:14,854:Computing HSC features for: Q9UEY8, ENST00000356080, ../Ntranos_Rotation/ESM-SaProt/AF-Q9UEY8-F1-model_v4.pdb.gz
INFO:2025-10-30 15:23:55,301:Successfully computed HSC for Q9UEY8.
INFO:2025-10-30 15:23:55,302:Processing Q9UF02 with model AF-Q9UF02-F1-model_v4.pdb
INFO:2025-10-30 15:23:55,367:Computing HSC features for: Q9UF02, ENST00000307139, ../Ntranos_Rotation/ESM-SaProt/AF-Q9UF02-F1-model_v4.pdb.gz
INFO:2025-10-30 15:24:17,101:Successfully computed HSC for Q9UF02.
INFO:2025-10-30 15:24:17,102:Processing Q9UF11 with model AF-Q9UF11-F1-model_v4.pdb
INFO:2025-10-30 15:24:17,158:Computing HSC features for: Q9UF11, ENST00000354190, ../Ntranos_Rotation/ESM-SaProt/AF-Q9UF11-F1-model_v4.pdb.gz
INFO:2025-10-30 15:24:40,839:Successfully computed HSC for Q9UF11.
INFO:2025-10-30 15:24:40,839:Processing Q9UF12 with model AF-Q9UF12-F1-model_v4.pdb
INFO:2025-10-30 15:24:40,921:Computing HSC features for: Q9UF12, ENST00000301175, ../Ntranos_Rotation/ESM-SaProt/AF-Q9UF12-F1-model_v4.pdb.gz
INFO:2025-10-30 15:25:24,247:Successfully computed HSC for Q9UF12.
INFO:2025-10-30 15:25:24,247:Processing Q9UF33 with model AF-Q9UF33-F1-model_v4.pdb
ERROR:2025-10-30 15:25:24,388:No valid CDS found for Q9UF33
INFO:2025-10-30 15:25:24,388:Processing Q9UF47 with model AF-Q9UF47-F1-model_v4.pdb
INFO:2025-10-30 15:25:24,498:Computing HSC features for: Q9UF47, ENST00000276570, ../Ntranos_Rotation/ESM-SaProt/AF-Q9UF47-F1-model_v4.pdb.gz
INFO:2025-10-30 15:25:38,176:Successfully computed HSC for Q9UF47.
INFO:2025-10-30 15:25:38,176:Processing Q9UF56 with model AF-Q9UF56-F1-model_v4.pdb
INFO:2025-10-30 15:25:38,254:Computing HSC features for: Q9UF56, ENST00000542267, ../Ntranos_Rotation/ESM-SaProt/AF-Q9UF56-F1-model_v4.pdb.gz
INFO:2025-10-30 15:26:46,483:Successfully computed HSC for Q9UF56.
INFO:2025-10-30 15:26:46,483:Processing Q9UF83 with model AF-Q9UF83-F1-model_v4.pdb
ERROR:2025-10-30 15:26:46,593:No ENST transcript IDs were mapped to Q9UF83
INFO:2025-10-30 15:26:46,594:Processing Q9UFB7 with model AF-Q9UFB7-F1-model_v4.pdb
INFO:2025-10-30 15:26:46,713:Computing HSC features for: Q9UFB7, ENST00000232974, ../Ntranos_Rotation/ESM-SaProt/AF-Q9UFB7-F1-model_v4.pdb.gz
INFO:2025-10-30 15:28:12,312:Successfully computed HSC for Q9UFB7.
INFO:2025-10-30 15:28:12,312:Processing Q9UFC0 with model AF-Q9UFC0-F1-model_v4.pdb
INFO:2025-10-30 15:28:12,453:Computing HSC features for: Q9UFC0, ENST00000292616, ../Ntranos_Rotation/ESM-SaProt/AF-Q9UFC0-F1-model_v4.pdb.gz
INFO:2025-10-30 15:29:13,185:Successfully computed HSC for Q9UFC0.
INFO:2025-10-30 15:29:13,185:Processing Q9UFD9 with model AF-Q9UFD9-F1-model_v4.pdb
ERROR:2025-10-30 15:29:13,362:No transcript record found for Q9UFD9 in gnomAD.
INFO:2025-10-30 15:29:13,362:Pipeline completed.
INFO:2025-10-30 15:29:13,362:no_enst_for_uniprot: 2
INFO:2025-10-30 15:29:13,362:no_valid_cds: 1
INFO:2025-10-30 15:29:13,362:no_variant_data: 4
INFO:2025-10-30 15:29:13,362:bad_structure: 0
INFO:2025-10-30 15:29:13,362:no_enst_mp: 0
