INFO:2025-10-30 14:27:05,509:Starting HSC computation pipeline...
INFO:2025-10-30 14:28:23,733:Processing Q8TE23 with model AF-Q8TE23-F1-model_v4.pdb
INFO:2025-10-30 14:28:23,940:Computing HSC features for: Q8TE23, ENST00000375371, ../Ntranos_Rotation/ESM-SaProt/AF-Q8TE23-F1-model_v4.pdb.gz
INFO:2025-10-30 14:30:00,604:Successfully computed HSC for Q8TE23.
INFO:2025-10-30 14:30:00,604:Processing Q8TE49 with model AF-Q8TE49-F1-model_v4.pdb
INFO:2025-10-30 14:30:00,885:Computing HSC features for: Q8TE49, ENST00000560598, ../Ntranos_Rotation/ESM-SaProt/AF-Q8TE49-F1-model_v4.pdb.gz
INFO:2025-10-30 14:32:39,157:Successfully computed HSC for Q8TE49.
INFO:2025-10-30 14:32:39,157:Processing Q8TE54 with model AF-Q8TE54-F1-model_v4.pdb
INFO:2025-10-30 14:32:39,269:Computing HSC features for: Q8TE54, ENST00000276609, ../Ntranos_Rotation/ESM-SaProt/AF-Q8TE54-F1-model_v4.pdb.gz
INFO:2025-10-30 14:33:34,847:Successfully computed HSC for Q8TE54.
INFO:2025-10-30 14:33:34,847:Processing Q8TE56 with model AF-Q8TE56-F1-model_v4.pdb
INFO:2025-10-30 14:33:35,103:Computing HSC features for: Q8TE56, ENST00000268070, ../Ntranos_Rotation/ESM-SaProt/AF-Q8TE56-F1-model_v4.pdb.gz
INFO:2025-10-30 14:36:06,975:Successfully computed HSC for Q8TE56.
INFO:2025-10-30 14:36:06,976:Processing Q8TE58 with model AF-Q8TE58-F1-model_v4.pdb
INFO:2025-10-30 14:36:07,174:Computing HSC features for: Q8TE58, ENST00000299164, ../Ntranos_Rotation/ESM-SaProt/AF-Q8TE58-F1-model_v4.pdb.gz
INFO:2025-10-30 14:38:14,650:Successfully computed HSC for Q8TE58.
INFO:2025-10-30 14:38:14,650:Processing Q8TE59 with model AF-Q8TE59-F1-model_v4.pdb
ERROR:2025-10-30 14:38:14,886:No ENST transcript IDs were mapped to Q8TE59
INFO:2025-10-30 14:38:14,886:Processing Q8TDB6 with model AF-Q8TDB6-F1-model_v4.pdb
INFO:2025-10-30 14:38:15,030:Computing HSC features for: Q8TDB6, ENST00000296161, ../Ntranos_Rotation/ESM-SaProt/AF-Q8TDB6-F1-model_v4.pdb.gz
INFO:2025-10-30 14:39:17,663:Successfully computed HSC for Q8TDB6.
INFO:2025-10-30 14:39:17,663:Processing Q8TDB8 with model AF-Q8TDB8-F1-model_v4.pdb
INFO:2025-10-30 14:39:17,882:Computing HSC features for: Q8TDB8, ENST00000396589, ../Ntranos_Rotation/ESM-SaProt/AF-Q8TDB8-F1-model_v4.pdb.gz
INFO:2025-10-30 14:40:10,131:Successfully computed HSC for Q8TDB8.
INFO:2025-10-30 14:40:10,131:Processing Q8TDC0 with model AF-Q8TDC0-F1-model_v4.pdb
INFO:2025-10-30 14:40:10,222:Computing HSC features for: Q8TDC0, ENST00000297130, ../Ntranos_Rotation/ESM-SaProt/AF-Q8TDC0-F1-model_v4.pdb.gz
INFO:2025-10-30 14:40:43,563:Successfully computed HSC for Q8TDC0.
INFO:2025-10-30 14:40:43,563:Processing Q8TDC3 with model AF-Q8TDC3-F1-model_v4.pdb
INFO:2025-10-30 14:40:43,733:Computing HSC features for: Q8TDC3, ENST00000309383, ../Ntranos_Rotation/ESM-SaProt/AF-Q8TDC3-F1-model_v4.pdb.gz
INFO:2025-10-30 14:42:27,021:Successfully computed HSC for Q8TDC3.
INFO:2025-10-30 14:42:27,022:Processing Q8TDD1 with model AF-Q8TDD1-F1-model_v4.pdb
INFO:2025-10-30 14:42:27,228:Computing HSC features for: Q8TDD1, ENST00000306014, ../Ntranos_Rotation/ESM-SaProt/AF-Q8TDD1-F1-model_v4.pdb.gz
INFO:2025-10-30 14:44:21,287:Successfully computed HSC for Q8TDD1.
INFO:2025-10-30 14:44:21,287:Processing Q8TDD2 with model AF-Q8TDD2-F1-model_v4.pdb
ERROR:2025-10-30 14:44:21,385:No transcript record found for Q8TDD2 in gnomAD.
INFO:2025-10-30 14:44:21,385:Processing Q8TDD5 with model AF-Q8TDD5-F1-model_v4.pdb
INFO:2025-10-30 14:44:21,746:Computing HSC features for: Q8TDD5, ENST00000370589, ../Ntranos_Rotation/ESM-SaProt/AF-Q8TDD5-F1-model_v4.pdb.gz
INFO:2025-10-30 14:45:04,686:Successfully computed HSC for Q8TDD5.
INFO:2025-10-30 14:45:04,686:Processing Q8TDE3 with model AF-Q8TDE3-F1-model_v4.pdb
INFO:2025-10-30 14:45:04,730:Computing HSC features for: Q8TDE3, ENST00000308227, ../Ntranos_Rotation/ESM-SaProt/AF-Q8TDE3-F1-model_v4.pdb.gz
INFO:2025-10-30 14:45:17,433:Successfully computed HSC for Q8TDE3.
INFO:2025-10-30 14:45:17,434:Processing Q8TDF5 with model AF-Q8TDF5-F1-model_v4.pdb
INFO:2025-10-30 14:45:17,589:Computing HSC features for: Q8TDF5, ENST00000327305, ../Ntranos_Rotation/ESM-SaProt/AF-Q8TDF5-F1-model_v4.pdb.gz
INFO:2025-10-30 14:46:04,440:Successfully computed HSC for Q8TDF5.
INFO:2025-10-30 14:46:04,440:Processing Q8TDF6 with model AF-Q8TDF6-F1-model_v4.pdb
INFO:2025-10-30 14:46:04,692:Computing HSC features for: Q8TDF6, ENST00000587738, ../Ntranos_Rotation/ESM-SaProt/AF-Q8TDF6-F1-model_v4.pdb.gz
INFO:2025-10-30 14:47:20,345:Successfully computed HSC for Q8TDF6.
INFO:2025-10-30 14:47:20,345:Processing Q8TDG2 with model AF-Q8TDG2-F1-model_v4.pdb
INFO:2025-10-30 14:47:20,405:Computing HSC features for: Q8TDG2, ENST00000371124, ../Ntranos_Rotation/ESM-SaProt/AF-Q8TDG2-F1-model_v4.pdb.gz
INFO:2025-10-30 14:47:55,577:Successfully computed HSC for Q8TDG2.
INFO:2025-10-30 14:47:55,577:Processing Q8TDG4 with model AF-Q8TDG4-F1-model_v4.pdb
INFO:2025-10-30 14:47:55,786:Computing HSC features for: Q8TDG4, ENST00000295488, ../Ntranos_Rotation/ESM-SaProt/AF-Q8TDG4-F1-model_v4.pdb.gz
INFO:2025-10-30 14:49:26,322:Successfully computed HSC for Q8TDG4.
INFO:2025-10-30 14:49:26,323:Processing Q8TDH9 with model AF-Q8TDH9-F1-model_v4.pdb
INFO:2025-10-30 14:49:26,391:Computing HSC features for: Q8TDH9, ENST00000397457, ../Ntranos_Rotation/ESM-SaProt/AF-Q8TDH9-F1-model_v4.pdb.gz
INFO:2025-10-30 14:49:43,614:Successfully computed HSC for Q8TDH9.
INFO:2025-10-30 14:49:43,614:Processing Q8TDI0 with model AF-Q8TDI0-F1-model_v4.pdb
INFO:2025-10-30 14:49:44,112:Computing HSC features for: Q8TDI0, ENST00000262450, ../Ntranos_Rotation/ESM-SaProt/AF-Q8TDI0-F1-model_v4.pdb.gz
INFO:2025-10-30 14:53:37,495:Successfully computed HSC for Q8TDI0.
INFO:2025-10-30 14:53:37,495:Processing Q8TDI7 with model AF-Q8TDI7-F1-model_v4.pdb
INFO:2025-10-30 14:53:37,665:Computing HSC features for: Q8TDI7, ENST00000358864, ../Ntranos_Rotation/ESM-SaProt/AF-Q8TDI7-F1-model_v4.pdb.gz
INFO:2025-10-30 14:55:05,730:Successfully computed HSC for Q8TDI7.
INFO:2025-10-30 14:55:05,730:Processing Q8TDI8 with model AF-Q8TDI8-F1-model_v4.pdb
INFO:2025-10-30 14:55:05,872:Computing HSC features for: Q8TDI8, ENST00000297784, ../Ntranos_Rotation/ESM-SaProt/AF-Q8TDI8-F1-model_v4.pdb.gz
INFO:2025-10-30 14:56:08,455:Successfully computed HSC for Q8TDI8.
INFO:2025-10-30 14:56:08,455:Processing Q8TDJ6 with model AF-Q8TDJ6-F1-model_v4.pdb
ERROR:2025-10-30 14:56:08,772:No valid CDS found for Q8TDJ6
INFO:2025-10-30 14:56:08,772:Processing Q8TDL5 with model AF-Q8TDL5-F1-model_v4.pdb
INFO:2025-10-30 14:56:08,893:Computing HSC features for: Q8TDL5, ENST00000253354, ../Ntranos_Rotation/ESM-SaProt/AF-Q8TDL5-F1-model_v4.pdb.gz
INFO:2025-10-30 14:56:53,990:Successfully computed HSC for Q8TDL5.
INFO:2025-10-30 14:56:53,990:Processing Q8TDM0 with model AF-Q8TDM0-F1-model_v4.pdb
INFO:2025-10-30 14:56:54,035:Computing HSC features for: Q8TDM0, ENST00000358791, ../Ntranos_Rotation/ESM-SaProt/AF-Q8TDM0-F1-model_v4.pdb.gz
INFO:2025-10-30 14:57:22,637:Successfully computed HSC for Q8TDM0.
INFO:2025-10-30 14:57:22,637:Processing Q8TDM5 with model AF-Q8TDM5-F1-model_v4.pdb
INFO:2025-10-30 14:57:22,672:Computing HSC features for: Q8TDM5, ENST00000321762, ../Ntranos_Rotation/ESM-SaProt/AF-Q8TDM5-F1-model_v4.pdb.gz
INFO:2025-10-30 14:57:37,906:Successfully computed HSC for Q8TDM5.
INFO:2025-10-30 14:57:37,906:Processing Q8TDM6 with model AF-Q8TDM6-F1-model_v4.pdb
INFO:2025-10-30 14:57:38,150:Computing HSC features for: Q8TDM6, ENST00000372391, ../Ntranos_Rotation/ESM-SaProt/AF-Q8TDM6-F1-model_v4.pdb.gz
INFO:2025-10-30 15:01:15,052:Successfully computed HSC for Q8TDM6.
INFO:2025-10-30 15:01:15,052:Processing Q8TDN1 with model AF-Q8TDN1-F1-model_v4.pdb
INFO:2025-10-30 15:01:15,193:Computing HSC features for: Q8TDN1, ENST00000308251, ../Ntranos_Rotation/ESM-SaProt/AF-Q8TDN1-F1-model_v4.pdb.gz
INFO:2025-10-30 15:02:20,238:Successfully computed HSC for Q8TDN1.
INFO:2025-10-30 15:02:20,238:Processing Q8TDN2 with model AF-Q8TDN2-F1-model_v4.pdb
INFO:2025-10-30 15:02:20,369:Computing HSC features for: Q8TDN2, ENST00000382082, ../Ntranos_Rotation/ESM-SaProt/AF-Q8TDN2-F1-model_v4.pdb.gz
INFO:2025-10-30 15:03:39,805:Successfully computed HSC for Q8TDN2.
INFO:2025-10-30 15:03:39,805:Processing Q8TDN4 with model AF-Q8TDN4-F1-model_v4.pdb
INFO:2025-10-30 15:03:39,903:Computing HSC features for: Q8TDN4, ENST00000256925, ../Ntranos_Rotation/ESM-SaProt/AF-Q8TDN4-F1-model_v4.pdb.gz
INFO:2025-10-30 15:05:13,548:Successfully computed HSC for Q8TDN4.
INFO:2025-10-30 15:05:13,548:Processing Q8TDN6 with model AF-Q8TDN6-F1-model_v4.pdb
INFO:2025-10-30 15:05:13,635:Computing HSC features for: Q8TDN6, ENST00000336767, ../Ntranos_Rotation/ESM-SaProt/AF-Q8TDN6-F1-model_v4.pdb.gz
INFO:2025-10-30 15:05:44,818:Successfully computed HSC for Q8TDN6.
INFO:2025-10-30 15:05:44,818:Processing Q8TDN7 with model AF-Q8TDN7-F1-model_v4.pdb
INFO:2025-10-30 15:05:44,887:Computing HSC features for: Q8TDN7, ENST00000301452, ../Ntranos_Rotation/ESM-SaProt/AF-Q8TDN7-F1-model_v4.pdb.gz
INFO:2025-10-30 15:06:14,073:Successfully computed HSC for Q8TDN7.
INFO:2025-10-30 15:06:14,073:Processing Q8TDP1 with model AF-Q8TDP1-F1-model_v4.pdb
INFO:2025-10-30 15:06:14,140:Computing HSC features for: Q8TDP1, ENST00000308418, ../Ntranos_Rotation/ESM-SaProt/AF-Q8TDP1-F1-model_v4.pdb.gz
INFO:2025-10-30 15:06:42,225:Successfully computed HSC for Q8TDP1.
INFO:2025-10-30 15:06:42,225:Processing Q8TDQ0 with model AF-Q8TDQ0-F1-model_v4.pdb
ERROR:2025-10-30 15:06:42,307:No transcript record found for Q8TDQ0 in gnomAD.
INFO:2025-10-30 15:06:42,307:Processing Q8TDQ1 with model AF-Q8TDQ1-F1-model_v4.pdb
INFO:2025-10-30 15:06:42,391:Computing HSC features for: Q8TDQ1, ENST00000326165, ../Ntranos_Rotation/ESM-SaProt/AF-Q8TDQ1-F1-model_v4.pdb.gz
INFO:2025-10-30 15:07:09,979:Successfully computed HSC for Q8TDQ1.
INFO:2025-10-30 15:07:09,979:Processing Q8TDQ7 with model AF-Q8TDQ7-F1-model_v4.pdb
INFO:2025-10-30 15:07:10,058:Computing HSC features for: Q8TDQ7, ENST00000295448, ../Ntranos_Rotation/ESM-SaProt/AF-Q8TDQ7-F1-model_v4.pdb.gz
INFO:2025-10-30 15:07:31,871:Successfully computed HSC for Q8TDQ7.
INFO:2025-10-30 15:07:31,871:Processing Q8TDR0 with model AF-Q8TDR0-F1-model_v4.pdb
INFO:2025-10-30 15:07:32,045:Computing HSC features for: Q8TDR0, ENST00000373327, ../Ntranos_Rotation/ESM-SaProt/AF-Q8TDR0-F1-model_v4.pdb.gz
INFO:2025-10-30 15:08:40,334:Successfully computed HSC for Q8TDR0.
INFO:2025-10-30 15:08:40,334:Processing Q8TDR2 with model AF-Q8TDR2-F1-model_v4.pdb
INFO:2025-10-30 15:08:40,439:Computing HSC features for: Q8TDR2, ENST00000381482, ../Ntranos_Rotation/ESM-SaProt/AF-Q8TDR2-F1-model_v4.pdb.gz
INFO:2025-10-30 15:09:57,753:Successfully computed HSC for Q8TDR2.
INFO:2025-10-30 15:09:57,754:Processing Q8TDR4 with model AF-Q8TDR4-F1-model_v4.pdb
INFO:2025-10-30 15:09:57,814:Computing HSC features for: Q8TDR4, ENST00000300258, ../Ntranos_Rotation/ESM-SaProt/AF-Q8TDR4-F1-model_v4.pdb.gz
INFO:2025-10-30 15:10:18,092:Successfully computed HSC for Q8TDR4.
INFO:2025-10-30 15:10:18,093:Processing Q8TDS4 with model AF-Q8TDS4-F1-model_v4.pdb
INFO:2025-10-30 15:10:18,210:Computing HSC features for: Q8TDS4, ENST00000328880, ../Ntranos_Rotation/ESM-SaProt/AF-Q8TDS4-F1-model_v4.pdb.gz
INFO:2025-10-30 15:10:58,805:Successfully computed HSC for Q8TDS4.
INFO:2025-10-30 15:10:58,805:Processing Q8TDS5 with model AF-Q8TDS5-F1-model_v4.pdb
INFO:2025-10-30 15:10:58,901:Computing HSC features for: Q8TDS5, ENST00000378661, ../Ntranos_Rotation/ESM-SaProt/AF-Q8TDS5-F1-model_v4.pdb.gz
INFO:2025-10-30 15:11:46,324:Successfully computed HSC for Q8TDS5.
INFO:2025-10-30 15:11:46,324:Processing Q8TDS7 with model AF-Q8TDS7-F1-model_v4.pdb
INFO:2025-10-30 15:11:46,413:Computing HSC features for: Q8TDS7, ENST00000309106, ../Ntranos_Rotation/ESM-SaProt/AF-Q8TDS7-F1-model_v4.pdb.gz
INFO:2025-10-30 15:12:20,606:Successfully computed HSC for Q8TDS7.
INFO:2025-10-30 15:12:20,606:Processing Q8TDT2 with model AF-Q8TDT2-F1-model_v4.pdb
INFO:2025-10-30 15:12:20,785:Computing HSC features for: Q8TDT2, ENST00000312457, ../Ntranos_Rotation/ESM-SaProt/AF-Q8TDT2-F1-model_v4.pdb.gz
INFO:2025-10-30 15:13:16,676:Successfully computed HSC for Q8TDT2.
INFO:2025-10-30 15:13:16,676:Processing Q8TDU5 with model AF-Q8TDU5-F1-model_v4.pdb
ERROR:2025-10-30 15:13:16,757:No ENST transcript IDs were mapped to Q8TDU5
INFO:2025-10-30 15:13:16,757:Processing Q8TDU6 with model AF-Q8TDU6-F1-model_v4.pdb
INFO:2025-10-30 15:13:16,845:Computing HSC features for: Q8TDU6, ENST00000479077, ../Ntranos_Rotation/ESM-SaProt/AF-Q8TDU6-F1-model_v4.pdb.gz
INFO:2025-10-30 15:13:53,777:Successfully computed HSC for Q8TDU6.
INFO:2025-10-30 15:13:53,778:Processing Q8TDU9 with model AF-Q8TDU9-F1-model_v4.pdb
INFO:2025-10-30 15:13:53,869:Computing HSC features for: Q8TDU9, ENST00000368318, ../Ntranos_Rotation/ESM-SaProt/AF-Q8TDU9-F1-model_v4.pdb.gz
INFO:2025-10-30 15:14:34,128:Successfully computed HSC for Q8TDU9.
INFO:2025-10-30 15:14:34,128:Processing Q8TDV0 with model AF-Q8TDV0-F1-model_v4.pdb
INFO:2025-10-30 15:14:34,219:Computing HSC features for: Q8TDV0, ENST00000311104, ../Ntranos_Rotation/ESM-SaProt/AF-Q8TDV0-F1-model_v4.pdb.gz
INFO:2025-10-30 15:15:08,659:Successfully computed HSC for Q8TDV0.
INFO:2025-10-30 15:15:08,659:Processing Q8TED0 with model AF-Q8TED0-F1-model_v4.pdb
INFO:2025-10-30 15:15:08,795:Computing HSC features for: Q8TED0, ENST00000296792, ../Ntranos_Rotation/ESM-SaProt/AF-Q8TED0-F1-model_v4.pdb.gz
INFO:2025-10-30 15:15:49,808:Successfully computed HSC for Q8TED0.
INFO:2025-10-30 15:15:49,808:Processing Q8TED1 with model AF-Q8TED1-F1-model_v4.pdb
INFO:2025-10-30 15:15:49,872:Computing HSC features for: Q8TED1, ENST00000503787, ../Ntranos_Rotation/ESM-SaProt/AF-Q8TED1-F1-model_v4.pdb.gz
INFO:2025-10-30 15:16:07,624:Successfully computed HSC for Q8TED1.
INFO:2025-10-30 15:16:07,624:Processing Q8TED4 with model AF-Q8TED4-F1-model_v4.pdb
INFO:2025-10-30 15:16:07,921:Computing HSC features for: Q8TED4, ENST00000403796, ../Ntranos_Rotation/ESM-SaProt/AF-Q8TED4-F1-model_v4.pdb.gz
INFO:2025-10-30 15:17:02,251:Successfully computed HSC for Q8TED4.
INFO:2025-10-30 15:17:02,251:Pipeline completed.
INFO:2025-10-30 15:17:02,251:no_enst_for_uniprot: 2
INFO:2025-10-30 15:17:02,251:no_valid_cds: 1
INFO:2025-10-30 15:17:02,251:no_variant_data: 2
INFO:2025-10-30 15:17:02,251:bad_structure: 0
INFO:2025-10-30 15:17:02,251:no_enst_mp: 0
