INFO:2025-10-30 14:25:03,763:Starting HSC computation pipeline...
INFO:2025-10-30 14:26:36,137:Processing P55011 with model AF-P55011-F1-model_v4.pdb
INFO:2025-10-30 14:26:36,341:Computing HSC features for: P55011, ENST00000262461, ../Ntranos_Rotation/ESM-SaProt/AF-P55011-F1-model_v4.pdb.gz
INFO:2025-10-30 14:28:38,662:Successfully computed HSC for P55011.
INFO:2025-10-30 14:28:38,662:Processing P55017 with model AF-P55017-F1-model_v4.pdb
INFO:2025-10-30 14:28:38,808:Computing HSC features for: P55017, ENST00000563236, ../Ntranos_Rotation/ESM-SaProt/AF-P55017-F1-model_v4.pdb.gz
INFO:2025-10-30 14:30:14,332:Successfully computed HSC for P55017.
INFO:2025-10-30 14:30:14,332:Processing P55036 with model AF-P55036-F1-model_v4.pdb
INFO:2025-10-30 14:30:14,429:Computing HSC features for: P55036, ENST00000368884, ../Ntranos_Rotation/ESM-SaProt/AF-P55036-F1-model_v4.pdb.gz
INFO:2025-10-30 14:30:54,576:Successfully computed HSC for P55036.
INFO:2025-10-30 14:30:54,576:Processing P55039 with model AF-P55039-F1-model_v4.pdb
INFO:2025-10-30 14:30:54,694:Computing HSC features for: P55039, ENST00000225729, ../Ntranos_Rotation/ESM-SaProt/AF-P55039-F1-model_v4.pdb.gz
INFO:2025-10-30 14:31:36,605:Successfully computed HSC for P55039.
INFO:2025-10-30 14:31:36,606:Processing P55040 with model AF-P55040-F1-model_v4.pdb
INFO:2025-10-30 14:31:36,728:Computing HSC features for: P55040, ENST00000297596, ../Ntranos_Rotation/ESM-SaProt/AF-P55040-F1-model_v4.pdb.gz
INFO:2025-10-30 14:32:04,473:Successfully computed HSC for P55040.
INFO:2025-10-30 14:32:04,474:Processing P55042 with model AF-P55042-F1-model_v4.pdb
INFO:2025-10-30 14:32:04,566:Computing HSC features for: P55042, ENST00000299759, ../Ntranos_Rotation/ESM-SaProt/AF-P55042-F1-model_v4.pdb.gz
INFO:2025-10-30 14:32:51,841:Successfully computed HSC for P55042.
INFO:2025-10-30 14:32:51,842:Processing P55055 with model AF-P55055-F1-model_v4.pdb
INFO:2025-10-30 14:32:51,920:Computing HSC features for: P55055, ENST00000253727, ../Ntranos_Rotation/ESM-SaProt/AF-P55055-F1-model_v4.pdb.gz
INFO:2025-10-30 14:33:46,672:Successfully computed HSC for P55055.
INFO:2025-10-30 14:33:46,673:Processing P55056 with model AF-P55056-F1-model_v4.pdb
INFO:2025-10-30 14:33:46,737:Computing HSC features for: P55056, ENST00000592954, ../Ntranos_Rotation/ESM-SaProt/AF-P55056-F1-model_v4.pdb.gz
INFO:2025-10-30 14:33:57,641:Successfully computed HSC for P55056.
INFO:2025-10-30 14:33:57,641:Processing P55058 with model AF-P55058-F1-model_v4.pdb
INFO:2025-10-30 14:33:57,723:Computing HSC features for: P55058, ENST00000372431, ../Ntranos_Rotation/ESM-SaProt/AF-P55058-F1-model_v4.pdb.gz
INFO:2025-10-30 14:34:46,745:Successfully computed HSC for P55058.
INFO:2025-10-30 14:34:46,746:Processing P55060 with model AF-P55060-F1-model_v4.pdb
INFO:2025-10-30 14:34:46,926:Computing HSC features for: P55060, ENST00000262982, ../Ntranos_Rotation/ESM-SaProt/AF-P55060-F1-model_v4.pdb.gz
INFO:2025-10-30 14:35:57,412:Successfully computed HSC for P55060.
INFO:2025-10-30 14:35:57,412:Processing P55061 with model AF-P55061-F1-model_v4.pdb
INFO:2025-10-30 14:35:57,476:Computing HSC features for: P55061, ENST00000267115, ../Ntranos_Rotation/ESM-SaProt/AF-P55061-F1-model_v4.pdb.gz
INFO:2025-10-30 14:36:15,532:Successfully computed HSC for P55061.
INFO:2025-10-30 14:36:15,533:Processing P55064 with model AF-P55064-F1-model_v4.pdb
INFO:2025-10-30 14:36:15,637:Computing HSC features for: P55064, ENST00000293599, ../Ntranos_Rotation/ESM-SaProt/AF-P55064-F1-model_v4.pdb.gz
INFO:2025-10-30 14:36:53,308:Successfully computed HSC for P55064.
INFO:2025-10-30 14:36:53,309:Processing P55072 with model AF-P55072-F1-model_v4.pdb
INFO:2025-10-30 14:36:53,468:Computing HSC features for: P55072, ENST00000358901, ../Ntranos_Rotation/ESM-SaProt/AF-P55072-F1-model_v4.pdb.gz
INFO:2025-10-30 14:38:03,831:Successfully computed HSC for P55072.
INFO:2025-10-30 14:38:03,831:Processing P55075 with model AF-P55075-F1-model_v4.pdb
INFO:2025-10-30 14:38:03,929:Computing HSC features for: P55075, ENST00000344255, ../Ntranos_Rotation/ESM-SaProt/AF-P55075-F1-model_v4.pdb.gz
INFO:2025-10-30 14:38:37,749:Successfully computed HSC for P55075.
INFO:2025-10-30 14:38:37,749:Processing P55081 with model AF-P55081-F1-model_v4.pdb
INFO:2025-10-30 14:38:37,872:Computing HSC features for: P55081, ENST00000267812, ../Ntranos_Rotation/ESM-SaProt/AF-P55081-F1-model_v4.pdb.gz
INFO:2025-10-30 14:39:17,487:Successfully computed HSC for P55081.
INFO:2025-10-30 14:39:17,487:Processing P55082 with model AF-P55082-F1-model_v4.pdb
INFO:2025-10-30 14:39:17,568:Computing HSC features for: P55082, ENST00000322602, ../Ntranos_Rotation/ESM-SaProt/AF-P55082-F1-model_v4.pdb.gz
INFO:2025-10-30 14:39:44,446:Successfully computed HSC for P55082.
INFO:2025-10-30 14:39:44,447:Processing P55083 with model AF-P55083-F1-model_v4.pdb
INFO:2025-10-30 14:39:44,495:Computing HSC features for: P55083, ENST00000299610, ../Ntranos_Rotation/ESM-SaProt/AF-P55083-F1-model_v4.pdb.gz
INFO:2025-10-30 14:40:11,061:Successfully computed HSC for P55083.
INFO:2025-10-30 14:40:11,061:Processing P55084 with model AF-P55084-F1-model_v4.pdb
INFO:2025-10-30 14:40:11,158:Computing HSC features for: P55084, ENST00000317799, ../Ntranos_Rotation/ESM-SaProt/AF-P55084-F1-model_v4.pdb.gz
INFO:2025-10-30 14:40:48,234:Successfully computed HSC for P55084.
INFO:2025-10-30 14:40:48,234:Processing P55085 with model AF-P55085-F1-model_v4.pdb
INFO:2025-10-30 14:40:48,349:Computing HSC features for: P55085, ENST00000296677, ../Ntranos_Rotation/ESM-SaProt/AF-P55085-F1-model_v4.pdb.gz
INFO:2025-10-30 14:41:19,874:Successfully computed HSC for P55085.
INFO:2025-10-30 14:41:19,874:Processing P55087 with model AF-P55087-F1-model_v4.pdb
INFO:2025-10-30 14:41:20,200:Computing HSC features for: P55087, ENST00000383168, ../Ntranos_Rotation/ESM-SaProt/AF-P55087-F1-model_v4.pdb.gz
INFO:2025-10-30 14:41:47,451:Successfully computed HSC for P55087.
INFO:2025-10-30 14:41:47,452:Processing P55089 with model AF-P55089-F1-model_v4.pdb
INFO:2025-10-30 14:41:47,497:Computing HSC features for: P55089, ENST00000296099, ../Ntranos_Rotation/ESM-SaProt/AF-P55089-F1-model_v4.pdb.gz
INFO:2025-10-30 14:42:08,777:Successfully computed HSC for P55089.
INFO:2025-10-30 14:42:08,777:Processing P55103 with model AF-P55103-F1-model_v4.pdb
INFO:2025-10-30 14:42:08,852:Computing HSC features for: P55103, ENST00000309668, ../Ntranos_Rotation/ESM-SaProt/AF-P55103-F1-model_v4.pdb.gz
INFO:2025-10-30 14:42:36,407:Successfully computed HSC for P55103.
INFO:2025-10-30 14:42:36,407:Processing P55107 with model AF-P55107-F1-model_v4.pdb
ERROR:2025-10-30 14:42:36,510:No transcript record found for P55107 in gnomAD.
INFO:2025-10-30 14:42:36,510:Processing P55145 with model AF-P55145-F1-model_v4.pdb
INFO:2025-10-30 14:42:36,592:Computing HSC features for: P55145, ENST00000528157, ../Ntranos_Rotation/ESM-SaProt/AF-P55145-F1-model_v4.pdb.gz
INFO:2025-10-30 14:42:53,875:Successfully computed HSC for P55145.
INFO:2025-10-30 14:42:53,875:Processing P55157 with model AF-P55157-F1-model_v4.pdb
INFO:2025-10-30 14:42:54,052:Computing HSC features for: P55157, ENST00000265517, ../Ntranos_Rotation/ESM-SaProt/AF-P55157-F1-model_v4.pdb.gz
INFO:2025-10-30 14:44:10,169:Successfully computed HSC for P55157.
INFO:2025-10-30 14:44:10,169:Processing P55160 with model AF-P55160-F1-model_v4.pdb
INFO:2025-10-30 14:44:10,334:Computing HSC features for: P55160, ENST00000293373, ../Ntranos_Rotation/ESM-SaProt/AF-P55160-F1-model_v4.pdb.gz
INFO:2025-10-30 14:45:38,826:Successfully computed HSC for P55160.
INFO:2025-10-30 14:45:38,826:Processing P55196 with model AF-P55196-F1-model_v4.pdb
INFO:2025-10-30 14:45:39,197:Computing HSC features for: P55196, ENST00000447894, ../Ntranos_Rotation/ESM-SaProt/AF-P55196-F1-model_v4.pdb.gz
INFO:2025-10-30 14:48:31,273:Successfully computed HSC for P55196.
INFO:2025-10-30 14:48:31,273:Processing P55197 with model AF-P55197-F1-model_v4.pdb
INFO:2025-10-30 14:48:31,516:Computing HSC features for: P55197, ENST00000307729, ../Ntranos_Rotation/ESM-SaProt/AF-P55197-F1-model_v4.pdb.gz
INFO:2025-10-30 14:49:47,920:Successfully computed HSC for P55197.
INFO:2025-10-30 14:49:47,921:Processing P55198 with model AF-P55198-F1-model_v4.pdb
ERROR:2025-10-30 14:49:48,124:No transcript record found for P55198 in gnomAD.
INFO:2025-10-30 14:49:48,124:Processing P55199 with model AF-P55199-F1-model_v4.pdb
INFO:2025-10-30 14:49:48,266:Computing HSC features for: P55199, ENST00000262809, ../Ntranos_Rotation/ESM-SaProt/AF-P55199-F1-model_v4.pdb.gz
INFO:2025-10-30 14:51:02,816:Successfully computed HSC for P55199.
INFO:2025-10-30 14:51:02,816:Processing P55201 with model AF-P55201-F1-model_v4.pdb
ERROR:2025-10-30 14:51:02,985:No transcript record found for P55201 in gnomAD.
INFO:2025-10-30 14:51:02,985:Processing P55209 with model AF-P55209-F1-model_v4.pdb
INFO:2025-10-30 14:51:03,051:Computing HSC features for: P55209, ENST00000393263, ../Ntranos_Rotation/ESM-SaProt/AF-P55209-F1-model_v4.pdb.gz
INFO:2025-10-30 14:51:28,957:Successfully computed HSC for P55209.
INFO:2025-10-30 14:51:28,957:Processing P55210 with model AF-P55210-F1-model_v4.pdb
INFO:2025-10-30 14:51:29,033:Computing HSC features for: P55210, ENST00000345633, ../Ntranos_Rotation/ESM-SaProt/AF-P55210-F1-model_v4.pdb.gz
INFO:2025-10-30 14:51:54,825:Successfully computed HSC for P55210.
INFO:2025-10-30 14:51:54,825:Processing P55211 with model AF-P55211-F1-model_v4.pdb
INFO:2025-10-30 14:51:54,889:Computing HSC features for: P55211, ENST00000333868, ../Ntranos_Rotation/ESM-SaProt/AF-P55211-F1-model_v4.pdb.gz
INFO:2025-10-30 14:52:35,681:Successfully computed HSC for P55211.
INFO:2025-10-30 14:52:35,682:Processing P55212 with model AF-P55212-F1-model_v4.pdb
INFO:2025-10-30 14:52:35,755:Computing HSC features for: P55212, ENST00000265164, ../Ntranos_Rotation/ESM-SaProt/AF-P55212-F1-model_v4.pdb.gz
INFO:2025-10-30 14:52:59,507:Successfully computed HSC for P55212.
INFO:2025-10-30 14:52:59,507:Processing P55259 with model AF-P55259-F1-model_v4.pdb
INFO:2025-10-30 14:52:59,700:Computing HSC features for: P55259, ENST00000381362, ../Ntranos_Rotation/ESM-SaProt/AF-P55259-F1-model_v4.pdb.gz
INFO:2025-10-30 14:53:51,759:Successfully computed HSC for P55259.
INFO:2025-10-30 14:53:51,759:Processing P55263 with model AF-P55263-F1-model_v4.pdb
INFO:2025-10-30 14:53:51,861:Computing HSC features for: P55263, ENST00000539909, ../Ntranos_Rotation/ESM-SaProt/AF-P55263-F1-model_v4.pdb.gz
INFO:2025-10-30 14:54:17,678:Successfully computed HSC for P55263.
INFO:2025-10-30 14:54:17,678:Processing P55265 with model AF-P55265-F1-model_v4.pdb
INFO:2025-10-30 14:54:17,877:Computing HSC features for: P55265, ENST00000368474, ../Ntranos_Rotation/ESM-SaProt/AF-P55265-F1-model_v4.pdb.gz
INFO:2025-10-30 14:56:03,368:Successfully computed HSC for P55265.
INFO:2025-10-30 14:56:03,368:Processing P55268 with model AF-P55268-F1-model_v4.pdb
INFO:2025-10-30 14:56:03,599:Computing HSC features for: P55268, ENST00000305544, ../Ntranos_Rotation/ESM-SaProt/AF-P55268-F1-model_v4.pdb.gz
INFO:2025-10-30 14:59:02,455:Successfully computed HSC for P55268.
INFO:2025-10-30 14:59:02,455:Processing P55273 with model AF-P55273-F1-model_v4.pdb
INFO:2025-10-30 14:59:02,509:Computing HSC features for: P55273, ENST00000335766, ../Ntranos_Rotation/ESM-SaProt/AF-P55273-F1-model_v4.pdb.gz
INFO:2025-10-30 14:59:27,669:Successfully computed HSC for P55273.
INFO:2025-10-30 14:59:27,669:Processing P55283 with model AF-P55283-F1-model_v4.pdb
ERROR:2025-10-30 14:59:27,875:No transcript record found for P55283 in gnomAD.
INFO:2025-10-30 14:59:27,876:Processing P55285 with model AF-P55285-F1-model_v4.pdb
INFO:2025-10-30 14:59:28,068:Computing HSC features for: P55285, ENST00000265071, ../Ntranos_Rotation/ESM-SaProt/AF-P55285-F1-model_v4.pdb.gz
INFO:2025-10-30 15:00:43,544:Successfully computed HSC for P55285.
INFO:2025-10-30 15:00:43,544:Processing P55286 with model AF-P55286-F1-model_v4.pdb
INFO:2025-10-30 15:00:43,658:Computing HSC features for: P55286, ENST00000577390, ../Ntranos_Rotation/ESM-SaProt/AF-P55286-F1-model_v4.pdb.gz
INFO:2025-10-30 15:01:50,003:Successfully computed HSC for P55286.
INFO:2025-10-30 15:01:50,004:Processing P55287 with model AF-P55287-F1-model_v4.pdb
INFO:2025-10-30 15:01:50,186:Computing HSC features for: P55287, ENST00000268603, ../Ntranos_Rotation/ESM-SaProt/AF-P55287-F1-model_v4.pdb.gz
INFO:2025-10-30 15:03:31,444:Successfully computed HSC for P55287.
INFO:2025-10-30 15:03:31,445:Processing P55289 with model AF-P55289-F1-model_v4.pdb
INFO:2025-10-30 15:03:31,600:Computing HSC features for: P55289, ENST00000382254, ../Ntranos_Rotation/ESM-SaProt/AF-P55289-F1-model_v4.pdb.gz
INFO:2025-10-30 15:04:36,680:Successfully computed HSC for P55289.
INFO:2025-10-30 15:04:36,680:Processing P55290 with model AF-P55290-F1-model_v4.pdb
ERROR:2025-10-30 15:04:36,830:No transcript record found for P55290 in gnomAD.
INFO:2025-10-30 15:04:36,830:Processing P55291 with model AF-P55291-F1-model_v4.pdb
INFO:2025-10-30 15:04:37,011:Computing HSC features for: P55291, ENST00000289746, ../Ntranos_Rotation/ESM-SaProt/AF-P55291-F1-model_v4.pdb.gz
INFO:2025-10-30 15:06:26,478:Successfully computed HSC for P55291.
INFO:2025-10-30 15:06:26,478:Processing P55316 with model AF-P55316-F1-model_v4.pdb
ERROR:2025-10-30 15:06:26,595:No transcript record found for P55316 in gnomAD.
INFO:2025-10-30 15:06:26,595:Processing P55317 with model AF-P55317-F1-model_v4.pdb
INFO:2025-10-30 15:06:26,717:Computing HSC features for: P55317, ENST00000250448, ../Ntranos_Rotation/ESM-SaProt/AF-P55317-F1-model_v4.pdb.gz
INFO:2025-10-30 15:07:38,068:Successfully computed HSC for P55317.
INFO:2025-10-30 15:07:38,069:Processing P55318 with model AF-P55318-F1-model_v4.pdb
INFO:2025-10-30 15:07:38,163:Computing HSC features for: P55318, ENST00000302177, ../Ntranos_Rotation/ESM-SaProt/AF-P55318-F1-model_v4.pdb.gz
INFO:2025-10-30 15:08:16,370:Successfully computed HSC for P55318.
INFO:2025-10-30 15:08:16,370:Pipeline completed.
INFO:2025-10-30 15:08:16,370:no_enst_for_uniprot: 0
INFO:2025-10-30 15:08:16,370:no_valid_cds: 0
INFO:2025-10-30 15:08:16,370:no_variant_data: 6
INFO:2025-10-30 15:08:16,370:bad_structure: 0
INFO:2025-10-30 15:08:16,370:no_enst_mp: 0
