INFO:2025-10-30 14:59:03,871:Starting HSC computation pipeline...
INFO:2025-10-30 15:00:07,394:Processing Q9Y6N9 with model AF-Q9Y6N9-F1-model_v4.pdb
INFO:2025-10-30 15:00:07,820:Computing HSC features for: Q9Y6N9, ENST00000318024, ../Ntranos_Rotation/ESM-SaProt/AF-Q9Y6N9-F1-model_v4.pdb.gz
INFO:2025-10-30 15:00:52,200:Successfully computed HSC for Q9Y6N9.
INFO:2025-10-30 15:00:52,200:Processing Q9Y6P5 with model AF-Q9Y6P5-F1-model_v4.pdb
INFO:2025-10-30 15:00:52,317:Computing HSC features for: Q9Y6P5, ENST00000356644, ../Ntranos_Rotation/ESM-SaProt/AF-Q9Y6P5-F1-model_v4.pdb.gz
INFO:2025-10-30 15:01:51,100:Successfully computed HSC for Q9Y6P5.
INFO:2025-10-30 15:01:51,100:Processing Q9Y6Q1 with model AF-Q9Y6Q1-F1-model_v4.pdb
INFO:2025-10-30 15:01:51,286:Computing HSC features for: Q9Y6Q1, ENST00000324068, ../Ntranos_Rotation/ESM-SaProt/AF-Q9Y6Q1-F1-model_v4.pdb.gz
INFO:2025-10-30 15:03:02,767:Successfully computed HSC for Q9Y6Q1.
INFO:2025-10-30 15:03:02,767:Processing Q9Y6Q2 with model AF-Q9Y6Q2-F1-model_v4.pdb
INFO:2025-10-30 15:03:02,940:Computing HSC features for: Q9Y6Q2, ENST00000404752, ../Ntranos_Rotation/ESM-SaProt/AF-Q9Y6Q2-F1-model_v4.pdb.gz
INFO:2025-10-30 15:03:51,754:Successfully computed HSC for Q9Y6Q2.
INFO:2025-10-30 15:03:51,754:Processing Q9Y6Q3 with model AF-Q9Y6Q3-F1-model_v4.pdb
INFO:2025-10-30 15:03:51,880:Computing HSC features for: Q9Y6Q3, ENST00000374227, ../Ntranos_Rotation/ESM-SaProt/AF-Q9Y6Q3-F1-model_v4.pdb.gz
INFO:2025-10-30 15:04:39,343:Successfully computed HSC for Q9Y6Q3.
INFO:2025-10-30 15:04:39,344:Processing Q9Y6Q5 with model AF-Q9Y6Q5-F1-model_v4.pdb
INFO:2025-10-30 15:04:39,447:Computing HSC features for: Q9Y6Q5, ENST00000250244, ../Ntranos_Rotation/ESM-SaProt/AF-Q9Y6Q5-F1-model_v4.pdb.gz
INFO:2025-10-30 15:05:12,875:Successfully computed HSC for Q9Y6Q5.
INFO:2025-10-30 15:05:12,875:Processing Q9Y6Q6 with model AF-Q9Y6Q6-F1-model_v4.pdb
INFO:2025-10-30 15:05:13,026:Computing HSC features for: Q9Y6Q6, ENST00000586569, ../Ntranos_Rotation/ESM-SaProt/AF-Q9Y6Q6-F1-model_v4.pdb.gz
INFO:2025-10-30 15:06:03,686:Successfully computed HSC for Q9Y6Q6.
INFO:2025-10-30 15:06:03,686:Processing Q9Y6Q9 with model AF-Q9Y6Q9-F1-model_v4.pdb
INFO:2025-10-30 15:06:03,952:Computing HSC features for: Q9Y6Q9, ENST00000371998, ../Ntranos_Rotation/ESM-SaProt/AF-Q9Y6Q9-F1-model_v4.pdb.gz
INFO:2025-10-30 15:07:55,791:Successfully computed HSC for Q9Y6Q9.
INFO:2025-10-30 15:07:55,791:Processing Q9Y6R0 with model AF-Q9Y6R0-F1-model_v4.pdb
INFO:2025-10-30 15:07:55,891:Computing HSC features for: Q9Y6R0, ENST00000252891, ../Ntranos_Rotation/ESM-SaProt/AF-Q9Y6R0-F1-model_v4.pdb.gz
INFO:2025-10-30 15:09:38,025:Successfully computed HSC for Q9Y6R0.
INFO:2025-10-30 15:09:38,025:Processing Q9Y6R1 with model AF-Q9Y6R1-F1-model_v4.pdb
INFO:2025-10-30 15:09:38,208:Computing HSC features for: Q9Y6R1, ENST00000264485, ../Ntranos_Rotation/ESM-SaProt/AF-Q9Y6R1-F1-model_v4.pdb.gz
INFO:2025-10-30 15:10:40,718:Successfully computed HSC for Q9Y6R1.
INFO:2025-10-30 15:10:40,718:Processing Q9Y6R4 with model AF-Q9Y6R4-F1-model_v4.pdb
INFO:2025-10-30 15:10:40,989:Computing HSC features for: Q9Y6R4, ENST00000392142, ../Ntranos_Rotation/ESM-SaProt/AF-Q9Y6R4-F1-model_v4.pdb.gz
INFO:2025-10-30 15:12:24,153:Successfully computed HSC for Q9Y6R4.
INFO:2025-10-30 15:12:24,153:Processing Q9Y6R6 with model AF-Q9Y6R6-F1-model_v4.pdb
INFO:2025-10-30 15:12:24,282:Computing HSC features for: Q9Y6R6, ENST00000434248, ../Ntranos_Rotation/ESM-SaProt/AF-Q9Y6R6-F1-model_v4.pdb.gz
INFO:2025-10-30 15:13:13,346:Successfully computed HSC for Q9Y6R6.
INFO:2025-10-30 15:13:13,346:Processing Q9Y4X5 with model AF-Q9Y4X5-F1-model_v4.pdb
INFO:2025-10-30 15:13:13,470:Computing HSC features for: Q9Y4X5, ENST00000379887, ../Ntranos_Rotation/ESM-SaProt/AF-Q9Y4X5-F1-model_v4.pdb.gz
INFO:2025-10-30 15:14:14,764:Successfully computed HSC for Q9Y4X5.
INFO:2025-10-30 15:14:14,765:Processing Q9Y4Y9 with model AF-Q9Y4Y9-F1-model_v4.pdb
INFO:2025-10-30 15:14:14,801:Computing HSC features for: Q9Y4Y9, ENST00000450169, ../Ntranos_Rotation/ESM-SaProt/AF-Q9Y4Y9-F1-model_v4.pdb.gz
INFO:2025-10-30 15:14:23,510:Successfully computed HSC for Q9Y4Y9.
INFO:2025-10-30 15:14:23,510:Processing Q9Y4Z0 with model AF-Q9Y4Z0-F1-model_v4.pdb
INFO:2025-10-30 15:14:23,554:Computing HSC features for: Q9Y4Z0, ENST00000593829, ../Ntranos_Rotation/ESM-SaProt/AF-Q9Y4Z0-F1-model_v4.pdb.gz
INFO:2025-10-30 15:14:43,540:Successfully computed HSC for Q9Y4Z0.
INFO:2025-10-30 15:14:43,540:Processing Q9Y4Z2 with model AF-Q9Y4Z2-F1-model_v4.pdb
INFO:2025-10-30 15:14:43,607:Computing HSC features for: Q9Y4Z2, ENST00000242462, ../Ntranos_Rotation/ESM-SaProt/AF-Q9Y4Z2-F1-model_v4.pdb.gz
INFO:2025-10-30 15:15:20,697:Successfully computed HSC for Q9Y4Z2.
INFO:2025-10-30 15:15:20,697:Processing Q9Y508 with model AF-Q9Y508-F1-model_v4.pdb
INFO:2025-10-30 15:15:20,766:Computing HSC features for: Q9Y508, ENST00000244061, ../Ntranos_Rotation/ESM-SaProt/AF-Q9Y508-F1-model_v4.pdb.gz
INFO:2025-10-30 15:15:48,124:Successfully computed HSC for Q9Y508.
INFO:2025-10-30 15:15:48,124:Processing Q9Y512 with model AF-Q9Y512-F1-model_v4.pdb
INFO:2025-10-30 15:15:48,268:Computing HSC features for: Q9Y512, ENST00000350028, ../Ntranos_Rotation/ESM-SaProt/AF-Q9Y512-F1-model_v4.pdb.gz
INFO:2025-10-30 15:16:28,376:Successfully computed HSC for Q9Y512.
INFO:2025-10-30 15:16:28,376:Processing Q9Y519 with model AF-Q9Y519-F1-model_v4.pdb
INFO:2025-10-30 15:16:28,457:Computing HSC features for: Q9Y519, ENST00000361684, ../Ntranos_Rotation/ESM-SaProt/AF-Q9Y519-F1-model_v4.pdb.gz
INFO:2025-10-30 15:17:34,903:Successfully computed HSC for Q9Y519.
INFO:2025-10-30 15:17:34,903:Processing Q9Y520 with model AF-Q9Y520-F1-model_v4.pdb
ERROR:2025-10-30 15:17:35,199:No valid CDS found for Q9Y520
INFO:2025-10-30 15:17:35,199:Processing Q9Y530 with model AF-Q9Y530-F1-model_v4.pdb
INFO:2025-10-30 15:17:35,243:Computing HSC features for: Q9Y530, ENST00000424266, ../Ntranos_Rotation/ESM-SaProt/AF-Q9Y530-F1-model_v4.pdb.gz
INFO:2025-10-30 15:17:50,931:Successfully computed HSC for Q9Y530.
INFO:2025-10-30 15:17:50,931:Processing Q9Y534 with model AF-Q9Y534-F1-model_v4.pdb
INFO:2025-10-30 15:17:51,032:Computing HSC features for: Q9Y534, ENST00000306149, ../Ntranos_Rotation/ESM-SaProt/AF-Q9Y534-F1-model_v4.pdb.gz
INFO:2025-10-30 15:18:04,935:Successfully computed HSC for Q9Y534.
INFO:2025-10-30 15:18:04,935:Processing Q9Y535 with model AF-Q9Y535-F1-model_v4.pdb
INFO:2025-10-30 15:18:04,997:Computing HSC features for: Q9Y535, ENST00000355209, ../Ntranos_Rotation/ESM-SaProt/AF-Q9Y535-F1-model_v4.pdb.gz
INFO:2025-10-30 15:18:21,633:Successfully computed HSC for Q9Y535.
INFO:2025-10-30 15:18:21,633:Processing Q9Y536 with model AF-Q9Y536-F1-model_v4.pdb
ERROR:2025-10-30 15:18:21,673:No transcript record found for Q9Y536 in gnomAD.
INFO:2025-10-30 15:18:21,673:Processing Q9Y543 with model AF-Q9Y543-F1-model_v4.pdb
INFO:2025-10-30 15:18:21,728:Computing HSC features for: Q9Y543, ENST00000377834, ../Ntranos_Rotation/ESM-SaProt/AF-Q9Y543-F1-model_v4.pdb.gz
INFO:2025-10-30 15:18:43,278:Successfully computed HSC for Q9Y543.
INFO:2025-10-30 15:18:43,278:Processing Q9Y546 with model AF-Q9Y546-F1-model_v4.pdb
ERROR:2025-10-30 15:18:43,354:No transcript record found for Q9Y546 in gnomAD.
INFO:2025-10-30 15:18:43,355:Processing Q9Y547 with model AF-Q9Y547-F1-model_v4.pdb
INFO:2025-10-30 15:18:43,391:Computing HSC features for: Q9Y547, ENST00000194214, ../Ntranos_Rotation/ESM-SaProt/AF-Q9Y547-F1-model_v4.pdb.gz
INFO:2025-10-30 15:18:51,437:Successfully computed HSC for Q9Y547.
INFO:2025-10-30 15:18:51,437:Processing Q9Y548 with model AF-Q9Y548-F1-model_v4.pdb
INFO:2025-10-30 15:18:51,485:Computing HSC features for: Q9Y548, ENST00000072644, ../Ntranos_Rotation/ESM-SaProt/AF-Q9Y548-F1-model_v4.pdb.gz
INFO:2025-10-30 15:19:09,776:Successfully computed HSC for Q9Y548.
INFO:2025-10-30 15:19:09,776:Processing Q9Y561 with model AF-Q9Y561-F1-model_v4.pdb
INFO:2025-10-30 15:19:09,875:Computing HSC features for: Q9Y561, ENST00000276654, ../Ntranos_Rotation/ESM-SaProt/AF-Q9Y561-F1-model_v4.pdb.gz
INFO:2025-10-30 15:20:07,285:Successfully computed HSC for Q9Y561.
INFO:2025-10-30 15:20:07,286:Processing Q9Y566 with model AF-Q9Y566-F1-model_v4.pdb
INFO:2025-10-30 15:20:07,596:Computing HSC features for: Q9Y566, ENST00000293441, ../Ntranos_Rotation/ESM-SaProt/AF-Q9Y566-F1-model_v4.pdb.gz
INFO:2025-10-30 15:23:45,936:Successfully computed HSC for Q9Y566.
INFO:2025-10-30 15:23:45,937:Processing Q9Y570 with model AF-Q9Y570-F1-model_v4.pdb
INFO:2025-10-30 15:23:46,016:Computing HSC features for: Q9Y570, ENST00000328257, ../Ntranos_Rotation/ESM-SaProt/AF-Q9Y570-F1-model_v4.pdb.gz
INFO:2025-10-30 15:24:12,524:Successfully computed HSC for Q9Y570.
INFO:2025-10-30 15:24:12,525:Processing Q9Y572 with model AF-Q9Y572-F1-model_v4.pdb
INFO:2025-10-30 15:24:12,635:Computing HSC features for: Q9Y572, ENST00000216274, ../Ntranos_Rotation/ESM-SaProt/AF-Q9Y572-F1-model_v4.pdb.gz
INFO:2025-10-30 15:24:50,198:Successfully computed HSC for Q9Y572.
INFO:2025-10-30 15:24:50,198:Processing Q9Y573 with model AF-Q9Y573-F1-model_v4.pdb
INFO:2025-10-30 15:24:50,301:Computing HSC features for: Q9Y573, ENST00000396478, ../Ntranos_Rotation/ESM-SaProt/AF-Q9Y573-F1-model_v4.pdb.gz
INFO:2025-10-30 15:25:38,764:Successfully computed HSC for Q9Y573.
INFO:2025-10-30 15:25:38,764:Processing Q9Y574 with model AF-Q9Y574-F1-model_v4.pdb
INFO:2025-10-30 15:25:38,850:Computing HSC features for: Q9Y574, ENST00000325885, ../Ntranos_Rotation/ESM-SaProt/AF-Q9Y574-F1-model_v4.pdb.gz
INFO:2025-10-30 15:26:06,514:Successfully computed HSC for Q9Y574.
INFO:2025-10-30 15:26:06,514:Processing Q9Y575 with model AF-Q9Y575-F1-model_v4.pdb
INFO:2025-10-30 15:26:06,629:Computing HSC features for: Q9Y575, ENST00000406625, ../Ntranos_Rotation/ESM-SaProt/AF-Q9Y575-F1-model_v4.pdb.gz
INFO:2025-10-30 15:26:45,160:Successfully computed HSC for Q9Y575.
INFO:2025-10-30 15:26:45,161:Processing Q9Y576 with model AF-Q9Y576-F1-model_v4.pdb
INFO:2025-10-30 15:26:45,232:Computing HSC features for: Q9Y576, ENST00000264607, ../Ntranos_Rotation/ESM-SaProt/AF-Q9Y576-F1-model_v4.pdb.gz
INFO:2025-10-30 15:27:19,508:Successfully computed HSC for Q9Y576.
INFO:2025-10-30 15:27:19,508:Processing Q9Y577 with model AF-Q9Y577-F1-model_v4.pdb
INFO:2025-10-30 15:27:19,582:Computing HSC features for: Q9Y577, ENST00000295033, ../Ntranos_Rotation/ESM-SaProt/AF-Q9Y577-F1-model_v4.pdb.gz
INFO:2025-10-30 15:27:54,627:Successfully computed HSC for Q9Y577.
INFO:2025-10-30 15:27:54,627:Processing Q9Y580 with model AF-Q9Y580-F1-model_v4.pdb
INFO:2025-10-30 15:27:54,714:Computing HSC features for: Q9Y580, ENST00000540163, ../Ntranos_Rotation/ESM-SaProt/AF-Q9Y580-F1-model_v4.pdb.gz
INFO:2025-10-30 15:28:15,373:Successfully computed HSC for Q9Y580.
INFO:2025-10-30 15:28:15,373:Processing Q9Y581 with model AF-Q9Y581-F1-model_v4.pdb
INFO:2025-10-30 15:28:15,462:Computing HSC features for: Q9Y581, ENST00000381641, ../Ntranos_Rotation/ESM-SaProt/AF-Q9Y581-F1-model_v4.pdb.gz
INFO:2025-10-30 15:28:37,809:Successfully computed HSC for Q9Y581.
INFO:2025-10-30 15:28:37,810:Processing Q9Y584 with model AF-Q9Y584-F1-model_v4.pdb
INFO:2025-10-30 15:28:37,858:Computing HSC features for: Q9Y584, ENST00000327158, ../Ntranos_Rotation/ESM-SaProt/AF-Q9Y584-F1-model_v4.pdb.gz
INFO:2025-10-30 15:29:01,876:Successfully computed HSC for Q9Y584.
INFO:2025-10-30 15:29:01,876:Processing Q9Y5B0 with model AF-Q9Y5B0-F1-model_v4.pdb
ERROR:2025-10-30 15:29:02,044:No transcript record found for Q9Y5B0 in gnomAD.
INFO:2025-10-30 15:29:02,044:Processing Q9Y6G3 with model AF-Q9Y6G3-F1-model_v4.pdb
INFO:2025-10-30 15:29:02,117:Computing HSC features for: Q9Y6G3, ENST00000549982, ../Ntranos_Rotation/ESM-SaProt/AF-Q9Y6G3-F1-model_v4.pdb.gz
INFO:2025-10-30 15:29:14,682:Successfully computed HSC for Q9Y6G3.
INFO:2025-10-30 15:29:14,682:Processing Q9Y6G5 with model AF-Q9Y6G5-F1-model_v4.pdb
INFO:2025-10-30 15:29:14,776:Computing HSC features for: Q9Y6G5, ENST00000274458, ../Ntranos_Rotation/ESM-SaProt/AF-Q9Y6G5-F1-model_v4.pdb.gz
INFO:2025-10-30 15:29:33,191:Successfully computed HSC for Q9Y6G5.
INFO:2025-10-30 15:29:33,191:Processing Q9Y6G9 with model AF-Q9Y6G9-F1-model_v4.pdb
INFO:2025-10-30 15:29:33,291:Computing HSC features for: Q9Y6G9, ENST00000273130, ../Ntranos_Rotation/ESM-SaProt/AF-Q9Y6G9-F1-model_v4.pdb.gz
INFO:2025-10-30 15:30:05,883:Successfully computed HSC for Q9Y6G9.
INFO:2025-10-30 15:30:05,883:Processing Q9Y6H1 with model AF-Q9Y6H1-F1-model_v4.pdb
INFO:2025-10-30 15:30:05,929:Computing HSC features for: Q9Y6H1, ENST00000395422, ../Ntranos_Rotation/ESM-SaProt/AF-Q9Y6H1-F1-model_v4.pdb.gz
INFO:2025-10-30 15:30:17,276:Successfully computed HSC for Q9Y6H1.
INFO:2025-10-30 15:30:17,276:Processing Q9Y6H3 with model AF-Q9Y6H3-F1-model_v4.pdb
INFO:2025-10-30 15:30:17,325:Computing HSC features for: Q9Y6H3, ENST00000300145, ../Ntranos_Rotation/ESM-SaProt/AF-Q9Y6H3-F1-model_v4.pdb.gz
INFO:2025-10-30 15:30:33,432:Successfully computed HSC for Q9Y6H3.
INFO:2025-10-30 15:30:33,432:Processing Q9Y6H5 with model AF-Q9Y6H5-F1-model_v4.pdb
INFO:2025-10-30 15:30:33,535:Computing HSC features for: Q9Y6H5, ENST00000261368, ../Ntranos_Rotation/ESM-SaProt/AF-Q9Y6H5-F1-model_v4.pdb.gz
INFO:2025-10-30 15:31:28,372:Successfully computed HSC for Q9Y6H5.
INFO:2025-10-30 15:31:28,372:Processing Q9Y6H6 with model AF-Q9Y6H6-F1-model_v4.pdb
INFO:2025-10-30 15:31:28,417:Computing HSC features for: Q9Y6H6, ENST00000310128, ../Ntranos_Rotation/ESM-SaProt/AF-Q9Y6H6-F1-model_v4.pdb.gz
INFO:2025-10-30 15:31:35,718:Successfully computed HSC for Q9Y6H6.
INFO:2025-10-30 15:31:35,718:Processing Q9Y6H8 with model AF-Q9Y6H8-F1-model_v4.pdb
INFO:2025-10-30 15:31:35,785:Computing HSC features for: Q9Y6H8, ENST00000241125, ../Ntranos_Rotation/ESM-SaProt/AF-Q9Y6H8-F1-model_v4.pdb.gz
INFO:2025-10-30 15:32:21,252:Successfully computed HSC for Q9Y6H8.
INFO:2025-10-30 15:32:21,252:Processing Q9Y6I3 with model AF-Q9Y6I3-F1-model_v4.pdb
INFO:2025-10-30 15:32:21,368:Computing HSC features for: Q9Y6I3, ENST00000270460, ../Ntranos_Rotation/ESM-SaProt/AF-Q9Y6I3-F1-model_v4.pdb.gz
INFO:2025-10-30 15:33:15,810:Successfully computed HSC for Q9Y6I3.
INFO:2025-10-30 15:33:15,810:Pipeline completed.
INFO:2025-10-30 15:33:15,810:no_enst_for_uniprot: 0
INFO:2025-10-30 15:33:15,810:no_valid_cds: 1
INFO:2025-10-30 15:33:15,810:no_variant_data: 3
INFO:2025-10-30 15:33:15,810:bad_structure: 0
INFO:2025-10-30 15:33:15,810:no_enst_mp: 0
