INFO:2025-10-30 14:27:04,040:Starting HSC computation pipeline...
INFO:2025-10-30 14:27:58,182:Processing Q96NL8 with model AF-Q96NL8-F1-model_v4.pdb
INFO:2025-10-30 14:27:58,261:Computing HSC features for: Q96NL8, ENST00000286688, ../Ntranos_Rotation/ESM-SaProt/AF-Q96NL8-F1-model_v4.pdb.gz
INFO:2025-10-30 14:28:14,823:Successfully computed HSC for Q96NL8.
INFO:2025-10-30 14:28:14,823:Processing Q96NM4 with model AF-Q96NM4-F1-model_v4.pdb
INFO:2025-10-30 14:28:14,897:Computing HSC features for: Q96NM4, ENST00000358131, ../Ntranos_Rotation/ESM-SaProt/AF-Q96NM4-F1-model_v4.pdb.gz
INFO:2025-10-30 14:28:59,556:Successfully computed HSC for Q96NM4.
INFO:2025-10-30 14:28:59,556:Processing Q96NN9 with model AF-Q96NN9-F1-model_v4.pdb
INFO:2025-10-30 14:28:59,668:Computing HSC features for: Q96NN9, ENST00000399167, ../Ntranos_Rotation/ESM-SaProt/AF-Q96NN9-F1-model_v4.pdb.gz
INFO:2025-10-30 14:29:57,007:Successfully computed HSC for Q96NN9.
INFO:2025-10-30 14:29:57,008:Processing Q96NR2 with model AF-Q96NR2-F1-model_v4.pdb
ERROR:2025-10-30 14:29:57,079:No ENST transcript IDs were mapped to Q96NR2
INFO:2025-10-30 14:29:57,079:Processing Q96PV4 with model AF-Q96PV4-F1-model_v4.pdb
ERROR:2025-10-30 14:29:57,193:No transcript record found for Q96PV4 in gnomAD.
INFO:2025-10-30 14:29:57,194:Processing Q96PV6 with model AF-Q96PV6-F1-model_v4.pdb
INFO:2025-10-30 14:29:57,337:Computing HSC features for: Q96PV6, ENST00000326764, ../Ntranos_Rotation/ESM-SaProt/AF-Q96PV6-F1-model_v4.pdb.gz
INFO:2025-10-30 14:31:16,469:Successfully computed HSC for Q96PV6.
INFO:2025-10-30 14:31:16,469:Processing Q96PV7 with model AF-Q96PV7-F1-model_v4.pdb
ERROR:2025-10-30 14:31:16,640:No valid CDS found for Q96PV7
INFO:2025-10-30 14:31:16,640:Processing Q96PX1 with model AF-Q96PX1-F1-model_v4.pdb
INFO:2025-10-30 14:31:16,784:Computing HSC features for: Q96PX1, ENST00000269391, ../Ntranos_Rotation/ESM-SaProt/AF-Q96PX1-F1-model_v4.pdb.gz
INFO:2025-10-30 14:32:13,734:Successfully computed HSC for Q96PX1.
INFO:2025-10-30 14:32:13,734:Processing Q96PX6 with model AF-Q96PX6-F1-model_v4.pdb
INFO:2025-10-30 14:32:13,826:Computing HSC features for: Q96PX6, ENST00000407595, ../Ntranos_Rotation/ESM-SaProt/AF-Q96PX6-F1-model_v4.pdb.gz
INFO:2025-10-30 14:33:05,793:Successfully computed HSC for Q96PX6.
INFO:2025-10-30 14:33:05,793:Processing Q96PX8 with model AF-Q96PX8-F1-model_v4.pdb
INFO:2025-10-30 14:33:05,889:Computing HSC features for: Q96PX8, ENST00000377084, ../Ntranos_Rotation/ESM-SaProt/AF-Q96PX8-F1-model_v4.pdb.gz
INFO:2025-10-30 14:34:04,474:Successfully computed HSC for Q96PX8.
INFO:2025-10-30 14:34:04,475:Processing Q96PX9 with model AF-Q96PX9-F1-model_v4.pdb
INFO:2025-10-30 14:34:04,638:Computing HSC features for: Q96PX9, ENST00000283426, ../Ntranos_Rotation/ESM-SaProt/AF-Q96PX9-F1-model_v4.pdb.gz
INFO:2025-10-30 14:35:57,524:Successfully computed HSC for Q96PX9.
INFO:2025-10-30 14:35:57,524:Processing Q96PY0 with model AF-Q96PY0-F1-model_v4.pdb
ERROR:2025-10-30 14:35:57,583:No ENST transcript IDs were mapped to Q96PY0
INFO:2025-10-30 14:35:57,583:Processing Q96PY5 with model AF-Q96PY5-F1-model_v4.pdb
ERROR:2025-10-30 14:35:57,753:No valid CDS found for Q96PY5
INFO:2025-10-30 14:35:57,754:Processing Q96PY6 with model AF-Q96PY6-F1-model_v4.pdb
INFO:2025-10-30 14:35:57,993:Computing HSC features for: Q96PY6, ENST00000439128, ../Ntranos_Rotation/ESM-SaProt/AF-Q96PY6-F1-model_v4.pdb.gz
INFO:2025-10-30 14:37:12,246:Successfully computed HSC for Q96PY6.
INFO:2025-10-30 14:37:12,246:Processing Q96PZ0 with model AF-Q96PZ0-F1-model_v4.pdb
INFO:2025-10-30 14:37:12,326:Computing HSC features for: Q96PZ0, ENST00000356362, ../Ntranos_Rotation/ESM-SaProt/AF-Q96PZ0-F1-model_v4.pdb.gz
INFO:2025-10-30 14:37:54,337:Successfully computed HSC for Q96PZ0.
INFO:2025-10-30 14:37:54,337:Processing Q96PZ2 with model AF-Q96PZ2-F1-model_v4.pdb
INFO:2025-10-30 14:37:54,415:Computing HSC features for: Q96PZ2, ENST00000361723, ../Ntranos_Rotation/ESM-SaProt/AF-Q96PZ2-F1-model_v4.pdb.gz
INFO:2025-10-30 14:38:31,055:Successfully computed HSC for Q96PZ2.
INFO:2025-10-30 14:38:31,055:Processing Q96PZ7 with model AF-Q96PZ7-F1-model_v4.pdb
ERROR:2025-10-30 14:38:31,691:No valid CDS found for Q96PZ7
INFO:2025-10-30 14:38:31,691:Processing Q96Q04 with model AF-Q96Q04-F1-model_v4.pdb
INFO:2025-10-30 14:38:31,902:Computing HSC features for: Q96Q04, ENST00000600059, ../Ntranos_Rotation/ESM-SaProt/AF-Q96Q04-F1-model_v4.pdb.gz
INFO:2025-10-30 14:41:31,564:Successfully computed HSC for Q96Q04.
INFO:2025-10-30 14:41:31,564:Processing Q96PC3 with model AF-Q96PC3-F1-model_v4.pdb
INFO:2025-10-30 14:41:31,617:Computing HSC features for: Q96PC3, ENST00000446015, ../Ntranos_Rotation/ESM-SaProt/AF-Q96PC3-F1-model_v4.pdb.gz
INFO:2025-10-30 14:41:42,048:Successfully computed HSC for Q96PC3.
INFO:2025-10-30 14:41:42,048:Processing Q96PC5 with model AF-Q96PC5-F1-model_v4.pdb
ERROR:2025-10-30 14:41:42,332:No transcript record found for Q96PC5 in gnomAD.
INFO:2025-10-30 14:41:42,332:Processing Q96PD2 with model AF-Q96PD2-F1-model_v4.pdb
INFO:2025-10-30 14:41:42,464:Computing HSC features for: Q96PD2, ENST00000326840, ../Ntranos_Rotation/ESM-SaProt/AF-Q96PD2-F1-model_v4.pdb.gz
INFO:2025-10-30 14:42:37,784:Successfully computed HSC for Q96PD2.
INFO:2025-10-30 14:42:37,784:Processing Q96PD4 with model AF-Q96PD4-F1-model_v4.pdb
ERROR:2025-10-30 14:42:37,826:No transcript record found for Q96PD4 in gnomAD.
INFO:2025-10-30 14:42:37,826:Processing Q96PD5 with model AF-Q96PD5-F1-model_v4.pdb
INFO:2025-10-30 14:42:37,911:Computing HSC features for: Q96PD5, ENST00000340880, ../Ntranos_Rotation/ESM-SaProt/AF-Q96PD5-F1-model_v4.pdb.gz
INFO:2025-10-30 14:43:32,133:Successfully computed HSC for Q96PD5.
INFO:2025-10-30 14:43:32,133:Processing Q96PD6 with model AF-Q96PD6-F1-model_v4.pdb
INFO:2025-10-30 14:43:32,202:Computing HSC features for: Q96PD6, ENST00000446656, ../Ntranos_Rotation/ESM-SaProt/AF-Q96PD6-F1-model_v4.pdb.gz
INFO:2025-10-30 14:44:04,784:Successfully computed HSC for Q96PD6.
INFO:2025-10-30 14:44:04,784:Processing Q96PD7 with model AF-Q96PD7-F1-model_v4.pdb
INFO:2025-10-30 14:44:04,857:Computing HSC features for: Q96PD7, ENST00000228027, ../Ntranos_Rotation/ESM-SaProt/AF-Q96PD7-F1-model_v4.pdb.gz
INFO:2025-10-30 14:44:49,386:Successfully computed HSC for Q96PD7.
INFO:2025-10-30 14:44:49,386:Processing Q96PE1 with model AF-Q96PE1-F1-model_v4.pdb
INFO:2025-10-30 14:44:49,602:Computing HSC features for: Q96PE1, ENST00000412232, ../Ntranos_Rotation/ESM-SaProt/AF-Q96PE1-F1-model_v4.pdb.gz
INFO:2025-10-30 14:47:20,796:Successfully computed HSC for Q96PE1.
INFO:2025-10-30 14:47:20,796:Processing Q96PE2 with model AF-Q96PE2-F1-model_v4.pdb
INFO:2025-10-30 14:47:21,096:Computing HSC features for: Q96PE2, ENST00000263674, ../Ntranos_Rotation/ESM-SaProt/AF-Q96PE2-F1-model_v4.pdb.gz
INFO:2025-10-30 14:51:28,188:Successfully computed HSC for Q96PE2.
INFO:2025-10-30 14:51:28,188:Processing Q96PE3 with model AF-Q96PE3-F1-model_v4.pdb
INFO:2025-10-30 14:51:28,348:Computing HSC features for: Q96PE3, ENST00000523221, ../Ntranos_Rotation/ESM-SaProt/AF-Q96PE3-F1-model_v4.pdb.gz
INFO:2025-10-30 14:52:55,320:Successfully computed HSC for Q96PE3.
INFO:2025-10-30 14:52:55,320:Processing Q96PE5 with model AF-Q96PE5-F1-model_v4.pdb
INFO:2025-10-30 14:52:55,509:Computing HSC features for: Q96PE5, ENST00000371172, ../Ntranos_Rotation/ESM-SaProt/AF-Q96PE5-F1-model_v4.pdb.gz
INFO:2025-10-30 14:53:10,875:Successfully computed HSC for Q96PE5.
INFO:2025-10-30 14:53:10,875:Processing Q96PE6 with model AF-Q96PE6-F1-model_v4.pdb
INFO:2025-10-30 14:53:10,962:Computing HSC features for: Q96PE6, ENST00000269834, ../Ntranos_Rotation/ESM-SaProt/AF-Q96PE6-F1-model_v4.pdb.gz
INFO:2025-10-30 14:53:42,494:Successfully computed HSC for Q96PE6.
INFO:2025-10-30 14:53:42,494:Processing Q96PE7 with model AF-Q96PE7-F1-model_v4.pdb
INFO:2025-10-30 14:53:42,534:Computing HSC features for: Q96PE7, ENST00000244217, ../Ntranos_Rotation/ESM-SaProt/AF-Q96PE7-F1-model_v4.pdb.gz
INFO:2025-10-30 14:53:54,454:Successfully computed HSC for Q96PE7.
INFO:2025-10-30 14:53:54,454:Processing Q96PF1 with model AF-Q96PF1-F1-model_v4.pdb
INFO:2025-10-30 14:53:54,544:Computing HSC features for: Q96PF1, ENST00000452443, ../Ntranos_Rotation/ESM-SaProt/AF-Q96PF1-F1-model_v4.pdb.gz
INFO:2025-10-30 14:54:50,317:Successfully computed HSC for Q96PF1.
INFO:2025-10-30 14:54:50,317:Processing Q96PF2 with model AF-Q96PF2-F1-model_v4.pdb
INFO:2025-10-30 14:54:50,374:Computing HSC features for: Q96PF2, ENST00000399635, ../Ntranos_Rotation/ESM-SaProt/AF-Q96PF2-F1-model_v4.pdb.gz
INFO:2025-10-30 14:55:22,797:Successfully computed HSC for Q96PF2.
INFO:2025-10-30 14:55:22,797:Processing Q96PG1 with model AF-Q96PG1-F1-model_v4.pdb
INFO:2025-10-30 14:55:22,848:Computing HSC features for: Q96PG1, ENST00000398984, ../Ntranos_Rotation/ESM-SaProt/AF-Q96PG1-F1-model_v4.pdb.gz
INFO:2025-10-30 14:55:34,525:Successfully computed HSC for Q96PG1.
INFO:2025-10-30 14:55:34,525:Processing Q96PG2 with model AF-Q96PG2-F1-model_v4.pdb
INFO:2025-10-30 14:55:34,604:Computing HSC features for: Q96PG2, ENST00000308287, ../Ntranos_Rotation/ESM-SaProt/AF-Q96PG2-F1-model_v4.pdb.gz
INFO:2025-10-30 14:55:56,575:Successfully computed HSC for Q96PG2.
INFO:2025-10-30 14:55:56,575:Processing Q96PG8 with model AF-Q96PG8-F1-model_v4.pdb
INFO:2025-10-30 14:55:56,785:Computing HSC features for: Q96PG8, ENST00000449228, ../Ntranos_Rotation/ESM-SaProt/AF-Q96PG8-F1-model_v4.pdb.gz
INFO:2025-10-30 14:56:36,654:Successfully computed HSC for Q96PG8.
INFO:2025-10-30 14:56:36,654:Processing Q96PH1 with model AF-Q96PH1-F1-model_v4.pdb
INFO:2025-10-30 14:56:36,742:Computing HSC features for: Q96PH1, ENST00000388866, ../Ntranos_Rotation/ESM-SaProt/AF-Q96PH1-F1-model_v4.pdb.gz
INFO:2025-10-30 14:57:39,788:Successfully computed HSC for Q96PH1.
INFO:2025-10-30 14:57:39,788:Processing Q96PH6 with model AF-Q96PH6-F1-model_v4.pdb
INFO:2025-10-30 14:57:39,826:Computing HSC features for: Q96PH6, ENST00000253381, ../Ntranos_Rotation/ESM-SaProt/AF-Q96PH6-F1-model_v4.pdb.gz
INFO:2025-10-30 14:57:47,455:Successfully computed HSC for Q96PH6.
INFO:2025-10-30 14:57:47,455:Processing Q96PI1 with model AF-Q96PI1-F1-model_v4.pdb
INFO:2025-10-30 14:57:47,484:Computing HSC features for: Q96PI1, ENST00000328051, ../Ntranos_Rotation/ESM-SaProt/AF-Q96PI1-F1-model_v4.pdb.gz
INFO:2025-10-30 14:57:52,476:Successfully computed HSC for Q96PI1.
INFO:2025-10-30 14:57:52,476:Processing Q96PJ5 with model AF-Q96PJ5-F1-model_v4.pdb
INFO:2025-10-30 14:57:52,546:Computing HSC features for: Q96PJ5, ENST00000271532, ../Ntranos_Rotation/ESM-SaProt/AF-Q96PJ5-F1-model_v4.pdb.gz
INFO:2025-10-30 14:58:26,119:Successfully computed HSC for Q96PJ5.
INFO:2025-10-30 14:58:26,119:Processing Q96PK6 with model AF-Q96PK6-F1-model_v4.pdb
INFO:2025-10-30 14:58:26,202:Computing HSC features for: Q96PK6, ENST00000310137, ../Ntranos_Rotation/ESM-SaProt/AF-Q96PK6-F1-model_v4.pdb.gz
INFO:2025-10-30 14:59:31,106:Successfully computed HSC for Q96PK6.
INFO:2025-10-30 14:59:31,106:Processing Q96PL1 with model AF-Q96PL1-F1-model_v4.pdb
INFO:2025-10-30 14:59:31,137:Computing HSC features for: Q96PL1, ENST00000296694, ../Ntranos_Rotation/ESM-SaProt/AF-Q96PL1-F1-model_v4.pdb.gz
INFO:2025-10-30 14:59:36,274:Successfully computed HSC for Q96PL1.
INFO:2025-10-30 14:59:36,274:Processing Q96PL2 with model AF-Q96PL2-F1-model_v4.pdb
INFO:2025-10-30 14:59:36,355:Computing HSC features for: Q96PL2, ENST00000369422, ../Ntranos_Rotation/ESM-SaProt/AF-Q96PL2-F1-model_v4.pdb.gz
INFO:2025-10-30 15:00:10,910:Successfully computed HSC for Q96PL2.
INFO:2025-10-30 15:00:10,911:Processing Q96PL5 with model AF-Q96PL5-F1-model_v4.pdb
INFO:2025-10-30 15:00:10,994:Computing HSC features for: Q96PL5, ENST00000372514, ../Ntranos_Rotation/ESM-SaProt/AF-Q96PL5-F1-model_v4.pdb.gz
INFO:2025-10-30 15:00:59,049:Successfully computed HSC for Q96PL5.
INFO:2025-10-30 15:00:59,049:Processing Q96PM5 with model AF-Q96PM5-F1-model_v4.pdb
INFO:2025-10-30 15:00:59,108:Computing HSC features for: Q96PM5, ENST00000324439, ../Ntranos_Rotation/ESM-SaProt/AF-Q96PM5-F1-model_v4.pdb.gz
INFO:2025-10-30 15:01:24,912:Successfully computed HSC for Q96PM5.
INFO:2025-10-30 15:01:24,912:Processing Q96PM9 with model AF-Q96PM9-F1-model_v4.pdb
INFO:2025-10-30 15:01:24,997:Computing HSC features for: Q96PM9, ENST00000338010, ../Ntranos_Rotation/ESM-SaProt/AF-Q96PM9-F1-model_v4.pdb.gz
INFO:2025-10-30 15:01:58,175:Successfully computed HSC for Q96PM9.
INFO:2025-10-30 15:01:58,175:Processing Q96PN6 with model AF-Q96PN6-F1-model_v4.pdb
INFO:2025-10-30 15:01:58,349:Computing HSC features for: Q96PN6, ENST00000367851, ../Ntranos_Rotation/ESM-SaProt/AF-Q96PN6-F1-model_v4.pdb.gz
INFO:2025-10-30 15:03:33,174:Successfully computed HSC for Q96PN6.
INFO:2025-10-30 15:03:33,174:Processing Q96PN7 with model AF-Q96PN7-F1-model_v4.pdb
ERROR:2025-10-30 15:03:33,298:No transcript record found for Q96PN7 in gnomAD.
INFO:2025-10-30 15:03:33,298:Processing Q96PN8 with model AF-Q96PN8-F1-model_v4.pdb
INFO:2025-10-30 15:03:33,353:Computing HSC features for: Q96PN8, ENST00000373534, ../Ntranos_Rotation/ESM-SaProt/AF-Q96PN8-F1-model_v4.pdb.gz
INFO:2025-10-30 15:03:52,575:Successfully computed HSC for Q96PN8.
INFO:2025-10-30 15:03:52,575:Processing Q96PP4 with model AF-Q96PP4-F1-model_v4.pdb
INFO:2025-10-30 15:03:52,625:Computing HSC features for: Q96PP4, ENST00000356588, ../Ntranos_Rotation/ESM-SaProt/AF-Q96PP4-F1-model_v4.pdb.gz
INFO:2025-10-30 15:04:11,694:Successfully computed HSC for Q96PP4.
INFO:2025-10-30 15:04:11,694:Pipeline completed.
INFO:2025-10-30 15:04:11,694:no_enst_for_uniprot: 2
INFO:2025-10-30 15:04:11,694:no_valid_cds: 3
INFO:2025-10-30 15:04:11,694:no_variant_data: 4
INFO:2025-10-30 15:04:11,694:bad_structure: 0
INFO:2025-10-30 15:04:11,694:no_enst_mp: 0
