INFO:2025-10-30 14:26:02,729:Starting HSC computation pipeline...
INFO:2025-10-30 14:26:48,584:Processing Q8N987 with model AF-Q8N987-F1-model_v4.pdb
INFO:2025-10-30 14:26:48,666:Computing HSC features for: Q8N987, ENST00000417640, ../Ntranos_Rotation/ESM-SaProt/AF-Q8N987-F1-model_v4.pdb.gz
INFO:2025-10-30 14:27:17,827:Successfully computed HSC for Q8N987.
INFO:2025-10-30 14:27:17,827:Processing Q8N988 with model AF-Q8N988-F1-model_v4.pdb
INFO:2025-10-30 14:27:17,948:Computing HSC features for: Q8N988, ENST00000414706, ../Ntranos_Rotation/ESM-SaProt/AF-Q8N988-F1-model_v4.pdb.gz
INFO:2025-10-30 14:27:51,359:Successfully computed HSC for Q8N988.
INFO:2025-10-30 14:27:51,359:Processing Q8N998 with model AF-Q8N998-F1-model_v4.pdb
INFO:2025-10-30 14:27:51,494:Computing HSC features for: Q8N998, ENST00000316398, ../Ntranos_Rotation/ESM-SaProt/AF-Q8N998-F1-model_v4.pdb.gz
INFO:2025-10-30 14:28:18,768:Successfully computed HSC for Q8N998.
INFO:2025-10-30 14:28:18,768:Processing Q8N999 with model AF-Q8N999-F1-model_v4.pdb
INFO:2025-10-30 14:28:18,839:Computing HSC features for: Q8N999, ENST00000356891, ../Ntranos_Rotation/ESM-SaProt/AF-Q8N999-F1-model_v4.pdb.gz
INFO:2025-10-30 14:28:41,657:Successfully computed HSC for Q8N999.
INFO:2025-10-30 14:28:41,657:Processing Q8N9A8 with model AF-Q8N9A8-F1-model_v4.pdb
INFO:2025-10-30 14:28:41,727:Computing HSC features for: Q8N9A8, ENST00000427478, ../Ntranos_Rotation/ESM-SaProt/AF-Q8N9A8-F1-model_v4.pdb.gz
INFO:2025-10-30 14:28:50,835:Successfully computed HSC for Q8N9A8.
INFO:2025-10-30 14:28:50,835:Processing Q8N9B4 with model AF-Q8N9B4-F1-model_v4.pdb
INFO:2025-10-30 14:28:50,902:Computing HSC features for: Q8N9B4, ENST00000393392, ../Ntranos_Rotation/ESM-SaProt/AF-Q8N9B4-F1-model_v4.pdb.gz
INFO:2025-10-30 14:29:14,017:Successfully computed HSC for Q8N9B4.
INFO:2025-10-30 14:29:14,017:Processing Q8N9B5 with model AF-Q8N9B5-F1-model_v4.pdb
INFO:2025-10-30 14:29:14,150:Computing HSC features for: Q8N9B5, ENST00000396137, ../Ntranos_Rotation/ESM-SaProt/AF-Q8N9B5-F1-model_v4.pdb.gz
INFO:2025-10-30 14:30:43,369:Successfully computed HSC for Q8N9B5.
INFO:2025-10-30 14:30:43,369:Processing Q8N9B8 with model AF-Q8N9B8-F1-model_v4.pdb
INFO:2025-10-30 14:30:43,468:Computing HSC features for: Q8N9B8, ENST00000395809, ../Ntranos_Rotation/ESM-SaProt/AF-Q8N9B8-F1-model_v4.pdb.gz
INFO:2025-10-30 14:31:21,885:Successfully computed HSC for Q8N9B8.
INFO:2025-10-30 14:31:21,885:Processing Q8N9C0 with model AF-Q8N9C0-F1-model_v4.pdb
ERROR:2025-10-30 14:31:22,051:No transcript record found for Q8N9C0 in gnomAD.
INFO:2025-10-30 14:31:22,051:Processing Q8N9E0 with model AF-Q8N9E0-F1-model_v4.pdb
INFO:2025-10-30 14:31:22,129:Computing HSC features for: Q8N9E0, ENST00000322139, ../Ntranos_Rotation/ESM-SaProt/AF-Q8N9E0-F1-model_v4.pdb.gz
INFO:2025-10-30 14:31:42,347:Successfully computed HSC for Q8N9E0.
INFO:2025-10-30 14:31:42,347:Processing Q8N9F0 with model AF-Q8N9F0-F1-model_v4.pdb
INFO:2025-10-30 14:31:42,418:Computing HSC features for: Q8N9F0, ENST00000423729, ../Ntranos_Rotation/ESM-SaProt/AF-Q8N9F0-F1-model_v4.pdb.gz
INFO:2025-10-30 14:32:26,870:Successfully computed HSC for Q8N9F0.
INFO:2025-10-30 14:32:26,870:Processing Q8N9F7 with model AF-Q8N9F7-F1-model_v4.pdb
INFO:2025-10-30 14:32:26,956:Computing HSC features for: Q8N9F7, ENST00000284116, ../Ntranos_Rotation/ESM-SaProt/AF-Q8N9F7-F1-model_v4.pdb.gz
INFO:2025-10-30 14:32:47,750:Successfully computed HSC for Q8N9F7.
INFO:2025-10-30 14:32:47,750:Processing Q8N9F8 with model AF-Q8N9F8-F1-model_v4.pdb
INFO:2025-10-30 14:32:47,829:Computing HSC features for: Q8N9F8, ENST00000320129, ../Ntranos_Rotation/ESM-SaProt/AF-Q8N9F8-F1-model_v4.pdb.gz
INFO:2025-10-30 14:33:17,867:Successfully computed HSC for Q8N9F8.
INFO:2025-10-30 14:33:17,867:Processing Q8N9G6 with model AF-Q8N9G6-F1-model_v4.pdb
ERROR:2025-10-30 14:33:17,952:No ENST transcript IDs were mapped to Q8N9G6
INFO:2025-10-30 14:33:17,952:Processing Q8N9H6 with model AF-Q8N9H6-F1-model_v4.pdb
ERROR:2025-10-30 14:33:18,018:No ENST transcript IDs were mapped to Q8N9H6
INFO:2025-10-30 14:33:18,018:Processing Q8N9H8 with model AF-Q8N9H8-F1-model_v4.pdb
INFO:2025-10-30 14:33:18,236:Computing HSC features for: Q8N9H8, ENST00000340951, ../Ntranos_Rotation/ESM-SaProt/AF-Q8N9H8-F1-model_v4.pdb.gz
INFO:2025-10-30 14:35:08,660:Successfully computed HSC for Q8N9H8.
INFO:2025-10-30 14:35:08,660:Processing Q8N9H9 with model AF-Q8N9H9-F1-model_v4.pdb
ERROR:2025-10-30 14:35:08,785:No ENST transcript IDs were mapped to Q8N9H9
INFO:2025-10-30 14:35:08,785:Processing Q8N9I0 with model AF-Q8N9I0-F1-model_v4.pdb
INFO:2025-10-30 14:35:08,850:Computing HSC features for: Q8N9I0, ENST00000367267, ../Ntranos_Rotation/ESM-SaProt/AF-Q8N9I0-F1-model_v4.pdb.gz
INFO:2025-10-30 14:35:40,268:Successfully computed HSC for Q8N9I0.
INFO:2025-10-30 14:35:40,268:Processing Q8N9I5 with model AF-Q8N9I5-F1-model_v4.pdb
ERROR:2025-10-30 14:35:40,341:No ENST transcript IDs were mapped to Q8N9I5
INFO:2025-10-30 14:35:40,341:Processing Q8N9I9 with model AF-Q8N9I9-F1-model_v4.pdb
INFO:2025-10-30 14:35:40,412:Computing HSC features for: Q8N9I9, ENST00000337737, ../Ntranos_Rotation/ESM-SaProt/AF-Q8N9I9-F1-model_v4.pdb.gz
INFO:2025-10-30 14:36:15,556:Successfully computed HSC for Q8N9I9.
INFO:2025-10-30 14:36:15,556:Processing Q8N9K5 with model AF-Q8N9K5-F1-model_v4.pdb
INFO:2025-10-30 14:36:15,697:Computing HSC features for: Q8N9K5, ENST00000355114, ../Ntranos_Rotation/ESM-SaProt/AF-Q8N9K5-F1-model_v4.pdb.gz
INFO:2025-10-30 14:36:52,704:Successfully computed HSC for Q8N9K5.
INFO:2025-10-30 14:36:52,704:Processing Q8N9L1 with model AF-Q8N9L1-F1-model_v4.pdb
INFO:2025-10-30 14:36:52,757:Computing HSC features for: Q8N9L1, ENST00000383075, ../Ntranos_Rotation/ESM-SaProt/AF-Q8N9L1-F1-model_v4.pdb.gz
INFO:2025-10-30 14:37:32,517:Successfully computed HSC for Q8N9L1.
INFO:2025-10-30 14:37:32,517:Processing Q8N9L7 with model AF-Q8N9L7-F1-model_v4.pdb
ERROR:2025-10-30 14:37:32,544:No ENST transcript IDs were mapped to Q8N9L7
INFO:2025-10-30 14:37:32,544:Processing Q8N9L9 with model AF-Q8N9L9-F1-model_v4.pdb
INFO:2025-10-30 14:37:32,630:Computing HSC features for: Q8N9L9, ENST00000326303, ../Ntranos_Rotation/ESM-SaProt/AF-Q8N9L9-F1-model_v4.pdb.gz
INFO:2025-10-30 14:38:11,856:Successfully computed HSC for Q8N9L9.
INFO:2025-10-30 14:38:11,856:Processing Q8N9M1 with model AF-Q8N9M1-F1-model_v4.pdb
INFO:2025-10-30 14:38:11,914:Computing HSC features for: Q8N9M1, ENST00000582783, ../Ntranos_Rotation/ESM-SaProt/AF-Q8N9M1-F1-model_v4.pdb.gz
INFO:2025-10-30 14:38:50,038:Successfully computed HSC for Q8N9M1.
INFO:2025-10-30 14:38:50,038:Processing Q8N9M5 with model AF-Q8N9M5-F1-model_v4.pdb
INFO:2025-10-30 14:38:50,126:Computing HSC features for: Q8N9M5, ENST00000323206, ../Ntranos_Rotation/ESM-SaProt/AF-Q8N9M5-F1-model_v4.pdb.gz
INFO:2025-10-30 14:39:53,913:Successfully computed HSC for Q8N9M5.
INFO:2025-10-30 14:39:53,913:Processing Q8N9N2 with model AF-Q8N9N2-F1-model_v4.pdb
INFO:2025-10-30 14:39:54,022:Computing HSC features for: Q8N9N2, ENST00000342444, ../Ntranos_Rotation/ESM-SaProt/AF-Q8N9N2-F1-model_v4.pdb.gz
INFO:2025-10-30 14:40:30,794:Successfully computed HSC for Q8N9N2.
INFO:2025-10-30 14:40:30,795:Processing Q8N9N5 with model AF-Q8N9N5-F1-model_v4.pdb
INFO:2025-10-30 14:40:30,883:Computing HSC features for: Q8N9N5, ENST00000286122, ../Ntranos_Rotation/ESM-SaProt/AF-Q8N9N5-F1-model_v4.pdb.gz
INFO:2025-10-30 14:41:25,071:Successfully computed HSC for Q8N9N5.
INFO:2025-10-30 14:41:25,071:Processing Q8N9N7 with model AF-Q8N9N7-F1-model_v4.pdb
INFO:2025-10-30 14:41:25,117:Computing HSC features for: Q8N9N7, ENST00000323443, ../Ntranos_Rotation/ESM-SaProt/AF-Q8N9N7-F1-model_v4.pdb.gz
INFO:2025-10-30 14:41:46,096:Successfully computed HSC for Q8N9N7.
INFO:2025-10-30 14:41:46,096:Processing Q8N9N8 with model AF-Q8N9N8-F1-model_v4.pdb
INFO:2025-10-30 14:41:46,151:Computing HSC features for: Q8N9N8, ENST00000312234, ../Ntranos_Rotation/ESM-SaProt/AF-Q8N9N8-F1-model_v4.pdb.gz
INFO:2025-10-30 14:41:59,869:Successfully computed HSC for Q8N9N8.
INFO:2025-10-30 14:41:59,869:Processing Q8N9P0 with model AF-Q8N9P0-F1-model_v4.pdb
ERROR:2025-10-30 14:41:59,931:No ENST transcript IDs were mapped to Q8N9P0
INFO:2025-10-30 14:41:59,931:Processing Q8N9P6 with model AF-Q8N9P6-F1-model_v4.pdb
ERROR:2025-10-30 14:41:59,983:No ENST transcript IDs were mapped to Q8N9P6
INFO:2025-10-30 14:41:59,983:Processing Q8N9Q2 with model AF-Q8N9Q2-F1-model_v4.pdb
INFO:2025-10-30 14:42:00,027:Computing HSC features for: Q8N9Q2, ENST00000513458, ../Ntranos_Rotation/ESM-SaProt/AF-Q8N9Q2-F1-model_v4.pdb.gz
INFO:2025-10-30 14:42:12,164:Successfully computed HSC for Q8N9Q2.
INFO:2025-10-30 14:42:12,164:Processing Q8N9R0 with model AF-Q8N9R0-F1-model_v4.pdb
ERROR:2025-10-30 14:42:12,208:No ENST transcript IDs were mapped to Q8N9R0
INFO:2025-10-30 14:42:12,208:Processing Q8N9R6 with model AF-Q8N9R6-F1-model_v4.pdb
ERROR:2025-10-30 14:42:12,251:No transcript record found for Q8N9R6 in gnomAD.
INFO:2025-10-30 14:42:12,251:Processing Q8N9R8 with model AF-Q8N9R8-F1-model_v4.pdb
INFO:2025-10-30 14:42:12,361:Computing HSC features for: Q8N9R8, ENST00000336505, ../Ntranos_Rotation/ESM-SaProt/AF-Q8N9R8-F1-model_v4.pdb.gz
INFO:2025-10-30 14:43:05,600:Successfully computed HSC for Q8N9R8.
INFO:2025-10-30 14:43:05,600:Processing Q8N9S9 with model AF-Q8N9S9-F1-model_v4.pdb
INFO:2025-10-30 14:43:05,665:Computing HSC features for: Q8N9S9, ENST00000311812, ../Ntranos_Rotation/ESM-SaProt/AF-Q8N9S9-F1-model_v4.pdb.gz
INFO:2025-10-30 14:43:48,117:Successfully computed HSC for Q8N9S9.
INFO:2025-10-30 14:43:48,117:Processing Q8N9T2 with model AF-Q8N9T2-F1-model_v4.pdb
ERROR:2025-10-30 14:43:48,159:No ENST transcript IDs were mapped to Q8N9T2
INFO:2025-10-30 14:43:48,159:Processing Q8N9T8 with model AF-Q8N9T8-F1-model_v4.pdb
INFO:2025-10-30 14:43:48,288:Computing HSC features for: Q8N9T8, ENST00000312962, ../Ntranos_Rotation/ESM-SaProt/AF-Q8N9T8-F1-model_v4.pdb.gz
INFO:2025-10-30 14:45:25,380:Successfully computed HSC for Q8N9T8.
INFO:2025-10-30 14:45:25,380:Processing Q8N9U0 with model AF-Q8N9U0-F1-model_v4.pdb
INFO:2025-10-30 14:45:25,440:Computing HSC features for: Q8N9U0, ENST00000340892, ../Ntranos_Rotation/ESM-SaProt/AF-Q8N9U0-F1-model_v4.pdb.gz
INFO:2025-10-30 14:45:53,476:Successfully computed HSC for Q8N9U0.
INFO:2025-10-30 14:45:53,476:Processing Q8N9U9 with model AF-Q8N9U9-F1-model_v4.pdb
ERROR:2025-10-30 14:45:53,515:No ENST transcript IDs were mapped to Q8N9U9
INFO:2025-10-30 14:45:53,515:Processing Q8N9V2 with model AF-Q8N9V2-F1-model_v4.pdb
INFO:2025-10-30 14:45:53,608:Computing HSC features for: Q8N9V2, ENST00000332517, ../Ntranos_Rotation/ESM-SaProt/AF-Q8N9V2-F1-model_v4.pdb.gz
INFO:2025-10-30 14:46:26,394:Successfully computed HSC for Q8N9V2.
INFO:2025-10-30 14:46:26,394:Processing Q8N9V3 with model AF-Q8N9V3-F1-model_v4.pdb
INFO:2025-10-30 14:46:26,453:Computing HSC features for: Q8N9V3, ENST00000359774, ../Ntranos_Rotation/ESM-SaProt/AF-Q8N9V3-F1-model_v4.pdb.gz
INFO:2025-10-30 14:46:55,137:Successfully computed HSC for Q8N9V3.
INFO:2025-10-30 14:46:55,137:Processing Q8N9V6 with model AF-Q8N9V6-F1-model_v4.pdb
INFO:2025-10-30 14:46:55,227:Computing HSC features for: Q8N9V6, ENST00000360589, ../Ntranos_Rotation/ESM-SaProt/AF-Q8N9V6-F1-model_v4.pdb.gz
INFO:2025-10-30 14:47:47,047:Successfully computed HSC for Q8N9V6.
INFO:2025-10-30 14:47:47,047:Processing Q8N9V7 with model AF-Q8N9V7-F1-model_v4.pdb
INFO:2025-10-30 14:47:47,299:Computing HSC features for: Q8N9V7, ENST00000309765, ../Ntranos_Rotation/ESM-SaProt/AF-Q8N9V7-F1-model_v4.pdb.gz
INFO:2025-10-30 14:49:28,189:Successfully computed HSC for Q8N9V7.
INFO:2025-10-30 14:49:28,190:Processing Q8N9W4 with model AF-Q8N9W4-F1-model_v4.pdb
INFO:2025-10-30 14:49:28,360:Computing HSC features for: Q8N9W4, ENST00000567107, ../Ntranos_Rotation/ESM-SaProt/AF-Q8N9W4-F1-model_v4.pdb.gz
INFO:2025-10-30 14:50:29,322:Successfully computed HSC for Q8N9W4.
INFO:2025-10-30 14:50:29,322:Processing Q8N9W5 with model AF-Q8N9W5-F1-model_v4.pdb
INFO:2025-10-30 14:50:29,383:Computing HSC features for: Q8N9W5, ENST00000524407, ../Ntranos_Rotation/ESM-SaProt/AF-Q8N9W5-F1-model_v4.pdb.gz
INFO:2025-10-30 14:51:23,902:Successfully computed HSC for Q8N9W5.
INFO:2025-10-30 14:51:23,902:Processing Q8N9W6 with model AF-Q8N9W6-F1-model_v4.pdb
INFO:2025-10-30 14:51:23,948:Computing HSC features for: Q8N9W6, ENST00000392296, ../Ntranos_Rotation/ESM-SaProt/AF-Q8N9W6-F1-model_v4.pdb.gz
INFO:2025-10-30 14:51:40,018:Successfully computed HSC for Q8N9W6.
INFO:2025-10-30 14:51:40,018:Processing Q8N9W7 with model AF-Q8N9W7-F1-model_v4.pdb
ERROR:2025-10-30 14:51:40,073:No ENST transcript IDs were mapped to Q8N9W7
INFO:2025-10-30 14:51:40,073:Processing Q8N9W8 with model AF-Q8N9W8-F1-model_v4.pdb
ERROR:2025-10-30 14:51:40,133:No transcript record found for Q8N9W8 in gnomAD.
INFO:2025-10-30 14:51:40,133:Pipeline completed.
INFO:2025-10-30 14:51:40,133:no_enst_for_uniprot: 11
INFO:2025-10-30 14:51:40,133:no_valid_cds: 0
INFO:2025-10-30 14:51:40,133:no_variant_data: 3
INFO:2025-10-30 14:51:40,133:bad_structure: 0
INFO:2025-10-30 14:51:40,133:no_enst_mp: 0
