INFO:2025-10-30 14:26:03,190:Starting HSC computation pipeline...
INFO:2025-10-30 14:27:10,183:Processing Q14CW9 with model AF-Q14CW9-F1-model_v4.pdb
INFO:2025-10-30 14:27:10,256:Computing HSC features for: Q14CW9, ENST00000389384, ../Ntranos_Rotation/ESM-SaProt/AF-Q14CW9-F1-model_v4.pdb.gz
INFO:2025-10-30 14:28:00,566:Successfully computed HSC for Q14CW9.
INFO:2025-10-30 14:28:00,566:Processing Q14CX5 with model AF-Q14CX5-F1-model_v4.pdb
INFO:2025-10-30 14:28:00,656:Computing HSC features for: Q14CX5, ENST00000238936, ../Ntranos_Rotation/ESM-SaProt/AF-Q14CX5-F1-model_v4.pdb.gz
INFO:2025-10-30 14:28:55,392:Successfully computed HSC for Q14CX5.
INFO:2025-10-30 14:28:55,392:Processing Q14CX7 with model AF-Q14CX7-F1-model_v4.pdb
INFO:2025-10-30 14:28:55,567:Computing HSC features for: Q14CX7, ENST00000261745, ../Ntranos_Rotation/ESM-SaProt/AF-Q14CX7-F1-model_v4.pdb.gz
INFO:2025-10-30 14:30:11,299:Successfully computed HSC for Q14CX7.
INFO:2025-10-30 14:30:11,299:Processing Q14CZ0 with model AF-Q14CZ0-F1-model_v4.pdb
INFO:2025-10-30 14:30:11,382:Computing HSC features for: Q14CZ0, ENST00000327827, ../Ntranos_Rotation/ESM-SaProt/AF-Q14CZ0-F1-model_v4.pdb.gz
INFO:2025-10-30 14:30:59,653:Successfully computed HSC for Q14CZ0.
INFO:2025-10-30 14:30:59,653:Processing Q14CZ7 with model AF-Q14CZ7-F1-model_v4.pdb
INFO:2025-10-30 14:30:59,800:Computing HSC features for: Q14CZ7, ENST00000264669, ../Ntranos_Rotation/ESM-SaProt/AF-Q14CZ7-F1-model_v4.pdb.gz
INFO:2025-10-30 14:31:51,049:Successfully computed HSC for Q14CZ7.
INFO:2025-10-30 14:31:51,049:Processing Q14CZ8 with model AF-Q14CZ8-F1-model_v4.pdb
INFO:2025-10-30 14:31:51,581:Computing HSC features for: Q14CZ8, ENST00000298251, ../Ntranos_Rotation/ESM-SaProt/AF-Q14CZ8-F1-model_v4.pdb.gz
INFO:2025-10-30 14:32:46,811:Successfully computed HSC for Q14CZ8.
INFO:2025-10-30 14:32:46,811:Processing Q14D04 with model AF-Q14D04-F1-model_v4.pdb
INFO:2025-10-30 14:32:47,020:Computing HSC features for: Q14D04, ENST00000362010, ../Ntranos_Rotation/ESM-SaProt/AF-Q14D04-F1-model_v4.pdb.gz
INFO:2025-10-30 14:33:50,572:Successfully computed HSC for Q14D04.
INFO:2025-10-30 14:33:50,572:Processing Q14D33 with model AF-Q14D33-F1-model_v4.pdb
INFO:2025-10-30 14:33:50,730:Computing HSC features for: Q14D33, ENST00000343216, ../Ntranos_Rotation/ESM-SaProt/AF-Q14D33-F1-model_v4.pdb.gz
INFO:2025-10-30 14:35:01,663:Successfully computed HSC for Q14D33.
INFO:2025-10-30 14:35:01,664:Processing Q14DG7 with model AF-Q14DG7-F1-model_v4.pdb
INFO:2025-10-30 14:35:01,792:Computing HSC features for: Q14DG7, ENST00000299308, ../Ntranos_Rotation/ESM-SaProt/AF-Q14DG7-F1-model_v4.pdb.gz
INFO:2025-10-30 14:36:40,964:Successfully computed HSC for Q14DG7.
INFO:2025-10-30 14:36:40,964:Processing Q15003 with model AF-Q15003-F1-model_v4.pdb
INFO:2025-10-30 14:36:41,078:Computing HSC features for: Q15003, ENST00000240423, ../Ntranos_Rotation/ESM-SaProt/AF-Q15003-F1-model_v4.pdb.gz
INFO:2025-10-30 14:38:11,868:Successfully computed HSC for Q15003.
INFO:2025-10-30 14:38:11,868:Processing Q15004 with model AF-Q15004-F1-model_v4.pdb
INFO:2025-10-30 14:38:12,123:Computing HSC features for: Q15004, ENST00000300035, ../Ntranos_Rotation/ESM-SaProt/AF-Q15004-F1-model_v4.pdb.gz
INFO:2025-10-30 14:38:31,349:Successfully computed HSC for Q15004.
INFO:2025-10-30 14:38:31,349:Processing Q15005 with model AF-Q15005-F1-model_v4.pdb
INFO:2025-10-30 14:38:31,424:Computing HSC features for: Q15005, ENST00000263672, ../Ntranos_Rotation/ESM-SaProt/AF-Q15005-F1-model_v4.pdb.gz
INFO:2025-10-30 14:39:10,542:Successfully computed HSC for Q15005.
INFO:2025-10-30 14:39:10,542:Processing Q15006 with model AF-Q15006-F1-model_v4.pdb
INFO:2025-10-30 14:39:10,646:Computing HSC features for: Q15006, ENST00000220853, ../Ntranos_Rotation/ESM-SaProt/AF-Q15006-F1-model_v4.pdb.gz
INFO:2025-10-30 14:39:56,904:Successfully computed HSC for Q15006.
INFO:2025-10-30 14:39:56,904:Processing Q15007 with model AF-Q15007-F1-model_v4.pdb
INFO:2025-10-30 14:39:57,025:Computing HSC features for: Q15007, ENST00000358372, ../Ntranos_Rotation/ESM-SaProt/AF-Q15007-F1-model_v4.pdb.gz
INFO:2025-10-30 14:40:31,565:Successfully computed HSC for Q15007.
INFO:2025-10-30 14:40:31,565:Processing Q15008 with model AF-Q15008-F1-model_v4.pdb
INFO:2025-10-30 14:40:31,669:Computing HSC features for: Q15008, ENST00000295901, ../Ntranos_Rotation/ESM-SaProt/AF-Q15008-F1-model_v4.pdb.gz
INFO:2025-10-30 14:41:31,492:Successfully computed HSC for Q15008.
INFO:2025-10-30 14:41:31,492:Processing Q15011 with model AF-Q15011-F1-model_v4.pdb
INFO:2025-10-30 14:41:31,552:Computing HSC features for: Q15011, ENST00000439977, ../Ntranos_Rotation/ESM-SaProt/AF-Q15011-F1-model_v4.pdb.gz
INFO:2025-10-30 14:42:08,111:Successfully computed HSC for Q15011.
INFO:2025-10-30 14:42:08,111:Processing Q15012 with model AF-Q15012-F1-model_v4.pdb
INFO:2025-10-30 14:42:08,173:Computing HSC features for: Q15012, ENST00000175091, ../Ntranos_Rotation/ESM-SaProt/AF-Q15012-F1-model_v4.pdb.gz
INFO:2025-10-30 14:42:28,737:Successfully computed HSC for Q15012.
INFO:2025-10-30 14:42:28,737:Processing Q15256 with model AF-Q15256-F1-model_v4.pdb
INFO:2025-10-30 14:42:28,834:Computing HSC features for: Q15256, ENST00000283228, ../Ntranos_Rotation/ESM-SaProt/AF-Q15256-F1-model_v4.pdb.gz
INFO:2025-10-30 14:43:21,355:Successfully computed HSC for Q15256.
INFO:2025-10-30 14:43:21,355:Processing Q15257 with model AF-Q15257-F1-model_v4.pdb
INFO:2025-10-30 14:43:21,438:Computing HSC features for: Q15257, ENST00000337738, ../Ntranos_Rotation/ESM-SaProt/AF-Q15257-F1-model_v4.pdb.gz
INFO:2025-10-30 14:44:15,451:Successfully computed HSC for Q15257.
INFO:2025-10-30 14:44:15,451:Processing Q15262 with model AF-Q15262-F1-model_v4.pdb
INFO:2025-10-30 14:44:15,733:Computing HSC features for: Q15262, ENST00000368215, ../Ntranos_Rotation/ESM-SaProt/AF-Q15262-F1-model_v4.pdb.gz
INFO:2025-10-30 14:46:22,572:Successfully computed HSC for Q15262.
INFO:2025-10-30 14:46:22,572:Processing Q15269 with model AF-Q15269-F1-model_v4.pdb
INFO:2025-10-30 14:46:22,738:Computing HSC features for: Q15269, ENST00000291576, ../Ntranos_Rotation/ESM-SaProt/AF-Q15269-F1-model_v4.pdb.gz
INFO:2025-10-30 14:47:59,105:Successfully computed HSC for Q15269.
INFO:2025-10-30 14:47:59,105:Processing Q15270 with model AF-Q15270-F1-model_v4.pdb
ERROR:2025-10-30 14:47:59,163:No valid CDS found for Q15270
INFO:2025-10-30 14:47:59,163:Processing Q15274 with model AF-Q15274-F1-model_v4.pdb
INFO:2025-10-30 14:47:59,223:Computing HSC features for: Q15274, ENST00000395384, ../Ntranos_Rotation/ESM-SaProt/AF-Q15274-F1-model_v4.pdb.gz
INFO:2025-10-30 14:48:34,135:Successfully computed HSC for Q15274.
INFO:2025-10-30 14:48:34,135:Processing Q15276 with model AF-Q15276-F1-model_v4.pdb
INFO:2025-10-30 14:48:34,265:Computing HSC features for: Q15276, ENST00000537505, ../Ntranos_Rotation/ESM-SaProt/AF-Q15276-F1-model_v4.pdb.gz
INFO:2025-10-30 14:49:38,805:Successfully computed HSC for Q15276.
INFO:2025-10-30 14:49:38,805:Processing Q15283 with model AF-Q15283-F1-model_v4.pdb
ERROR:2025-10-30 14:49:38,974:No valid CDS found for Q15283
INFO:2025-10-30 14:49:38,974:Processing Q15286 with model AF-Q15286-F1-model_v4.pdb
INFO:2025-10-30 14:49:39,029:Computing HSC features for: Q15286, ENST00000229340, ../Ntranos_Rotation/ESM-SaProt/AF-Q15286-F1-model_v4.pdb.gz
INFO:2025-10-30 14:50:11,133:Successfully computed HSC for Q15286.
INFO:2025-10-30 14:50:11,133:Processing Q15287 with model AF-Q15287-F1-model_v4.pdb
INFO:2025-10-30 14:50:11,177:Computing HSC features for: Q15287, ENST00000301730, ../Ntranos_Rotation/ESM-SaProt/AF-Q15287-F1-model_v4.pdb.gz
INFO:2025-10-30 14:50:43,736:Successfully computed HSC for Q15287.
INFO:2025-10-30 14:50:43,736:Processing Q15291 with model AF-Q15291-F1-model_v4.pdb
INFO:2025-10-30 14:50:43,816:Computing HSC features for: Q15291, ENST00000264515, ../Ntranos_Rotation/ESM-SaProt/AF-Q15291-F1-model_v4.pdb.gz
INFO:2025-10-30 14:51:26,708:Successfully computed HSC for Q15291.
INFO:2025-10-30 14:51:26,709:Processing Q15293 with model AF-Q15293-F1-model_v4.pdb
INFO:2025-10-30 14:51:26,762:Computing HSC features for: Q15293, ENST00000054950, ../Ntranos_Rotation/ESM-SaProt/AF-Q15293-F1-model_v4.pdb.gz
INFO:2025-10-30 14:52:01,087:Successfully computed HSC for Q15293.
INFO:2025-10-30 14:52:01,087:Processing Q15303 with model AF-Q15303-F1-model_v4.pdb
INFO:2025-10-30 14:52:01,442:Computing HSC features for: Q15303, ENST00000342788, ../Ntranos_Rotation/ESM-SaProt/AF-Q15303-F1-model_v4.pdb.gz
INFO:2025-10-30 14:53:59,224:Successfully computed HSC for Q15303.
INFO:2025-10-30 14:53:59,224:Processing Q15306 with model AF-Q15306-F1-model_v4.pdb
ERROR:2025-10-30 14:53:59,287:No transcript record found for Q15306 in gnomAD.
INFO:2025-10-30 14:53:59,287:Processing Q15311 with model AF-Q15311-F1-model_v4.pdb
INFO:2025-10-30 14:53:59,421:Computing HSC features for: Q15311, ENST00000019317, ../Ntranos_Rotation/ESM-SaProt/AF-Q15311-F1-model_v4.pdb.gz
INFO:2025-10-30 14:55:26,047:Successfully computed HSC for Q15311.
INFO:2025-10-30 14:55:26,047:Processing Q53TQ3 with model AF-Q53TQ3-F1-model_v4.pdb
INFO:2025-10-30 14:55:26,236:Computing HSC features for: Q53TQ3, ENST00000403263, ../Ntranos_Rotation/ESM-SaProt/AF-Q53TQ3-F1-model_v4.pdb.gz
INFO:2025-10-30 14:57:06,962:Successfully computed HSC for Q53TQ3.
INFO:2025-10-30 14:57:06,962:Processing Q53TS8 with model AF-Q53TS8-F1-model_v4.pdb
INFO:2025-10-30 14:57:07,055:Computing HSC features for: Q53TS8, ENST00000286195, ../Ntranos_Rotation/ESM-SaProt/AF-Q53TS8-F1-model_v4.pdb.gz
INFO:2025-10-30 14:57:55,327:Successfully computed HSC for Q53TS8.
INFO:2025-10-30 14:57:55,327:Processing Q562E7 with model AF-Q562E7-F1-model_v4.pdb
INFO:2025-10-30 14:57:55,741:Computing HSC features for: Q562E7, ENST00000409644, ../Ntranos_Rotation/ESM-SaProt/AF-Q562E7-F1-model_v4.pdb.gz
INFO:2025-10-30 15:01:49,091:Successfully computed HSC for Q562E7.
INFO:2025-10-30 15:01:49,092:Processing Q562F6 with model AF-Q562F6-F1-model_v4.pdb
INFO:2025-10-30 15:01:49,263:Computing HSC features for: Q562F6, ENST00000357799, ../Ntranos_Rotation/ESM-SaProt/AF-Q562F6-F1-model_v4.pdb.gz
INFO:2025-10-30 15:03:57,451:Successfully computed HSC for Q562F6.
INFO:2025-10-30 15:03:57,451:Processing Q562R1 with model AF-Q562R1-F1-model_v4.pdb
INFO:2025-10-30 15:03:57,556:Computing HSC features for: Q562R1, ENST00000423391, ../Ntranos_Rotation/ESM-SaProt/AF-Q562R1-F1-model_v4.pdb.gz
INFO:2025-10-30 15:04:55,625:Successfully computed HSC for Q562R1.
INFO:2025-10-30 15:04:55,625:Processing Q567U6 with model AF-Q567U6-F1-model_v4.pdb
INFO:2025-10-30 15:04:55,800:Computing HSC features for: Q567U6, ENST00000376300, ../Ntranos_Rotation/ESM-SaProt/AF-Q567U6-F1-model_v4.pdb.gz
INFO:2025-10-30 15:05:57,252:Successfully computed HSC for Q567U6.
INFO:2025-10-30 15:05:57,252:Processing Q567V2 with model AF-Q567V2-F1-model_v4.pdb
INFO:2025-10-30 15:05:57,291:Computing HSC features for: Q567V2, ENST00000599612, ../Ntranos_Rotation/ESM-SaProt/AF-Q567V2-F1-model_v4.pdb.gz
INFO:2025-10-30 15:06:26,503:Successfully computed HSC for Q567V2.
INFO:2025-10-30 15:06:26,503:Processing Q569G3 with model AF-Q569G3-F1-model_v4.pdb
INFO:2025-10-30 15:06:26,552:Computing HSC features for: Q569G3, ENST00000340147, ../Ntranos_Rotation/ESM-SaProt/AF-Q569G3-F1-model_v4.pdb.gz
INFO:2025-10-30 15:07:00,857:Successfully computed HSC for Q569G3.
INFO:2025-10-30 15:07:00,857:Processing Q569H4 with model AF-Q569H4-F1-model_v4.pdb
INFO:2025-10-30 15:07:00,927:Computing HSC features for: Q569H4, ENST00000407149, ../Ntranos_Rotation/ESM-SaProt/AF-Q569H4-F1-model_v4.pdb.gz
INFO:2025-10-30 15:07:44,297:Successfully computed HSC for Q569H4.
INFO:2025-10-30 15:07:44,297:Processing Q569K4 with model AF-Q569K4-F1-model_v4.pdb
ERROR:2025-10-30 15:07:44,394:No valid CDS found for Q569K4
INFO:2025-10-30 15:07:44,394:Processing Q569K6 with model AF-Q569K6-F1-model_v4.pdb
INFO:2025-10-30 15:07:44,542:Computing HSC features for: Q569K6, ENST00000338306, ../Ntranos_Rotation/ESM-SaProt/AF-Q569K6-F1-model_v4.pdb.gz
INFO:2025-10-30 15:09:09,421:Successfully computed HSC for Q569K6.
INFO:2025-10-30 15:09:09,421:Processing Q56A73 with model AF-Q56A73-F1-model_v4.pdb
INFO:2025-10-30 15:09:09,467:Computing HSC features for: Q56A73, ENST00000374884, ../Ntranos_Rotation/ESM-SaProt/AF-Q56A73-F1-model_v4.pdb.gz
INFO:2025-10-30 15:09:33,738:Successfully computed HSC for Q56A73.
INFO:2025-10-30 15:09:33,738:Processing Q56NI9 with model AF-Q56NI9-F1-model_v4.pdb
INFO:2025-10-30 15:09:33,815:Computing HSC features for: Q56NI9, ENST00000305188, ../Ntranos_Rotation/ESM-SaProt/AF-Q56NI9-F1-model_v4.pdb.gz
INFO:2025-10-30 15:10:16,117:Successfully computed HSC for Q56NI9.
INFO:2025-10-30 15:10:16,117:Processing Q56P03 with model AF-Q56P03-F1-model_v4.pdb
INFO:2025-10-30 15:10:16,167:Computing HSC features for: Q56P03, ENST00000250454, ../Ntranos_Rotation/ESM-SaProt/AF-Q56P03-F1-model_v4.pdb.gz
INFO:2025-10-30 15:10:41,104:Successfully computed HSC for Q56P03.
INFO:2025-10-30 15:10:41,104:Processing Q56P42 with model AF-Q56P42-F1-model_v4.pdb
INFO:2025-10-30 15:10:41,136:Computing HSC features for: Q56P42, ENST00000518817, ../Ntranos_Rotation/ESM-SaProt/AF-Q56P42-F1-model_v4.pdb.gz
INFO:2025-10-30 15:10:54,268:Successfully computed HSC for Q56P42.
INFO:2025-10-30 15:10:54,268:Processing Q56UN5 with model AF-Q56UN5-F1-model_v4.pdb
INFO:2025-10-30 15:10:54,561:Computing HSC features for: Q56UN5, ENST00000375845, ../Ntranos_Rotation/ESM-SaProt/AF-Q56UN5-F1-model_v4.pdb.gz
INFO:2025-10-30 15:13:59,875:Successfully computed HSC for Q56UN5.
INFO:2025-10-30 15:13:59,876:Processing Q56UQ5 with model AF-Q56UQ5-F1-model_v4.pdb
ERROR:2025-10-30 15:13:59,922:No ENST transcript IDs were mapped to Q56UQ5
INFO:2025-10-30 15:13:59,922:Processing Q56VL3 with model AF-Q56VL3-F1-model_v4.pdb
INFO:2025-10-30 15:13:59,968:Computing HSC features for: Q56VL3, ENST00000508632, ../Ntranos_Rotation/ESM-SaProt/AF-Q56VL3-F1-model_v4.pdb.gz
INFO:2025-10-30 15:14:12,513:Successfully computed HSC for Q56VL3.
INFO:2025-10-30 15:14:12,513:Pipeline completed.
INFO:2025-10-30 15:14:12,513:no_enst_for_uniprot: 1
INFO:2025-10-30 15:14:12,513:no_valid_cds: 3
INFO:2025-10-30 15:14:12,513:no_variant_data: 1
INFO:2025-10-30 15:14:12,513:bad_structure: 0
INFO:2025-10-30 15:14:12,513:no_enst_mp: 0
