INFO:2025-10-30 14:27:03,956:Starting HSC computation pipeline...
INFO:2025-10-30 14:28:08,834:Processing Q99811 with model AF-Q99811-F1-model_v4.pdb
INFO:2025-10-30 14:28:08,986:Computing HSC features for: Q99811, ENST00000372469, ../Ntranos_Rotation/ESM-SaProt/AF-Q99811-F1-model_v4.pdb.gz
INFO:2025-10-30 14:29:05,338:Successfully computed HSC for Q99811.
INFO:2025-10-30 14:29:05,338:Processing Q99814 with model AF-Q99814-F1-model_v4.pdb
INFO:2025-10-30 14:29:05,490:Computing HSC features for: Q99814, ENST00000263734, ../Ntranos_Rotation/ESM-SaProt/AF-Q99814-F1-model_v4.pdb.gz
INFO:2025-10-30 14:30:48,009:Successfully computed HSC for Q99814.
INFO:2025-10-30 14:30:48,009:Processing Q99816 with model AF-Q99816-F1-model_v4.pdb
INFO:2025-10-30 14:30:48,077:Computing HSC features for: Q99816, ENST00000251968, ../Ntranos_Rotation/ESM-SaProt/AF-Q99816-F1-model_v4.pdb.gz
INFO:2025-10-30 14:31:23,442:Successfully computed HSC for Q99816.
INFO:2025-10-30 14:31:23,442:Processing Q99819 with model AF-Q99819-F1-model_v4.pdb
INFO:2025-10-30 14:31:23,543:Computing HSC features for: Q99819, ENST00000219409, ../Ntranos_Rotation/ESM-SaProt/AF-Q99819-F1-model_v4.pdb.gz
INFO:2025-10-30 14:31:54,036:Successfully computed HSC for Q99819.
INFO:2025-10-30 14:31:54,036:Processing Q99828 with model AF-Q99828-F1-model_v4.pdb
INFO:2025-10-30 14:31:54,103:Computing HSC features for: Q99828, ENST00000328649, ../Ntranos_Rotation/ESM-SaProt/AF-Q99828-F1-model_v4.pdb.gz
INFO:2025-10-30 14:32:17,045:Successfully computed HSC for Q99828.
INFO:2025-10-30 14:32:17,045:Processing Q99829 with model AF-Q99829-F1-model_v4.pdb
INFO:2025-10-30 14:32:17,174:Computing HSC features for: Q99829, ENST00000352393, ../Ntranos_Rotation/ESM-SaProt/AF-Q99829-F1-model_v4.pdb.gz
INFO:2025-10-30 14:33:11,777:Successfully computed HSC for Q99829.
INFO:2025-10-30 14:33:11,778:Processing Q99832 with model AF-Q99832-F1-model_v4.pdb
INFO:2025-10-30 14:33:11,926:Computing HSC features for: Q99832, ENST00000258091, ../Ntranos_Rotation/ESM-SaProt/AF-Q99832-F1-model_v4.pdb.gz
INFO:2025-10-30 14:34:24,582:Successfully computed HSC for Q99832.
INFO:2025-10-30 14:34:24,582:Processing Q99835 with model AF-Q99835-F1-model_v4.pdb
INFO:2025-10-30 14:34:24,700:Computing HSC features for: Q99835, ENST00000249373, ../Ntranos_Rotation/ESM-SaProt/AF-Q99835-F1-model_v4.pdb.gz
INFO:2025-10-30 14:36:13,996:Successfully computed HSC for Q99835.
INFO:2025-10-30 14:36:13,996:Processing Q99836 with model AF-Q99836-F1-model_v4.pdb
ERROR:2025-10-30 14:36:14,119:No transcript record found for Q99836 in gnomAD.
INFO:2025-10-30 14:36:14,119:Processing Q99848 with model AF-Q99848-F1-model_v4.pdb
INFO:2025-10-30 14:36:14,267:Computing HSC features for: Q99848, ENST00000236051, ../Ntranos_Rotation/ESM-SaProt/AF-Q99848-F1-model_v4.pdb.gz
INFO:2025-10-30 14:36:46,803:Successfully computed HSC for Q99848.
INFO:2025-10-30 14:36:46,803:Processing Q99853 with model AF-Q99853-F1-model_v4.pdb
INFO:2025-10-30 14:36:46,872:Computing HSC features for: Q99853, ENST00000396057, ../Ntranos_Rotation/ESM-SaProt/AF-Q99853-F1-model_v4.pdb.gz
INFO:2025-10-30 14:37:46,270:Successfully computed HSC for Q99853.
INFO:2025-10-30 14:37:46,271:Processing Q99856 with model AF-Q99856-F1-model_v4.pdb
INFO:2025-10-30 14:37:46,385:Computing HSC features for: Q99856, ENST00000263620, ../Ntranos_Rotation/ESM-SaProt/AF-Q99856-F1-model_v4.pdb.gz
INFO:2025-10-30 14:39:06,358:Successfully computed HSC for Q99856.
INFO:2025-10-30 14:39:06,359:Processing Q99865 with model AF-Q99865-F1-model_v4.pdb
INFO:2025-10-30 14:39:06,430:Computing HSC features for: Q99865, ENST00000374906, ../Ntranos_Rotation/ESM-SaProt/AF-Q99865-F1-model_v4.pdb.gz
INFO:2025-10-30 14:39:28,833:Successfully computed HSC for Q99865.
INFO:2025-10-30 14:39:28,833:Processing Q99871 with model AF-Q99871-F1-model_v4.pdb
ERROR:2025-10-30 14:39:28,911:No valid CDS found for Q99871
INFO:2025-10-30 14:39:28,911:Processing Q99873 with model AF-Q99873-F1-model_v4.pdb
INFO:2025-10-30 14:39:29,019:Computing HSC features for: Q99873, ENST00000454376, ../Ntranos_Rotation/ESM-SaProt/AF-Q99873-F1-model_v4.pdb.gz
INFO:2025-10-30 14:40:18,518:Successfully computed HSC for Q99873.
INFO:2025-10-30 14:40:18,518:Processing Q99877 with model AF-Q99877-F1-model_v4.pdb
ERROR:2025-10-30 14:40:18,566:No transcript record found for Q99877 in gnomAD.
INFO:2025-10-30 14:40:18,566:Processing Q99878 with model AF-Q99878-F1-model_v4.pdb
INFO:2025-10-30 14:40:18,682:Computing HSC features for: Q99878, ENST00000333151, ../Ntranos_Rotation/ESM-SaProt/AF-Q99878-F1-model_v4.pdb.gz
INFO:2025-10-30 14:40:39,667:Successfully computed HSC for Q99878.
INFO:2025-10-30 14:40:39,667:Processing Q99879 with model AF-Q99879-F1-model_v4.pdb
ERROR:2025-10-30 14:40:39,703:No transcript record found for Q99879 in gnomAD.
INFO:2025-10-30 14:40:39,703:Processing Q9BPX1 with model AF-Q9BPX1-F1-model_v4.pdb
INFO:2025-10-30 14:40:39,749:Computing HSC features for: Q9BPX1, ENST00000263278, ../Ntranos_Rotation/ESM-SaProt/AF-Q9BPX1-F1-model_v4.pdb.gz
INFO:2025-10-30 14:41:15,272:Successfully computed HSC for Q9BPX1.
INFO:2025-10-30 14:41:15,272:Processing Q9BPX3 with model AF-Q9BPX3-F1-model_v4.pdb
INFO:2025-10-30 14:41:15,443:Computing HSC features for: Q9BPX3, ENST00000251496, ../Ntranos_Rotation/ESM-SaProt/AF-Q9BPX3-F1-model_v4.pdb.gz
INFO:2025-10-30 14:42:34,299:Successfully computed HSC for Q9BPX3.
INFO:2025-10-30 14:42:34,299:Processing Q9BPX5 with model AF-Q9BPX5-F1-model_v4.pdb
INFO:2025-10-30 14:42:34,345:Computing HSC features for: Q9BPX5, ENST00000259477, ../Ntranos_Rotation/ESM-SaProt/AF-Q9BPX5-F1-model_v4.pdb.gz
INFO:2025-10-30 14:42:55,010:Successfully computed HSC for Q9BPX5.
INFO:2025-10-30 14:42:55,010:Processing Q9BPX6 with model AF-Q9BPX6-F1-model_v4.pdb
INFO:2025-10-30 14:42:55,173:Computing HSC features for: Q9BPX6, ENST00000361114, ../Ntranos_Rotation/ESM-SaProt/AF-Q9BPX6-F1-model_v4.pdb.gz
INFO:2025-10-30 14:43:35,287:Successfully computed HSC for Q9BPX6.
INFO:2025-10-30 14:43:35,287:Processing Q9BPX7 with model AF-Q9BPX7-F1-model_v4.pdb
INFO:2025-10-30 14:43:35,366:Computing HSC features for: Q9BPX7, ENST00000350427, ../Ntranos_Rotation/ESM-SaProt/AF-Q9BPX7-F1-model_v4.pdb.gz
INFO:2025-10-30 14:44:08,484:Successfully computed HSC for Q9BPX7.
INFO:2025-10-30 14:44:08,484:Processing Q9BPY3 with model AF-Q9BPY3-F1-model_v4.pdb
INFO:2025-10-30 14:44:08,594:Computing HSC features for: Q9BPY3, ENST00000533050, ../Ntranos_Rotation/ESM-SaProt/AF-Q9BPY3-F1-model_v4.pdb.gz
INFO:2025-10-30 14:44:39,305:Successfully computed HSC for Q9BPY3.
INFO:2025-10-30 14:44:39,305:Processing Q9BPY8 with model AF-Q9BPY8-F1-model_v4.pdb
INFO:2025-10-30 14:44:39,341:Computing HSC features for: Q9BPY8, ENST00000508121, ../Ntranos_Rotation/ESM-SaProt/AF-Q9BPY8-F1-model_v4.pdb.gz
INFO:2025-10-30 14:44:49,865:Successfully computed HSC for Q9BPY8.
INFO:2025-10-30 14:44:49,865:Processing Q9BPZ2 with model AF-Q9BPZ2-F1-model_v4.pdb
INFO:2025-10-30 14:44:49,957:Computing HSC features for: Q9BPZ2, ENST00000275988, ../Ntranos_Rotation/ESM-SaProt/AF-Q9BPZ2-F1-model_v4.pdb.gz
INFO:2025-10-30 14:45:13,732:Successfully computed HSC for Q9BPZ2.
INFO:2025-10-30 14:45:13,732:Processing Q9BPZ3 with model AF-Q9BPZ3-F1-model_v4.pdb
INFO:2025-10-30 14:45:13,768:Computing HSC features for: Q9BPZ3, ENST00000265192, ../Ntranos_Rotation/ESM-SaProt/AF-Q9BPZ3-F1-model_v4.pdb.gz
INFO:2025-10-30 14:45:24,256:Successfully computed HSC for Q9BPZ3.
INFO:2025-10-30 14:45:24,256:Processing Q9BPZ7 with model AF-Q9BPZ7-F1-model_v4.pdb
INFO:2025-10-30 14:45:24,341:Computing HSC features for: Q9BPZ7, ENST00000265960, ../Ntranos_Rotation/ESM-SaProt/AF-Q9BPZ7-F1-model_v4.pdb.gz
INFO:2025-10-30 14:46:15,947:Successfully computed HSC for Q9BPZ7.
INFO:2025-10-30 14:46:15,947:Processing Q9BQ04 with model AF-Q9BQ04-F1-model_v4.pdb
INFO:2025-10-30 14:46:16,008:Computing HSC features for: Q9BQ04, ENST00000310046, ../Ntranos_Rotation/ESM-SaProt/AF-Q9BQ04-F1-model_v4.pdb.gz
INFO:2025-10-30 14:46:55,318:Successfully computed HSC for Q9BQ04.
INFO:2025-10-30 14:46:55,318:Processing Q9BQ08 with model AF-Q9BQ08-F1-model_v4.pdb
INFO:2025-10-30 14:46:55,396:Computing HSC features for: Q9BQ08, ENST00000295755, ../Ntranos_Rotation/ESM-SaProt/AF-Q9BQ08-F1-model_v4.pdb.gz
INFO:2025-10-30 14:47:13,861:Successfully computed HSC for Q9BQ08.
INFO:2025-10-30 14:47:13,862:Processing Q9BQ13 with model AF-Q9BQ13-F1-model_v4.pdb
INFO:2025-10-30 14:47:14,023:Computing HSC features for: Q9BQ13, ENST00000353172, ../Ntranos_Rotation/ESM-SaProt/AF-Q9BQ13-F1-model_v4.pdb.gz
INFO:2025-10-30 14:47:42,220:Successfully computed HSC for Q9BQ13.
INFO:2025-10-30 14:47:42,220:Processing Q9BQ15 with model AF-Q9BQ15-F1-model_v4.pdb
INFO:2025-10-30 14:47:42,292:Computing HSC features for: Q9BQ15, ENST00000267023, ../Ntranos_Rotation/ESM-SaProt/AF-Q9BQ15-F1-model_v4.pdb.gz
INFO:2025-10-30 14:48:19,273:Successfully computed HSC for Q9BQ15.
INFO:2025-10-30 14:48:19,273:Processing Q9BQ16 with model AF-Q9BQ16-F1-model_v4.pdb
INFO:2025-10-30 14:48:19,346:Computing HSC features for: Q9BQ16, ENST00000357154, ../Ntranos_Rotation/ESM-SaProt/AF-Q9BQ16-F1-model_v4.pdb.gz
INFO:2025-10-30 14:48:58,862:Successfully computed HSC for Q9BQ16.
INFO:2025-10-30 14:48:58,862:Processing Q9BQ24 with model AF-Q9BQ24-F1-model_v4.pdb
INFO:2025-10-30 14:48:58,910:Computing HSC features for: Q9BQ24, ENST00000311141, ../Ntranos_Rotation/ESM-SaProt/AF-Q9BQ24-F1-model_v4.pdb.gz
INFO:2025-10-30 14:49:31,852:Successfully computed HSC for Q9BQ24.
INFO:2025-10-30 14:49:31,852:Processing Q9BQ31 with model AF-Q9BQ31-F1-model_v4.pdb
INFO:2025-10-30 14:49:31,930:Computing HSC features for: Q9BQ31, ENST00000304101, ../Ntranos_Rotation/ESM-SaProt/AF-Q9BQ31-F1-model_v4.pdb.gz
INFO:2025-10-30 14:50:20,177:Successfully computed HSC for Q9BQ31.
INFO:2025-10-30 14:50:20,178:Processing Q9BQ39 with model AF-Q9BQ39-F1-model_v4.pdb
INFO:2025-10-30 14:50:20,355:Computing HSC features for: Q9BQ39, ENST00000373585, ../Ntranos_Rotation/ESM-SaProt/AF-Q9BQ39-F1-model_v4.pdb.gz
INFO:2025-10-30 14:51:40,861:Successfully computed HSC for Q9BQ39.
INFO:2025-10-30 14:51:40,861:Processing Q9BQ48 with model AF-Q9BQ48-F1-model_v4.pdb
INFO:2025-10-30 14:51:40,893:Computing HSC features for: Q9BQ48, ENST00000252602, ../Ntranos_Rotation/ESM-SaProt/AF-Q9BQ48-F1-model_v4.pdb.gz
INFO:2025-10-30 14:51:54,892:Successfully computed HSC for Q9BQ48.
INFO:2025-10-30 14:51:54,892:Processing Q9BQ49 with model AF-Q9BQ49-F1-model_v4.pdb
INFO:2025-10-30 14:51:54,929:Computing HSC features for: Q9BQ49, ENST00000487416, ../Ntranos_Rotation/ESM-SaProt/AF-Q9BQ49-F1-model_v4.pdb.gz
INFO:2025-10-30 14:52:03,945:Successfully computed HSC for Q9BQ49.
INFO:2025-10-30 14:52:03,945:Processing Q9BQ50 with model AF-Q9BQ50-F1-model_v4.pdb
INFO:2025-10-30 14:52:04,010:Computing HSC features for: Q9BQ50, ENST00000330912, ../Ntranos_Rotation/ESM-SaProt/AF-Q9BQ50-F1-model_v4.pdb.gz
INFO:2025-10-30 14:53:01,403:Successfully computed HSC for Q9BQ50.
INFO:2025-10-30 14:53:01,403:Processing Q9BQ51 with model AF-Q9BQ51-F1-model_v4.pdb
INFO:2025-10-30 14:53:01,478:Computing HSC features for: Q9BQ51, ENST00000397747, ../Ntranos_Rotation/ESM-SaProt/AF-Q9BQ51-F1-model_v4.pdb.gz
INFO:2025-10-30 14:53:30,770:Successfully computed HSC for Q9BQ51.
INFO:2025-10-30 14:53:30,770:Processing Q9BQ52 with model AF-Q9BQ52-F1-model_v4.pdb
INFO:2025-10-30 14:53:30,882:Computing HSC features for: Q9BQ52, ENST00000338034, ../Ntranos_Rotation/ESM-SaProt/AF-Q9BQ52-F1-model_v4.pdb.gz
INFO:2025-10-30 14:55:03,238:Successfully computed HSC for Q9BQ52.
INFO:2025-10-30 14:55:03,238:Processing Q9BQ61 with model AF-Q9BQ61-F1-model_v4.pdb
INFO:2025-10-30 14:55:03,286:Computing HSC features for: Q9BQ61, ENST00000242784, ../Ntranos_Rotation/ESM-SaProt/AF-Q9BQ61-F1-model_v4.pdb.gz
INFO:2025-10-30 14:55:35,040:Successfully computed HSC for Q9BQ61.
INFO:2025-10-30 14:55:35,040:Processing Q9BQ65 with model AF-Q9BQ65-F1-model_v4.pdb
INFO:2025-10-30 14:55:35,089:Computing HSC features for: Q9BQ65, ENST00000219281, ../Ntranos_Rotation/ESM-SaProt/AF-Q9BQ65-F1-model_v4.pdb.gz
INFO:2025-10-30 14:56:06,115:Successfully computed HSC for Q9BQ65.
INFO:2025-10-30 14:56:06,115:Processing Q9BQ66 with model AF-Q9BQ66-F1-model_v4.pdb
ERROR:2025-10-30 14:56:06,152:No transcript record found for Q9BQ66 in gnomAD.
INFO:2025-10-30 14:56:06,153:Processing Q9BQ67 with model AF-Q9BQ67-F1-model_v4.pdb
INFO:2025-10-30 14:56:06,238:Computing HSC features for: Q9BQ67, ENST00000253237, ../Ntranos_Rotation/ESM-SaProt/AF-Q9BQ67-F1-model_v4.pdb.gz
INFO:2025-10-30 14:57:44,134:Successfully computed HSC for Q9BQ67.
INFO:2025-10-30 14:57:44,135:Processing Q9BQ69 with model AF-Q9BQ69-F1-model_v4.pdb
INFO:2025-10-30 14:57:44,265:Computing HSC features for: Q9BQ69, ENST00000255681, ../Ntranos_Rotation/ESM-SaProt/AF-Q9BQ69-F1-model_v4.pdb.gz
INFO:2025-10-30 14:59:06,552:Successfully computed HSC for Q9BQ69.
INFO:2025-10-30 14:59:06,552:Processing Q9BQ70 with model AF-Q9BQ70-F1-model_v4.pdb
INFO:2025-10-30 14:59:06,651:Computing HSC features for: Q9BQ70, ENST00000263346, ../Ntranos_Rotation/ESM-SaProt/AF-Q9BQ70-F1-model_v4.pdb.gz
INFO:2025-10-30 15:00:28,810:Successfully computed HSC for Q9BQ70.
INFO:2025-10-30 15:00:28,810:Processing Q9BQ75 with model AF-Q9BQ75-F1-model_v4.pdb
INFO:2025-10-30 15:00:28,869:Computing HSC features for: Q9BQ75, ENST00000421999, ../Ntranos_Rotation/ESM-SaProt/AF-Q9BQ75-F1-model_v4.pdb.gz
INFO:2025-10-30 15:00:51,911:Successfully computed HSC for Q9BQ75.
INFO:2025-10-30 15:00:51,911:Processing Q9BQ83 with model AF-Q9BQ83-F1-model_v4.pdb
INFO:2025-10-30 15:00:51,963:Computing HSC features for: Q9BQ83, ENST00000251303, ../Ntranos_Rotation/ESM-SaProt/AF-Q9BQ83-F1-model_v4.pdb.gz
INFO:2025-10-30 15:01:53,766:Successfully computed HSC for Q9BQ83.
INFO:2025-10-30 15:01:53,766:Processing Q9BQ87 with model AF-Q9BQ87-F1-model_v4.pdb
INFO:2025-10-30 15:01:53,896:Computing HSC features for: Q9BQ87, ENST00000346432, ../Ntranos_Rotation/ESM-SaProt/AF-Q9BQ87-F1-model_v4.pdb.gz
ERROR:2025-10-30 15:01:54,126:Missing ENST record in counts: ENST00000346432
INFO:2025-10-30 15:01:54,126:Pipeline completed.
INFO:2025-10-30 15:01:54,126:no_enst_for_uniprot: 0
INFO:2025-10-30 15:01:54,126:no_valid_cds: 1
INFO:2025-10-30 15:01:54,126:no_variant_data: 4
INFO:2025-10-30 15:01:54,126:bad_structure: 0
INFO:2025-10-30 15:01:54,126:no_enst_mp: 1
