INFO:2025-10-30 14:47:01,735:Starting HSC computation pipeline...
INFO:2025-10-30 14:47:42,813:Processing Q9HBU1 with model AF-Q9HBU1-F1-model_v4.pdb
INFO:2025-10-30 14:47:42,925:Computing HSC features for: Q9HBU1, ENST00000253968, ../Ntranos_Rotation/ESM-SaProt/AF-Q9HBU1-F1-model_v4.pdb.gz
INFO:2025-10-30 14:48:47,028:Successfully computed HSC for Q9HBU1.
INFO:2025-10-30 14:48:47,028:Processing Q9HBU6 with model AF-Q9HBU6-F1-model_v4.pdb
ERROR:2025-10-30 14:48:47,112:No transcript record found for Q9HBU6 in gnomAD.
INFO:2025-10-30 14:48:47,113:Processing Q9HBU9 with model AF-Q9HBU9-F1-model_v4.pdb
INFO:2025-10-30 14:48:47,204:Computing HSC features for: Q9HBU9, ENST00000264231, ../Ntranos_Rotation/ESM-SaProt/AF-Q9HBU9-F1-model_v4.pdb.gz
INFO:2025-10-30 14:49:35,848:Successfully computed HSC for Q9HBU9.
INFO:2025-10-30 14:49:35,848:Processing Q9HBV1 with model AF-Q9HBV1-F1-model_v4.pdb
INFO:2025-10-30 14:49:36,016:Computing HSC features for: Q9HBV1, ENST00000254765, ../Ntranos_Rotation/ESM-SaProt/AF-Q9HBV1-F1-model_v4.pdb.gz
INFO:2025-10-30 14:50:11,865:Successfully computed HSC for Q9HBV1.
INFO:2025-10-30 14:50:11,865:Processing Q9HBV2 with model AF-Q9HBV2-F1-model_v4.pdb
INFO:2025-10-30 14:50:11,953:Computing HSC features for: Q9HBV2, ENST00000237201, ../Ntranos_Rotation/ESM-SaProt/AF-Q9HBV2-F1-model_v4.pdb.gz
INFO:2025-10-30 14:50:48,067:Successfully computed HSC for Q9HBV2.
INFO:2025-10-30 14:50:48,067:Processing Q9HBW0 with model AF-Q9HBW0-F1-model_v4.pdb
INFO:2025-10-30 14:50:48,185:Computing HSC features for: Q9HBW0, ENST00000407877, ../Ntranos_Rotation/ESM-SaProt/AF-Q9HBW0-F1-model_v4.pdb.gz
INFO:2025-10-30 14:51:24,897:Successfully computed HSC for Q9HBW0.
INFO:2025-10-30 14:51:24,897:Processing Q9HBW1 with model AF-Q9HBW1-F1-model_v4.pdb
INFO:2025-10-30 14:51:24,976:Computing HSC features for: Q9HBW1, ENST00000249363, ../Ntranos_Rotation/ESM-SaProt/AF-Q9HBW1-F1-model_v4.pdb.gz
INFO:2025-10-30 14:52:16,784:Successfully computed HSC for Q9HBW1.
INFO:2025-10-30 14:52:16,784:Processing Q9HBW9 with model AF-Q9HBW9-F1-model_v4.pdb
INFO:2025-10-30 14:52:16,868:Computing HSC features for: Q9HBW9, ENST00000370742, ../Ntranos_Rotation/ESM-SaProt/AF-Q9HBW9-F1-model_v4.pdb.gz
INFO:2025-10-30 14:53:01,401:Successfully computed HSC for Q9HBW9.
INFO:2025-10-30 14:53:01,401:Processing Q9HBX3 with model AF-Q9HBX3-F1-model_v4.pdb
ERROR:2025-10-30 14:53:01,439:No ENST transcript IDs were mapped to Q9HBX3
INFO:2025-10-30 14:53:01,439:Processing Q9HBX8 with model AF-Q9HBX8-F1-model_v4.pdb
INFO:2025-10-30 14:53:01,598:Computing HSC features for: Q9HBX8, ENST00000367278, ../Ntranos_Rotation/ESM-SaProt/AF-Q9HBX8-F1-model_v4.pdb.gz
INFO:2025-10-30 14:54:28,787:Successfully computed HSC for Q9HBX8.
INFO:2025-10-30 14:54:28,787:Processing Q9HBX9 with model AF-Q9HBX9-F1-model_v4.pdb
INFO:2025-10-30 14:54:28,893:Computing HSC features for: Q9HBX9, ENST00000307765, ../Ntranos_Rotation/ESM-SaProt/AF-Q9HBX9-F1-model_v4.pdb.gz
INFO:2025-10-30 14:55:12,580:Successfully computed HSC for Q9HBX9.
INFO:2025-10-30 14:55:12,580:Processing Q9HBY0 with model AF-Q9HBY0-F1-model_v4.pdb
INFO:2025-10-30 14:55:12,729:Computing HSC features for: Q9HBY0, ENST00000159060, ../Ntranos_Rotation/ESM-SaProt/AF-Q9HBY0-F1-model_v4.pdb.gz
INFO:2025-10-30 14:55:52,766:Successfully computed HSC for Q9HBY0.
INFO:2025-10-30 14:55:52,766:Processing Q9HBY8 with model AF-Q9HBY8-F1-model_v4.pdb
INFO:2025-10-30 14:55:52,823:Computing HSC features for: Q9HBY8, ENST00000373100, ../Ntranos_Rotation/ESM-SaProt/AF-Q9HBY8-F1-model_v4.pdb.gz
INFO:2025-10-30 14:56:23,144:Successfully computed HSC for Q9HBY8.
INFO:2025-10-30 14:56:23,144:Processing Q9HBZ2 with model AF-Q9HBZ2-F1-model_v4.pdb
INFO:2025-10-30 14:56:23,240:Computing HSC features for: Q9HBZ2, ENST00000303329, ../Ntranos_Rotation/ESM-SaProt/AF-Q9HBZ2-F1-model_v4.pdb.gz
INFO:2025-10-30 14:57:16,981:Successfully computed HSC for Q9HBZ2.
INFO:2025-10-30 14:57:16,981:Processing Q9HC07 with model AF-Q9HC07-F1-model_v4.pdb
INFO:2025-10-30 14:57:17,040:Computing HSC features for: Q9HC07, ENST00000381334, ../Ntranos_Rotation/ESM-SaProt/AF-Q9HC07-F1-model_v4.pdb.gz
INFO:2025-10-30 14:57:42,359:Successfully computed HSC for Q9HC07.
INFO:2025-10-30 14:57:42,359:Processing Q9HC10 with model AF-Q9HC10-F1-model_v4.pdb
INFO:2025-10-30 14:57:42,560:Computing HSC features for: Q9HC10, ENST00000272371, ../Ntranos_Rotation/ESM-SaProt/AF-Q9HC10-F1-model_v4.pdb.gz
INFO:2025-10-30 15:00:47,148:Successfully computed HSC for Q9HC10.
INFO:2025-10-30 15:00:47,148:Processing Q9HC16 with model AF-Q9HC16-F1-model_v4.pdb
INFO:2025-10-30 15:00:47,223:Computing HSC features for: Q9HC16, ENST00000407997, ../Ntranos_Rotation/ESM-SaProt/AF-Q9HC16-F1-model_v4.pdb.gz
INFO:2025-10-30 15:01:14,674:Successfully computed HSC for Q9HC16.
INFO:2025-10-30 15:01:14,674:Processing Q9HC21 with model AF-Q9HC21-F1-model_v4.pdb
INFO:2025-10-30 15:01:14,731:Computing HSC features for: Q9HC21, ENST00000320362, ../Ntranos_Rotation/ESM-SaProt/AF-Q9HC21-F1-model_v4.pdb.gz
INFO:2025-10-30 15:01:39,406:Successfully computed HSC for Q9HC21.
INFO:2025-10-30 15:01:39,407:Processing Q9HC23 with model AF-Q9HC23-F1-model_v4.pdb
INFO:2025-10-30 15:01:39,472:Computing HSC features for: Q9HC23, ENST00000295619, ../Ntranos_Rotation/ESM-SaProt/AF-Q9HC23-F1-model_v4.pdb.gz
INFO:2025-10-30 15:01:54,355:Successfully computed HSC for Q9HC23.
INFO:2025-10-30 15:01:54,355:Processing Q9HC24 with model AF-Q9HC24-F1-model_v4.pdb
INFO:2025-10-30 15:01:54,413:Computing HSC features for: Q9HC24, ENST00000358230, ../Ntranos_Rotation/ESM-SaProt/AF-Q9HC24-F1-model_v4.pdb.gz
INFO:2025-10-30 15:02:11,990:Successfully computed HSC for Q9HC24.
INFO:2025-10-30 15:02:11,990:Processing Q9HC29 with model AF-Q9HC29-F1-model_v4.pdb
INFO:2025-10-30 15:02:12,122:Computing HSC features for: Q9HC29, ENST00000300589, ../Ntranos_Rotation/ESM-SaProt/AF-Q9HC29-F1-model_v4.pdb.gz
INFO:2025-10-30 15:03:36,962:Successfully computed HSC for Q9HC29.
INFO:2025-10-30 15:03:36,962:Processing Q9HC35 with model AF-Q9HC35-F1-model_v4.pdb
INFO:2025-10-30 15:03:37,122:Computing HSC features for: Q9HC35, ENST00000318522, ../Ntranos_Rotation/ESM-SaProt/AF-Q9HC35-F1-model_v4.pdb.gz
INFO:2025-10-30 15:04:54,404:Successfully computed HSC for Q9HC35.
INFO:2025-10-30 15:04:54,404:Processing Q9HC36 with model AF-Q9HC36-F1-model_v4.pdb
INFO:2025-10-30 15:04:54,478:Computing HSC features for: Q9HC36, ENST00000304478, ../Ntranos_Rotation/ESM-SaProt/AF-Q9HC36-F1-model_v4.pdb.gz
INFO:2025-10-30 15:05:28,767:Successfully computed HSC for Q9HC36.
INFO:2025-10-30 15:05:28,767:Processing Q9HC38 with model AF-Q9HC38-F1-model_v4.pdb
INFO:2025-10-30 15:05:28,820:Computing HSC features for: Q9HC38, ENST00000301328, ../Ntranos_Rotation/ESM-SaProt/AF-Q9HC38-F1-model_v4.pdb.gz
INFO:2025-10-30 15:05:51,187:Successfully computed HSC for Q9HC38.
INFO:2025-10-30 15:05:51,188:Processing Q9HC44 with model AF-Q9HC44-F1-model_v4.pdb
INFO:2025-10-30 15:05:51,282:Computing HSC features for: Q9HC44, ENST00000290795, ../Ntranos_Rotation/ESM-SaProt/AF-Q9HC44-F1-model_v4.pdb.gz
INFO:2025-10-30 15:06:20,964:Successfully computed HSC for Q9HC44.
INFO:2025-10-30 15:06:20,964:Processing Q9HC52 with model AF-Q9HC52-F1-model_v4.pdb
INFO:2025-10-30 15:06:21,215:Computing HSC features for: Q9HC52, ENST00000269385, ../Ntranos_Rotation/ESM-SaProt/AF-Q9HC52-F1-model_v4.pdb.gz
INFO:2025-10-30 15:07:11,597:Successfully computed HSC for Q9HC52.
INFO:2025-10-30 15:07:11,597:Processing Q9HC56 with model AF-Q9HC56-F1-model_v4.pdb
INFO:2025-10-30 15:07:11,828:Computing HSC features for: Q9HC56, ENST00000377865, ../Ntranos_Rotation/ESM-SaProt/AF-Q9HC56-F1-model_v4.pdb.gz
INFO:2025-10-30 15:09:40,312:Successfully computed HSC for Q9HC56.
INFO:2025-10-30 15:09:40,312:Processing Q9HC57 with model AF-Q9HC57-F1-model_v4.pdb
INFO:2025-10-30 15:09:40,377:Computing HSC features for: Q9HC57, ENST00000219454, ../Ntranos_Rotation/ESM-SaProt/AF-Q9HC57-F1-model_v4.pdb.gz
INFO:2025-10-30 15:10:29,835:Successfully computed HSC for Q9HC57.
INFO:2025-10-30 15:10:29,835:Processing Q9HC58 with model AF-Q9HC58-F1-model_v4.pdb
INFO:2025-10-30 15:10:29,969:Computing HSC features for: Q9HC58, ENST00000328041, ../Ntranos_Rotation/ESM-SaProt/AF-Q9HC58-F1-model_v4.pdb.gz
INFO:2025-10-30 15:12:17,007:Successfully computed HSC for Q9HC58.
INFO:2025-10-30 15:12:17,007:Processing Q9HC62 with model AF-Q9HC62-F1-model_v4.pdb
INFO:2025-10-30 15:12:17,163:Computing HSC features for: Q9HC62, ENST00000296257, ../Ntranos_Rotation/ESM-SaProt/AF-Q9HC62-F1-model_v4.pdb.gz
INFO:2025-10-30 15:12:53,103:Successfully computed HSC for Q9HC62.
INFO:2025-10-30 15:12:53,103:Processing Q9HC73 with model AF-Q9HC73-F1-model_v4.pdb
ERROR:2025-10-30 15:12:53,171:No transcript record found for Q9HC73 in gnomAD.
INFO:2025-10-30 15:12:53,171:Processing Q9HC77 with model AF-Q9HC77-F1-model_v4.pdb
INFO:2025-10-30 15:12:53,700:Computing HSC features for: Q9HC77, ENST00000381884, ../Ntranos_Rotation/ESM-SaProt/AF-Q9HC77-F1-model_v4.pdb.gz
INFO:2025-10-30 15:14:24,768:Successfully computed HSC for Q9HC77.
INFO:2025-10-30 15:14:24,768:Processing Q9HC78 with model AF-Q9HC78-F1-model_v4.pdb
ERROR:2025-10-30 15:14:24,852:No transcript record found for Q9HC78 in gnomAD.
INFO:2025-10-30 15:14:24,852:Processing Q9HC84 with model AF-Q9HC84-F1-model_v4.pdb
ERROR:2025-10-30 15:14:24,989:No valid CDS found for Q9HC84
INFO:2025-10-30 15:14:24,989:Processing Q9HC96 with model AF-Q9HC96-F1-model_v4.pdb
INFO:2025-10-30 15:14:25,065:Computing HSC features for: Q9HC96, ENST00000391984, ../Ntranos_Rotation/ESM-SaProt/AF-Q9HC96-F1-model_v4.pdb.gz
INFO:2025-10-30 15:15:27,976:Successfully computed HSC for Q9HC96.
INFO:2025-10-30 15:15:27,976:Processing Q9HC97 with model AF-Q9HC97-F1-model_v4.pdb
INFO:2025-10-30 15:15:28,028:Computing HSC features for: Q9HC97, ENST00000438013, ../Ntranos_Rotation/ESM-SaProt/AF-Q9HC97-F1-model_v4.pdb.gz
INFO:2025-10-30 15:15:57,483:Successfully computed HSC for Q9HC97.
INFO:2025-10-30 15:15:57,483:Processing Q9HC98 with model AF-Q9HC98-F1-model_v4.pdb
INFO:2025-10-30 15:15:57,534:Computing HSC features for: Q9HC98, ENST00000320246, ../Ntranos_Rotation/ESM-SaProt/AF-Q9HC98-F1-model_v4.pdb.gz
INFO:2025-10-30 15:16:23,020:Successfully computed HSC for Q9HC98.
INFO:2025-10-30 15:16:23,020:Processing Q9HCB6 with model AF-Q9HCB6-F1-model_v4.pdb
ERROR:2025-10-30 15:16:23,147:No transcript record found for Q9HCB6 in gnomAD.
INFO:2025-10-30 15:16:23,147:Processing Q9HCC0 with model AF-Q9HCC0-F1-model_v4.pdb
INFO:2025-10-30 15:16:23,216:Computing HSC features for: Q9HCC0, ENST00000340941, ../Ntranos_Rotation/ESM-SaProt/AF-Q9HCC0-F1-model_v4.pdb.gz
INFO:2025-10-30 15:17:00,432:Successfully computed HSC for Q9HCC0.
INFO:2025-10-30 15:17:00,432:Processing Q9HCC6 with model AF-Q9HCC6-F1-model_v4.pdb
INFO:2025-10-30 15:17:00,476:Computing HSC features for: Q9HCC6, ENST00000304952, ../Ntranos_Rotation/ESM-SaProt/AF-Q9HCC6-F1-model_v4.pdb.gz
INFO:2025-10-30 15:17:31,838:Successfully computed HSC for Q9HCC6.
INFO:2025-10-30 15:17:31,838:Processing Q9HCC8 with model AF-Q9HCC8-F1-model_v4.pdb
INFO:2025-10-30 15:17:31,911:Computing HSC features for: Q9HCC8, ENST00000374382, ../Ntranos_Rotation/ESM-SaProt/AF-Q9HCC8-F1-model_v4.pdb.gz
INFO:2025-10-30 15:18:14,082:Successfully computed HSC for Q9HCC8.
INFO:2025-10-30 15:18:14,082:Processing Q9HCC9 with model AF-Q9HCC9-F1-model_v4.pdb
INFO:2025-10-30 15:18:14,258:Computing HSC features for: Q9HCC9, ENST00000290974, ../Ntranos_Rotation/ESM-SaProt/AF-Q9HCC9-F1-model_v4.pdb.gz
INFO:2025-10-30 15:20:26,335:Successfully computed HSC for Q9HCC9.
INFO:2025-10-30 15:20:26,335:Processing Q9HCD5 with model AF-Q9HCD5-F1-model_v4.pdb
INFO:2025-10-30 15:20:26,456:Computing HSC features for: Q9HCD5, ENST00000290231, ../Ntranos_Rotation/ESM-SaProt/AF-Q9HCD5-F1-model_v4.pdb.gz
INFO:2025-10-30 15:21:26,390:Successfully computed HSC for Q9HCD5.
INFO:2025-10-30 15:21:26,390:Processing Q9HCD6 with model AF-Q9HCD6-F1-model_v4.pdb
INFO:2025-10-30 15:21:26,593:Computing HSC features for: Q9HCD6, ENST00000424789, ../Ntranos_Rotation/ESM-SaProt/AF-Q9HCD6-F1-model_v4.pdb.gz
INFO:2025-10-30 15:23:38,093:Successfully computed HSC for Q9HCD6.
INFO:2025-10-30 15:23:38,093:Processing Q9HCE0 with model AF-Q9HCE0-F1-model_v4.pdb
INFO:2025-10-30 15:23:38,610:Computing HSC features for: Q9HCE0, ENST00000282041, ../Ntranos_Rotation/ESM-SaProt/AF-Q9HCE0-F1-model_v4.pdb.gz
INFO:2025-10-30 15:26:19,428:Successfully computed HSC for Q9HCE0.
INFO:2025-10-30 15:26:19,429:Processing Q9HCE1 with model AF-Q9HCE1-F1-model_v4.pdb
INFO:2025-10-30 15:26:19,543:Computing HSC features for: Q9HCE1, ENST00000357443, ../Ntranos_Rotation/ESM-SaProt/AF-Q9HCE1-F1-model_v4.pdb.gz
INFO:2025-10-30 15:27:40,280:Successfully computed HSC for Q9HCE1.
INFO:2025-10-30 15:27:40,280:Processing Q9HCE3 with model AF-Q9HCE3-F1-model_v4.pdb
INFO:2025-10-30 15:27:40,413:Computing HSC features for: Q9HCE3, ENST00000336078, ../Ntranos_Rotation/ESM-SaProt/AF-Q9HCE3-F1-model_v4.pdb.gz
INFO:2025-10-30 15:29:13,764:Successfully computed HSC for Q9HCE3.
INFO:2025-10-30 15:29:13,764:Processing Q9HCE5 with model AF-Q9HCE5-F1-model_v4.pdb
INFO:2025-10-30 15:29:13,841:Computing HSC features for: Q9HCE5, ENST00000388822, ../Ntranos_Rotation/ESM-SaProt/AF-Q9HCE5-F1-model_v4.pdb.gz
INFO:2025-10-30 15:29:42,633:Successfully computed HSC for Q9HCE5.
INFO:2025-10-30 15:29:42,634:Processing Q9HCE6 with model AF-Q9HCE6-F1-model_v4.pdb
INFO:2025-10-30 15:29:42,770:Computing HSC features for: Q9HCE6, ENST00000361221, ../Ntranos_Rotation/ESM-SaProt/AF-Q9HCE6-F1-model_v4.pdb.gz
INFO:2025-10-30 15:31:39,643:Successfully computed HSC for Q9HCE6.
INFO:2025-10-30 15:31:39,644:Processing Q9HCE7 with model AF-Q9HCE7-F1-model_v4.pdb
INFO:2025-10-30 15:31:39,786:Computing HSC features for: Q9HCE7, ENST00000361125, ../Ntranos_Rotation/ESM-SaProt/AF-Q9HCE7-F1-model_v4.pdb.gz
INFO:2025-10-30 15:32:50,359:Successfully computed HSC for Q9HCE7.
INFO:2025-10-30 15:32:50,360:Pipeline completed.
INFO:2025-10-30 15:32:50,360:no_enst_for_uniprot: 1
INFO:2025-10-30 15:32:50,360:no_valid_cds: 1
INFO:2025-10-30 15:32:50,360:no_variant_data: 4
INFO:2025-10-30 15:32:50,360:bad_structure: 0
INFO:2025-10-30 15:32:50,360:no_enst_mp: 0
