INFO:2025-10-30 14:24:57,378:Starting HSC computation pipeline...
INFO:2025-10-30 14:25:45,656:Processing P17927 with model AF-P17927-F1-model_v4.pdb
INFO:2025-10-30 14:25:45,919:Computing HSC features for: P17927, ENST00000400960, ../Ntranos_Rotation/ESM-SaProt/AF-P17927-F1-model_v4.pdb.gz
INFO:2025-10-30 14:28:51,236:Successfully computed HSC for P17927.
INFO:2025-10-30 14:28:51,236:Processing P17931 with model AF-P17931-F1-model_v4.pdb
INFO:2025-10-30 14:28:51,554:Computing HSC features for: P17931, ENST00000254301, ../Ntranos_Rotation/ESM-SaProt/AF-P17931-F1-model_v4.pdb.gz
INFO:2025-10-30 14:29:14,452:Successfully computed HSC for P17931.
INFO:2025-10-30 14:29:14,452:Processing P17936 with model AF-P17936-F1-model_v4.pdb
ERROR:2025-10-30 14:29:14,543:No transcript record found for P17936 in gnomAD.
INFO:2025-10-30 14:29:14,544:Processing P17947 with model AF-P17947-F1-model_v4.pdb
INFO:2025-10-30 14:29:14,646:Computing HSC features for: P17947, ENST00000378538, ../Ntranos_Rotation/ESM-SaProt/AF-P17947-F1-model_v4.pdb.gz
INFO:2025-10-30 14:29:48,684:Successfully computed HSC for P17947.
INFO:2025-10-30 14:29:48,684:Processing P17948 with model AF-P17948-F1-model_v4.pdb
INFO:2025-10-30 14:29:48,856:Computing HSC features for: P17948, ENST00000282397, ../Ntranos_Rotation/ESM-SaProt/AF-P17948-F1-model_v4.pdb.gz
INFO:2025-10-30 14:31:38,997:Successfully computed HSC for P17948.
INFO:2025-10-30 14:31:38,997:Processing P17980 with model AF-P17980-F1-model_v4.pdb
INFO:2025-10-30 14:31:39,088:Computing HSC features for: P17980, ENST00000298852, ../Ntranos_Rotation/ESM-SaProt/AF-P17980-F1-model_v4.pdb.gz
INFO:2025-10-30 14:32:20,927:Successfully computed HSC for P17980.
INFO:2025-10-30 14:32:20,927:Processing P17987 with model AF-P17987-F1-model_v4.pdb
INFO:2025-10-30 14:32:21,028:Computing HSC features for: P17987, ENST00000321394, ../Ntranos_Rotation/ESM-SaProt/AF-P17987-F1-model_v4.pdb.gz
INFO:2025-10-30 14:33:02,766:Successfully computed HSC for P17987.
INFO:2025-10-30 14:33:02,767:Processing P18031 with model AF-P18031-F1-model_v4.pdb
INFO:2025-10-30 14:33:02,899:Computing HSC features for: P18031, ENST00000371621, ../Ntranos_Rotation/ESM-SaProt/AF-P18031-F1-model_v4.pdb.gz
INFO:2025-10-30 14:33:47,964:Successfully computed HSC for P18031.
INFO:2025-10-30 14:33:47,964:Processing P18054 with model AF-P18054-F1-model_v4.pdb
INFO:2025-10-30 14:33:48,112:Computing HSC features for: P18054, ENST00000251535, ../Ntranos_Rotation/ESM-SaProt/AF-P18054-F1-model_v4.pdb.gz
INFO:2025-10-30 14:34:56,910:Successfully computed HSC for P18054.
INFO:2025-10-30 14:34:56,910:Processing P18065 with model AF-P18065-F1-model_v4.pdb
INFO:2025-10-30 14:34:57,099:Computing HSC features for: P18065, ENST00000233809, ../Ntranos_Rotation/ESM-SaProt/AF-P18065-F1-model_v4.pdb.gz
INFO:2025-10-30 14:35:44,172:Successfully computed HSC for P18065.
INFO:2025-10-30 14:35:44,172:Processing P18074 with model AF-P18074-F1-model_v4.pdb
INFO:2025-10-30 14:35:44,281:Computing HSC features for: P18074, ENST00000391945, ../Ntranos_Rotation/ESM-SaProt/AF-P18074-F1-model_v4.pdb.gz
INFO:2025-10-30 14:37:12,147:Successfully computed HSC for P18074.
INFO:2025-10-30 14:37:12,147:Processing P18075 with model AF-P18075-F1-model_v4.pdb
INFO:2025-10-30 14:37:12,266:Computing HSC features for: P18075, ENST00000395863, ../Ntranos_Rotation/ESM-SaProt/AF-P18075-F1-model_v4.pdb.gz
INFO:2025-10-30 14:38:08,403:Successfully computed HSC for P18075.
INFO:2025-10-30 14:38:08,403:Processing P18077 with model AF-P18077-F1-model_v4.pdb
INFO:2025-10-30 14:38:08,440:Computing HSC features for: P18077, ENST00000448864, ../Ntranos_Rotation/ESM-SaProt/AF-P18077-F1-model_v4.pdb.gz
INFO:2025-10-30 14:38:23,975:Successfully computed HSC for P18077.
INFO:2025-10-30 14:38:23,975:Processing P18084 with model AF-P18084-F1-model_v4.pdb
INFO:2025-10-30 14:38:24,129:Computing HSC features for: P18084, ENST00000296181, ../Ntranos_Rotation/ESM-SaProt/AF-P18084-F1-model_v4.pdb.gz
INFO:2025-10-30 14:39:43,866:Successfully computed HSC for P18084.
INFO:2025-10-30 14:39:43,866:Processing P18085 with model AF-P18085-F1-model_v4.pdb
INFO:2025-10-30 14:39:43,959:Computing HSC features for: P18085, ENST00000303436, ../Ntranos_Rotation/ESM-SaProt/AF-P18085-F1-model_v4.pdb.gz
INFO:2025-10-30 14:39:57,816:Successfully computed HSC for P18085.
INFO:2025-10-30 14:39:57,817:Processing P18089 with model AF-P18089-F1-model_v4.pdb
ERROR:2025-10-30 14:39:57,988:No transcript record found for P18089 in gnomAD.
INFO:2025-10-30 14:39:57,988:Processing P18124 with model AF-P18124-F1-model_v4.pdb
INFO:2025-10-30 14:39:58,250:Computing HSC features for: P18124, ENST00000352983, ../Ntranos_Rotation/ESM-SaProt/AF-P18124-F1-model_v4.pdb.gz
INFO:2025-10-30 14:40:19,919:Successfully computed HSC for P18124.
INFO:2025-10-30 14:40:19,919:Processing P18146 with model AF-P18146-F1-model_v4.pdb
INFO:2025-10-30 14:40:20,044:Computing HSC features for: P18146, ENST00000239938, ../Ntranos_Rotation/ESM-SaProt/AF-P18146-F1-model_v4.pdb.gz
INFO:2025-10-30 14:41:29,245:Successfully computed HSC for P18146.
INFO:2025-10-30 14:41:29,245:Processing P18206 with model AF-P18206-F1-model_v4.pdb
INFO:2025-10-30 14:41:29,541:Computing HSC features for: P18206, ENST00000211998, ../Ntranos_Rotation/ESM-SaProt/AF-P18206-F1-model_v4.pdb.gz
INFO:2025-10-30 14:43:11,092:Successfully computed HSC for P18206.
INFO:2025-10-30 14:43:11,092:Processing P18405 with model AF-P18405-F1-model_v4.pdb
INFO:2025-10-30 14:43:11,185:Computing HSC features for: P18405, ENST00000274192, ../Ntranos_Rotation/ESM-SaProt/AF-P18405-F1-model_v4.pdb.gz
INFO:2025-10-30 14:43:43,327:Successfully computed HSC for P18405.
INFO:2025-10-30 14:43:43,327:Processing P18428 with model AF-P18428-F1-model_v4.pdb
INFO:2025-10-30 14:43:43,411:Computing HSC features for: P18428, ENST00000217407, ../Ntranos_Rotation/ESM-SaProt/AF-P18428-F1-model_v4.pdb.gz
INFO:2025-10-30 14:44:25,808:Successfully computed HSC for P18428.
INFO:2025-10-30 14:44:25,808:Processing P18433 with model AF-P18433-F1-model_v4.pdb
INFO:2025-10-30 14:44:25,916:Computing HSC features for: P18433, ENST00000399903, ../Ntranos_Rotation/ESM-SaProt/AF-P18433-F1-model_v4.pdb.gz
INFO:2025-10-30 14:45:39,130:Successfully computed HSC for P18433.
INFO:2025-10-30 14:45:39,130:Processing P18440 with model AF-P18440-F1-model_v4.pdb
INFO:2025-10-30 14:45:39,185:Computing HSC features for: P18440, ENST00000307719, ../Ntranos_Rotation/ESM-SaProt/AF-P18440-F1-model_v4.pdb.gz
INFO:2025-10-30 14:45:59,496:Successfully computed HSC for P18440.
INFO:2025-10-30 14:45:59,496:Processing P18505 with model AF-P18505-F1-model_v4.pdb
INFO:2025-10-30 14:45:59,613:Computing HSC features for: P18505, ENST00000295454, ../Ntranos_Rotation/ESM-SaProt/AF-P18505-F1-model_v4.pdb.gz
INFO:2025-10-30 14:46:44,535:Successfully computed HSC for P18505.
INFO:2025-10-30 14:46:44,535:Processing P18507 with model AF-P18507-F1-model_v4.pdb
ERROR:2025-10-30 14:46:44,633:No transcript record found for P18507 in gnomAD.
INFO:2025-10-30 14:46:44,633:Processing P18509 with model AF-P18509-F1-model_v4.pdb
INFO:2025-10-30 14:46:44,688:Computing HSC features for: P18509, ENST00000450565, ../Ntranos_Rotation/ESM-SaProt/AF-P18509-F1-model_v4.pdb.gz
INFO:2025-10-30 14:47:19,509:Successfully computed HSC for P18509.
INFO:2025-10-30 14:47:19,509:Processing P18510 with model AF-P18510-F1-model_v4.pdb
ERROR:2025-10-30 14:47:19,630:No transcript record found for P18510 in gnomAD.
INFO:2025-10-30 14:47:19,630:Processing P18545 with model AF-P18545-F1-model_v4.pdb
INFO:2025-10-30 14:47:19,678:Computing HSC features for: P18545, ENST00000331056, ../Ntranos_Rotation/ESM-SaProt/AF-P18545-F1-model_v4.pdb.gz
INFO:2025-10-30 14:47:27,779:Successfully computed HSC for P18545.
INFO:2025-10-30 14:47:27,779:Processing P18564 with model AF-P18564-F1-model_v4.pdb
INFO:2025-10-30 14:47:27,927:Computing HSC features for: P18564, ENST00000283249, ../Ntranos_Rotation/ESM-SaProt/AF-P18564-F1-model_v4.pdb.gz
INFO:2025-10-30 14:48:36,822:Successfully computed HSC for P18564.
INFO:2025-10-30 14:48:36,822:Processing P18577 with model AF-P18577-F1-model_v4.pdb
INFO:2025-10-30 14:48:36,893:Computing HSC features for: P18577, ENST00000294413, ../Ntranos_Rotation/ESM-SaProt/AF-P18577-F1-model_v4.pdb.gz
INFO:2025-10-30 14:49:12,111:Successfully computed HSC for P18577.
INFO:2025-10-30 14:49:12,111:Processing P18583 with model AF-P18583-F1-model_v4.pdb
INFO:2025-10-30 14:49:12,727:Computing HSC features for: P18583, ENST00000356577, ../Ntranos_Rotation/ESM-SaProt/AF-P18583-F1-model_v4.pdb.gz
INFO:2025-10-30 14:52:20,396:Successfully computed HSC for P18583.
INFO:2025-10-30 14:52:20,396:Processing P18615 with model AF-P18615-F1-model_v4.pdb
INFO:2025-10-30 14:52:20,536:Computing HSC features for: P18615, ENST00000375429, ../Ntranos_Rotation/ESM-SaProt/AF-P18615-F1-model_v4.pdb.gz
INFO:2025-10-30 14:52:57,334:Successfully computed HSC for P18615.
INFO:2025-10-30 14:52:57,334:Processing P18621 with model AF-P18621-F1-model_v4.pdb
INFO:2025-10-30 14:52:57,404:Computing HSC features for: P18621, ENST00000579248, ../Ntranos_Rotation/ESM-SaProt/AF-P18621-F1-model_v4.pdb.gz
INFO:2025-10-30 14:53:15,729:Successfully computed HSC for P18621.
INFO:2025-10-30 14:53:15,730:Processing P18627 with model AF-P18627-F1-model_v4.pdb
INFO:2025-10-30 14:53:15,816:Computing HSC features for: P18627, ENST00000203629, ../Ntranos_Rotation/ESM-SaProt/AF-P18627-F1-model_v4.pdb.gz
INFO:2025-10-30 14:54:14,639:Successfully computed HSC for P18627.
INFO:2025-10-30 14:54:14,639:Processing P18669 with model AF-P18669-F1-model_v4.pdb
INFO:2025-10-30 14:54:14,717:Computing HSC features for: P18669, ENST00000334828, ../Ntranos_Rotation/ESM-SaProt/AF-P18669-F1-model_v4.pdb.gz
INFO:2025-10-30 14:54:46,430:Successfully computed HSC for P18669.
INFO:2025-10-30 14:54:46,430:Processing P18754 with model AF-P18754-F1-model_v4.pdb
INFO:2025-10-30 14:54:46,520:Computing HSC features for: P18754, ENST00000373832, ../Ntranos_Rotation/ESM-SaProt/AF-P18754-F1-model_v4.pdb.gz
INFO:2025-10-30 14:55:42,842:Successfully computed HSC for P18754.
INFO:2025-10-30 14:55:42,842:Processing P18825 with model AF-P18825-F1-model_v4.pdb
INFO:2025-10-30 14:55:42,963:Computing HSC features for: P18825, ENST00000330055, ../Ntranos_Rotation/ESM-SaProt/AF-P18825-F1-model_v4.pdb.gz
INFO:2025-10-30 14:57:10,362:Successfully computed HSC for P18825.
INFO:2025-10-30 14:57:10,362:Processing P18827 with model AF-P18827-F1-model_v4.pdb
INFO:2025-10-30 14:57:10,455:Computing HSC features for: P18827, ENST00000254351, ../Ntranos_Rotation/ESM-SaProt/AF-P18827-F1-model_v4.pdb.gz
INFO:2025-10-30 14:57:41,752:Successfully computed HSC for P18827.
INFO:2025-10-30 14:57:41,752:Processing P18846 with model AF-P18846-F1-model_v4.pdb
INFO:2025-10-30 14:57:41,830:Computing HSC features for: P18846, ENST00000262053, ../Ntranos_Rotation/ESM-SaProt/AF-P18846-F1-model_v4.pdb.gz
INFO:2025-10-30 14:58:01,678:Successfully computed HSC for P18846.
INFO:2025-10-30 14:58:01,678:Processing P18847 with model AF-P18847-F1-model_v4.pdb
INFO:2025-10-30 14:58:01,718:Computing HSC features for: P18847, ENST00000341491, ../Ntranos_Rotation/ESM-SaProt/AF-P18847-F1-model_v4.pdb.gz
INFO:2025-10-30 14:58:17,338:Successfully computed HSC for P18847.
INFO:2025-10-30 14:58:17,338:Processing P18848 with model AF-P18848-F1-model_v4.pdb
INFO:2025-10-30 14:58:17,399:Computing HSC features for: P18848, ENST00000337304, ../Ntranos_Rotation/ESM-SaProt/AF-P18848-F1-model_v4.pdb.gz
INFO:2025-10-30 14:58:45,087:Successfully computed HSC for P18848.
INFO:2025-10-30 14:58:45,087:Processing P18850 with model AF-P18850-F1-model_v4.pdb
INFO:2025-10-30 14:58:45,184:Computing HSC features for: P18850, ENST00000367942, ../Ntranos_Rotation/ESM-SaProt/AF-P18850-F1-model_v4.pdb.gz
INFO:2025-10-30 14:59:45,692:Successfully computed HSC for P18850.
INFO:2025-10-30 14:59:45,692:Processing P18858 with model AF-P18858-F1-model_v4.pdb
ERROR:2025-10-30 14:59:45,899:No transcript record found for P18858 in gnomAD.
INFO:2025-10-30 14:59:45,900:Processing P18859 with model AF-P18859-F1-model_v4.pdb
INFO:2025-10-30 14:59:45,968:Computing HSC features for: P18859, ENST00000284971, ../Ntranos_Rotation/ESM-SaProt/AF-P18859-F1-model_v4.pdb.gz
INFO:2025-10-30 14:59:56,562:Successfully computed HSC for P18859.
INFO:2025-10-30 14:59:56,562:Processing P18887 with model AF-P18887-F1-model_v4.pdb
INFO:2025-10-30 14:59:56,785:Computing HSC features for: P18887, ENST00000262887, ../Ntranos_Rotation/ESM-SaProt/AF-P18887-F1-model_v4.pdb.gz
INFO:2025-10-30 15:01:18,664:Successfully computed HSC for P18887.
INFO:2025-10-30 15:01:18,664:Processing P19012 with model AF-P19012-F1-model_v4.pdb
INFO:2025-10-30 15:01:18,799:Computing HSC features for: P19012, ENST00000254043, ../Ntranos_Rotation/ESM-SaProt/AF-P19012-F1-model_v4.pdb.gz
INFO:2025-10-30 15:02:25,092:Successfully computed HSC for P19012.
INFO:2025-10-30 15:02:25,092:Processing P19013 with model AF-P19013-F1-model_v4.pdb
INFO:2025-10-30 15:02:25,205:Computing HSC features for: P19013, ENST00000551956, ../Ntranos_Rotation/ESM-SaProt/AF-P19013-F1-model_v4.pdb.gz
INFO:2025-10-30 15:03:40,129:Successfully computed HSC for P19013.
INFO:2025-10-30 15:03:40,129:Processing P19021 with model AF-P19021-F1-model_v4.pdb
INFO:2025-10-30 15:03:40,318:Computing HSC features for: P19021, ENST00000438793, ../Ntranos_Rotation/ESM-SaProt/AF-P19021-F1-model_v4.pdb.gz
INFO:2025-10-30 15:05:32,128:Successfully computed HSC for P19021.
INFO:2025-10-30 15:05:32,128:Processing P19022 with model AF-P19022-F1-model_v4.pdb
INFO:2025-10-30 15:05:32,316:Computing HSC features for: P19022, ENST00000269141, ../Ntranos_Rotation/ESM-SaProt/AF-P19022-F1-model_v4.pdb.gz
INFO:2025-10-30 15:06:45,614:Successfully computed HSC for P19022.
INFO:2025-10-30 15:06:45,614:Processing P19075 with model AF-P19075-F1-model_v4.pdb
INFO:2025-10-30 15:06:45,672:Computing HSC features for: P19075, ENST00000247829, ../Ntranos_Rotation/ESM-SaProt/AF-P19075-F1-model_v4.pdb.gz
INFO:2025-10-30 15:07:02,285:Successfully computed HSC for P19075.
INFO:2025-10-30 15:07:02,285:Pipeline completed.
INFO:2025-10-30 15:07:02,285:no_enst_for_uniprot: 0
INFO:2025-10-30 15:07:02,285:no_valid_cds: 0
INFO:2025-10-30 15:07:02,285:no_variant_data: 5
INFO:2025-10-30 15:07:02,285:bad_structure: 0
INFO:2025-10-30 15:07:02,285:no_enst_mp: 0
