INFO:2025-10-30 14:27:03,753:Starting HSC computation pipeline...
INFO:2025-10-30 14:28:07,580:Processing Q96DT7 with model AF-Q96DT7-F1-model_v4.pdb
INFO:2025-10-30 14:28:07,745:Computing HSC features for: Q96DT7, ENST00000430430, ../Ntranos_Rotation/ESM-SaProt/AF-Q96DT7-F1-model_v4.pdb.gz
INFO:2025-10-30 14:29:37,873:Successfully computed HSC for Q96DT7.
INFO:2025-10-30 14:29:37,873:Processing Q96DU3 with model AF-Q96DU3-F1-model_v4.pdb
INFO:2025-10-30 14:29:37,956:Computing HSC features for: Q96DU3, ENST00000368057, ../Ntranos_Rotation/ESM-SaProt/AF-Q96DU3-F1-model_v4.pdb.gz
INFO:2025-10-30 14:30:04,269:Successfully computed HSC for Q96DU3.
INFO:2025-10-30 14:30:04,269:Processing Q96DU7 with model AF-Q96DU7-F1-model_v4.pdb
ERROR:2025-10-30 14:30:04,425:No transcript record found for Q96DU7 in gnomAD.
INFO:2025-10-30 14:30:04,425:Processing Q96DU9 with model AF-Q96DU9-F1-model_v4.pdb
INFO:2025-10-30 14:30:04,545:Computing HSC features for: Q96DU9, ENST00000312600, ../Ntranos_Rotation/ESM-SaProt/AF-Q96DU9-F1-model_v4.pdb.gz
INFO:2025-10-30 14:30:38,300:Successfully computed HSC for Q96DU9.
INFO:2025-10-30 14:30:38,300:Processing Q96DV4 with model AF-Q96DV4-F1-model_v4.pdb
INFO:2025-10-30 14:30:38,395:Computing HSC features for: Q96DV4, ENST00000309352, ../Ntranos_Rotation/ESM-SaProt/AF-Q96DV4-F1-model_v4.pdb.gz
INFO:2025-10-30 14:31:23,669:Successfully computed HSC for Q96DV4.
INFO:2025-10-30 14:31:23,669:Processing Q96DW6 with model AF-Q96DW6-F1-model_v4.pdb
ERROR:2025-10-30 14:31:23,764:No transcript record found for Q96DW6 in gnomAD.
INFO:2025-10-30 14:31:23,764:Processing Q96DX4 with model AF-Q96DX4-F1-model_v4.pdb
INFO:2025-10-30 14:31:23,888:Computing HSC features for: Q96DX4, ENST00000394420, ../Ntranos_Rotation/ESM-SaProt/AF-Q96DX4-F1-model_v4.pdb.gz
INFO:2025-10-30 14:32:08,527:Successfully computed HSC for Q96DX4.
INFO:2025-10-30 14:32:08,527:Processing Q96DX5 with model AF-Q96DX5-F1-model_v4.pdb
INFO:2025-10-30 14:32:08,610:Computing HSC features for: Q96DX5, ENST00000380488, ../Ntranos_Rotation/ESM-SaProt/AF-Q96DX5-F1-model_v4.pdb.gz
INFO:2025-10-30 14:32:34,372:Successfully computed HSC for Q96DX5.
INFO:2025-10-30 14:32:34,372:Processing Q96DX7 with model AF-Q96DX7-F1-model_v4.pdb
INFO:2025-10-30 14:32:34,458:Computing HSC features for: Q96DX7, ENST00000299413, ../Ntranos_Rotation/ESM-SaProt/AF-Q96DX7-F1-model_v4.pdb.gz
INFO:2025-10-30 14:33:08,414:Successfully computed HSC for Q96DX7.
INFO:2025-10-30 14:33:08,414:Processing Q96DX8 with model AF-Q96DX8-F1-model_v4.pdb
ERROR:2025-10-30 14:33:08,503:No transcript record found for Q96DX8 in gnomAD.
INFO:2025-10-30 14:33:08,503:Processing Q96DY2 with model AF-Q96DY2-F1-model_v4.pdb
INFO:2025-10-30 14:33:08,643:Computing HSC features for: Q96DY2, ENST00000416617, ../Ntranos_Rotation/ESM-SaProt/AF-Q96DY2-F1-model_v4.pdb.gz
INFO:2025-10-30 14:33:45,944:Successfully computed HSC for Q96DY2.
INFO:2025-10-30 14:33:45,945:Processing Q96DY7 with model AF-Q96DY7-F1-model_v4.pdb
INFO:2025-10-30 14:33:46,133:Computing HSC features for: Q96DY7, ENST00000305949, ../Ntranos_Rotation/ESM-SaProt/AF-Q96DY7-F1-model_v4.pdb.gz
INFO:2025-10-30 14:34:50,475:Successfully computed HSC for Q96DY7.
INFO:2025-10-30 14:34:50,476:Processing Q96DZ1 with model AF-Q96DZ1-F1-model_v4.pdb
INFO:2025-10-30 14:34:50,606:Computing HSC features for: Q96DZ1, ENST00000185150, ../Ntranos_Rotation/ESM-SaProt/AF-Q96DZ1-F1-model_v4.pdb.gz
INFO:2025-10-30 14:35:41,667:Successfully computed HSC for Q96DZ1.
INFO:2025-10-30 14:35:41,667:Processing Q96DZ5 with model AF-Q96DZ5-F1-model_v4.pdb
INFO:2025-10-30 14:35:41,820:Computing HSC features for: Q96DZ5, ENST00000360535, ../Ntranos_Rotation/ESM-SaProt/AF-Q96DZ5-F1-model_v4.pdb.gz
INFO:2025-10-30 14:36:50,163:Successfully computed HSC for Q96DZ5.
INFO:2025-10-30 14:36:50,163:Processing Q96DZ7 with model AF-Q96DZ7-F1-model_v4.pdb
INFO:2025-10-30 14:36:50,226:Computing HSC features for: Q96DZ7, ENST00000273695, ../Ntranos_Rotation/ESM-SaProt/AF-Q96DZ7-F1-model_v4.pdb.gz
INFO:2025-10-30 14:37:08,678:Successfully computed HSC for Q96DZ7.
INFO:2025-10-30 14:37:08,678:Processing Q96DZ9 with model AF-Q96DZ9-F1-model_v4.pdb
INFO:2025-10-30 14:37:08,735:Computing HSC features for: Q96DZ9, ENST00000339180, ../Ntranos_Rotation/ESM-SaProt/AF-Q96DZ9-F1-model_v4.pdb.gz
INFO:2025-10-30 14:37:37,123:Successfully computed HSC for Q96DZ9.
INFO:2025-10-30 14:37:37,124:Processing Q96E09 with model AF-Q96E09-F1-model_v4.pdb
INFO:2025-10-30 14:37:37,201:Computing HSC features for: Q96E09, ENST00000394264, ../Ntranos_Rotation/ESM-SaProt/AF-Q96E09-F1-model_v4.pdb.gz
INFO:2025-10-30 14:38:10,942:Successfully computed HSC for Q96E09.
INFO:2025-10-30 14:38:10,942:Processing Q96E11 with model AF-Q96E11-F1-model_v4.pdb
INFO:2025-10-30 14:38:11,019:Computing HSC features for: Q96E11, ENST00000344641, ../Ntranos_Rotation/ESM-SaProt/AF-Q96E11-F1-model_v4.pdb.gz
INFO:2025-10-30 14:38:31,593:Successfully computed HSC for Q96E11.
INFO:2025-10-30 14:38:31,593:Processing Q96E14 with model AF-Q96E14-F1-model_v4.pdb
INFO:2025-10-30 14:38:31,672:Computing HSC features for: Q96E14, ENST00000312499, ../Ntranos_Rotation/ESM-SaProt/AF-Q96E14-F1-model_v4.pdb.gz
INFO:2025-10-30 14:38:55,389:Successfully computed HSC for Q96E14.
INFO:2025-10-30 14:38:55,389:Processing Q96E16 with model AF-Q96E16-F1-model_v4.pdb
INFO:2025-10-30 14:38:55,437:Computing HSC features for: Q96E16, ENST00000414154, ../Ntranos_Rotation/ESM-SaProt/AF-Q96E16-F1-model_v4.pdb.gz
INFO:2025-10-30 14:39:04,780:Successfully computed HSC for Q96E16.
INFO:2025-10-30 14:39:04,780:Processing Q96E17 with model AF-Q96E17-F1-model_v4.pdb
INFO:2025-10-30 14:39:04,830:Computing HSC features for: Q96E17, ENST00000282878, ../Ntranos_Rotation/ESM-SaProt/AF-Q96E17-F1-model_v4.pdb.gz
INFO:2025-10-30 14:39:22,638:Successfully computed HSC for Q96E17.
INFO:2025-10-30 14:39:22,638:Processing Q96E22 with model AF-Q96E22-F1-model_v4.pdb
INFO:2025-10-30 14:39:22,721:Computing HSC features for: Q96E22, ENST00000368494, ../Ntranos_Rotation/ESM-SaProt/AF-Q96E22-F1-model_v4.pdb.gz
INFO:2025-10-30 14:39:57,875:Successfully computed HSC for Q96E22.
INFO:2025-10-30 14:39:57,876:Processing Q96E29 with model AF-Q96E29-F1-model_v4.pdb
INFO:2025-10-30 14:39:57,975:Computing HSC features for: Q96E29, ENST00000287025, ../Ntranos_Rotation/ESM-SaProt/AF-Q96E29-F1-model_v4.pdb.gz
INFO:2025-10-30 14:40:27,041:Successfully computed HSC for Q96E29.
INFO:2025-10-30 14:40:27,041:Processing Q96E35 with model AF-Q96E35-F1-model_v4.pdb
INFO:2025-10-30 14:40:27,106:Computing HSC features for: Q96E35, ENST00000298585, ../Ntranos_Rotation/ESM-SaProt/AF-Q96E35-F1-model_v4.pdb.gz
INFO:2025-10-30 14:40:51,634:Successfully computed HSC for Q96E35.
INFO:2025-10-30 14:40:51,635:Processing Q96E39 with model AF-Q96E39-F1-model_v4.pdb
INFO:2025-10-30 14:40:51,709:Computing HSC features for: Q96E39, ENST00000321792, ../Ntranos_Rotation/ESM-SaProt/AF-Q96E39-F1-model_v4.pdb.gz
INFO:2025-10-30 14:41:25,667:Successfully computed HSC for Q96E39.
INFO:2025-10-30 14:41:25,667:Processing Q96E40 with model AF-Q96E40-F1-model_v4.pdb
INFO:2025-10-30 14:41:25,720:Computing HSC features for: Q96E40, ENST00000356311, ../Ntranos_Rotation/ESM-SaProt/AF-Q96E40-F1-model_v4.pdb.gz
INFO:2025-10-30 14:41:47,125:Successfully computed HSC for Q96E40.
INFO:2025-10-30 14:41:47,125:Processing Q96CW1 with model AF-Q96CW1-F1-model_v4.pdb
INFO:2025-10-30 14:41:47,243:Computing HSC features for: Q96CW1, ENST00000292807, ../Ntranos_Rotation/ESM-SaProt/AF-Q96CW1-F1-model_v4.pdb.gz
INFO:2025-10-30 14:42:28,794:Successfully computed HSC for Q96CW1.
INFO:2025-10-30 14:42:28,794:Processing Q96CW5 with model AF-Q96CW5-F1-model_v4.pdb
INFO:2025-10-30 14:42:28,972:Computing HSC features for: Q96CW5, ENST00000261965, ../Ntranos_Rotation/ESM-SaProt/AF-Q96CW5-F1-model_v4.pdb.gz
INFO:2025-10-30 14:43:48,781:Successfully computed HSC for Q96CW5.
INFO:2025-10-30 14:43:48,781:Processing Q96CW6 with model AF-Q96CW6-F1-model_v4.pdb
INFO:2025-10-30 14:43:48,876:Computing HSC features for: Q96CW6, ENST00000263997, ../Ntranos_Rotation/ESM-SaProt/AF-Q96CW6-F1-model_v4.pdb.gz
INFO:2025-10-30 14:44:28,462:Successfully computed HSC for Q96CW6.
INFO:2025-10-30 14:44:28,462:Processing Q96CW9 with model AF-Q96CW9-F1-model_v4.pdb
INFO:2025-10-30 14:44:28,595:Computing HSC features for: Q96CW9, ENST00000393229, ../Ntranos_Rotation/ESM-SaProt/AF-Q96CW9-F1-model_v4.pdb.gz
INFO:2025-10-30 14:45:49,321:Successfully computed HSC for Q96CW9.
INFO:2025-10-30 14:45:49,322:Processing Q96CX2 with model AF-Q96CX2-F1-model_v4.pdb
INFO:2025-10-30 14:45:49,433:Computing HSC features for: Q96CX2, ENST00000377474, ../Ntranos_Rotation/ESM-SaProt/AF-Q96CX2-F1-model_v4.pdb.gz
INFO:2025-10-30 14:46:54,064:Successfully computed HSC for Q96CX2.
INFO:2025-10-30 14:46:54,064:Processing Q96CX3 with model AF-Q96CX3-F1-model_v4.pdb
INFO:2025-10-30 14:46:54,233:Computing HSC features for: Q96CX3, ENST00000396048, ../Ntranos_Rotation/ESM-SaProt/AF-Q96CX3-F1-model_v4.pdb.gz
INFO:2025-10-30 14:47:20,863:Successfully computed HSC for Q96CX3.
INFO:2025-10-30 14:47:20,863:Processing Q96CX6 with model AF-Q96CX6-F1-model_v4.pdb
INFO:2025-10-30 14:47:21,177:Computing HSC features for: Q96CX6, ENST00000295628, ../Ntranos_Rotation/ESM-SaProt/AF-Q96CX6-F1-model_v4.pdb.gz
INFO:2025-10-30 14:48:06,365:Successfully computed HSC for Q96CX6.
INFO:2025-10-30 14:48:06,365:Processing Q96D03 with model AF-Q96D03-F1-model_v4.pdb
INFO:2025-10-30 14:48:06,432:Computing HSC features for: Q96D03, ENST00000273990, ../Ntranos_Rotation/ESM-SaProt/AF-Q96D03-F1-model_v4.pdb.gz
INFO:2025-10-30 14:48:21,671:Successfully computed HSC for Q96D03.
INFO:2025-10-30 14:48:21,671:Processing Q96D05 with model AF-Q96D05-F1-model_v4.pdb
INFO:2025-10-30 14:48:21,888:Computing HSC features for: Q96D05, ENST00000373279, ../Ntranos_Rotation/ESM-SaProt/AF-Q96D05-F1-model_v4.pdb.gz
INFO:2025-10-30 14:48:33,370:Successfully computed HSC for Q96D05.
INFO:2025-10-30 14:48:33,370:Processing Q96D09 with model AF-Q96D09-F1-model_v4.pdb
INFO:2025-10-30 14:48:33,534:Computing HSC features for: Q96D09, ENST00000332262, ../Ntranos_Rotation/ESM-SaProt/AF-Q96D09-F1-model_v4.pdb.gz
INFO:2025-10-30 14:49:32,506:Successfully computed HSC for Q96D09.
INFO:2025-10-30 14:49:32,506:Processing Q96D15 with model AF-Q96D15-F1-model_v4.pdb
INFO:2025-10-30 14:49:32,559:Computing HSC features for: Q96D15, ENST00000270645, ../Ntranos_Rotation/ESM-SaProt/AF-Q96D15-F1-model_v4.pdb.gz
INFO:2025-10-30 14:50:14,829:Successfully computed HSC for Q96D15.
INFO:2025-10-30 14:50:14,829:Processing Q96D21 with model AF-Q96D21-F1-model_v4.pdb
INFO:2025-10-30 14:50:14,905:Computing HSC features for: Q96D21, ENST00000216127, ../Ntranos_Rotation/ESM-SaProt/AF-Q96D21-F1-model_v4.pdb.gz
INFO:2025-10-30 14:50:47,559:Successfully computed HSC for Q96D21.
INFO:2025-10-30 14:50:47,559:Processing Q96D31 with model AF-Q96D31-F1-model_v4.pdb
ERROR:2025-10-30 14:50:47,629:No transcript record found for Q96D31 in gnomAD.
INFO:2025-10-30 14:50:47,629:Processing Q96D42 with model AF-Q96D42-F1-model_v4.pdb
INFO:2025-10-30 14:50:47,718:Computing HSC features for: Q96D42, ENST00000339252, ../Ntranos_Rotation/ESM-SaProt/AF-Q96D42-F1-model_v4.pdb.gz
INFO:2025-10-30 14:51:18,669:Successfully computed HSC for Q96D42.
INFO:2025-10-30 14:51:18,669:Processing Q96D46 with model AF-Q96D46-F1-model_v4.pdb
INFO:2025-10-30 14:51:18,778:Computing HSC features for: Q96D46, ENST00000351193, ../Ntranos_Rotation/ESM-SaProt/AF-Q96D46-F1-model_v4.pdb.gz
INFO:2025-10-30 14:51:55,370:Successfully computed HSC for Q96D46.
INFO:2025-10-30 14:51:55,371:Processing Q96D53 with model AF-Q96D53-F1-model_v4.pdb
INFO:2025-10-30 14:51:55,543:Computing HSC features for: Q96D53, ENST00000324464, ../Ntranos_Rotation/ESM-SaProt/AF-Q96D53-F1-model_v4.pdb.gz
INFO:2025-10-30 14:52:50,737:Successfully computed HSC for Q96D53.
INFO:2025-10-30 14:52:50,737:Processing Q96D59 with model AF-Q96D59-F1-model_v4.pdb
INFO:2025-10-30 14:52:50,790:Computing HSC features for: Q96D59, ENST00000297894, ../Ntranos_Rotation/ESM-SaProt/AF-Q96D59-F1-model_v4.pdb.gz
INFO:2025-10-30 14:53:12,247:Successfully computed HSC for Q96D59.
INFO:2025-10-30 14:53:12,247:Processing Q96D70 with model AF-Q96D70-F1-model_v4.pdb
INFO:2025-10-30 14:53:12,307:Computing HSC features for: Q96D70, ENST00000361574, ../Ntranos_Rotation/ESM-SaProt/AF-Q96D70-F1-model_v4.pdb.gz
INFO:2025-10-30 14:53:49,165:Successfully computed HSC for Q96D70.
INFO:2025-10-30 14:53:49,165:Processing Q96D71 with model AF-Q96D71-F1-model_v4.pdb
INFO:2025-10-30 14:53:49,274:Computing HSC features for: Q96D71, ENST00000450536, ../Ntranos_Rotation/ESM-SaProt/AF-Q96D71-F1-model_v4.pdb.gz
INFO:2025-10-30 14:54:56,478:Successfully computed HSC for Q96D71.
INFO:2025-10-30 14:54:56,478:Processing Q96D96 with model AF-Q96D96-F1-model_v4.pdb
INFO:2025-10-30 14:54:56,557:Computing HSC features for: Q96D96, ENST00000242607, ../Ntranos_Rotation/ESM-SaProt/AF-Q96D96-F1-model_v4.pdb.gz
INFO:2025-10-30 14:55:21,888:Successfully computed HSC for Q96D96.
INFO:2025-10-30 14:55:21,888:Processing Q96D98 with model AF-Q96D98-F1-model_v4.pdb
INFO:2025-10-30 14:55:21,933:Computing HSC features for: Q96D98, ENST00000326282, ../Ntranos_Rotation/ESM-SaProt/AF-Q96D98-F1-model_v4.pdb.gz
INFO:2025-10-30 14:56:00,443:Successfully computed HSC for Q96D98.
INFO:2025-10-30 14:56:00,443:Processing Q96DA0 with model AF-Q96DA0-F1-model_v4.pdb
INFO:2025-10-30 14:56:00,499:Computing HSC features for: Q96DA0, ENST00000382280, ../Ntranos_Rotation/ESM-SaProt/AF-Q96DA0-F1-model_v4.pdb.gz
INFO:2025-10-30 14:56:21,711:Successfully computed HSC for Q96DA0.
INFO:2025-10-30 14:56:21,711:Processing Q96DA2 with model AF-Q96DA2-F1-model_v4.pdb
INFO:2025-10-30 14:56:21,774:Computing HSC features for: Q96DA2, ENST00000369454, ../Ntranos_Rotation/ESM-SaProt/AF-Q96DA2-F1-model_v4.pdb.gz
INFO:2025-10-30 14:56:43,272:Successfully computed HSC for Q96DA2.
INFO:2025-10-30 14:56:43,273:Processing Q96DA6 with model AF-Q96DA6-F1-model_v4.pdb
INFO:2025-10-30 14:56:43,315:Computing HSC features for: Q96DA6, ENST00000382564, ../Ntranos_Rotation/ESM-SaProt/AF-Q96DA6-F1-model_v4.pdb.gz
INFO:2025-10-30 14:56:58,744:Successfully computed HSC for Q96DA6.
INFO:2025-10-30 14:56:58,745:Pipeline completed.
INFO:2025-10-30 14:56:58,745:no_enst_for_uniprot: 0
INFO:2025-10-30 14:56:58,745:no_valid_cds: 0
INFO:2025-10-30 14:56:58,745:no_variant_data: 4
INFO:2025-10-30 14:56:58,745:bad_structure: 0
INFO:2025-10-30 14:56:58,745:no_enst_mp: 0
