INFO:2025-10-30 14:59:04,316:Starting HSC computation pipeline...
INFO:2025-10-30 15:00:14,798:Processing P07093 with model AF-P07093-F1-model_v4.pdb
INFO:2025-10-30 15:00:14,902:Computing HSC features for: P07093, ENST00000258405, ../Ntranos_Rotation/ESM-SaProt/AF-P07093-F1-model_v4.pdb.gz
INFO:2025-10-30 15:00:49,358:Successfully computed HSC for P07093.
INFO:2025-10-30 15:00:49,358:Processing P07098 with model AF-P07098-F1-model_v4.pdb
INFO:2025-10-30 15:00:49,485:Computing HSC features for: P07098, ENST00000238983, ../Ntranos_Rotation/ESM-SaProt/AF-P07098-F1-model_v4.pdb.gz
INFO:2025-10-30 15:01:15,410:Successfully computed HSC for P07098.
INFO:2025-10-30 15:01:15,410:Processing P07099 with model AF-P07099-F1-model_v4.pdb
INFO:2025-10-30 15:01:15,497:Computing HSC features for: P07099, ENST00000272167, ../Ntranos_Rotation/ESM-SaProt/AF-P07099-F1-model_v4.pdb.gz
INFO:2025-10-30 15:01:55,827:Successfully computed HSC for P07099.
INFO:2025-10-30 15:01:55,827:Processing P07101 with model AF-P07101-F1-model_v4.pdb
INFO:2025-10-30 15:01:55,922:Computing HSC features for: P07101, ENST00000381178, ../Ntranos_Rotation/ESM-SaProt/AF-P07101-F1-model_v4.pdb.gz
INFO:2025-10-30 15:03:02,218:Successfully computed HSC for P07101.
INFO:2025-10-30 15:03:02,218:Processing P07108 with model AF-P07108-F1-model_v4.pdb
INFO:2025-10-30 15:03:02,249:Computing HSC features for: P07108, ENST00000355857, ../Ntranos_Rotation/ESM-SaProt/AF-P07108-F1-model_v4.pdb.gz
INFO:2025-10-30 15:03:09,675:Successfully computed HSC for P07108.
INFO:2025-10-30 15:03:09,675:Processing P07148 with model AF-P07148-F1-model_v4.pdb
INFO:2025-10-30 15:03:09,806:Computing HSC features for: P07148, ENST00000295834, ../Ntranos_Rotation/ESM-SaProt/AF-P07148-F1-model_v4.pdb.gz
INFO:2025-10-30 15:03:20,883:Successfully computed HSC for P07148.
INFO:2025-10-30 15:03:20,883:Processing P07195 with model AF-P07195-F1-model_v4.pdb
INFO:2025-10-30 15:03:20,940:Computing HSC features for: P07195, ENST00000350669, ../Ntranos_Rotation/ESM-SaProt/AF-P07195-F1-model_v4.pdb.gz
INFO:2025-10-30 15:03:45,034:Successfully computed HSC for P07195.
INFO:2025-10-30 15:03:45,034:Processing P07196 with model AF-P07196-F1-model_v4.pdb
ERROR:2025-10-30 15:03:45,174:No transcript record found for P07196 in gnomAD.
INFO:2025-10-30 15:03:45,174:Processing P07197 with model AF-P07197-F1-model_v4.pdb
INFO:2025-10-30 15:03:45,331:Computing HSC features for: P07197, ENST00000221166, ../Ntranos_Rotation/ESM-SaProt/AF-P07197-F1-model_v4.pdb.gz
INFO:2025-10-30 15:05:14,095:Successfully computed HSC for P07197.
INFO:2025-10-30 15:05:14,096:Processing P07199 with model AF-P07199-F1-model_v4.pdb
INFO:2025-10-30 15:05:14,222:Computing HSC features for: P07199, ENST00000379751, ../Ntranos_Rotation/ESM-SaProt/AF-P07199-F1-model_v4.pdb.gz
INFO:2025-10-30 15:06:27,858:Successfully computed HSC for P07199.
INFO:2025-10-30 15:06:27,858:Processing P07202 with model AF-P07202-F1-model_v4.pdb
INFO:2025-10-30 15:06:27,991:Computing HSC features for: P07202, ENST00000329066, ../Ntranos_Rotation/ESM-SaProt/AF-P07202-F1-model_v4.pdb.gz
INFO:2025-10-30 15:08:14,194:Successfully computed HSC for P07202.
INFO:2025-10-30 15:08:14,194:Processing P07204 with model AF-P07204-F1-model_v4.pdb
INFO:2025-10-30 15:08:14,306:Computing HSC features for: P07204, ENST00000377103, ../Ntranos_Rotation/ESM-SaProt/AF-P07204-F1-model_v4.pdb.gz
INFO:2025-10-30 15:09:40,827:Successfully computed HSC for P07204.
INFO:2025-10-30 15:09:40,827:Processing P07205 with model AF-P07205-F1-model_v4.pdb
INFO:2025-10-30 15:09:40,935:Computing HSC features for: P07205, ENST00000304801, ../Ntranos_Rotation/ESM-SaProt/AF-P07205-F1-model_v4.pdb.gz
INFO:2025-10-30 15:10:10,565:Successfully computed HSC for P07205.
INFO:2025-10-30 15:10:10,565:Processing P07225 with model AF-P07225-F1-model_v4.pdb
INFO:2025-10-30 15:10:10,681:Computing HSC features for: P07225, ENST00000394236, ../Ntranos_Rotation/ESM-SaProt/AF-P07225-F1-model_v4.pdb.gz
INFO:2025-10-30 15:11:00,087:Successfully computed HSC for P07225.
INFO:2025-10-30 15:11:00,088:Processing P07237 with model AF-P07237-F1-model_v4.pdb
INFO:2025-10-30 15:11:00,162:Computing HSC features for: P07237, ENST00000331483, ../Ntranos_Rotation/ESM-SaProt/AF-P07237-F1-model_v4.pdb.gz
INFO:2025-10-30 15:11:52,183:Successfully computed HSC for P07237.
INFO:2025-10-30 15:11:52,183:Processing P07288 with model AF-P07288-F1-model_v4.pdb
INFO:2025-10-30 15:11:52,242:Computing HSC features for: P07288, ENST00000326003, ../Ntranos_Rotation/ESM-SaProt/AF-P07288-F1-model_v4.pdb.gz
INFO:2025-10-30 15:12:16,841:Successfully computed HSC for P07288.
INFO:2025-10-30 15:12:16,841:Processing P07305 with model AF-P07305-F1-model_v4.pdb
INFO:2025-10-30 15:12:16,876:Computing HSC features for: P07305, ENST00000340857, ../Ntranos_Rotation/ESM-SaProt/AF-P07305-F1-model_v4.pdb.gz
INFO:2025-10-30 15:12:35,643:Successfully computed HSC for P07305.
INFO:2025-10-30 15:12:35,643:Processing P07306 with model AF-P07306-F1-model_v4.pdb
INFO:2025-10-30 15:12:35,697:Computing HSC features for: P07306, ENST00000269299, ../Ntranos_Rotation/ESM-SaProt/AF-P07306-F1-model_v4.pdb.gz
INFO:2025-10-30 15:13:07,481:Successfully computed HSC for P07306.
INFO:2025-10-30 15:13:07,481:Processing P07307 with model AF-P07307-F1-model_v4.pdb
INFO:2025-10-30 15:13:07,535:Computing HSC features for: P07307, ENST00000355035, ../Ntranos_Rotation/ESM-SaProt/AF-P07307-F1-model_v4.pdb.gz
INFO:2025-10-30 15:13:35,725:Successfully computed HSC for P07307.
INFO:2025-10-30 15:13:35,725:Processing P07311 with model AF-P07311-F1-model_v4.pdb
INFO:2025-10-30 15:13:35,778:Computing HSC features for: P07311, ENST00000238618, ../Ntranos_Rotation/ESM-SaProt/AF-P07311-F1-model_v4.pdb.gz
INFO:2025-10-30 15:13:43,240:Successfully computed HSC for P07311.
INFO:2025-10-30 15:13:43,240:Processing P07315 with model AF-P07315-F1-model_v4.pdb
INFO:2025-10-30 15:13:43,354:Computing HSC features for: P07315, ENST00000282141, ../Ntranos_Rotation/ESM-SaProt/AF-P07315-F1-model_v4.pdb.gz
INFO:2025-10-30 15:14:01,355:Successfully computed HSC for P07315.
INFO:2025-10-30 15:14:01,356:Processing P07316 with model AF-P07316-F1-model_v4.pdb
INFO:2025-10-30 15:14:01,395:Computing HSC features for: P07316, ENST00000260988, ../Ntranos_Rotation/ESM-SaProt/AF-P07316-F1-model_v4.pdb.gz
INFO:2025-10-30 15:14:17,608:Successfully computed HSC for P07316.
INFO:2025-10-30 15:14:17,609:Processing P07320 with model AF-P07320-F1-model_v4.pdb
INFO:2025-10-30 15:14:17,659:Computing HSC features for: P07320, ENST00000264376, ../Ntranos_Rotation/ESM-SaProt/AF-P07320-F1-model_v4.pdb.gz
INFO:2025-10-30 15:14:36,904:Successfully computed HSC for P07320.
INFO:2025-10-30 15:14:36,905:Processing P07327 with model AF-P07327-F1-model_v4.pdb
INFO:2025-10-30 15:14:36,981:Computing HSC features for: P07327, ENST00000209668, ../Ntranos_Rotation/ESM-SaProt/AF-P07327-F1-model_v4.pdb.gz
INFO:2025-10-30 15:15:04,570:Successfully computed HSC for P07327.
INFO:2025-10-30 15:15:04,570:Processing P07332 with model AF-P07332-F1-model_v4.pdb
INFO:2025-10-30 15:15:04,678:Computing HSC features for: P07332, ENST00000328850, ../Ntranos_Rotation/ESM-SaProt/AF-P07332-F1-model_v4.pdb.gz
INFO:2025-10-30 15:16:25,672:Successfully computed HSC for P07332.
INFO:2025-10-30 15:16:25,672:Processing P07333 with model AF-P07333-F1-model_v4.pdb
INFO:2025-10-30 15:16:25,830:Computing HSC features for: P07333, ENST00000286301, ../Ntranos_Rotation/ESM-SaProt/AF-P07333-F1-model_v4.pdb.gz
INFO:2025-10-30 15:17:51,894:Successfully computed HSC for P07333.
INFO:2025-10-30 15:17:51,895:Processing P07339 with model AF-P07339-F1-model_v4.pdb
INFO:2025-10-30 15:17:51,961:Computing HSC features for: P07339, ENST00000236671, ../Ntranos_Rotation/ESM-SaProt/AF-P07339-F1-model_v4.pdb.gz
INFO:2025-10-30 15:18:37,361:Successfully computed HSC for P07339.
INFO:2025-10-30 15:18:37,361:Processing P07355 with model AF-P07355-F1-model_v4.pdb
INFO:2025-10-30 15:18:37,422:Computing HSC features for: P07355, ENST00000396024, ../Ntranos_Rotation/ESM-SaProt/AF-P07355-F1-model_v4.pdb.gz
INFO:2025-10-30 15:19:04,445:Successfully computed HSC for P07355.
INFO:2025-10-30 15:19:04,445:Processing P07357 with model AF-P07357-F1-model_v4.pdb
INFO:2025-10-30 15:19:04,542:Computing HSC features for: P07357, ENST00000361249, ../Ntranos_Rotation/ESM-SaProt/AF-P07357-F1-model_v4.pdb.gz
INFO:2025-10-30 15:19:50,447:Successfully computed HSC for P07357.
INFO:2025-10-30 15:19:50,447:Processing P07358 with model AF-P07358-F1-model_v4.pdb
ERROR:2025-10-30 15:19:50,616:No transcript record found for P07358 in gnomAD.
INFO:2025-10-30 15:19:50,616:Processing P07359 with model AF-P07359-F1-model_v4.pdb
INFO:2025-10-30 15:19:50,698:Computing HSC features for: P07359, ENST00000329125, ../Ntranos_Rotation/ESM-SaProt/AF-P07359-F1-model_v4.pdb.gz
INFO:2025-10-30 15:20:47,089:Successfully computed HSC for P07359.
INFO:2025-10-30 15:20:47,089:Processing P07360 with model AF-P07360-F1-model_v4.pdb
INFO:2025-10-30 15:20:47,141:Computing HSC features for: P07360, ENST00000371634, ../Ntranos_Rotation/ESM-SaProt/AF-P07360-F1-model_v4.pdb.gz
INFO:2025-10-30 15:21:09,154:Successfully computed HSC for P07360.
INFO:2025-10-30 15:21:09,154:Processing P07384 with model AF-P07384-F1-model_v4.pdb
INFO:2025-10-30 15:21:09,292:Computing HSC features for: P07384, ENST00000279247, ../Ntranos_Rotation/ESM-SaProt/AF-P07384-F1-model_v4.pdb.gz
INFO:2025-10-30 15:22:26,979:Successfully computed HSC for P07384.
INFO:2025-10-30 15:22:26,979:Processing P07437 with model AF-P07437-F1-model_v4.pdb
INFO:2025-10-30 15:22:27,045:Computing HSC features for: P07437, ENST00000327892, ../Ntranos_Rotation/ESM-SaProt/AF-P07437-F1-model_v4.pdb.gz
INFO:2025-10-30 15:23:09,352:Successfully computed HSC for P07437.
INFO:2025-10-30 15:23:09,352:Processing P07438 with model AF-P07438-F1-model_v4.pdb
INFO:2025-10-30 15:23:09,385:Computing HSC features for: P07438, ENST00000334346, ../Ntranos_Rotation/ESM-SaProt/AF-P07438-F1-model_v4.pdb.gz
INFO:2025-10-30 15:23:14,706:Successfully computed HSC for P07438.
INFO:2025-10-30 15:23:14,706:Processing P07451 with model AF-P07451-F1-model_v4.pdb
INFO:2025-10-30 15:23:14,795:Computing HSC features for: P07451, ENST00000285381, ../Ntranos_Rotation/ESM-SaProt/AF-P07451-F1-model_v4.pdb.gz
INFO:2025-10-30 15:23:38,235:Successfully computed HSC for P07451.
INFO:2025-10-30 15:23:38,235:Processing P07476 with model AF-P07476-F1-model_v4.pdb
INFO:2025-10-30 15:23:38,350:Computing HSC features for: P07476, ENST00000368764, ../Ntranos_Rotation/ESM-SaProt/AF-P07476-F1-model_v4.pdb.gz
INFO:2025-10-30 15:24:16,057:Successfully computed HSC for P07476.
INFO:2025-10-30 15:24:16,057:Processing P07477 with model AF-P07477-F1-model_v4.pdb
INFO:2025-10-30 15:24:16,100:Computing HSC features for: P07477, ENST00000311737, ../Ntranos_Rotation/ESM-SaProt/AF-P07477-F1-model_v4.pdb.gz
INFO:2025-10-30 15:24:36,321:Successfully computed HSC for P07477.
INFO:2025-10-30 15:24:36,322:Processing P07478 with model AF-P07478-F1-model_v4.pdb
ERROR:2025-10-30 15:24:36,380:No transcript record found for P07478 in gnomAD.
INFO:2025-10-30 15:24:36,380:Processing P07492 with model AF-P07492-F1-model_v4.pdb
INFO:2025-10-30 15:24:36,413:Computing HSC features for: P07492, ENST00000256857, ../Ntranos_Rotation/ESM-SaProt/AF-P07492-F1-model_v4.pdb.gz
INFO:2025-10-30 15:24:51,078:Successfully computed HSC for P07492.
INFO:2025-10-30 15:24:51,078:Processing P07498 with model AF-P07498-F1-model_v4.pdb
ERROR:2025-10-30 15:24:51,113:No transcript record found for P07498 in gnomAD.
INFO:2025-10-30 15:24:51,113:Processing P07510 with model AF-P07510-F1-model_v4.pdb
ERROR:2025-10-30 15:24:51,288:No transcript record found for P07510 in gnomAD.
INFO:2025-10-30 15:24:51,288:Processing P07550 with model AF-P07550-F1-model_v4.pdb
INFO:2025-10-30 15:24:51,347:Computing HSC features for: P07550, ENST00000305988, ../Ntranos_Rotation/ESM-SaProt/AF-P07550-F1-model_v4.pdb.gz
INFO:2025-10-30 15:25:28,661:Successfully computed HSC for P07550.
INFO:2025-10-30 15:25:28,661:Processing P07585 with model AF-P07585-F1-model_v4.pdb
INFO:2025-10-30 15:25:28,742:Computing HSC features for: P07585, ENST00000052754, ../Ntranos_Rotation/ESM-SaProt/AF-P07585-F1-model_v4.pdb.gz
INFO:2025-10-30 15:25:56,278:Successfully computed HSC for P07585.
INFO:2025-10-30 15:25:56,278:Processing P07602 with model AF-P07602-F1-model_v4.pdb
INFO:2025-10-30 15:25:56,360:Computing HSC features for: P07602, ENST00000394936, ../Ntranos_Rotation/ESM-SaProt/AF-P07602-F1-model_v4.pdb.gz
INFO:2025-10-30 15:26:42,895:Successfully computed HSC for P07602.
INFO:2025-10-30 15:26:42,895:Processing P07686 with model AF-P07686-F1-model_v4.pdb
INFO:2025-10-30 15:26:42,966:Computing HSC features for: P07686, ENST00000261416, ../Ntranos_Rotation/ESM-SaProt/AF-P07686-F1-model_v4.pdb.gz
INFO:2025-10-30 15:27:27,999:Successfully computed HSC for P07686.
INFO:2025-10-30 15:27:27,999:Processing P07711 with model AF-P07711-F1-model_v4.pdb
INFO:2025-10-30 15:27:28,062:Computing HSC features for: P07711, ENST00000340342, ../Ntranos_Rotation/ESM-SaProt/AF-P07711-F1-model_v4.pdb.gz
INFO:2025-10-30 15:27:51,897:Successfully computed HSC for P07711.
INFO:2025-10-30 15:27:51,898:Processing P07737 with model AF-P07737-F1-model_v4.pdb
INFO:2025-10-30 15:27:51,938:Computing HSC features for: P07737, ENST00000225655, ../Ntranos_Rotation/ESM-SaProt/AF-P07737-F1-model_v4.pdb.gz
INFO:2025-10-30 15:28:08,668:Successfully computed HSC for P07737.
INFO:2025-10-30 15:28:08,668:Processing P07738 with model AF-P07738-F1-model_v4.pdb
INFO:2025-10-30 15:28:08,724:Computing HSC features for: P07738, ENST00000344924, ../Ntranos_Rotation/ESM-SaProt/AF-P07738-F1-model_v4.pdb.gz
INFO:2025-10-30 15:28:29,265:Successfully computed HSC for P07738.
INFO:2025-10-30 15:28:29,265:Processing P07741 with model AF-P07741-F1-model_v4.pdb
INFO:2025-10-30 15:28:29,360:Computing HSC features for: P07741, ENST00000378364, ../Ntranos_Rotation/ESM-SaProt/AF-P07741-F1-model_v4.pdb.gz
INFO:2025-10-30 15:28:50,041:Successfully computed HSC for P07741.
INFO:2025-10-30 15:28:50,041:Pipeline completed.
INFO:2025-10-30 15:28:50,041:no_enst_for_uniprot: 0
INFO:2025-10-30 15:28:50,041:no_valid_cds: 0
INFO:2025-10-30 15:28:50,041:no_variant_data: 5
INFO:2025-10-30 15:28:50,041:bad_structure: 0
INFO:2025-10-30 15:28:50,041:no_enst_mp: 0
