INFO:2025-10-30 14:59:04,370:Starting HSC computation pipeline...
INFO:2025-10-30 15:00:03,121:Processing Q9UHL4 with model AF-Q9UHL4-F1-model_v4.pdb
INFO:2025-10-30 15:00:03,280:Computing HSC features for: Q9UHL4, ENST00000371579, ../Ntranos_Rotation/ESM-SaProt/AF-Q9UHL4-F1-model_v4.pdb.gz
INFO:2025-10-30 15:01:12,237:Successfully computed HSC for Q9UHL4.
INFO:2025-10-30 15:01:12,237:Processing Q9UHL9 with model AF-Q9UHL9-F1-model_v4.pdb
INFO:2025-10-30 15:01:12,440:Computing HSC features for: Q9UHL9, ENST00000265755, ../Ntranos_Rotation/ESM-SaProt/AF-Q9UHL9-F1-model_v4.pdb.gz
INFO:2025-10-30 15:03:02,019:Successfully computed HSC for Q9UHL9.
INFO:2025-10-30 15:03:02,019:Processing Q9UHM6 with model AF-Q9UHM6-F1-model_v4.pdb
INFO:2025-10-30 15:03:02,144:Computing HSC features for: Q9UHM6, ENST00000241891, ../Ntranos_Rotation/ESM-SaProt/AF-Q9UHM6-F1-model_v4.pdb.gz
INFO:2025-10-30 15:03:54,178:Successfully computed HSC for Q9UHM6.
INFO:2025-10-30 15:03:54,179:Processing Q9UHN1 with model AF-Q9UHN1-F1-model_v4.pdb
INFO:2025-10-30 15:03:54,376:Computing HSC features for: Q9UHN1, ENST00000539111, ../Ntranos_Rotation/ESM-SaProt/AF-Q9UHN1-F1-model_v4.pdb.gz
INFO:2025-10-30 15:04:39,626:Successfully computed HSC for Q9UHN1.
INFO:2025-10-30 15:04:39,626:Processing Q9UHN6 with model AF-Q9UHN6-F1-model_v4.pdb
INFO:2025-10-30 15:04:39,911:Computing HSC features for: Q9UHN6, ENST00000377044, ../Ntranos_Rotation/ESM-SaProt/AF-Q9UHN6-F1-model_v4.pdb.gz
INFO:2025-10-30 15:06:34,385:Successfully computed HSC for Q9UHN6.
INFO:2025-10-30 15:06:34,385:Processing Q9UHP3 with model AF-Q9UHP3-F1-model_v4.pdb
INFO:2025-10-30 15:06:34,683:Computing HSC features for: Q9UHP3, ENST00000285679, ../Ntranos_Rotation/ESM-SaProt/AF-Q9UHP3-F1-model_v4.pdb.gz
INFO:2025-10-30 15:07:56,140:Successfully computed HSC for Q9UHP3.
INFO:2025-10-30 15:07:56,140:Processing Q9UHP6 with model AF-Q9UHP6-F1-model_v4.pdb
INFO:2025-10-30 15:07:56,269:Computing HSC features for: Q9UHP6, ENST00000216036, ../Ntranos_Rotation/ESM-SaProt/AF-Q9UHP6-F1-model_v4.pdb.gz
INFO:2025-10-30 15:08:32,864:Successfully computed HSC for Q9UHP6.
INFO:2025-10-30 15:08:32,864:Processing Q9UHP7 with model AF-Q9UHP7-F1-model_v4.pdb
INFO:2025-10-30 15:08:32,924:Computing HSC features for: Q9UHP7, ENST00000290855, ../Ntranos_Rotation/ESM-SaProt/AF-Q9UHP7-F1-model_v4.pdb.gz
INFO:2025-10-30 15:08:46,806:Successfully computed HSC for Q9UHP7.
INFO:2025-10-30 15:08:46,806:Processing Q9UHP9 with model AF-Q9UHP9-F1-model_v4.pdb
INFO:2025-10-30 15:08:46,853:Computing HSC features for: Q9UHP9, ENST00000379494, ../Ntranos_Rotation/ESM-SaProt/AF-Q9UHP9-F1-model_v4.pdb.gz
INFO:2025-10-30 15:08:55,281:Successfully computed HSC for Q9UHP9.
INFO:2025-10-30 15:08:55,281:Processing Q9UHQ1 with model AF-Q9UHQ1-F1-model_v4.pdb
INFO:2025-10-30 15:08:55,394:Computing HSC features for: Q9UHQ1, ENST00000309794, ../Ntranos_Rotation/ESM-SaProt/AF-Q9UHQ1-F1-model_v4.pdb.gz
INFO:2025-10-30 15:09:42,279:Successfully computed HSC for Q9UHQ1.
INFO:2025-10-30 15:09:42,279:Processing Q9UHQ4 with model AF-Q9UHQ4-F1-model_v4.pdb
INFO:2025-10-30 15:09:42,378:Computing HSC features for: Q9UHQ4, ENST00000005259, ../Ntranos_Rotation/ESM-SaProt/AF-Q9UHQ4-F1-model_v4.pdb.gz
INFO:2025-10-30 15:09:59,362:Successfully computed HSC for Q9UHQ4.
INFO:2025-10-30 15:09:59,362:Processing Q9UHQ7 with model AF-Q9UHQ7-F1-model_v4.pdb
INFO:2025-10-30 15:09:59,410:Computing HSC features for: Q9UHQ7, ENST00000372656, ../Ntranos_Rotation/ESM-SaProt/AF-Q9UHQ7-F1-model_v4.pdb.gz
INFO:2025-10-30 15:10:07,041:Successfully computed HSC for Q9UHQ7.
INFO:2025-10-30 15:10:07,041:Processing Q9UHQ9 with model AF-Q9UHQ9-F1-model_v4.pdb
INFO:2025-10-30 15:10:07,148:Computing HSC features for: Q9UHQ9, ENST00000367249, ../Ntranos_Rotation/ESM-SaProt/AF-Q9UHQ9-F1-model_v4.pdb.gz
INFO:2025-10-30 15:10:35,892:Successfully computed HSC for Q9UHQ9.
INFO:2025-10-30 15:10:35,892:Processing Q9UHR4 with model AF-Q9UHR4-F1-model_v4.pdb
INFO:2025-10-30 15:10:36,202:Computing HSC features for: Q9UHR4, ENST00000005260, ../Ntranos_Rotation/ESM-SaProt/AF-Q9UHR4-F1-model_v4.pdb.gz
INFO:2025-10-30 15:11:29,214:Successfully computed HSC for Q9UHR4.
INFO:2025-10-30 15:11:29,214:Processing Q9UHR5 with model AF-Q9UHR5-F1-model_v4.pdb
INFO:2025-10-30 15:11:29,360:Computing HSC features for: Q9UHR5, ENST00000584667, ../Ntranos_Rotation/ESM-SaProt/AF-Q9UHR5-F1-model_v4.pdb.gz
INFO:2025-10-30 15:11:59,551:Successfully computed HSC for Q9UHR5.
INFO:2025-10-30 15:11:59,551:Processing Q9UHR6 with model AF-Q9UHR6-F1-model_v4.pdb
INFO:2025-10-30 15:11:59,716:Computing HSC features for: Q9UHR6, ENST00000310597, ../Ntranos_Rotation/ESM-SaProt/AF-Q9UHR6-F1-model_v4.pdb.gz
INFO:2025-10-30 15:13:04,394:Successfully computed HSC for Q9UHR6.
INFO:2025-10-30 15:13:04,394:Processing Q9UHT4 with model AF-Q9UHT4-F1-model_v4.pdb
ERROR:2025-10-30 15:13:04,451:No ENST transcript IDs were mapped to Q9UHT4
INFO:2025-10-30 15:13:04,451:Processing Q9UHU1 with model AF-Q9UHU1-F1-model_v4.pdb
ERROR:2025-10-30 15:13:04,495:No ENST transcript IDs were mapped to Q9UHU1
INFO:2025-10-30 15:13:04,495:Processing Q9UHV2 with model AF-Q9UHV2-F1-model_v4.pdb
INFO:2025-10-30 15:13:04,549:Computing HSC features for: Q9UHV2, ENST00000357949, ../Ntranos_Rotation/ESM-SaProt/AF-Q9UHV2-F1-model_v4.pdb.gz
INFO:2025-10-30 15:13:29,960:Successfully computed HSC for Q9UHV2.
INFO:2025-10-30 15:13:29,960:Processing Q9UHV5 with model AF-Q9UHV5-F1-model_v4.pdb
ERROR:2025-10-30 15:13:30,131:No valid CDS found for Q9UHV5
INFO:2025-10-30 15:13:30,132:Processing Q9UHV7 with model AF-Q9UHV7-F1-model_v4.pdb
INFO:2025-10-30 15:13:30,452:Computing HSC features for: Q9UHV7, ENST00000397786, ../Ntranos_Rotation/ESM-SaProt/AF-Q9UHV7-F1-model_v4.pdb.gz
INFO:2025-10-30 15:16:14,231:Successfully computed HSC for Q9UHV7.
INFO:2025-10-30 15:16:14,231:Processing Q9UHV8 with model AF-Q9UHV8-F1-model_v4.pdb
INFO:2025-10-30 15:16:14,293:Computing HSC features for: Q9UHV8, ENST00000221797, ../Ntranos_Rotation/ESM-SaProt/AF-Q9UHV8-F1-model_v4.pdb.gz
INFO:2025-10-30 15:16:28,887:Successfully computed HSC for Q9UHV8.
INFO:2025-10-30 15:16:28,887:Processing Q9UHV9 with model AF-Q9UHV9-F1-model_v4.pdb
INFO:2025-10-30 15:16:28,952:Computing HSC features for: Q9UHV9, ENST00000368010, ../Ntranos_Rotation/ESM-SaProt/AF-Q9UHV9-F1-model_v4.pdb.gz
INFO:2025-10-30 15:16:45,321:Successfully computed HSC for Q9UHV9.
INFO:2025-10-30 15:16:45,321:Processing Q9UHW5 with model AF-Q9UHW5-F1-model_v4.pdb
INFO:2025-10-30 15:16:45,678:Computing HSC features for: Q9UHW5, ENST00000228827, ../Ntranos_Rotation/ESM-SaProt/AF-Q9UHW5-F1-model_v4.pdb.gz
INFO:2025-10-30 15:17:10,658:Successfully computed HSC for Q9UHW5.
INFO:2025-10-30 15:17:10,658:Processing Q9UHW9 with model AF-Q9UHW9-F1-model_v4.pdb
INFO:2025-10-30 15:17:10,875:Computing HSC features for: Q9UHW9, ENST00000354181, ../Ntranos_Rotation/ESM-SaProt/AF-Q9UHW9-F1-model_v4.pdb.gz
INFO:2025-10-30 15:18:49,554:Successfully computed HSC for Q9UHW9.
INFO:2025-10-30 15:18:49,554:Processing Q9UHX1 with model AF-Q9UHX1-F1-model_v4.pdb
ERROR:2025-10-30 15:18:49,700:No transcript record found for Q9UHX1 in gnomAD.
INFO:2025-10-30 15:18:49,700:Processing Q9UHX3 with model AF-Q9UHX3-F1-model_v4.pdb
INFO:2025-10-30 15:18:49,887:Computing HSC features for: Q9UHX3, ENST00000315576, ../Ntranos_Rotation/ESM-SaProt/AF-Q9UHX3-F1-model_v4.pdb.gz
INFO:2025-10-30 15:20:10,047:Successfully computed HSC for Q9UHX3.
INFO:2025-10-30 15:20:10,047:Processing Q9UHY1 with model AF-Q9UHY1-F1-model_v4.pdb
INFO:2025-10-30 15:20:10,200:Computing HSC features for: Q9UHY1, ENST00000233557, ../Ntranos_Rotation/ESM-SaProt/AF-Q9UHY1-F1-model_v4.pdb.gz
INFO:2025-10-30 15:20:54,475:Successfully computed HSC for Q9UHY1.
INFO:2025-10-30 15:20:54,475:Processing Q9UHY7 with model AF-Q9UHY7-F1-model_v4.pdb
INFO:2025-10-30 15:20:54,553:Computing HSC features for: Q9UHY7, ENST00000273920, ../Ntranos_Rotation/ESM-SaProt/AF-Q9UHY7-F1-model_v4.pdb.gz
INFO:2025-10-30 15:21:19,282:Successfully computed HSC for Q9UHY7.
INFO:2025-10-30 15:21:19,282:Processing Q9UHY8 with model AF-Q9UHY8-F1-model_v4.pdb
INFO:2025-10-30 15:21:19,404:Computing HSC features for: Q9UHY8, ENST00000405912, ../Ntranos_Rotation/ESM-SaProt/AF-Q9UHY8-F1-model_v4.pdb.gz
INFO:2025-10-30 15:21:56,488:Successfully computed HSC for Q9UHY8.
INFO:2025-10-30 15:21:56,488:Processing Q9UI08 with model AF-Q9UI08-F1-model_v4.pdb
INFO:2025-10-30 15:21:56,572:Computing HSC features for: Q9UI08, ENST00000402714, ../Ntranos_Rotation/ESM-SaProt/AF-Q9UI08-F1-model_v4.pdb.gz
INFO:2025-10-30 15:22:42,491:Successfully computed HSC for Q9UI08.
INFO:2025-10-30 15:22:42,491:Processing Q9UI09 with model AF-Q9UI09-F1-model_v4.pdb
INFO:2025-10-30 15:22:42,545:Computing HSC features for: Q9UI09, ENST00000327772, ../Ntranos_Rotation/ESM-SaProt/AF-Q9UI09-F1-model_v4.pdb.gz
INFO:2025-10-30 15:22:57,063:Successfully computed HSC for Q9UI09.
INFO:2025-10-30 15:22:57,063:Processing Q9UI10 with model AF-Q9UI10-F1-model_v4.pdb
INFO:2025-10-30 15:22:57,271:Computing HSC features for: Q9UI10, ENST00000347454, ../Ntranos_Rotation/ESM-SaProt/AF-Q9UI10-F1-model_v4.pdb.gz
INFO:2025-10-30 15:23:47,977:Successfully computed HSC for Q9UI10.
INFO:2025-10-30 15:23:47,977:Processing Q9UI12 with model AF-Q9UI12-F1-model_v4.pdb
INFO:2025-10-30 15:23:48,090:Computing HSC features for: Q9UI12, ENST00000359530, ../Ntranos_Rotation/ESM-SaProt/AF-Q9UI12-F1-model_v4.pdb.gz
INFO:2025-10-30 15:24:30,364:Successfully computed HSC for Q9UI12.
INFO:2025-10-30 15:24:30,365:Processing Q9UI14 with model AF-Q9UI14-F1-model_v4.pdb
INFO:2025-10-30 15:24:30,414:Computing HSC features for: Q9UI14, ENST00000222008, ../Ntranos_Rotation/ESM-SaProt/AF-Q9UI14-F1-model_v4.pdb.gz
INFO:2025-10-30 15:24:53,866:Successfully computed HSC for Q9UI14.
INFO:2025-10-30 15:24:53,866:Processing Q9UI15 with model AF-Q9UI15-F1-model_v4.pdb
INFO:2025-10-30 15:24:53,915:Computing HSC features for: Q9UI15, ENST00000273368, ../Ntranos_Rotation/ESM-SaProt/AF-Q9UI15-F1-model_v4.pdb.gz
INFO:2025-10-30 15:25:13,960:Successfully computed HSC for Q9UI15.
INFO:2025-10-30 15:25:13,960:Processing Q9UI17 with model AF-Q9UI17-F1-model_v4.pdb
INFO:2025-10-30 15:25:14,122:Computing HSC features for: Q9UI17, ENST00000255189, ../Ntranos_Rotation/ESM-SaProt/AF-Q9UI17-F1-model_v4.pdb.gz
INFO:2025-10-30 15:26:24,410:Successfully computed HSC for Q9UI17.
INFO:2025-10-30 15:26:24,410:Processing Q9UI25 with model AF-Q9UI25-F1-model_v4.pdb
ERROR:2025-10-30 15:26:24,440:No ENST transcript IDs were mapped to Q9UI25
INFO:2025-10-30 15:26:24,440:Processing Q9UI26 with model AF-Q9UI26-F1-model_v4.pdb
INFO:2025-10-30 15:26:24,632:Computing HSC features for: Q9UI26, ENST00000325324, ../Ntranos_Rotation/ESM-SaProt/AF-Q9UI26-F1-model_v4.pdb.gz
INFO:2025-10-30 15:27:34,225:Successfully computed HSC for Q9UI26.
INFO:2025-10-30 15:27:34,226:Processing Q9UI30 with model AF-Q9UI30-F1-model_v4.pdb
INFO:2025-10-30 15:27:34,280:Computing HSC features for: Q9UI30, ENST00000544844, ../Ntranos_Rotation/ESM-SaProt/AF-Q9UI30-F1-model_v4.pdb.gz
INFO:2025-10-30 15:27:49,486:Successfully computed HSC for Q9UI30.
INFO:2025-10-30 15:27:49,487:Processing Q9UI32 with model AF-Q9UI32-F1-model_v4.pdb
INFO:2025-10-30 15:27:49,610:Computing HSC features for: Q9UI32, ENST00000311966, ../Ntranos_Rotation/ESM-SaProt/AF-Q9UI32-F1-model_v4.pdb.gz
INFO:2025-10-30 15:28:44,842:Successfully computed HSC for Q9UI32.
INFO:2025-10-30 15:28:44,842:Processing Q9UI33 with model AF-Q9UI33-F1-model_v4.pdb
INFO:2025-10-30 15:28:45,072:Computing HSC features for: Q9UI33, ENST00000302328, ../Ntranos_Rotation/ESM-SaProt/AF-Q9UI33-F1-model_v4.pdb.gz
INFO:2025-10-30 15:31:04,862:Successfully computed HSC for Q9UI33.
INFO:2025-10-30 15:31:04,862:Processing Q9UI36 with model AF-Q9UI36-F1-model_v4.pdb
ERROR:2025-10-30 15:31:05,091:No transcript record found for Q9UI36 in gnomAD.
INFO:2025-10-30 15:31:05,092:Processing Q9UI38 with model AF-Q9UI38-F1-model_v4.pdb
INFO:2025-10-30 15:31:05,174:Computing HSC features for: Q9UI38, ENST00000315170, ../Ntranos_Rotation/ESM-SaProt/AF-Q9UI38-F1-model_v4.pdb.gz
INFO:2025-10-30 15:31:48,270:Successfully computed HSC for Q9UI38.
INFO:2025-10-30 15:31:48,270:Processing Q9UI40 with model AF-Q9UI40-F1-model_v4.pdb
INFO:2025-10-30 15:31:48,407:Computing HSC features for: Q9UI40, ENST00000341998, ../Ntranos_Rotation/ESM-SaProt/AF-Q9UI40-F1-model_v4.pdb.gz
INFO:2025-10-30 15:32:44,568:Successfully computed HSC for Q9UI40.
INFO:2025-10-30 15:32:44,568:Processing Q9UI42 with model AF-Q9UI42-F1-model_v4.pdb
INFO:2025-10-30 15:32:44,642:Computing HSC features for: Q9UI42, ENST00000222482, ../Ntranos_Rotation/ESM-SaProt/AF-Q9UI42-F1-model_v4.pdb.gz
INFO:2025-10-30 15:33:25,118:Successfully computed HSC for Q9UI42.
INFO:2025-10-30 15:33:25,118:Processing Q9UI43 with model AF-Q9UI43-F1-model_v4.pdb
INFO:2025-10-30 15:33:25,188:Computing HSC features for: Q9UI43, ENST00000242257, ../Ntranos_Rotation/ESM-SaProt/AF-Q9UI43-F1-model_v4.pdb.gz
INFO:2025-10-30 15:33:53,063:Successfully computed HSC for Q9UI43.
INFO:2025-10-30 15:33:53,064:Processing Q9UI46 with model AF-Q9UI46-F1-model_v4.pdb
INFO:2025-10-30 15:33:53,196:Computing HSC features for: Q9UI46, ENST00000242317, ../Ntranos_Rotation/ESM-SaProt/AF-Q9UI46-F1-model_v4.pdb.gz
INFO:2025-10-30 15:34:51,901:Successfully computed HSC for Q9UI46.
INFO:2025-10-30 15:34:51,901:Processing Q9UI47 with model AF-Q9UI47-F1-model_v4.pdb
INFO:2025-10-30 15:34:52,082:Computing HSC features for: Q9UI47, ENST00000433211, ../Ntranos_Rotation/ESM-SaProt/AF-Q9UI47-F1-model_v4.pdb.gz
INFO:2025-10-30 15:36:06,236:Successfully computed HSC for Q9UI47.
INFO:2025-10-30 15:36:06,236:Processing Q9UI54 with model AF-Q9UI54-F1-model_v4.pdb
ERROR:2025-10-30 15:36:06,268:No ENST transcript IDs were mapped to Q9UI54
INFO:2025-10-30 15:36:06,269:Pipeline completed.
INFO:2025-10-30 15:36:06,269:no_enst_for_uniprot: 4
INFO:2025-10-30 15:36:06,269:no_valid_cds: 1
INFO:2025-10-30 15:36:06,269:no_variant_data: 2
INFO:2025-10-30 15:36:06,269:bad_structure: 0
INFO:2025-10-30 15:36:06,269:no_enst_mp: 0
