INFO:2025-10-30 14:27:03,822:Starting HSC computation pipeline...
INFO:2025-10-30 14:28:09,453:Processing Q99958 with model AF-Q99958-F1-model_v4.pdb
ERROR:2025-10-30 14:28:09,617:No transcript record found for Q99958 in gnomAD.
INFO:2025-10-30 14:28:09,617:Processing Q99959 with model AF-Q99959-F1-model_v4.pdb
INFO:2025-10-30 14:28:09,810:Computing HSC features for: Q99959, ENST00000070846, ../Ntranos_Rotation/ESM-SaProt/AF-Q99959-F1-model_v4.pdb.gz
INFO:2025-10-30 14:29:41,410:Successfully computed HSC for Q99959.
INFO:2025-10-30 14:29:41,410:Processing Q99961 with model AF-Q99961-F1-model_v4.pdb
INFO:2025-10-30 14:29:41,598:Computing HSC features for: Q99961, ENST00000269886, ../Ntranos_Rotation/ESM-SaProt/AF-Q99961-F1-model_v4.pdb.gz
INFO:2025-10-30 14:30:26,095:Successfully computed HSC for Q99961.
INFO:2025-10-30 14:30:26,095:Processing Q99962 with model AF-Q99962-F1-model_v4.pdb
INFO:2025-10-30 14:30:26,209:Computing HSC features for: Q99962, ENST00000380607, ../Ntranos_Rotation/ESM-SaProt/AF-Q99962-F1-model_v4.pdb.gz
INFO:2025-10-30 14:30:52,728:Successfully computed HSC for Q99962.
INFO:2025-10-30 14:30:52,728:Processing Q99963 with model AF-Q99963-F1-model_v4.pdb
ERROR:2025-10-30 14:30:52,848:No transcript record found for Q99963 in gnomAD.
INFO:2025-10-30 14:30:52,848:Processing Q99965 with model AF-Q99965-F1-model_v4.pdb
INFO:2025-10-30 14:30:53,022:Computing HSC features for: Q99965, ENST00000265708, ../Ntranos_Rotation/ESM-SaProt/AF-Q99965-F1-model_v4.pdb.gz
INFO:2025-10-30 14:31:44,736:Successfully computed HSC for Q99965.
INFO:2025-10-30 14:31:44,737:Processing Q99966 with model AF-Q99966-F1-model_v4.pdb
INFO:2025-10-30 14:31:44,809:Computing HSC features for: Q99966, ENST00000246139, ../Ntranos_Rotation/ESM-SaProt/AF-Q99966-F1-model_v4.pdb.gz
INFO:2025-10-30 14:32:02,846:Successfully computed HSC for Q99966.
INFO:2025-10-30 14:32:02,846:Processing Q99967 with model AF-Q99967-F1-model_v4.pdb
INFO:2025-10-30 14:32:02,904:Computing HSC features for: Q99967, ENST00000367651, ../Ntranos_Rotation/ESM-SaProt/AF-Q99967-F1-model_v4.pdb.gz
INFO:2025-10-30 14:32:39,083:Successfully computed HSC for Q99967.
INFO:2025-10-30 14:32:39,083:Processing Q99969 with model AF-Q99969-F1-model_v4.pdb
INFO:2025-10-30 14:32:39,190:Computing HSC features for: Q99969, ENST00000223271, ../Ntranos_Rotation/ESM-SaProt/AF-Q99969-F1-model_v4.pdb.gz
INFO:2025-10-30 14:32:57,504:Successfully computed HSC for Q99969.
INFO:2025-10-30 14:32:57,505:Processing Q99972 with model AF-Q99972-F1-model_v4.pdb
INFO:2025-10-30 14:32:57,585:Computing HSC features for: Q99972, ENST00000037502, ../Ntranos_Rotation/ESM-SaProt/AF-Q99972-F1-model_v4.pdb.gz
INFO:2025-10-30 14:33:40,414:Successfully computed HSC for Q99972.
INFO:2025-10-30 14:33:40,414:Processing Q99973 with model AF-Q99973-F1-model_v4.pdb
ERROR:2025-10-30 14:33:40,786:No transcript record found for Q99973 in gnomAD.
INFO:2025-10-30 14:33:40,786:Processing Q99983 with model AF-Q99983-F1-model_v4.pdb
ERROR:2025-10-30 14:33:40,903:No transcript record found for Q99983 in gnomAD.
INFO:2025-10-30 14:33:40,903:Processing Q99985 with model AF-Q99985-F1-model_v4.pdb
INFO:2025-10-30 14:33:41,108:Computing HSC features for: Q99985, ENST00000265361, ../Ntranos_Rotation/ESM-SaProt/AF-Q99985-F1-model_v4.pdb.gz
INFO:2025-10-30 14:34:43,106:Successfully computed HSC for Q99985.
INFO:2025-10-30 14:34:43,107:Processing Q99986 with model AF-Q99986-F1-model_v4.pdb
INFO:2025-10-30 14:34:43,670:Computing HSC features for: Q99986, ENST00000216639, ../Ntranos_Rotation/ESM-SaProt/AF-Q99986-F1-model_v4.pdb.gz
INFO:2025-10-30 14:35:16,296:Successfully computed HSC for Q99986.
INFO:2025-10-30 14:35:16,296:Processing Q99988 with model AF-Q99988-F1-model_v4.pdb
INFO:2025-10-30 14:35:16,397:Computing HSC features for: Q99988, ENST00000252809, ../Ntranos_Rotation/ESM-SaProt/AF-Q99988-F1-model_v4.pdb.gz
INFO:2025-10-30 14:36:06,784:Successfully computed HSC for Q99988.
INFO:2025-10-30 14:36:06,784:Processing Q99990 with model AF-Q99990-F1-model_v4.pdb
INFO:2025-10-30 14:36:06,863:Computing HSC features for: Q99990, ENST00000370634, ../Ntranos_Rotation/ESM-SaProt/AF-Q99990-F1-model_v4.pdb.gz
INFO:2025-10-30 14:36:30,828:Successfully computed HSC for Q99990.
INFO:2025-10-30 14:36:30,829:Processing Q99996 with model AF-Q99996-F1-model_v4.pdb
ERROR:2025-10-30 14:36:31,211:No valid CDS found for Q99996
INFO:2025-10-30 14:36:31,211:Processing Q99999 with model AF-Q99999-F1-model_v4.pdb
INFO:2025-10-30 14:36:31,341:Computing HSC features for: Q99999, ENST00000338911, ../Ntranos_Rotation/ESM-SaProt/AF-Q99999-F1-model_v4.pdb.gz
INFO:2025-10-30 14:37:32,580:Successfully computed HSC for Q99999.
INFO:2025-10-30 14:37:32,580:Processing Q9BPU6 with model AF-Q9BPU6-F1-model_v4.pdb
INFO:2025-10-30 14:37:32,735:Computing HSC features for: Q9BPU6, ENST00000288699, ../Ntranos_Rotation/ESM-SaProt/AF-Q9BPU6-F1-model_v4.pdb.gz
INFO:2025-10-30 14:38:37,939:Successfully computed HSC for Q9BPU6.
INFO:2025-10-30 14:38:37,939:Processing Q99717 with model AF-Q99717-F1-model_v4.pdb
INFO:2025-10-30 14:38:38,065:Computing HSC features for: Q99717, ENST00000545279, ../Ntranos_Rotation/ESM-SaProt/AF-Q99717-F1-model_v4.pdb.gz
INFO:2025-10-30 14:39:14,058:Successfully computed HSC for Q99717.
INFO:2025-10-30 14:39:14,059:Processing Q99719 with model AF-Q99719-F1-model_v4.pdb
INFO:2025-10-30 14:39:14,160:Computing HSC features for: Q99719, ENST00000455784, ../Ntranos_Rotation/ESM-SaProt/AF-Q99719-F1-model_v4.pdb.gz
INFO:2025-10-30 14:39:57,021:Successfully computed HSC for Q99719.
INFO:2025-10-30 14:39:57,021:Processing Q99720 with model AF-Q99720-F1-model_v4.pdb
INFO:2025-10-30 14:39:57,105:Computing HSC features for: Q99720, ENST00000277010, ../Ntranos_Rotation/ESM-SaProt/AF-Q99720-F1-model_v4.pdb.gz
INFO:2025-10-30 14:40:28,273:Successfully computed HSC for Q99720.
INFO:2025-10-30 14:40:28,273:Processing Q99726 with model AF-Q99726-F1-model_v4.pdb
INFO:2025-10-30 14:40:28,362:Computing HSC features for: Q99726, ENST00000233535, ../Ntranos_Rotation/ESM-SaProt/AF-Q99726-F1-model_v4.pdb.gz
INFO:2025-10-30 14:41:11,057:Successfully computed HSC for Q99726.
INFO:2025-10-30 14:41:11,058:Processing Q99727 with model AF-Q99727-F1-model_v4.pdb
INFO:2025-10-30 14:41:11,114:Computing HSC features for: Q99727, ENST00000287814, ../Ntranos_Rotation/ESM-SaProt/AF-Q99727-F1-model_v4.pdb.gz
INFO:2025-10-30 14:41:32,203:Successfully computed HSC for Q99727.
INFO:2025-10-30 14:41:32,203:Processing Q99728 with model AF-Q99728-F1-model_v4.pdb
INFO:2025-10-30 14:41:32,621:Computing HSC features for: Q99728, ENST00000260947, ../Ntranos_Rotation/ESM-SaProt/AF-Q99728-F1-model_v4.pdb.gz
INFO:2025-10-30 14:42:35,612:Successfully computed HSC for Q99728.
INFO:2025-10-30 14:42:35,612:Processing Q99729 with model AF-Q99729-F1-model_v4.pdb
INFO:2025-10-30 14:42:35,710:Computing HSC features for: Q99729, ENST00000358344, ../Ntranos_Rotation/ESM-SaProt/AF-Q99729-F1-model_v4.pdb.gz
INFO:2025-10-30 14:43:15,766:Successfully computed HSC for Q99729.
INFO:2025-10-30 14:43:15,766:Processing Q99731 with model AF-Q99731-F1-model_v4.pdb
INFO:2025-10-30 14:43:15,803:Computing HSC features for: Q99731, ENST00000311925, ../Ntranos_Rotation/ESM-SaProt/AF-Q99731-F1-model_v4.pdb.gz
INFO:2025-10-30 14:43:23,956:Successfully computed HSC for Q99731.
INFO:2025-10-30 14:43:23,957:Processing Q99732 with model AF-Q99732-F1-model_v4.pdb
INFO:2025-10-30 14:43:24,019:Computing HSC features for: Q99732, ENST00000339430, ../Ntranos_Rotation/ESM-SaProt/AF-Q99732-F1-model_v4.pdb.gz
INFO:2025-10-30 14:43:40,338:Successfully computed HSC for Q99732.
INFO:2025-10-30 14:43:40,338:Processing Q99733 with model AF-Q99733-F1-model_v4.pdb
INFO:2025-10-30 14:43:40,415:Computing HSC features for: Q99733, ENST00000380542, ../Ntranos_Rotation/ESM-SaProt/AF-Q99733-F1-model_v4.pdb.gz
INFO:2025-10-30 14:44:09,749:Successfully computed HSC for Q99733.
INFO:2025-10-30 14:44:09,749:Processing Q99735 with model AF-Q99735-F1-model_v4.pdb
INFO:2025-10-30 14:44:09,813:Computing HSC features for: Q99735, ENST00000265498, ../Ntranos_Rotation/ESM-SaProt/AF-Q99735-F1-model_v4.pdb.gz
INFO:2025-10-30 14:44:24,466:Successfully computed HSC for Q99735.
INFO:2025-10-30 14:44:24,467:Processing Q99741 with model AF-Q99741-F1-model_v4.pdb
INFO:2025-10-30 14:44:24,585:Computing HSC features for: Q99741, ENST00000209728, ../Ntranos_Rotation/ESM-SaProt/AF-Q99741-F1-model_v4.pdb.gz
INFO:2025-10-30 14:45:03,166:Successfully computed HSC for Q99741.
INFO:2025-10-30 14:45:03,166:Processing Q99742 with model AF-Q99742-F1-model_v4.pdb
INFO:2025-10-30 14:45:03,260:Computing HSC features for: Q99742, ENST00000449844, ../Ntranos_Rotation/ESM-SaProt/AF-Q99742-F1-model_v4.pdb.gz
INFO:2025-10-30 14:46:24,714:Successfully computed HSC for Q99742.
INFO:2025-10-30 14:46:24,714:Processing Q99743 with model AF-Q99743-F1-model_v4.pdb
INFO:2025-10-30 14:46:24,872:Computing HSC features for: Q99743, ENST00000335681, ../Ntranos_Rotation/ESM-SaProt/AF-Q99743-F1-model_v4.pdb.gz
INFO:2025-10-30 14:47:45,350:Successfully computed HSC for Q99743.
INFO:2025-10-30 14:47:45,351:Processing Q99747 with model AF-Q99747-F1-model_v4.pdb
INFO:2025-10-30 14:47:45,410:Computing HSC features for: Q99747, ENST00000322897, ../Ntranos_Rotation/ESM-SaProt/AF-Q99747-F1-model_v4.pdb.gz
INFO:2025-10-30 14:48:16,399:Successfully computed HSC for Q99747.
INFO:2025-10-30 14:48:16,399:Processing Q99748 with model AF-Q99748-F1-model_v4.pdb
INFO:2025-10-30 14:48:16,472:Computing HSC features for: Q99748, ENST00000303212, ../Ntranos_Rotation/ESM-SaProt/AF-Q99748-F1-model_v4.pdb.gz
INFO:2025-10-30 14:48:53,023:Successfully computed HSC for Q99748.
INFO:2025-10-30 14:48:53,023:Processing Q99750 with model AF-Q99750-F1-model_v4.pdb
INFO:2025-10-30 14:48:53,083:Computing HSC features for: Q99750, ENST00000230321, ../Ntranos_Rotation/ESM-SaProt/AF-Q99750-F1-model_v4.pdb.gz
INFO:2025-10-30 14:49:17,653:Successfully computed HSC for Q99750.
INFO:2025-10-30 14:49:17,654:Processing Q99755 with model AF-Q99755-F1-model_v4.pdb
INFO:2025-10-30 14:49:17,764:Computing HSC features for: Q99755, ENST00000368888, ../Ntranos_Rotation/ESM-SaProt/AF-Q99755-F1-model_v4.pdb.gz
INFO:2025-10-30 14:50:07,305:Successfully computed HSC for Q99755.
INFO:2025-10-30 14:50:07,305:Processing Q99757 with model AF-Q99757-F1-model_v4.pdb
INFO:2025-10-30 14:50:07,345:Computing HSC features for: Q99757, ENST00000216185, ../Ntranos_Rotation/ESM-SaProt/AF-Q99757-F1-model_v4.pdb.gz
INFO:2025-10-30 14:50:21,174:Successfully computed HSC for Q99757.
INFO:2025-10-30 14:50:21,175:Processing Q99758 with model AF-Q99758-F1-model_v4.pdb
INFO:2025-10-30 14:50:21,355:Computing HSC features for: Q99758, ENST00000301732, ../Ntranos_Rotation/ESM-SaProt/AF-Q99758-F1-model_v4.pdb.gz
INFO:2025-10-30 14:53:22,147:Successfully computed HSC for Q99758.
INFO:2025-10-30 14:53:22,147:Processing Q99759 with model AF-Q99759-F1-model_v4.pdb
INFO:2025-10-30 14:53:22,245:Computing HSC features for: Q99759, ENST00000361733, ../Ntranos_Rotation/ESM-SaProt/AF-Q99759-F1-model_v4.pdb.gz
INFO:2025-10-30 14:54:22,106:Successfully computed HSC for Q99759.
INFO:2025-10-30 14:54:22,106:Processing Q99766 with model AF-Q99766-F1-model_v4.pdb
ERROR:2025-10-30 14:54:22,150:No transcript record found for Q99766 in gnomAD.
INFO:2025-10-30 14:54:22,150:Processing Q99767 with model AF-Q99767-F1-model_v4.pdb
INFO:2025-10-30 14:54:22,345:Computing HSC features for: Q99767, ENST00000558259, ../Ntranos_Rotation/ESM-SaProt/AF-Q99767-F1-model_v4.pdb.gz
INFO:2025-10-30 14:55:40,838:Successfully computed HSC for Q99767.
INFO:2025-10-30 14:55:40,838:Processing Q99784 with model AF-Q99784-F1-model_v4.pdb
INFO:2025-10-30 14:55:40,924:Computing HSC features for: Q99784, ENST00000371793, ../Ntranos_Rotation/ESM-SaProt/AF-Q99784-F1-model_v4.pdb.gz
INFO:2025-10-30 14:56:35,774:Successfully computed HSC for Q99784.
INFO:2025-10-30 14:56:35,774:Processing Q99788 with model AF-Q99788-F1-model_v4.pdb
INFO:2025-10-30 14:56:35,834:Computing HSC features for: Q99788, ENST00000312143, ../Ntranos_Rotation/ESM-SaProt/AF-Q99788-F1-model_v4.pdb.gz
INFO:2025-10-30 14:57:06,466:Successfully computed HSC for Q99788.
INFO:2025-10-30 14:57:06,466:Processing Q99795 with model AF-Q99795-F1-model_v4.pdb
INFO:2025-10-30 14:57:06,539:Computing HSC features for: Q99795, ENST00000367868, ../Ntranos_Rotation/ESM-SaProt/AF-Q99795-F1-model_v4.pdb.gz
INFO:2025-10-30 14:57:42,659:Successfully computed HSC for Q99795.
INFO:2025-10-30 14:57:42,659:Processing Q99797 with model AF-Q99797-F1-model_v4.pdb
INFO:2025-10-30 14:57:42,771:Computing HSC features for: Q99797, ENST00000382172, ../Ntranos_Rotation/ESM-SaProt/AF-Q99797-F1-model_v4.pdb.gz
INFO:2025-10-30 14:58:45,411:Successfully computed HSC for Q99797.
INFO:2025-10-30 14:58:45,411:Processing Q99801 with model AF-Q99801-F1-model_v4.pdb
INFO:2025-10-30 14:58:45,477:Computing HSC features for: Q99801, ENST00000380871, ../Ntranos_Rotation/ESM-SaProt/AF-Q99801-F1-model_v4.pdb.gz
INFO:2025-10-30 14:59:19,756:Successfully computed HSC for Q99801.
INFO:2025-10-30 14:59:19,756:Processing Q99805 with model AF-Q99805-F1-model_v4.pdb
INFO:2025-10-30 14:59:19,872:Computing HSC features for: Q99805, ENST00000376387, ../Ntranos_Rotation/ESM-SaProt/AF-Q99805-F1-model_v4.pdb.gz
INFO:2025-10-30 15:00:26,455:Successfully computed HSC for Q99805.
INFO:2025-10-30 15:00:26,455:Processing Q99807 with model AF-Q99807-F1-model_v4.pdb
INFO:2025-10-30 15:00:26,528:Computing HSC features for: Q99807, ENST00000321998, ../Ntranos_Rotation/ESM-SaProt/AF-Q99807-F1-model_v4.pdb.gz
INFO:2025-10-30 15:00:51,551:Successfully computed HSC for Q99807.
INFO:2025-10-30 15:00:51,551:Processing Q99808 with model AF-Q99808-F1-model_v4.pdb
INFO:2025-10-30 15:00:51,615:Computing HSC features for: Q99808, ENST00000371708, ../Ntranos_Rotation/ESM-SaProt/AF-Q99808-F1-model_v4.pdb.gz
INFO:2025-10-30 15:01:44,994:Successfully computed HSC for Q99808.
INFO:2025-10-30 15:01:44,994:Pipeline completed.
INFO:2025-10-30 15:01:44,994:no_enst_for_uniprot: 0
INFO:2025-10-30 15:01:44,994:no_valid_cds: 1
INFO:2025-10-30 15:01:44,994:no_variant_data: 5
INFO:2025-10-30 15:01:44,994:bad_structure: 0
INFO:2025-10-30 15:01:44,994:no_enst_mp: 0
