INFO:2025-10-30 14:25:03,921:Starting HSC computation pipeline...
INFO:2025-10-30 14:26:26,240:Processing P29218 with model AF-P29218-F1-model_v4.pdb
INFO:2025-10-30 14:26:26,287:Computing HSC features for: P29218, ENST00000256108, ../Ntranos_Rotation/ESM-SaProt/AF-P29218-F1-model_v4.pdb.gz
INFO:2025-10-30 14:26:49,208:Successfully computed HSC for P29218.
INFO:2025-10-30 14:26:49,208:Processing P29274 with model AF-P29274-F1-model_v4.pdb
INFO:2025-10-30 14:26:49,245:Computing HSC features for: P29274, ENST00000337539, ../Ntranos_Rotation/ESM-SaProt/AF-P29274-F1-model_v4.pdb.gz
INFO:2025-10-30 14:27:24,961:Successfully computed HSC for P29274.
INFO:2025-10-30 14:27:24,961:Processing P29275 with model AF-P29275-F1-model_v4.pdb
INFO:2025-10-30 14:27:25,348:Computing HSC features for: P29275, ENST00000304222, ../Ntranos_Rotation/ESM-SaProt/AF-P29275-F1-model_v4.pdb.gz
INFO:2025-10-30 14:27:53,560:Successfully computed HSC for P29275.
INFO:2025-10-30 14:27:53,561:Processing P29279 with model AF-P29279-F1-model_v4.pdb
INFO:2025-10-30 14:27:53,641:Computing HSC features for: P29279, ENST00000367976, ../Ntranos_Rotation/ESM-SaProt/AF-P29279-F1-model_v4.pdb.gz
INFO:2025-10-30 14:28:32,292:Successfully computed HSC for P29279.
INFO:2025-10-30 14:28:32,292:Processing P29317 with model AF-P29317-F1-model_v4.pdb
INFO:2025-10-30 14:28:32,448:Computing HSC features for: P29317, ENST00000358432, ../Ntranos_Rotation/ESM-SaProt/AF-P29317-F1-model_v4.pdb.gz
INFO:2025-10-30 14:30:11,862:Successfully computed HSC for P29317.
INFO:2025-10-30 14:30:11,862:Processing P29320 with model AF-P29320-F1-model_v4.pdb
INFO:2025-10-30 14:30:11,994:Computing HSC features for: P29320, ENST00000336596, ../Ntranos_Rotation/ESM-SaProt/AF-P29320-F1-model_v4.pdb.gz
INFO:2025-10-30 14:31:19,768:Successfully computed HSC for P29320.
INFO:2025-10-30 14:31:19,768:Processing P29322 with model AF-P29322-F1-model_v4.pdb
INFO:2025-10-30 14:31:19,976:Computing HSC features for: P29322, ENST00000166244, ../Ntranos_Rotation/ESM-SaProt/AF-P29322-F1-model_v4.pdb.gz
INFO:2025-10-30 14:33:13,340:Successfully computed HSC for P29322.
INFO:2025-10-30 14:33:13,340:Processing P29323 with model AF-P29323-F1-model_v4.pdb
INFO:2025-10-30 14:33:13,485:Computing HSC features for: P29323, ENST00000400191, ../Ntranos_Rotation/ESM-SaProt/AF-P29323-F1-model_v4.pdb.gz
INFO:2025-10-30 14:34:51,165:Successfully computed HSC for P29323.
INFO:2025-10-30 14:34:51,165:Processing P29350 with model AF-P29350-F1-model_v4.pdb
INFO:2025-10-30 14:34:51,300:Computing HSC features for: P29350, ENST00000318974, ../Ntranos_Rotation/ESM-SaProt/AF-P29350-F1-model_v4.pdb.gz
INFO:2025-10-30 14:36:25,073:Successfully computed HSC for P29350.
INFO:2025-10-30 14:36:25,074:Processing P29353 with model AF-P29353-F1-model_v4.pdb
INFO:2025-10-30 14:36:25,224:Computing HSC features for: P29353, ENST00000368445, ../Ntranos_Rotation/ESM-SaProt/AF-P29353-F1-model_v4.pdb.gz
INFO:2025-10-30 14:37:13,433:Successfully computed HSC for P29353.
INFO:2025-10-30 14:37:13,433:Processing P29371 with model AF-P29371-F1-model_v4.pdb
INFO:2025-10-30 14:37:13,493:Computing HSC features for: P29371, ENST00000304883, ../Ntranos_Rotation/ESM-SaProt/AF-P29371-F1-model_v4.pdb.gz
INFO:2025-10-30 14:37:56,398:Successfully computed HSC for P29371.
INFO:2025-10-30 14:37:56,398:Processing P29372 with model AF-P29372-F1-model_v4.pdb
INFO:2025-10-30 14:37:56,493:Computing HSC features for: P29372, ENST00000219431, ../Ntranos_Rotation/ESM-SaProt/AF-P29372-F1-model_v4.pdb.gz
INFO:2025-10-30 14:38:50,530:Successfully computed HSC for P29372.
INFO:2025-10-30 14:38:50,530:Processing P29373 with model AF-P29373-F1-model_v4.pdb
INFO:2025-10-30 14:38:50,570:Computing HSC features for: P29373, ENST00000368221, ../Ntranos_Rotation/ESM-SaProt/AF-P29373-F1-model_v4.pdb.gz
INFO:2025-10-30 14:39:10,612:Successfully computed HSC for P29373.
INFO:2025-10-30 14:39:10,612:Processing P29374 with model AF-P29374-F1-model_v4.pdb
INFO:2025-10-30 14:39:10,886:Computing HSC features for: P29374, ENST00000355431, ../Ntranos_Rotation/ESM-SaProt/AF-P29374-F1-model_v4.pdb.gz
INFO:2025-10-30 14:41:05,137:Successfully computed HSC for P29374.
INFO:2025-10-30 14:41:05,137:Processing P29375 with model AF-P29375-F1-model_v4.pdb
INFO:2025-10-30 14:41:05,409:Computing HSC features for: P29375, ENST00000399788, ../Ntranos_Rotation/ESM-SaProt/AF-P29375-F1-model_v4.pdb.gz
INFO:2025-10-30 14:43:20,478:Successfully computed HSC for P29375.
INFO:2025-10-30 14:43:20,478:Processing P29376 with model AF-P29376-F1-model_v4.pdb
INFO:2025-10-30 14:43:20,616:Computing HSC features for: P29376, ENST00000263800, ../Ntranos_Rotation/ESM-SaProt/AF-P29376-F1-model_v4.pdb.gz
INFO:2025-10-30 14:45:17,411:Successfully computed HSC for P29376.
INFO:2025-10-30 14:45:17,411:Processing P29377 with model AF-P29377-F1-model_v4.pdb
INFO:2025-10-30 14:45:17,468:Computing HSC features for: P29377, ENST00000380200, ../Ntranos_Rotation/ESM-SaProt/AF-P29377-F1-model_v4.pdb.gz
INFO:2025-10-30 14:45:25,468:Successfully computed HSC for P29377.
INFO:2025-10-30 14:45:25,468:Processing P29400 with model AF-P29400-F1-model_v4.pdb
INFO:2025-10-30 14:45:25,739:Computing HSC features for: P29400, ENST00000361603, ../Ntranos_Rotation/ESM-SaProt/AF-P29400-F1-model_v4.pdb.gz
INFO:2025-10-30 14:47:09,904:Successfully computed HSC for P29400.
INFO:2025-10-30 14:47:09,904:Processing P29401 with model AF-P29401-F1-model_v4.pdb
INFO:2025-10-30 14:47:10,019:Computing HSC features for: P29401, ENST00000423525, ../Ntranos_Rotation/ESM-SaProt/AF-P29401-F1-model_v4.pdb.gz
INFO:2025-10-30 14:48:15,119:Successfully computed HSC for P29401.
INFO:2025-10-30 14:48:15,119:Processing P29459 with model AF-P29459-F1-model_v4.pdb
ERROR:2025-10-30 14:48:15,177:No transcript record found for P29459 in gnomAD.
INFO:2025-10-30 14:48:15,177:Processing P29460 with model AF-P29460-F1-model_v4.pdb
INFO:2025-10-30 14:48:15,252:Computing HSC features for: P29460, ENST00000231228, ../Ntranos_Rotation/ESM-SaProt/AF-P29460-F1-model_v4.pdb.gz
INFO:2025-10-30 14:48:36,627:Successfully computed HSC for P29460.
INFO:2025-10-30 14:48:36,627:Processing P29466 with model AF-P29466-F1-model_v4.pdb
ERROR:2025-10-30 14:48:36,765:No transcript record found for P29466 in gnomAD.
INFO:2025-10-30 14:48:36,765:Processing P29474 with model AF-P29474-F1-model_v4.pdb
INFO:2025-10-30 14:48:36,894:Computing HSC features for: P29474, ENST00000297494, ../Ntranos_Rotation/ESM-SaProt/AF-P29474-F1-model_v4.pdb.gz
INFO:2025-10-30 14:50:28,644:Successfully computed HSC for P29474.
INFO:2025-10-30 14:50:28,644:Processing P29475 with model AF-P29475-F1-model_v4.pdb
INFO:2025-10-30 14:50:28,785:Computing HSC features for: P29475, ENST00000317775, ../Ntranos_Rotation/ESM-SaProt/AF-P29475-F1-model_v4.pdb.gz
INFO:2025-10-30 14:52:20,896:Successfully computed HSC for P29475.
INFO:2025-10-30 14:52:20,896:Processing P29508 with model AF-P29508-F1-model_v4.pdb
INFO:2025-10-30 14:52:20,953:Computing HSC features for: P29508, ENST00000283752, ../Ntranos_Rotation/ESM-SaProt/AF-P29508-F1-model_v4.pdb.gz
INFO:2025-10-30 14:52:44,747:Successfully computed HSC for P29508.
INFO:2025-10-30 14:52:44,747:Processing P29536 with model AF-P29536-F1-model_v4.pdb
INFO:2025-10-30 14:52:44,820:Computing HSC features for: P29536, ENST00000367288, ../Ntranos_Rotation/ESM-SaProt/AF-P29536-F1-model_v4.pdb.gz
INFO:2025-10-30 14:53:28,282:Successfully computed HSC for P29536.
INFO:2025-10-30 14:53:28,282:Processing P29558 with model AF-P29558-F1-model_v4.pdb
INFO:2025-10-30 14:53:28,374:Computing HSC features for: P29558, ENST00000348849, ../Ntranos_Rotation/ESM-SaProt/AF-P29558-F1-model_v4.pdb.gz
INFO:2025-10-30 14:54:03,698:Successfully computed HSC for P29558.
INFO:2025-10-30 14:54:03,698:Processing P29590 with model AF-P29590-F1-model_v4.pdb
INFO:2025-10-30 14:54:03,867:Computing HSC features for: P29590, ENST00000268058, ../Ntranos_Rotation/ESM-SaProt/AF-P29590-F1-model_v4.pdb.gz
INFO:2025-10-30 14:55:48,384:Successfully computed HSC for P29590.
INFO:2025-10-30 14:55:48,384:Processing P29597 with model AF-P29597-F1-model_v4.pdb
INFO:2025-10-30 14:55:48,581:Computing HSC features for: P29597, ENST00000525621, ../Ntranos_Rotation/ESM-SaProt/AF-P29597-F1-model_v4.pdb.gz
INFO:2025-10-30 14:57:38,138:Successfully computed HSC for P29597.
INFO:2025-10-30 14:57:38,138:Processing P29622 with model AF-P29622-F1-model_v4.pdb
INFO:2025-10-30 14:57:38,201:Computing HSC features for: P29622, ENST00000298841, ../Ntranos_Rotation/ESM-SaProt/AF-P29622-F1-model_v4.pdb.gz
INFO:2025-10-30 14:58:15,366:Successfully computed HSC for P29622.
INFO:2025-10-30 14:58:15,366:Processing P29692 with model AF-P29692-F1-model_v4.pdb
INFO:2025-10-30 14:58:15,431:Computing HSC features for: P29692, ENST00000317198, ../Ntranos_Rotation/ESM-SaProt/AF-P29692-F1-model_v4.pdb.gz
INFO:2025-10-30 14:58:42,260:Successfully computed HSC for P29692.
INFO:2025-10-30 14:58:42,260:Processing P29728 with model AF-P29728-F1-model_v4.pdb
INFO:2025-10-30 14:58:42,411:Computing HSC features for: P29728, ENST00000342315, ../Ntranos_Rotation/ESM-SaProt/AF-P29728-F1-model_v4.pdb.gz
INFO:2025-10-30 14:59:39,378:Successfully computed HSC for P29728.
INFO:2025-10-30 14:59:39,378:Processing P29762 with model AF-P29762-F1-model_v4.pdb
INFO:2025-10-30 14:59:39,425:Computing HSC features for: P29762, ENST00000299529, ../Ntranos_Rotation/ESM-SaProt/AF-P29762-F1-model_v4.pdb.gz
INFO:2025-10-30 15:00:00,523:Successfully computed HSC for P29762.
INFO:2025-10-30 15:00:00,523:Processing P29803 with model AF-P29803-F1-model_v4.pdb
INFO:2025-10-30 15:00:00,599:Computing HSC features for: P29803, ENST00000295266, ../Ntranos_Rotation/ESM-SaProt/AF-P29803-F1-model_v4.pdb.gz
INFO:2025-10-30 15:00:41,361:Successfully computed HSC for P29803.
INFO:2025-10-30 15:00:41,361:Processing P29965 with model AF-P29965-F1-model_v4.pdb
INFO:2025-10-30 15:00:41,420:Computing HSC features for: P29965, ENST00000370629, ../Ntranos_Rotation/ESM-SaProt/AF-P29965-F1-model_v4.pdb.gz
INFO:2025-10-30 15:01:01,552:Successfully computed HSC for P29965.
INFO:2025-10-30 15:01:01,552:Processing P29966 with model AF-P29966-F1-model_v4.pdb
ERROR:2025-10-30 15:01:01,616:No transcript record found for P29966 in gnomAD.
INFO:2025-10-30 15:01:01,616:Processing P29972 with model AF-P29972-F1-model_v4.pdb
INFO:2025-10-30 15:01:01,715:Computing HSC features for: P29972, ENST00000311813, ../Ntranos_Rotation/ESM-SaProt/AF-P29972-F1-model_v4.pdb.gz
INFO:2025-10-30 15:01:39,176:Successfully computed HSC for P29972.
INFO:2025-10-30 15:01:39,176:Processing P29973 with model AF-P29973-F1-model_v4.pdb
ERROR:2025-10-30 15:01:39,295:No valid CDS found for P29973
INFO:2025-10-30 15:01:39,296:Processing P29992 with model AF-P29992-F1-model_v4.pdb
INFO:2025-10-30 15:01:39,372:Computing HSC features for: P29992, ENST00000078429, ../Ntranos_Rotation/ESM-SaProt/AF-P29992-F1-model_v4.pdb.gz
INFO:2025-10-30 15:02:27,359:Successfully computed HSC for P29992.
INFO:2025-10-30 15:02:27,359:Processing P30038 with model AF-P30038-F1-model_v4.pdb
INFO:2025-10-30 15:02:27,432:Computing HSC features for: P30038, ENST00000290597, ../Ntranos_Rotation/ESM-SaProt/AF-P30038-F1-model_v4.pdb.gz
INFO:2025-10-30 15:03:19,901:Successfully computed HSC for P30038.
INFO:2025-10-30 15:03:19,901:Processing P30039 with model AF-P30039-F1-model_v4.pdb
INFO:2025-10-30 15:03:19,950:Computing HSC features for: P30039, ENST00000309049, ../Ntranos_Rotation/ESM-SaProt/AF-P30039-F1-model_v4.pdb.gz
INFO:2025-10-30 15:03:39,268:Successfully computed HSC for P30039.
INFO:2025-10-30 15:03:39,268:Processing P30040 with model AF-P30040-F1-model_v4.pdb
INFO:2025-10-30 15:03:39,313:Computing HSC features for: P30040, ENST00000261735, ../Ntranos_Rotation/ESM-SaProt/AF-P30040-F1-model_v4.pdb.gz
INFO:2025-10-30 15:04:00,232:Successfully computed HSC for P30040.
INFO:2025-10-30 15:04:00,232:Processing P30041 with model AF-P30041-F1-model_v4.pdb
INFO:2025-10-30 15:04:00,275:Computing HSC features for: P30041, ENST00000340385, ../Ntranos_Rotation/ESM-SaProt/AF-P30041-F1-model_v4.pdb.gz
INFO:2025-10-30 15:04:15,322:Successfully computed HSC for P30041.
INFO:2025-10-30 15:04:15,322:Processing P30043 with model AF-P30043-F1-model_v4.pdb
INFO:2025-10-30 15:04:15,413:Computing HSC features for: P30043, ENST00000263368, ../Ntranos_Rotation/ESM-SaProt/AF-P30043-F1-model_v4.pdb.gz
INFO:2025-10-30 15:04:43,689:Successfully computed HSC for P30043.
INFO:2025-10-30 15:04:43,689:Processing P30044 with model AF-P30044-F1-model_v4.pdb
INFO:2025-10-30 15:04:43,740:Computing HSC features for: P30044, ENST00000265462, ../Ntranos_Rotation/ESM-SaProt/AF-P30044-F1-model_v4.pdb.gz
INFO:2025-10-30 15:05:03,012:Successfully computed HSC for P30044.
INFO:2025-10-30 15:05:03,012:Processing P30046 with model AF-P30046-F1-model_v4.pdb
INFO:2025-10-30 15:05:03,044:Computing HSC features for: P30046, ENST00000350608, ../Ntranos_Rotation/ESM-SaProt/AF-P30046-F1-model_v4.pdb.gz
INFO:2025-10-30 15:05:18,028:Successfully computed HSC for P30046.
INFO:2025-10-30 15:05:18,028:Processing P30047 with model AF-P30047-F1-model_v4.pdb
INFO:2025-10-30 15:05:18,064:Computing HSC features for: P30047, ENST00000260447, ../Ntranos_Rotation/ESM-SaProt/AF-P30047-F1-model_v4.pdb.gz
INFO:2025-10-30 15:05:25,720:Successfully computed HSC for P30047.
INFO:2025-10-30 15:05:25,720:Processing P30048 with model AF-P30048-F1-model_v4.pdb
INFO:2025-10-30 15:05:25,759:Computing HSC features for: P30048, ENST00000298510, ../Ntranos_Rotation/ESM-SaProt/AF-P30048-F1-model_v4.pdb.gz
INFO:2025-10-30 15:05:45,421:Successfully computed HSC for P30048.
INFO:2025-10-30 15:05:45,421:Processing P30049 with model AF-P30049-F1-model_v4.pdb
INFO:2025-10-30 15:05:45,460:Computing HSC features for: P30049, ENST00000215375, ../Ntranos_Rotation/ESM-SaProt/AF-P30049-F1-model_v4.pdb.gz
INFO:2025-10-30 15:06:07,619:Successfully computed HSC for P30049.
INFO:2025-10-30 15:06:07,619:Processing P30050 with model AF-P30050-F1-model_v4.pdb
INFO:2025-10-30 15:06:07,767:Computing HSC features for: P30050, ENST00000361436, ../Ntranos_Rotation/ESM-SaProt/AF-P30050-F1-model_v4.pdb.gz
INFO:2025-10-30 15:06:21,243:Successfully computed HSC for P30050.
INFO:2025-10-30 15:06:21,244:Pipeline completed.
INFO:2025-10-30 15:06:21,244:no_enst_for_uniprot: 0
INFO:2025-10-30 15:06:21,244:no_valid_cds: 1
INFO:2025-10-30 15:06:21,244:no_variant_data: 3
INFO:2025-10-30 15:06:21,244:bad_structure: 0
INFO:2025-10-30 15:06:21,244:no_enst_mp: 0
