INFO:2025-10-30 14:27:03,701:Starting HSC computation pipeline...
INFO:2025-10-30 14:28:16,270:Processing Q96A46 with model AF-Q96A46-F1-model_v4.pdb
INFO:2025-10-30 14:28:16,408:Computing HSC features for: Q96A46, ENST00000370495, ../Ntranos_Rotation/ESM-SaProt/AF-Q96A46-F1-model_v4.pdb.gz
INFO:2025-10-30 14:29:10,764:Successfully computed HSC for Q96A46.
INFO:2025-10-30 14:29:10,764:Processing Q96A47 with model AF-Q96A47-F1-model_v4.pdb
INFO:2025-10-30 14:29:10,831:Computing HSC features for: Q96A47, ENST00000290759, ../Ntranos_Rotation/ESM-SaProt/AF-Q96A47-F1-model_v4.pdb.gz
INFO:2025-10-30 14:30:10,040:Successfully computed HSC for Q96A47.
INFO:2025-10-30 14:30:10,040:Processing Q96A49 with model AF-Q96A49-F1-model_v4.pdb
INFO:2025-10-30 14:30:10,131:Computing HSC features for: Q96A49, ENST00000380155, ../Ntranos_Rotation/ESM-SaProt/AF-Q96A49-F1-model_v4.pdb.gz
INFO:2025-10-30 14:30:41,801:Successfully computed HSC for Q96A49.
INFO:2025-10-30 14:30:41,801:Processing Q96A54 with model AF-Q96A54-F1-model_v4.pdb
INFO:2025-10-30 14:30:41,875:Computing HSC features for: Q96A54, ENST00000340990, ../Ntranos_Rotation/ESM-SaProt/AF-Q96A54-F1-model_v4.pdb.gz
INFO:2025-10-30 14:31:18,887:Successfully computed HSC for Q96A54.
INFO:2025-10-30 14:31:18,887:Processing Q96A56 with model AF-Q96A56-F1-model_v4.pdb
INFO:2025-10-30 14:31:18,944:Computing HSC features for: Q96A56, ENST00000342697, ../Ntranos_Rotation/ESM-SaProt/AF-Q96A56-F1-model_v4.pdb.gz
INFO:2025-10-30 14:31:38,127:Successfully computed HSC for Q96A56.
INFO:2025-10-30 14:31:38,127:Processing Q96A57 with model AF-Q96A57-F1-model_v4.pdb
INFO:2025-10-30 14:31:38,203:Computing HSC features for: Q96A57, ENST00000202834, ../Ntranos_Rotation/ESM-SaProt/AF-Q96A57-F1-model_v4.pdb.gz
INFO:2025-10-30 14:31:58,627:Successfully computed HSC for Q96A57.
INFO:2025-10-30 14:31:58,628:Processing Q96A58 with model AF-Q96A58-F1-model_v4.pdb
INFO:2025-10-30 14:31:58,720:Computing HSC features for: Q96A58, ENST00000256953, ../Ntranos_Rotation/ESM-SaProt/AF-Q96A58-F1-model_v4.pdb.gz
INFO:2025-10-30 14:32:19,536:Successfully computed HSC for Q96A58.
INFO:2025-10-30 14:32:19,536:Processing Q96A59 with model AF-Q96A59-F1-model_v4.pdb
INFO:2025-10-30 14:32:19,612:Computing HSC features for: Q96A59, ENST00000268485, ../Ntranos_Rotation/ESM-SaProt/AF-Q96A59-F1-model_v4.pdb.gz
INFO:2025-10-30 14:33:19,286:Successfully computed HSC for Q96A59.
INFO:2025-10-30 14:33:19,286:Processing Q96A61 with model AF-Q96A61-F1-model_v4.pdb
ERROR:2025-10-30 14:33:19,376:No transcript record found for Q96A61 in gnomAD.
INFO:2025-10-30 14:33:19,376:Processing Q96A65 with model AF-Q96A65-F1-model_v4.pdb
INFO:2025-10-30 14:33:19,556:Computing HSC features for: Q96A65, ENST00000253861, ../Ntranos_Rotation/ESM-SaProt/AF-Q96A65-F1-model_v4.pdb.gz
INFO:2025-10-30 14:34:47,725:Successfully computed HSC for Q96A65.
INFO:2025-10-30 14:34:47,725:Processing Q96A70 with model AF-Q96A70-F1-model_v4.pdb
INFO:2025-10-30 14:34:47,819:Computing HSC features for: Q96A70, ENST00000294517, ../Ntranos_Rotation/ESM-SaProt/AF-Q96A70-F1-model_v4.pdb.gz
INFO:2025-10-30 14:35:32,736:Successfully computed HSC for Q96A70.
INFO:2025-10-30 14:35:32,736:Processing Q96A72 with model AF-Q96A72-F1-model_v4.pdb
INFO:2025-10-30 14:35:32,806:Computing HSC features for: Q96A72, ENST00000320756, ../Ntranos_Rotation/ESM-SaProt/AF-Q96A72-F1-model_v4.pdb.gz
INFO:2025-10-30 14:35:45,768:Successfully computed HSC for Q96A72.
INFO:2025-10-30 14:35:45,768:Processing Q96A73 with model AF-Q96A73-F1-model_v4.pdb
INFO:2025-10-30 14:35:45,999:Computing HSC features for: Q96A73, ENST00000298569, ../Ntranos_Rotation/ESM-SaProt/AF-Q96A73-F1-model_v4.pdb.gz
INFO:2025-10-30 14:36:16,549:Successfully computed HSC for Q96A73.
INFO:2025-10-30 14:36:16,549:Processing Q96A83 with model AF-Q96A83-F1-model_v4.pdb
INFO:2025-10-30 14:36:16,681:Computing HSC features for: Q96A83, ENST00000313669, ../Ntranos_Rotation/ESM-SaProt/AF-Q96A83-F1-model_v4.pdb.gz
INFO:2025-10-30 14:37:26,677:Successfully computed HSC for Q96A83.
INFO:2025-10-30 14:37:26,677:Processing Q96A84 with model AF-Q96A84-F1-model_v4.pdb
ERROR:2025-10-30 14:37:26,780:No valid CDS found for Q96A84
INFO:2025-10-30 14:37:26,780:Processing Q96A98 with model AF-Q96A98-F1-model_v4.pdb
INFO:2025-10-30 14:37:26,844:Computing HSC features for: Q96A98, ENST00000270631, ../Ntranos_Rotation/ESM-SaProt/AF-Q96A98-F1-model_v4.pdb.gz
INFO:2025-10-30 14:37:48,813:Successfully computed HSC for Q96A98.
INFO:2025-10-30 14:37:48,813:Processing Q96A99 with model AF-Q96A99-F1-model_v4.pdb
INFO:2025-10-30 14:37:48,938:Computing HSC features for: Q96A99, ENST00000447419, ../Ntranos_Rotation/ESM-SaProt/AF-Q96A99-F1-model_v4.pdb.gz
INFO:2025-10-30 14:39:21,059:Successfully computed HSC for Q96A99.
INFO:2025-10-30 14:39:21,059:Processing Q96AA3 with model AF-Q96AA3-F1-model_v4.pdb
INFO:2025-10-30 14:39:21,183:Computing HSC features for: Q96AA3, ENST00000296292, ../Ntranos_Rotation/ESM-SaProt/AF-Q96AA3-F1-model_v4.pdb.gz
INFO:2025-10-30 14:40:10,180:Successfully computed HSC for Q96AA3.
INFO:2025-10-30 14:40:10,180:Processing Q96AA8 with model AF-Q96AA8-F1-model_v4.pdb
INFO:2025-10-30 14:40:10,384:Computing HSC features for: Q96AA8, ENST00000265272, ../Ntranos_Rotation/ESM-SaProt/AF-Q96AA8-F1-model_v4.pdb.gz
INFO:2025-10-30 14:41:24,645:Successfully computed HSC for Q96AA8.
INFO:2025-10-30 14:41:24,645:Processing Q96AB3 with model AF-Q96AB3-F1-model_v4.pdb
INFO:2025-10-30 14:41:24,687:Computing HSC features for: Q96AB3, ENST00000425675, ../Ntranos_Rotation/ESM-SaProt/AF-Q96AB3-F1-model_v4.pdb.gz
INFO:2025-10-30 14:41:48,759:Successfully computed HSC for Q96AB3.
INFO:2025-10-30 14:41:48,759:Processing Q96AB6 with model AF-Q96AB6-F1-model_v4.pdb
INFO:2025-10-30 14:41:49,040:Computing HSC features for: Q96AB6, ENST00000287706, ../Ntranos_Rotation/ESM-SaProt/AF-Q96AB6-F1-model_v4.pdb.gz
INFO:2025-10-30 14:42:18,851:Successfully computed HSC for Q96AB6.
INFO:2025-10-30 14:42:18,851:Processing Q96AC1 with model AF-Q96AC1-F1-model_v4.pdb
INFO:2025-10-30 14:42:18,955:Computing HSC features for: Q96AC1, ENST00000341590, ../Ntranos_Rotation/ESM-SaProt/AF-Q96AC1-F1-model_v4.pdb.gz
INFO:2025-10-30 14:43:15,085:Successfully computed HSC for Q96AC1.
INFO:2025-10-30 14:43:15,085:Processing Q96AC6 with model AF-Q96AC6-F1-model_v4.pdb
INFO:2025-10-30 14:43:15,241:Computing HSC features for: Q96AC6, ENST00000301332, ../Ntranos_Rotation/ESM-SaProt/AF-Q96AC6-F1-model_v4.pdb.gz
INFO:2025-10-30 14:45:14,895:Successfully computed HSC for Q96AC6.
INFO:2025-10-30 14:45:14,895:Processing Q969I6 with model AF-Q969I6-F1-model_v4.pdb
INFO:2025-10-30 14:45:14,985:Computing HSC features for: Q969I6, ENST00000266579, ../Ntranos_Rotation/ESM-SaProt/AF-Q969I6-F1-model_v4.pdb.gz
INFO:2025-10-30 14:45:56,898:Successfully computed HSC for Q969I6.
INFO:2025-10-30 14:45:56,898:Processing Q969J2 with model AF-Q969J2-F1-model_v4.pdb
INFO:2025-10-30 14:45:56,981:Computing HSC features for: Q969J2, ENST00000377294, ../Ntranos_Rotation/ESM-SaProt/AF-Q969J2-F1-model_v4.pdb.gz
INFO:2025-10-30 14:46:45,162:Successfully computed HSC for Q969J2.
INFO:2025-10-30 14:46:45,162:Processing Q969J3 with model AF-Q969J3-F1-model_v4.pdb
INFO:2025-10-30 14:46:45,257:Computing HSC features for: Q969J3, ENST00000314565, ../Ntranos_Rotation/ESM-SaProt/AF-Q969J3-F1-model_v4.pdb.gz
INFO:2025-10-30 14:47:08,017:Successfully computed HSC for Q969J3.
INFO:2025-10-30 14:47:08,017:Processing Q969J5 with model AF-Q969J5-F1-model_v4.pdb
INFO:2025-10-30 14:47:08,089:Computing HSC features for: Q969J5, ENST00000296980, ../Ntranos_Rotation/ESM-SaProt/AF-Q969J5-F1-model_v4.pdb.gz
INFO:2025-10-30 14:47:29,850:Successfully computed HSC for Q969J5.
INFO:2025-10-30 14:47:29,851:Processing Q969K3 with model AF-Q969K3-F1-model_v4.pdb
INFO:2025-10-30 14:47:29,919:Computing HSC features for: Q969K3, ENST00000361234, ../Ntranos_Rotation/ESM-SaProt/AF-Q969K3-F1-model_v4.pdb.gz
INFO:2025-10-30 14:48:05,654:Successfully computed HSC for Q969K3.
INFO:2025-10-30 14:48:05,654:Processing Q969K4 with model AF-Q969K4-F1-model_v4.pdb
INFO:2025-10-30 14:48:05,725:Computing HSC features for: Q969K4, ENST00000232744, ../Ntranos_Rotation/ESM-SaProt/AF-Q969K4-F1-model_v4.pdb.gz
INFO:2025-10-30 14:49:02,454:Successfully computed HSC for Q969K4.
INFO:2025-10-30 14:49:02,454:Processing Q969K7 with model AF-Q969K7-F1-model_v4.pdb
INFO:2025-10-30 14:49:02,494:Computing HSC features for: Q969K7, ENST00000373463, ../Ntranos_Rotation/ESM-SaProt/AF-Q969K7-F1-model_v4.pdb.gz
INFO:2025-10-30 14:49:25,587:Successfully computed HSC for Q969K7.
INFO:2025-10-30 14:49:25,587:Processing Q969L2 with model AF-Q969L2-F1-model_v4.pdb
ERROR:2025-10-30 14:49:25,622:No transcript record found for Q969L2 in gnomAD.
INFO:2025-10-30 14:49:25,622:Processing Q969L4 with model AF-Q969L4-F1-model_v4.pdb
INFO:2025-10-30 14:49:25,652:Computing HSC features for: Q969L4, ENST00000315732, ../Ntranos_Rotation/ESM-SaProt/AF-Q969L4-F1-model_v4.pdb.gz
INFO:2025-10-30 14:49:39,739:Successfully computed HSC for Q969L4.
INFO:2025-10-30 14:49:39,739:Processing Q969M1 with model AF-Q969M1-F1-model_v4.pdb
INFO:2025-10-30 14:49:39,811:Computing HSC features for: Q969M1, ENST00000367987, ../Ntranos_Rotation/ESM-SaProt/AF-Q969M1-F1-model_v4.pdb.gz
INFO:2025-10-30 14:50:24,390:Successfully computed HSC for Q969M1.
INFO:2025-10-30 14:50:24,390:Processing Q969M2 with model AF-Q969M2-F1-model_v4.pdb
INFO:2025-10-30 14:50:24,503:Computing HSC features for: Q969M2, ENST00000369352, ../Ntranos_Rotation/ESM-SaProt/AF-Q969M2-F1-model_v4.pdb.gz
INFO:2025-10-30 14:51:26,921:Successfully computed HSC for Q969M2.
INFO:2025-10-30 14:51:26,921:Processing Q969M3 with model AF-Q969M3-F1-model_v4.pdb
INFO:2025-10-30 14:51:27,044:Computing HSC features for: Q969M3, ENST00000274496, ../Ntranos_Rotation/ESM-SaProt/AF-Q969M3-F1-model_v4.pdb.gz
INFO:2025-10-30 14:51:56,942:Successfully computed HSC for Q969M3.
INFO:2025-10-30 14:51:56,943:Processing Q969M7 with model AF-Q969M7-F1-model_v4.pdb
INFO:2025-10-30 14:51:56,994:Computing HSC features for: Q969M7, ENST00000272930, ../Ntranos_Rotation/ESM-SaProt/AF-Q969M7-F1-model_v4.pdb.gz
INFO:2025-10-30 14:52:22,881:Successfully computed HSC for Q969M7.
INFO:2025-10-30 14:52:22,881:Processing Q969N2 with model AF-Q969N2-F1-model_v4.pdb
INFO:2025-10-30 14:52:23,004:Computing HSC features for: Q969N2, ENST00000279036, ../Ntranos_Rotation/ESM-SaProt/AF-Q969N2-F1-model_v4.pdb.gz
INFO:2025-10-30 14:53:37,846:Successfully computed HSC for Q969N2.
INFO:2025-10-30 14:53:37,846:Processing Q969N4 with model AF-Q969N4-F1-model_v4.pdb
INFO:2025-10-30 14:53:37,898:Computing HSC features for: Q969N4, ENST00000275200, ../Ntranos_Rotation/ESM-SaProt/AF-Q969N4-F1-model_v4.pdb.gz
INFO:2025-10-30 14:54:12,759:Successfully computed HSC for Q969N4.
INFO:2025-10-30 14:54:12,759:Processing Q969P0 with model AF-Q969P0-F1-model_v4.pdb
INFO:2025-10-30 14:54:12,905:Computing HSC features for: Q969P0, ENST00000314485, ../Ntranos_Rotation/ESM-SaProt/AF-Q969P0-F1-model_v4.pdb.gz
INFO:2025-10-30 14:55:56,998:Successfully computed HSC for Q969P0.
INFO:2025-10-30 14:55:56,998:Processing Q969P5 with model AF-Q969P5-F1-model_v4.pdb
INFO:2025-10-30 14:55:57,099:Computing HSC features for: Q969P5, ENST00000517956, ../Ntranos_Rotation/ESM-SaProt/AF-Q969P5-F1-model_v4.pdb.gz
INFO:2025-10-30 14:56:34,048:Successfully computed HSC for Q969P5.
INFO:2025-10-30 14:56:34,048:Processing Q969P6 with model AF-Q969P6-F1-model_v4.pdb
INFO:2025-10-30 14:56:34,134:Computing HSC features for: Q969P6, ENST00000329245, ../Ntranos_Rotation/ESM-SaProt/AF-Q969P6-F1-model_v4.pdb.gz
INFO:2025-10-30 14:57:45,492:Successfully computed HSC for Q969P6.
INFO:2025-10-30 14:57:45,492:Processing Q969Q0 with model AF-Q969Q0-F1-model_v4.pdb
INFO:2025-10-30 14:57:45,535:Computing HSC features for: Q969Q0, ENST00000298289, ../Ntranos_Rotation/ESM-SaProt/AF-Q969Q0-F1-model_v4.pdb.gz
INFO:2025-10-30 14:57:53,937:Successfully computed HSC for Q969Q0.
INFO:2025-10-30 14:57:53,937:Processing Q969Q1 with model AF-Q969Q1-F1-model_v4.pdb
INFO:2025-10-30 14:57:54,052:Computing HSC features for: Q969Q1, ENST00000374272, ../Ntranos_Rotation/ESM-SaProt/AF-Q969Q1-F1-model_v4.pdb.gz
INFO:2025-10-30 14:58:25,581:Successfully computed HSC for Q969Q1.
INFO:2025-10-30 14:58:25,581:Processing Q969Q4 with model AF-Q969Q4-F1-model_v4.pdb
INFO:2025-10-30 14:58:25,854:Computing HSC features for: Q969Q4, ENST00000282026, ../Ntranos_Rotation/ESM-SaProt/AF-Q969Q4-F1-model_v4.pdb.gz
INFO:2025-10-30 14:58:57,689:Successfully computed HSC for Q969Q4.
INFO:2025-10-30 14:58:57,689:Processing Q969Q5 with model AF-Q969Q5-F1-model_v4.pdb
INFO:2025-10-30 14:58:57,747:Computing HSC features for: Q969Q5, ENST00000303251, ../Ntranos_Rotation/ESM-SaProt/AF-Q969Q5-F1-model_v4.pdb.gz
INFO:2025-10-30 14:59:27,856:Successfully computed HSC for Q969Q5.
INFO:2025-10-30 14:59:27,856:Processing Q969Q6 with model AF-Q969Q6-F1-model_v4.pdb
INFO:2025-10-30 14:59:27,939:Computing HSC features for: Q969Q6, ENST00000261475, ../Ntranos_Rotation/ESM-SaProt/AF-Q969Q6-F1-model_v4.pdb.gz
INFO:2025-10-30 14:59:59,556:Successfully computed HSC for Q969Q6.
INFO:2025-10-30 14:59:59,557:Processing Q969R2 with model AF-Q969R2-F1-model_v4.pdb
INFO:2025-10-30 14:59:59,729:Computing HSC features for: Q969R2, ENST00000332585, ../Ntranos_Rotation/ESM-SaProt/AF-Q969R2-F1-model_v4.pdb.gz
INFO:2025-10-30 15:02:47,810:Successfully computed HSC for Q969R2.
INFO:2025-10-30 15:02:47,810:Processing Q969R5 with model AF-Q969R5-F1-model_v4.pdb
INFO:2025-10-30 15:02:47,960:Computing HSC features for: Q969R5, ENST00000216237, ../Ntranos_Rotation/ESM-SaProt/AF-Q969R5-F1-model_v4.pdb.gz
INFO:2025-10-30 15:04:36,673:Successfully computed HSC for Q969R5.
INFO:2025-10-30 15:04:36,673:Processing Q969R8 with model AF-Q969R8-F1-model_v4.pdb
INFO:2025-10-30 15:04:36,767:Computing HSC features for: Q969R8, ENST00000228799, ../Ntranos_Rotation/ESM-SaProt/AF-Q969R8-F1-model_v4.pdb.gz
INFO:2025-10-30 15:05:46,418:Successfully computed HSC for Q969R8.
INFO:2025-10-30 15:05:46,418:Processing Q969S0 with model AF-Q969S0-F1-model_v4.pdb
INFO:2025-10-30 15:05:46,493:Computing HSC features for: Q969S0, ENST00000378509, ../Ntranos_Rotation/ESM-SaProt/AF-Q969S0-F1-model_v4.pdb.gz
INFO:2025-10-30 15:06:19,625:Successfully computed HSC for Q969S0.
INFO:2025-10-30 15:06:19,625:Pipeline completed.
INFO:2025-10-30 15:06:19,625:no_enst_for_uniprot: 0
INFO:2025-10-30 15:06:19,625:no_valid_cds: 1
INFO:2025-10-30 15:06:19,625:no_variant_data: 2
INFO:2025-10-30 15:06:19,625:bad_structure: 0
INFO:2025-10-30 15:06:19,625:no_enst_mp: 0
