INFO:2025-10-30 14:26:03,595:Starting HSC computation pipeline...
INFO:2025-10-30 14:27:19,118:Processing Q15059 with model AF-Q15059-F1-model_v4.pdb
INFO:2025-10-30 14:27:19,277:Computing HSC features for: Q15059, ENST00000303407, ../Ntranos_Rotation/ESM-SaProt/AF-Q15059-F1-model_v4.pdb.gz
INFO:2025-10-30 14:28:41,208:Successfully computed HSC for Q15059.
INFO:2025-10-30 14:28:41,208:Processing Q15061 with model AF-Q15061-F1-model_v4.pdb
INFO:2025-10-30 14:28:41,331:Computing HSC features for: Q15061, ENST00000407426, ../Ntranos_Rotation/ESM-SaProt/AF-Q15061-F1-model_v4.pdb.gz
INFO:2025-10-30 14:29:36,715:Successfully computed HSC for Q15061.
INFO:2025-10-30 14:29:36,715:Processing Q15063 with model AF-Q15063-F1-model_v4.pdb
INFO:2025-10-30 14:29:36,900:Computing HSC features for: Q15063, ENST00000379747, ../Ntranos_Rotation/ESM-SaProt/AF-Q15063-F1-model_v4.pdb.gz
INFO:2025-10-30 14:30:41,534:Successfully computed HSC for Q15063.
INFO:2025-10-30 14:30:41,534:Processing Q15067 with model AF-Q15067-F1-model_v4.pdb
INFO:2025-10-30 14:30:41,702:Computing HSC features for: Q15067, ENST00000293217, ../Ntranos_Rotation/ESM-SaProt/AF-Q15067-F1-model_v4.pdb.gz
INFO:2025-10-30 14:31:40,887:Successfully computed HSC for Q15067.
INFO:2025-10-30 14:31:40,887:Processing Q15070 with model AF-Q15070-F1-model_v4.pdb
ERROR:2025-10-30 14:31:41,712:No transcript record found for Q15070 in gnomAD.
INFO:2025-10-30 14:31:41,712:Processing Q15072 with model AF-Q15072-F1-model_v4.pdb
INFO:2025-10-30 14:31:41,823:Computing HSC features for: Q15072, ENST00000443387, ../Ntranos_Rotation/ESM-SaProt/AF-Q15072-F1-model_v4.pdb.gz
INFO:2025-10-30 14:32:06,513:Successfully computed HSC for Q15072.
INFO:2025-10-30 14:32:06,513:Processing Q15075 with model AF-Q15075-F1-model_v4.pdb
INFO:2025-10-30 14:32:06,848:Computing HSC features for: Q15075, ENST00000322349, ../Ntranos_Rotation/ESM-SaProt/AF-Q15075-F1-model_v4.pdb.gz
INFO:2025-10-30 14:33:57,900:Successfully computed HSC for Q15075.
INFO:2025-10-30 14:33:57,900:Processing Q15077 with model AF-Q15077-F1-model_v4.pdb
INFO:2025-10-30 14:33:57,960:Computing HSC features for: Q15077, ENST00000349767, ../Ntranos_Rotation/ESM-SaProt/AF-Q15077-F1-model_v4.pdb.gz
INFO:2025-10-30 14:34:40,664:Successfully computed HSC for Q15077.
INFO:2025-10-30 14:34:40,664:Processing Q15078 with model AF-Q15078-F1-model_v4.pdb
INFO:2025-10-30 14:34:40,735:Computing HSC features for: Q15078, ENST00000313401, ../Ntranos_Rotation/ESM-SaProt/AF-Q15078-F1-model_v4.pdb.gz
INFO:2025-10-30 14:35:21,469:Successfully computed HSC for Q15078.
INFO:2025-10-30 14:35:21,469:Processing Q15149 with model AF-Q15149-F9-model_v4.pdb
ERROR:2025-10-30 14:35:21,676:No valid CDS found for Q15149
INFO:2025-10-30 14:35:21,676:Processing Q58WW2 with model AF-Q58WW2-F1-model_v4.pdb
INFO:2025-10-30 14:35:21,786:Computing HSC features for: Q58WW2, ENST00000312263, ../Ntranos_Rotation/ESM-SaProt/AF-Q58WW2-F1-model_v4.pdb.gz
INFO:2025-10-30 14:36:29,540:Successfully computed HSC for Q58WW2.
INFO:2025-10-30 14:36:29,540:Processing Q59EK9 with model AF-Q59EK9-F1-model_v4.pdb
INFO:2025-10-30 14:36:29,629:Computing HSC features for: Q59EK9, ENST00000426726, ../Ntranos_Rotation/ESM-SaProt/AF-Q59EK9-F1-model_v4.pdb.gz
INFO:2025-10-30 14:37:23,550:Successfully computed HSC for Q59EK9.
INFO:2025-10-30 14:37:23,550:Processing Q59GN2 with model AF-Q59GN2-F1-model_v4.pdb
ERROR:2025-10-30 14:37:23,582:No ENST transcript IDs were mapped to Q59GN2
INFO:2025-10-30 14:37:23,582:Processing Q59H18 with model AF-Q59H18-F1-model_v4.pdb
INFO:2025-10-30 14:37:23,742:Computing HSC features for: Q59H18, ENST00000326637, ../Ntranos_Rotation/ESM-SaProt/AF-Q59H18-F1-model_v4.pdb.gz
INFO:2025-10-30 14:38:30,021:Successfully computed HSC for Q59H18.
INFO:2025-10-30 14:38:30,021:Processing Q5BIV9 with model AF-Q5BIV9-F1-model_v4.pdb
ERROR:2025-10-30 14:38:30,067:No transcript record found for Q5BIV9 in gnomAD.
INFO:2025-10-30 14:38:30,067:Processing Q5BJD5 with model AF-Q5BJD5-F1-model_v4.pdb
INFO:2025-10-30 14:38:30,168:Computing HSC features for: Q5BJD5, ENST00000528080, ../Ntranos_Rotation/ESM-SaProt/AF-Q5BJD5-F1-model_v4.pdb.gz
INFO:2025-10-30 14:39:07,664:Successfully computed HSC for Q5BJD5.
INFO:2025-10-30 14:39:07,664:Processing Q5BJE1 with model AF-Q5BJE1-F1-model_v4.pdb
INFO:2025-10-30 14:39:07,839:Computing HSC features for: Q5BJE1, ENST00000383096, ../Ntranos_Rotation/ESM-SaProt/AF-Q5BJE1-F1-model_v4.pdb.gz
INFO:2025-10-30 14:40:09,369:Successfully computed HSC for Q5BJE1.
INFO:2025-10-30 14:40:09,369:Processing Q14929 with model AF-Q14929-F1-model_v4.pdb
INFO:2025-10-30 14:40:09,467:Computing HSC features for: Q14929, ENST00000395395, ../Ntranos_Rotation/ESM-SaProt/AF-Q14929-F1-model_v4.pdb.gz
INFO:2025-10-30 14:40:59,382:Successfully computed HSC for Q14929.
INFO:2025-10-30 14:40:59,383:Processing Q14934 with model AF-Q14934-F1-model_v4.pdb
INFO:2025-10-30 14:40:59,576:Computing HSC features for: Q14934, ENST00000250373, ../Ntranos_Rotation/ESM-SaProt/AF-Q14934-F1-model_v4.pdb.gz
INFO:2025-10-30 14:42:41,380:Successfully computed HSC for Q14934.
INFO:2025-10-30 14:42:41,380:Processing Q14938 with model AF-Q14938-F1-model_v4.pdb
INFO:2025-10-30 14:42:41,502:Computing HSC features for: Q14938, ENST00000592199, ../Ntranos_Rotation/ESM-SaProt/AF-Q14938-F1-model_v4.pdb.gz
INFO:2025-10-30 14:43:59,300:Successfully computed HSC for Q14938.
INFO:2025-10-30 14:43:59,300:Processing Q14940 with model AF-Q14940-F1-model_v4.pdb
INFO:2025-10-30 14:43:59,438:Computing HSC features for: Q14940, ENST00000299798, ../Ntranos_Rotation/ESM-SaProt/AF-Q14940-F1-model_v4.pdb.gz
INFO:2025-10-30 14:45:23,867:Successfully computed HSC for Q14940.
INFO:2025-10-30 14:45:23,867:Processing Q14943 with model AF-Q14943-F1-model_v4.pdb
ERROR:2025-10-30 14:45:23,935:No transcript record found for Q14943 in gnomAD.
INFO:2025-10-30 14:45:23,936:Processing Q14952 with model AF-Q14952-F1-model_v4.pdb
ERROR:2025-10-30 14:45:24,027:No transcript record found for Q14952 in gnomAD.
INFO:2025-10-30 14:45:24,027:Processing Q14953 with model AF-Q14953-F1-model_v4.pdb
ERROR:2025-10-30 14:45:24,102:No transcript record found for Q14953 in gnomAD.
INFO:2025-10-30 14:45:24,103:Processing Q14954 with model AF-Q14954-F1-model_v4.pdb
ERROR:2025-10-30 14:45:24,183:No transcript record found for Q14954 in gnomAD.
INFO:2025-10-30 14:45:24,183:Processing Q14956 with model AF-Q14956-F1-model_v4.pdb
INFO:2025-10-30 14:45:24,300:Computing HSC features for: Q14956, ENST00000381990, ../Ntranos_Rotation/ESM-SaProt/AF-Q14956-F1-model_v4.pdb.gz
INFO:2025-10-30 14:46:12,054:Successfully computed HSC for Q14956.
INFO:2025-10-30 14:46:12,054:Processing Q14957 with model AF-Q14957-F1-model_v4.pdb
INFO:2025-10-30 14:46:12,260:Computing HSC features for: Q14957, ENST00000293190, ../Ntranos_Rotation/ESM-SaProt/AF-Q14957-F1-model_v4.pdb.gz
INFO:2025-10-30 14:49:00,420:Successfully computed HSC for Q14957.
INFO:2025-10-30 14:49:00,421:Processing Q14964 with model AF-Q14964-F1-model_v4.pdb
INFO:2025-10-30 14:49:00,470:Computing HSC features for: Q14964, ENST00000320578, ../Ntranos_Rotation/ESM-SaProt/AF-Q14964-F1-model_v4.pdb.gz
INFO:2025-10-30 14:49:21,229:Successfully computed HSC for Q14964.
INFO:2025-10-30 14:49:21,229:Processing Q14966 with model AF-Q14966-F1-model_v4.pdb
ERROR:2025-10-30 14:49:21,445:No valid CDS found for Q14966
INFO:2025-10-30 14:49:21,445:Processing Q14973 with model AF-Q14973-F1-model_v4.pdb
INFO:2025-10-30 14:49:21,561:Computing HSC features for: Q14973, ENST00000216540, ../Ntranos_Rotation/ESM-SaProt/AF-Q14973-F1-model_v4.pdb.gz
INFO:2025-10-30 14:49:49,772:Successfully computed HSC for Q14973.
INFO:2025-10-30 14:49:49,772:Processing Q14974 with model AF-Q14974-F1-model_v4.pdb
INFO:2025-10-30 14:49:49,896:Computing HSC features for: Q14974, ENST00000290158, ../Ntranos_Rotation/ESM-SaProt/AF-Q14974-F1-model_v4.pdb.gz
INFO:2025-10-30 14:50:55,230:Successfully computed HSC for Q14974.
INFO:2025-10-30 14:50:55,230:Processing Q14978 with model AF-Q14978-F1-model_v4.pdb
INFO:2025-10-30 14:50:55,347:Computing HSC features for: Q14978, ENST00000605788, ../Ntranos_Rotation/ESM-SaProt/AF-Q14978-F1-model_v4.pdb.gz
INFO:2025-10-30 14:51:46,477:Successfully computed HSC for Q14978.
INFO:2025-10-30 14:51:46,477:Processing Q14980 with model AF-Q14980-F1-model_v4.pdb
INFO:2025-10-30 14:51:46,713:Computing HSC features for: Q14980, ENST00000393695, ../Ntranos_Rotation/ESM-SaProt/AF-Q14980-F1-model_v4.pdb.gz
INFO:2025-10-30 14:55:04,969:Successfully computed HSC for Q14980.
INFO:2025-10-30 14:55:04,969:Processing Q14982 with model AF-Q14982-F1-model_v4.pdb
INFO:2025-10-30 14:55:05,066:Computing HSC features for: Q14982, ENST00000331898, ../Ntranos_Rotation/ESM-SaProt/AF-Q14982-F1-model_v4.pdb.gz
INFO:2025-10-30 14:55:38,710:Successfully computed HSC for Q14982.
INFO:2025-10-30 14:55:38,710:Processing Q14990 with model AF-Q14990-F1-model_v4.pdb
INFO:2025-10-30 14:55:38,774:Computing HSC features for: Q14990, ENST00000285402, ../Ntranos_Rotation/ESM-SaProt/AF-Q14990-F1-model_v4.pdb.gz
INFO:2025-10-30 14:56:02,117:Successfully computed HSC for Q14990.
INFO:2025-10-30 14:56:02,117:Processing Q14993 with model AF-Q14993-F1-model_v4.pdb
ERROR:2025-10-30 14:56:02,276:No transcript record found for Q14993 in gnomAD.
INFO:2025-10-30 14:56:02,276:Processing Q14994 with model AF-Q14994-F1-model_v4.pdb
INFO:2025-10-30 14:56:02,332:Computing HSC features for: Q14994, ENST00000367982, ../Ntranos_Rotation/ESM-SaProt/AF-Q14994-F1-model_v4.pdb.gz
INFO:2025-10-30 14:56:33,378:Successfully computed HSC for Q14994.
INFO:2025-10-30 14:56:33,378:Processing Q14995 with model AF-Q14995-F1-model_v4.pdb
INFO:2025-10-30 14:56:33,473:Computing HSC features for: Q14995, ENST00000312521, ../Ntranos_Rotation/ESM-SaProt/AF-Q14995-F1-model_v4.pdb.gz
INFO:2025-10-30 14:57:39,834:Successfully computed HSC for Q14995.
INFO:2025-10-30 14:57:39,834:Processing Q14997 with model AF-Q14997-F1-model_v4.pdb
INFO:2025-10-30 14:57:40,297:Computing HSC features for: Q14997, ENST00000404125, ../Ntranos_Rotation/ESM-SaProt/AF-Q14997-F1-model_v4.pdb.gz
INFO:2025-10-30 15:00:16,677:Successfully computed HSC for Q14997.
INFO:2025-10-30 15:00:16,677:Processing Q14999 with model AF-Q14999-F1-model_v4.pdb
ERROR:2025-10-30 15:00:16,887:No transcript record found for Q14999 in gnomAD.
INFO:2025-10-30 15:00:16,887:Processing Q149M9 with model AF-Q149M9-F1-model_v4.pdb
INFO:2025-10-30 15:00:17,096:Computing HSC features for: Q149M9, ENST00000552788, ../Ntranos_Rotation/ESM-SaProt/AF-Q149M9-F1-model_v4.pdb.gz
INFO:2025-10-30 15:02:49,568:Successfully computed HSC for Q149M9.
INFO:2025-10-30 15:02:49,568:Processing Q149N8 with model AF-Q149N8-F1-model_v4.pdb
INFO:2025-10-30 15:02:49,834:Computing HSC features for: Q149N8, ENST00000275233, ../Ntranos_Rotation/ESM-SaProt/AF-Q149N8-F1-model_v4.pdb.gz
INFO:2025-10-30 15:05:35,868:Successfully computed HSC for Q149N8.
INFO:2025-10-30 15:05:35,868:Processing Q14BN4 with model AF-Q14BN4-F1-model_v4.pdb
ERROR:2025-10-30 15:05:36,032:No transcript record found for Q14BN4 in gnomAD.
INFO:2025-10-30 15:05:36,032:Processing Q14C86 with model AF-Q14C86-F1-model_v4.pdb
INFO:2025-10-30 15:05:36,333:Computing HSC features for: Q14C86, ENST00000394104, ../Ntranos_Rotation/ESM-SaProt/AF-Q14C86-F1-model_v4.pdb.gz
INFO:2025-10-30 15:08:24,285:Successfully computed HSC for Q14C86.
INFO:2025-10-30 15:08:24,285:Processing Q14C87 with model AF-Q14C87-F1-model_v4.pdb
INFO:2025-10-30 15:08:24,498:Computing HSC features for: Q14C87, ENST00000422113, ../Ntranos_Rotation/ESM-SaProt/AF-Q14C87-F1-model_v4.pdb.gz
INFO:2025-10-30 15:10:21,798:Successfully computed HSC for Q14C87.
INFO:2025-10-30 15:10:21,798:Processing Q14CB8 with model AF-Q14CB8-F1-model_v4.pdb
INFO:2025-10-30 15:10:21,912:Computing HSC features for: Q14CB8, ENST00000358531, ../Ntranos_Rotation/ESM-SaProt/AF-Q14CB8-F1-model_v4.pdb.gz
INFO:2025-10-30 15:11:26,293:Successfully computed HSC for Q14CB8.
INFO:2025-10-30 15:11:26,293:Processing Q14CM0 with model AF-Q14CM0-F1-model_v4.pdb
INFO:2025-10-30 15:11:26,567:Computing HSC features for: Q14CM0, ENST00000380682, ../Ntranos_Rotation/ESM-SaProt/AF-Q14CM0-F1-model_v4.pdb.gz
INFO:2025-10-30 15:14:38,545:Successfully computed HSC for Q14CM0.
INFO:2025-10-30 15:14:38,545:Processing Q14CN2 with model AF-Q14CN2-F1-model_v4.pdb
INFO:2025-10-30 15:14:38,724:Computing HSC features for: Q14CN2, ENST00000370563, ../Ntranos_Rotation/ESM-SaProt/AF-Q14CN2-F1-model_v4.pdb.gz
INFO:2025-10-30 15:16:24,257:Successfully computed HSC for Q14CN2.
INFO:2025-10-30 15:16:24,257:Processing Q14CN4 with model AF-Q14CN4-F1-model_v4.pdb
INFO:2025-10-30 15:16:24,377:Computing HSC features for: Q14CN4, ENST00000293745, ../Ntranos_Rotation/ESM-SaProt/AF-Q14CN4-F1-model_v4.pdb.gz
INFO:2025-10-30 15:17:54,145:Successfully computed HSC for Q14CN4.
INFO:2025-10-30 15:17:54,145:Processing Q14CS0 with model AF-Q14CS0-F1-model_v4.pdb
INFO:2025-10-30 15:17:54,223:Computing HSC features for: Q14CS0, ENST00000399598, ../Ntranos_Rotation/ESM-SaProt/AF-Q14CS0-F1-model_v4.pdb.gz
INFO:2025-10-30 15:18:37,724:Successfully computed HSC for Q14CS0.
INFO:2025-10-30 15:18:37,724:Pipeline completed.
INFO:2025-10-30 15:18:37,724:no_enst_for_uniprot: 1
INFO:2025-10-30 15:18:37,724:no_valid_cds: 2
INFO:2025-10-30 15:18:37,724:no_variant_data: 9
INFO:2025-10-30 15:18:37,724:bad_structure: 0
INFO:2025-10-30 15:18:37,724:no_enst_mp: 0
