INFO:2025-10-30 14:27:03,787:Starting HSC computation pipeline...
INFO:2025-10-30 14:28:15,940:Processing Q9C0A1 with model AF-Q9C0A1-F1-model_v4.pdb
INFO:2025-10-30 14:28:16,507:Computing HSC features for: Q9C0A1, ENST00000419474, ../Ntranos_Rotation/ESM-SaProt/AF-Q9C0A1-F1-model_v4.pdb.gz
INFO:2025-10-30 14:32:12,981:Successfully computed HSC for Q9C0A1.
INFO:2025-10-30 14:32:12,981:Processing Q9C0A6 with model AF-Q9C0A6-F1-model_v4.pdb
INFO:2025-10-30 14:32:13,243:Computing HSC features for: Q9C0A6, ENST00000402198, ../Ntranos_Rotation/ESM-SaProt/AF-Q9C0A6-F1-model_v4.pdb.gz
INFO:2025-10-30 14:34:29,927:Successfully computed HSC for Q9C0A6.
INFO:2025-10-30 14:34:29,927:Processing Q9C0B0 with model AF-Q9C0B0-F1-model_v4.pdb
INFO:2025-10-30 14:34:30,065:Computing HSC features for: Q9C0B0, ENST00000589666, ../Ntranos_Rotation/ESM-SaProt/AF-Q9C0B0-F1-model_v4.pdb.gz
INFO:2025-10-30 14:36:31,907:Successfully computed HSC for Q9C0B0.
INFO:2025-10-30 14:36:31,907:Processing Q9C0B1 with model AF-Q9C0B1-F1-model_v4.pdb
INFO:2025-10-30 14:36:32,035:Computing HSC features for: Q9C0B1, ENST00000471389, ../Ntranos_Rotation/ESM-SaProt/AF-Q9C0B1-F1-model_v4.pdb.gz
INFO:2025-10-30 14:37:23,038:Successfully computed HSC for Q9C0B1.
INFO:2025-10-30 14:37:23,038:Processing Q9C0B2 with model AF-Q9C0B2-F1-model_v4.pdb
INFO:2025-10-30 14:37:23,253:Computing HSC features for: Q9C0B2, ENST00000493964, ../Ntranos_Rotation/ESM-SaProt/AF-Q9C0B2-F1-model_v4.pdb.gz
INFO:2025-10-30 14:40:24,649:Successfully computed HSC for Q9C0B2.
INFO:2025-10-30 14:40:24,649:Processing Q9C0B5 with model AF-Q9C0B5-F1-model_v4.pdb
INFO:2025-10-30 14:40:24,892:Computing HSC features for: Q9C0B5, ENST00000287169, ../Ntranos_Rotation/ESM-SaProt/AF-Q9C0B5-F1-model_v4.pdb.gz
INFO:2025-10-30 14:41:32,945:Successfully computed HSC for Q9C0B5.
INFO:2025-10-30 14:41:32,945:Processing Q9C0B6 with model AF-Q9C0B6-F1-model_v4.pdb
INFO:2025-10-30 14:41:33,075:Computing HSC features for: Q9C0B6, ENST00000361539, ../Ntranos_Rotation/ESM-SaProt/AF-Q9C0B6-F1-model_v4.pdb.gz
INFO:2025-10-30 14:43:31,143:Successfully computed HSC for Q9C0B6.
INFO:2025-10-30 14:43:31,143:Processing Q9C0B7 with model AF-Q9C0B7-F1-model_v4.pdb
INFO:2025-10-30 14:43:31,291:Computing HSC features for: Q9C0B7, ENST00000261778, ../Ntranos_Rotation/ESM-SaProt/AF-Q9C0B7-F1-model_v4.pdb.gz
INFO:2025-10-30 14:44:55,107:Successfully computed HSC for Q9C0B7.
INFO:2025-10-30 14:44:55,107:Processing Q9C0B9 with model AF-Q9C0B9-F1-model_v4.pdb
INFO:2025-10-30 14:44:55,329:Computing HSC features for: Q9C0B9, ENST00000269499, ../Ntranos_Rotation/ESM-SaProt/AF-Q9C0B9-F1-model_v4.pdb.gz
INFO:2025-10-30 14:48:07,159:Successfully computed HSC for Q9C0B9.
INFO:2025-10-30 14:48:07,159:Processing Q9C0C2 with model AF-Q9C0C2-F1-model_v4.pdb
INFO:2025-10-30 14:48:07,459:Computing HSC features for: Q9C0C2, ENST00000358252, ../Ntranos_Rotation/ESM-SaProt/AF-Q9C0C2-F1-model_v4.pdb.gz
INFO:2025-10-30 14:51:34,233:Successfully computed HSC for Q9C0C2.
INFO:2025-10-30 14:51:34,233:Processing Q9C0C4 with model AF-Q9C0C4-F1-model_v4.pdb
INFO:2025-10-30 14:51:34,334:Computing HSC features for: Q9C0C4, ENST00000305476, ../Ntranos_Rotation/ESM-SaProt/AF-Q9C0C4-F1-model_v4.pdb.gz
INFO:2025-10-30 14:52:59,799:Successfully computed HSC for Q9C0C4.
INFO:2025-10-30 14:52:59,800:Processing Q9C0C6 with model AF-Q9C0C6-F1-model_v4.pdb
INFO:2025-10-30 14:52:59,873:Computing HSC features for: Q9C0C6, ENST00000361786, ../Ntranos_Rotation/ESM-SaProt/AF-Q9C0C6-F1-model_v4.pdb.gz
INFO:2025-10-30 14:53:30,170:Successfully computed HSC for Q9C0C6.
INFO:2025-10-30 14:53:30,170:Processing Q9C0C7 with model AF-Q9C0C7-F1-model_v4.pdb
INFO:2025-10-30 14:53:30,312:Computing HSC features for: Q9C0C7, ENST00000458649, ../Ntranos_Rotation/ESM-SaProt/AF-Q9C0C7-F1-model_v4.pdb.gz
INFO:2025-10-30 14:55:25,381:Successfully computed HSC for Q9C0C7.
INFO:2025-10-30 14:55:25,381:Processing Q9C0C9 with model AF-Q9C0C9-F1-model_v4.pdb
INFO:2025-10-30 14:55:25,543:Computing HSC features for: Q9C0C9, ENST00000319380, ../Ntranos_Rotation/ESM-SaProt/AF-Q9C0C9-F1-model_v4.pdb.gz
INFO:2025-10-30 14:58:07,932:Successfully computed HSC for Q9C0C9.
INFO:2025-10-30 14:58:07,932:Processing Q9C0D0 with model AF-Q9C0D0-F1-model_v4.pdb
INFO:2025-10-30 14:58:08,052:Computing HSC features for: Q9C0D0, ENST00000332995, ../Ntranos_Rotation/ESM-SaProt/AF-Q9C0D0-F1-model_v4.pdb.gz
INFO:2025-10-30 14:59:25,786:Successfully computed HSC for Q9C0D0.
INFO:2025-10-30 14:59:25,787:Processing Q9C0D2 with model AF-Q9C0D2-F1-model_v4.pdb
INFO:2025-10-30 14:59:26,052:Computing HSC features for: Q9C0D2, ENST00000325212, ../Ntranos_Rotation/ESM-SaProt/AF-Q9C0D2-F1-model_v4.pdb.gz
INFO:2025-10-30 15:03:49,952:Successfully computed HSC for Q9C0D2.
INFO:2025-10-30 15:03:49,952:Processing Q9C0D3 with model AF-Q9C0D3-F1-model_v4.pdb
INFO:2025-10-30 15:03:50,104:Computing HSC features for: Q9C0D3, ENST00000294353, ../Ntranos_Rotation/ESM-SaProt/AF-Q9C0D3-F1-model_v4.pdb.gz
INFO:2025-10-30 15:05:16,699:Successfully computed HSC for Q9C0D3.
INFO:2025-10-30 15:05:16,699:Processing Q9C0D4 with model AF-Q9C0D4-F1-model_v4.pdb
INFO:2025-10-30 15:05:16,911:Computing HSC features for: Q9C0D4, ENST00000326756, ../Ntranos_Rotation/ESM-SaProt/AF-Q9C0D4-F1-model_v4.pdb.gz
INFO:2025-10-30 15:07:18,784:Successfully computed HSC for Q9C0D4.
INFO:2025-10-30 15:07:18,784:Processing Q9C0D5 with model AF-Q9C0D5-F1-model_v4.pdb
INFO:2025-10-30 15:07:19,103:Computing HSC features for: Q9C0D5, ENST00000263635, ../Ntranos_Rotation/ESM-SaProt/AF-Q9C0D5-F1-model_v4.pdb.gz
INFO:2025-10-30 15:10:38,837:Successfully computed HSC for Q9C0D5.
INFO:2025-10-30 15:10:38,837:Processing Q9C0D6 with model AF-Q9C0D6-F1-model_v4.pdb
INFO:2025-10-30 15:10:39,019:Computing HSC features for: Q9C0D6, ENST00000511601, ../Ntranos_Rotation/ESM-SaProt/AF-Q9C0D6-F1-model_v4.pdb.gz
INFO:2025-10-30 15:12:22,351:Successfully computed HSC for Q9C0D6.
INFO:2025-10-30 15:12:22,351:Processing Q9C0D7 with model AF-Q9C0D7-F1-model_v4.pdb
INFO:2025-10-30 15:12:22,470:Computing HSC features for: Q9C0D7, ENST00000278590, ../Ntranos_Rotation/ESM-SaProt/AF-Q9C0D7-F1-model_v4.pdb.gz
INFO:2025-10-30 15:13:37,360:Successfully computed HSC for Q9C0D7.
INFO:2025-10-30 15:13:37,360:Processing Q9C0E2 with model AF-Q9C0E2-F1-model_v4.pdb
INFO:2025-10-30 15:13:37,494:Computing HSC features for: Q9C0E2, ENST00000255305, ../Ntranos_Rotation/ESM-SaProt/AF-Q9C0E2-F1-model_v4.pdb.gz
INFO:2025-10-30 15:15:00,626:Successfully computed HSC for Q9C0E2.
INFO:2025-10-30 15:15:00,626:Processing Q9C0E4 with model AF-Q9C0E4-F1-model_v4.pdb
ERROR:2025-10-30 15:15:00,820:No transcript record found for Q9C0E4 in gnomAD.
INFO:2025-10-30 15:15:00,820:Processing Q9C0E8 with model AF-Q9C0E8-F1-model_v4.pdb
INFO:2025-10-30 15:15:00,908:Computing HSC features for: Q9C0E8, ENST00000272748, ../Ntranos_Rotation/ESM-SaProt/AF-Q9C0E8-F1-model_v4.pdb.gz
INFO:2025-10-30 15:15:48,832:Successfully computed HSC for Q9C0E8.
INFO:2025-10-30 15:15:48,832:Processing Q9C0F0 with model AF-Q9C0F0-F1-model_v4.pdb
INFO:2025-10-30 15:15:49,289:Computing HSC features for: Q9C0F0, ENST00000269197, ../Ntranos_Rotation/ESM-SaProt/AF-Q9C0F0-F1-model_v4.pdb.gz
INFO:2025-10-30 15:18:37,069:Successfully computed HSC for Q9C0F0.
INFO:2025-10-30 15:18:37,070:Processing Q9C0F1 with model AF-Q9C0F1-F1-model_v4.pdb
INFO:2025-10-30 15:18:37,132:Computing HSC features for: Q9C0F1, ENST00000296519, ../Ntranos_Rotation/ESM-SaProt/AF-Q9C0F1-F1-model_v4.pdb.gz
INFO:2025-10-30 15:19:03,493:Successfully computed HSC for Q9C0F1.
INFO:2025-10-30 15:19:03,493:Processing Q9C0F3 with model AF-Q9C0F3-F1-model_v4.pdb
INFO:2025-10-30 15:19:03,614:Computing HSC features for: Q9C0F3, ENST00000314011, ../Ntranos_Rotation/ESM-SaProt/AF-Q9C0F3-F1-model_v4.pdb.gz
INFO:2025-10-30 15:19:43,798:Successfully computed HSC for Q9C0F3.
INFO:2025-10-30 15:19:43,798:Processing Q9C0G0 with model AF-Q9C0G0-F1-model_v4.pdb
INFO:2025-10-30 15:19:44,041:Computing HSC features for: Q9C0G0, ENST00000299687, ../Ntranos_Rotation/ESM-SaProt/AF-Q9C0G0-F1-model_v4.pdb.gz
INFO:2025-10-30 15:23:10,924:Successfully computed HSC for Q9C0G0.
INFO:2025-10-30 15:23:10,924:Processing Q9C0G6 with model AF-Q9C0G6-F1-model_v4.pdb
ERROR:2025-10-30 15:23:11,122:No valid CDS found for Q9C0G6
INFO:2025-10-30 15:23:11,122:Processing Q9C0H2 with model AF-Q9C0H2-F1-model_v4.pdb
INFO:2025-10-30 15:23:11,264:Computing HSC features for: Q9C0H2, ENST00000258796, ../Ntranos_Rotation/ESM-SaProt/AF-Q9C0H2-F1-model_v4.pdb.gz
INFO:2025-10-30 15:24:51,865:Successfully computed HSC for Q9C0H2.
INFO:2025-10-30 15:24:51,865:Processing Q9C0H5 with model AF-Q9C0H5-F1-model_v4.pdb
INFO:2025-10-30 15:24:52,075:Computing HSC features for: Q9C0H5, ENST00000276826, ../Ntranos_Rotation/ESM-SaProt/AF-Q9C0H5-F1-model_v4.pdb.gz
INFO:2025-10-30 15:27:15,187:Successfully computed HSC for Q9C0H5.
INFO:2025-10-30 15:27:15,187:Processing Q9C0H6 with model AF-Q9C0H6-F1-model_v4.pdb
INFO:2025-10-30 15:27:15,380:Computing HSC features for: Q9C0H6, ENST00000373119, ../Ntranos_Rotation/ESM-SaProt/AF-Q9C0H6-F1-model_v4.pdb.gz
INFO:2025-10-30 15:28:26,346:Successfully computed HSC for Q9C0H6.
INFO:2025-10-30 15:28:26,346:Processing Q9C0H9 with model AF-Q9C0H9-F1-model_v4.pdb
ERROR:2025-10-30 15:28:26,551:No transcript record found for Q9C0H9 in gnomAD.
INFO:2025-10-30 15:28:26,551:Processing Q9C0I1 with model AF-Q9C0I1-F1-model_v4.pdb
INFO:2025-10-30 15:28:26,686:Computing HSC features for: Q9C0I1, ENST00000382142, ../Ntranos_Rotation/ESM-SaProt/AF-Q9C0I1-F1-model_v4.pdb.gz
INFO:2025-10-30 15:29:35,033:Successfully computed HSC for Q9C0I1.
INFO:2025-10-30 15:29:35,034:Processing Q9C0I3 with model AF-Q9C0I3-F1-model_v4.pdb
INFO:2025-10-30 15:29:35,150:Computing HSC features for: Q9C0I3, ENST00000509176, ../Ntranos_Rotation/ESM-SaProt/AF-Q9C0I3-F1-model_v4.pdb.gz
INFO:2025-10-30 15:30:39,694:Successfully computed HSC for Q9C0I3.
INFO:2025-10-30 15:30:39,694:Processing Q9C0I4 with model AF-Q9C0I4-F1-model_v4.pdb
INFO:2025-10-30 15:30:39,869:Computing HSC features for: Q9C0I4, ENST00000409968, ../Ntranos_Rotation/ESM-SaProt/AF-Q9C0I4-F1-model_v4.pdb.gz
INFO:2025-10-30 15:32:45,362:Successfully computed HSC for Q9C0I4.
INFO:2025-10-30 15:32:45,362:Processing Q9C0I9 with model AF-Q9C0I9-F1-model_v4.pdb
INFO:2025-10-30 15:32:45,438:Computing HSC features for: Q9C0I9, ENST00000368613, ../Ntranos_Rotation/ESM-SaProt/AF-Q9C0I9-F1-model_v4.pdb.gz
INFO:2025-10-30 15:33:31,012:Successfully computed HSC for Q9C0I9.
INFO:2025-10-30 15:33:31,012:Processing Q9C0J1 with model AF-Q9C0J1-F1-model_v4.pdb
INFO:2025-10-30 15:33:31,069:Computing HSC features for: Q9C0J1, ENST00000324189, ../Ntranos_Rotation/ESM-SaProt/AF-Q9C0J1-F1-model_v4.pdb.gz
INFO:2025-10-30 15:34:06,742:Successfully computed HSC for Q9C0J1.
INFO:2025-10-30 15:34:06,742:Processing Q9C0J8 with model AF-Q9C0J8-F1-model_v4.pdb
INFO:2025-10-30 15:34:06,896:Computing HSC features for: Q9C0J8, ENST00000322313, ../Ntranos_Rotation/ESM-SaProt/AF-Q9C0J8-F1-model_v4.pdb.gz
INFO:2025-10-30 15:36:00,745:Successfully computed HSC for Q9C0J8.
INFO:2025-10-30 15:36:00,745:Processing Q9C0J9 with model AF-Q9C0J9-F1-model_v4.pdb
INFO:2025-10-30 15:36:00,811:Computing HSC features for: Q9C0J9, ENST00000242728, ../Ntranos_Rotation/ESM-SaProt/AF-Q9C0J9-F1-model_v4.pdb.gz
INFO:2025-10-30 15:37:13,407:Successfully computed HSC for Q9C0J9.
INFO:2025-10-30 15:37:13,407:Processing Q9C0K0 with model AF-Q9C0K0-F1-model_v4.pdb
INFO:2025-10-30 15:37:13,579:Computing HSC features for: Q9C0K0, ENST00000357195, ../Ntranos_Rotation/ESM-SaProt/AF-Q9C0K0-F1-model_v4.pdb.gz
INFO:2025-10-30 15:39:59,392:Successfully computed HSC for Q9C0K0.
INFO:2025-10-30 15:39:59,392:Processing Q9C0K1 with model AF-Q9C0K1-F1-model_v4.pdb
INFO:2025-10-30 15:39:59,461:Computing HSC features for: Q9C0K1, ENST00000356736, ../Ntranos_Rotation/ESM-SaProt/AF-Q9C0K1-F1-model_v4.pdb.gz
INFO:2025-10-30 15:40:45,058:Successfully computed HSC for Q9C0K1.
INFO:2025-10-30 15:40:45,059:Processing Q9C0K3 with model AF-Q9C0K3-F1-model_v4.pdb
INFO:2025-10-30 15:40:45,104:Computing HSC features for: Q9C0K3, ENST00000252071, ../Ntranos_Rotation/ESM-SaProt/AF-Q9C0K3-F1-model_v4.pdb.gz
INFO:2025-10-30 15:41:03,948:Successfully computed HSC for Q9C0K3.
INFO:2025-10-30 15:41:03,948:Processing Q9C0K7 with model AF-Q9C0K7-F1-model_v4.pdb
INFO:2025-10-30 15:41:04,036:Computing HSC features for: Q9C0K7, ENST00000194530, ../Ntranos_Rotation/ESM-SaProt/AF-Q9C0K7-F1-model_v4.pdb.gz
INFO:2025-10-30 15:41:48,141:Successfully computed HSC for Q9C0K7.
INFO:2025-10-30 15:41:48,141:Processing Q9GIP4 with model AF-Q9GIP4-F1-model_v4.pdb
ERROR:2025-10-30 15:41:48,200:No ENST transcript IDs were mapped to Q9GIP4
INFO:2025-10-30 15:41:48,200:Processing Q9GZK3 with model AF-Q9GZK3-F1-model_v4.pdb
INFO:2025-10-30 15:41:48,632:Computing HSC features for: Q9GZK3, ENST00000303324, ../Ntranos_Rotation/ESM-SaProt/AF-Q9GZK3-F1-model_v4.pdb.gz
INFO:2025-10-30 15:42:26,040:Successfully computed HSC for Q9GZK3.
INFO:2025-10-30 15:42:26,040:Processing Q9GZK4 with model AF-Q9GZK4-F1-model_v4.pdb
INFO:2025-10-30 15:42:26,227:Computing HSC features for: Q9GZK4, ENST00000377132, ../Ntranos_Rotation/ESM-SaProt/AF-Q9GZK4-F1-model_v4.pdb.gz
INFO:2025-10-30 15:43:01,683:Successfully computed HSC for Q9GZK4.
INFO:2025-10-30 15:43:01,684:Processing Q9GZK6 with model AF-Q9GZK6-F1-model_v4.pdb
INFO:2025-10-30 15:43:01,758:Computing HSC features for: Q9GZK6, ENST00000377171, ../Ntranos_Rotation/ESM-SaProt/AF-Q9GZK6-F1-model_v4.pdb.gz
ERROR:2025-10-30 15:43:01,875:Missing ENST record in counts: ENST00000377171
INFO:2025-10-30 15:43:01,875:Processing Q9GZK7 with model AF-Q9GZK7-F1-model_v4.pdb
INFO:2025-10-30 15:43:01,970:Computing HSC features for: Q9GZK7, ENST00000377148, ../Ntranos_Rotation/ESM-SaProt/AF-Q9GZK7-F1-model_v4.pdb.gz
INFO:2025-10-30 15:43:37,526:Successfully computed HSC for Q9GZK7.
INFO:2025-10-30 15:43:37,526:Processing Q9GZL7 with model AF-Q9GZL7-F1-model_v4.pdb
ERROR:2025-10-30 15:43:37,639:No transcript record found for Q9GZL7 in gnomAD.
INFO:2025-10-30 15:43:37,640:Pipeline completed.
INFO:2025-10-30 15:43:37,640:no_enst_for_uniprot: 1
INFO:2025-10-30 15:43:37,640:no_valid_cds: 1
INFO:2025-10-30 15:43:37,640:no_variant_data: 3
INFO:2025-10-30 15:43:37,640:bad_structure: 0
INFO:2025-10-30 15:43:37,640:no_enst_mp: 1
