INFO:2025-10-30 14:26:02,981:Starting HSC computation pipeline...
INFO:2025-10-30 14:26:56,132:Processing Q6UXS0 with model AF-Q6UXS0-F1-model_v4.pdb
INFO:2025-10-30 14:26:56,173:Computing HSC features for: Q6UXS0, ENST00000465414, ../Ntranos_Rotation/ESM-SaProt/AF-Q6UXS0-F1-model_v4.pdb.gz
INFO:2025-10-30 14:27:09,010:Successfully computed HSC for Q6UXS0.
INFO:2025-10-30 14:27:09,010:Processing Q6UXS9 with model AF-Q6UXS9-F1-model_v4.pdb
ERROR:2025-10-30 14:27:09,286:No transcript record found for Q6UXS9 in gnomAD.
INFO:2025-10-30 14:27:09,286:Processing Q6UXT8 with model AF-Q6UXT8-F1-model_v4.pdb
INFO:2025-10-30 14:27:09,324:Computing HSC features for: Q6UXT8, ENST00000358543, ../Ntranos_Rotation/ESM-SaProt/AF-Q6UXT8-F1-model_v4.pdb.gz
INFO:2025-10-30 14:27:28,409:Successfully computed HSC for Q6UXT8.
INFO:2025-10-30 14:27:28,409:Processing Q6UXT9 with model AF-Q6UXT9-F1-model_v4.pdb
INFO:2025-10-30 14:27:28,476:Computing HSC features for: Q6UXT9, ENST00000307201, ../Ntranos_Rotation/ESM-SaProt/AF-Q6UXT9-F1-model_v4.pdb.gz
INFO:2025-10-30 14:28:23,544:Successfully computed HSC for Q6UXT9.
INFO:2025-10-30 14:28:23,544:Processing Q6UXU0 with model AF-Q6UXU0-F1-model_v4.pdb
ERROR:2025-10-30 14:28:23,589:No ENST transcript IDs were mapped to Q6UXU0
INFO:2025-10-30 14:28:23,589:Processing Q6UXU4 with model AF-Q6UXU4-F1-model_v4.pdb
INFO:2025-10-30 14:28:23,714:Computing HSC features for: Q6UXU4, ENST00000447459, ../Ntranos_Rotation/ESM-SaProt/AF-Q6UXU4-F1-model_v4.pdb.gz
INFO:2025-10-30 14:29:00,220:Successfully computed HSC for Q6UXU4.
INFO:2025-10-30 14:29:00,220:Processing Q6UXU6 with model AF-Q6UXU6-F1-model_v4.pdb
INFO:2025-10-30 14:29:00,263:Computing HSC features for: Q6UXU6, ENST00000300433, ../Ntranos_Rotation/ESM-SaProt/AF-Q6UXU6-F1-model_v4.pdb.gz
INFO:2025-10-30 14:29:11,956:Successfully computed HSC for Q6UXU6.
INFO:2025-10-30 14:29:11,956:Processing Q6UXV0 with model AF-Q6UXV0-F1-model_v4.pdb
INFO:2025-10-30 14:29:12,091:Computing HSC features for: Q6UXV0, ENST00000340465, ../Ntranos_Rotation/ESM-SaProt/AF-Q6UXV0-F1-model_v4.pdb.gz
INFO:2025-10-30 14:29:33,712:Successfully computed HSC for Q6UXV0.
INFO:2025-10-30 14:29:33,712:Processing Q6UXV1 with model AF-Q6UXV1-F1-model_v4.pdb
INFO:2025-10-30 14:29:33,768:Computing HSC features for: Q6UXV1, ENST00000293405, ../Ntranos_Rotation/ESM-SaProt/AF-Q6UXV1-F1-model_v4.pdb.gz
INFO:2025-10-30 14:29:51,575:Successfully computed HSC for Q6UXV1.
INFO:2025-10-30 14:29:51,575:Processing Q6UXV3 with model AF-Q6UXV3-F1-model_v4.pdb
ERROR:2025-10-30 14:29:51,633:No ENST transcript IDs were mapped to Q6UXV3
INFO:2025-10-30 14:29:51,633:Processing Q6UXV4 with model AF-Q6UXV4-F1-model_v4.pdb
INFO:2025-10-30 14:29:51,775:Computing HSC features for: Q6UXV4, ENST00000373173, ../Ntranos_Rotation/ESM-SaProt/AF-Q6UXV4-F1-model_v4.pdb.gz
INFO:2025-10-30 14:30:09,583:Successfully computed HSC for Q6UXV4.
INFO:2025-10-30 14:30:09,583:Processing Q6UXX5 with model AF-Q6UXX5-F1-model_v4.pdb
INFO:2025-10-30 14:30:09,893:Computing HSC features for: Q6UXX5, ENST00000218436, ../Ntranos_Rotation/ESM-SaProt/AF-Q6UXX5-F1-model_v4.pdb.gz
INFO:2025-10-30 14:31:38,988:Successfully computed HSC for Q6UXX5.
INFO:2025-10-30 14:31:38,988:Processing Q6UXX9 with model AF-Q6UXX9-F1-model_v4.pdb
INFO:2025-10-30 14:31:39,046:Computing HSC features for: Q6UXX9, ENST00000276659, ../Ntranos_Rotation/ESM-SaProt/AF-Q6UXX9-F1-model_v4.pdb.gz
INFO:2025-10-30 14:31:55,069:Successfully computed HSC for Q6UXX9.
INFO:2025-10-30 14:31:55,069:Processing Q6UXY1 with model AF-Q6UXY1-F1-model_v4.pdb
INFO:2025-10-30 14:31:55,179:Computing HSC features for: Q6UXY1, ENST00000381669, ../Ntranos_Rotation/ESM-SaProt/AF-Q6UXY1-F1-model_v4.pdb.gz
INFO:2025-10-30 14:32:47,449:Successfully computed HSC for Q6UXY1.
INFO:2025-10-30 14:32:47,449:Processing Q6UXY8 with model AF-Q6UXY8-F1-model_v4.pdb
INFO:2025-10-30 14:32:47,688:Computing HSC features for: Q6UXY8, ENST00000396229, ../Ntranos_Rotation/ESM-SaProt/AF-Q6UXY8-F1-model_v4.pdb.gz
INFO:2025-10-30 14:33:47,180:Successfully computed HSC for Q6UXY8.
INFO:2025-10-30 14:33:47,180:Processing Q6UXZ0 with model AF-Q6UXZ0-F1-model_v4.pdb
INFO:2025-10-30 14:33:47,250:Computing HSC features for: Q6UXZ0, ENST00000328886, ../Ntranos_Rotation/ESM-SaProt/AF-Q6UXZ0-F1-model_v4.pdb.gz
INFO:2025-10-30 14:34:02,643:Successfully computed HSC for Q6UXZ0.
INFO:2025-10-30 14:34:02,643:Processing Q6UXZ3 with model AF-Q6UXZ3-F1-model_v4.pdb
ERROR:2025-10-30 14:34:02,684:No transcript record found for Q6UXZ3 in gnomAD.
INFO:2025-10-30 14:34:02,684:Processing Q6UXZ4 with model AF-Q6UXZ4-F1-model_v4.pdb
INFO:2025-10-30 14:34:02,809:Computing HSC features for: Q6UXZ4, ENST00000404895, ../Ntranos_Rotation/ESM-SaProt/AF-Q6UXZ4-F1-model_v4.pdb.gz
INFO:2025-10-30 14:35:11,499:Successfully computed HSC for Q6UXZ4.
INFO:2025-10-30 14:35:11,499:Processing Q6UY01 with model AF-Q6UY01-F1-model_v4.pdb
INFO:2025-10-30 14:35:11,569:Computing HSC features for: Q6UY01, ENST00000316428, ../Ntranos_Rotation/ESM-SaProt/AF-Q6UY01-F1-model_v4.pdb.gz
INFO:2025-10-30 14:35:41,475:Successfully computed HSC for Q6UY01.
INFO:2025-10-30 14:35:41,475:Processing Q6UY09 with model AF-Q6UY09-F1-model_v4.pdb
ERROR:2025-10-30 14:35:41,577:No transcript record found for Q6UY09 in gnomAD.
INFO:2025-10-30 14:35:41,577:Processing Q6UY11 with model AF-Q6UY11-F1-model_v4.pdb
INFO:2025-10-30 14:35:41,643:Computing HSC features for: Q6UY11, ENST00000357338, ../Ntranos_Rotation/ESM-SaProt/AF-Q6UY11-F1-model_v4.pdb.gz
INFO:2025-10-30 14:36:15,702:Successfully computed HSC for Q6UY11.
INFO:2025-10-30 14:36:15,702:Processing Q6UY13 with model AF-Q6UY13-F1-model_v4.pdb
ERROR:2025-10-30 14:36:15,782:No ENST transcript IDs were mapped to Q6UY13
INFO:2025-10-30 14:36:15,782:Processing Q6UY14 with model AF-Q6UY14-F1-model_v4.pdb
INFO:2025-10-30 14:36:15,957:Computing HSC features for: Q6UY14, ENST00000271643, ../Ntranos_Rotation/ESM-SaProt/AF-Q6UY14-F1-model_v4.pdb.gz
INFO:2025-10-30 14:37:52,212:Successfully computed HSC for Q6UY14.
INFO:2025-10-30 14:37:52,212:Processing Q6UY18 with model AF-Q6UY18-F1-model_v4.pdb
INFO:2025-10-30 14:37:52,320:Computing HSC features for: Q6UY18, ENST00000368820, ../Ntranos_Rotation/ESM-SaProt/AF-Q6UY18-F1-model_v4.pdb.gz
INFO:2025-10-30 14:38:31,049:Successfully computed HSC for Q6UY18.
INFO:2025-10-30 14:38:31,049:Processing Q6UY27 with model AF-Q6UY27-F1-model_v4.pdb
INFO:2025-10-30 14:38:31,084:Computing HSC features for: Q6UY27, ENST00000358524, ../Ntranos_Rotation/ESM-SaProt/AF-Q6UY27-F1-model_v4.pdb.gz
INFO:2025-10-30 14:38:37,440:Successfully computed HSC for Q6UY27.
INFO:2025-10-30 14:38:37,440:Processing Q6UYE1 with model AF-Q6UYE1-F1-model_v4.pdb
INFO:2025-10-30 14:38:37,477:Computing HSC features for: Q6UYE1, ENST00000504404, ../Ntranos_Rotation/ESM-SaProt/AF-Q6UYE1-F1-model_v4.pdb.gz
INFO:2025-10-30 14:38:59,873:Successfully computed HSC for Q6UYE1.
INFO:2025-10-30 14:38:59,873:Processing Q6V0I7 with model AF-Q6V0I7-F1-model_v4.pdb
ERROR:2025-10-30 14:39:00,051:No valid CDS found for Q6V0I7
INFO:2025-10-30 14:39:00,051:Processing Q6V0L0 with model AF-Q6V0L0-F1-model_v4.pdb
ERROR:2025-10-30 14:39:00,115:No transcript record found for Q6V0L0 in gnomAD.
INFO:2025-10-30 14:39:00,116:Processing Q6V1P9 with model AF-Q6V1P9-F1-model_v4.pdb
ERROR:2025-10-30 14:39:00,392:No valid CDS found for Q6V1P9
INFO:2025-10-30 14:39:00,392:Processing Q6V1X1 with model AF-Q6V1X1-F1-model_v4.pdb
INFO:2025-10-30 14:39:00,574:Computing HSC features for: Q6V1X1, ENST00000341861, ../Ntranos_Rotation/ESM-SaProt/AF-Q6V1X1-F1-model_v4.pdb.gz
INFO:2025-10-30 14:39:55,893:Successfully computed HSC for Q6V1X1.
INFO:2025-10-30 14:39:55,893:Processing Q6V702 with model AF-Q6V702-F1-model_v4.pdb
INFO:2025-10-30 14:39:55,934:Computing HSC features for: Q6V702, ENST00000358105, ../Ntranos_Rotation/ESM-SaProt/AF-Q6V702-F1-model_v4.pdb.gz
INFO:2025-10-30 14:40:12,062:Successfully computed HSC for Q6V702.
INFO:2025-10-30 14:40:12,062:Processing Q6V9R5 with model AF-Q6V9R5-F1-model_v4.pdb
INFO:2025-10-30 14:40:12,160:Computing HSC features for: Q6V9R5, ENST00000453372, ../Ntranos_Rotation/ESM-SaProt/AF-Q6V9R5-F1-model_v4.pdb.gz
INFO:2025-10-30 14:40:38,162:Successfully computed HSC for Q6V9R5.
INFO:2025-10-30 14:40:38,162:Processing Q6VAB6 with model AF-Q6VAB6-F1-model_v4.pdb
INFO:2025-10-30 14:40:38,343:Computing HSC features for: Q6VAB6, ENST00000339824, ../Ntranos_Rotation/ESM-SaProt/AF-Q6VAB6-F1-model_v4.pdb.gz
INFO:2025-10-30 14:42:04,857:Successfully computed HSC for Q6VAB6.
INFO:2025-10-30 14:42:04,857:Processing Q6VB84 with model AF-Q6VB84-F1-model_v4.pdb
INFO:2025-10-30 14:42:05,274:Computing HSC features for: Q6VB84, ENST00000342833, ../Ntranos_Rotation/ESM-SaProt/AF-Q6VB84-F1-model_v4.pdb.gz
INFO:2025-10-30 14:42:53,711:Successfully computed HSC for Q6VB84.
INFO:2025-10-30 14:42:53,711:Processing Q6VEQ5 with model AF-Q6VEQ5-F1-model_v4.pdb
ERROR:2025-10-30 14:42:53,771:No ENST transcript IDs were mapped to Q6VEQ5
INFO:2025-10-30 14:42:53,771:Processing Q6VMQ6 with model AF-Q6VMQ6-F1-model_v4.pdb
INFO:2025-10-30 14:42:53,895:Computing HSC features for: Q6VMQ6, ENST00000261168, ../Ntranos_Rotation/ESM-SaProt/AF-Q6VMQ6-F1-model_v4.pdb.gz
INFO:2025-10-30 14:44:10,225:Successfully computed HSC for Q6VMQ6.
INFO:2025-10-30 14:44:10,226:Processing Q6VN20 with model AF-Q6VN20-F1-model_v4.pdb
INFO:2025-10-30 14:44:10,305:Computing HSC features for: Q6VN20, ENST00000317506, ../Ntranos_Rotation/ESM-SaProt/AF-Q6VN20-F1-model_v4.pdb.gz
INFO:2025-10-30 14:45:01,157:Successfully computed HSC for Q6VN20.
INFO:2025-10-30 14:45:01,157:Processing Q6VUC0 with model AF-Q6VUC0-F1-model_v4.pdb
INFO:2025-10-30 14:45:01,243:Computing HSC features for: Q6VUC0, ENST00000373235, ../Ntranos_Rotation/ESM-SaProt/AF-Q6VUC0-F1-model_v4.pdb.gz
INFO:2025-10-30 14:45:54,112:Successfully computed HSC for Q6VUC0.
INFO:2025-10-30 14:45:54,112:Processing Q6VVB1 with model AF-Q6VVB1-F1-model_v4.pdb
INFO:2025-10-30 14:45:54,188:Computing HSC features for: Q6VVB1, ENST00000340650, ../Ntranos_Rotation/ESM-SaProt/AF-Q6VVB1-F1-model_v4.pdb.gz
INFO:2025-10-30 14:46:34,118:Successfully computed HSC for Q6VVB1.
INFO:2025-10-30 14:46:34,118:Processing Q6VVX0 with model AF-Q6VVX0-F1-model_v4.pdb
INFO:2025-10-30 14:46:34,206:Computing HSC features for: Q6VVX0, ENST00000334636, ../Ntranos_Rotation/ESM-SaProt/AF-Q6VVX0-F1-model_v4.pdb.gz
INFO:2025-10-30 14:47:22,302:Successfully computed HSC for Q6VVX0.
INFO:2025-10-30 14:47:22,302:Processing Q6VY07 with model AF-Q6VY07-F1-model_v4.pdb
INFO:2025-10-30 14:47:22,415:Computing HSC features for: Q6VY07, ENST00000320580, ../Ntranos_Rotation/ESM-SaProt/AF-Q6VY07-F1-model_v4.pdb.gz
INFO:2025-10-30 14:48:40,288:Successfully computed HSC for Q6VY07.
INFO:2025-10-30 14:48:40,288:Processing Q6W0C5 with model AF-Q6W0C5-F1-model_v4.pdb
INFO:2025-10-30 14:48:40,344:Computing HSC features for: Q6W0C5, ENST00000345088, ../Ntranos_Rotation/ESM-SaProt/AF-Q6W0C5-F1-model_v4.pdb.gz
INFO:2025-10-30 14:48:52,274:Successfully computed HSC for Q6W0C5.
INFO:2025-10-30 14:48:52,274:Processing Q6W2J9 with model AF-Q6W2J9-F1-model_v4.pdb
INFO:2025-10-30 14:48:52,440:Computing HSC features for: Q6W2J9, ENST00000378444, ../Ntranos_Rotation/ESM-SaProt/AF-Q6W2J9-F1-model_v4.pdb.gz
INFO:2025-10-30 14:51:05,139:Successfully computed HSC for Q6W2J9.
INFO:2025-10-30 14:51:05,139:Processing Q6W349 with model AF-Q6W349-F1-model_v4.pdb
ERROR:2025-10-30 14:51:05,173:No ENST transcript IDs were mapped to Q6W349
INFO:2025-10-30 14:51:05,173:Processing Q6W3E5 with model AF-Q6W3E5-F1-model_v4.pdb
INFO:2025-10-30 14:51:05,249:Computing HSC features for: Q6W3E5, ENST00000376217, ../Ntranos_Rotation/ESM-SaProt/AF-Q6W3E5-F1-model_v4.pdb.gz
INFO:2025-10-30 14:51:41,448:Successfully computed HSC for Q6W3E5.
INFO:2025-10-30 14:51:41,448:Processing Q6W4X9 with model AF-Q6W4X9-F1-model_v4.pdb
INFO:2025-10-30 14:51:41,678:Computing HSC features for: Q6W4X9, ENST00000421673, ../Ntranos_Rotation/ESM-SaProt/AF-Q6W4X9-F1-model_v4.pdb.gz
INFO:2025-10-30 14:55:03,676:Successfully computed HSC for Q6W4X9.
INFO:2025-10-30 14:55:03,676:Processing Q6W5P4 with model AF-Q6W5P4-F1-model_v4.pdb
INFO:2025-10-30 14:55:03,756:Computing HSC features for: Q6W5P4, ENST00000360581, ../Ntranos_Rotation/ESM-SaProt/AF-Q6W5P4-F1-model_v4.pdb.gz
INFO:2025-10-30 14:55:46,946:Successfully computed HSC for Q6W5P4.
INFO:2025-10-30 14:55:46,946:Processing Q6WBX8 with model AF-Q6WBX8-F1-model_v4.pdb
ERROR:2025-10-30 14:55:47,039:No valid CDS found for Q6WBX8
INFO:2025-10-30 14:55:47,039:Processing Q6WCQ1 with model AF-Q6WCQ1-F1-model_v4.pdb
INFO:2025-10-30 14:55:47,236:Computing HSC features for: Q6WCQ1, ENST00000341712, ../Ntranos_Rotation/ESM-SaProt/AF-Q6WCQ1-F1-model_v4.pdb.gz
INFO:2025-10-30 14:57:50,547:Successfully computed HSC for Q6WCQ1.
INFO:2025-10-30 14:57:50,547:Processing Q6WKZ4 with model AF-Q6WKZ4-F1-model_v4.pdb
INFO:2025-10-30 14:57:50,688:Computing HSC features for: Q6WKZ4, ENST00000330843, ../Ntranos_Rotation/ESM-SaProt/AF-Q6WKZ4-F1-model_v4.pdb.gz
INFO:2025-10-30 14:59:38,982:Successfully computed HSC for Q6WKZ4.
INFO:2025-10-30 14:59:38,982:Pipeline completed.
INFO:2025-10-30 14:59:38,982:no_enst_for_uniprot: 5
INFO:2025-10-30 14:59:38,982:no_valid_cds: 3
INFO:2025-10-30 14:59:38,982:no_variant_data: 4
INFO:2025-10-30 14:59:38,982:bad_structure: 0
INFO:2025-10-30 14:59:38,982:no_enst_mp: 0
