INFO:2025-10-30 14:27:04,652:Starting HSC computation pipeline...
INFO:2025-10-30 14:28:17,570:Processing Q8TAV0 with model AF-Q8TAV0-F1-model_v4.pdb
INFO:2025-10-30 14:28:17,648:Computing HSC features for: Q8TAV0, ENST00000373954, ../Ntranos_Rotation/ESM-SaProt/AF-Q8TAV0-F1-model_v4.pdb.gz
INFO:2025-10-30 14:28:43,464:Successfully computed HSC for Q8TAV0.
INFO:2025-10-30 14:28:43,465:Processing Q8TAV3 with model AF-Q8TAV3-F1-model_v4.pdb
INFO:2025-10-30 14:28:43,595:Computing HSC features for: Q8TAV3, ENST00000308919, ../Ntranos_Rotation/ESM-SaProt/AF-Q8TAV3-F1-model_v4.pdb.gz
INFO:2025-10-30 14:30:00,683:Successfully computed HSC for Q8TAV3.
INFO:2025-10-30 14:30:00,683:Processing Q8TAV4 with model AF-Q8TAV4-F1-model_v4.pdb
INFO:2025-10-30 14:30:00,788:Computing HSC features for: Q8TAV4, ENST00000379631, ../Ntranos_Rotation/ESM-SaProt/AF-Q8TAV4-F1-model_v4.pdb.gz
INFO:2025-10-30 14:30:27,861:Successfully computed HSC for Q8TAV4.
INFO:2025-10-30 14:30:27,861:Processing Q8TAV5 with model AF-Q8TAV5-F1-model_v4.pdb
ERROR:2025-10-30 14:30:28,044:No ENST transcript IDs were mapped to Q8TAV5
INFO:2025-10-30 14:30:28,044:Processing Q8TAW3 with model AF-Q8TAW3-F1-model_v4.pdb
INFO:2025-10-30 14:30:28,124:Computing HSC features for: Q8TAW3, ENST00000317398, ../Ntranos_Rotation/ESM-SaProt/AF-Q8TAW3-F1-model_v4.pdb.gz
INFO:2025-10-30 14:31:18,787:Successfully computed HSC for Q8TAW3.
INFO:2025-10-30 14:31:18,787:Processing Q8TAX0 with model AF-Q8TAX0-F1-model_v4.pdb
INFO:2025-10-30 14:31:18,865:Computing HSC features for: Q8TAX0, ENST00000272223, ../Ntranos_Rotation/ESM-SaProt/AF-Q8TAX0-F1-model_v4.pdb.gz
INFO:2025-10-30 14:31:51,194:Successfully computed HSC for Q8TAX0.
INFO:2025-10-30 14:31:51,194:Processing Q8TAX7 with model AF-Q8TAX7-F1-model_v4.pdb
INFO:2025-10-30 14:31:51,281:Computing HSC features for: Q8TAX7, ENST00000304887, ../Ntranos_Rotation/ESM-SaProt/AF-Q8TAX7-F1-model_v4.pdb.gz
INFO:2025-10-30 14:32:23,477:Successfully computed HSC for Q8TAX7.
INFO:2025-10-30 14:32:23,477:Processing Q8TAX9 with model AF-Q8TAX9-F1-model_v4.pdb
ERROR:2025-10-30 14:32:23,575:No valid CDS found for Q8TAX9
INFO:2025-10-30 14:32:23,575:Processing Q8TAY7 with model AF-Q8TAY7-F1-model_v4.pdb
INFO:2025-10-30 14:32:23,646:Computing HSC features for: Q8TAY7, ENST00000374268, ../Ntranos_Rotation/ESM-SaProt/AF-Q8TAY7-F1-model_v4.pdb.gz
INFO:2025-10-30 14:33:12,689:Successfully computed HSC for Q8TAY7.
INFO:2025-10-30 14:33:12,689:Processing Q8TAZ6 with model AF-Q8TAZ6-F1-model_v4.pdb
INFO:2025-10-30 14:33:12,740:Computing HSC features for: Q8TAZ6, ENST00000268595, ../Ntranos_Rotation/ESM-SaProt/AF-Q8TAZ6-F1-model_v4.pdb.gz
INFO:2025-10-30 14:33:37,207:Successfully computed HSC for Q8TAZ6.
INFO:2025-10-30 14:33:37,207:Processing Q8TB03 with model AF-Q8TB03-F1-model_v4.pdb
INFO:2025-10-30 14:33:37,284:Computing HSC features for: Q8TB03, ENST00000327877, ../Ntranos_Rotation/ESM-SaProt/AF-Q8TB03-F1-model_v4.pdb.gz
INFO:2025-10-30 14:34:13,097:Successfully computed HSC for Q8TB03.
INFO:2025-10-30 14:34:13,098:Processing Q8TB05 with model AF-Q8TB05-F1-model_v4.pdb
INFO:2025-10-30 14:34:13,175:Computing HSC features for: Q8TB05, ENST00000283474, ../Ntranos_Rotation/ESM-SaProt/AF-Q8TB05-F1-model_v4.pdb.gz
INFO:2025-10-30 14:34:36,683:Successfully computed HSC for Q8TB05.
INFO:2025-10-30 14:34:36,683:Processing Q8TB22 with model AF-Q8TB22-F1-model_v4.pdb
INFO:2025-10-30 14:34:36,811:Computing HSC features for: Q8TB22, ENST00000356488, ../Ntranos_Rotation/ESM-SaProt/AF-Q8TB22-F1-model_v4.pdb.gz
INFO:2025-10-30 14:36:07,957:Successfully computed HSC for Q8TB22.
INFO:2025-10-30 14:36:07,957:Processing Q8TB24 with model AF-Q8TB24-F1-model_v4.pdb
INFO:2025-10-30 14:36:08,138:Computing HSC features for: Q8TB24, ENST00000216487, ../Ntranos_Rotation/ESM-SaProt/AF-Q8TB24-F1-model_v4.pdb.gz
INFO:2025-10-30 14:38:05,455:Successfully computed HSC for Q8TB24.
INFO:2025-10-30 14:38:05,455:Processing Q8TB33 with model AF-Q8TB33-F1-model_v4.pdb
ERROR:2025-10-30 14:38:05,640:No ENST transcript IDs were mapped to Q8TB33
INFO:2025-10-30 14:38:05,640:Processing Q8TB36 with model AF-Q8TB36-F1-model_v4.pdb
INFO:2025-10-30 14:38:05,723:Computing HSC features for: Q8TB36, ENST00000220822, ../Ntranos_Rotation/ESM-SaProt/AF-Q8TB36-F1-model_v4.pdb.gz
INFO:2025-10-30 14:38:37,538:Successfully computed HSC for Q8TB36.
INFO:2025-10-30 14:38:37,538:Processing Q8TB37 with model AF-Q8TB37-F1-model_v4.pdb
INFO:2025-10-30 14:38:37,599:Computing HSC features for: Q8TB37, ENST00000281081, ../Ntranos_Rotation/ESM-SaProt/AF-Q8TB37-F1-model_v4.pdb.gz
INFO:2025-10-30 14:39:06,479:Successfully computed HSC for Q8TB37.
INFO:2025-10-30 14:39:06,479:Processing Q8TB40 with model AF-Q8TB40-F1-model_v4.pdb
INFO:2025-10-30 14:39:06,671:Computing HSC features for: Q8TB40, ENST00000428304, ../Ntranos_Rotation/ESM-SaProt/AF-Q8TB40-F1-model_v4.pdb.gz
INFO:2025-10-30 14:39:43,700:Successfully computed HSC for Q8TB40.
INFO:2025-10-30 14:39:43,700:Processing Q8TB45 with model AF-Q8TB45-F1-model_v4.pdb
INFO:2025-10-30 14:39:43,998:Computing HSC features for: Q8TB45, ENST00000286234, ../Ntranos_Rotation/ESM-SaProt/AF-Q8TB45-F1-model_v4.pdb.gz
INFO:2025-10-30 14:40:24,201:Successfully computed HSC for Q8TB45.
INFO:2025-10-30 14:40:24,201:Processing Q8TB52 with model AF-Q8TB52-F1-model_v4.pdb
INFO:2025-10-30 14:40:24,400:Computing HSC features for: Q8TB52, ENST00000237281, ../Ntranos_Rotation/ESM-SaProt/AF-Q8TB52-F1-model_v4.pdb.gz
INFO:2025-10-30 14:41:21,478:Successfully computed HSC for Q8TB52.
INFO:2025-10-30 14:41:21,478:Processing Q8TB61 with model AF-Q8TB61-F1-model_v4.pdb
INFO:2025-10-30 14:41:21,568:Computing HSC features for: Q8TB61, ENST00000393812, ../Ntranos_Rotation/ESM-SaProt/AF-Q8TB61-F1-model_v4.pdb.gz
INFO:2025-10-30 14:42:03,456:Successfully computed HSC for Q8TB61.
INFO:2025-10-30 14:42:03,456:Processing Q8TB68 with model AF-Q8TB68-F1-model_v4.pdb
INFO:2025-10-30 14:42:03,513:Computing HSC features for: Q8TB68, ENST00000323249, ../Ntranos_Rotation/ESM-SaProt/AF-Q8TB68-F1-model_v4.pdb.gz
INFO:2025-10-30 14:42:52,165:Successfully computed HSC for Q8TB68.
INFO:2025-10-30 14:42:52,165:Processing Q8TB69 with model AF-Q8TB69-F1-model_v4.pdb
INFO:2025-10-30 14:42:52,275:Computing HSC features for: Q8TB69, ENST00000590202, ../Ntranos_Rotation/ESM-SaProt/AF-Q8TB69-F1-model_v4.pdb.gz
INFO:2025-10-30 14:43:28,991:Successfully computed HSC for Q8TB69.
INFO:2025-10-30 14:43:28,991:Processing Q8TB72 with model AF-Q8TB72-F1-model_v4.pdb
ERROR:2025-10-30 14:43:29,192:No transcript record found for Q8TB72 in gnomAD.
INFO:2025-10-30 14:43:29,193:Processing Q8TB73 with model AF-Q8TB73-F1-model_v4.pdb
INFO:2025-10-30 14:43:29,333:Computing HSC features for: Q8TB73, ENST00000379692, ../Ntranos_Rotation/ESM-SaProt/AF-Q8TB73-F1-model_v4.pdb.gz
INFO:2025-10-30 14:44:12,238:Successfully computed HSC for Q8TB73.
INFO:2025-10-30 14:44:12,238:Processing Q8TB92 with model AF-Q8TB92-F1-model_v4.pdb
INFO:2025-10-30 14:44:12,304:Computing HSC features for: Q8TB92, ENST00000398661, ../Ntranos_Rotation/ESM-SaProt/AF-Q8TB92-F1-model_v4.pdb.gz
INFO:2025-10-30 14:44:42,550:Successfully computed HSC for Q8TB92.
INFO:2025-10-30 14:44:42,550:Processing Q8TB96 with model AF-Q8TB96-F1-model_v4.pdb
INFO:2025-10-30 14:44:42,678:Computing HSC features for: Q8TB96, ENST00000320640, ../Ntranos_Rotation/ESM-SaProt/AF-Q8TB96-F1-model_v4.pdb.gz
INFO:2025-10-30 14:45:36,588:Successfully computed HSC for Q8TB96.
INFO:2025-10-30 14:45:36,588:Processing Q8TBA6 with model AF-Q8TBA6-F1-model_v4.pdb
INFO:2025-10-30 14:45:36,719:Computing HSC features for: Q8TBA6, ENST00000163416, ../Ntranos_Rotation/ESM-SaProt/AF-Q8TBA6-F1-model_v4.pdb.gz
INFO:2025-10-30 14:46:35,377:Successfully computed HSC for Q8TBA6.
INFO:2025-10-30 14:46:35,377:Processing Q8TBB0 with model AF-Q8TBB0-F1-model_v4.pdb
INFO:2025-10-30 14:46:35,507:Computing HSC features for: Q8TBB0, ENST00000311638, ../Ntranos_Rotation/ESM-SaProt/AF-Q8TBB0-F1-model_v4.pdb.gz
INFO:2025-10-30 14:46:54,157:Successfully computed HSC for Q8TBB0.
INFO:2025-10-30 14:46:54,157:Processing Q8TBB1 with model AF-Q8TBB1-F1-model_v4.pdb
INFO:2025-10-30 14:46:54,306:Computing HSC features for: Q8TBB1, ENST00000263925, ../Ntranos_Rotation/ESM-SaProt/AF-Q8TBB1-F1-model_v4.pdb.gz
INFO:2025-10-30 14:48:06,134:Successfully computed HSC for Q8TBB1.
INFO:2025-10-30 14:48:06,134:Processing Q8TBB5 with model AF-Q8TBB5-F1-model_v4.pdb
INFO:2025-10-30 14:48:06,337:Computing HSC features for: Q8TBB5, ENST00000270583, ../Ntranos_Rotation/ESM-SaProt/AF-Q8TBB5-F1-model_v4.pdb.gz
INFO:2025-10-30 14:49:13,221:Successfully computed HSC for Q8TBB5.
INFO:2025-10-30 14:49:13,221:Processing Q8TBB6 with model AF-Q8TBB6-F1-model_v4.pdb
INFO:2025-10-30 14:49:13,393:Computing HSC features for: Q8TBB6, ENST00000231706, ../Ntranos_Rotation/ESM-SaProt/AF-Q8TBB6-F1-model_v4.pdb.gz
INFO:2025-10-30 14:50:23,624:Successfully computed HSC for Q8TBB6.
INFO:2025-10-30 14:50:23,624:Processing Q8TBC3 with model AF-Q8TBC3-F1-model_v4.pdb
INFO:2025-10-30 14:50:23,973:Computing HSC features for: Q8TBC3, ENST00000291842, ../Ntranos_Rotation/ESM-SaProt/AF-Q8TBC3-F1-model_v4.pdb.gz
INFO:2025-10-30 14:51:44,445:Successfully computed HSC for Q8TBC3.
INFO:2025-10-30 14:51:44,445:Processing Q8TBC4 with model AF-Q8TBC4-F1-model_v4.pdb
INFO:2025-10-30 14:51:44,554:Computing HSC features for: Q8TBC4, ENST00000361055, ../Ntranos_Rotation/ESM-SaProt/AF-Q8TBC4-F1-model_v4.pdb.gz
INFO:2025-10-30 14:52:20,113:Successfully computed HSC for Q8TBC4.
INFO:2025-10-30 14:52:20,114:Processing Q8TBC5 with model AF-Q8TBC5-F1-model_v4.pdb
INFO:2025-10-30 14:52:20,200:Computing HSC features for: Q8TBC5, ENST00000240727, ../Ntranos_Rotation/ESM-SaProt/AF-Q8TBC5-F1-model_v4.pdb.gz
INFO:2025-10-30 14:53:28,533:Successfully computed HSC for Q8TBC5.
INFO:2025-10-30 14:53:28,533:Processing Q8TBE0 with model AF-Q8TBE0-F1-model_v4.pdb
INFO:2025-10-30 14:53:28,698:Computing HSC features for: Q8TBE0, ENST00000416165, ../Ntranos_Rotation/ESM-SaProt/AF-Q8TBE0-F1-model_v4.pdb.gz
INFO:2025-10-30 14:54:56,400:Successfully computed HSC for Q8TBE0.
INFO:2025-10-30 14:54:56,400:Processing Q8TBE1 with model AF-Q8TBE1-F1-model_v4.pdb
INFO:2025-10-30 14:54:56,456:Computing HSC features for: Q8TBE1, ENST00000272133, ../Ntranos_Rotation/ESM-SaProt/AF-Q8TBE1-F1-model_v4.pdb.gz
INFO:2025-10-30 14:55:12,051:Successfully computed HSC for Q8TBE1.
INFO:2025-10-30 14:55:12,051:Processing Q8TBE3 with model AF-Q8TBE3-F1-model_v4.pdb
INFO:2025-10-30 14:55:12,107:Computing HSC features for: Q8TBE3, ENST00000312349, ../Ntranos_Rotation/ESM-SaProt/AF-Q8TBE3-F1-model_v4.pdb.gz
INFO:2025-10-30 14:55:33,647:Successfully computed HSC for Q8TBE3.
INFO:2025-10-30 14:55:33,647:Processing Q8TBE7 with model AF-Q8TBE7-F1-model_v4.pdb
INFO:2025-10-30 14:55:33,742:Computing HSC features for: Q8TBE7, ENST00000393079, ../Ntranos_Rotation/ESM-SaProt/AF-Q8TBE7-F1-model_v4.pdb.gz
INFO:2025-10-30 14:56:03,314:Successfully computed HSC for Q8TBE7.
INFO:2025-10-30 14:56:03,314:Processing Q8TBE9 with model AF-Q8TBE9-F1-model_v4.pdb
INFO:2025-10-30 14:56:03,374:Computing HSC features for: Q8TBE9, ENST00000304788, ../Ntranos_Rotation/ESM-SaProt/AF-Q8TBE9-F1-model_v4.pdb.gz
INFO:2025-10-30 14:56:26,747:Successfully computed HSC for Q8TBE9.
INFO:2025-10-30 14:56:26,747:Processing Q8TBF2 with model AF-Q8TBF2-F1-model_v4.pdb
INFO:2025-10-30 14:56:26,800:Computing HSC features for: Q8TBF2, ENST00000419916, ../Ntranos_Rotation/ESM-SaProt/AF-Q8TBF2-F1-model_v4.pdb.gz
INFO:2025-10-30 14:56:52,861:Successfully computed HSC for Q8TBF2.
INFO:2025-10-30 14:56:52,861:Processing Q8TBF4 with model AF-Q8TBF4-F1-model_v4.pdb
INFO:2025-10-30 14:56:52,930:Computing HSC features for: Q8TBF4, ENST00000266529, ../Ntranos_Rotation/ESM-SaProt/AF-Q8TBF4-F1-model_v4.pdb.gz
INFO:2025-10-30 14:57:09,334:Successfully computed HSC for Q8TBF4.
INFO:2025-10-30 14:57:09,334:Processing Q8TBF5 with model AF-Q8TBF5-F1-model_v4.pdb
ERROR:2025-10-30 14:57:09,410:No valid CDS found for Q8TBF5
INFO:2025-10-30 14:57:09,410:Processing Q8TBF8 with model AF-Q8TBF8-F1-model_v4.pdb
INFO:2025-10-30 14:57:09,493:Computing HSC features for: Q8TBF8, ENST00000288228, ../Ntranos_Rotation/ESM-SaProt/AF-Q8TBF8-F1-model_v4.pdb.gz
INFO:2025-10-30 14:57:41,825:Successfully computed HSC for Q8TBF8.
INFO:2025-10-30 14:57:41,825:Processing Q8TBG4 with model AF-Q8TBG4-F1-model_v4.pdb
INFO:2025-10-30 14:57:41,937:Computing HSC features for: Q8TBG4, ENST00000296486, ../Ntranos_Rotation/ESM-SaProt/AF-Q8TBG4-F1-model_v4.pdb.gz
INFO:2025-10-30 14:58:22,788:Successfully computed HSC for Q8TBG4.
INFO:2025-10-30 14:58:22,788:Processing Q8TBG9 with model AF-Q8TBG9-F1-model_v4.pdb
INFO:2025-10-30 14:58:22,845:Computing HSC features for: Q8TBG9, ENST00000295894, ../Ntranos_Rotation/ESM-SaProt/AF-Q8TBG9-F1-model_v4.pdb.gz
INFO:2025-10-30 14:58:47,451:Successfully computed HSC for Q8TBG9.
INFO:2025-10-30 14:58:47,451:Processing Q8TBH0 with model AF-Q8TBH0-F1-model_v4.pdb
INFO:2025-10-30 14:58:47,536:Computing HSC features for: Q8TBH0, ENST00000222250, ../Ntranos_Rotation/ESM-SaProt/AF-Q8TBH0-F1-model_v4.pdb.gz
INFO:2025-10-30 14:59:48,874:Successfully computed HSC for Q8TBH0.
INFO:2025-10-30 14:59:48,874:Processing Q8TBJ4 with model AF-Q8TBJ4-F1-model_v4.pdb
INFO:2025-10-30 14:59:48,954:Computing HSC features for: Q8TBJ4, ENST00000374874, ../Ntranos_Rotation/ESM-SaProt/AF-Q8TBJ4-F1-model_v4.pdb.gz
INFO:2025-10-30 15:00:18,890:Successfully computed HSC for Q8TBJ4.
INFO:2025-10-30 15:00:18,890:Processing Q8TBJ5 with model AF-Q8TBJ5-F1-model_v4.pdb
INFO:2025-10-30 15:00:18,999:Computing HSC features for: Q8TBJ5, ENST00000283268, ../Ntranos_Rotation/ESM-SaProt/AF-Q8TBJ5-F1-model_v4.pdb.gz
INFO:2025-10-30 15:01:24,684:Successfully computed HSC for Q8TBJ5.
INFO:2025-10-30 15:01:24,684:Processing Q8TBK2 with model AF-Q8TBK2-F1-model_v4.pdb
INFO:2025-10-30 15:01:24,783:Computing HSC features for: Q8TBK2, ENST00000219315, ../Ntranos_Rotation/ESM-SaProt/AF-Q8TBK2-F1-model_v4.pdb.gz
INFO:2025-10-30 15:02:20,923:Successfully computed HSC for Q8TBK2.
INFO:2025-10-30 15:02:20,923:Pipeline completed.
INFO:2025-10-30 15:02:20,923:no_enst_for_uniprot: 2
INFO:2025-10-30 15:02:20,923:no_valid_cds: 2
INFO:2025-10-30 15:02:20,923:no_variant_data: 1
INFO:2025-10-30 15:02:20,923:bad_structure: 0
INFO:2025-10-30 15:02:20,923:no_enst_mp: 0
