INFO:2025-10-30 14:59:04,625:Starting HSC computation pipeline...
INFO:2025-10-30 15:00:07,669:Processing Q9UH62 with model AF-Q9UH62-F1-model_v4.pdb
INFO:2025-10-30 15:00:07,781:Computing HSC features for: Q9UH62, ENST00000341189, ../Ntranos_Rotation/ESM-SaProt/AF-Q9UH62-F1-model_v4.pdb.gz
INFO:2025-10-30 15:00:38,127:Successfully computed HSC for Q9UH62.
INFO:2025-10-30 15:00:38,127:Processing Q9UH64 with model AF-Q9UH64-F1-model_v4.pdb
ERROR:2025-10-30 15:00:38,184:No ENST transcript IDs were mapped to Q9UH64
INFO:2025-10-30 15:00:38,184:Processing Q9UH65 with model AF-Q9UH65-F1-model_v4.pdb
INFO:2025-10-30 15:00:38,364:Computing HSC features for: Q9UH65, ENST00000318950, ../Ntranos_Rotation/ESM-SaProt/AF-Q9UH65-F1-model_v4.pdb.gz
INFO:2025-10-30 15:01:28,495:Successfully computed HSC for Q9UH65.
INFO:2025-10-30 15:01:28,495:Processing Q9UH73 with model AF-Q9UH73-F1-model_v4.pdb
INFO:2025-10-30 15:01:28,665:Computing HSC features for: Q9UH73, ENST00000313708, ../Ntranos_Rotation/ESM-SaProt/AF-Q9UH73-F1-model_v4.pdb.gz
INFO:2025-10-30 15:02:37,620:Successfully computed HSC for Q9UH73.
INFO:2025-10-30 15:02:37,620:Processing Q9UH77 with model AF-Q9UH77-F1-model_v4.pdb
INFO:2025-10-30 15:02:37,780:Computing HSC features for: Q9UH77, ENST00000309755, ../Ntranos_Rotation/ESM-SaProt/AF-Q9UH77-F1-model_v4.pdb.gz
INFO:2025-10-30 15:03:38,989:Successfully computed HSC for Q9UH77.
INFO:2025-10-30 15:03:38,989:Processing Q9UH90 with model AF-Q9UH90-F1-model_v4.pdb
INFO:2025-10-30 15:03:39,164:Computing HSC features for: Q9UH90, ENST00000338040, ../Ntranos_Rotation/ESM-SaProt/AF-Q9UH90-F1-model_v4.pdb.gz
INFO:2025-10-30 15:04:39,767:Successfully computed HSC for Q9UH90.
INFO:2025-10-30 15:04:39,767:Processing Q9UH92 with model AF-Q9UH92-F1-model_v4.pdb
INFO:2025-10-30 15:04:39,838:Computing HSC features for: Q9UH92, ENST00000246912, ../Ntranos_Rotation/ESM-SaProt/AF-Q9UH92-F1-model_v4.pdb.gz
INFO:2025-10-30 15:05:14,129:Successfully computed HSC for Q9UH92.
INFO:2025-10-30 15:05:14,129:Processing Q9UH99 with model AF-Q9UH99-F1-model_v4.pdb
ERROR:2025-10-30 15:05:14,265:No transcript record found for Q9UH99 in gnomAD.
INFO:2025-10-30 15:05:14,265:Processing Q9UHA2 with model AF-Q9UHA2-F1-model_v4.pdb
INFO:2025-10-30 15:05:14,308:Computing HSC features for: Q9UHA2, ENST00000011691, ../Ntranos_Rotation/ESM-SaProt/AF-Q9UHA2-F1-model_v4.pdb.gz
INFO:2025-10-30 15:05:23,212:Successfully computed HSC for Q9UHA2.
INFO:2025-10-30 15:05:23,212:Processing Q9UHA3 with model AF-Q9UHA3-F1-model_v4.pdb
INFO:2025-10-30 15:05:23,496:Computing HSC features for: Q9UHA3, ENST00000260443, ../Ntranos_Rotation/ESM-SaProt/AF-Q9UHA3-F1-model_v4.pdb.gz
INFO:2025-10-30 15:05:39,489:Successfully computed HSC for Q9UHA3.
INFO:2025-10-30 15:05:39,489:Processing Q9UHA4 with model AF-Q9UHA4-F1-model_v4.pdb
INFO:2025-10-30 15:05:39,550:Computing HSC features for: Q9UHA4, ENST00000499666, ../Ntranos_Rotation/ESM-SaProt/AF-Q9UHA4-F1-model_v4.pdb.gz
INFO:2025-10-30 15:05:49,986:Successfully computed HSC for Q9UHA4.
INFO:2025-10-30 15:05:49,986:Processing Q9UHA7 with model AF-Q9UHA7-F1-model_v4.pdb
INFO:2025-10-30 15:05:50,073:Computing HSC features for: Q9UHA7, ENST00000259211, ../Ntranos_Rotation/ESM-SaProt/AF-Q9UHA7-F1-model_v4.pdb.gz
INFO:2025-10-30 15:06:05,310:Successfully computed HSC for Q9UHA7.
INFO:2025-10-30 15:06:05,310:Processing Q9UHB4 with model AF-Q9UHB4-F1-model_v4.pdb
ERROR:2025-10-30 15:06:05,461:No transcript record found for Q9UHB4 in gnomAD.
INFO:2025-10-30 15:06:05,461:Processing Q9UHB6 with model AF-Q9UHB6-F1-model_v4.pdb
INFO:2025-10-30 15:06:05,618:Computing HSC features for: Q9UHB6, ENST00000341247, ../Ntranos_Rotation/ESM-SaProt/AF-Q9UHB6-F1-model_v4.pdb.gz
INFO:2025-10-30 15:07:08,334:Successfully computed HSC for Q9UHB6.
INFO:2025-10-30 15:07:08,334:Processing Q9UHB7 with model AF-Q9UHB7-F1-model_v4.pdb
INFO:2025-10-30 15:07:08,552:Computing HSC features for: Q9UHB7, ENST00000265343, ../Ntranos_Rotation/ESM-SaProt/AF-Q9UHB7-F1-model_v4.pdb.gz
INFO:2025-10-30 15:08:43,653:Successfully computed HSC for Q9UHB7.
INFO:2025-10-30 15:08:43,653:Processing Q9UHB9 with model AF-Q9UHB9-F1-model_v4.pdb
INFO:2025-10-30 15:08:43,788:Computing HSC features for: Q9UHB9, ENST00000307877, ../Ntranos_Rotation/ESM-SaProt/AF-Q9UHB9-F1-model_v4.pdb.gz
INFO:2025-10-30 15:09:49,395:Successfully computed HSC for Q9UHB9.
INFO:2025-10-30 15:09:49,395:Processing Q9UHC1 with model AF-Q9UHC1-F1-model_v4.pdb
INFO:2025-10-30 15:09:49,685:Computing HSC features for: Q9UHC1, ENST00000355774, ../Ntranos_Rotation/ESM-SaProt/AF-Q9UHC1-F1-model_v4.pdb.gz
INFO:2025-10-30 15:11:41,038:Successfully computed HSC for Q9UHC1.
INFO:2025-10-30 15:11:41,038:Processing Q9UHC3 with model AF-Q9UHC3-F1-model_v4.pdb
INFO:2025-10-30 15:11:41,156:Computing HSC features for: Q9UHC3, ENST00000349064, ../Ntranos_Rotation/ESM-SaProt/AF-Q9UHC3-F1-model_v4.pdb.gz
INFO:2025-10-30 15:12:48,368:Successfully computed HSC for Q9UHC3.
INFO:2025-10-30 15:12:48,368:Processing Q9UHC6 with model AF-Q9UHC6-F1-model_v4.pdb
INFO:2025-10-30 15:12:48,624:Computing HSC features for: Q9UHC6, ENST00000361727, ../Ntranos_Rotation/ESM-SaProt/AF-Q9UHC6-F1-model_v4.pdb.gz
INFO:2025-10-30 15:14:56,436:Successfully computed HSC for Q9UHC6.
INFO:2025-10-30 15:14:56,436:Processing Q9UHC7 with model AF-Q9UHC7-F1-model_v4.pdb
INFO:2025-10-30 15:14:56,579:Computing HSC features for: Q9UHC7, ENST00000255977, ../Ntranos_Rotation/ESM-SaProt/AF-Q9UHC7-F1-model_v4.pdb.gz
INFO:2025-10-30 15:15:47,490:Successfully computed HSC for Q9UHC7.
INFO:2025-10-30 15:15:47,490:Processing Q9UHC9 with model AF-Q9UHC9-F1-model_v4.pdb
INFO:2025-10-30 15:15:47,875:Computing HSC features for: Q9UHC9, ENST00000289547, ../Ntranos_Rotation/ESM-SaProt/AF-Q9UHC9-F1-model_v4.pdb.gz
INFO:2025-10-30 15:18:07,577:Successfully computed HSC for Q9UHC9.
INFO:2025-10-30 15:18:07,577:Processing Q9UHD0 with model AF-Q9UHD0-F1-model_v4.pdb
INFO:2025-10-30 15:18:07,625:Computing HSC features for: Q9UHD0, ENST00000340758, ../Ntranos_Rotation/ESM-SaProt/AF-Q9UHD0-F1-model_v4.pdb.gz
INFO:2025-10-30 15:18:23,687:Successfully computed HSC for Q9UHD0.
INFO:2025-10-30 15:18:23,687:Processing Q9UHD1 with model AF-Q9UHD1-F1-model_v4.pdb
INFO:2025-10-30 15:18:23,783:Computing HSC features for: Q9UHD1, ENST00000320585, ../Ntranos_Rotation/ESM-SaProt/AF-Q9UHD1-F1-model_v4.pdb.gz
INFO:2025-10-30 15:18:49,271:Successfully computed HSC for Q9UHD1.
INFO:2025-10-30 15:18:49,271:Processing Q9UHD2 with model AF-Q9UHD2-F1-model_v4.pdb
INFO:2025-10-30 15:18:49,488:Computing HSC features for: Q9UHD2, ENST00000331710, ../Ntranos_Rotation/ESM-SaProt/AF-Q9UHD2-F1-model_v4.pdb.gz
INFO:2025-10-30 15:19:47,175:Successfully computed HSC for Q9UHD2.
INFO:2025-10-30 15:19:47,176:Processing Q9UHD4 with model AF-Q9UHD4-F1-model_v4.pdb
INFO:2025-10-30 15:19:47,286:Computing HSC features for: Q9UHD4, ENST00000258807, ../Ntranos_Rotation/ESM-SaProt/AF-Q9UHD4-F1-model_v4.pdb.gz
INFO:2025-10-30 15:20:09,306:Successfully computed HSC for Q9UHD4.
INFO:2025-10-30 15:20:09,306:Processing Q9UHD8 with model AF-Q9UHD8-F1-model_v4.pdb
INFO:2025-10-30 15:20:09,441:Computing HSC features for: Q9UHD8, ENST00000427177, ../Ntranos_Rotation/ESM-SaProt/AF-Q9UHD8-F1-model_v4.pdb.gz
INFO:2025-10-30 15:21:22,575:Successfully computed HSC for Q9UHD8.
INFO:2025-10-30 15:21:22,576:Processing Q9UHD9 with model AF-Q9UHD9-F1-model_v4.pdb
INFO:2025-10-30 15:21:22,731:Computing HSC features for: Q9UHD9, ENST00000338222, ../Ntranos_Rotation/ESM-SaProt/AF-Q9UHD9-F1-model_v4.pdb.gz
INFO:2025-10-30 15:22:26,644:Successfully computed HSC for Q9UHD9.
INFO:2025-10-30 15:22:26,644:Processing Q9UHE5 with model AF-Q9UHE5-F1-model_v4.pdb
ERROR:2025-10-30 15:22:26,722:No transcript record found for Q9UHE5 in gnomAD.
INFO:2025-10-30 15:22:26,722:Processing Q9UHE8 with model AF-Q9UHE8-F1-model_v4.pdb
INFO:2025-10-30 15:22:26,799:Computing HSC features for: Q9UHE8, ENST00000297205, ../Ntranos_Rotation/ESM-SaProt/AF-Q9UHE8-F1-model_v4.pdb.gz
INFO:2025-10-30 15:22:51,225:Successfully computed HSC for Q9UHE8.
INFO:2025-10-30 15:22:51,225:Processing Q9UHF0 with model AF-Q9UHF0-F1-model_v4.pdb
INFO:2025-10-30 15:22:51,268:Computing HSC features for: Q9UHF0, ENST00000415231, ../Ntranos_Rotation/ESM-SaProt/AF-Q9UHF0-F1-model_v4.pdb.gz
INFO:2025-10-30 15:23:02,670:Successfully computed HSC for Q9UHF0.
INFO:2025-10-30 15:23:02,670:Processing Q9UHF1 with model AF-Q9UHF1-F1-model_v4.pdb
INFO:2025-10-30 15:23:02,755:Computing HSC features for: Q9UHF1, ENST00000308874, ../Ntranos_Rotation/ESM-SaProt/AF-Q9UHF1-F1-model_v4.pdb.gz
INFO:2025-10-30 15:23:37,210:Successfully computed HSC for Q9UHF1.
INFO:2025-10-30 15:23:37,210:Processing Q9UHF3 with model AF-Q9UHF3-F1-model_v4.pdb
ERROR:2025-10-30 15:23:37,270:No ENST transcript IDs were mapped to Q9UHF3
INFO:2025-10-30 15:23:37,270:Processing Q9UHF4 with model AF-Q9UHF4-F1-model_v4.pdb
INFO:2025-10-30 15:23:37,397:Computing HSC features for: Q9UHF4, ENST00000316649, ../Ntranos_Rotation/ESM-SaProt/AF-Q9UHF4-F1-model_v4.pdb.gz
INFO:2025-10-30 15:24:30,971:Successfully computed HSC for Q9UHF4.
INFO:2025-10-30 15:24:30,971:Processing Q9UHF5 with model AF-Q9UHF5-F1-model_v4.pdb
INFO:2025-10-30 15:24:31,027:Computing HSC features for: Q9UHF5, ENST00000261796, ../Ntranos_Rotation/ESM-SaProt/AF-Q9UHF5-F1-model_v4.pdb.gz
INFO:2025-10-30 15:24:52,410:Successfully computed HSC for Q9UHF5.
INFO:2025-10-30 15:24:52,410:Processing Q9UHF7 with model AF-Q9UHF7-F1-model_v4.pdb
INFO:2025-10-30 15:24:52,712:Computing HSC features for: Q9UHF7, ENST00000220888, ../Ntranos_Rotation/ESM-SaProt/AF-Q9UHF7-F1-model_v4.pdb.gz
INFO:2025-10-30 15:26:42,813:Successfully computed HSC for Q9UHF7.
INFO:2025-10-30 15:26:42,813:Processing Q9UHG0 with model AF-Q9UHG0-F1-model_v4.pdb
INFO:2025-10-30 15:26:42,926:Computing HSC features for: Q9UHG0, ENST00000378454, ../Ntranos_Rotation/ESM-SaProt/AF-Q9UHG0-F1-model_v4.pdb.gz
INFO:2025-10-30 15:27:29,076:Successfully computed HSC for Q9UHG0.
INFO:2025-10-30 15:27:29,076:Processing Q9UHG2 with model AF-Q9UHG2-F1-model_v4.pdb
INFO:2025-10-30 15:27:29,154:Computing HSC features for: Q9UHG2, ENST00000218230, ../Ntranos_Rotation/ESM-SaProt/AF-Q9UHG2-F1-model_v4.pdb.gz
INFO:2025-10-30 15:28:22,528:Successfully computed HSC for Q9UHG2.
INFO:2025-10-30 15:28:22,528:Processing Q9UHG3 with model AF-Q9UHG3-F1-model_v4.pdb
INFO:2025-10-30 15:28:22,634:Computing HSC features for: Q9UHG3, ENST00000433351, ../Ntranos_Rotation/ESM-SaProt/AF-Q9UHG3-F1-model_v4.pdb.gz
INFO:2025-10-30 15:29:13,144:Successfully computed HSC for Q9UHG3.
INFO:2025-10-30 15:29:13,144:Processing Q9UHH9 with model AF-Q9UHH9-F1-model_v4.pdb
INFO:2025-10-30 15:29:13,258:Computing HSC features for: Q9UHH9, ENST00000328631, ../Ntranos_Rotation/ESM-SaProt/AF-Q9UHH9-F1-model_v4.pdb.gz
INFO:2025-10-30 15:29:55,308:Successfully computed HSC for Q9UHH9.
INFO:2025-10-30 15:29:55,309:Processing Q9UHI5 with model AF-Q9UHI5-F1-model_v4.pdb
INFO:2025-10-30 15:29:55,416:Computing HSC features for: Q9UHI5, ENST00000316902, ../Ntranos_Rotation/ESM-SaProt/AF-Q9UHI5-F1-model_v4.pdb.gz
INFO:2025-10-30 15:30:49,101:Successfully computed HSC for Q9UHI5.
INFO:2025-10-30 15:30:49,101:Processing Q9UHI6 with model AF-Q9UHI6-F1-model_v4.pdb
INFO:2025-10-30 15:30:49,260:Computing HSC features for: Q9UHI6, ENST00000369702, ../Ntranos_Rotation/ESM-SaProt/AF-Q9UHI6-F1-model_v4.pdb.gz
INFO:2025-10-30 15:32:02,776:Successfully computed HSC for Q9UHI6.
INFO:2025-10-30 15:32:02,776:Processing Q9UHI7 with model AF-Q9UHI7-F1-model_v4.pdb
INFO:2025-10-30 15:32:02,900:Computing HSC features for: Q9UHI7, ENST00000348729, ../Ntranos_Rotation/ESM-SaProt/AF-Q9UHI7-F1-model_v4.pdb.gz
INFO:2025-10-30 15:33:06,213:Successfully computed HSC for Q9UHI7.
INFO:2025-10-30 15:33:06,213:Processing Q9UHI8 with model AF-Q9UHI8-F1-model_v4.pdb
INFO:2025-10-30 15:33:06,480:Computing HSC features for: Q9UHI8, ENST00000284984, ../Ntranos_Rotation/ESM-SaProt/AF-Q9UHI8-F1-model_v4.pdb.gz
INFO:2025-10-30 15:35:00,895:Successfully computed HSC for Q9UHI8.
INFO:2025-10-30 15:35:00,896:Processing Q9UHJ3 with model AF-Q9UHJ3-F1-model_v4.pdb
INFO:2025-10-30 15:35:01,152:Computing HSC features for: Q9UHJ3, ENST00000394752, ../Ntranos_Rotation/ESM-SaProt/AF-Q9UHJ3-F1-model_v4.pdb.gz
INFO:2025-10-30 15:36:16,124:Successfully computed HSC for Q9UHJ3.
INFO:2025-10-30 15:36:16,124:Processing Q9UHJ6 with model AF-Q9UHJ6-F1-model_v4.pdb
INFO:2025-10-30 15:36:16,218:Computing HSC features for: Q9UHJ6, ENST00000225519, ../Ntranos_Rotation/ESM-SaProt/AF-Q9UHJ6-F1-model_v4.pdb.gz
INFO:2025-10-30 15:37:14,164:Successfully computed HSC for Q9UHJ6.
INFO:2025-10-30 15:37:14,164:Processing Q9UHJ9 with model AF-Q9UHJ9-F1-model_v4.pdb
INFO:2025-10-30 15:37:14,229:Computing HSC features for: Q9UHJ9, ENST00000463452, ../Ntranos_Rotation/ESM-SaProt/AF-Q9UHJ9-F1-model_v4.pdb.gz
INFO:2025-10-30 15:37:45,423:Successfully computed HSC for Q9UHJ9.
INFO:2025-10-30 15:37:45,423:Processing Q9UHK0 with model AF-Q9UHK0-F1-model_v4.pdb
INFO:2025-10-30 15:37:45,544:Computing HSC features for: Q9UHK0, ENST00000379161, ../Ntranos_Rotation/ESM-SaProt/AF-Q9UHK0-F1-model_v4.pdb.gz
INFO:2025-10-30 15:38:32,556:Successfully computed HSC for Q9UHK0.
INFO:2025-10-30 15:38:32,556:Processing Q9UHK6 with model AF-Q9UHK6-F1-model_v4.pdb
INFO:2025-10-30 15:38:32,655:Computing HSC features for: Q9UHK6, ENST00000335606, ../Ntranos_Rotation/ESM-SaProt/AF-Q9UHK6-F1-model_v4.pdb.gz
INFO:2025-10-30 15:39:15,686:Successfully computed HSC for Q9UHK6.
INFO:2025-10-30 15:39:15,686:Processing Q9UHL0 with model AF-Q9UHL0-F1-model_v4.pdb
INFO:2025-10-30 15:39:15,801:Computing HSC features for: Q9UHL0, ENST00000263576, ../Ntranos_Rotation/ESM-SaProt/AF-Q9UHL0-F1-model_v4.pdb.gz
INFO:2025-10-30 15:40:01,459:Successfully computed HSC for Q9UHL0.
INFO:2025-10-30 15:40:01,459:Processing Q9UHL3 with model AF-Q9UHL3-F1-model_v4.pdb
ERROR:2025-10-30 15:40:01,561:No transcript record found for Q9UHL3 in gnomAD.
INFO:2025-10-30 15:40:01,561:Pipeline completed.
INFO:2025-10-30 15:40:01,561:no_enst_for_uniprot: 2
INFO:2025-10-30 15:40:01,561:no_valid_cds: 0
INFO:2025-10-30 15:40:01,561:no_variant_data: 4
INFO:2025-10-30 15:40:01,561:bad_structure: 0
INFO:2025-10-30 15:40:01,561:no_enst_mp: 0
