INFO:2025-10-30 14:27:03,540:Starting HSC computation pipeline...
INFO:2025-10-30 14:28:08,166:Processing Q9BXA5 with model AF-Q9BXA5-F1-model_v4.pdb
INFO:2025-10-30 14:28:08,256:Computing HSC features for: Q9BXA5, ENST00000362032, ../Ntranos_Rotation/ESM-SaProt/AF-Q9BXA5-F1-model_v4.pdb.gz
INFO:2025-10-30 14:28:44,944:Successfully computed HSC for Q9BXA5.
INFO:2025-10-30 14:28:44,944:Processing Q9BXA6 with model AF-Q9BXA6-F1-model_v4.pdb
INFO:2025-10-30 14:28:45,030:Computing HSC features for: Q9BXA6, ENST00000585580, ../Ntranos_Rotation/ESM-SaProt/AF-Q9BXA6-F1-model_v4.pdb.gz
INFO:2025-10-30 14:29:30,599:Successfully computed HSC for Q9BXA6.
INFO:2025-10-30 14:29:30,599:Processing Q9BXA7 with model AF-Q9BXA7-F1-model_v4.pdb
INFO:2025-10-30 14:29:30,677:Computing HSC features for: Q9BXA7, ENST00000390666, ../Ntranos_Rotation/ESM-SaProt/AF-Q9BXA7-F1-model_v4.pdb.gz
INFO:2025-10-30 14:30:09,820:Successfully computed HSC for Q9BXA7.
INFO:2025-10-30 14:30:09,820:Processing Q9BXA9 with model AF-Q9BXA9-F1-model_v4.pdb
INFO:2025-10-30 14:30:10,090:Computing HSC features for: Q9BXA9, ENST00000537592, ../Ntranos_Rotation/ESM-SaProt/AF-Q9BXA9-F1-model_v4.pdb.gz
INFO:2025-10-30 14:34:01,761:Successfully computed HSC for Q9BXA9.
INFO:2025-10-30 14:34:01,761:Processing Q9BXB1 with model AF-Q9BXB1-F1-model_v4.pdb
INFO:2025-10-30 14:34:01,984:Computing HSC features for: Q9BXB1, ENST00000379214, ../Ntranos_Rotation/ESM-SaProt/AF-Q9BXB1-F1-model_v4.pdb.gz
INFO:2025-10-30 14:35:19,387:Successfully computed HSC for Q9BXB1.
INFO:2025-10-30 14:35:19,387:Processing Q9BXB4 with model AF-Q9BXB4-F1-model_v4.pdb
INFO:2025-10-30 14:35:19,590:Computing HSC features for: Q9BXB4, ENST00000296220, ../Ntranos_Rotation/ESM-SaProt/AF-Q9BXB4-F1-model_v4.pdb.gz
INFO:2025-10-30 14:36:14,595:Successfully computed HSC for Q9BXB4.
INFO:2025-10-30 14:36:14,595:Processing Q9BXB5 with model AF-Q9BXB5-F1-model_v4.pdb
INFO:2025-10-30 14:36:14,730:Computing HSC features for: Q9BXB5, ENST00000396556, ../Ntranos_Rotation/ESM-SaProt/AF-Q9BXB5-F1-model_v4.pdb.gz
INFO:2025-10-30 14:37:33,921:Successfully computed HSC for Q9BXB5.
INFO:2025-10-30 14:37:33,921:Processing Q9BXB7 with model AF-Q9BXB7-F1-model_v4.pdb
INFO:2025-10-30 14:37:34,100:Computing HSC features for: Q9BXB7, ENST00000351008, ../Ntranos_Rotation/ESM-SaProt/AF-Q9BXB7-F1-model_v4.pdb.gz
INFO:2025-10-30 14:38:20,863:Successfully computed HSC for Q9BXB7.
INFO:2025-10-30 14:38:20,863:Processing Q9BXC0 with model AF-Q9BXC0-F1-model_v4.pdb
INFO:2025-10-30 14:38:20,957:Computing HSC features for: Q9BXC0, ENST00000432564, ../Ntranos_Rotation/ESM-SaProt/AF-Q9BXC0-F1-model_v4.pdb.gz
INFO:2025-10-30 14:38:55,042:Successfully computed HSC for Q9BXC0.
INFO:2025-10-30 14:38:55,042:Processing Q9BXC1 with model AF-Q9BXC1-F1-model_v4.pdb
ERROR:2025-10-30 14:38:55,122:No transcript record found for Q9BXC1 in gnomAD.
INFO:2025-10-30 14:38:55,122:Processing Q9BXC9 with model AF-Q9BXC9-F1-model_v4.pdb
INFO:2025-10-30 14:38:55,269:Computing HSC features for: Q9BXC9, ENST00000245157, ../Ntranos_Rotation/ESM-SaProt/AF-Q9BXC9-F1-model_v4.pdb.gz
INFO:2025-10-30 14:40:04,695:Successfully computed HSC for Q9BXC9.
INFO:2025-10-30 14:40:04,696:Processing Q9BXD5 with model AF-Q9BXD5-F1-model_v4.pdb
INFO:2025-10-30 14:40:04,800:Computing HSC features for: Q9BXD5, ENST00000258317, ../Ntranos_Rotation/ESM-SaProt/AF-Q9BXD5-F1-model_v4.pdb.gz
INFO:2025-10-30 14:40:29,067:Successfully computed HSC for Q9BXD5.
INFO:2025-10-30 14:40:29,068:Processing Q9BXE9 with model AF-Q9BXE9-F1-model_v4.pdb
ERROR:2025-10-30 14:40:29,166:No ENST transcript IDs were mapped to Q9BXE9
INFO:2025-10-30 14:40:29,166:Processing Q9BXF3 with model AF-Q9BXF3-F1-model_v4.pdb
INFO:2025-10-30 14:40:29,500:Computing HSC features for: Q9BXF3, ENST00000342247, ../Ntranos_Rotation/ESM-SaProt/AF-Q9BXF3-F1-model_v4.pdb.gz
INFO:2025-10-30 14:42:55,638:Successfully computed HSC for Q9BXF3.
INFO:2025-10-30 14:42:55,638:Processing Q9BXF6 with model AF-Q9BXF6-F1-model_v4.pdb
INFO:2025-10-30 14:42:55,789:Computing HSC features for: Q9BXF6, ENST00000258098, ../Ntranos_Rotation/ESM-SaProt/AF-Q9BXF6-F1-model_v4.pdb.gz
INFO:2025-10-30 14:44:10,727:Successfully computed HSC for Q9BXF6.
INFO:2025-10-30 14:44:10,727:Processing Q9BXF9 with model AF-Q9BXF9-F1-model_v4.pdb
INFO:2025-10-30 14:44:10,887:Computing HSC features for: Q9BXF9, ENST00000338696, ../Ntranos_Rotation/ESM-SaProt/AF-Q9BXF9-F1-model_v4.pdb.gz
INFO:2025-10-30 14:44:54,073:Successfully computed HSC for Q9BXF9.
INFO:2025-10-30 14:44:54,073:Processing Q9BXG8 with model AF-Q9BXG8-F1-model_v4.pdb
INFO:2025-10-30 14:44:54,171:Computing HSC features for: Q9BXG8, ENST00000296739, ../Ntranos_Rotation/ESM-SaProt/AF-Q9BXG8-F1-model_v4.pdb.gz
INFO:2025-10-30 14:45:22,658:Successfully computed HSC for Q9BXG8.
INFO:2025-10-30 14:45:22,658:Processing Q9BXI2 with model AF-Q9BXI2-F1-model_v4.pdb
INFO:2025-10-30 14:45:22,750:Computing HSC features for: Q9BXI2, ENST00000239451, ../Ntranos_Rotation/ESM-SaProt/AF-Q9BXI2-F1-model_v4.pdb.gz
INFO:2025-10-30 14:45:49,708:Successfully computed HSC for Q9BXI2.
INFO:2025-10-30 14:45:49,709:Processing Q9BXI3 with model AF-Q9BXI3-F1-model_v4.pdb
INFO:2025-10-30 14:45:49,799:Computing HSC features for: Q9BXI3, ENST00000235628, ../Ntranos_Rotation/ESM-SaProt/AF-Q9BXI3-F1-model_v4.pdb.gz
INFO:2025-10-30 14:46:30,962:Successfully computed HSC for Q9BXI3.
INFO:2025-10-30 14:46:30,963:Processing Q9BXI6 with model AF-Q9BXI6-F1-model_v4.pdb
INFO:2025-10-30 14:46:31,056:Computing HSC features for: Q9BXI6, ENST00000215790, ../Ntranos_Rotation/ESM-SaProt/AF-Q9BXI6-F1-model_v4.pdb.gz
INFO:2025-10-30 14:47:34,751:Successfully computed HSC for Q9BXI6.
INFO:2025-10-30 14:47:34,751:Processing Q9BXI9 with model AF-Q9BXI9-F1-model_v4.pdb
INFO:2025-10-30 14:47:34,837:Computing HSC features for: Q9BXI9, ENST00000337843, ../Ntranos_Rotation/ESM-SaProt/AF-Q9BXI9-F1-model_v4.pdb.gz
INFO:2025-10-30 14:48:04,529:Successfully computed HSC for Q9BXI9.
INFO:2025-10-30 14:48:04,529:Processing Q9BXJ0 with model AF-Q9BXJ0-F1-model_v4.pdb
INFO:2025-10-30 14:48:04,607:Computing HSC features for: Q9BXJ0, ENST00000528368, ../Ntranos_Rotation/ESM-SaProt/AF-Q9BXJ0-F1-model_v4.pdb.gz
INFO:2025-10-30 14:48:39,053:Successfully computed HSC for Q9BXJ0.
INFO:2025-10-30 14:48:39,053:Processing Q9BXJ1 with model AF-Q9BXJ1-F1-model_v4.pdb
INFO:2025-10-30 14:48:39,108:Computing HSC features for: Q9BXJ1, ENST00000354124, ../Ntranos_Rotation/ESM-SaProt/AF-Q9BXJ1-F1-model_v4.pdb.gz
INFO:2025-10-30 14:49:08,976:Successfully computed HSC for Q9BXJ1.
INFO:2025-10-30 14:49:08,976:Processing Q9BXJ2 with model AF-Q9BXJ2-F1-model_v4.pdb
INFO:2025-10-30 14:49:09,045:Computing HSC features for: Q9BXJ2, ENST00000429690, ../Ntranos_Rotation/ESM-SaProt/AF-Q9BXJ2-F1-model_v4.pdb.gz
INFO:2025-10-30 14:49:32,380:Successfully computed HSC for Q9BXJ2.
INFO:2025-10-30 14:49:32,380:Processing Q9BXJ3 with model AF-Q9BXJ3-F1-model_v4.pdb
INFO:2025-10-30 14:49:32,463:Computing HSC features for: Q9BXJ3, ENST00000302514, ../Ntranos_Rotation/ESM-SaProt/AF-Q9BXJ3-F1-model_v4.pdb.gz
INFO:2025-10-30 14:50:30,116:Successfully computed HSC for Q9BXJ3.
INFO:2025-10-30 14:50:30,116:Processing Q9BXJ4 with model AF-Q9BXJ4-F1-model_v4.pdb
INFO:2025-10-30 14:50:30,303:Computing HSC features for: Q9BXJ4, ENST00000231338, ../Ntranos_Rotation/ESM-SaProt/AF-Q9BXJ4-F1-model_v4.pdb.gz
INFO:2025-10-30 14:50:48,387:Successfully computed HSC for Q9BXJ4.
INFO:2025-10-30 14:50:48,387:Processing Q9BXJ5 with model AF-Q9BXJ5-F1-model_v4.pdb
ERROR:2025-10-30 14:50:48,443:No transcript record found for Q9BXJ5 in gnomAD.
INFO:2025-10-30 14:50:48,443:Processing Q9BXJ7 with model AF-Q9BXJ7-F1-model_v4.pdb
INFO:2025-10-30 14:50:48,532:Computing HSC features for: Q9BXJ7, ENST00000299155, ../Ntranos_Rotation/ESM-SaProt/AF-Q9BXJ7-F1-model_v4.pdb.gz
INFO:2025-10-30 14:52:09,591:Successfully computed HSC for Q9BXJ7.
INFO:2025-10-30 14:52:09,592:Processing Q9BXJ8 with model AF-Q9BXJ8-F1-model_v4.pdb
ERROR:2025-10-30 14:52:09,710:No transcript record found for Q9BXJ8 in gnomAD.
INFO:2025-10-30 14:52:09,710:Processing Q9BXJ9 with model AF-Q9BXJ9-F1-model_v4.pdb
INFO:2025-10-30 14:52:09,910:Computing HSC features for: Q9BXJ9, ENST00000296543, ../Ntranos_Rotation/ESM-SaProt/AF-Q9BXJ9-F1-model_v4.pdb.gz
INFO:2025-10-30 14:53:05,761:Successfully computed HSC for Q9BXJ9.
INFO:2025-10-30 14:53:05,761:Processing Q9BXK1 with model AF-Q9BXK1-F1-model_v4.pdb
INFO:2025-10-30 14:53:05,826:Computing HSC features for: Q9BXK1, ENST00000250916, ../Ntranos_Rotation/ESM-SaProt/AF-Q9BXK1-F1-model_v4.pdb.gz
INFO:2025-10-30 14:53:55,040:Successfully computed HSC for Q9BXK1.
INFO:2025-10-30 14:53:55,040:Processing Q9BXK5 with model AF-Q9BXK5-F1-model_v4.pdb
INFO:2025-10-30 14:53:55,176:Computing HSC features for: Q9BXK5, ENST00000317582, ../Ntranos_Rotation/ESM-SaProt/AF-Q9BXK5-F1-model_v4.pdb.gz
INFO:2025-10-30 14:54:34,889:Successfully computed HSC for Q9BXK5.
INFO:2025-10-30 14:54:34,889:Processing Q9BXL5 with model AF-Q9BXL5-F1-model_v4.pdb
INFO:2025-10-30 14:54:34,971:Computing HSC features for: Q9BXL5, ENST00000259456, ../Ntranos_Rotation/ESM-SaProt/AF-Q9BXL5-F1-model_v4.pdb.gz
INFO:2025-10-30 14:55:04,502:Successfully computed HSC for Q9BXL5.
INFO:2025-10-30 14:55:04,502:Processing Q9BXL6 with model AF-Q9BXL6-F1-model_v4.pdb
ERROR:2025-10-30 14:55:04,722:No transcript record found for Q9BXL6 in gnomAD.
INFO:2025-10-30 14:55:04,723:Processing Q9BXL7 with model AF-Q9BXL7-F1-model_v4.pdb
INFO:2025-10-30 14:55:04,955:Computing HSC features for: Q9BXL7, ENST00000396946, ../Ntranos_Rotation/ESM-SaProt/AF-Q9BXL7-F1-model_v4.pdb.gz
INFO:2025-10-30 14:57:09,862:Successfully computed HSC for Q9BXL7.
INFO:2025-10-30 14:57:09,863:Processing Q9BXL8 with model AF-Q9BXL8-F1-model_v4.pdb
INFO:2025-10-30 14:57:09,949:Computing HSC features for: Q9BXL8, ENST00000336219, ../Ntranos_Rotation/ESM-SaProt/AF-Q9BXL8-F1-model_v4.pdb.gz
INFO:2025-10-30 14:57:35,314:Successfully computed HSC for Q9BXL8.
INFO:2025-10-30 14:57:35,314:Processing Q9BXM0 with model AF-Q9BXM0-F1-model_v4.pdb
INFO:2025-10-30 14:57:35,574:Computing HSC features for: Q9BXM0, ENST00000324001, ../Ntranos_Rotation/ESM-SaProt/AF-Q9BXM0-F1-model_v4.pdb.gz
INFO:2025-10-30 15:00:05,590:Successfully computed HSC for Q9BXM0.
INFO:2025-10-30 15:00:05,590:Processing Q9BXM7 with model AF-Q9BXM7-F1-model_v4.pdb
INFO:2025-10-30 15:00:05,720:Computing HSC features for: Q9BXM7, ENST00000321556, ../Ntranos_Rotation/ESM-SaProt/AF-Q9BXM7-F1-model_v4.pdb.gz
INFO:2025-10-30 15:01:14,586:Successfully computed HSC for Q9BXM7.
INFO:2025-10-30 15:01:14,586:Processing Q9BXM9 with model AF-Q9BXM9-F1-model_v4.pdb
INFO:2025-10-30 15:01:14,731:Computing HSC features for: Q9BXM9, ENST00000481272, ../Ntranos_Rotation/ESM-SaProt/AF-Q9BXM9-F1-model_v4.pdb.gz
INFO:2025-10-30 15:01:54,737:Successfully computed HSC for Q9BXM9.
INFO:2025-10-30 15:01:54,738:Processing Q9BXN1 with model AF-Q9BXN1-F1-model_v4.pdb
INFO:2025-10-30 15:01:54,861:Computing HSC features for: Q9BXN1, ENST00000375544, ../Ntranos_Rotation/ESM-SaProt/AF-Q9BXN1-F1-model_v4.pdb.gz
INFO:2025-10-30 15:02:21,531:Successfully computed HSC for Q9BXN1.
INFO:2025-10-30 15:02:21,532:Processing Q9BXN2 with model AF-Q9BXN2-F1-model_v4.pdb
INFO:2025-10-30 15:02:21,606:Computing HSC features for: Q9BXN2, ENST00000304084, ../Ntranos_Rotation/ESM-SaProt/AF-Q9BXN2-F1-model_v4.pdb.gz
INFO:2025-10-30 15:02:51,677:Successfully computed HSC for Q9BXN2.
INFO:2025-10-30 15:02:51,677:Processing Q9BXN6 with model AF-Q9BXN6-F1-model_v4.pdb
INFO:2025-10-30 15:02:51,717:Computing HSC features for: Q9BXN6, ENST00000370515, ../Ntranos_Rotation/ESM-SaProt/AF-Q9BXN6-F1-model_v4.pdb.gz
INFO:2025-10-30 15:03:02,621:Successfully computed HSC for Q9BXN6.
INFO:2025-10-30 15:03:02,621:Processing Q9BXP2 with model AF-Q9BXP2-F1-model_v4.pdb
INFO:2025-10-30 15:03:02,753:Computing HSC features for: Q9BXP2, ENST00000354161, ../Ntranos_Rotation/ESM-SaProt/AF-Q9BXP2-F1-model_v4.pdb.gz
INFO:2025-10-30 15:04:46,382:Successfully computed HSC for Q9BXP2.
INFO:2025-10-30 15:04:46,383:Processing Q9BXP5 with model AF-Q9BXP5-F1-model_v4.pdb
ERROR:2025-10-30 15:04:46,535:No transcript record found for Q9BXP5 in gnomAD.
INFO:2025-10-30 15:04:46,535:Processing Q9BXP8 with model AF-Q9BXP8-F1-model_v4.pdb
INFO:2025-10-30 15:04:46,842:Computing HSC features for: Q9BXP8, ENST00000367662, ../Ntranos_Rotation/ESM-SaProt/AF-Q9BXP8-F1-model_v4.pdb.gz
INFO:2025-10-30 15:07:24,015:Successfully computed HSC for Q9BXP8.
INFO:2025-10-30 15:07:24,015:Processing Q9BXQ6 with model AF-Q9BXQ6-F1-model_v4.pdb
INFO:2025-10-30 15:07:24,136:Computing HSC features for: Q9BXQ6, ENST00000331437, ../Ntranos_Rotation/ESM-SaProt/AF-Q9BXQ6-F1-model_v4.pdb.gz
INFO:2025-10-30 15:08:59,945:Successfully computed HSC for Q9BXQ6.
INFO:2025-10-30 15:08:59,945:Processing Q9BXR0 with model AF-Q9BXR0-F1-model_v4.pdb
INFO:2025-10-30 15:09:00,054:Computing HSC features for: Q9BXR0, ENST00000250237, ../Ntranos_Rotation/ESM-SaProt/AF-Q9BXR0-F1-model_v4.pdb.gz
INFO:2025-10-30 15:09:50,817:Successfully computed HSC for Q9BXR0.
INFO:2025-10-30 15:09:50,817:Processing Q9BXR3 with model AF-Q9BXR3-F1-model_v4.pdb
ERROR:2025-10-30 15:09:51,043:No ENST transcript IDs were mapped to Q9BXR3
INFO:2025-10-30 15:09:51,044:Processing Q9BXR5 with model AF-Q9BXR5-F1-model_v4.pdb
INFO:2025-10-30 15:09:51,236:Computing HSC features for: Q9BXR5, ENST00000308973, ../Ntranos_Rotation/ESM-SaProt/AF-Q9BXR5-F1-model_v4.pdb.gz
INFO:2025-10-30 15:11:20,883:Successfully computed HSC for Q9BXR5.
INFO:2025-10-30 15:11:20,884:Processing Q9BXR6 with model AF-Q9BXR6-F1-model_v4.pdb
ERROR:2025-10-30 15:11:21,021:No transcript record found for Q9BXR6 in gnomAD.
INFO:2025-10-30 15:11:21,022:Pipeline completed.
INFO:2025-10-30 15:11:21,022:no_enst_for_uniprot: 2
INFO:2025-10-30 15:11:21,022:no_valid_cds: 0
INFO:2025-10-30 15:11:21,022:no_variant_data: 6
INFO:2025-10-30 15:11:21,022:bad_structure: 0
INFO:2025-10-30 15:11:21,022:no_enst_mp: 0
