INFO:2025-10-30 14:26:02,907:Starting HSC computation pipeline...
INFO:2025-10-30 14:27:08,675:Processing Q8IVF1 with model AF-Q8IVF1-F1-model_v4.pdb
INFO:2025-10-30 14:27:08,852:Computing HSC features for: Q8IVF1, ENST00000381707, ../Ntranos_Rotation/ESM-SaProt/AF-Q8IVF1-F1-model_v4.pdb.gz
INFO:2025-10-30 14:29:18,294:Successfully computed HSC for Q8IVF1.
INFO:2025-10-30 14:29:18,294:Processing Q8IVF2 with model AF-Q8IVF2-F1-model_v4.pdb
ERROR:2025-10-30 14:29:18,501:No valid CDS found for Q8IVF2
INFO:2025-10-30 14:29:18,501:Processing Q8IVF4 with model AF-Q8IVF4-F1-model_v4.pdb
ERROR:2025-10-30 14:29:18,712:No valid CDS found for Q8IVF4
INFO:2025-10-30 14:29:18,712:Processing Q8IVF5 with model AF-Q8IVF5-F1-model_v4.pdb
INFO:2025-10-30 14:29:18,959:Computing HSC features for: Q8IVF5, ENST00000461783, ../Ntranos_Rotation/ESM-SaProt/AF-Q8IVF5-F1-model_v4.pdb.gz
INFO:2025-10-30 14:32:38,290:Successfully computed HSC for Q8IVF5.
INFO:2025-10-30 14:32:38,291:Processing Q8IVF6 with model AF-Q8IVF6-F1-model_v4.pdb
INFO:2025-10-30 14:32:38,527:Computing HSC features for: Q8IVF6, ENST00000399703, ../Ntranos_Rotation/ESM-SaProt/AF-Q8IVF6-F1-model_v4.pdb.gz
INFO:2025-10-30 14:34:12,979:Successfully computed HSC for Q8IVF6.
INFO:2025-10-30 14:34:12,979:Processing Q8IVF7 with model AF-Q8IVF7-F1-model_v4.pdb
ERROR:2025-10-30 14:34:13,157:No valid CDS found for Q8IVF7
INFO:2025-10-30 14:34:13,157:Processing Q8IVG5 with model AF-Q8IVG5-F1-model_v4.pdb
ERROR:2025-10-30 14:34:13,380:No transcript record found for Q8IVG5 in gnomAD.
INFO:2025-10-30 14:34:13,380:Processing Q8IVG9 with model AF-Q8IVG9-F1-model_v4.pdb
ERROR:2025-10-30 14:34:13,416:No ENST transcript IDs were mapped to Q8IVG9
INFO:2025-10-30 14:34:13,416:Processing Q8IVH2 with model AF-Q8IVH2-F1-model_v4.pdb
ERROR:2025-10-30 14:34:13,517:No transcript record found for Q8IVH2 in gnomAD.
INFO:2025-10-30 14:34:13,517:Processing Q8IVH4 with model AF-Q8IVH4-F1-model_v4.pdb
INFO:2025-10-30 14:34:13,979:Computing HSC features for: Q8IVH4, ENST00000541599, ../Ntranos_Rotation/ESM-SaProt/AF-Q8IVH4-F1-model_v4.pdb.gz
INFO:2025-10-30 14:34:54,133:Successfully computed HSC for Q8IVH4.
INFO:2025-10-30 14:34:54,133:Processing Q8IVH8 with model AF-Q8IVH8-F1-model_v4.pdb
INFO:2025-10-30 14:34:54,275:Computing HSC features for: Q8IVH8, ENST00000263881, ../Ntranos_Rotation/ESM-SaProt/AF-Q8IVH8-F1-model_v4.pdb.gz
INFO:2025-10-30 14:36:14,298:Successfully computed HSC for Q8IVH8.
INFO:2025-10-30 14:36:14,298:Processing Q8IVI9 with model AF-Q8IVI9-F1-model_v4.pdb
INFO:2025-10-30 14:36:14,503:Computing HSC features for: Q8IVI9, ENST00000317647, ../Ntranos_Rotation/ESM-SaProt/AF-Q8IVI9-F1-model_v4.pdb.gz
INFO:2025-10-30 14:37:02,324:Successfully computed HSC for Q8IVI9.
INFO:2025-10-30 14:37:02,324:Processing Q8IVJ1 with model AF-Q8IVJ1-F1-model_v4.pdb
INFO:2025-10-30 14:37:02,485:Computing HSC features for: Q8IVJ1, ENST00000367137, ../Ntranos_Rotation/ESM-SaProt/AF-Q8IVJ1-F1-model_v4.pdb.gz
INFO:2025-10-30 14:38:15,988:Successfully computed HSC for Q8IVJ1.
INFO:2025-10-30 14:38:15,988:Processing Q8IVJ8 with model AF-Q8IVJ8-F1-model_v4.pdb
ERROR:2025-10-30 14:38:16,048:No ENST transcript IDs were mapped to Q8IVJ8
INFO:2025-10-30 14:38:16,048:Processing Q8IVK1 with model AF-Q8IVK1-F1-model_v4.pdb
ERROR:2025-10-30 14:38:16,080:No ENST transcript IDs were mapped to Q8IVK1
INFO:2025-10-30 14:38:16,080:Processing Q8IVL0 with model AF-Q8IVL0-F1-model_v4.pdb
INFO:2025-10-30 14:38:16,551:Computing HSC features for: Q8IVL0, ENST00000397909, ../Ntranos_Rotation/ESM-SaProt/AF-Q8IVL0-F1-model_v4.pdb.gz
INFO:2025-10-30 14:42:22,019:Successfully computed HSC for Q8IVL0.
INFO:2025-10-30 14:42:22,019:Processing Q8IVL1 with model AF-Q8IVL1-F1-model_v4.pdb
INFO:2025-10-30 14:42:22,304:Computing HSC features for: Q8IVL1, ENST00000396087, ../Ntranos_Rotation/ESM-SaProt/AF-Q8IVL1-F1-model_v4.pdb.gz
INFO:2025-10-30 14:47:15,601:Successfully computed HSC for Q8IVL1.
INFO:2025-10-30 14:47:15,601:Processing Q8IVL5 with model AF-Q8IVL5-F1-model_v4.pdb
INFO:2025-10-30 14:47:16,029:Computing HSC features for: Q8IVL5, ENST00000319332, ../Ntranos_Rotation/ESM-SaProt/AF-Q8IVL5-F1-model_v4.pdb.gz
INFO:2025-10-30 14:48:58,619:Successfully computed HSC for Q8IVL5.
INFO:2025-10-30 14:48:58,619:Processing Q8IVL6 with model AF-Q8IVL6-F1-model_v4.pdb
ERROR:2025-10-30 14:48:58,779:No transcript record found for Q8IVL6 in gnomAD.
INFO:2025-10-30 14:48:58,779:Processing Q8IVL8 with model AF-Q8IVL8-F1-model_v4.pdb
INFO:2025-10-30 14:48:59,581:Computing HSC features for: Q8IVL8, ENST00000272852, ../Ntranos_Rotation/ESM-SaProt/AF-Q8IVL8-F1-model_v4.pdb.gz
INFO:2025-10-30 14:49:43,197:Successfully computed HSC for Q8IVL8.
INFO:2025-10-30 14:49:43,197:Processing Q8IVM0 with model AF-Q8IVM0-F1-model_v4.pdb
INFO:2025-10-30 14:49:43,252:Computing HSC features for: Q8IVM0, ENST00000392456, ../Ntranos_Rotation/ESM-SaProt/AF-Q8IVM0-F1-model_v4.pdb.gz
INFO:2025-10-30 14:50:18,679:Successfully computed HSC for Q8IVM0.
INFO:2025-10-30 14:50:18,679:Processing Q8IVM8 with model AF-Q8IVM8-F1-model_v4.pdb
INFO:2025-10-30 14:50:18,819:Computing HSC features for: Q8IVM8, ENST00000279178, ../Ntranos_Rotation/ESM-SaProt/AF-Q8IVM8-F1-model_v4.pdb.gz
INFO:2025-10-30 14:51:11,180:Successfully computed HSC for Q8IVM8.
INFO:2025-10-30 14:51:11,181:Processing Q8IVN3 with model AF-Q8IVN3-F1-model_v4.pdb
INFO:2025-10-30 14:51:11,224:Computing HSC features for: Q8IVN3, ENST00000446157, ../Ntranos_Rotation/ESM-SaProt/AF-Q8IVN3-F1-model_v4.pdb.gz
INFO:2025-10-30 14:51:30,483:Successfully computed HSC for Q8IVN3.
INFO:2025-10-30 14:51:30,483:Processing Q8IVN8 with model AF-Q8IVN8-F1-model_v4.pdb
INFO:2025-10-30 14:51:30,562:Computing HSC features for: Q8IVN8, ENST00000297354, ../Ntranos_Rotation/ESM-SaProt/AF-Q8IVN8-F1-model_v4.pdb.gz
INFO:2025-10-30 14:52:28,580:Successfully computed HSC for Q8IVN8.
INFO:2025-10-30 14:52:28,581:Processing Q8IVP5 with model AF-Q8IVP5-F1-model_v4.pdb
INFO:2025-10-30 14:52:28,630:Computing HSC features for: Q8IVP5, ENST00000378045, ../Ntranos_Rotation/ESM-SaProt/AF-Q8IVP5-F1-model_v4.pdb.gz
INFO:2025-10-30 14:52:43,885:Successfully computed HSC for Q8IVP5.
INFO:2025-10-30 14:52:43,885:Processing Q8IVP9 with model AF-Q8IVP9-F1-model_v4.pdb
INFO:2025-10-30 14:52:43,998:Computing HSC features for: Q8IVP9, ENST00000282282, ../Ntranos_Rotation/ESM-SaProt/AF-Q8IVP9-F1-model_v4.pdb.gz
INFO:2025-10-30 14:53:28,827:Successfully computed HSC for Q8IVP9.
INFO:2025-10-30 14:53:28,827:Processing Q8IVQ6 with model AF-Q8IVQ6-F1-model_v4.pdb
INFO:2025-10-30 14:53:28,886:Computing HSC features for: Q8IVQ6, ENST00000380916, ../Ntranos_Rotation/ESM-SaProt/AF-Q8IVQ6-F1-model_v4.pdb.gz
INFO:2025-10-30 14:53:59,195:Successfully computed HSC for Q8IVQ6.
INFO:2025-10-30 14:53:59,196:Processing Q8IVS2 with model AF-Q8IVS2-F1-model_v4.pdb
INFO:2025-10-30 14:53:59,278:Computing HSC features for: Q8IVS2, ENST00000290429, ../Ntranos_Rotation/ESM-SaProt/AF-Q8IVS2-F1-model_v4.pdb.gz
INFO:2025-10-30 14:55:00,507:Successfully computed HSC for Q8IVS2.
INFO:2025-10-30 14:55:00,507:Processing Q8IVS8 with model AF-Q8IVS8-F1-model_v4.pdb
INFO:2025-10-30 14:55:00,600:Computing HSC features for: Q8IVS8, ENST00000436784, ../Ntranos_Rotation/ESM-SaProt/AF-Q8IVS8-F1-model_v4.pdb.gz
INFO:2025-10-30 14:56:02,829:Successfully computed HSC for Q8IVS8.
INFO:2025-10-30 14:56:02,830:Processing Q8IVT2 with model AF-Q8IVT2-F1-model_v4.pdb
INFO:2025-10-30 14:56:02,948:Computing HSC features for: Q8IVT2, ENST00000215582, ../Ntranos_Rotation/ESM-SaProt/AF-Q8IVT2-F1-model_v4.pdb.gz
INFO:2025-10-30 14:57:39,797:Successfully computed HSC for Q8IVT2.
INFO:2025-10-30 14:57:39,798:Processing Q8IVT5 with model AF-Q8IVT5-F1-model_v4.pdb
ERROR:2025-10-30 14:57:39,939:No valid CDS found for Q8IVT5
INFO:2025-10-30 14:57:39,939:Processing Q8IVU1 with model AF-Q8IVU1-F1-model_v4.pdb
INFO:2025-10-30 14:57:40,194:Computing HSC features for: Q8IVU1, ENST00000327987, ../Ntranos_Rotation/ESM-SaProt/AF-Q8IVU1-F1-model_v4.pdb.gz
INFO:2025-10-30 14:59:30,929:Successfully computed HSC for Q8IVU1.
INFO:2025-10-30 14:59:30,929:Processing Q8IVU3 with model AF-Q8IVU3-F1-model_v4.pdb
INFO:2025-10-30 14:59:31,167:Computing HSC features for: Q8IVU3, ENST00000264346, ../Ntranos_Rotation/ESM-SaProt/AF-Q8IVU3-F1-model_v4.pdb.gz
INFO:2025-10-30 15:01:39,617:Successfully computed HSC for Q8IVU3.
INFO:2025-10-30 15:01:39,617:Processing Q8IVU9 with model AF-Q8IVU9-F1-model_v4.pdb
INFO:2025-10-30 15:01:39,692:Computing HSC features for: Q8IVU9, ENST00000330194, ../Ntranos_Rotation/ESM-SaProt/AF-Q8IVU9-F1-model_v4.pdb.gz
INFO:2025-10-30 15:02:21,759:Successfully computed HSC for Q8IVU9.
INFO:2025-10-30 15:02:21,760:Processing Q8IVV2 with model AF-Q8IVV2-F1-model_v4.pdb
INFO:2025-10-30 15:02:22,028:Computing HSC features for: Q8IVV2, ENST00000441551, ../Ntranos_Rotation/ESM-SaProt/AF-Q8IVV2-F1-model_v4.pdb.gz
INFO:2025-10-30 15:06:26,173:Successfully computed HSC for Q8IVV2.
INFO:2025-10-30 15:06:26,173:Processing Q8IVV7 with model AF-Q8IVV7-F1-model_v4.pdb
INFO:2025-10-30 15:06:26,253:Computing HSC features for: Q8IVV7, ENST00000268719, ../Ntranos_Rotation/ESM-SaProt/AF-Q8IVV7-F1-model_v4.pdb.gz
INFO:2025-10-30 15:07:32,560:Successfully computed HSC for Q8IVV7.
INFO:2025-10-30 15:07:32,560:Processing Q8IVV8 with model AF-Q8IVV8-F1-model_v4.pdb
INFO:2025-10-30 15:07:32,622:Computing HSC features for: Q8IVV8, ENST00000370316, ../Ntranos_Rotation/ESM-SaProt/AF-Q8IVV8-F1-model_v4.pdb.gz
INFO:2025-10-30 15:08:14,548:Successfully computed HSC for Q8IVV8.
INFO:2025-10-30 15:08:14,548:Processing Q8IVW1 with model AF-Q8IVW1-F1-model_v4.pdb
ERROR:2025-10-30 15:08:14,614:No transcript record found for Q8IVW1 in gnomAD.
INFO:2025-10-30 15:08:14,614:Processing Q8IVW4 with model AF-Q8IVW4-F1-model_v4.pdb
INFO:2025-10-30 15:08:14,760:Computing HSC features for: Q8IVW4, ENST00000265334, ../Ntranos_Rotation/ESM-SaProt/AF-Q8IVW4-F1-model_v4.pdb.gz
INFO:2025-10-30 15:09:08,839:Successfully computed HSC for Q8IVW4.
INFO:2025-10-30 15:09:08,839:Processing Q8IVW6 with model AF-Q8IVW6-F1-model_v4.pdb
ERROR:2025-10-30 15:09:08,978:No transcript record found for Q8IVW6 in gnomAD.
INFO:2025-10-30 15:09:08,979:Processing Q8IVW8 with model AF-Q8IVW8-F1-model_v4.pdb
INFO:2025-10-30 15:09:09,120:Computing HSC features for: Q8IVW8, ENST00000329078, ../Ntranos_Rotation/ESM-SaProt/AF-Q8IVW8-F1-model_v4.pdb.gz
INFO:2025-10-30 15:11:11,805:Successfully computed HSC for Q8IVW8.
INFO:2025-10-30 15:11:11,805:Processing Q8IVY1 with model AF-Q8IVY1-F1-model_v4.pdb
INFO:2025-10-30 15:11:11,855:Computing HSC features for: Q8IVY1, ENST00000423420, ../Ntranos_Rotation/ESM-SaProt/AF-Q8IVY1-F1-model_v4.pdb.gz
INFO:2025-10-30 15:11:41,065:Successfully computed HSC for Q8IVY1.
INFO:2025-10-30 15:11:41,065:Processing Q8IW00 with model AF-Q8IW00-F1-model_v4.pdb
INFO:2025-10-30 15:11:41,166:Computing HSC features for: Q8IW00, ENST00000332853, ../Ntranos_Rotation/ESM-SaProt/AF-Q8IW00-F1-model_v4.pdb.gz
INFO:2025-10-30 15:12:30,962:Successfully computed HSC for Q8IW00.
INFO:2025-10-30 15:12:30,962:Processing Q8IW03 with model AF-Q8IW03-F1-model_v4.pdb
INFO:2025-10-30 15:12:31,061:Computing HSC features for: Q8IW03, ENST00000400405, ../Ntranos_Rotation/ESM-SaProt/AF-Q8IW03-F1-model_v4.pdb.gz
INFO:2025-10-30 15:13:09,735:Successfully computed HSC for Q8IW03.
INFO:2025-10-30 15:13:09,735:Processing Q8IW19 with model AF-Q8IW19-F1-model_v4.pdb
INFO:2025-10-30 15:13:09,844:Computing HSC features for: Q8IW19, ENST00000303795, ../Ntranos_Rotation/ESM-SaProt/AF-Q8IW19-F1-model_v4.pdb.gz
INFO:2025-10-30 15:14:09,649:Successfully computed HSC for Q8IW19.
INFO:2025-10-30 15:14:09,649:Processing Q8IW35 with model AF-Q8IW35-F1-model_v4.pdb
ERROR:2025-10-30 15:14:09,822:No transcript record found for Q8IW35 in gnomAD.
INFO:2025-10-30 15:14:09,822:Processing Q8IW36 with model AF-Q8IW36-F1-model_v4.pdb
INFO:2025-10-30 15:14:09,958:Computing HSC features for: Q8IW36, ENST00000339986, ../Ntranos_Rotation/ESM-SaProt/AF-Q8IW36-F1-model_v4.pdb.gz
INFO:2025-10-30 15:15:02,307:Successfully computed HSC for Q8IW36.
INFO:2025-10-30 15:15:02,307:Processing Q8IW40 with model AF-Q8IW40-F1-model_v4.pdb
INFO:2025-10-30 15:15:02,379:Computing HSC features for: Q8IW40, ENST00000410006, ../Ntranos_Rotation/ESM-SaProt/AF-Q8IW40-F1-model_v4.pdb.gz
INFO:2025-10-30 15:15:33,604:Successfully computed HSC for Q8IW40.
INFO:2025-10-30 15:15:33,605:Processing Q8IW41 with model AF-Q8IW41-F1-model_v4.pdb
INFO:2025-10-30 15:15:33,697:Computing HSC features for: Q8IW41, ENST00000551404, ../Ntranos_Rotation/ESM-SaProt/AF-Q8IW41-F1-model_v4.pdb.gz
INFO:2025-10-30 15:16:58,335:Successfully computed HSC for Q8IW41.
INFO:2025-10-30 15:16:58,335:Processing Q8IW45 with model AF-Q8IW45-F1-model_v4.pdb
ERROR:2025-10-30 15:16:58,473:No transcript record found for Q8IW45 in gnomAD.
INFO:2025-10-30 15:16:58,474:Pipeline completed.
INFO:2025-10-30 15:16:58,474:no_enst_for_uniprot: 3
INFO:2025-10-30 15:16:58,474:no_valid_cds: 4
INFO:2025-10-30 15:16:58,474:no_variant_data: 7
INFO:2025-10-30 15:16:58,474:bad_structure: 0
INFO:2025-10-30 15:16:58,474:no_enst_mp: 0
