INFO:2025-10-30 14:59:04,314:Starting HSC computation pipeline...
INFO:2025-10-30 15:00:08,750:Processing Q9UJ78 with model AF-Q9UJ78-F1-model_v4.pdb
INFO:2025-10-30 15:00:08,928:Computing HSC features for: Q9UJ78, ENST00000337963, ../Ntranos_Rotation/ESM-SaProt/AF-Q9UJ78-F1-model_v4.pdb.gz
INFO:2025-10-30 15:01:17,434:Successfully computed HSC for Q9UJ78.
INFO:2025-10-30 15:01:17,434:Processing Q9UJ83 with model AF-Q9UJ83-F1-model_v4.pdb
INFO:2025-10-30 15:01:17,584:Computing HSC features for: Q9UJ83, ENST00000321169, ../Ntranos_Rotation/ESM-SaProt/AF-Q9UJ83-F1-model_v4.pdb.gz
INFO:2025-10-30 15:02:15,986:Successfully computed HSC for Q9UJ83.
INFO:2025-10-30 15:02:15,986:Processing Q9UJ90 with model AF-Q9UJ90-F1-model_v4.pdb
INFO:2025-10-30 15:02:16,061:Computing HSC features for: Q9UJ90, ENST00000372101, ../Ntranos_Rotation/ESM-SaProt/AF-Q9UJ90-F1-model_v4.pdb.gz
INFO:2025-10-30 15:02:42,675:Successfully computed HSC for Q9UJ90.
INFO:2025-10-30 15:02:42,675:Processing Q9UJ94 with model AF-Q9UJ94-F1-model_v4.pdb
ERROR:2025-10-30 15:02:42,731:No ENST transcript IDs were mapped to Q9UJ94
INFO:2025-10-30 15:02:42,731:Processing Q9UJ96 with model AF-Q9UJ96-F1-model_v4.pdb
INFO:2025-10-30 15:02:42,875:Computing HSC features for: Q9UJ96, ENST00000316249, ../Ntranos_Rotation/ESM-SaProt/AF-Q9UJ96-F1-model_v4.pdb.gz
INFO:2025-10-30 15:05:12,235:Successfully computed HSC for Q9UJ96.
INFO:2025-10-30 15:05:12,235:Processing Q9UJ98 with model AF-Q9UJ98-F1-model_v4.pdb
INFO:2025-10-30 15:05:12,555:Computing HSC features for: Q9UJ98, ENST00000317296, ../Ntranos_Rotation/ESM-SaProt/AF-Q9UJ98-F1-model_v4.pdb.gz
INFO:2025-10-30 15:08:03,345:Successfully computed HSC for Q9UJ98.
INFO:2025-10-30 15:08:03,345:Processing Q9UJ99 with model AF-Q9UJ99-F1-model_v4.pdb
INFO:2025-10-30 15:08:03,684:Computing HSC features for: Q9UJ99, ENST00000537909, ../Ntranos_Rotation/ESM-SaProt/AF-Q9UJ99-F1-model_v4.pdb.gz
INFO:2025-10-30 15:11:37,185:Successfully computed HSC for Q9UJ99.
INFO:2025-10-30 15:11:37,185:Processing Q9UJA2 with model AF-Q9UJA2-F1-model_v4.pdb
INFO:2025-10-30 15:11:37,306:Computing HSC features for: Q9UJA2, ENST00000378863, ../Ntranos_Rotation/ESM-SaProt/AF-Q9UJA2-F1-model_v4.pdb.gz
INFO:2025-10-30 15:12:41,997:Successfully computed HSC for Q9UJA2.
INFO:2025-10-30 15:12:41,997:Processing Q9UJA3 with model AF-Q9UJA3-F1-model_v4.pdb
INFO:2025-10-30 15:12:42,184:Computing HSC features for: Q9UJA3, ENST00000378896, ../Ntranos_Rotation/ESM-SaProt/AF-Q9UJA3-F1-model_v4.pdb.gz
INFO:2025-10-30 15:14:37,919:Successfully computed HSC for Q9UJA3.
INFO:2025-10-30 15:14:37,920:Processing Q9UJA5 with model AF-Q9UJA5-F1-model_v4.pdb
INFO:2025-10-30 15:14:38,048:Computing HSC features for: Q9UJA5, ENST00000203001, ../Ntranos_Rotation/ESM-SaProt/AF-Q9UJA5-F1-model_v4.pdb.gz
INFO:2025-10-30 15:15:54,630:Successfully computed HSC for Q9UJA5.
INFO:2025-10-30 15:15:54,630:Processing Q9UJA9 with model AF-Q9UJA9-F1-model_v4.pdb
INFO:2025-10-30 15:15:54,757:Computing HSC features for: Q9UJA9, ENST00000230565, ../Ntranos_Rotation/ESM-SaProt/AF-Q9UJA9-F1-model_v4.pdb.gz
INFO:2025-10-30 15:16:38,119:Successfully computed HSC for Q9UJA9.
INFO:2025-10-30 15:16:38,119:Processing Q9UJC3 with model AF-Q9UJC3-F1-model_v4.pdb
INFO:2025-10-30 15:16:38,239:Computing HSC features for: Q9UJC3, ENST00000371208, ../Ntranos_Rotation/ESM-SaProt/AF-Q9UJC3-F1-model_v4.pdb.gz
INFO:2025-10-30 15:17:38,619:Successfully computed HSC for Q9UJC3.
INFO:2025-10-30 15:17:38,619:Processing Q9UJC5 with model AF-Q9UJC5-F1-model_v4.pdb
INFO:2025-10-30 15:17:39,099:Computing HSC features for: Q9UJC5, ENST00000369838, ../Ntranos_Rotation/ESM-SaProt/AF-Q9UJC5-F1-model_v4.pdb.gz
INFO:2025-10-30 15:17:58,248:Successfully computed HSC for Q9UJC5.
INFO:2025-10-30 15:17:58,249:Processing Q9UJD0 with model AF-Q9UJD0-F1-model_v4.pdb
INFO:2025-10-30 15:17:58,336:Computing HSC features for: Q9UJD0, ENST00000372683, ../Ntranos_Rotation/ESM-SaProt/AF-Q9UJD0-F1-model_v4.pdb.gz
INFO:2025-10-30 15:18:41,700:Successfully computed HSC for Q9UJD0.
INFO:2025-10-30 15:18:41,700:Processing Q9UJF2 with model AF-Q9UJF2-F1-model_v4.pdb
INFO:2025-10-30 15:18:41,851:Computing HSC features for: Q9UJF2, ENST00000462775, ../Ntranos_Rotation/ESM-SaProt/AF-Q9UJF2-F1-model_v4.pdb.gz
INFO:2025-10-30 15:20:24,739:Successfully computed HSC for Q9UJF2.
INFO:2025-10-30 15:20:24,739:Processing Q9UJG1 with model AF-Q9UJG1-F1-model_v4.pdb
INFO:2025-10-30 15:20:24,801:Computing HSC features for: Q9UJG1, ENST00000370783, ../Ntranos_Rotation/ESM-SaProt/AF-Q9UJG1-F1-model_v4.pdb.gz
INFO:2025-10-30 15:20:51,534:Successfully computed HSC for Q9UJG1.
INFO:2025-10-30 15:20:51,534:Processing Q9UJH8 with model AF-Q9UJH8-F1-model_v4.pdb
INFO:2025-10-30 15:20:51,590:Computing HSC features for: Q9UJH8, ENST00000568223, ../Ntranos_Rotation/ESM-SaProt/AF-Q9UJH8-F1-model_v4.pdb.gz
INFO:2025-10-30 15:21:45,430:Successfully computed HSC for Q9UJH8.
INFO:2025-10-30 15:21:45,430:Processing Q9UJJ7 with model AF-Q9UJJ7-F1-model_v4.pdb
INFO:2025-10-30 15:21:45,555:Computing HSC features for: Q9UJJ7, ENST00000007264, ../Ntranos_Rotation/ESM-SaProt/AF-Q9UJJ7-F1-model_v4.pdb.gz
INFO:2025-10-30 15:23:00,643:Successfully computed HSC for Q9UJJ7.
INFO:2025-10-30 15:23:00,643:Processing Q9UJJ9 with model AF-Q9UJJ9-F1-model_v4.pdb
INFO:2025-10-30 15:23:00,771:Computing HSC features for: Q9UJJ9, ENST00000204679, ../Ntranos_Rotation/ESM-SaProt/AF-Q9UJJ9-F1-model_v4.pdb.gz
INFO:2025-10-30 15:24:14,885:Successfully computed HSC for Q9UJJ9.
INFO:2025-10-30 15:24:14,885:Processing Q9UJK0 with model AF-Q9UJK0-F1-model_v4.pdb
INFO:2025-10-30 15:24:14,970:Computing HSC features for: Q9UJK0, ENST00000007390, ../Ntranos_Rotation/ESM-SaProt/AF-Q9UJK0-F1-model_v4.pdb.gz
INFO:2025-10-30 15:25:43,648:Successfully computed HSC for Q9UJK0.
INFO:2025-10-30 15:25:43,648:Processing Q9UJL9 with model AF-Q9UJL9-F1-model_v4.pdb
INFO:2025-10-30 15:25:44,073:Computing HSC features for: Q9UJL9, ENST00000411995, ../Ntranos_Rotation/ESM-SaProt/AF-Q9UJL9-F1-model_v4.pdb.gz
INFO:2025-10-30 15:26:27,555:Successfully computed HSC for Q9UJL9.
INFO:2025-10-30 15:26:27,555:Processing Q9UJM3 with model AF-Q9UJM3-F1-model_v4.pdb
INFO:2025-10-30 15:26:27,765:Computing HSC features for: Q9UJM3, ENST00000377482, ../Ntranos_Rotation/ESM-SaProt/AF-Q9UJM3-F1-model_v4.pdb.gz
INFO:2025-10-30 15:27:40,217:Successfully computed HSC for Q9UJM3.
INFO:2025-10-30 15:27:40,217:Processing Q9UJM8 with model AF-Q9UJM8-F1-model_v4.pdb
INFO:2025-10-30 15:27:40,322:Computing HSC features for: Q9UJM8, ENST00000378789, ../Ntranos_Rotation/ESM-SaProt/AF-Q9UJM8-F1-model_v4.pdb.gz
INFO:2025-10-30 15:28:15,663:Successfully computed HSC for Q9UJM8.
INFO:2025-10-30 15:28:15,664:Processing Q9UJN7 with model AF-Q9UJN7-F1-model_v4.pdb
INFO:2025-10-30 15:28:15,753:Computing HSC features for: Q9UJN7, ENST00000244576, ../Ntranos_Rotation/ESM-SaProt/AF-Q9UJN7-F1-model_v4.pdb.gz
INFO:2025-10-30 15:28:45,319:Successfully computed HSC for Q9UJN7.
INFO:2025-10-30 15:28:45,319:Processing Q9UJP4 with model AF-Q9UJP4-F1-model_v4.pdb
INFO:2025-10-30 15:28:45,442:Computing HSC features for: Q9UJP4, ENST00000377658, ../Ntranos_Rotation/ESM-SaProt/AF-Q9UJP4-F1-model_v4.pdb.gz
INFO:2025-10-30 15:30:37,835:Successfully computed HSC for Q9UJP4.
INFO:2025-10-30 15:30:37,836:Processing Q9UJQ1 with model AF-Q9UJQ1-F1-model_v4.pdb
INFO:2025-10-30 15:30:37,909:Computing HSC features for: Q9UJQ1, ENST00000246070, ../Ntranos_Rotation/ESM-SaProt/AF-Q9UJQ1-F1-model_v4.pdb.gz
INFO:2025-10-30 15:31:07,688:Successfully computed HSC for Q9UJQ1.
INFO:2025-10-30 15:31:07,688:Processing Q9UJQ4 with model AF-Q9UJQ4-F1-model_v4.pdb
INFO:2025-10-30 15:31:08,046:Computing HSC features for: Q9UJQ4, ENST00000217086, ../Ntranos_Rotation/ESM-SaProt/AF-Q9UJQ4-F1-model_v4.pdb.gz
INFO:2025-10-30 15:33:14,649:Successfully computed HSC for Q9UJQ4.
INFO:2025-10-30 15:33:14,650:Processing Q9UJQ7 with model AF-Q9UJQ7-F1-model_v4.pdb
INFO:2025-10-30 15:33:14,713:Computing HSC features for: Q9UJQ7, ENST00000377428, ../Ntranos_Rotation/ESM-SaProt/AF-Q9UJQ7-F1-model_v4.pdb.gz
INFO:2025-10-30 15:33:39,530:Successfully computed HSC for Q9UJQ7.
INFO:2025-10-30 15:33:39,530:Processing Q9UJS0 with model AF-Q9UJS0-F1-model_v4.pdb
INFO:2025-10-30 15:33:39,722:Computing HSC features for: Q9UJS0, ENST00000265631, ../Ntranos_Rotation/ESM-SaProt/AF-Q9UJS0-F1-model_v4.pdb.gz
INFO:2025-10-30 15:35:28,710:Successfully computed HSC for Q9UJS0.
INFO:2025-10-30 15:35:28,711:Processing Q9UJT0 with model AF-Q9UJT0-F1-model_v4.pdb
INFO:2025-10-30 15:35:28,837:Computing HSC features for: Q9UJT0, ENST00000368662, ../Ntranos_Rotation/ESM-SaProt/AF-Q9UJT0-F1-model_v4.pdb.gz
INFO:2025-10-30 15:36:18,251:Successfully computed HSC for Q9UJT0.
INFO:2025-10-30 15:36:18,251:Processing Q9UJT1 with model AF-Q9UJT1-F1-model_v4.pdb
INFO:2025-10-30 15:36:18,349:Computing HSC features for: Q9UJT1, ENST00000325752, ../Ntranos_Rotation/ESM-SaProt/AF-Q9UJT1-F1-model_v4.pdb.gz
INFO:2025-10-30 15:36:54,829:Successfully computed HSC for Q9UJT1.
INFO:2025-10-30 15:36:54,829:Processing Q9UJT2 with model AF-Q9UJT2-F1-model_v4.pdb
INFO:2025-10-30 15:36:54,914:Computing HSC features for: Q9UJT2, ENST00000246801, ../Ntranos_Rotation/ESM-SaProt/AF-Q9UJT2-F1-model_v4.pdb.gz
INFO:2025-10-30 15:38:13,297:Successfully computed HSC for Q9UJT2.
INFO:2025-10-30 15:38:13,297:Processing Q9UJT9 with model AF-Q9UJT9-F1-model_v4.pdb
INFO:2025-10-30 15:38:13,485:Computing HSC features for: Q9UJT9, ENST00000504595, ../Ntranos_Rotation/ESM-SaProt/AF-Q9UJT9-F1-model_v4.pdb.gz
INFO:2025-10-30 15:39:28,726:Successfully computed HSC for Q9UJT9.
INFO:2025-10-30 15:39:28,726:Processing Q9UJU2 with model AF-Q9UJU2-F1-model_v4.pdb
INFO:2025-10-30 15:39:28,794:Computing HSC features for: Q9UJU2, ENST00000265165, ../Ntranos_Rotation/ESM-SaProt/AF-Q9UJU2-F1-model_v4.pdb.gz
INFO:2025-10-30 15:40:11,182:Successfully computed HSC for Q9UJU2.
INFO:2025-10-30 15:40:11,183:Processing Q9UJU3 with model AF-Q9UJU3-F1-model_v4.pdb
INFO:2025-10-30 15:40:11,316:Computing HSC features for: Q9UJU3, ENST00000337401, ../Ntranos_Rotation/ESM-SaProt/AF-Q9UJU3-F1-model_v4.pdb.gz
INFO:2025-10-30 15:42:06,975:Successfully computed HSC for Q9UJU3.
INFO:2025-10-30 15:42:06,976:Processing Q9UJU5 with model AF-Q9UJU5-F1-model_v4.pdb
INFO:2025-10-30 15:42:07,084:Computing HSC features for: Q9UJU5, ENST00000371116, ../Ntranos_Rotation/ESM-SaProt/AF-Q9UJU5-F1-model_v4.pdb.gz
INFO:2025-10-30 15:44:29,510:Successfully computed HSC for Q9UJU5.
INFO:2025-10-30 15:44:29,510:Processing Q9UJU6 with model AF-Q9UJU6-F1-model_v4.pdb
INFO:2025-10-30 15:44:29,593:Computing HSC features for: Q9UJU6, ENST00000448521, ../Ntranos_Rotation/ESM-SaProt/AF-Q9UJU6-F1-model_v4.pdb.gz
INFO:2025-10-30 15:45:21,908:Successfully computed HSC for Q9UJU6.
INFO:2025-10-30 15:45:21,908:Processing Q9UJV3 with model AF-Q9UJV3-F1-model_v4.pdb
INFO:2025-10-30 15:45:22,015:Computing HSC features for: Q9UJV3, ENST00000262843, ../Ntranos_Rotation/ESM-SaProt/AF-Q9UJV3-F1-model_v4.pdb.gz
INFO:2025-10-30 15:46:29,060:Successfully computed HSC for Q9UJV3.
INFO:2025-10-30 15:46:29,061:Processing Q9UJV8 with model AF-Q9UJV8-F1-model_v4.pdb
INFO:2025-10-30 15:46:29,134:Computing HSC features for: Q9UJV8, ENST00000475541, ../Ntranos_Rotation/ESM-SaProt/AF-Q9UJV8-F1-model_v4.pdb.gz
INFO:2025-10-30 15:47:13,331:Successfully computed HSC for Q9UJV8.
INFO:2025-10-30 15:47:13,331:Processing Q9UJV9 with model AF-Q9UJV9-F1-model_v4.pdb
INFO:2025-10-30 15:47:13,492:Computing HSC features for: Q9UJV9, ENST00000330503, ../Ntranos_Rotation/ESM-SaProt/AF-Q9UJV9-F1-model_v4.pdb.gz
INFO:2025-10-30 15:48:55,553:Successfully computed HSC for Q9UJV9.
INFO:2025-10-30 15:48:55,554:Processing Q9UJW0 with model AF-Q9UJW0-F1-model_v4.pdb
INFO:2025-10-30 15:48:55,681:Computing HSC features for: Q9UJW0, ENST00000447998, ../Ntranos_Rotation/ESM-SaProt/AF-Q9UJW0-F1-model_v4.pdb.gz
INFO:2025-10-30 15:50:10,485:Successfully computed HSC for Q9UJW0.
INFO:2025-10-30 15:50:10,485:Processing Q9UJW2 with model AF-Q9UJW2-F1-model_v4.pdb
INFO:2025-10-30 15:50:10,617:Computing HSC features for: Q9UJW2, ENST00000259782, ../Ntranos_Rotation/ESM-SaProt/AF-Q9UJW2-F1-model_v4.pdb.gz
INFO:2025-10-30 15:51:21,089:Successfully computed HSC for Q9UJW2.
INFO:2025-10-30 15:51:21,089:Processing Q9UJW3 with model AF-Q9UJW3-F1-model_v4.pdb
ERROR:2025-10-30 15:51:21,195:No transcript record found for Q9UJW3 in gnomAD.
INFO:2025-10-30 15:51:21,195:Processing Q9UJW7 with model AF-Q9UJW7-F1-model_v4.pdb
ERROR:2025-10-30 15:51:21,377:No transcript record found for Q9UJW7 in gnomAD.
INFO:2025-10-30 15:51:21,377:Processing Q9UJW8 with model AF-Q9UJW8-F1-model_v4.pdb
INFO:2025-10-30 15:51:21,549:Computing HSC features for: Q9UJW8, ENST00000221327, ../Ntranos_Rotation/ESM-SaProt/AF-Q9UJW8-F1-model_v4.pdb.gz
INFO:2025-10-30 15:52:25,825:Successfully computed HSC for Q9UJW8.
INFO:2025-10-30 15:52:25,825:Processing Q9UJW9 with model AF-Q9UJW9-F1-model_v4.pdb
INFO:2025-10-30 15:52:25,993:Computing HSC features for: Q9UJW9, ENST00000322354, ../Ntranos_Rotation/ESM-SaProt/AF-Q9UJW9-F1-model_v4.pdb.gz
INFO:2025-10-30 15:52:53,246:Successfully computed HSC for Q9UJW9.
INFO:2025-10-30 15:52:53,246:Processing Q9UJX0 with model AF-Q9UJX0-F1-model_v4.pdb
INFO:2025-10-30 15:52:53,327:Computing HSC features for: Q9UJX0, ENST00000361711, ../Ntranos_Rotation/ESM-SaProt/AF-Q9UJX0-F1-model_v4.pdb.gz
INFO:2025-10-30 15:54:10,022:Successfully computed HSC for Q9UJX0.
INFO:2025-10-30 15:54:10,022:Processing Q9UJX2 with model AF-Q9UJX2-F1-model_v4.pdb
INFO:2025-10-30 15:54:10,200:Computing HSC features for: Q9UJX2, ENST00000394886, ../Ntranos_Rotation/ESM-SaProt/AF-Q9UJX2-F1-model_v4.pdb.gz
INFO:2025-10-30 15:55:10,329:Successfully computed HSC for Q9UJX2.
INFO:2025-10-30 15:55:10,330:Processing Q9UJX3 with model AF-Q9UJX3-F1-model_v4.pdb
ERROR:2025-10-30 15:55:10,566:No valid CDS found for Q9UJX3
INFO:2025-10-30 15:55:10,567:Processing Q9UJX4 with model AF-Q9UJX4-F1-model_v4.pdb
INFO:2025-10-30 15:55:10,776:Computing HSC features for: Q9UJX4, ENST00000261819, ../Ntranos_Rotation/ESM-SaProt/AF-Q9UJX4-F1-model_v4.pdb.gz
INFO:2025-10-30 15:56:40,026:Successfully computed HSC for Q9UJX4.
INFO:2025-10-30 15:56:40,027:Pipeline completed.
INFO:2025-10-30 15:56:40,027:no_enst_for_uniprot: 1
INFO:2025-10-30 15:56:40,027:no_valid_cds: 1
INFO:2025-10-30 15:56:40,027:no_variant_data: 2
INFO:2025-10-30 15:56:40,027:bad_structure: 0
INFO:2025-10-30 15:56:40,027:no_enst_mp: 0
