INFO:2025-10-30 14:59:04,294:Starting HSC computation pipeline...
INFO:2025-10-30 15:00:12,936:Processing O75528 with model AF-O75528-F1-model_v4.pdb
INFO:2025-10-30 15:00:13,290:Computing HSC features for: O75528, ENST00000301964, ../Ntranos_Rotation/ESM-SaProt/AF-O75528-F1-model_v4.pdb.gz
INFO:2025-10-30 15:00:58,499:Successfully computed HSC for O75528.
INFO:2025-10-30 15:00:58,499:Processing O75529 with model AF-O75529-F1-model_v4.pdb
INFO:2025-10-30 15:00:58,815:Computing HSC features for: O75529, ENST00000258281, ../Ntranos_Rotation/ESM-SaProt/AF-O75529-F1-model_v4.pdb.gz
INFO:2025-10-30 15:02:15,331:Successfully computed HSC for O75529.
INFO:2025-10-30 15:02:15,331:Processing O75530 with model AF-O75530-F1-model_v4.pdb
INFO:2025-10-30 15:02:15,457:Computing HSC features for: O75530, ENST00000263360, ../Ntranos_Rotation/ESM-SaProt/AF-O75530-F1-model_v4.pdb.gz
INFO:2025-10-30 15:03:00,794:Successfully computed HSC for O75530.
INFO:2025-10-30 15:03:00,794:Processing O75531 with model AF-O75531-F1-model_v4.pdb
INFO:2025-10-30 15:03:00,846:Computing HSC features for: O75531, ENST00000312175, ../Ntranos_Rotation/ESM-SaProt/AF-O75531-F1-model_v4.pdb.gz
INFO:2025-10-30 15:03:10,622:Successfully computed HSC for O75531.
INFO:2025-10-30 15:03:10,623:Processing O75533 with model AF-O75533-F1-model_v4.pdb
INFO:2025-10-30 15:03:10,901:Computing HSC features for: O75533, ENST00000335508, ../Ntranos_Rotation/ESM-SaProt/AF-O75533-F1-model_v4.pdb.gz
INFO:2025-10-30 15:04:53,644:Successfully computed HSC for O75533.
INFO:2025-10-30 15:04:53,644:Processing O75534 with model AF-O75534-F1-model_v4.pdb
ERROR:2025-10-30 15:04:53,812:No transcript record found for O75534 in gnomAD.
INFO:2025-10-30 15:04:53,812:Processing O75541 with model AF-O75541-F1-model_v4.pdb
INFO:2025-10-30 15:04:53,937:Computing HSC features for: O75541, ENST00000425432, ../Ntranos_Rotation/ESM-SaProt/AF-O75541-F1-model_v4.pdb.gz
INFO:2025-10-30 15:05:32,778:Successfully computed HSC for O75541.
INFO:2025-10-30 15:05:32,778:Processing O75553 with model AF-O75553-F1-model_v4.pdb
INFO:2025-10-30 15:05:32,896:Computing HSC features for: O75553, ENST00000371231, ../Ntranos_Rotation/ESM-SaProt/AF-O75553-F1-model_v4.pdb.gz
INFO:2025-10-30 15:06:36,572:Successfully computed HSC for O75553.
INFO:2025-10-30 15:06:36,572:Processing O75554 with model AF-O75554-F1-model_v4.pdb
INFO:2025-10-30 15:06:36,700:Computing HSC features for: O75554, ENST00000379487, ../Ntranos_Rotation/ESM-SaProt/AF-O75554-F1-model_v4.pdb.gz
INFO:2025-10-30 15:07:02,357:Successfully computed HSC for O75554.
INFO:2025-10-30 15:07:02,357:Processing O75556 with model AF-O75556-F1-model_v4.pdb
INFO:2025-10-30 15:07:02,514:Computing HSC features for: O75556, ENST00000244930, ../Ntranos_Rotation/ESM-SaProt/AF-O75556-F1-model_v4.pdb.gz
INFO:2025-10-30 15:07:10,140:Successfully computed HSC for O75556.
INFO:2025-10-30 15:07:10,140:Processing O75558 with model AF-O75558-F1-model_v4.pdb
ERROR:2025-10-30 15:07:10,255:No transcript record found for O75558 in gnomAD.
INFO:2025-10-30 15:07:10,255:Processing O75563 with model AF-O75563-F1-model_v4.pdb
INFO:2025-10-30 15:07:10,332:Computing HSC features for: O75563, ENST00000345317, ../Ntranos_Rotation/ESM-SaProt/AF-O75563-F1-model_v4.pdb.gz
INFO:2025-10-30 15:07:37,112:Successfully computed HSC for O75563.
INFO:2025-10-30 15:07:37,112:Processing O75564 with model AF-O75564-F1-model_v4.pdb
ERROR:2025-10-30 15:07:37,241:No transcript record found for O75564 in gnomAD.
INFO:2025-10-30 15:07:37,241:Processing O75569 with model AF-O75569-F1-model_v4.pdb
INFO:2025-10-30 15:07:37,315:Computing HSC features for: O75569, ENST00000325748, ../Ntranos_Rotation/ESM-SaProt/AF-O75569-F1-model_v4.pdb.gz
INFO:2025-10-30 15:08:10,734:Successfully computed HSC for O75569.
INFO:2025-10-30 15:08:10,734:Processing O75570 with model AF-O75570-F1-model_v4.pdb
INFO:2025-10-30 15:08:10,850:Computing HSC features for: O75570, ENST00000379477, ../Ntranos_Rotation/ESM-SaProt/AF-O75570-F1-model_v4.pdb.gz
INFO:2025-10-30 15:08:43,455:Successfully computed HSC for O75570.
INFO:2025-10-30 15:08:43,456:Processing O75575 with model AF-O75575-F1-model_v4.pdb
INFO:2025-10-30 15:08:43,531:Computing HSC features for: O75575, ENST00000395326, ../Ntranos_Rotation/ESM-SaProt/AF-O75575-F1-model_v4.pdb.gz
INFO:2025-10-30 15:09:04,336:Successfully computed HSC for O75575.
INFO:2025-10-30 15:09:04,336:Processing O75578 with model AF-O75578-F1-model_v4.pdb
INFO:2025-10-30 15:09:04,668:Computing HSC features for: O75578, ENST00000369304, ../Ntranos_Rotation/ESM-SaProt/AF-O75578-F1-model_v4.pdb.gz
INFO:2025-10-30 15:10:36,070:Successfully computed HSC for O75578.
INFO:2025-10-30 15:10:36,070:Processing O75581 with model AF-O75581-F1-model_v4.pdb
INFO:2025-10-30 15:10:36,372:Computing HSC features for: O75581, ENST00000261349, ../Ntranos_Rotation/ESM-SaProt/AF-O75581-F1-model_v4.pdb.gz
INFO:2025-10-30 15:12:37,142:Successfully computed HSC for O75581.
INFO:2025-10-30 15:12:37,142:Processing O75582 with model AF-O75582-F1-model_v4.pdb
ERROR:2025-10-30 15:12:37,285:No transcript record found for O75582 in gnomAD.
INFO:2025-10-30 15:12:37,285:Processing O75586 with model AF-O75586-F1-model_v4.pdb
INFO:2025-10-30 15:12:37,884:Computing HSC features for: O75586, ENST00000256379, ../Ntranos_Rotation/ESM-SaProt/AF-O75586-F1-model_v4.pdb.gz
INFO:2025-10-30 15:12:59,328:Successfully computed HSC for O75586.
INFO:2025-10-30 15:12:59,329:Processing O75592 with model AF-O75592-F1-model_v4.pdb
ERROR:2025-10-30 15:12:59,499:No valid CDS found for O75592
INFO:2025-10-30 15:12:59,499:Processing O75593 with model AF-O75593-F1-model_v4.pdb
INFO:2025-10-30 15:12:59,586:Computing HSC features for: O75593, ENST00000377317, ../Ntranos_Rotation/ESM-SaProt/AF-O75593-F1-model_v4.pdb.gz
INFO:2025-10-30 15:13:53,777:Successfully computed HSC for O75593.
INFO:2025-10-30 15:13:53,777:Processing O75594 with model AF-O75594-F1-model_v4.pdb
INFO:2025-10-30 15:13:53,843:Computing HSC features for: O75594, ENST00000008938, ../Ntranos_Rotation/ESM-SaProt/AF-O75594-F1-model_v4.pdb.gz
INFO:2025-10-30 15:14:19,413:Successfully computed HSC for O75594.
INFO:2025-10-30 15:14:19,413:Processing O75596 with model AF-O75596-F1-model_v4.pdb
INFO:2025-10-30 15:14:19,475:Computing HSC features for: O75596, ENST00000299642, ../Ntranos_Rotation/ESM-SaProt/AF-O75596-F1-model_v4.pdb.gz
INFO:2025-10-30 15:14:35,224:Successfully computed HSC for O75596.
INFO:2025-10-30 15:14:35,225:Processing O75600 with model AF-O75600-F1-model_v4.pdb
INFO:2025-10-30 15:14:35,332:Computing HSC features for: O75600, ENST00000248924, ../Ntranos_Rotation/ESM-SaProt/AF-O75600-F1-model_v4.pdb.gz
INFO:2025-10-30 15:15:25,460:Successfully computed HSC for O75600.
INFO:2025-10-30 15:15:25,460:Processing O75602 with model AF-O75602-F1-model_v4.pdb
INFO:2025-10-30 15:15:25,555:Computing HSC features for: O75602, ENST00000376624, ../Ntranos_Rotation/ESM-SaProt/AF-O75602-F1-model_v4.pdb.gz
INFO:2025-10-30 15:16:02,990:Successfully computed HSC for O75602.
INFO:2025-10-30 15:16:02,990:Processing O75603 with model AF-O75603-F1-model_v4.pdb
INFO:2025-10-30 15:16:03,150:Computing HSC features for: O75603, ENST00000379491, ../Ntranos_Rotation/ESM-SaProt/AF-O75603-F1-model_v4.pdb.gz
INFO:2025-10-30 15:17:03,561:Successfully computed HSC for O75603.
INFO:2025-10-30 15:17:03,561:Processing O75604 with model AF-O75604-F1-model_v4.pdb
INFO:2025-10-30 15:17:03,695:Computing HSC features for: O75604, ENST00000260187, ../Ntranos_Rotation/ESM-SaProt/AF-O75604-F1-model_v4.pdb.gz
INFO:2025-10-30 15:18:07,177:Successfully computed HSC for O75604.
INFO:2025-10-30 15:18:07,177:Processing O75607 with model AF-O75607-F1-model_v4.pdb
INFO:2025-10-30 15:18:07,238:Computing HSC features for: O75607, ENST00000370110, ../Ntranos_Rotation/ESM-SaProt/AF-O75607-F1-model_v4.pdb.gz
INFO:2025-10-30 15:18:25,557:Successfully computed HSC for O75607.
INFO:2025-10-30 15:18:25,558:Processing O75608 with model AF-O75608-F1-model_v4.pdb
INFO:2025-10-30 15:18:25,624:Computing HSC features for: O75608, ENST00000316963, ../Ntranos_Rotation/ESM-SaProt/AF-O75608-F1-model_v4.pdb.gz
INFO:2025-10-30 15:18:56,385:Successfully computed HSC for O75608.
INFO:2025-10-30 15:18:56,386:Processing O75610 with model AF-O75610-F1-model_v4.pdb
INFO:2025-10-30 15:18:56,479:Computing HSC features for: O75610, ENST00000272134, ../Ntranos_Rotation/ESM-SaProt/AF-O75610-F1-model_v4.pdb.gz
INFO:2025-10-30 15:19:46,512:Successfully computed HSC for O75610.
INFO:2025-10-30 15:19:46,512:Processing O75616 with model AF-O75616-F1-model_v4.pdb
INFO:2025-10-30 15:19:46,616:Computing HSC features for: O75616, ENST00000254928, ../Ntranos_Rotation/ESM-SaProt/AF-O75616-F1-model_v4.pdb.gz
INFO:2025-10-30 15:20:23,523:Successfully computed HSC for O75616.
INFO:2025-10-30 15:20:23,524:Processing O75618 with model AF-O75618-F1-model_v4.pdb
INFO:2025-10-30 15:20:23,630:Computing HSC features for: O75618, ENST00000368006, ../Ntranos_Rotation/ESM-SaProt/AF-O75618-F1-model_v4.pdb.gz
INFO:2025-10-30 15:21:02,548:Successfully computed HSC for O75618.
INFO:2025-10-30 15:21:02,548:Processing O75626 with model AF-O75626-F1-model_v4.pdb
INFO:2025-10-30 15:21:02,711:Computing HSC features for: O75626, ENST00000369096, ../Ntranos_Rotation/ESM-SaProt/AF-O75626-F1-model_v4.pdb.gz
INFO:2025-10-30 15:22:16,021:Successfully computed HSC for O75626.
INFO:2025-10-30 15:22:16,021:Processing O75628 with model AF-O75628-F1-model_v4.pdb
INFO:2025-10-30 15:22:16,117:Computing HSC features for: O75628, ENST00000201979, ../Ntranos_Rotation/ESM-SaProt/AF-O75628-F1-model_v4.pdb.gz
INFO:2025-10-30 15:23:04,758:Successfully computed HSC for O75628.
INFO:2025-10-30 15:23:04,759:Processing O75629 with model AF-O75629-F1-model_v4.pdb
INFO:2025-10-30 15:23:04,820:Computing HSC features for: O75629, ENST00000370509, ../Ntranos_Rotation/ESM-SaProt/AF-O75629-F1-model_v4.pdb.gz
INFO:2025-10-30 15:23:34,216:Successfully computed HSC for O75629.
INFO:2025-10-30 15:23:34,216:Processing O75631 with model AF-O75631-F1-model_v4.pdb
INFO:2025-10-30 15:23:34,291:Computing HSC features for: O75631, ENST00000216211, ../Ntranos_Rotation/ESM-SaProt/AF-O75631-F1-model_v4.pdb.gz
INFO:2025-10-30 15:24:07,095:Successfully computed HSC for O75631.
INFO:2025-10-30 15:24:07,096:Processing O75635 with model AF-O75635-F1-model_v4.pdb
INFO:2025-10-30 15:24:07,209:Computing HSC features for: O75635, ENST00000336429, ../Ntranos_Rotation/ESM-SaProt/AF-O75635-F1-model_v4.pdb.gz
INFO:2025-10-30 15:24:35,594:Successfully computed HSC for O75635.
INFO:2025-10-30 15:24:35,594:Processing O75636 with model AF-O75636-F1-model_v4.pdb
INFO:2025-10-30 15:24:35,713:Computing HSC features for: O75636, ENST00000270879, ../Ntranos_Rotation/ESM-SaProt/AF-O75636-F1-model_v4.pdb.gz
INFO:2025-10-30 15:25:11,592:Successfully computed HSC for O75636.
INFO:2025-10-30 15:25:11,592:Processing O75638 with model AF-O75638-F1-model_v4.pdb
INFO:2025-10-30 15:25:11,648:Computing HSC features for: O75638, ENST00000247306, ../Ntranos_Rotation/ESM-SaProt/AF-O75638-F1-model_v4.pdb.gz
INFO:2025-10-30 15:25:42,683:Successfully computed HSC for O75638.
INFO:2025-10-30 15:25:42,684:Processing O75643 with model AF-O75643-F1-model_v4.pdb
INFO:2025-10-30 15:25:43,106:Computing HSC features for: O75643, ENST00000323853, ../Ntranos_Rotation/ESM-SaProt/AF-O75643-F1-model_v4.pdb.gz
INFO:2025-10-30 15:29:13,775:Successfully computed HSC for O75643.
INFO:2025-10-30 15:29:13,775:Processing O75648 with model AF-O75648-F1-model_v4.pdb
ERROR:2025-10-30 15:29:13,857:No transcript record found for O75648 in gnomAD.
INFO:2025-10-30 15:29:13,857:Processing O75663 with model AF-O75663-F1-model_v4.pdb
INFO:2025-10-30 15:29:13,911:Computing HSC features for: O75663, ENST00000367833, ../Ntranos_Rotation/ESM-SaProt/AF-O75663-F1-model_v4.pdb.gz
INFO:2025-10-30 15:29:35,219:Successfully computed HSC for O75663.
INFO:2025-10-30 15:29:35,220:Processing O75665 with model AF-O75665-F1-model_v4.pdb
INFO:2025-10-30 15:29:35,349:Computing HSC features for: O75665, ENST00000340096, ../Ntranos_Rotation/ESM-SaProt/AF-O75665-F1-model_v4.pdb.gz
INFO:2025-10-30 15:30:46,980:Successfully computed HSC for O75665.
INFO:2025-10-30 15:30:46,980:Processing O75674 with model AF-O75674-F1-model_v4.pdb
INFO:2025-10-30 15:30:47,069:Computing HSC features for: O75674, ENST00000575882, ../Ntranos_Rotation/ESM-SaProt/AF-O75674-F1-model_v4.pdb.gz
INFO:2025-10-30 15:31:32,143:Successfully computed HSC for O75674.
INFO:2025-10-30 15:31:32,143:Processing O75676 with model AF-O75676-F1-model_v4.pdb
INFO:2025-10-30 15:31:32,301:Computing HSC features for: O75676, ENST00000334205, ../Ntranos_Rotation/ESM-SaProt/AF-O75676-F1-model_v4.pdb.gz
INFO:2025-10-30 15:33:38,016:Successfully computed HSC for O75676.
INFO:2025-10-30 15:33:38,017:Processing O75677 with model AF-O75677-F1-model_v4.pdb
INFO:2025-10-30 15:33:38,096:Computing HSC features for: O75677, ENST00000354373, ../Ntranos_Rotation/ESM-SaProt/AF-O75677-F1-model_v4.pdb.gz
INFO:2025-10-30 15:34:03,521:Successfully computed HSC for O75677.
INFO:2025-10-30 15:34:03,521:Processing O75678 with model AF-O75678-F1-model_v4.pdb
INFO:2025-10-30 15:34:03,628:Computing HSC features for: O75678, ENST00000400237, ../Ntranos_Rotation/ESM-SaProt/AF-O75678-F1-model_v4.pdb.gz
INFO:2025-10-30 15:34:38,745:Successfully computed HSC for O75678.
INFO:2025-10-30 15:34:38,746:Processing O75679 with model AF-O75679-F1-model_v4.pdb
INFO:2025-10-30 15:34:38,834:Computing HSC features for: O75679, ENST00000249007, ../Ntranos_Rotation/ESM-SaProt/AF-O75679-F1-model_v4.pdb.gz
INFO:2025-10-30 15:35:17,906:Successfully computed HSC for O75679.
INFO:2025-10-30 15:35:17,906:Processing O75683 with model AF-O75683-F1-model_v4.pdb
INFO:2025-10-30 15:35:17,995:Computing HSC features for: O75683, ENST00000372022, ../Ntranos_Rotation/ESM-SaProt/AF-O75683-F1-model_v4.pdb.gz
INFO:2025-10-30 15:36:02,973:Successfully computed HSC for O75683.
INFO:2025-10-30 15:36:02,973:Pipeline completed.
INFO:2025-10-30 15:36:02,973:no_enst_for_uniprot: 0
INFO:2025-10-30 15:36:02,973:no_valid_cds: 1
INFO:2025-10-30 15:36:02,973:no_variant_data: 5
INFO:2025-10-30 15:36:02,973:bad_structure: 0
INFO:2025-10-30 15:36:02,974:no_enst_mp: 0
