INFO:2025-10-30 14:59:04,031:Starting HSC computation pipeline...
INFO:2025-10-30 15:00:18,161:Processing Q9Y6B7 with model AF-Q9Y6B7-F1-model_v4.pdb
ERROR:2025-10-30 15:00:18,361:No transcript record found for Q9Y6B7 in gnomAD.
INFO:2025-10-30 15:00:18,361:Processing Q9Y6C2 with model AF-Q9Y6C2-F1-model_v4.pdb
INFO:2025-10-30 15:00:18,641:Computing HSC features for: Q9Y6C2, ENST00000380320, ../Ntranos_Rotation/ESM-SaProt/AF-Q9Y6C2-F1-model_v4.pdb.gz
INFO:2025-10-30 15:02:31,187:Successfully computed HSC for Q9Y6C2.
INFO:2025-10-30 15:02:31,187:Processing Q9Y6C5 with model AF-Q9Y6C5-F1-model_v4.pdb
INFO:2025-10-30 15:02:31,486:Computing HSC features for: Q9Y6C5, ENST00000372192, ../Ntranos_Rotation/ESM-SaProt/AF-Q9Y6C5-F1-model_v4.pdb.gz
INFO:2025-10-30 15:06:06,450:Successfully computed HSC for Q9Y6C5.
INFO:2025-10-30 15:06:06,450:Processing Q9Y6C7 with model AF-Q9Y6C7-F1-model_v4.pdb
ERROR:2025-10-30 15:06:06,518:No ENST transcript IDs were mapped to Q9Y6C7
INFO:2025-10-30 15:06:06,518:Processing Q9Y5Q5 with model AF-Q9Y5Q5-F1-model_v4.pdb
INFO:2025-10-30 15:06:06,837:Computing HSC features for: Q9Y5Q5, ENST00000273857, ../Ntranos_Rotation/ESM-SaProt/AF-Q9Y5Q5-F1-model_v4.pdb.gz
INFO:2025-10-30 15:08:10,531:Successfully computed HSC for Q9Y5Q5.
INFO:2025-10-30 15:08:10,531:Processing Q9Y5Q6 with model AF-Q9Y5Q6-F1-model_v4.pdb
INFO:2025-10-30 15:08:10,586:Computing HSC features for: Q9Y5Q6, ENST00000304526, ../Ntranos_Rotation/ESM-SaProt/AF-Q9Y5Q6-F1-model_v4.pdb.gz
INFO:2025-10-30 15:08:31,303:Successfully computed HSC for Q9Y5Q6.
INFO:2025-10-30 15:08:31,303:Processing Q9Y5Q8 with model AF-Q9Y5Q8-F1-model_v4.pdb
INFO:2025-10-30 15:08:31,437:Computing HSC features for: Q9Y5Q8, ENST00000372097, ../Ntranos_Rotation/ESM-SaProt/AF-Q9Y5Q8-F1-model_v4.pdb.gz
INFO:2025-10-30 15:09:35,994:Successfully computed HSC for Q9Y5Q8.
INFO:2025-10-30 15:09:35,995:Processing Q9Y5Q9 with model AF-Q9Y5Q9-F1-model_v4.pdb
INFO:2025-10-30 15:09:36,146:Computing HSC features for: Q9Y5Q9, ENST00000263956, ../Ntranos_Rotation/ESM-SaProt/AF-Q9Y5Q9-F1-model_v4.pdb.gz
INFO:2025-10-30 15:11:25,283:Successfully computed HSC for Q9Y5Q9.
INFO:2025-10-30 15:11:25,283:Processing Q9Y5R2 with model AF-Q9Y5R2-F1-model_v4.pdb
INFO:2025-10-30 15:11:25,482:Computing HSC features for: Q9Y5R2, ENST00000246186, ../Ntranos_Rotation/ESM-SaProt/AF-Q9Y5R2-F1-model_v4.pdb.gz
INFO:2025-10-30 15:13:24,295:Successfully computed HSC for Q9Y5R2.
INFO:2025-10-30 15:13:24,295:Processing Q9Y5R4 with model AF-Q9Y5R4-F1-model_v4.pdb
INFO:2025-10-30 15:13:24,423:Computing HSC features for: Q9Y5R4, ENST00000232854, ../Ntranos_Rotation/ESM-SaProt/AF-Q9Y5R4-F1-model_v4.pdb.gz
INFO:2025-10-30 15:14:02,756:Successfully computed HSC for Q9Y5R4.
INFO:2025-10-30 15:14:02,756:Processing Q9Y5R5 with model AF-Q9Y5R5-F1-model_v4.pdb
INFO:2025-10-30 15:14:02,886:Computing HSC features for: Q9Y5R5, ENST00000358146, ../Ntranos_Rotation/ESM-SaProt/AF-Q9Y5R5-F1-model_v4.pdb.gz
INFO:2025-10-30 15:15:21,468:Successfully computed HSC for Q9Y5R5.
INFO:2025-10-30 15:15:21,468:Processing Q9Y5R6 with model AF-Q9Y5R6-F1-model_v4.pdb
INFO:2025-10-30 15:15:21,828:Computing HSC features for: Q9Y5R6, ENST00000382276, ../Ntranos_Rotation/ESM-SaProt/AF-Q9Y5R6-F1-model_v4.pdb.gz
INFO:2025-10-30 15:16:12,002:Successfully computed HSC for Q9Y5R6.
INFO:2025-10-30 15:16:12,002:Processing Q9Y5R8 with model AF-Q9Y5R8-F1-model_v4.pdb
INFO:2025-10-30 15:16:12,045:Computing HSC features for: Q9Y5R8, ENST00000303731, ../Ntranos_Rotation/ESM-SaProt/AF-Q9Y5R8-F1-model_v4.pdb.gz
INFO:2025-10-30 15:16:55,048:Successfully computed HSC for Q9Y5R8.
INFO:2025-10-30 15:16:55,048:Processing Q9Y5S1 with model AF-Q9Y5S1-F1-model_v4.pdb
INFO:2025-10-30 15:16:55,182:Computing HSC features for: Q9Y5S1, ENST00000338560, ../Ntranos_Rotation/ESM-SaProt/AF-Q9Y5S1-F1-model_v4.pdb.gz
INFO:2025-10-30 15:19:04,288:Successfully computed HSC for Q9Y5S1.
INFO:2025-10-30 15:19:04,288:Processing Q9Y5S2 with model AF-Q9Y5S2-F1-model_v4.pdb
INFO:2025-10-30 15:19:04,684:Computing HSC features for: Q9Y5S2, ENST00000361246, ../Ntranos_Rotation/ESM-SaProt/AF-Q9Y5S2-F1-model_v4.pdb.gz
INFO:2025-10-30 15:22:29,989:Successfully computed HSC for Q9Y5S2.
INFO:2025-10-30 15:22:29,989:Processing Q9Y5S8 with model AF-Q9Y5S8-F1-model_v4.pdb
INFO:2025-10-30 15:22:30,146:Computing HSC features for: Q9Y5S8, ENST00000372966, ../Ntranos_Rotation/ESM-SaProt/AF-Q9Y5S8-F1-model_v4.pdb.gz
INFO:2025-10-30 15:23:23,527:Successfully computed HSC for Q9Y5S8.
INFO:2025-10-30 15:23:23,527:Processing Q9Y5S9 with model AF-Q9Y5S9-F1-model_v4.pdb
ERROR:2025-10-30 15:23:23,590:No transcript record found for Q9Y5S9 in gnomAD.
INFO:2025-10-30 15:23:23,591:Processing Q9Y5T4 with model AF-Q9Y5T4-F1-model_v4.pdb
INFO:2025-10-30 15:23:23,657:Computing HSC features for: Q9Y5T4, ENST00000379221, ../Ntranos_Rotation/ESM-SaProt/AF-Q9Y5T4-F1-model_v4.pdb.gz
INFO:2025-10-30 15:23:49,145:Successfully computed HSC for Q9Y5T4.
INFO:2025-10-30 15:23:49,145:Processing Q9Y5T5 with model AF-Q9Y5T5-F1-model_v4.pdb
ERROR:2025-10-30 15:23:49,266:No transcript record found for Q9Y5T5 in gnomAD.
INFO:2025-10-30 15:23:49,266:Processing Q9Y5U2 with model AF-Q9Y5U2-F1-model_v4.pdb
INFO:2025-10-30 15:23:49,361:Computing HSC features for: Q9Y5U2, ENST00000333256, ../Ntranos_Rotation/ESM-SaProt/AF-Q9Y5U2-F1-model_v4.pdb.gz
INFO:2025-10-30 15:24:32,004:Successfully computed HSC for Q9Y5U2.
INFO:2025-10-30 15:24:32,005:Processing Q9Y5U4 with model AF-Q9Y5U4-F1-model_v4.pdb
INFO:2025-10-30 15:24:32,093:Computing HSC features for: Q9Y5U4, ENST00000245787, ../Ntranos_Rotation/ESM-SaProt/AF-Q9Y5U4-F1-model_v4.pdb.gz
INFO:2025-10-30 15:24:54,148:Successfully computed HSC for Q9Y5U4.
INFO:2025-10-30 15:24:54,149:Processing Q9Y5U5 with model AF-Q9Y5U5-F1-model_v4.pdb
INFO:2025-10-30 15:24:54,251:Computing HSC features for: Q9Y5U5, ENST00000379268, ../Ntranos_Rotation/ESM-SaProt/AF-Q9Y5U5-F1-model_v4.pdb.gz
INFO:2025-10-30 15:25:34,513:Successfully computed HSC for Q9Y5U5.
INFO:2025-10-30 15:25:34,514:Processing Q9Y5U8 with model AF-Q9Y5U8-F1-model_v4.pdb
INFO:2025-10-30 15:25:34,549:Computing HSC features for: Q9Y5U8, ENST00000360961, ../Ntranos_Rotation/ESM-SaProt/AF-Q9Y5U8-F1-model_v4.pdb.gz
INFO:2025-10-30 15:25:47,960:Successfully computed HSC for Q9Y5U8.
INFO:2025-10-30 15:25:47,960:Processing Q9Y5U9 with model AF-Q9Y5U9-F1-model_v4.pdb
INFO:2025-10-30 15:25:48,041:Computing HSC features for: Q9Y5U9, ENST00000256433, ../Ntranos_Rotation/ESM-SaProt/AF-Q9Y5U9-F1-model_v4.pdb.gz
INFO:2025-10-30 15:25:57,443:Successfully computed HSC for Q9Y5U9.
INFO:2025-10-30 15:25:57,444:Processing Q9Y5V0 with model AF-Q9Y5V0-F1-model_v4.pdb
INFO:2025-10-30 15:25:57,471:Computing HSC features for: Q9Y5V0, ENST00000311212, ../Ntranos_Rotation/ESM-SaProt/AF-Q9Y5V0-F1-model_v4.pdb.gz
INFO:2025-10-30 15:26:03,659:Successfully computed HSC for Q9Y5V0.
INFO:2025-10-30 15:26:03,660:Processing Q9Y5V3 with model AF-Q9Y5V3-F1-model_v4.pdb
INFO:2025-10-30 15:26:04,205:Computing HSC features for: Q9Y5V3, ENST00000326587, ../Ntranos_Rotation/ESM-SaProt/AF-Q9Y5V3-F1-model_v4.pdb.gz
INFO:2025-10-30 15:27:19,078:Successfully computed HSC for Q9Y5V3.
INFO:2025-10-30 15:27:19,078:Processing Q9Y5W3 with model AF-Q9Y5W3-F1-model_v4.pdb
INFO:2025-10-30 15:27:19,178:Computing HSC features for: Q9Y5W3, ENST00000248071, ../Ntranos_Rotation/ESM-SaProt/AF-Q9Y5W3-F1-model_v4.pdb.gz
INFO:2025-10-30 15:29:22,497:Successfully computed HSC for Q9Y5W3.
INFO:2025-10-30 15:29:22,497:Processing Q9Y5W5 with model AF-Q9Y5W5-F1-model_v4.pdb
INFO:2025-10-30 15:29:22,596:Computing HSC features for: Q9Y5W5, ENST00000286574, ../Ntranos_Rotation/ESM-SaProt/AF-Q9Y5W5-F1-model_v4.pdb.gz
INFO:2025-10-30 15:30:23,970:Successfully computed HSC for Q9Y5W5.
INFO:2025-10-30 15:30:23,971:Processing Q9Y5W7 with model AF-Q9Y5W7-F1-model_v4.pdb
INFO:2025-10-30 15:30:24,203:Computing HSC features for: Q9Y5W7, ENST00000314673, ../Ntranos_Rotation/ESM-SaProt/AF-Q9Y5W7-F1-model_v4.pdb.gz
INFO:2025-10-30 15:31:41,297:Successfully computed HSC for Q9Y5W7.
INFO:2025-10-30 15:31:41,298:Processing Q9Y5W8 with model AF-Q9Y5W8-F1-model_v4.pdb
ERROR:2025-10-30 15:31:41,531:No valid CDS found for Q9Y5W8
INFO:2025-10-30 15:31:41,531:Processing Q9Y5W9 with model AF-Q9Y5W9-F1-model_v4.pdb
INFO:2025-10-30 15:31:41,617:Computing HSC features for: Q9Y5W9, ENST00000359238, ../Ntranos_Rotation/ESM-SaProt/AF-Q9Y5W9-F1-model_v4.pdb.gz
INFO:2025-10-30 15:32:26,604:Successfully computed HSC for Q9Y5W9.
INFO:2025-10-30 15:32:26,604:Processing Q9Y5X0 with model AF-Q9Y5X0-F1-model_v4.pdb
ERROR:2025-10-30 15:32:26,690:No transcript record found for Q9Y5X0 in gnomAD.
INFO:2025-10-30 15:32:26,690:Processing Q9Y5X1 with model AF-Q9Y5X1-F1-model_v4.pdb
INFO:2025-10-30 15:32:26,831:Computing HSC features for: Q9Y5X1, ENST00000392185, ../Ntranos_Rotation/ESM-SaProt/AF-Q9Y5X1-F1-model_v4.pdb.gz
INFO:2025-10-30 15:33:59,033:Successfully computed HSC for Q9Y5X1.
INFO:2025-10-30 15:33:59,033:Processing Q9Y5X2 with model AF-Q9Y5X2-F1-model_v4.pdb
INFO:2025-10-30 15:33:59,165:Computing HSC features for: Q9Y5X2, ENST00000222990, ../Ntranos_Rotation/ESM-SaProt/AF-Q9Y5X2-F1-model_v4.pdb.gz
INFO:2025-10-30 15:35:46,267:Successfully computed HSC for Q9Y5X2.
INFO:2025-10-30 15:35:46,268:Processing Q9Y5X3 with model AF-Q9Y5X3-F1-model_v4.pdb
INFO:2025-10-30 15:35:46,366:Computing HSC features for: Q9Y5X3, ENST00000377759, ../Ntranos_Rotation/ESM-SaProt/AF-Q9Y5X3-F1-model_v4.pdb.gz
INFO:2025-10-30 15:37:10,855:Successfully computed HSC for Q9Y5X3.
INFO:2025-10-30 15:37:10,855:Processing Q9Y5X4 with model AF-Q9Y5X4-F1-model_v4.pdb
ERROR:2025-10-30 15:37:11,006:No transcript record found for Q9Y5X4 in gnomAD.
INFO:2025-10-30 15:37:11,006:Processing Q9Y5X5 with model AF-Q9Y5X5-F1-model_v4.pdb
ERROR:2025-10-30 15:37:11,146:No valid CDS found for Q9Y5X5
INFO:2025-10-30 15:37:11,146:Processing Q9Y5X9 with model AF-Q9Y5X9-F1-model_v4.pdb
INFO:2025-10-30 15:37:11,246:Computing HSC features for: Q9Y5X9, ENST00000261292, ../Ntranos_Rotation/ESM-SaProt/AF-Q9Y5X9-F1-model_v4.pdb.gz
INFO:2025-10-30 15:38:05,821:Successfully computed HSC for Q9Y5X9.
INFO:2025-10-30 15:38:05,822:Processing Q9Y5Y0 with model AF-Q9Y5Y0-F1-model_v4.pdb
INFO:2025-10-30 15:38:05,935:Computing HSC features for: Q9Y5Y0, ENST00000366971, ../Ntranos_Rotation/ESM-SaProt/AF-Q9Y5Y0-F1-model_v4.pdb.gz
INFO:2025-10-30 15:39:28,420:Successfully computed HSC for Q9Y5Y0.
INFO:2025-10-30 15:39:28,420:Processing Q9Y5Y2 with model AF-Q9Y5Y2-F1-model_v4.pdb
INFO:2025-10-30 15:39:28,516:Computing HSC features for: Q9Y5Y2, ENST00000262302, ../Ntranos_Rotation/ESM-SaProt/AF-Q9Y5Y2-F1-model_v4.pdb.gz
INFO:2025-10-30 15:40:35,970:Successfully computed HSC for Q9Y5Y2.
INFO:2025-10-30 15:40:35,970:Processing Q9Y5Y3 with model AF-Q9Y5Y3-F1-model_v4.pdb
INFO:2025-10-30 15:40:36,077:Computing HSC features for: Q9Y5Y3, ENST00000258456, ../Ntranos_Rotation/ESM-SaProt/AF-Q9Y5Y3-F1-model_v4.pdb.gz
INFO:2025-10-30 15:41:46,550:Successfully computed HSC for Q9Y5Y3.
INFO:2025-10-30 15:41:46,550:Processing Q9Y5Y4 with model AF-Q9Y5Y4-F1-model_v4.pdb
INFO:2025-10-30 15:41:46,693:Computing HSC features for: Q9Y5Y4, ENST00000332539, ../Ntranos_Rotation/ESM-SaProt/AF-Q9Y5Y4-F1-model_v4.pdb.gz
INFO:2025-10-30 15:43:48,173:Successfully computed HSC for Q9Y5Y4.
INFO:2025-10-30 15:43:48,173:Processing Q9Y5Y5 with model AF-Q9Y5Y5-F1-model_v4.pdb
INFO:2025-10-30 15:43:48,272:Computing HSC features for: Q9Y5Y5, ENST00000378750, ../Ntranos_Rotation/ESM-SaProt/AF-Q9Y5Y5-F1-model_v4.pdb.gz
INFO:2025-10-30 15:44:32,138:Successfully computed HSC for Q9Y5Y5.
INFO:2025-10-30 15:44:32,139:Processing Q9Y5Y6 with model AF-Q9Y5Y6-F1-model_v4.pdb
INFO:2025-10-30 15:44:32,356:Computing HSC features for: Q9Y5Y6, ENST00000278742, ../Ntranos_Rotation/ESM-SaProt/AF-Q9Y5Y6-F1-model_v4.pdb.gz
INFO:2025-10-30 15:46:38,676:Successfully computed HSC for Q9Y5Y6.
INFO:2025-10-30 15:46:38,676:Processing Q9Y5Y7 with model AF-Q9Y5Y7-F1-model_v4.pdb
INFO:2025-10-30 15:46:38,786:Computing HSC features for: Q9Y5Y7, ENST00000256178, ../Ntranos_Rotation/ESM-SaProt/AF-Q9Y5Y7-F1-model_v4.pdb.gz
INFO:2025-10-30 15:47:09,015:Successfully computed HSC for Q9Y5Y7.
INFO:2025-10-30 15:47:09,015:Processing Q9Y5Y9 with model AF-Q9Y5Y9-F1-model_v4.pdb
INFO:2025-10-30 15:47:09,534:Computing HSC features for: Q9Y5Y9, ENST00000449082, ../Ntranos_Rotation/ESM-SaProt/AF-Q9Y5Y9-F1-model_v4.pdb.gz
INFO:2025-10-30 15:50:41,730:Successfully computed HSC for Q9Y5Y9.
INFO:2025-10-30 15:50:41,730:Processing Q9Y5Z0 with model AF-Q9Y5Z0-F1-model_v4.pdb
INFO:2025-10-30 15:50:42,041:Computing HSC features for: Q9Y5Z0, ENST00000330333, ../Ntranos_Rotation/ESM-SaProt/AF-Q9Y5Z0-F1-model_v4.pdb.gz
INFO:2025-10-30 15:51:49,192:Successfully computed HSC for Q9Y5Z0.
INFO:2025-10-30 15:51:49,192:Processing Q9Y5Z4 with model AF-Q9Y5Z4-F1-model_v4.pdb
INFO:2025-10-30 15:51:49,258:Computing HSC features for: Q9Y5Z4, ENST00000607197, ../Ntranos_Rotation/ESM-SaProt/AF-Q9Y5Z4-F1-model_v4.pdb.gz
INFO:2025-10-30 15:52:21,406:Successfully computed HSC for Q9Y5Z4.
INFO:2025-10-30 15:52:21,407:Processing Q9Y5Z6 with model AF-Q9Y5Z6-F1-model_v4.pdb
INFO:2025-10-30 15:52:21,553:Computing HSC features for: Q9Y5Z6, ENST00000392690, ../Ntranos_Rotation/ESM-SaProt/AF-Q9Y5Z6-F1-model_v4.pdb.gz
INFO:2025-10-30 15:52:50,948:Successfully computed HSC for Q9Y5Z6.
INFO:2025-10-30 15:52:50,949:Processing Q9Y5Z7 with model AF-Q9Y5Z7-F1-model_v4.pdb
INFO:2025-10-30 15:52:51,119:Computing HSC features for: Q9Y5Z7, ENST00000229330, ../Ntranos_Rotation/ESM-SaProt/AF-Q9Y5Z7-F1-model_v4.pdb.gz
INFO:2025-10-30 15:54:18,631:Successfully computed HSC for Q9Y5Z7.
INFO:2025-10-30 15:54:18,632:Pipeline completed.
INFO:2025-10-30 15:54:18,632:no_enst_for_uniprot: 1
INFO:2025-10-30 15:54:18,632:no_valid_cds: 2
INFO:2025-10-30 15:54:18,632:no_variant_data: 5
INFO:2025-10-30 15:54:18,632:bad_structure: 0
INFO:2025-10-30 15:54:18,632:no_enst_mp: 0
