INFO:2025-10-30 14:25:03,941:Starting HSC computation pipeline...
INFO:2025-10-30 14:26:20,478:Processing P59942 with model AF-P59942-F1-model_v4.pdb
INFO:2025-10-30 14:26:20,530:Computing HSC features for: P59942, ENST00000376191, ../Ntranos_Rotation/ESM-SaProt/AF-P59942-F1-model_v4.pdb.gz
INFO:2025-10-30 14:26:40,854:Successfully computed HSC for P59942.
INFO:2025-10-30 14:26:40,854:Processing P59990 with model AF-P59990-F1-model_v4.pdb
INFO:2025-10-30 14:26:40,875:Computing HSC features for: P59990, ENST00000391617, ../Ntranos_Rotation/ESM-SaProt/AF-P59990-F1-model_v4.pdb.gz
INFO:2025-10-30 14:27:03,753:Successfully computed HSC for P59990.
INFO:2025-10-30 14:27:03,753:Processing P59991 with model AF-P59991-F1-model_v4.pdb
INFO:2025-10-30 14:27:03,783:Computing HSC features for: P59991, ENST00000360770, ../Ntranos_Rotation/ESM-SaProt/AF-P59991-F1-model_v4.pdb.gz
INFO:2025-10-30 14:27:33,086:Successfully computed HSC for P59991.
INFO:2025-10-30 14:27:33,086:Processing P59998 with model AF-P59998-F1-model_v4.pdb
INFO:2025-10-30 14:27:33,124:Computing HSC features for: P59998, ENST00000397261, ../Ntranos_Rotation/ESM-SaProt/AF-P59998-F1-model_v4.pdb.gz
INFO:2025-10-30 14:28:01,976:Successfully computed HSC for P59998.
INFO:2025-10-30 14:28:01,976:Processing P60002 with model AF-P60002-F1-model_v4.pdb
INFO:2025-10-30 14:28:02,013:Computing HSC features for: P60002, ENST00000252445, ../Ntranos_Rotation/ESM-SaProt/AF-P60002-F1-model_v4.pdb.gz
INFO:2025-10-30 14:28:22,459:Successfully computed HSC for P60002.
INFO:2025-10-30 14:28:22,459:Processing P60006 with model AF-P60006-F1-model_v4.pdb
INFO:2025-10-30 14:28:22,508:Computing HSC features for: P60006, ENST00000227618, ../Ntranos_Rotation/ESM-SaProt/AF-P60006-F1-model_v4.pdb.gz
INFO:2025-10-30 14:28:43,597:Successfully computed HSC for P60006.
INFO:2025-10-30 14:28:43,597:Processing P60008 with model AF-P60008-F1-model_v4.pdb
ERROR:2025-10-30 14:28:43,674:No ENST transcript IDs were mapped to P60008
INFO:2025-10-30 14:28:43,674:Processing P60014 with model AF-P60014-F1-model_v4.pdb
INFO:2025-10-30 14:28:43,759:Computing HSC features for: P60014, ENST00000380095, ../Ntranos_Rotation/ESM-SaProt/AF-P60014-F1-model_v4.pdb.gz
INFO:2025-10-30 14:29:33,031:Successfully computed HSC for P60014.
INFO:2025-10-30 14:29:33,031:Processing P60022 with model AF-P60022-F1-model_v4.pdb
INFO:2025-10-30 14:29:33,088:Computing HSC features for: P60022, ENST00000297439, ../Ntranos_Rotation/ESM-SaProt/AF-P60022-F1-model_v4.pdb.gz
INFO:2025-10-30 14:29:42,787:Successfully computed HSC for P60022.
INFO:2025-10-30 14:29:42,787:Processing P60033 with model AF-P60033-F1-model_v4.pdb
INFO:2025-10-30 14:29:42,890:Computing HSC features for: P60033, ENST00000263645, ../Ntranos_Rotation/ESM-SaProt/AF-P60033-F1-model_v4.pdb.gz
INFO:2025-10-30 14:30:12,594:Successfully computed HSC for P60033.
INFO:2025-10-30 14:30:12,595:Processing P60059 with model AF-P60059-F1-model_v4.pdb
INFO:2025-10-30 14:30:12,620:Computing HSC features for: P60059, ENST00000352861, ../Ntranos_Rotation/ESM-SaProt/AF-P60059-F1-model_v4.pdb.gz
INFO:2025-10-30 14:30:19,012:Successfully computed HSC for P60059.
INFO:2025-10-30 14:30:19,012:Processing P60153 with model AF-P60153-F1-model_v4.pdb
INFO:2025-10-30 14:30:19,068:Computing HSC features for: P60153, ENST00000338904, ../Ntranos_Rotation/ESM-SaProt/AF-P60153-F1-model_v4.pdb.gz
INFO:2025-10-30 14:30:39,824:Successfully computed HSC for P60153.
INFO:2025-10-30 14:30:39,825:Processing P60174 with model AF-P60174-F1-model_v4.pdb
INFO:2025-10-30 14:30:39,917:Computing HSC features for: P60174, ENST00000396705, ../Ntranos_Rotation/ESM-SaProt/AF-P60174-F1-model_v4.pdb.gz
INFO:2025-10-30 14:31:30,405:Successfully computed HSC for P60174.
INFO:2025-10-30 14:31:30,405:Processing P60201 with model AF-P60201-F1-model_v4.pdb
ERROR:2025-10-30 14:31:30,499:No transcript record found for P60201 in gnomAD.
INFO:2025-10-30 14:31:30,499:Processing P60228 with model AF-P60228-F1-model_v4.pdb
INFO:2025-10-30 14:31:30,689:Computing HSC features for: P60228, ENST00000220849, ../Ntranos_Rotation/ESM-SaProt/AF-P60228-F1-model_v4.pdb.gz
INFO:2025-10-30 14:32:36,321:Successfully computed HSC for P60228.
INFO:2025-10-30 14:32:36,321:Processing P60321 with model AF-P60321-F1-model_v4.pdb
INFO:2025-10-30 14:32:36,368:Computing HSC features for: P60321, ENST00000341294, ../Ntranos_Rotation/ESM-SaProt/AF-P60321-F1-model_v4.pdb.gz
INFO:2025-10-30 14:33:03,944:Successfully computed HSC for P60321.
INFO:2025-10-30 14:33:03,944:Processing P60323 with model AF-P60323-F1-model_v4.pdb
INFO:2025-10-30 14:33:03,998:Computing HSC features for: P60323, ENST00000397555, ../Ntranos_Rotation/ESM-SaProt/AF-P60323-F1-model_v4.pdb.gz
INFO:2025-10-30 14:33:29,344:Successfully computed HSC for P60323.
INFO:2025-10-30 14:33:29,344:Processing P60328 with model AF-P60328-F1-model_v4.pdb
INFO:2025-10-30 14:33:29,388:Computing HSC features for: P60328, ENST00000397907, ../Ntranos_Rotation/ESM-SaProt/AF-P60328-F1-model_v4.pdb.gz
INFO:2025-10-30 14:33:52,375:Successfully computed HSC for P60328.
INFO:2025-10-30 14:33:52,375:Processing P60329 with model AF-P60329-F1-model_v4.pdb
INFO:2025-10-30 14:33:52,427:Computing HSC features for: P60329, ENST00000391618, ../Ntranos_Rotation/ESM-SaProt/AF-P60329-F1-model_v4.pdb.gz
INFO:2025-10-30 14:34:07,586:Successfully computed HSC for P60329.
INFO:2025-10-30 14:34:07,586:Processing P60331 with model AF-P60331-F1-model_v4.pdb
INFO:2025-10-30 14:34:07,638:Computing HSC features for: P60331, ENST00000400375, ../Ntranos_Rotation/ESM-SaProt/AF-P60331-F1-model_v4.pdb.gz
INFO:2025-10-30 14:34:45,459:Successfully computed HSC for P60331.
INFO:2025-10-30 14:34:45,459:Processing P60368 with model AF-P60368-F1-model_v4.pdb
INFO:2025-10-30 14:34:45,528:Computing HSC features for: P60368, ENST00000391621, ../Ntranos_Rotation/ESM-SaProt/AF-P60368-F1-model_v4.pdb.gz
INFO:2025-10-30 14:35:35,220:Successfully computed HSC for P60368.
INFO:2025-10-30 14:35:35,220:Processing P60369 with model AF-P60369-F1-model_v4.pdb
INFO:2025-10-30 14:35:35,285:Computing HSC features for: P60369, ENST00000391620, ../Ntranos_Rotation/ESM-SaProt/AF-P60369-F1-model_v4.pdb.gz
INFO:2025-10-30 14:36:05,645:Successfully computed HSC for P60369.
INFO:2025-10-30 14:36:05,645:Processing P60370 with model AF-P60370-F1-model_v4.pdb
INFO:2025-10-30 14:36:05,848:Computing HSC features for: P60370, ENST00000400372, ../Ntranos_Rotation/ESM-SaProt/AF-P60370-F1-model_v4.pdb.gz
INFO:2025-10-30 14:36:41,795:Successfully computed HSC for P60370.
INFO:2025-10-30 14:36:41,795:Processing P60371 with model AF-P60371-F1-model_v4.pdb
INFO:2025-10-30 14:36:41,875:Computing HSC features for: P60371, ENST00000400368, ../Ntranos_Rotation/ESM-SaProt/AF-P60371-F1-model_v4.pdb.gz
INFO:2025-10-30 14:37:26,966:Successfully computed HSC for P60371.
INFO:2025-10-30 14:37:26,966:Processing P60372 with model AF-P60372-F1-model_v4.pdb
INFO:2025-10-30 14:37:27,030:Computing HSC features for: P60372, ENST00000400374, ../Ntranos_Rotation/ESM-SaProt/AF-P60372-F1-model_v4.pdb.gz
INFO:2025-10-30 14:38:12,953:Successfully computed HSC for P60372.
INFO:2025-10-30 14:38:12,953:Processing P60409 with model AF-P60409-F1-model_v4.pdb
ERROR:2025-10-30 14:38:13,063:No transcript record found for P60409 in gnomAD.
INFO:2025-10-30 14:38:13,064:Processing P60410 with model AF-P60410-F1-model_v4.pdb
INFO:2025-10-30 14:38:13,121:Computing HSC features for: P60410, ENST00000334662, ../Ntranos_Rotation/ESM-SaProt/AF-P60410-F1-model_v4.pdb.gz
INFO:2025-10-30 14:38:42,873:Successfully computed HSC for P60410.
INFO:2025-10-30 14:38:42,873:Processing P60411 with model AF-P60411-F1-model_v4.pdb
INFO:2025-10-30 14:38:42,944:Computing HSC features for: P60411, ENST00000397911, ../Ntranos_Rotation/ESM-SaProt/AF-P60411-F1-model_v4.pdb.gz
INFO:2025-10-30 14:39:18,891:Successfully computed HSC for P60411.
INFO:2025-10-30 14:39:18,892:Processing P60412 with model AF-P60412-F1-model_v4.pdb
INFO:2025-10-30 14:39:18,950:Computing HSC features for: P60412, ENST00000334670, ../Ntranos_Rotation/ESM-SaProt/AF-P60412-F1-model_v4.pdb.gz
INFO:2025-10-30 14:39:53,763:Successfully computed HSC for P60412.
INFO:2025-10-30 14:39:53,763:Processing P60413 with model AF-P60413-F1-model_v4.pdb
INFO:2025-10-30 14:39:53,899:Computing HSC features for: P60413, ENST00000400365, ../Ntranos_Rotation/ESM-SaProt/AF-P60413-F1-model_v4.pdb.gz
INFO:2025-10-30 14:40:38,253:Successfully computed HSC for P60413.
INFO:2025-10-30 14:40:38,254:Processing P60468 with model AF-P60468-F1-model_v4.pdb
INFO:2025-10-30 14:40:38,295:Computing HSC features for: P60468, ENST00000223641, ../Ntranos_Rotation/ESM-SaProt/AF-P60468-F1-model_v4.pdb.gz
INFO:2025-10-30 14:40:54,374:Successfully computed HSC for P60468.
INFO:2025-10-30 14:40:54,374:Processing P60484 with model AF-P60484-F1-model_v4.pdb
ERROR:2025-10-30 14:40:54,494:No transcript record found for P60484 in gnomAD.
INFO:2025-10-30 14:40:54,494:Processing P60507 with model AF-P60507-F1-model_v4.pdb
ERROR:2025-10-30 14:40:54,628:No ENST transcript IDs were mapped to P60507
INFO:2025-10-30 14:40:54,628:Processing P60508 with model AF-P60508-F1-model_v4.pdb
INFO:2025-10-30 14:40:54,754:Computing HSC features for: P60508, ENST00000472091, ../Ntranos_Rotation/ESM-SaProt/AF-P60508-F1-model_v4.pdb.gz
INFO:2025-10-30 14:42:17,646:Successfully computed HSC for P60508.
INFO:2025-10-30 14:42:17,646:Processing P60509 with model AF-P60509-F1-model_v4.pdb
ERROR:2025-10-30 14:42:17,799:No ENST transcript IDs were mapped to P60509
INFO:2025-10-30 14:42:17,799:Processing P60510 with model AF-P60510-F1-model_v4.pdb
INFO:2025-10-30 14:42:17,897:Computing HSC features for: P60510, ENST00000279387, ../Ntranos_Rotation/ESM-SaProt/AF-P60510-F1-model_v4.pdb.gz
INFO:2025-10-30 14:43:27,409:Successfully computed HSC for P60510.
INFO:2025-10-30 14:43:27,409:Processing P60520 with model AF-P60520-F1-model_v4.pdb
INFO:2025-10-30 14:43:27,449:Computing HSC features for: P60520, ENST00000037243, ../Ntranos_Rotation/ESM-SaProt/AF-P60520-F1-model_v4.pdb.gz
INFO:2025-10-30 14:43:50,135:Successfully computed HSC for P60520.
INFO:2025-10-30 14:43:50,135:Processing P60568 with model AF-P60568-F1-model_v4.pdb
INFO:2025-10-30 14:43:50,202:Computing HSC features for: P60568, ENST00000226730, ../Ntranos_Rotation/ESM-SaProt/AF-P60568-F1-model_v4.pdb.gz
INFO:2025-10-30 14:44:10,693:Successfully computed HSC for P60568.
INFO:2025-10-30 14:44:10,693:Processing P60602 with model AF-P60602-F1-model_v4.pdb
INFO:2025-10-30 14:44:10,726:Computing HSC features for: P60602, ENST00000336695, ../Ntranos_Rotation/ESM-SaProt/AF-P60602-F1-model_v4.pdb.gz
INFO:2025-10-30 14:44:33,240:Successfully computed HSC for P60602.
INFO:2025-10-30 14:44:33,241:Processing P60604 with model AF-P60604-F1-model_v4.pdb
INFO:2025-10-30 14:44:33,294:Computing HSC features for: P60604, ENST00000345496, ../Ntranos_Rotation/ESM-SaProt/AF-P60604-F1-model_v4.pdb.gz
INFO:2025-10-30 14:45:08,441:Successfully computed HSC for P60604.
INFO:2025-10-30 14:45:08,441:Processing P60606 with model AF-P60606-F1-model_v4.pdb
INFO:2025-10-30 14:45:08,477:Computing HSC features for: P60606, ENST00000318978, ../Ntranos_Rotation/ESM-SaProt/AF-P60606-F1-model_v4.pdb.gz
INFO:2025-10-30 14:45:41,855:Successfully computed HSC for P60606.
INFO:2025-10-30 14:45:41,855:Processing P60608 with model AF-P60608-F1-model_v4.pdb
ERROR:2025-10-30 14:45:41,983:No ENST transcript IDs were mapped to P60608
INFO:2025-10-30 14:45:41,984:Processing P60660 with model AF-P60660-F1-model_v4.pdb
INFO:2025-10-30 14:45:42,029:Computing HSC features for: P60660, ENST00000548293, ../Ntranos_Rotation/ESM-SaProt/AF-P60660-F1-model_v4.pdb.gz
INFO:2025-10-30 14:46:09,764:Successfully computed HSC for P60660.
INFO:2025-10-30 14:46:09,764:Processing P60673 with model AF-P60673-F1-model_v4.pdb
INFO:2025-10-30 14:46:09,823:Computing HSC features for: P60673, ENST00000358571, ../Ntranos_Rotation/ESM-SaProt/AF-P60673-F1-model_v4.pdb.gz
INFO:2025-10-30 14:46:52,567:Successfully computed HSC for P60673.
INFO:2025-10-30 14:46:52,567:Processing P60709 with model AF-P60709-F1-model_v4.pdb
ERROR:2025-10-30 14:46:52,629:No transcript record found for P60709 in gnomAD.
INFO:2025-10-30 14:46:52,629:Processing P60763 with model AF-P60763-F1-model_v4.pdb
INFO:2025-10-30 14:46:52,669:Computing HSC features for: P60763, ENST00000306897, ../Ntranos_Rotation/ESM-SaProt/AF-P60763-F1-model_v4.pdb.gz
INFO:2025-10-30 14:47:34,087:Successfully computed HSC for P60763.
INFO:2025-10-30 14:47:34,088:Processing P60827 with model AF-P60827-F1-model_v4.pdb
INFO:2025-10-30 14:47:34,296:Computing HSC features for: P60827, ENST00000328449, ../Ntranos_Rotation/ESM-SaProt/AF-P60827-F1-model_v4.pdb.gz
INFO:2025-10-30 14:48:37,625:Successfully computed HSC for P60827.
INFO:2025-10-30 14:48:37,625:Processing P60842 with model AF-P60842-F1-model_v4.pdb
INFO:2025-10-30 14:48:37,689:Computing HSC features for: P60842, ENST00000293831, ../Ntranos_Rotation/ESM-SaProt/AF-P60842-F1-model_v4.pdb.gz
INFO:2025-10-30 14:49:23,970:Successfully computed HSC for P60842.
INFO:2025-10-30 14:49:23,970:Processing P60852 with model AF-P60852-F1-model_v4.pdb
INFO:2025-10-30 14:49:24,432:Computing HSC features for: P60852, ENST00000278853, ../Ntranos_Rotation/ESM-SaProt/AF-P60852-F1-model_v4.pdb.gz
INFO:2025-10-30 14:51:32,289:Successfully computed HSC for P60852.
INFO:2025-10-30 14:51:32,289:Processing P60866 with model AF-P60866-F1-model_v4.pdb
INFO:2025-10-30 14:51:32,338:Computing HSC features for: P60866, ENST00000009589, ../Ntranos_Rotation/ESM-SaProt/AF-P60866-F1-model_v4.pdb.gz
INFO:2025-10-30 14:51:56,810:Successfully computed HSC for P60866.
INFO:2025-10-30 14:51:56,810:Pipeline completed.
INFO:2025-10-30 14:51:56,810:no_enst_for_uniprot: 4
INFO:2025-10-30 14:51:56,810:no_valid_cds: 0
INFO:2025-10-30 14:51:56,810:no_variant_data: 4
INFO:2025-10-30 14:51:56,810:bad_structure: 0
INFO:2025-10-30 14:51:56,810:no_enst_mp: 0
