INFO:2025-10-30 14:26:02,957:Starting HSC computation pipeline...
INFO:2025-10-30 14:27:12,723:Processing Q8NB12 with model AF-Q8NB12-F1-model_v4.pdb
INFO:2025-10-30 14:27:12,875:Computing HSC features for: Q8NB12, ENST00000419482, ../Ntranos_Rotation/ESM-SaProt/AF-Q8NB12-F1-model_v4.pdb.gz
INFO:2025-10-30 14:28:16,170:Successfully computed HSC for Q8NB12.
INFO:2025-10-30 14:28:16,170:Processing Q8NB14 with model AF-Q8NB14-F1-model_v4.pdb
INFO:2025-10-30 14:28:16,352:Computing HSC features for: Q8NB14, ENST00000307017, ../Ntranos_Rotation/ESM-SaProt/AF-Q8NB14-F1-model_v4.pdb.gz
INFO:2025-10-30 14:29:52,163:Successfully computed HSC for Q8NB14.
INFO:2025-10-30 14:29:52,163:Processing Q8NB15 with model AF-Q8NB15-F1-model_v4.pdb
INFO:2025-10-30 14:29:52,365:Computing HSC features for: Q8NB15, ENST00000361518, ../Ntranos_Rotation/ESM-SaProt/AF-Q8NB15-F1-model_v4.pdb.gz
INFO:2025-10-30 14:30:31,472:Successfully computed HSC for Q8NB15.
INFO:2025-10-30 14:30:31,472:Processing Q8NB16 with model AF-Q8NB16-F1-model_v4.pdb
INFO:2025-10-30 14:30:31,690:Computing HSC features for: Q8NB16, ENST00000308807, ../Ntranos_Rotation/ESM-SaProt/AF-Q8NB16-F1-model_v4.pdb.gz
INFO:2025-10-30 14:31:22,049:Successfully computed HSC for Q8NB16.
INFO:2025-10-30 14:31:22,049:Processing Q8NB25 with model AF-Q8NB25-F1-model_v4.pdb
INFO:2025-10-30 14:31:22,226:Computing HSC features for: Q8NB25, ENST00000338891, ../Ntranos_Rotation/ESM-SaProt/AF-Q8NB25-F1-model_v4.pdb.gz
INFO:2025-10-30 14:33:02,245:Successfully computed HSC for Q8NB25.
INFO:2025-10-30 14:33:02,245:Processing Q8NB37 with model AF-Q8NB37-F1-model_v4.pdb
INFO:2025-10-30 14:33:02,319:Computing HSC features for: Q8NB37, ENST00000319863, ../Ntranos_Rotation/ESM-SaProt/AF-Q8NB37-F1-model_v4.pdb.gz
INFO:2025-10-30 14:33:37,195:Successfully computed HSC for Q8NB37.
INFO:2025-10-30 14:33:37,195:Processing Q8NB42 with model AF-Q8NB42-F1-model_v4.pdb
INFO:2025-10-30 14:33:37,349:Computing HSC features for: Q8NB42, ENST00000436120, ../Ntranos_Rotation/ESM-SaProt/AF-Q8NB42-F1-model_v4.pdb.gz
INFO:2025-10-30 14:34:31,814:Successfully computed HSC for Q8NB42.
INFO:2025-10-30 14:34:31,814:Processing Q8NB46 with model AF-Q8NB46-F1-model_v4.pdb
INFO:2025-10-30 14:34:31,965:Computing HSC features for: Q8NB46, ENST00000267116, ../Ntranos_Rotation/ESM-SaProt/AF-Q8NB46-F1-model_v4.pdb.gz
INFO:2025-10-30 14:36:41,366:Successfully computed HSC for Q8NB46.
INFO:2025-10-30 14:36:41,366:Processing Q8NB49 with model AF-Q8NB49-F1-model_v4.pdb
INFO:2025-10-30 14:36:41,620:Computing HSC features for: Q8NB49, ENST00000327569, ../Ntranos_Rotation/ESM-SaProt/AF-Q8NB49-F1-model_v4.pdb.gz
INFO:2025-10-30 14:38:23,140:Successfully computed HSC for Q8NB49.
INFO:2025-10-30 14:38:23,140:Processing Q8NB50 with model AF-Q8NB50-F1-model_v4.pdb
INFO:2025-10-30 14:38:23,278:Computing HSC features for: Q8NB50, ENST00000502412, ../Ntranos_Rotation/ESM-SaProt/AF-Q8NB50-F1-model_v4.pdb.gz
INFO:2025-10-30 14:39:43,919:Successfully computed HSC for Q8NB50.
INFO:2025-10-30 14:39:43,919:Processing Q8NB59 with model AF-Q8NB59-F1-model_v4.pdb
INFO:2025-10-30 14:39:44,064:Computing HSC features for: Q8NB59, ENST00000472886, ../Ntranos_Rotation/ESM-SaProt/AF-Q8NB59-F1-model_v4.pdb.gz
INFO:2025-10-30 14:40:31,544:Successfully computed HSC for Q8NB59.
INFO:2025-10-30 14:40:31,544:Processing Q8NB66 with model AF-Q8NB66-F1-model_v4.pdb
INFO:2025-10-30 14:40:31,943:Computing HSC features for: Q8NB66, ENST00000260323, ../Ntranos_Rotation/ESM-SaProt/AF-Q8NB66-F1-model_v4.pdb.gz
INFO:2025-10-30 14:43:38,490:Successfully computed HSC for Q8NB66.
INFO:2025-10-30 14:43:38,491:Processing Q8NB78 with model AF-Q8NB78-F1-model_v4.pdb
ERROR:2025-10-30 14:43:38,614:No transcript record found for Q8NB78 in gnomAD.
INFO:2025-10-30 14:43:38,614:Processing Q8NB90 with model AF-Q8NB90-F1-model_v4.pdb
INFO:2025-10-30 14:43:38,881:Computing HSC features for: Q8NB90, ENST00000274008, ../Ntranos_Rotation/ESM-SaProt/AF-Q8NB90-F1-model_v4.pdb.gz
INFO:2025-10-30 14:44:58,552:Successfully computed HSC for Q8NB90.
INFO:2025-10-30 14:44:58,552:Processing Q8NB91 with model AF-Q8NB91-F1-model_v4.pdb
ERROR:2025-10-30 14:44:58,832:No transcript record found for Q8NB91 in gnomAD.
INFO:2025-10-30 14:44:58,832:Processing Q8NBA8 with model AF-Q8NBA8-F1-model_v4.pdb
INFO:2025-10-30 14:44:58,934:Computing HSC features for: Q8NBA8, ENST00000510708, ../Ntranos_Rotation/ESM-SaProt/AF-Q8NBA8-F1-model_v4.pdb.gz
INFO:2025-10-30 14:45:35,003:Successfully computed HSC for Q8NBA8.
INFO:2025-10-30 14:45:35,003:Processing Q8NBB2 with model AF-Q8NBB2-F1-model_v4.pdb
ERROR:2025-10-30 14:45:35,063:No ENST transcript IDs were mapped to Q8NBB2
INFO:2025-10-30 14:45:35,063:Processing Q8NBB4 with model AF-Q8NBB4-F1-model_v4.pdb
INFO:2025-10-30 14:45:35,163:Computing HSC features for: Q8NBB4, ENST00000282326, ../Ntranos_Rotation/ESM-SaProt/AF-Q8NBB4-F1-model_v4.pdb.gz
INFO:2025-10-30 14:46:30,195:Successfully computed HSC for Q8NBB4.
INFO:2025-10-30 14:46:30,195:Processing Q8NBC4 with model AF-Q8NBC4-F1-model_v4.pdb
ERROR:2025-10-30 14:46:30,343:No transcript record found for Q8NBC4 in gnomAD.
INFO:2025-10-30 14:46:30,344:Processing Q8NBD8 with model AF-Q8NBD8-F1-model_v4.pdb
INFO:2025-10-30 14:46:30,464:Computing HSC features for: Q8NBD8, ENST00000357461, ../Ntranos_Rotation/ESM-SaProt/AF-Q8NBD8-F1-model_v4.pdb.gz
INFO:2025-10-30 14:46:57,938:Successfully computed HSC for Q8NBD8.
INFO:2025-10-30 14:46:57,938:Processing Q8NBE8 with model AF-Q8NBE8-F1-model_v4.pdb
INFO:2025-10-30 14:46:58,049:Computing HSC features for: Q8NBE8, ENST00000272797, ../Ntranos_Rotation/ESM-SaProt/AF-Q8NBE8-F1-model_v4.pdb.gz
INFO:2025-10-30 14:47:51,287:Successfully computed HSC for Q8NBE8.
INFO:2025-10-30 14:47:51,287:Processing Q8NBF1 with model AF-Q8NBF1-F1-model_v4.pdb
INFO:2025-10-30 14:47:51,386:Computing HSC features for: Q8NBF1, ENST00000312233, ../Ntranos_Rotation/ESM-SaProt/AF-Q8NBF1-F1-model_v4.pdb.gz
INFO:2025-10-30 14:49:21,315:Successfully computed HSC for Q8NBF1.
INFO:2025-10-30 14:49:21,315:Processing Q8NBF2 with model AF-Q8NBF2-F1-model_v4.pdb
INFO:2025-10-30 14:49:21,431:Computing HSC features for: Q8NBF2, ENST00000369301, ../Ntranos_Rotation/ESM-SaProt/AF-Q8NBF2-F1-model_v4.pdb.gz
INFO:2025-10-30 14:50:24,358:Successfully computed HSC for Q8NBF2.
INFO:2025-10-30 14:50:24,359:Processing Q8NBF4 with model AF-Q8NBF4-F1-model_v4.pdb
ERROR:2025-10-30 14:50:24,418:No ENST transcript IDs were mapped to Q8NBF4
INFO:2025-10-30 14:50:24,418:Processing Q8NBF6 with model AF-Q8NBF6-F1-model_v4.pdb
INFO:2025-10-30 14:50:24,521:Computing HSC features for: Q8NBF6, ENST00000318709, ../Ntranos_Rotation/ESM-SaProt/AF-Q8NBF6-F1-model_v4.pdb.gz
INFO:2025-10-30 14:51:24,645:Successfully computed HSC for Q8NBF6.
INFO:2025-10-30 14:51:24,646:Processing Q8NBH2 with model AF-Q8NBH2-F1-model_v4.pdb
INFO:2025-10-30 14:51:24,808:Computing HSC features for: Q8NBH2, ENST00000423778, ../Ntranos_Rotation/ESM-SaProt/AF-Q8NBH2-F1-model_v4.pdb.gz
INFO:2025-10-30 14:52:34,395:Successfully computed HSC for Q8NBH2.
INFO:2025-10-30 14:52:34,395:Processing Q8NBI2 with model AF-Q8NBI2-F1-model_v4.pdb
INFO:2025-10-30 14:52:34,468:Computing HSC features for: Q8NBI2, ENST00000294072, ../Ntranos_Rotation/ESM-SaProt/AF-Q8NBI2-F1-model_v4.pdb.gz
INFO:2025-10-30 14:53:13,914:Successfully computed HSC for Q8NBI2.
INFO:2025-10-30 14:53:13,914:Processing Q8NBI3 with model AF-Q8NBI3-F1-model_v4.pdb
INFO:2025-10-30 14:53:14,049:Computing HSC features for: Q8NBI3, ENST00000294485, ../Ntranos_Rotation/ESM-SaProt/AF-Q8NBI3-F1-model_v4.pdb.gz
INFO:2025-10-30 14:54:05,196:Successfully computed HSC for Q8NBI3.
INFO:2025-10-30 14:54:05,196:Processing Q8NBI5 with model AF-Q8NBI5-F1-model_v4.pdb
INFO:2025-10-30 14:54:05,317:Computing HSC features for: Q8NBI5, ENST00000352187, ../Ntranos_Rotation/ESM-SaProt/AF-Q8NBI5-F1-model_v4.pdb.gz
INFO:2025-10-30 14:54:56,926:Successfully computed HSC for Q8NBI5.
INFO:2025-10-30 14:54:56,926:Processing Q8NBI6 with model AF-Q8NBI6-F1-model_v4.pdb
INFO:2025-10-30 14:54:57,035:Computing HSC features for: Q8NBI6, ENST00000310380, ../Ntranos_Rotation/ESM-SaProt/AF-Q8NBI6-F1-model_v4.pdb.gz
INFO:2025-10-30 14:56:07,862:Successfully computed HSC for Q8NBI6.
INFO:2025-10-30 14:56:07,862:Processing Q8NBJ4 with model AF-Q8NBJ4-F1-model_v4.pdb
INFO:2025-10-30 14:56:07,938:Computing HSC features for: Q8NBJ4, ENST00000388711, ../Ntranos_Rotation/ESM-SaProt/AF-Q8NBJ4-F1-model_v4.pdb.gz
INFO:2025-10-30 14:56:56,679:Successfully computed HSC for Q8NBJ4.
INFO:2025-10-30 14:56:56,680:Processing Q8NBJ5 with model AF-Q8NBJ5-F1-model_v4.pdb
INFO:2025-10-30 14:56:56,806:Computing HSC features for: Q8NBJ5, ENST00000252599, ../Ntranos_Rotation/ESM-SaProt/AF-Q8NBJ5-F1-model_v4.pdb.gz
INFO:2025-10-30 14:58:37,133:Successfully computed HSC for Q8NBJ5.
INFO:2025-10-30 14:58:37,134:Processing Q8NBJ7 with model AF-Q8NBJ7-F1-model_v4.pdb
INFO:2025-10-30 14:58:37,231:Computing HSC features for: Q8NBJ7, ENST00000434526, ../Ntranos_Rotation/ESM-SaProt/AF-Q8NBJ7-F1-model_v4.pdb.gz
INFO:2025-10-30 14:59:25,572:Successfully computed HSC for Q8NBJ7.
INFO:2025-10-30 14:59:25,572:Processing Q8NBJ9 with model AF-Q8NBJ9-F1-model_v4.pdb
INFO:2025-10-30 14:59:25,791:Computing HSC features for: Q8NBJ9, ENST00000324225, ../Ntranos_Rotation/ESM-SaProt/AF-Q8NBJ9-F1-model_v4.pdb.gz
INFO:2025-10-30 15:01:15,684:Successfully computed HSC for Q8NBJ9.
INFO:2025-10-30 15:01:15,684:Processing Q8NBK3 with model AF-Q8NBK3-F1-model_v4.pdb
INFO:2025-10-30 15:01:15,776:Computing HSC features for: Q8NBK3, ENST00000272902, ../Ntranos_Rotation/ESM-SaProt/AF-Q8NBK3-F1-model_v4.pdb.gz
INFO:2025-10-30 15:02:15,144:Successfully computed HSC for Q8NBK3.
INFO:2025-10-30 15:02:15,144:Processing Q8NBL1 with model AF-Q8NBL1-F1-model_v4.pdb
INFO:2025-10-30 15:02:15,429:Computing HSC features for: Q8NBL1, ENST00000295588, ../Ntranos_Rotation/ESM-SaProt/AF-Q8NBL1-F1-model_v4.pdb.gz
INFO:2025-10-30 15:02:52,594:Successfully computed HSC for Q8NBL1.
INFO:2025-10-30 15:02:52,594:Processing Q8NBL3 with model AF-Q8NBL3-F1-model_v4.pdb
INFO:2025-10-30 15:02:52,707:Computing HSC features for: Q8NBL3, ENST00000281961, ../Ntranos_Rotation/ESM-SaProt/AF-Q8NBL3-F1-model_v4.pdb.gz
INFO:2025-10-30 15:04:01,876:Successfully computed HSC for Q8NBL3.
INFO:2025-10-30 15:04:01,876:Processing Q8NBM4 with model AF-Q8NBM4-F1-model_v4.pdb
INFO:2025-10-30 15:04:01,971:Computing HSC features for: Q8NBM4, ENST00000403766, ../Ntranos_Rotation/ESM-SaProt/AF-Q8NBM4-F1-model_v4.pdb.gz
INFO:2025-10-30 15:05:10,640:Successfully computed HSC for Q8NBM4.
INFO:2025-10-30 15:05:10,640:Processing Q8NBM8 with model AF-Q8NBM8-F1-model_v4.pdb
INFO:2025-10-30 15:05:10,766:Computing HSC features for: Q8NBM8, ENST00000274569, ../Ntranos_Rotation/ESM-SaProt/AF-Q8NBM8-F1-model_v4.pdb.gz
INFO:2025-10-30 15:06:23,031:Successfully computed HSC for Q8NBM8.
INFO:2025-10-30 15:06:23,031:Processing Q8NBN3 with model AF-Q8NBN3-F1-model_v4.pdb
INFO:2025-10-30 15:06:23,172:Computing HSC features for: Q8NBN3, ENST00000389834, ../Ntranos_Rotation/ESM-SaProt/AF-Q8NBN3-F1-model_v4.pdb.gz
INFO:2025-10-30 15:07:19,839:Successfully computed HSC for Q8NBN3.
INFO:2025-10-30 15:07:19,840:Processing Q8NBN7 with model AF-Q8NBN7-F1-model_v4.pdb
INFO:2025-10-30 15:07:19,933:Computing HSC features for: Q8NBN7, ENST00000415061, ../Ntranos_Rotation/ESM-SaProt/AF-Q8NBN7-F1-model_v4.pdb.gz
INFO:2025-10-30 15:08:09,375:Successfully computed HSC for Q8NBN7.
INFO:2025-10-30 15:08:09,376:Processing Q8NBP0 with model AF-Q8NBP0-F1-model_v4.pdb
INFO:2025-10-30 15:08:09,574:Computing HSC features for: Q8NBP0, ENST00000366661, ../Ntranos_Rotation/ESM-SaProt/AF-Q8NBP0-F1-model_v4.pdb.gz
INFO:2025-10-30 15:09:40,918:Successfully computed HSC for Q8NBP0.
INFO:2025-10-30 15:09:40,919:Processing Q8NBP5 with model AF-Q8NBP5-F1-model_v4.pdb
INFO:2025-10-30 15:09:41,044:Computing HSC features for: Q8NBP5, ENST00000258436, ../Ntranos_Rotation/ESM-SaProt/AF-Q8NBP5-F1-model_v4.pdb.gz
INFO:2025-10-30 15:10:57,350:Successfully computed HSC for Q8NBP5.
INFO:2025-10-30 15:10:57,350:Processing Q8NBP7 with model AF-Q8NBP7-F1-model_v4.pdb
INFO:2025-10-30 15:10:57,507:Computing HSC features for: Q8NBP7, ENST00000302118, ../Ntranos_Rotation/ESM-SaProt/AF-Q8NBP7-F1-model_v4.pdb.gz
INFO:2025-10-30 15:12:54,289:Successfully computed HSC for Q8NBP7.
INFO:2025-10-30 15:12:54,289:Processing Q8NBQ5 with model AF-Q8NBQ5-F1-model_v4.pdb
INFO:2025-10-30 15:12:54,354:Computing HSC features for: Q8NBQ5, ENST00000358290, ../Ntranos_Rotation/ESM-SaProt/AF-Q8NBQ5-F1-model_v4.pdb.gz
INFO:2025-10-30 15:13:36,498:Successfully computed HSC for Q8NBQ5.
INFO:2025-10-30 15:13:36,498:Processing Q8NBQ7 with model AF-Q8NBQ7-F1-model_v4.pdb
INFO:2025-10-30 15:13:36,554:Computing HSC features for: Q8NBQ7, ENST00000313578, ../Ntranos_Rotation/ESM-SaProt/AF-Q8NBQ7-F1-model_v4.pdb.gz
INFO:2025-10-30 15:14:18,427:Successfully computed HSC for Q8NBQ7.
INFO:2025-10-30 15:14:18,427:Processing Q8NBR0 with model AF-Q8NBR0-F1-model_v4.pdb
INFO:2025-10-30 15:14:18,534:Computing HSC features for: Q8NBR0, ENST00000301057, ../Ntranos_Rotation/ESM-SaProt/AF-Q8NBR0-F1-model_v4.pdb.gz
INFO:2025-10-30 15:15:16,205:Successfully computed HSC for Q8NBR0.
INFO:2025-10-30 15:15:16,205:Processing Q8NBR6 with model AF-Q8NBR6-F1-model_v4.pdb
INFO:2025-10-30 15:15:16,302:Computing HSC features for: Q8NBR6, ENST00000559228, ../Ntranos_Rotation/ESM-SaProt/AF-Q8NBR6-F1-model_v4.pdb.gz
INFO:2025-10-30 15:16:29,750:Successfully computed HSC for Q8NBR6.
INFO:2025-10-30 15:16:29,750:Processing Q8NBR9 with model AF-Q8NBR9-F1-model_v4.pdb
ERROR:2025-10-30 15:16:29,833:No ENST transcript IDs were mapped to Q8NBR9
INFO:2025-10-30 15:16:29,833:Processing Q8NBS3 with model AF-Q8NBS3-F1-model_v4.pdb
INFO:2025-10-30 15:16:30,063:Computing HSC features for: Q8NBS3, ENST00000380056, ../Ntranos_Rotation/ESM-SaProt/AF-Q8NBS3-F1-model_v4.pdb.gz
INFO:2025-10-30 15:18:42,265:Successfully computed HSC for Q8NBS3.
INFO:2025-10-30 15:18:42,265:Pipeline completed.
INFO:2025-10-30 15:18:42,266:no_enst_for_uniprot: 3
INFO:2025-10-30 15:18:42,266:no_valid_cds: 0
INFO:2025-10-30 15:18:42,266:no_variant_data: 3
INFO:2025-10-30 15:18:42,266:bad_structure: 0
INFO:2025-10-30 15:18:42,266:no_enst_mp: 0
