INFO:2025-10-30 14:25:03,929:Starting HSC computation pipeline...
INFO:2025-10-30 14:26:20,076:Processing Q02446 with model AF-Q02446-F1-model_v4.pdb
INFO:2025-10-30 14:26:20,227:Computing HSC features for: Q02446, ENST00000222584, ../Ntranos_Rotation/ESM-SaProt/AF-Q02446-F1-model_v4.pdb.gz
INFO:2025-10-30 14:27:54,178:Successfully computed HSC for Q02446.
INFO:2025-10-30 14:27:54,178:Processing Q02447 with model AF-Q02447-F1-model_v4.pdb
INFO:2025-10-30 14:27:54,263:Computing HSC features for: Q02447, ENST00000310015, ../Ntranos_Rotation/ESM-SaProt/AF-Q02447-F1-model_v4.pdb.gz
INFO:2025-10-30 14:29:24,176:Successfully computed HSC for Q02447.
INFO:2025-10-30 14:29:24,177:Processing Q02487 with model AF-Q02487-F1-model_v4.pdb
INFO:2025-10-30 14:29:24,386:Computing HSC features for: Q02487, ENST00000280904, ../Ntranos_Rotation/ESM-SaProt/AF-Q02487-F1-model_v4.pdb.gz
INFO:2025-10-30 14:30:59,018:Successfully computed HSC for Q02487.
INFO:2025-10-30 14:30:59,018:Processing Q6IF63 with model AF-Q6IF63-F1-model_v4.pdb
INFO:2025-10-30 14:30:59,106:Computing HSC features for: Q6IF63, ENST00000311352, ../Ntranos_Rotation/ESM-SaProt/AF-Q6IF63-F1-model_v4.pdb.gz
INFO:2025-10-30 14:31:49,711:Successfully computed HSC for Q6IF63.
INFO:2025-10-30 14:31:49,712:Processing Q6IF82 with model AF-Q6IF82-F1-model_v4.pdb
INFO:2025-10-30 14:31:49,806:Computing HSC features for: Q6IF82, ENST00000446524, ../Ntranos_Rotation/ESM-SaProt/AF-Q6IF82-F1-model_v4.pdb.gz
INFO:2025-10-30 14:32:21,955:Successfully computed HSC for Q6IF82.
INFO:2025-10-30 14:32:21,955:Processing Q6IF99 with model AF-Q6IF99-F1-model_v4.pdb
ERROR:2025-10-30 14:32:22,040:No transcript record found for Q6IF99 in gnomAD.
INFO:2025-10-30 14:32:22,040:Processing Q6IFG1 with model AF-Q6IFG1-F1-model_v4.pdb
INFO:2025-10-30 14:32:22,139:Computing HSC features for: Q6IFG1, ENST00000537935, ../Ntranos_Rotation/ESM-SaProt/AF-Q6IFG1-F1-model_v4.pdb.gz
INFO:2025-10-30 14:32:53,118:Successfully computed HSC for Q6IFG1.
INFO:2025-10-30 14:32:53,118:Processing Q6IFH4 with model AF-Q6IFH4-F1-model_v4.pdb
INFO:2025-10-30 14:32:53,190:Computing HSC features for: Q6IFH4, ENST00000319423, ../Ntranos_Rotation/ESM-SaProt/AF-Q6IFH4-F1-model_v4.pdb.gz
INFO:2025-10-30 14:33:34,009:Successfully computed HSC for Q6IFH4.
INFO:2025-10-30 14:33:34,009:Processing Q6IFN5 with model AF-Q6IFN5-F1-model_v4.pdb
INFO:2025-10-30 14:33:34,113:Computing HSC features for: Q6IFN5, ENST00000456448, ../Ntranos_Rotation/ESM-SaProt/AF-Q6IFN5-F1-model_v4.pdb.gz
INFO:2025-10-30 14:34:13,898:Successfully computed HSC for Q6IFN5.
INFO:2025-10-30 14:34:13,899:Processing Q6IMI4 with model AF-Q6IMI4-F1-model_v4.pdb
INFO:2025-10-30 14:34:13,955:Computing HSC features for: Q6IMI4, ENST00000535679, ../Ntranos_Rotation/ESM-SaProt/AF-Q6IMI4-F1-model_v4.pdb.gz
INFO:2025-10-30 14:35:00,084:Successfully computed HSC for Q6IMI4.
INFO:2025-10-30 14:35:00,085:Processing Q6IMI6 with model AF-Q6IMI6-F1-model_v4.pdb
INFO:2025-10-30 14:35:00,226:Computing HSC features for: Q6IMI6, ENST00000329106, ../Ntranos_Rotation/ESM-SaProt/AF-Q6IMI6-F1-model_v4.pdb.gz
INFO:2025-10-30 14:35:46,316:Successfully computed HSC for Q6IMI6.
INFO:2025-10-30 14:35:46,316:Processing Q6IMN6 with model AF-Q6IMN6-F1-model_v4.pdb
ERROR:2025-10-30 14:35:46,549:No transcript record found for Q6IMN6 in gnomAD.
INFO:2025-10-30 14:35:46,549:Processing Q6IN84 with model AF-Q6IN84-F1-model_v4.pdb
ERROR:2025-10-30 14:35:46,647:No transcript record found for Q6IN84 in gnomAD.
INFO:2025-10-30 14:35:46,647:Processing Q6IN85 with model AF-Q6IN85-F1-model_v4.pdb
INFO:2025-10-30 14:35:46,848:Computing HSC features for: Q6IN85, ENST00000554943, ../Ntranos_Rotation/ESM-SaProt/AF-Q6IN85-F1-model_v4.pdb.gz
INFO:2025-10-30 14:37:35,609:Successfully computed HSC for Q6IN85.
INFO:2025-10-30 14:37:35,609:Processing Q6IN97 with model AF-Q6IN97-F1-model_v4.pdb
ERROR:2025-10-30 14:37:35,703:No ENST transcript IDs were mapped to Q6IN97
INFO:2025-10-30 14:37:35,703:Processing Q6IPM2 with model AF-Q6IPM2-F1-model_v4.pdb
INFO:2025-10-30 14:37:35,997:Computing HSC features for: Q6IPM2, ENST00000402050, ../Ntranos_Rotation/ESM-SaProt/AF-Q6IPM2-F1-model_v4.pdb.gz
INFO:2025-10-30 14:39:33,339:Successfully computed HSC for Q6IPM2.
INFO:2025-10-30 14:39:33,339:Processing Q6IPR1 with model AF-Q6IPR1-F1-model_v4.pdb
INFO:2025-10-30 14:39:33,394:Computing HSC features for: Q6IPR1, ENST00000381356, ../Ntranos_Rotation/ESM-SaProt/AF-Q6IPR1-F1-model_v4.pdb.gz
INFO:2025-10-30 14:39:42,710:Successfully computed HSC for Q6IPR1.
INFO:2025-10-30 14:39:42,711:Processing Q6IPR3 with model AF-Q6IPR3-F1-model_v4.pdb
INFO:2025-10-30 14:39:42,779:Computing HSC features for: Q6IPR3, ENST00000370867, ../Ntranos_Rotation/ESM-SaProt/AF-Q6IPR3-F1-model_v4.pdb.gz
INFO:2025-10-30 14:40:17,457:Successfully computed HSC for Q6IPR3.
INFO:2025-10-30 14:40:17,457:Processing Q6IPT2 with model AF-Q6IPT2-F1-model_v4.pdb
INFO:2025-10-30 14:40:17,521:Computing HSC features for: Q6IPT2, ENST00000600100, ../Ntranos_Rotation/ESM-SaProt/AF-Q6IPT2-F1-model_v4.pdb.gz
INFO:2025-10-30 14:41:05,702:Successfully computed HSC for Q6IPT2.
INFO:2025-10-30 14:41:05,702:Processing Q6IPT4 with model AF-Q6IPT4-F1-model_v4.pdb
INFO:2025-10-30 14:41:05,772:Computing HSC features for: Q6IPT4, ENST00000534324, ../Ntranos_Rotation/ESM-SaProt/AF-Q6IPT4-F1-model_v4.pdb.gz
INFO:2025-10-30 14:41:45,458:Successfully computed HSC for Q6IPT4.
INFO:2025-10-30 14:41:45,459:Processing Q6IPU0 with model AF-Q6IPU0-F1-model_v4.pdb
ERROR:2025-10-30 14:41:45,516:No transcript record found for Q6IPU0 in gnomAD.
INFO:2025-10-30 14:41:45,516:Processing Q6IPW1 with model AF-Q6IPW1-F1-model_v4.pdb
ERROR:2025-10-30 14:41:45,564:No transcript record found for Q6IPW1 in gnomAD.
INFO:2025-10-30 14:41:45,564:Processing Q6IPX1 with model AF-Q6IPX1-F1-model_v4.pdb
ERROR:2025-10-30 14:41:45,679:No transcript record found for Q6IPX1 in gnomAD.
INFO:2025-10-30 14:41:45,679:Processing Q6IPX3 with model AF-Q6IPX3-F1-model_v4.pdb
ERROR:2025-10-30 14:41:45,748:No transcript record found for Q6IPX3 in gnomAD.
INFO:2025-10-30 14:41:45,748:Processing Q6IQ16 with model AF-Q6IQ16-F1-model_v4.pdb
INFO:2025-10-30 14:41:45,809:Computing HSC features for: Q6IQ16, ENST00000280098, ../Ntranos_Rotation/ESM-SaProt/AF-Q6IQ16-F1-model_v4.pdb.gz
INFO:2025-10-30 14:42:24,602:Successfully computed HSC for Q6IQ16.
INFO:2025-10-30 14:42:24,602:Processing Q6IQ19 with model AF-Q6IQ19-F1-model_v4.pdb
INFO:2025-10-30 14:42:24,658:Computing HSC features for: Q6IQ19, ENST00000284617, ../Ntranos_Rotation/ESM-SaProt/AF-Q6IQ19-F1-model_v4.pdb.gz
INFO:2025-10-30 14:43:15,074:Successfully computed HSC for Q6IQ19.
INFO:2025-10-30 14:43:15,074:Processing Q6IQ20 with model AF-Q6IQ20-F1-model_v4.pdb
INFO:2025-10-30 14:43:15,146:Computing HSC features for: Q6IQ20, ENST00000341533, ../Ntranos_Rotation/ESM-SaProt/AF-Q6IQ20-F1-model_v4.pdb.gz
INFO:2025-10-30 14:43:57,306:Successfully computed HSC for Q6IQ20.
INFO:2025-10-30 14:43:57,307:Processing Q6IQ21 with model AF-Q6IQ21-F1-model_v4.pdb
INFO:2025-10-30 14:43:57,453:Computing HSC features for: Q6IQ21, ENST00000356321, ../Ntranos_Rotation/ESM-SaProt/AF-Q6IQ21-F1-model_v4.pdb.gz
INFO:2025-10-30 14:45:01,684:Successfully computed HSC for Q6IQ21.
INFO:2025-10-30 14:45:01,684:Processing Q6IQ22 with model AF-Q6IQ22-F1-model_v4.pdb
ERROR:2025-10-30 14:45:01,738:No ENST transcript IDs were mapped to Q6IQ22
INFO:2025-10-30 14:45:01,738:Processing Q6IQ23 with model AF-Q6IQ23-F1-model_v4.pdb
INFO:2025-10-30 14:45:01,894:Computing HSC features for: Q6IQ23, ENST00000355661, ../Ntranos_Rotation/ESM-SaProt/AF-Q6IQ23-F1-model_v4.pdb.gz
INFO:2025-10-30 14:47:39,826:Successfully computed HSC for Q6IQ23.
INFO:2025-10-30 14:47:39,826:Processing Q6IQ26 with model AF-Q6IQ26-F1-model_v4.pdb
INFO:2025-10-30 14:47:39,999:Computing HSC features for: Q6IQ26, ENST00000328194, ../Ntranos_Rotation/ESM-SaProt/AF-Q6IQ26-F1-model_v4.pdb.gz
INFO:2025-10-30 14:49:58,806:Successfully computed HSC for Q6IQ26.
INFO:2025-10-30 14:49:58,807:Processing Q6IQ32 with model AF-Q6IQ32-F1-model_v4.pdb
INFO:2025-10-30 14:49:59,028:Computing HSC features for: Q6IQ32, ENST00000262198, ../Ntranos_Rotation/ESM-SaProt/AF-Q6IQ32-F1-model_v4.pdb.gz
INFO:2025-10-30 14:52:04,146:Successfully computed HSC for Q6IQ32.
INFO:2025-10-30 14:52:04,146:Processing Q6IQ49 with model AF-Q6IQ49-F1-model_v4.pdb
INFO:2025-10-30 14:52:04,299:Computing HSC features for: Q6IQ49, ENST00000272091, ../Ntranos_Rotation/ESM-SaProt/AF-Q6IQ49-F1-model_v4.pdb.gz
INFO:2025-10-30 14:53:05,152:Successfully computed HSC for Q6IQ49.
INFO:2025-10-30 14:53:05,152:Processing Q6IQ55 with model AF-Q6IQ55-F1-model_v4.pdb
INFO:2025-10-30 14:53:05,312:Computing HSC features for: Q6IQ55, ENST00000267890, ../Ntranos_Rotation/ESM-SaProt/AF-Q6IQ55-F1-model_v4.pdb.gz
INFO:2025-10-30 14:55:34,178:Successfully computed HSC for Q6IQ55.
INFO:2025-10-30 14:55:34,178:Processing Q6IS14 with model AF-Q6IS14-F1-model_v4.pdb
INFO:2025-10-30 14:55:34,217:Computing HSC features for: Q6IS14, ENST00000520547, ../Ntranos_Rotation/ESM-SaProt/AF-Q6IS14-F1-model_v4.pdb.gz
INFO:2025-10-30 14:56:06,318:Successfully computed HSC for Q6IS14.
INFO:2025-10-30 14:56:06,318:Processing Q6IS24 with model AF-Q6IS24-F1-model_v4.pdb
INFO:2025-10-30 14:56:06,455:Computing HSC features for: Q6IS24, ENST00000333538, ../Ntranos_Rotation/ESM-SaProt/AF-Q6IS24-F1-model_v4.pdb.gz
INFO:2025-10-30 14:58:04,989:Successfully computed HSC for Q6IS24.
INFO:2025-10-30 14:58:04,990:Processing Q6ISB3 with model AF-Q6ISB3-F1-model_v4.pdb
ERROR:2025-10-30 14:58:05,147:No transcript record found for Q6ISB3 in gnomAD.
INFO:2025-10-30 14:58:05,147:Processing Q6ISS4 with model AF-Q6ISS4-F1-model_v4.pdb
INFO:2025-10-30 14:58:05,193:Computing HSC features for: Q6ISS4, ENST00000301202, ../Ntranos_Rotation/ESM-SaProt/AF-Q6ISS4-F1-model_v4.pdb.gz
INFO:2025-10-30 14:58:24,702:Successfully computed HSC for Q6ISS4.
INFO:2025-10-30 14:58:24,702:Processing Q6ISU1 with model AF-Q6ISU1-F1-model_v4.pdb
INFO:2025-10-30 14:58:24,798:Computing HSC features for: Q6ISU1, ENST00000304672, ../Ntranos_Rotation/ESM-SaProt/AF-Q6ISU1-F1-model_v4.pdb.gz
INFO:2025-10-30 14:59:23,426:Successfully computed HSC for Q6ISU1.
INFO:2025-10-30 14:59:23,426:Processing Q6IV72 with model AF-Q6IV72-F1-model_v4.pdb
INFO:2025-10-30 14:59:23,602:Computing HSC features for: Q6IV72, ENST00000378061, ../Ntranos_Rotation/ESM-SaProt/AF-Q6IV72-F1-model_v4.pdb.gz
INFO:2025-10-30 15:01:37,518:Successfully computed HSC for Q6IV72.
INFO:2025-10-30 15:01:37,518:Processing Q6IWH7 with model AF-Q6IWH7-F1-model_v4.pdb
INFO:2025-10-30 15:01:37,656:Computing HSC features for: Q6IWH7, ENST00000274979, ../Ntranos_Rotation/ESM-SaProt/AF-Q6IWH7-F1-model_v4.pdb.gz
INFO:2025-10-30 15:04:07,820:Successfully computed HSC for Q6IWH7.
INFO:2025-10-30 15:04:07,820:Processing Q6J272 with model AF-Q6J272-F1-model_v4.pdb
INFO:2025-10-30 15:04:07,930:Computing HSC features for: Q6J272, ENST00000344774, ../Ntranos_Rotation/ESM-SaProt/AF-Q6J272-F1-model_v4.pdb.gz
INFO:2025-10-30 15:04:52,919:Successfully computed HSC for Q6J272.
INFO:2025-10-30 15:04:52,920:Processing Q6J4K2 with model AF-Q6J4K2-F1-model_v4.pdb
INFO:2025-10-30 15:04:53,025:Computing HSC features for: Q6J4K2, ENST00000202831, ../Ntranos_Rotation/ESM-SaProt/AF-Q6J4K2-F1-model_v4.pdb.gz
INFO:2025-10-30 15:06:05,941:Successfully computed HSC for Q6J4K2.
INFO:2025-10-30 15:06:05,942:Processing Q6J9G0 with model AF-Q6J9G0-F1-model_v4.pdb
INFO:2025-10-30 15:06:06,025:Computing HSC features for: Q6J9G0, ENST00000075503, ../Ntranos_Rotation/ESM-SaProt/AF-Q6J9G0-F1-model_v4.pdb.gz
INFO:2025-10-30 15:06:52,811:Successfully computed HSC for Q6J9G0.
INFO:2025-10-30 15:06:52,811:Processing Q6JBY9 with model AF-Q6JBY9-F1-model_v4.pdb
INFO:2025-10-30 15:06:52,935:Computing HSC features for: Q6JBY9, ENST00000367854, ../Ntranos_Rotation/ESM-SaProt/AF-Q6JBY9-F1-model_v4.pdb.gz
INFO:2025-10-30 15:07:46,849:Successfully computed HSC for Q6JBY9.
INFO:2025-10-30 15:07:46,849:Processing Q6JEL2 with model AF-Q6JEL2-F1-model_v4.pdb
INFO:2025-10-30 15:07:46,990:Computing HSC features for: Q6JEL2, ENST00000293303, ../Ntranos_Rotation/ESM-SaProt/AF-Q6JEL2-F1-model_v4.pdb.gz
INFO:2025-10-30 15:08:58,871:Successfully computed HSC for Q6JEL2.
INFO:2025-10-30 15:08:58,871:Processing Q6JHZ5 with model AF-Q6JHZ5-F1-model_v4.pdb
ERROR:2025-10-30 15:08:58,915:No transcript record found for Q6JHZ5 in gnomAD.
INFO:2025-10-30 15:08:58,915:Processing Q6JQN1 with model AF-Q6JQN1-F1-model_v4.pdb
INFO:2025-10-30 15:08:59,185:Computing HSC features for: Q6JQN1, ENST00000313698, ../Ntranos_Rotation/ESM-SaProt/AF-Q6JQN1-F1-model_v4.pdb.gz
INFO:2025-10-30 15:11:07,480:Successfully computed HSC for Q6JQN1.
INFO:2025-10-30 15:11:07,481:Processing Q6JVE5 with model AF-Q6JVE5-F1-model_v4.pdb
INFO:2025-10-30 15:11:07,556:Computing HSC features for: Q6JVE5, ENST00000371633, ../Ntranos_Rotation/ESM-SaProt/AF-Q6JVE5-F1-model_v4.pdb.gz
INFO:2025-10-30 15:11:37,683:Successfully computed HSC for Q6JVE5.
INFO:2025-10-30 15:11:37,683:Processing Q6JVE6 with model AF-Q6JVE6-F1-model_v4.pdb
INFO:2025-10-30 15:11:37,743:Computing HSC features for: Q6JVE6, ENST00000474369, ../Ntranos_Rotation/ESM-SaProt/AF-Q6JVE6-F1-model_v4.pdb.gz
INFO:2025-10-30 15:12:08,136:Successfully computed HSC for Q6JVE6.
INFO:2025-10-30 15:12:08,137:Pipeline completed.
INFO:2025-10-30 15:12:08,137:no_enst_for_uniprot: 2
INFO:2025-10-30 15:12:08,137:no_valid_cds: 0
INFO:2025-10-30 15:12:08,137:no_variant_data: 9
INFO:2025-10-30 15:12:08,137:bad_structure: 0
INFO:2025-10-30 15:12:08,137:no_enst_mp: 0
