INFO:2025-10-30 14:27:03,676:Starting HSC computation pipeline...
INFO:2025-10-30 14:28:06,489:Processing Q96J66 with model AF-Q96J66-F1-model_v4.pdb
INFO:2025-10-30 14:28:06,729:Computing HSC features for: Q96J66, ENST00000356608, ../Ntranos_Rotation/ESM-SaProt/AF-Q96J66-F1-model_v4.pdb.gz
INFO:2025-10-30 14:30:10,467:Successfully computed HSC for Q96J66.
INFO:2025-10-30 14:30:10,467:Processing Q96J77 with model AF-Q96J77-F1-model_v4.pdb
INFO:2025-10-30 14:30:10,546:Computing HSC features for: Q96J77, ENST00000344545, ../Ntranos_Rotation/ESM-SaProt/AF-Q96J77-F1-model_v4.pdb.gz
INFO:2025-10-30 14:30:24,742:Successfully computed HSC for Q96J77.
INFO:2025-10-30 14:30:24,742:Processing Q96J84 with model AF-Q96J84-F1-model_v4.pdb
INFO:2025-10-30 14:30:24,921:Computing HSC features for: Q96J84, ENST00000359209, ../Ntranos_Rotation/ESM-SaProt/AF-Q96J84-F1-model_v4.pdb.gz
INFO:2025-10-30 14:31:46,414:Successfully computed HSC for Q96J84.
INFO:2025-10-30 14:31:46,414:Processing Q96J86 with model AF-Q96J86-F1-model_v4.pdb
INFO:2025-10-30 14:31:46,480:Computing HSC features for: Q96J86, ENST00000299340, ../Ntranos_Rotation/ESM-SaProt/AF-Q96J86-F1-model_v4.pdb.gz
INFO:2025-10-30 14:32:06,139:Successfully computed HSC for Q96J86.
INFO:2025-10-30 14:32:06,140:Processing Q96J87 with model AF-Q96J87-F1-model_v4.pdb
INFO:2025-10-30 14:32:06,363:Computing HSC features for: Q96J87, ENST00000287202, ../Ntranos_Rotation/ESM-SaProt/AF-Q96J87-F1-model_v4.pdb.gz
INFO:2025-10-30 14:33:16,508:Successfully computed HSC for Q96J87.
INFO:2025-10-30 14:33:16,509:Processing Q96J88 with model AF-Q96J88-F1-model_v4.pdb
INFO:2025-10-30 14:33:16,590:Computing HSC features for: Q96J88, ENST00000398762, ../Ntranos_Rotation/ESM-SaProt/AF-Q96J88-F1-model_v4.pdb.gz
INFO:2025-10-30 14:33:41,091:Successfully computed HSC for Q96J88.
INFO:2025-10-30 14:33:41,092:Processing Q96J92 with model AF-Q96J92-F1-model_v4.pdb
INFO:2025-10-30 14:33:41,379:Computing HSC features for: Q96J92, ENST00000246914, ../Ntranos_Rotation/ESM-SaProt/AF-Q96J92-F1-model_v4.pdb.gz
INFO:2025-10-30 14:35:42,739:Successfully computed HSC for Q96J92.
INFO:2025-10-30 14:35:42,740:Processing Q96J94 with model AF-Q96J94-F1-model_v4.pdb
INFO:2025-10-30 14:35:42,899:Computing HSC features for: Q96J94, ENST00000245255, ../Ntranos_Rotation/ESM-SaProt/AF-Q96J94-F1-model_v4.pdb.gz
INFO:2025-10-30 14:36:45,505:Successfully computed HSC for Q96J94.
INFO:2025-10-30 14:36:45,506:Processing Q96JA1 with model AF-Q96JA1-F1-model_v4.pdb
INFO:2025-10-30 14:36:45,706:Computing HSC features for: Q96JA1, ENST00000273261, ../Ntranos_Rotation/ESM-SaProt/AF-Q96JA1-F1-model_v4.pdb.gz
INFO:2025-10-30 14:38:27,987:Successfully computed HSC for Q96JA1.
INFO:2025-10-30 14:38:27,987:Processing Q96JA3 with model AF-Q96JA3-F1-model_v4.pdb
INFO:2025-10-30 14:38:28,105:Computing HSC features for: Q96JA3, ENST00000440706, ../Ntranos_Rotation/ESM-SaProt/AF-Q96JA3-F1-model_v4.pdb.gz
INFO:2025-10-30 14:39:02,603:Successfully computed HSC for Q96JA3.
INFO:2025-10-30 14:39:02,603:Processing Q96JA4 with model AF-Q96JA4-F1-model_v4.pdb
INFO:2025-10-30 14:39:02,739:Computing HSC features for: Q96JA4, ENST00000300187, ../Ntranos_Rotation/ESM-SaProt/AF-Q96JA4-F1-model_v4.pdb.gz
INFO:2025-10-30 14:39:46,665:Successfully computed HSC for Q96JA4.
INFO:2025-10-30 14:39:46,665:Processing Q96JB1 with model AF-Q96JB1-F1-model_v4.pdb
ERROR:2025-10-30 14:39:46,920:No valid CDS found for Q96JB1
INFO:2025-10-30 14:39:46,920:Processing Q96JB2 with model AF-Q96JB2-F1-model_v4.pdb
INFO:2025-10-30 14:39:47,077:Computing HSC features for: Q96JB2, ENST00000349995, ../Ntranos_Rotation/ESM-SaProt/AF-Q96JB2-F1-model_v4.pdb.gz
INFO:2025-10-30 14:40:49,413:Successfully computed HSC for Q96JB2.
INFO:2025-10-30 14:40:49,413:Processing Q96JB3 with model AF-Q96JB3-F1-model_v4.pdb
INFO:2025-10-30 14:40:49,558:Computing HSC features for: Q96JB3, ENST00000407464, ../Ntranos_Rotation/ESM-SaProt/AF-Q96JB3-F1-model_v4.pdb.gz
INFO:2025-10-30 14:41:52,751:Successfully computed HSC for Q96JB3.
INFO:2025-10-30 14:41:52,751:Processing Q96JB5 with model AF-Q96JB5-F1-model_v4.pdb
INFO:2025-10-30 14:41:52,864:Computing HSC features for: Q96JB5, ENST00000338399, ../Ntranos_Rotation/ESM-SaProt/AF-Q96JB5-F1-model_v4.pdb.gz
INFO:2025-10-30 14:42:33,563:Successfully computed HSC for Q96JB5.
INFO:2025-10-30 14:42:33,564:Processing Q96JB6 with model AF-Q96JB6-F1-model_v4.pdb
INFO:2025-10-30 14:42:33,743:Computing HSC features for: Q96JB6, ENST00000260702, ../Ntranos_Rotation/ESM-SaProt/AF-Q96JB6-F1-model_v4.pdb.gz
INFO:2025-10-30 14:43:41,037:Successfully computed HSC for Q96JB6.
INFO:2025-10-30 14:43:41,037:Processing Q96JB8 with model AF-Q96JB8-F1-model_v4.pdb
INFO:2025-10-30 14:43:41,152:Computing HSC features for: Q96JB8, ENST00000409474, ../Ntranos_Rotation/ESM-SaProt/AF-Q96JB8-F1-model_v4.pdb.gz
INFO:2025-10-30 14:44:28,908:Successfully computed HSC for Q96JB8.
INFO:2025-10-30 14:44:28,908:Processing Q96JC1 with model AF-Q96JC1-F1-model_v4.pdb
INFO:2025-10-30 14:44:29,110:Computing HSC features for: Q96JC1, ENST00000348544, ../Ntranos_Rotation/ESM-SaProt/AF-Q96JC1-F1-model_v4.pdb.gz
INFO:2025-10-30 14:45:30,575:Successfully computed HSC for Q96JC1.
INFO:2025-10-30 14:45:30,575:Processing Q96JC4 with model AF-Q96JC4-F1-model_v4.pdb
INFO:2025-10-30 14:45:30,664:Computing HSC features for: Q96JC4, ENST00000331162, ../Ntranos_Rotation/ESM-SaProt/AF-Q96JC4-F1-model_v4.pdb.gz
INFO:2025-10-30 14:46:03,309:Successfully computed HSC for Q96JC4.
INFO:2025-10-30 14:46:03,310:Processing Q96JC9 with model AF-Q96JC9-F1-model_v4.pdb
INFO:2025-10-30 14:46:03,402:Computing HSC features for: Q96JC9, ENST00000396842, ../Ntranos_Rotation/ESM-SaProt/AF-Q96JC9-F1-model_v4.pdb.gz
INFO:2025-10-30 14:46:32,547:Successfully computed HSC for Q96JC9.
INFO:2025-10-30 14:46:32,547:Processing Q96JD6 with model AF-Q96JD6-F1-model_v4.pdb
INFO:2025-10-30 14:46:32,656:Computing HSC features for: Q96JD6, ENST00000298375, ../Ntranos_Rotation/ESM-SaProt/AF-Q96JD6-F1-model_v4.pdb.gz
INFO:2025-10-30 14:46:56,347:Successfully computed HSC for Q96JD6.
INFO:2025-10-30 14:46:56,347:Processing Q96JE7 with model AF-Q96JE7-F1-model_v4.pdb
INFO:2025-10-30 14:46:56,519:Computing HSC features for: Q96JE7, ENST00000308284, ../Ntranos_Rotation/ESM-SaProt/AF-Q96JE7-F1-model_v4.pdb.gz
INFO:2025-10-30 14:48:21,152:Successfully computed HSC for Q96JE7.
INFO:2025-10-30 14:48:21,152:Processing Q96JE9 with model AF-Q96JE9-F1-model_v4.pdb
INFO:2025-10-30 14:48:21,303:Computing HSC features for: Q96JE9, ENST00000304771, ../Ntranos_Rotation/ESM-SaProt/AF-Q96JE9-F1-model_v4.pdb.gz
INFO:2025-10-30 14:49:43,773:Successfully computed HSC for Q96JE9.
INFO:2025-10-30 14:49:43,773:Processing Q96JF0 with model AF-Q96JF0-F1-model_v4.pdb
INFO:2025-10-30 14:49:44,056:Computing HSC features for: Q96JF0, ENST00000361686, ../Ntranos_Rotation/ESM-SaProt/AF-Q96JF0-F1-model_v4.pdb.gz
INFO:2025-10-30 14:50:57,517:Successfully computed HSC for Q96JF0.
INFO:2025-10-30 14:50:57,517:Processing Q96JF6 with model AF-Q96JF6-F1-model_v4.pdb
INFO:2025-10-30 14:50:57,689:Computing HSC features for: Q96JF6, ENST00000399604, ../Ntranos_Rotation/ESM-SaProt/AF-Q96JF6-F1-model_v4.pdb.gz
INFO:2025-10-30 14:52:06,615:Successfully computed HSC for Q96JF6.
INFO:2025-10-30 14:52:06,616:Processing Q96JG6 with model AF-Q96JG6-F1-model_v4.pdb
INFO:2025-10-30 14:52:06,988:Computing HSC features for: Q96JG6, ENST00000305866, ../Ntranos_Rotation/ESM-SaProt/AF-Q96JG6-F1-model_v4.pdb.gz
INFO:2025-10-30 14:53:06,440:Successfully computed HSC for Q96JG6.
INFO:2025-10-30 14:53:06,440:Processing Q96JG8 with model AF-Q96JG8-F1-model_v4.pdb
ERROR:2025-10-30 14:53:06,543:No transcript record found for Q96JG8 in gnomAD.
INFO:2025-10-30 14:53:06,543:Processing Q96JG9 with model AF-Q96JG9-F1-model_v4.pdb
ERROR:2025-10-30 14:53:06,751:No valid CDS found for Q96JG9
INFO:2025-10-30 14:53:06,751:Processing Q96JH7 with model AF-Q96JH7-F1-model_v4.pdb
INFO:2025-10-30 14:53:06,979:Computing HSC features for: Q96JH7, ENST00000310421, ../Ntranos_Rotation/ESM-SaProt/AF-Q96JH7-F1-model_v4.pdb.gz
INFO:2025-10-30 14:54:35,471:Successfully computed HSC for Q96JH7.
INFO:2025-10-30 14:54:35,471:Processing Q96JH8 with model AF-Q96JH8-F1-model_v4.pdb
INFO:2025-10-30 14:54:35,599:Computing HSC features for: Q96JH8, ENST00000399583, ../Ntranos_Rotation/ESM-SaProt/AF-Q96JH8-F1-model_v4.pdb.gz
INFO:2025-10-30 14:56:35,245:Successfully computed HSC for Q96JH8.
INFO:2025-10-30 14:56:35,245:Processing Q96JI7 with model AF-Q96JI7-F1-model_v4.pdb
INFO:2025-10-30 14:56:35,511:Computing HSC features for: Q96JI7, ENST00000261866, ../Ntranos_Rotation/ESM-SaProt/AF-Q96JI7-F1-model_v4.pdb.gz
INFO:2025-10-30 14:59:07,054:Successfully computed HSC for Q96JI7.
INFO:2025-10-30 14:59:07,054:Processing Q96JJ3 with model AF-Q96JJ3-F1-model_v4.pdb
INFO:2025-10-30 14:59:07,143:Computing HSC features for: Q96JJ3, ENST00000290246, ../Ntranos_Rotation/ESM-SaProt/AF-Q96JJ3-F1-model_v4.pdb.gz
INFO:2025-10-30 15:00:01,171:Successfully computed HSC for Q96JJ3.
INFO:2025-10-30 15:00:01,171:Processing Q96JJ6 with model AF-Q96JJ6-F1-model_v4.pdb
INFO:2025-10-30 15:00:01,293:Computing HSC features for: Q96JJ6, ENST00000356300, ../Ntranos_Rotation/ESM-SaProt/AF-Q96JJ6-F1-model_v4.pdb.gz
INFO:2025-10-30 15:01:24,951:Successfully computed HSC for Q96JJ6.
INFO:2025-10-30 15:01:24,951:Processing Q96JJ7 with model AF-Q96JJ7-F1-model_v4.pdb
INFO:2025-10-30 15:01:25,058:Computing HSC features for: Q96JJ7, ENST00000299608, ../Ntranos_Rotation/ESM-SaProt/AF-Q96JJ7-F1-model_v4.pdb.gz
INFO:2025-10-30 15:01:53,766:Successfully computed HSC for Q96JJ7.
INFO:2025-10-30 15:01:53,766:Processing Q96JK2 with model AF-Q96JK2-F1-model_v4.pdb
INFO:2025-10-30 15:01:53,957:Computing HSC features for: Q96JK2, ENST00000341516, ../Ntranos_Rotation/ESM-SaProt/AF-Q96JK2-F1-model_v4.pdb.gz
INFO:2025-10-30 15:03:10,228:Successfully computed HSC for Q96JK2.
INFO:2025-10-30 15:03:10,228:Processing Q96JK4 with model AF-Q96JK4-F1-model_v4.pdb
INFO:2025-10-30 15:03:10,371:Computing HSC features for: Q96JK4, ENST00000330710, ../Ntranos_Rotation/ESM-SaProt/AF-Q96JK4-F1-model_v4.pdb.gz
INFO:2025-10-30 15:05:00,113:Successfully computed HSC for Q96JK4.
INFO:2025-10-30 15:05:00,113:Processing Q96JK9 with model AF-Q96JK9-F1-model_v4.pdb
INFO:2025-10-30 15:05:00,261:Computing HSC features for: Q96JK9, ENST00000509479, ../Ntranos_Rotation/ESM-SaProt/AF-Q96JK9-F1-model_v4.pdb.gz
INFO:2025-10-30 15:06:34,621:Successfully computed HSC for Q96JK9.
INFO:2025-10-30 15:06:34,621:Processing Q96JL9 with model AF-Q96JL9-F1-model_v4.pdb
INFO:2025-10-30 15:06:34,756:Computing HSC features for: Q96JL9, ENST00000292530, ../Ntranos_Rotation/ESM-SaProt/AF-Q96JL9-F1-model_v4.pdb.gz
INFO:2025-10-30 15:07:24,768:Successfully computed HSC for Q96JL9.
INFO:2025-10-30 15:07:24,768:Processing Q96JM2 with model AF-Q96JM2-F1-model_v4.pdb
INFO:2025-10-30 15:07:25,240:Computing HSC features for: Q96JM2, ENST00000277225, ../Ntranos_Rotation/ESM-SaProt/AF-Q96JM2-F1-model_v4.pdb.gz
INFO:2025-10-30 15:10:52,300:Successfully computed HSC for Q96JM2.
INFO:2025-10-30 15:10:52,300:Processing Q96JM3 with model AF-Q96JM3-F1-model_v4.pdb
ERROR:2025-10-30 15:10:52,448:No transcript record found for Q96JM3 in gnomAD.
INFO:2025-10-30 15:10:52,448:Processing Q96JM4 with model AF-Q96JM4-F1-model_v4.pdb
INFO:2025-10-30 15:10:52,795:Computing HSC features for: Q96JM4, ENST00000393217, ../Ntranos_Rotation/ESM-SaProt/AF-Q96JM4-F1-model_v4.pdb.gz
INFO:2025-10-30 15:12:36,939:Successfully computed HSC for Q96JM4.
INFO:2025-10-30 15:12:36,939:Processing Q96JM7 with model AF-Q96JM7-F1-model_v4.pdb
INFO:2025-10-30 15:12:37,041:Computing HSC features for: Q96JM7, ENST00000361794, ../Ntranos_Rotation/ESM-SaProt/AF-Q96JM7-F1-model_v4.pdb.gz
INFO:2025-10-30 15:13:48,991:Successfully computed HSC for Q96JM7.
INFO:2025-10-30 15:13:48,991:Processing Q96JN0 with model AF-Q96JN0-F1-model_v4.pdb
INFO:2025-10-30 15:13:49,055:Computing HSC features for: Q96JN0, ENST00000356016, ../Ntranos_Rotation/ESM-SaProt/AF-Q96JN0-F1-model_v4.pdb.gz
INFO:2025-10-30 15:14:20,978:Successfully computed HSC for Q96JN0.
INFO:2025-10-30 15:14:20,978:Processing Q96JN2 with model AF-Q96JN2-F1-model_v4.pdb
INFO:2025-10-30 15:14:21,247:Computing HSC features for: Q96JN2, ENST00000297788, ../Ntranos_Rotation/ESM-SaProt/AF-Q96JN2-F1-model_v4.pdb.gz
INFO:2025-10-30 15:15:44,244:Successfully computed HSC for Q96JN2.
INFO:2025-10-30 15:15:44,244:Processing Q96JN8 with model AF-Q96JN8-F1-model_v4.pdb
INFO:2025-10-30 15:15:44,415:Computing HSC features for: Q96JN8, ENST00000399464, ../Ntranos_Rotation/ESM-SaProt/AF-Q96JN8-F1-model_v4.pdb.gz
INFO:2025-10-30 15:18:09,851:Successfully computed HSC for Q96JN8.
INFO:2025-10-30 15:18:09,851:Processing Q96JP0 with model AF-Q96JP0-F1-model_v4.pdb
INFO:2025-10-30 15:18:09,989:Computing HSC features for: Q96JP0, ENST00000274457, ../Ntranos_Rotation/ESM-SaProt/AF-Q96JP0-F1-model_v4.pdb.gz
INFO:2025-10-30 15:19:00,544:Successfully computed HSC for Q96JP0.
INFO:2025-10-30 15:19:00,544:Processing Q96JP2 with model AF-Q96JP2-F1-model_v4.pdb
ERROR:2025-10-30 15:19:00,808:No valid CDS found for Q96JP2
INFO:2025-10-30 15:19:00,808:Processing Q96JP5 with model AF-Q96JP5-F1-model_v4.pdb
INFO:2025-10-30 15:19:00,923:Computing HSC features for: Q96JP5, ENST00000316059, ../Ntranos_Rotation/ESM-SaProt/AF-Q96JP5-F1-model_v4.pdb.gz
INFO:2025-10-30 15:20:26,681:Successfully computed HSC for Q96JP5.
INFO:2025-10-30 15:20:26,682:Processing Q96JP9 with model AF-Q96JP9-F1-model_v4.pdb
ERROR:2025-10-30 15:20:26,879:No transcript record found for Q96JP9 in gnomAD.
INFO:2025-10-30 15:20:26,879:Processing Q96JQ0 with model AF-Q96JQ0-F1-model_v4.pdb
ERROR:2025-10-30 15:20:27,132:No valid CDS found for Q96JQ0
INFO:2025-10-30 15:20:27,132:Pipeline completed.
INFO:2025-10-30 15:20:27,132:no_enst_for_uniprot: 0
INFO:2025-10-30 15:20:27,132:no_valid_cds: 4
INFO:2025-10-30 15:20:27,132:no_variant_data: 3
INFO:2025-10-30 15:20:27,132:bad_structure: 0
INFO:2025-10-30 15:20:27,132:no_enst_mp: 0
