INFO:2025-10-30 14:27:03,631:Starting HSC computation pipeline...
INFO:2025-10-30 14:28:09,837:Processing Q92995 with model AF-Q92995-F1-model_v4.pdb
INFO:2025-10-30 14:28:10,037:Computing HSC features for: Q92995, ENST00000263966, ../Ntranos_Rotation/ESM-SaProt/AF-Q92995-F1-model_v4.pdb.gz
INFO:2025-10-30 14:29:36,500:Successfully computed HSC for Q92995.
INFO:2025-10-30 14:29:36,500:Processing Q92997 with model AF-Q92997-F1-model_v4.pdb
INFO:2025-10-30 14:29:36,675:Computing HSC features for: Q92997, ENST00000313143, ../Ntranos_Rotation/ESM-SaProt/AF-Q92997-F1-model_v4.pdb.gz
INFO:2025-10-30 14:31:11,775:Successfully computed HSC for Q92997.
INFO:2025-10-30 14:31:11,775:Processing Q93008 with model AF-Q93008-F1-model_v4.pdb
ERROR:2025-10-30 14:31:12,568:No transcript record found for Q93008 in gnomAD.
INFO:2025-10-30 14:31:12,568:Processing Q92561 with model AF-Q92561-F1-model_v4.pdb
INFO:2025-10-30 14:31:12,677:Computing HSC features for: Q92561, ENST00000321613, ../Ntranos_Rotation/ESM-SaProt/AF-Q92561-F1-model_v4.pdb.gz
INFO:2025-10-30 14:31:59,824:Successfully computed HSC for Q92561.
INFO:2025-10-30 14:31:59,824:Processing Q92562 with model AF-Q92562-F1-model_v4.pdb
INFO:2025-10-30 14:32:00,030:Computing HSC features for: Q92562, ENST00000230124, ../Ntranos_Rotation/ESM-SaProt/AF-Q92562-F1-model_v4.pdb.gz
INFO:2025-10-30 14:33:13,092:Successfully computed HSC for Q92562.
INFO:2025-10-30 14:33:13,092:Processing Q92563 with model AF-Q92563-F1-model_v4.pdb
INFO:2025-10-30 14:33:13,169:Computing HSC features for: Q92563, ENST00000317376, ../Ntranos_Rotation/ESM-SaProt/AF-Q92563-F1-model_v4.pdb.gz
INFO:2025-10-30 14:34:02,418:Successfully computed HSC for Q92563.
INFO:2025-10-30 14:34:02,418:Processing Q92564 with model AF-Q92564-F1-model_v4.pdb
INFO:2025-10-30 14:34:02,478:Computing HSC features for: Q92564, ENST00000334635, ../Ntranos_Rotation/ESM-SaProt/AF-Q92564-F1-model_v4.pdb.gz
INFO:2025-10-30 14:34:22,875:Successfully computed HSC for Q92564.
INFO:2025-10-30 14:34:22,875:Processing Q92565 with model AF-Q92565-F1-model_v4.pdb
INFO:2025-10-30 14:34:22,982:Computing HSC features for: Q92565, ENST00000401957, ../Ntranos_Rotation/ESM-SaProt/AF-Q92565-F1-model_v4.pdb.gz
INFO:2025-10-30 14:35:09,336:Successfully computed HSC for Q92565.
INFO:2025-10-30 14:35:09,336:Processing Q92567 with model AF-Q92567-F1-model_v4.pdb
INFO:2025-10-30 14:35:09,402:Computing HSC features for: Q92567, ENST00000064778, ../Ntranos_Rotation/ESM-SaProt/AF-Q92567-F1-model_v4.pdb.gz
INFO:2025-10-30 14:35:32,966:Successfully computed HSC for Q92567.
INFO:2025-10-30 14:35:32,966:Processing Q92569 with model AF-Q92569-F1-model_v4.pdb
INFO:2025-10-30 14:35:33,067:Computing HSC features for: Q92569, ENST00000262741, ../Ntranos_Rotation/ESM-SaProt/AF-Q92569-F1-model_v4.pdb.gz
INFO:2025-10-30 14:36:16,146:Successfully computed HSC for Q92569.
INFO:2025-10-30 14:36:16,146:Processing Q92570 with model AF-Q92570-F1-model_v4.pdb
INFO:2025-10-30 14:36:16,312:Computing HSC features for: Q92570, ENST00000395097, ../Ntranos_Rotation/ESM-SaProt/AF-Q92570-F1-model_v4.pdb.gz
INFO:2025-10-30 14:37:38,944:Successfully computed HSC for Q92570.
INFO:2025-10-30 14:37:38,944:Processing Q92572 with model AF-Q92572-F1-model_v4.pdb
INFO:2025-10-30 14:37:39,004:Computing HSC features for: Q92572, ENST00000316788, ../Ntranos_Rotation/ESM-SaProt/AF-Q92572-F1-model_v4.pdb.gz
INFO:2025-10-30 14:37:56,847:Successfully computed HSC for Q92572.
INFO:2025-10-30 14:37:56,847:Processing Q92574 with model AF-Q92574-F1-model_v4.pdb
INFO:2025-10-30 14:37:57,113:Computing HSC features for: Q92574, ENST00000298552, ../Ntranos_Rotation/ESM-SaProt/AF-Q92574-F1-model_v4.pdb.gz
INFO:2025-10-30 14:39:40,810:Successfully computed HSC for Q92574.
INFO:2025-10-30 14:39:40,810:Processing Q92575 with model AF-Q92575-F1-model_v4.pdb
INFO:2025-10-30 14:39:40,885:Computing HSC features for: Q92575, ENST00000272638, ../Ntranos_Rotation/ESM-SaProt/AF-Q92575-F1-model_v4.pdb.gz
INFO:2025-10-30 14:40:19,135:Successfully computed HSC for Q92575.
INFO:2025-10-30 14:40:19,135:Processing Q92576 with model AF-Q92576-F1-model_v4.pdb
INFO:2025-10-30 14:40:19,392:Computing HSC features for: Q92576, ENST00000262043, ../Ntranos_Rotation/ESM-SaProt/AF-Q92576-F1-model_v4.pdb.gz
INFO:2025-10-30 14:43:10,448:Successfully computed HSC for Q92576.
INFO:2025-10-30 14:43:10,448:Processing Q92581 with model AF-Q92581-F1-model_v4.pdb
INFO:2025-10-30 14:43:10,553:Computing HSC features for: Q92581, ENST00000370698, ../Ntranos_Rotation/ESM-SaProt/AF-Q92581-F1-model_v4.pdb.gz
INFO:2025-10-30 14:44:13,315:Successfully computed HSC for Q92581.
INFO:2025-10-30 14:44:13,315:Processing Q92583 with model AF-Q92583-F1-model_v4.pdb
INFO:2025-10-30 14:44:13,374:Computing HSC features for: Q92583, ENST00000219244, ../Ntranos_Rotation/ESM-SaProt/AF-Q92583-F1-model_v4.pdb.gz
INFO:2025-10-30 14:44:21,397:Successfully computed HSC for Q92583.
INFO:2025-10-30 14:44:21,398:Processing Q92585 with model AF-Q92585-F1-model_v4.pdb
INFO:2025-10-30 14:44:21,581:Computing HSC features for: Q92585, ENST00000292599, ../Ntranos_Rotation/ESM-SaProt/AF-Q92585-F1-model_v4.pdb.gz
INFO:2025-10-30 14:47:03,493:Successfully computed HSC for Q92585.
INFO:2025-10-30 14:47:03,493:Processing Q92597 with model AF-Q92597-F1-model_v4.pdb
INFO:2025-10-30 14:47:03,584:Computing HSC features for: Q92597, ENST00000323851, ../Ntranos_Rotation/ESM-SaProt/AF-Q92597-F1-model_v4.pdb.gz
INFO:2025-10-30 14:47:48,797:Successfully computed HSC for Q92597.
INFO:2025-10-30 14:47:48,797:Processing Q92598 with model AF-Q92598-F1-model_v4.pdb
INFO:2025-10-30 14:47:48,954:Computing HSC features for: Q92598, ENST00000320027, ../Ntranos_Rotation/ESM-SaProt/AF-Q92598-F1-model_v4.pdb.gz
INFO:2025-10-30 14:48:54,961:Successfully computed HSC for Q92598.
INFO:2025-10-30 14:48:54,961:Processing Q92599 with model AF-Q92599-F1-model_v4.pdb
INFO:2025-10-30 14:48:55,032:Computing HSC features for: Q92599, ENST00000378719, ../Ntranos_Rotation/ESM-SaProt/AF-Q92599-F1-model_v4.pdb.gz
INFO:2025-10-30 14:49:48,996:Successfully computed HSC for Q92599.
INFO:2025-10-30 14:49:48,997:Processing Q92600 with model AF-Q92600-F1-model_v4.pdb
INFO:2025-10-30 14:49:49,075:Computing HSC features for: Q92600, ENST00000273064, ../Ntranos_Rotation/ESM-SaProt/AF-Q92600-F1-model_v4.pdb.gz
INFO:2025-10-30 14:50:12,829:Successfully computed HSC for Q92600.
INFO:2025-10-30 14:50:12,829:Processing Q92604 with model AF-Q92604-F1-model_v4.pdb
INFO:2025-10-30 14:50:12,917:Computing HSC features for: Q92604, ENST00000366996, ../Ntranos_Rotation/ESM-SaProt/AF-Q92604-F1-model_v4.pdb.gz
INFO:2025-10-30 14:50:38,128:Successfully computed HSC for Q92604.
INFO:2025-10-30 14:50:38,129:Processing Q92608 with model AF-Q92608-F1-model_v4.pdb
INFO:2025-10-30 14:50:38,493:Computing HSC features for: Q92608, ENST00000520908, ../Ntranos_Rotation/ESM-SaProt/AF-Q92608-F1-model_v4.pdb.gz
INFO:2025-10-30 14:54:19,127:Successfully computed HSC for Q92608.
INFO:2025-10-30 14:54:19,127:Processing Q92609 with model AF-Q92609-F1-model_v4.pdb
ERROR:2025-10-30 14:54:19,239:No transcript record found for Q92609 in gnomAD.
INFO:2025-10-30 14:54:19,239:Processing Q92610 with model AF-Q92610-F1-model_v4.pdb
INFO:2025-10-30 14:54:19,387:Computing HSC features for: Q92610, ENST00000299927, ../Ntranos_Rotation/ESM-SaProt/AF-Q92610-F1-model_v4.pdb.gz
INFO:2025-10-30 14:56:30,264:Successfully computed HSC for Q92610.
INFO:2025-10-30 14:56:30,264:Processing Q92611 with model AF-Q92611-F1-model_v4.pdb
INFO:2025-10-30 14:56:30,366:Computing HSC features for: Q92611, ENST00000256497, ../Ntranos_Rotation/ESM-SaProt/AF-Q92611-F1-model_v4.pdb.gz
INFO:2025-10-30 14:57:54,767:Successfully computed HSC for Q92611.
INFO:2025-10-30 14:57:54,767:Processing Q92613 with model AF-Q92613-F1-model_v4.pdb
ERROR:2025-10-30 14:57:54,878:No transcript record found for Q92613 in gnomAD.
INFO:2025-10-30 14:57:54,878:Processing Q92614 with model AF-Q92614-F1-model_v4.pdb
INFO:2025-10-30 14:57:55,112:Computing HSC features for: Q92614, ENST00000527372, ../Ntranos_Rotation/ESM-SaProt/AF-Q92614-F1-model_v4.pdb.gz
INFO:2025-10-30 15:02:12,843:Successfully computed HSC for Q92614.
INFO:2025-10-30 15:02:12,843:Processing Q92615 with model AF-Q92615-F1-model_v4.pdb
INFO:2025-10-30 15:02:12,954:Computing HSC features for: Q92615, ENST00000316157, ../Ntranos_Rotation/ESM-SaProt/AF-Q92615-F1-model_v4.pdb.gz
INFO:2025-10-30 15:03:18,603:Successfully computed HSC for Q92615.
INFO:2025-10-30 15:03:18,603:Processing Q92616 with model AF-Q92616-F1-model_v4.pdb
INFO:2025-10-30 15:03:18,912:Computing HSC features for: Q92616, ENST00000300648, ../Ntranos_Rotation/ESM-SaProt/AF-Q92616-F1-model_v4.pdb.gz
INFO:2025-10-30 15:07:46,341:Successfully computed HSC for Q92616.
INFO:2025-10-30 15:07:46,341:Processing Q92617 with model AF-Q92617-F1-model_v4.pdb
ERROR:2025-10-30 15:07:46,531:No valid CDS found for Q92617
INFO:2025-10-30 15:07:46,531:Processing Q92618 with model AF-Q92618-F1-model_v4.pdb
INFO:2025-10-30 15:07:46,770:Computing HSC features for: Q92618, ENST00000443185, ../Ntranos_Rotation/ESM-SaProt/AF-Q92618-F1-model_v4.pdb.gz
INFO:2025-10-30 15:10:24,142:Successfully computed HSC for Q92618.
INFO:2025-10-30 15:10:24,143:Processing Q92619 with model AF-Q92619-F1-model_v4.pdb
INFO:2025-10-30 15:10:24,318:Computing HSC features for: Q92619, ENST00000313093, ../Ntranos_Rotation/ESM-SaProt/AF-Q92619-F1-model_v4.pdb.gz
INFO:2025-10-30 15:13:05,095:Successfully computed HSC for Q92619.
INFO:2025-10-30 15:13:05,096:Processing Q92620 with model AF-Q92620-F1-model_v4.pdb
INFO:2025-10-30 15:13:05,276:Computing HSC features for: Q92620, ENST00000268482, ../Ntranos_Rotation/ESM-SaProt/AF-Q92620-F1-model_v4.pdb.gz
INFO:2025-10-30 15:15:23,494:Successfully computed HSC for Q92620.
INFO:2025-10-30 15:15:23,495:Processing Q92621 with model AF-Q92621-F1-model_v4.pdb
INFO:2025-10-30 15:15:23,752:Computing HSC features for: Q92621, ENST00000285968, ../Ntranos_Rotation/ESM-SaProt/AF-Q92621-F1-model_v4.pdb.gz
INFO:2025-10-30 15:17:50,248:Successfully computed HSC for Q92621.
INFO:2025-10-30 15:17:50,248:Processing Q92622 with model AF-Q92622-F1-model_v4.pdb
INFO:2025-10-30 15:17:50,445:Computing HSC features for: Q92622, ENST00000296343, ../Ntranos_Rotation/ESM-SaProt/AF-Q92622-F1-model_v4.pdb.gz
INFO:2025-10-30 15:19:39,197:Successfully computed HSC for Q92622.
INFO:2025-10-30 15:19:39,197:Processing Q92623 with model AF-Q92623-F1-model_v4.pdb
INFO:2025-10-30 15:19:39,249:Computing HSC features for: Q92623, ENST00000256367, ../Ntranos_Rotation/ESM-SaProt/AF-Q92623-F1-model_v4.pdb.gz
INFO:2025-10-30 15:20:07,867:Successfully computed HSC for Q92623.
INFO:2025-10-30 15:20:07,867:Processing Q92624 with model AF-Q92624-F1-model_v4.pdb
INFO:2025-10-30 15:20:07,980:Computing HSC features for: Q92624, ENST00000083182, ../Ntranos_Rotation/ESM-SaProt/AF-Q92624-F1-model_v4.pdb.gz
INFO:2025-10-30 15:20:50,150:Successfully computed HSC for Q92624.
INFO:2025-10-30 15:20:50,150:Processing Q92625 with model AF-Q92625-F1-model_v4.pdb
INFO:2025-10-30 15:20:50,304:Computing HSC features for: Q92625, ENST00000360359, ../Ntranos_Rotation/ESM-SaProt/AF-Q92625-F1-model_v4.pdb.gz
INFO:2025-10-30 15:22:54,384:Successfully computed HSC for Q92625.
INFO:2025-10-30 15:22:54,385:Processing Q92626 with model AF-Q92626-F1-model_v4.pdb
INFO:2025-10-30 15:22:54,705:Computing HSC features for: Q92626, ENST00000252804, ../Ntranos_Rotation/ESM-SaProt/AF-Q92626-F1-model_v4.pdb.gz
INFO:2025-10-30 15:25:49,684:Successfully computed HSC for Q92626.
INFO:2025-10-30 15:25:49,684:Processing Q92628 with model AF-Q92628-F1-model_v4.pdb
INFO:2025-10-30 15:25:49,851:Computing HSC features for: Q92628, ENST00000307659, ../Ntranos_Rotation/ESM-SaProt/AF-Q92628-F1-model_v4.pdb.gz
INFO:2025-10-30 15:27:31,813:Successfully computed HSC for Q92628.
INFO:2025-10-30 15:27:31,813:Processing Q92629 with model AF-Q92629-F1-model_v4.pdb
INFO:2025-10-30 15:27:31,908:Computing HSC features for: Q92629, ENST00000435422, ../Ntranos_Rotation/ESM-SaProt/AF-Q92629-F1-model_v4.pdb.gz
INFO:2025-10-30 15:28:09,645:Successfully computed HSC for Q92629.
INFO:2025-10-30 15:28:09,646:Processing Q92630 with model AF-Q92630-F1-model_v4.pdb
INFO:2025-10-30 15:28:09,779:Computing HSC features for: Q92630, ENST00000344096, ../Ntranos_Rotation/ESM-SaProt/AF-Q92630-F1-model_v4.pdb.gz
INFO:2025-10-30 15:29:11,942:Successfully computed HSC for Q92630.
INFO:2025-10-30 15:29:11,942:Processing Q92633 with model AF-Q92633-F1-model_v4.pdb
INFO:2025-10-30 15:29:12,035:Computing HSC features for: Q92633, ENST00000358883, ../Ntranos_Rotation/ESM-SaProt/AF-Q92633-F1-model_v4.pdb.gz
INFO:2025-10-30 15:29:45,800:Successfully computed HSC for Q92633.
INFO:2025-10-30 15:29:45,801:Processing Q92636 with model AF-Q92636-F1-model_v4.pdb
INFO:2025-10-30 15:29:45,978:Computing HSC features for: Q92636, ENST00000038176, ../Ntranos_Rotation/ESM-SaProt/AF-Q92636-F1-model_v4.pdb.gz
INFO:2025-10-30 15:30:56,370:Successfully computed HSC for Q92636.
INFO:2025-10-30 15:30:56,371:Processing Q92637 with model AF-Q92637-F1-model_v4.pdb
ERROR:2025-10-30 15:30:56,455:No ENST transcript IDs were mapped to Q92637
INFO:2025-10-30 15:30:56,455:Processing Q92643 with model AF-Q92643-F1-model_v4.pdb
INFO:2025-10-30 15:30:56,565:Computing HSC features for: Q92643, ENST00000370812, ../Ntranos_Rotation/ESM-SaProt/AF-Q92643-F1-model_v4.pdb.gz
INFO:2025-10-30 15:31:28,760:Successfully computed HSC for Q92643.
INFO:2025-10-30 15:31:28,761:Processing Q92664 with model AF-Q92664-F1-model_v4.pdb
ERROR:2025-10-30 15:31:29,039:No valid CDS found for Q92664
INFO:2025-10-30 15:31:29,039:Processing Q92665 with model AF-Q92665-F1-model_v4.pdb
INFO:2025-10-30 15:31:29,125:Computing HSC features for: Q92665, ENST00000323563, ../Ntranos_Rotation/ESM-SaProt/AF-Q92665-F1-model_v4.pdb.gz
INFO:2025-10-30 15:32:23,822:Successfully computed HSC for Q92665.
INFO:2025-10-30 15:32:23,822:Pipeline completed.
INFO:2025-10-30 15:32:23,822:no_enst_for_uniprot: 1
INFO:2025-10-30 15:32:23,822:no_valid_cds: 2
INFO:2025-10-30 15:32:23,822:no_variant_data: 3
INFO:2025-10-30 15:32:23,822:bad_structure: 0
INFO:2025-10-30 15:32:23,822:no_enst_mp: 0
