INFO:2025-10-30 14:26:02,735:Starting HSC computation pipeline...
INFO:2025-10-30 14:27:04,202:Processing Q15532 with model AF-Q15532-F1-model_v4.pdb
INFO:2025-10-30 14:27:04,296:Computing HSC features for: Q15532, ENST00000415083, ../Ntranos_Rotation/ESM-SaProt/AF-Q15532-F1-model_v4.pdb.gz
INFO:2025-10-30 14:27:56,196:Successfully computed HSC for Q15532.
INFO:2025-10-30 14:27:56,196:Processing Q15542 with model AF-Q15542-F1-model_v4.pdb
ERROR:2025-10-30 14:27:56,294:No transcript record found for Q15542 in gnomAD.
INFO:2025-10-30 14:27:56,294:Processing Q15543 with model AF-Q15543-F1-model_v4.pdb
INFO:2025-10-30 14:27:56,361:Computing HSC features for: Q15543, ENST00000338366, ../Ntranos_Rotation/ESM-SaProt/AF-Q15543-F1-model_v4.pdb.gz
INFO:2025-10-30 14:28:09,566:Successfully computed HSC for Q15543.
INFO:2025-10-30 14:28:09,566:Processing Q15544 with model AF-Q15544-F1-model_v4.pdb
INFO:2025-10-30 14:28:09,641:Computing HSC features for: Q15544, ENST00000361288, ../Ntranos_Rotation/ESM-SaProt/AF-Q15544-F1-model_v4.pdb.gz
INFO:2025-10-30 14:28:39,367:Successfully computed HSC for Q15544.
INFO:2025-10-30 14:28:39,367:Processing Q15545 with model AF-Q15545-F1-model_v4.pdb
INFO:2025-10-30 14:28:39,482:Computing HSC features for: Q15545, ENST00000313368, ../Ntranos_Rotation/ESM-SaProt/AF-Q15545-F1-model_v4.pdb.gz
INFO:2025-10-30 14:29:16,423:Successfully computed HSC for Q15545.
INFO:2025-10-30 14:29:16,423:Processing Q15546 with model AF-Q15546-F1-model_v4.pdb
INFO:2025-10-30 14:29:16,599:Computing HSC features for: Q15546, ENST00000262065, ../Ntranos_Rotation/ESM-SaProt/AF-Q15546-F1-model_v4.pdb.gz
INFO:2025-10-30 14:29:46,542:Successfully computed HSC for Q15546.
INFO:2025-10-30 14:29:46,543:Processing Q15554 with model AF-Q15554-F1-model_v4.pdb
INFO:2025-10-30 14:29:46,644:Computing HSC features for: Q15554, ENST00000254942, ../Ntranos_Rotation/ESM-SaProt/AF-Q15554-F1-model_v4.pdb.gz
INFO:2025-10-30 14:31:09,118:Successfully computed HSC for Q15554.
INFO:2025-10-30 14:31:09,118:Processing Q15555 with model AF-Q15555-F1-model_v4.pdb
INFO:2025-10-30 14:31:09,226:Computing HSC features for: Q15555, ENST00000300249, ../Ntranos_Rotation/ESM-SaProt/AF-Q15555-F1-model_v4.pdb.gz
INFO:2025-10-30 14:31:50,965:Successfully computed HSC for Q15555.
INFO:2025-10-30 14:31:50,966:Processing Q15560 with model AF-Q15560-F1-model_v4.pdb
INFO:2025-10-30 14:31:51,065:Computing HSC features for: Q15560, ENST00000343484, ../Ntranos_Rotation/ESM-SaProt/AF-Q15560-F1-model_v4.pdb.gz
INFO:2025-10-30 14:32:43,195:Successfully computed HSC for Q15560.
INFO:2025-10-30 14:32:43,195:Processing Q15561 with model AF-Q15561-F1-model_v4.pdb
ERROR:2025-10-30 14:32:43,421:No valid CDS found for Q15561
INFO:2025-10-30 14:32:43,422:Processing Q15562 with model AF-Q15562-F1-model_v4.pdb
INFO:2025-10-30 14:32:43,588:Computing HSC features for: Q15562, ENST00000311227, ../Ntranos_Rotation/ESM-SaProt/AF-Q15562-F1-model_v4.pdb.gz
INFO:2025-10-30 14:33:50,390:Successfully computed HSC for Q15562.
INFO:2025-10-30 14:33:50,390:Processing Q15569 with model AF-Q15569-F1-model_v4.pdb
INFO:2025-10-30 14:33:50,503:Computing HSC features for: Q15569, ENST00000336395, ../Ntranos_Rotation/ESM-SaProt/AF-Q15569-F1-model_v4.pdb.gz
INFO:2025-10-30 14:35:27,705:Successfully computed HSC for Q15569.
INFO:2025-10-30 14:35:27,705:Processing Q15572 with model AF-Q15572-F1-model_v4.pdb
INFO:2025-10-30 14:35:27,835:Computing HSC features for: Q15572, ENST00000567759, ../Ntranos_Rotation/ESM-SaProt/AF-Q15572-F1-model_v4.pdb.gz
INFO:2025-10-30 14:37:40,043:Successfully computed HSC for Q15572.
INFO:2025-10-30 14:37:40,043:Processing Q15573 with model AF-Q15573-F1-model_v4.pdb
INFO:2025-10-30 14:37:40,126:Computing HSC features for: Q15573, ENST00000350027, ../Ntranos_Rotation/ESM-SaProt/AF-Q15573-F1-model_v4.pdb.gz
INFO:2025-10-30 14:38:23,884:Successfully computed HSC for Q15573.
INFO:2025-10-30 14:38:23,884:Processing Q15582 with model AF-Q15582-F1-model_v4.pdb
INFO:2025-10-30 14:38:24,166:Computing HSC features for: Q15582, ENST00000442011, ../Ntranos_Rotation/ESM-SaProt/AF-Q15582-F1-model_v4.pdb.gz
INFO:2025-10-30 14:39:51,444:Successfully computed HSC for Q15582.
INFO:2025-10-30 14:39:51,444:Processing Q15583 with model AF-Q15583-F1-model_v4.pdb
ERROR:2025-10-30 14:39:51,536:No valid CDS found for Q15583
INFO:2025-10-30 14:39:51,536:Processing Q15596 with model AF-Q15596-F1-model_v4.pdb
INFO:2025-10-30 14:39:51,721:Computing HSC features for: Q15596, ENST00000452400, ../Ntranos_Rotation/ESM-SaProt/AF-Q15596-F1-model_v4.pdb.gz
INFO:2025-10-30 14:42:24,339:Successfully computed HSC for Q15596.
INFO:2025-10-30 14:42:24,339:Processing Q15599 with model AF-Q15599-F1-model_v4.pdb
INFO:2025-10-30 14:42:24,628:Computing HSC features for: Q15599, ENST00000424542, ../Ntranos_Rotation/ESM-SaProt/AF-Q15599-F1-model_v4.pdb.gz
INFO:2025-10-30 14:43:29,004:Successfully computed HSC for Q15599.
INFO:2025-10-30 14:43:29,004:Processing Q155Q3 with model AF-Q155Q3-F1-model_v4.pdb
INFO:2025-10-30 14:43:29,280:Computing HSC features for: Q155Q3, ENST00000440460, ../Ntranos_Rotation/ESM-SaProt/AF-Q155Q3-F1-model_v4.pdb.gz
INFO:2025-10-30 14:44:47,368:Successfully computed HSC for Q155Q3.
INFO:2025-10-30 14:44:47,368:Processing Q15612 with model AF-Q15612-F1-model_v4.pdb
INFO:2025-10-30 14:44:47,465:Computing HSC features for: Q15612, ENST00000297913, ../Ntranos_Rotation/ESM-SaProt/AF-Q15612-F1-model_v4.pdb.gz
INFO:2025-10-30 14:45:24,672:Successfully computed HSC for Q15612.
INFO:2025-10-30 14:45:24,672:Processing Q15615 with model AF-Q15615-F1-model_v4.pdb
INFO:2025-10-30 14:45:24,802:Computing HSC features for: Q15615, ENST00000268912, ../Ntranos_Rotation/ESM-SaProt/AF-Q15615-F1-model_v4.pdb.gz
INFO:2025-10-30 14:45:59,086:Successfully computed HSC for Q15615.
INFO:2025-10-30 14:45:59,086:Processing Q15617 with model AF-Q15617-F1-model_v4.pdb
ERROR:2025-10-30 14:45:59,156:No transcript record found for Q15617 in gnomAD.
INFO:2025-10-30 14:45:59,157:Processing Q15619 with model AF-Q15619-F1-model_v4.pdb
INFO:2025-10-30 14:45:59,224:Computing HSC features for: Q15619, ENST00000408896, ../Ntranos_Rotation/ESM-SaProt/AF-Q15619-F1-model_v4.pdb.gz
INFO:2025-10-30 14:46:37,683:Successfully computed HSC for Q15619.
INFO:2025-10-30 14:46:37,683:Processing Q15620 with model AF-Q15620-F1-model_v4.pdb
INFO:2025-10-30 14:46:37,751:Computing HSC features for: Q15620, ENST00000328064, ../Ntranos_Rotation/ESM-SaProt/AF-Q15620-F1-model_v4.pdb.gz
INFO:2025-10-30 14:47:11,400:Successfully computed HSC for Q15620.
INFO:2025-10-30 14:47:11,400:Processing Q15622 with model AF-Q15622-F1-model_v4.pdb
INFO:2025-10-30 14:47:11,480:Computing HSC features for: Q15622, ENST00000322301, ../Ntranos_Rotation/ESM-SaProt/AF-Q15622-F1-model_v4.pdb.gz
INFO:2025-10-30 14:47:43,302:Successfully computed HSC for Q15622.
INFO:2025-10-30 14:47:43,302:Processing Q15628 with model AF-Q15628-F1-model_v4.pdb
INFO:2025-10-30 14:47:43,360:Computing HSC features for: Q15628, ENST00000345057, ../Ntranos_Rotation/ESM-SaProt/AF-Q15628-F1-model_v4.pdb.gz
INFO:2025-10-30 14:48:52,785:Successfully computed HSC for Q15628.
INFO:2025-10-30 14:48:52,786:Processing Q4VX62 with model AF-Q4VX62-F1-model_v4.pdb
ERROR:2025-10-30 14:48:52,852:No ENST transcript IDs were mapped to Q4VX62
INFO:2025-10-30 14:48:52,852:Processing Q4VX76 with model AF-Q4VX76-F1-model_v4.pdb
INFO:2025-10-30 14:48:52,997:Computing HSC features for: Q4VX76, ENST00000360448, ../Ntranos_Rotation/ESM-SaProt/AF-Q4VX76-F1-model_v4.pdb.gz
INFO:2025-10-30 14:50:05,504:Successfully computed HSC for Q4VX76.
INFO:2025-10-30 14:50:05,505:Processing Q4VXA5 with model AF-Q4VXA5-F1-model_v4.pdb
INFO:2025-10-30 14:50:05,574:Computing HSC features for: Q4VXA5, ENST00000370384, ../Ntranos_Rotation/ESM-SaProt/AF-Q4VXA5-F1-model_v4.pdb.gz
INFO:2025-10-30 14:50:35,612:Successfully computed HSC for Q4VXA5.
INFO:2025-10-30 14:50:35,612:Processing Q4VXF1 with model AF-Q4VXF1-F1-model_v4.pdb
ERROR:2025-10-30 14:50:35,657:No ENST transcript IDs were mapped to Q4VXF1
INFO:2025-10-30 14:50:35,657:Processing Q4VXU2 with model AF-Q4VXU2-F1-model_v4.pdb
INFO:2025-10-30 14:50:35,752:Computing HSC features for: Q4VXU2, ENST00000255136, ../Ntranos_Rotation/ESM-SaProt/AF-Q4VXU2-F1-model_v4.pdb.gz
INFO:2025-10-30 14:52:10,942:Successfully computed HSC for Q4VXU2.
INFO:2025-10-30 14:52:10,942:Processing Q4W4Y0 with model AF-Q4W4Y0-F1-model_v4.pdb
INFO:2025-10-30 14:52:11,007:Computing HSC features for: Q4W4Y0, ENST00000325192, ../Ntranos_Rotation/ESM-SaProt/AF-Q4W4Y0-F1-model_v4.pdb.gz
INFO:2025-10-30 14:52:40,390:Successfully computed HSC for Q4W4Y0.
INFO:2025-10-30 14:52:40,390:Processing Q4W5G0 with model AF-Q4W5G0-F1-model_v4.pdb
ERROR:2025-10-30 14:52:40,510:No transcript record found for Q4W5G0 in gnomAD.
INFO:2025-10-30 14:52:40,510:Processing Q4W5P6 with model AF-Q4W5P6-F1-model_v4.pdb
ERROR:2025-10-30 14:52:40,611:No transcript record found for Q4W5P6 in gnomAD.
INFO:2025-10-30 14:52:40,611:Processing Q4ZG55 with model AF-Q4ZG55-F1-model_v4.pdb
INFO:2025-10-30 14:52:40,924:Computing HSC features for: Q4ZG55, ENST00000234142, ../Ntranos_Rotation/ESM-SaProt/AF-Q4ZG55-F1-model_v4.pdb.gz
INFO:2025-10-30 14:57:53,817:Successfully computed HSC for Q4ZG55.
INFO:2025-10-30 14:57:53,818:Processing Q4ZHG4 with model AF-Q4ZHG4-F1-model_v4.pdb
INFO:2025-10-30 14:57:54,056:Computing HSC features for: Q4ZHG4, ENST00000297267, ../Ntranos_Rotation/ESM-SaProt/AF-Q4ZHG4-F1-model_v4.pdb.gz
INFO:2025-10-30 15:02:50,684:Successfully computed HSC for Q4ZHG4.
INFO:2025-10-30 15:02:50,684:Processing Q4ZIN3 with model AF-Q4ZIN3-F1-model_v4.pdb
INFO:2025-10-30 15:02:50,778:Computing HSC features for: Q4ZIN3, ENST00000356663, ../Ntranos_Rotation/ESM-SaProt/AF-Q4ZIN3-F1-model_v4.pdb.gz
INFO:2025-10-30 15:04:45,692:Successfully computed HSC for Q4ZIN3.
INFO:2025-10-30 15:04:45,692:Processing Q4ZJI4 with model AF-Q4ZJI4-F1-model_v4.pdb
INFO:2025-10-30 15:04:45,767:Computing HSC features for: Q4ZJI4, ENST00000296422, ../Ntranos_Rotation/ESM-SaProt/AF-Q4ZJI4-F1-model_v4.pdb.gz
INFO:2025-10-30 15:05:39,479:Successfully computed HSC for Q4ZJI4.
INFO:2025-10-30 15:05:39,479:Processing Q502W6 with model AF-Q502W6-F1-model_v4.pdb
INFO:2025-10-30 15:05:39,712:Computing HSC features for: Q502W6, ENST00000477737, ../Ntranos_Rotation/ESM-SaProt/AF-Q502W6-F1-model_v4.pdb.gz
INFO:2025-10-30 15:08:12,904:Successfully computed HSC for Q502W6.
INFO:2025-10-30 15:08:12,904:Processing Q502W7 with model AF-Q502W7-F1-model_v4.pdb
INFO:2025-10-30 15:08:12,999:Computing HSC features for: Q502W7, ENST00000344280, ../Ntranos_Rotation/ESM-SaProt/AF-Q502W7-F1-model_v4.pdb.gz
INFO:2025-10-30 15:09:13,287:Successfully computed HSC for Q502W7.
INFO:2025-10-30 15:09:13,288:Processing Q502X0 with model AF-Q502X0-F1-model_v4.pdb
INFO:2025-10-30 15:09:13,333:Computing HSC features for: Q502X0, ENST00000409665, ../Ntranos_Rotation/ESM-SaProt/AF-Q502X0-F1-model_v4.pdb.gz
INFO:2025-10-30 15:09:23,142:Successfully computed HSC for Q502X0.
INFO:2025-10-30 15:09:23,142:Processing Q504Q3 with model AF-Q504Q3-F1-model_v4.pdb
INFO:2025-10-30 15:09:23,308:Computing HSC features for: Q504Q3, ENST00000425394, ../Ntranos_Rotation/ESM-SaProt/AF-Q504Q3-F1-model_v4.pdb.gz
INFO:2025-10-30 15:12:01,832:Successfully computed HSC for Q504Q3.
INFO:2025-10-30 15:12:01,832:Processing Q504T8 with model AF-Q504T8-F1-model_v4.pdb
INFO:2025-10-30 15:12:01,929:Computing HSC features for: Q504T8, ENST00000300952, ../Ntranos_Rotation/ESM-SaProt/AF-Q504T8-F1-model_v4.pdb.gz
INFO:2025-10-30 15:13:57,458:Successfully computed HSC for Q504T8.
INFO:2025-10-30 15:13:57,458:Processing Q504U0 with model AF-Q504U0-F1-model_v4.pdb
INFO:2025-10-30 15:13:57,495:Computing HSC features for: Q504U0, ENST00000379205, ../Ntranos_Rotation/ESM-SaProt/AF-Q504U0-F1-model_v4.pdb.gz
INFO:2025-10-30 15:14:17,689:Successfully computed HSC for Q504U0.
INFO:2025-10-30 15:14:17,689:Processing Q504Y0 with model AF-Q504Y0-F1-model_v4.pdb
INFO:2025-10-30 15:14:17,909:Computing HSC features for: Q504Y0, ENST00000377369, ../Ntranos_Rotation/ESM-SaProt/AF-Q504Y0-F1-model_v4.pdb.gz
INFO:2025-10-30 15:15:42,635:Successfully computed HSC for Q504Y0.
INFO:2025-10-30 15:15:42,635:Processing Q504Y2 with model AF-Q504Y2-F1-model_v4.pdb
INFO:2025-10-30 15:15:42,727:Computing HSC features for: Q504Y2, ENST00000294964, ../Ntranos_Rotation/ESM-SaProt/AF-Q504Y2-F1-model_v4.pdb.gz
INFO:2025-10-30 15:17:23,646:Successfully computed HSC for Q504Y2.
INFO:2025-10-30 15:17:23,647:Processing Q504Y3 with model AF-Q504Y3-F1-model_v4.pdb
INFO:2025-10-30 15:17:23,753:Computing HSC features for: Q504Y3, ENST00000383768, ../Ntranos_Rotation/ESM-SaProt/AF-Q504Y3-F1-model_v4.pdb.gz
INFO:2025-10-30 15:18:04,587:Successfully computed HSC for Q504Y3.
INFO:2025-10-30 15:18:04,587:Processing Q50LG9 with model AF-Q50LG9-F1-model_v4.pdb
INFO:2025-10-30 15:18:04,688:Computing HSC features for: Q50LG9, ENST00000529415, ../Ntranos_Rotation/ESM-SaProt/AF-Q50LG9-F1-model_v4.pdb.gz
INFO:2025-10-30 15:20:18,097:Successfully computed HSC for Q50LG9.
INFO:2025-10-30 15:20:18,097:Processing Q52LA3 with model AF-Q52LA3-F1-model_v4.pdb
ERROR:2025-10-30 15:20:18,126:No ENST transcript IDs were mapped to Q52LA3
INFO:2025-10-30 15:20:18,126:Processing Q15399 with model AF-Q15399-F1-model_v4.pdb
INFO:2025-10-30 15:20:18,355:Computing HSC features for: Q15399, ENST00000308979, ../Ntranos_Rotation/ESM-SaProt/AF-Q15399-F1-model_v4.pdb.gz
INFO:2025-10-30 15:21:53,031:Successfully computed HSC for Q15399.
INFO:2025-10-30 15:21:53,031:Pipeline completed.
INFO:2025-10-30 15:21:53,031:no_enst_for_uniprot: 3
INFO:2025-10-30 15:21:53,031:no_valid_cds: 2
INFO:2025-10-30 15:21:53,031:no_variant_data: 4
INFO:2025-10-30 15:21:53,031:bad_structure: 0
INFO:2025-10-30 15:21:53,031:no_enst_mp: 0
