INFO:2025-10-30 14:27:03,974:Starting HSC computation pipeline...
INFO:2025-10-30 14:28:18,041:Processing Q8WW24 with model AF-Q8WW24-F1-model_v4.pdb
INFO:2025-10-30 14:28:18,159:Computing HSC features for: Q8WW24, ENST00000295201, ../Ntranos_Rotation/ESM-SaProt/AF-Q8WW24-F1-model_v4.pdb.gz
INFO:2025-10-30 14:29:48,073:Successfully computed HSC for Q8WW24.
INFO:2025-10-30 14:29:48,073:Processing Q8WW27 with model AF-Q8WW27-F1-model_v4.pdb
INFO:2025-10-30 14:29:48,163:Computing HSC features for: Q8WW27, ENST00000308641, ../Ntranos_Rotation/ESM-SaProt/AF-Q8WW27-F1-model_v4.pdb.gz
INFO:2025-10-30 14:31:00,265:Successfully computed HSC for Q8WW27.
INFO:2025-10-30 14:31:00,265:Processing Q8WW32 with model AF-Q8WW32-F1-model_v4.pdb
INFO:2025-10-30 14:31:00,349:Computing HSC features for: Q8WW32, ENST00000519684, ../Ntranos_Rotation/ESM-SaProt/AF-Q8WW32-F1-model_v4.pdb.gz
INFO:2025-10-30 14:31:43,173:Successfully computed HSC for Q8WW32.
INFO:2025-10-30 14:31:43,173:Processing Q8WW33 with model AF-Q8WW33-F1-model_v4.pdb
INFO:2025-10-30 14:31:43,269:Computing HSC features for: Q8WW33, ENST00000305879, ../Ntranos_Rotation/ESM-SaProt/AF-Q8WW33-F1-model_v4.pdb.gz
INFO:2025-10-30 14:32:18,708:Successfully computed HSC for Q8WW33.
INFO:2025-10-30 14:32:18,708:Processing Q8WW34 with model AF-Q8WW34-F1-model_v4.pdb
INFO:2025-10-30 14:32:18,789:Computing HSC features for: Q8WW34, ENST00000361033, ../Ntranos_Rotation/ESM-SaProt/AF-Q8WW34-F1-model_v4.pdb.gz
INFO:2025-10-30 14:32:53,576:Successfully computed HSC for Q8WW34.
INFO:2025-10-30 14:32:53,576:Processing Q8WW35 with model AF-Q8WW35-F1-model_v4.pdb
INFO:2025-10-30 14:32:53,832:Computing HSC features for: Q8WW35, ENST00000325318, ../Ntranos_Rotation/ESM-SaProt/AF-Q8WW35-F1-model_v4.pdb.gz
INFO:2025-10-30 14:33:18,838:Successfully computed HSC for Q8WW35.
INFO:2025-10-30 14:33:18,838:Processing Q8WW36 with model AF-Q8WW36-F1-model_v4.pdb
INFO:2025-10-30 14:33:19,054:Computing HSC features for: Q8WW36, ENST00000339534, ../Ntranos_Rotation/ESM-SaProt/AF-Q8WW36-F1-model_v4.pdb.gz
INFO:2025-10-30 14:33:47,365:Successfully computed HSC for Q8WW36.
INFO:2025-10-30 14:33:47,366:Processing Q8WW38 with model AF-Q8WW38-F1-model_v4.pdb
INFO:2025-10-30 14:33:47,625:Computing HSC features for: Q8WW38, ENST00000407775, ../Ntranos_Rotation/ESM-SaProt/AF-Q8WW38-F1-model_v4.pdb.gz
INFO:2025-10-30 14:36:02,003:Successfully computed HSC for Q8WW38.
INFO:2025-10-30 14:36:02,003:Processing Q8WW43 with model AF-Q8WW43-F1-model_v4.pdb
INFO:2025-10-30 14:36:02,073:Computing HSC features for: Q8WW43, ENST00000261879, ../Ntranos_Rotation/ESM-SaProt/AF-Q8WW43-F1-model_v4.pdb.gz
INFO:2025-10-30 14:36:32,397:Successfully computed HSC for Q8WW43.
INFO:2025-10-30 14:36:32,397:Processing Q8WW52 with model AF-Q8WW52-F1-model_v4.pdb
INFO:2025-10-30 14:36:32,543:Computing HSC features for: Q8WW52, ENST00000302250, ../Ntranos_Rotation/ESM-SaProt/AF-Q8WW52-F1-model_v4.pdb.gz
INFO:2025-10-30 14:37:59,218:Successfully computed HSC for Q8WW52.
INFO:2025-10-30 14:37:59,218:Processing Q8WW59 with model AF-Q8WW59-F1-model_v4.pdb
INFO:2025-10-30 14:37:59,313:Computing HSC features for: Q8WW59, ENST00000338146, ../Ntranos_Rotation/ESM-SaProt/AF-Q8WW59-F1-model_v4.pdb.gz
INFO:2025-10-30 14:38:38,694:Successfully computed HSC for Q8WW59.
INFO:2025-10-30 14:38:38,694:Processing Q8WW62 with model AF-Q8WW62-F1-model_v4.pdb
INFO:2025-10-30 14:38:38,753:Computing HSC features for: Q8WW62, ENST00000288025, ../Ntranos_Rotation/ESM-SaProt/AF-Q8WW62-F1-model_v4.pdb.gz
INFO:2025-10-30 14:39:04,208:Successfully computed HSC for Q8WW62.
INFO:2025-10-30 14:39:04,208:Processing Q8WWA0 with model AF-Q8WWA0-F1-model_v4.pdb
INFO:2025-10-30 14:39:04,281:Computing HSC features for: Q8WWA0, ENST00000326245, ../Ntranos_Rotation/ESM-SaProt/AF-Q8WWA0-F1-model_v4.pdb.gz
INFO:2025-10-30 14:39:44,882:Successfully computed HSC for Q8WWA0.
INFO:2025-10-30 14:39:44,882:Processing Q8WWA1 with model AF-Q8WWA1-F1-model_v4.pdb
INFO:2025-10-30 14:39:44,983:Computing HSC features for: Q8WWA1, ENST00000264728, ../Ntranos_Rotation/ESM-SaProt/AF-Q8WWA1-F1-model_v4.pdb.gz
INFO:2025-10-30 14:40:12,385:Successfully computed HSC for Q8WWA1.
INFO:2025-10-30 14:40:12,385:Processing Q8WWB3 with model AF-Q8WWB3-F1-model_v4.pdb
INFO:2025-10-30 14:40:12,421:Computing HSC features for: Q8WWB3, ENST00000421924, ../Ntranos_Rotation/ESM-SaProt/AF-Q8WWB3-F1-model_v4.pdb.gz
INFO:2025-10-30 14:40:28,421:Successfully computed HSC for Q8WWB3.
INFO:2025-10-30 14:40:28,421:Processing Q8WWB5 with model AF-Q8WWB5-F1-model_v4.pdb
INFO:2025-10-30 14:40:28,499:Computing HSC features for: Q8WWB5, ENST00000280350, ../Ntranos_Rotation/ESM-SaProt/AF-Q8WWB5-F1-model_v4.pdb.gz
INFO:2025-10-30 14:40:53,896:Successfully computed HSC for Q8WWB5.
INFO:2025-10-30 14:40:53,897:Processing Q8WWB7 with model AF-Q8WWB7-F1-model_v4.pdb
INFO:2025-10-30 14:40:53,991:Computing HSC features for: Q8WWB7, ENST00000362007, ../Ntranos_Rotation/ESM-SaProt/AF-Q8WWB7-F1-model_v4.pdb.gz
INFO:2025-10-30 14:41:38,439:Successfully computed HSC for Q8WWB7.
INFO:2025-10-30 14:41:38,440:Processing Q8WWC4 with model AF-Q8WWC4-F1-model_v4.pdb
INFO:2025-10-30 14:41:38,498:Computing HSC features for: Q8WWC4, ENST00000295079, ../Ntranos_Rotation/ESM-SaProt/AF-Q8WWC4-F1-model_v4.pdb.gz
INFO:2025-10-30 14:42:14,987:Successfully computed HSC for Q8WWC4.
INFO:2025-10-30 14:42:14,988:Processing Q8WWF1 with model AF-Q8WWF1-F1-model_v4.pdb
INFO:2025-10-30 14:42:15,040:Computing HSC features for: Q8WWF1, ENST00000369099, ../Ntranos_Rotation/ESM-SaProt/AF-Q8WWF1-F1-model_v4.pdb.gz
INFO:2025-10-30 14:42:28,621:Successfully computed HSC for Q8WWF1.
INFO:2025-10-30 14:42:28,621:Processing Q8WWF3 with model AF-Q8WWF3-F1-model_v4.pdb
INFO:2025-10-30 14:42:28,685:Computing HSC features for: Q8WWF3, ENST00000297819, ../Ntranos_Rotation/ESM-SaProt/AF-Q8WWF3-F1-model_v4.pdb.gz
INFO:2025-10-30 14:42:52,049:Successfully computed HSC for Q8WWF3.
INFO:2025-10-30 14:42:52,049:Processing Q8WWF5 with model AF-Q8WWF5-F1-model_v4.pdb
INFO:2025-10-30 14:42:52,172:Computing HSC features for: Q8WWF5, ENST00000222033, ../Ntranos_Rotation/ESM-SaProt/AF-Q8WWF5-F1-model_v4.pdb.gz
INFO:2025-10-30 14:44:07,373:Successfully computed HSC for Q8WWF5.
INFO:2025-10-30 14:44:07,373:Processing Q8WWF6 with model AF-Q8WWF6-F1-model_v4.pdb
ERROR:2025-10-30 14:44:07,442:No ENST transcript IDs were mapped to Q8WWF6
INFO:2025-10-30 14:44:07,443:Processing Q8WWF8 with model AF-Q8WWF8-F1-model_v4.pdb
INFO:2025-10-30 14:44:07,486:Computing HSC features for: Q8WWF8, ENST00000397366, ../Ntranos_Rotation/ESM-SaProt/AF-Q8WWF8-F1-model_v4.pdb.gz
INFO:2025-10-30 14:44:29,278:Successfully computed HSC for Q8WWF8.
INFO:2025-10-30 14:44:29,278:Processing Q8WWG1 with model AF-Q8WWG1-F1-model_v4.pdb
INFO:2025-10-30 14:44:29,339:Computing HSC features for: Q8WWG1, ENST00000394907, ../Ntranos_Rotation/ESM-SaProt/AF-Q8WWG1-F1-model_v4.pdb.gz
INFO:2025-10-30 14:44:42,805:Successfully computed HSC for Q8WWG1.
INFO:2025-10-30 14:44:42,805:Processing Q8WWG9 with model AF-Q8WWG9-F1-model_v4.pdb
INFO:2025-10-30 14:44:42,854:Computing HSC features for: Q8WWG9, ENST00000281830, ../Ntranos_Rotation/ESM-SaProt/AF-Q8WWG9-F1-model_v4.pdb.gz
INFO:2025-10-30 14:45:17,397:Successfully computed HSC for Q8WWG9.
INFO:2025-10-30 14:45:17,397:Processing Q8WWH4 with model AF-Q8WWH4-F1-model_v4.pdb
INFO:2025-10-30 14:45:17,471:Computing HSC features for: Q8WWH4, ENST00000284629, ../Ntranos_Rotation/ESM-SaProt/AF-Q8WWH4-F1-model_v4.pdb.gz
INFO:2025-10-30 14:46:02,688:Successfully computed HSC for Q8WWH4.
INFO:2025-10-30 14:46:02,688:Processing Q8WWH5 with model AF-Q8WWH5-F1-model_v4.pdb
INFO:2025-10-30 14:46:02,755:Computing HSC features for: Q8WWH5, ENST00000298746, ../Ntranos_Rotation/ESM-SaProt/AF-Q8WWH5-F1-model_v4.pdb.gz
INFO:2025-10-30 14:46:42,494:Successfully computed HSC for Q8WWH5.
INFO:2025-10-30 14:46:42,494:Processing Q8WWI1 with model AF-Q8WWI1-F1-model_v4.pdb
ERROR:2025-10-30 14:46:42,714:No valid CDS found for Q8WWI1
INFO:2025-10-30 14:46:42,714:Processing Q8WWI5 with model AF-Q8WWI5-F1-model_v4.pdb
INFO:2025-10-30 14:46:42,892:Computing HSC features for: Q8WWI5, ENST00000374720, ../Ntranos_Rotation/ESM-SaProt/AF-Q8WWI5-F1-model_v4.pdb.gz
INFO:2025-10-30 14:47:56,356:Successfully computed HSC for Q8WWI5.
INFO:2025-10-30 14:47:56,356:Processing Q8WWK9 with model AF-Q8WWK9-F1-model_v4.pdb
INFO:2025-10-30 14:47:56,459:Computing HSC features for: Q8WWK9, ENST00000378037, ../Ntranos_Rotation/ESM-SaProt/AF-Q8WWK9-F1-model_v4.pdb.gz
INFO:2025-10-30 14:48:58,390:Successfully computed HSC for Q8WWK9.
INFO:2025-10-30 14:48:58,390:Processing Q8WWL2 with model AF-Q8WWL2-F1-model_v4.pdb
INFO:2025-10-30 14:48:58,547:Computing HSC features for: Q8WWL2, ENST00000378247, ../Ntranos_Rotation/ESM-SaProt/AF-Q8WWL2-F1-model_v4.pdb.gz
INFO:2025-10-30 14:50:51,783:Successfully computed HSC for Q8WWL2.
INFO:2025-10-30 14:50:51,783:Processing Q8WWL7 with model AF-Q8WWL7-F1-model_v4.pdb
INFO:2025-10-30 14:50:51,962:Computing HSC features for: Q8WWL7, ENST00000276014, ../Ntranos_Rotation/ESM-SaProt/AF-Q8WWL7-F1-model_v4.pdb.gz
INFO:2025-10-30 14:52:48,653:Successfully computed HSC for Q8WWL7.
INFO:2025-10-30 14:52:48,654:Processing Q8WWM1 with model AF-Q8WWM1-F1-model_v4.pdb
INFO:2025-10-30 14:52:48,685:Computing HSC features for: Q8WWM1, ENST00000375501, ../Ntranos_Rotation/ESM-SaProt/AF-Q8WWM1-F1-model_v4.pdb.gz
INFO:2025-10-30 14:52:58,506:Successfully computed HSC for Q8WWM1.
INFO:2025-10-30 14:52:58,506:Processing Q8WWM7 with model AF-Q8WWM7-F1-model_v4.pdb
INFO:2025-10-30 14:52:58,631:Computing HSC features for: Q8WWM7, ENST00000336783, ../Ntranos_Rotation/ESM-SaProt/AF-Q8WWM7-F1-model_v4.pdb.gz
INFO:2025-10-30 14:55:09,698:Successfully computed HSC for Q8WWM7.
INFO:2025-10-30 14:55:09,698:Processing Q8WWM9 with model AF-Q8WWM9-F1-model_v4.pdb
INFO:2025-10-30 14:55:09,754:Computing HSC features for: Q8WWM9, ENST00000293230, ../Ntranos_Rotation/ESM-SaProt/AF-Q8WWM9-F1-model_v4.pdb.gz
INFO:2025-10-30 14:55:36,314:Successfully computed HSC for Q8WWM9.
INFO:2025-10-30 14:55:36,314:Processing Q8WWN8 with model AF-Q8WWN8-F1-model_v4.pdb
INFO:2025-10-30 14:55:36,510:Computing HSC features for: Q8WWN8, ENST00000239440, ../Ntranos_Rotation/ESM-SaProt/AF-Q8WWN8-F1-model_v4.pdb.gz
INFO:2025-10-30 14:58:32,832:Successfully computed HSC for Q8WWN8.
INFO:2025-10-30 14:58:32,832:Processing Q8WWN9 with model AF-Q8WWN9-F1-model_v4.pdb
INFO:2025-10-30 14:58:32,942:Computing HSC features for: Q8WWN9, ENST00000265198, ../Ntranos_Rotation/ESM-SaProt/AF-Q8WWN9-F1-model_v4.pdb.gz
INFO:2025-10-30 14:59:13,160:Successfully computed HSC for Q8WWN9.
INFO:2025-10-30 14:59:13,160:Processing Q8WWP7 with model AF-Q8WWP7-F1-model_v4.pdb
INFO:2025-10-30 14:59:13,217:Computing HSC features for: Q8WWP7, ENST00000307194, ../Ntranos_Rotation/ESM-SaProt/AF-Q8WWP7-F1-model_v4.pdb.gz
INFO:2025-10-30 14:59:59,975:Successfully computed HSC for Q8WWP7.
INFO:2025-10-30 14:59:59,975:Processing Q8WWQ0 with model AF-Q8WWQ0-F1-model_v4.pdb
INFO:2025-10-30 15:00:00,208:Computing HSC features for: Q8WWQ0, ENST00000275034, ../Ntranos_Rotation/ESM-SaProt/AF-Q8WWQ0-F1-model_v4.pdb.gz
INFO:2025-10-30 15:02:44,895:Successfully computed HSC for Q8WWQ0.
INFO:2025-10-30 15:02:44,895:Processing Q8WWQ2 with model AF-Q8WWQ2-F1-model_v4.pdb
INFO:2025-10-30 15:02:45,032:Computing HSC features for: Q8WWQ2, ENST00000370552, ../Ntranos_Rotation/ESM-SaProt/AF-Q8WWQ2-F1-model_v4.pdb.gz
INFO:2025-10-30 15:03:59,478:Successfully computed HSC for Q8WWQ2.
INFO:2025-10-30 15:03:59,478:Processing Q8WWQ8 with model AF-Q8WWQ8-F1-model_v4.pdb
INFO:2025-10-30 15:03:59,779:Computing HSC features for: Q8WWQ8, ENST00000388887, ../Ntranos_Rotation/ESM-SaProt/AF-Q8WWQ8-F1-model_v4.pdb.gz
INFO:2025-10-30 15:10:57,793:Successfully computed HSC for Q8WWQ8.
INFO:2025-10-30 15:10:57,793:Processing Q8WWR8 with model AF-Q8WWR8-F1-model_v4.pdb
INFO:2025-10-30 15:10:58,274:Computing HSC features for: Q8WWR8, ENST00000391969, ../Ntranos_Rotation/ESM-SaProt/AF-Q8WWR8-F1-model_v4.pdb.gz
INFO:2025-10-30 15:12:35,498:Successfully computed HSC for Q8WWR8.
INFO:2025-10-30 15:12:35,498:Processing Q8WWR9 with model AF-Q8WWR9-F1-model_v4.pdb
INFO:2025-10-30 15:12:35,525:Computing HSC features for: Q8WWR9, ENST00000517663, ../Ntranos_Rotation/ESM-SaProt/AF-Q8WWR9-F1-model_v4.pdb.gz
INFO:2025-10-30 15:12:43,553:Successfully computed HSC for Q8WWR9.
INFO:2025-10-30 15:12:43,553:Processing Q8WWT9 with model AF-Q8WWT9-F1-model_v4.pdb
INFO:2025-10-30 15:12:43,646:Computing HSC features for: Q8WWT9, ENST00000279027, ../Ntranos_Rotation/ESM-SaProt/AF-Q8WWT9-F1-model_v4.pdb.gz
INFO:2025-10-30 15:13:55,929:Successfully computed HSC for Q8WWT9.
INFO:2025-10-30 15:13:55,929:Processing Q8WWU5 with model AF-Q8WWU5-F1-model_v4.pdb
INFO:2025-10-30 15:13:56,006:Computing HSC features for: Q8WWU5, ENST00000311875, ../Ntranos_Rotation/ESM-SaProt/AF-Q8WWU5-F1-model_v4.pdb.gz
INFO:2025-10-30 15:14:41,937:Successfully computed HSC for Q8WWU5.
INFO:2025-10-30 15:14:41,937:Processing Q8WWU7 with model AF-Q8WWU7-F1-model_v4.pdb
INFO:2025-10-30 15:14:42,155:Computing HSC features for: Q8WWU7, ENST00000368029, ../Ntranos_Rotation/ESM-SaProt/AF-Q8WWU7-F1-model_v4.pdb.gz
INFO:2025-10-30 15:16:06,757:Successfully computed HSC for Q8WWU7.
INFO:2025-10-30 15:16:06,758:Processing Q8WWV3 with model AF-Q8WWV3-F1-model_v4.pdb
INFO:2025-10-30 15:16:06,861:Computing HSC features for: Q8WWV3, ENST00000369063, ../Ntranos_Rotation/ESM-SaProt/AF-Q8WWV3-F1-model_v4.pdb.gz
INFO:2025-10-30 15:17:32,466:Successfully computed HSC for Q8WWV3.
INFO:2025-10-30 15:17:32,466:Processing Q8WWV6 with model AF-Q8WWV6-F1-model_v4.pdb
ERROR:2025-10-30 15:17:32,925:No valid CDS found for Q8WWV6
INFO:2025-10-30 15:17:32,926:Processing Q8WWW0 with model AF-Q8WWW0-F1-model_v4.pdb
ERROR:2025-10-30 15:17:33,071:No transcript record found for Q8WWW0 in gnomAD.
INFO:2025-10-30 15:17:33,071:Processing Q8WWW8 with model AF-Q8WWW8-F1-model_v4.pdb
INFO:2025-10-30 15:17:33,243:Computing HSC features for: Q8WWW8, ENST00000369575, ../Ntranos_Rotation/ESM-SaProt/AF-Q8WWW8-F1-model_v4.pdb.gz
INFO:2025-10-30 15:18:49,989:Successfully computed HSC for Q8WWW8.
INFO:2025-10-30 15:18:49,989:Pipeline completed.
INFO:2025-10-30 15:18:49,989:no_enst_for_uniprot: 1
INFO:2025-10-30 15:18:49,989:no_valid_cds: 2
INFO:2025-10-30 15:18:49,989:no_variant_data: 1
INFO:2025-10-30 15:18:49,989:bad_structure: 0
INFO:2025-10-30 15:18:49,989:no_enst_mp: 0
