INFO:2025-10-30 14:26:02,840:Starting HSC computation pipeline...
INFO:2025-10-30 14:27:35,393:Processing Q3MIW9 with model AF-Q3MIW9-F1-model_v4.pdb
ERROR:2025-10-30 14:27:35,498:No transcript record found for Q3MIW9 in gnomAD.
INFO:2025-10-30 14:27:35,498:Processing Q3MIX3 with model AF-Q3MIX3-F1-model_v4.pdb
INFO:2025-10-30 14:27:35,592:Computing HSC features for: Q3MIX3, ENST00000308860, ../Ntranos_Rotation/ESM-SaProt/AF-Q3MIX3-F1-model_v4.pdb.gz
INFO:2025-10-30 14:29:30,044:Successfully computed HSC for Q3MIX3.
INFO:2025-10-30 14:29:30,044:Processing Q3MJ13 with model AF-Q3MJ13-F1-model_v4.pdb
INFO:2025-10-30 14:29:30,243:Computing HSC features for: Q3MJ13, ENST00000360509, ../Ntranos_Rotation/ESM-SaProt/AF-Q3MJ13-F1-model_v4.pdb.gz
INFO:2025-10-30 14:30:45,851:Successfully computed HSC for Q3MJ13.
INFO:2025-10-30 14:30:45,851:Processing Q3MJ16 with model AF-Q3MJ16-F1-model_v4.pdb
INFO:2025-10-30 14:30:45,960:Computing HSC features for: Q3MJ16, ENST00000399518, ../Ntranos_Rotation/ESM-SaProt/AF-Q3MJ16-F1-model_v4.pdb.gz
INFO:2025-10-30 14:32:05,644:Successfully computed HSC for Q3MJ16.
INFO:2025-10-30 14:32:05,644:Processing Q3MJ40 with model AF-Q3MJ40-F1-model_v4.pdb
ERROR:2025-10-30 14:32:05,812:No ENST transcript IDs were mapped to Q3MJ40
INFO:2025-10-30 14:32:05,812:Processing Q3MJ62 with model AF-Q3MJ62-F1-model_v4.pdb
INFO:2025-10-30 14:32:05,923:Computing HSC features for: Q3MJ62, ENST00000289788, ../Ntranos_Rotation/ESM-SaProt/AF-Q3MJ62-F1-model_v4.pdb.gz
INFO:2025-10-30 14:32:38,461:Successfully computed HSC for Q3MJ62.
INFO:2025-10-30 14:32:38,461:Processing Q3MUY2 with model AF-Q3MUY2-F1-model_v4.pdb
INFO:2025-10-30 14:32:38,539:Computing HSC features for: Q3MUY2, ENST00000527353, ../Ntranos_Rotation/ESM-SaProt/AF-Q3MUY2-F1-model_v4.pdb.gz
INFO:2025-10-30 14:32:43,633:Successfully computed HSC for Q3MUY2.
INFO:2025-10-30 14:32:43,633:Processing Q3SX64 with model AF-Q3SX64-F1-model_v4.pdb
INFO:2025-10-30 14:32:43,712:Computing HSC features for: Q3SX64, ENST00000315489, ../Ntranos_Rotation/ESM-SaProt/AF-Q3SX64-F1-model_v4.pdb.gz
INFO:2025-10-30 14:33:22,979:Successfully computed HSC for Q3SX64.
INFO:2025-10-30 14:33:22,980:Processing Q3SXM0 with model AF-Q3SXM0-F1-model_v4.pdb
INFO:2025-10-30 14:33:23,103:Computing HSC features for: Q3SXM0, ENST00000333141, ../Ntranos_Rotation/ESM-SaProt/AF-Q3SXM0-F1-model_v4.pdb.gz
INFO:2025-10-30 14:34:07,866:Successfully computed HSC for Q3SXM0.
INFO:2025-10-30 14:34:07,866:Processing Q3SXM5 with model AF-Q3SXM5-F1-model_v4.pdb
INFO:2025-10-30 14:34:07,950:Computing HSC features for: Q3SXM5, ENST00000219439, ../Ntranos_Rotation/ESM-SaProt/AF-Q3SXM5-F1-model_v4.pdb.gz
INFO:2025-10-30 14:34:38,018:Successfully computed HSC for Q3SXM5.
INFO:2025-10-30 14:34:38,018:Processing Q3SXP7 with model AF-Q3SXP7-F1-model_v4.pdb
INFO:2025-10-30 14:34:38,078:Computing HSC features for: Q3SXP7, ENST00000381176, ../Ntranos_Rotation/ESM-SaProt/AF-Q3SXP7-F1-model_v4.pdb.gz
INFO:2025-10-30 14:35:02,294:Successfully computed HSC for Q3SXP7.
INFO:2025-10-30 14:35:02,294:Processing Q3SXR2 with model AF-Q3SXR2-F1-model_v4.pdb
ERROR:2025-10-30 14:35:02,329:No ENST transcript IDs were mapped to Q3SXR2
INFO:2025-10-30 14:35:02,330:Processing Q3SXY7 with model AF-Q3SXY7-F1-model_v4.pdb
INFO:2025-10-30 14:35:02,427:Computing HSC features for: Q3SXY7, ENST00000594814, ../Ntranos_Rotation/ESM-SaProt/AF-Q3SXY7-F1-model_v4.pdb.gz
INFO:2025-10-30 14:35:56,394:Successfully computed HSC for Q3SXY7.
INFO:2025-10-30 14:35:56,394:Processing Q3SXY8 with model AF-Q3SXY8-F1-model_v4.pdb
INFO:2025-10-30 14:35:56,466:Computing HSC features for: Q3SXY8, ENST00000394222, ../Ntranos_Rotation/ESM-SaProt/AF-Q3SXY8-F1-model_v4.pdb.gz
INFO:2025-10-30 14:36:29,994:Successfully computed HSC for Q3SXY8.
INFO:2025-10-30 14:36:29,994:Processing Q3SXZ3 with model AF-Q3SXZ3-F1-model_v4.pdb
ERROR:2025-10-30 14:36:30,066:No transcript record found for Q3SXZ3 in gnomAD.
INFO:2025-10-30 14:36:30,066:Processing Q15910 with model AF-Q15910-F1-model_v4.pdb
INFO:2025-10-30 14:36:30,157:Computing HSC features for: Q15910, ENST00000460911, ../Ntranos_Rotation/ESM-SaProt/AF-Q15910-F1-model_v4.pdb.gz
INFO:2025-10-30 14:37:39,428:Successfully computed HSC for Q15910.
INFO:2025-10-30 14:37:39,428:Processing Q15915 with model AF-Q15915-F1-model_v4.pdb
INFO:2025-10-30 14:37:39,493:Computing HSC features for: Q15915, ENST00000282928, ../Ntranos_Rotation/ESM-SaProt/AF-Q15915-F1-model_v4.pdb.gz
INFO:2025-10-30 14:38:50,006:Successfully computed HSC for Q15915.
INFO:2025-10-30 14:38:50,006:Processing Q15916 with model AF-Q15916-F1-model_v4.pdb
INFO:2025-10-30 14:38:50,093:Computing HSC features for: Q15916, ENST00000373659, ../Ntranos_Rotation/ESM-SaProt/AF-Q15916-F1-model_v4.pdb.gz
INFO:2025-10-30 14:39:23,243:Successfully computed HSC for Q15916.
INFO:2025-10-30 14:39:23,243:Processing Q15928 with model AF-Q15928-F1-model_v4.pdb
INFO:2025-10-30 14:39:23,318:Computing HSC features for: Q15928, ENST00000240499, ../Ntranos_Rotation/ESM-SaProt/AF-Q15928-F1-model_v4.pdb.gz
INFO:2025-10-30 14:39:57,154:Successfully computed HSC for Q15928.
INFO:2025-10-30 14:39:57,154:Processing Q15929 with model AF-Q15929-F1-model_v4.pdb
ERROR:2025-10-30 14:39:57,389:No ENST transcript IDs were mapped to Q15929
INFO:2025-10-30 14:39:57,389:Processing Q15935 with model AF-Q15935-F1-model_v4.pdb
INFO:2025-10-30 14:39:57,511:Computing HSC features for: Q15935, ENST00000314531, ../Ntranos_Rotation/ESM-SaProt/AF-Q15935-F1-model_v4.pdb.gz
INFO:2025-10-30 14:40:49,576:Successfully computed HSC for Q15935.
INFO:2025-10-30 14:40:49,577:Processing Q15937 with model AF-Q15937-F1-model_v4.pdb
INFO:2025-10-30 14:40:49,700:Computing HSC features for: Q15937, ENST00000342483, ../Ntranos_Rotation/ESM-SaProt/AF-Q15937-F1-model_v4.pdb.gz
INFO:2025-10-30 14:41:45,925:Successfully computed HSC for Q15937.
INFO:2025-10-30 14:41:45,925:Processing Q15940 with model AF-Q15940-F1-model_v4.pdb
ERROR:2025-10-30 14:41:46,000:No ENST transcript IDs were mapped to Q15940
INFO:2025-10-30 14:41:46,000:Processing Q15942 with model AF-Q15942-F1-model_v4.pdb
INFO:2025-10-30 14:41:46,181:Computing HSC features for: Q15942, ENST00000322764, ../Ntranos_Rotation/ESM-SaProt/AF-Q15942-F1-model_v4.pdb.gz
INFO:2025-10-30 14:43:14,875:Successfully computed HSC for Q15942.
INFO:2025-10-30 14:43:14,875:Processing Q15973 with model AF-Q15973-F1-model_v4.pdb
INFO:2025-10-30 14:43:15,253:Computing HSC features for: Q15973, ENST00000543802, ../Ntranos_Rotation/ESM-SaProt/AF-Q15973-F1-model_v4.pdb.gz
INFO:2025-10-30 14:43:43,774:Successfully computed HSC for Q15973.
INFO:2025-10-30 14:43:43,774:Processing Q16048 with model AF-Q16048-F1-model_v4.pdb
ERROR:2025-10-30 14:43:43,810:No ENST transcript IDs were mapped to Q16048
INFO:2025-10-30 14:43:43,810:Processing Q16082 with model AF-Q16082-F1-model_v4.pdb
INFO:2025-10-30 14:43:43,880:Computing HSC features for: Q16082, ENST00000304298, ../Ntranos_Rotation/ESM-SaProt/AF-Q16082-F1-model_v4.pdb.gz
INFO:2025-10-30 14:44:16,139:Successfully computed HSC for Q16082.
INFO:2025-10-30 14:44:16,139:Processing Q16099 with model AF-Q16099-F1-model_v4.pdb
INFO:2025-10-30 14:44:16,324:Computing HSC features for: Q16099, ENST00000438375, ../Ntranos_Rotation/ESM-SaProt/AF-Q16099-F1-model_v4.pdb.gz
INFO:2025-10-30 14:46:18,220:Successfully computed HSC for Q16099.
INFO:2025-10-30 14:46:18,220:Processing Q16134 with model AF-Q16134-F1-model_v4.pdb
INFO:2025-10-30 14:46:18,342:Computing HSC features for: Q16134, ENST00000511912, ../Ntranos_Rotation/ESM-SaProt/AF-Q16134-F1-model_v4.pdb.gz
INFO:2025-10-30 14:47:04,849:Successfully computed HSC for Q16134.
INFO:2025-10-30 14:47:04,849:Processing Q16143 with model AF-Q16143-F1-model_v4.pdb
INFO:2025-10-30 14:47:04,900:Computing HSC features for: Q16143, ENST00000310112, ../Ntranos_Rotation/ESM-SaProt/AF-Q16143-F1-model_v4.pdb.gz
INFO:2025-10-30 14:47:23,029:Successfully computed HSC for Q16143.
INFO:2025-10-30 14:47:23,029:Processing Q16181 with model AF-Q16181-F1-model_v4.pdb
ERROR:2025-10-30 14:47:23,145:No transcript record found for Q16181 in gnomAD.
INFO:2025-10-30 14:47:23,145:Processing Q16186 with model AF-Q16186-F1-model_v4.pdb
INFO:2025-10-30 14:47:23,265:Computing HSC features for: Q16186, ENST00000253003, ../Ntranos_Rotation/ESM-SaProt/AF-Q16186-F1-model_v4.pdb.gz
INFO:2025-10-30 14:48:11,062:Successfully computed HSC for Q16186.
INFO:2025-10-30 14:48:11,062:Processing Q16204 with model AF-Q16204-F1-model_v4.pdb
INFO:2025-10-30 14:48:11,145:Computing HSC features for: Q16204, ENST00000263102, ../Ntranos_Rotation/ESM-SaProt/AF-Q16204-F1-model_v4.pdb.gz
INFO:2025-10-30 14:48:58,504:Successfully computed HSC for Q16204.
INFO:2025-10-30 14:48:58,504:Processing Q16206 with model AF-Q16206-F1-model_v4.pdb
INFO:2025-10-30 14:48:58,586:Computing HSC features for: Q16206, ENST00000338144, ../Ntranos_Rotation/ESM-SaProt/AF-Q16206-F1-model_v4.pdb.gz
INFO:2025-10-30 14:49:47,456:Successfully computed HSC for Q16206.
INFO:2025-10-30 14:49:47,456:Processing Q16222 with model AF-Q16222-F1-model_v4.pdb
INFO:2025-10-30 14:49:47,550:Computing HSC features for: Q16222, ENST00000367925, ../Ntranos_Rotation/ESM-SaProt/AF-Q16222-F1-model_v4.pdb.gz
INFO:2025-10-30 14:50:26,966:Successfully computed HSC for Q16222.
INFO:2025-10-30 14:50:26,966:Processing Q16236 with model AF-Q16236-F1-model_v4.pdb
ERROR:2025-10-30 14:50:27,087:No transcript record found for Q16236 in gnomAD.
INFO:2025-10-30 14:50:27,087:Processing Q16254 with model AF-Q16254-F1-model_v4.pdb
INFO:2025-10-30 14:50:27,204:Computing HSC features for: Q16254, ENST00000379378, ../Ntranos_Rotation/ESM-SaProt/AF-Q16254-F1-model_v4.pdb.gz
INFO:2025-10-30 14:51:04,431:Successfully computed HSC for Q16254.
INFO:2025-10-30 14:51:04,431:Processing Q3KQU3 with model AF-Q3KQU3-F1-model_v4.pdb
INFO:2025-10-30 14:51:04,548:Computing HSC features for: Q3KQU3, ENST00000373151, ../Ntranos_Rotation/ESM-SaProt/AF-Q3KQU3-F1-model_v4.pdb.gz
INFO:2025-10-30 14:52:47,679:Successfully computed HSC for Q3KQU3.
INFO:2025-10-30 14:52:47,679:Processing Q3KQV3 with model AF-Q3KQV3-F1-model_v4.pdb
INFO:2025-10-30 14:52:47,800:Computing HSC features for: Q3KQV3, ENST00000404801, ../Ntranos_Rotation/ESM-SaProt/AF-Q3KQV3-F1-model_v4.pdb.gz
INFO:2025-10-30 14:54:04,978:Successfully computed HSC for Q3KQV3.
INFO:2025-10-30 14:54:04,978:Processing Q3KQV9 with model AF-Q3KQV9-F1-model_v4.pdb
INFO:2025-10-30 14:54:05,084:Computing HSC features for: Q3KQV9, ENST00000409858, ../Ntranos_Rotation/ESM-SaProt/AF-Q3KQV9-F1-model_v4.pdb.gz
INFO:2025-10-30 14:55:22,968:Successfully computed HSC for Q3KQV9.
INFO:2025-10-30 14:55:22,968:Processing Q3KQZ1 with model AF-Q3KQZ1-F1-model_v4.pdb
INFO:2025-10-30 14:55:23,048:Computing HSC features for: Q3KQZ1, ENST00000577745, ../Ntranos_Rotation/ESM-SaProt/AF-Q3KQZ1-F1-model_v4.pdb.gz
INFO:2025-10-30 14:55:53,652:Successfully computed HSC for Q3KQZ1.
INFO:2025-10-30 14:55:53,652:Processing Q3KR16 with model AF-Q3KR16-F1-model_v4.pdb
INFO:2025-10-30 14:55:53,806:Computing HSC features for: Q3KR16, ENST00000011684, ../Ntranos_Rotation/ESM-SaProt/AF-Q3KR16-F1-model_v4.pdb.gz
INFO:2025-10-30 14:57:15,537:Successfully computed HSC for Q3KR16.
INFO:2025-10-30 14:57:15,537:Processing Q3KR37 with model AF-Q3KR37-F1-model_v4.pdb
INFO:2025-10-30 14:57:15,693:Computing HSC features for: Q3KR37, ENST00000529750, ../Ntranos_Rotation/ESM-SaProt/AF-Q3KR37-F1-model_v4.pdb.gz
INFO:2025-10-30 14:58:34,430:Successfully computed HSC for Q3KR37.
INFO:2025-10-30 14:58:34,430:Processing Q3KRA6 with model AF-Q3KRA6-F1-model_v4.pdb
INFO:2025-10-30 14:58:34,477:Computing HSC features for: Q3KRA6, ENST00000334816, ../Ntranos_Rotation/ESM-SaProt/AF-Q3KRA6-F1-model_v4.pdb.gz
INFO:2025-10-30 14:58:47,094:Successfully computed HSC for Q3KRA6.
INFO:2025-10-30 14:58:47,094:Processing Q3KRA9 with model AF-Q3KRA9-F1-model_v4.pdb
INFO:2025-10-30 14:58:47,186:Computing HSC features for: Q3KRA9, ENST00000252984, ../Ntranos_Rotation/ESM-SaProt/AF-Q3KRA9-F1-model_v4.pdb.gz
INFO:2025-10-30 14:59:21,778:Successfully computed HSC for Q3KRA9.
INFO:2025-10-30 14:59:21,779:Processing Q3KRB8 with model AF-Q3KRB8-F1-model_v4.pdb
ERROR:2025-10-30 14:59:21,858:No transcript record found for Q3KRB8 in gnomAD.
INFO:2025-10-30 14:59:21,859:Processing Q16584 with model AF-Q16584-F1-model_v4.pdb
INFO:2025-10-30 14:59:21,979:Computing HSC features for: Q16584, ENST00000309100, ../Ntranos_Rotation/ESM-SaProt/AF-Q16584-F1-model_v4.pdb.gz
INFO:2025-10-30 15:01:15,468:Successfully computed HSC for Q16584.
INFO:2025-10-30 15:01:15,469:Processing Q16585 with model AF-Q16585-F1-model_v4.pdb
INFO:2025-10-30 15:01:15,523:Computing HSC features for: Q16585, ENST00000381431, ../Ntranos_Rotation/ESM-SaProt/AF-Q16585-F1-model_v4.pdb.gz
INFO:2025-10-30 15:01:43,649:Successfully computed HSC for Q16585.
INFO:2025-10-30 15:01:43,649:Processing Q16586 with model AF-Q16586-F1-model_v4.pdb
INFO:2025-10-30 15:01:43,739:Computing HSC features for: Q16586, ENST00000262018, ../Ntranos_Rotation/ESM-SaProt/AF-Q16586-F1-model_v4.pdb.gz
INFO:2025-10-30 15:02:26,628:Successfully computed HSC for Q16586.
INFO:2025-10-30 15:02:26,629:Processing Q16587 with model AF-Q16587-F1-model_v4.pdb
INFO:2025-10-30 15:02:26,786:Computing HSC features for: Q16587, ENST00000400451, ../Ntranos_Rotation/ESM-SaProt/AF-Q16587-F1-model_v4.pdb.gz
INFO:2025-10-30 15:03:46,065:Successfully computed HSC for Q16587.
INFO:2025-10-30 15:03:46,065:Pipeline completed.
INFO:2025-10-30 15:03:46,065:no_enst_for_uniprot: 5
INFO:2025-10-30 15:03:46,065:no_valid_cds: 0
INFO:2025-10-30 15:03:46,065:no_variant_data: 5
INFO:2025-10-30 15:03:46,065:bad_structure: 0
INFO:2025-10-30 15:03:46,065:no_enst_mp: 0
