INFO:2025-10-30 14:27:03,784:Starting HSC computation pipeline...
INFO:2025-10-30 14:28:06,558:Processing A2RRH5 with model AF-A2RRH5-F1-model_v4.pdb
ERROR:2025-10-30 14:28:06,681:No valid CDS found for A2RRH5
INFO:2025-10-30 14:28:06,681:Processing A2RRL7 with model AF-A2RRL7-F1-model_v4.pdb
INFO:2025-10-30 14:28:06,725:Computing HSC features for: A2RRL7, ENST00000442682, ../Ntranos_Rotation/ESM-SaProt/AF-A2RRL7-F1-model_v4.pdb.gz
INFO:2025-10-30 14:28:18,277:Successfully computed HSC for A2RRL7.
INFO:2025-10-30 14:28:18,277:Processing A2RRP1 with model AF-A2RRP1-F1-model_v4.pdb
INFO:2025-10-30 14:28:18,678:Computing HSC features for: A2RRP1, ENST00000281513, ../Ntranos_Rotation/ESM-SaProt/AF-A2RRP1-F1-model_v4.pdb.gz
INFO:2025-10-30 14:31:16,622:Successfully computed HSC for A2RRP1.
INFO:2025-10-30 14:31:16,622:Processing A2RTX5 with model AF-A2RTX5-F1-model_v4.pdb
INFO:2025-10-30 14:31:16,845:Computing HSC features for: A2RTX5, ENST00000335968, ../Ntranos_Rotation/ESM-SaProt/AF-A2RTX5-F1-model_v4.pdb.gz
INFO:2025-10-30 14:32:26,960:Successfully computed HSC for A2RTX5.
INFO:2025-10-30 14:32:26,960:Processing A2RTY3 with model AF-A2RTY3-F1-model_v4.pdb
ERROR:2025-10-30 14:32:27,259:No transcript record found for A2RTY3 in gnomAD.
INFO:2025-10-30 14:32:27,260:Processing A2RU14 with model AF-A2RU14-F1-model_v4.pdb
INFO:2025-10-30 14:32:27,325:Computing HSC features for: A2RU14, ENST00000279968, ../Ntranos_Rotation/ESM-SaProt/AF-A2RU14-F1-model_v4.pdb.gz
INFO:2025-10-30 14:32:38,380:Successfully computed HSC for A2RU14.
INFO:2025-10-30 14:32:38,380:Processing A2RU30 with model AF-A2RU30-F1-model_v4.pdb
INFO:2025-10-30 14:32:38,512:Computing HSC features for: A2RU30, ENST00000316577, ../Ntranos_Rotation/ESM-SaProt/AF-A2RU30-F1-model_v4.pdb.gz
INFO:2025-10-30 14:33:18,482:Successfully computed HSC for A2RU30.
INFO:2025-10-30 14:33:18,482:Processing A2RU37 with model AF-A2RU37-F1-model_v4.pdb
ERROR:2025-10-30 14:33:18,543:No ENST transcript IDs were mapped to A2RU37
INFO:2025-10-30 14:33:18,543:Processing A2RU48 with model AF-A2RU48-F1-model_v4.pdb
INFO:2025-10-30 14:33:18,618:Computing HSC features for: A2RU48, ENST00000316048, ../Ntranos_Rotation/ESM-SaProt/AF-A2RU48-F1-model_v4.pdb.gz
INFO:2025-10-30 14:33:35,557:Successfully computed HSC for A2RU48.
INFO:2025-10-30 14:33:35,558:Processing A2RU49 with model AF-A2RU49-F1-model_v4.pdb
INFO:2025-10-30 14:33:35,660:Computing HSC features for: A2RU49, ENST00000388988, ../Ntranos_Rotation/ESM-SaProt/AF-A2RU49-F1-model_v4.pdb.gz
INFO:2025-10-30 14:34:02,998:Successfully computed HSC for A2RU49.
INFO:2025-10-30 14:34:02,998:Processing A2RU54 with model AF-A2RU54-F1-model_v4.pdb
INFO:2025-10-30 14:34:03,072:Computing HSC features for: A2RU54, ENST00000339992, ../Ntranos_Rotation/ESM-SaProt/AF-A2RU54-F1-model_v4.pdb.gz
INFO:2025-10-30 14:34:44,939:Successfully computed HSC for A2RU54.
INFO:2025-10-30 14:34:44,939:Processing A2RU67 with model AF-A2RU67-F1-model_v4.pdb
INFO:2025-10-30 14:34:45,090:Computing HSC features for: A2RU67, ENST00000197268, ../Ntranos_Rotation/ESM-SaProt/AF-A2RU67-F1-model_v4.pdb.gz
INFO:2025-10-30 14:35:40,385:Successfully computed HSC for A2RU67.
INFO:2025-10-30 14:35:40,385:Processing A2RUB1 with model AF-A2RUB1-F1-model_v4.pdb
INFO:2025-10-30 14:35:40,605:Computing HSC features for: A2RUB1, ENST00000409122, ../Ntranos_Rotation/ESM-SaProt/AF-A2RUB1-F1-model_v4.pdb.gz
INFO:2025-10-30 14:36:48,431:Successfully computed HSC for A2RUB1.
INFO:2025-10-30 14:36:48,431:Processing A2RUB6 with model AF-A2RUB6-F1-model_v4.pdb
INFO:2025-10-30 14:36:48,632:Computing HSC features for: A2RUB6, ENST00000394672, ../Ntranos_Rotation/ESM-SaProt/AF-A2RUB6-F1-model_v4.pdb.gz
INFO:2025-10-30 14:37:50,051:Successfully computed HSC for A2RUB6.
INFO:2025-10-30 14:37:50,051:Processing A2RUC4 with model AF-A2RUC4-F1-model_v4.pdb
INFO:2025-10-30 14:37:50,143:Computing HSC features for: A2RUC4, ENST00000354611, ../Ntranos_Rotation/ESM-SaProt/AF-A2RUC4-F1-model_v4.pdb.gz
INFO:2025-10-30 14:38:23,017:Successfully computed HSC for A2RUC4.
INFO:2025-10-30 14:38:23,017:Processing A2RUG3 with model AF-A2RUG3-F1-model_v4.pdb
ERROR:2025-10-30 14:38:23,069:No ENST transcript IDs were mapped to A2RUG3
INFO:2025-10-30 14:38:23,069:Processing A2RUH7 with model AF-A2RUH7-F1-model_v4.pdb
INFO:2025-10-30 14:38:23,195:Computing HSC features for: A2RUH7, ENST00000357155, ../Ntranos_Rotation/ESM-SaProt/AF-A2RUH7-F1-model_v4.pdb.gz
INFO:2025-10-30 14:38:59,052:Successfully computed HSC for A2RUH7.
INFO:2025-10-30 14:38:59,052:Processing A2RUQ5 with model AF-A2RUQ5-F1-model_v4.pdb
ERROR:2025-10-30 14:38:59,122:No ENST transcript IDs were mapped to A2RUQ5
INFO:2025-10-30 14:38:59,122:Processing A2RUR9 with model AF-A2RUR9-F1-model_v4.pdb
INFO:2025-10-30 14:38:59,310:Computing HSC features for: A2RUR9, ENST00000360524, ../Ntranos_Rotation/ESM-SaProt/AF-A2RUR9-F1-model_v4.pdb.gz
INFO:2025-10-30 14:40:41,660:Successfully computed HSC for A2RUR9.
INFO:2025-10-30 14:40:41,660:Processing A2RUS2 with model AF-A2RUS2-F1-model_v4.pdb
INFO:2025-10-30 14:40:41,862:Computing HSC features for: A2RUS2, ENST00000262585, ../Ntranos_Rotation/ESM-SaProt/AF-A2RUS2-F1-model_v4.pdb.gz
INFO:2025-10-30 14:42:49,688:Successfully computed HSC for A2RUS2.
INFO:2025-10-30 14:42:49,688:Processing A2RUT3 with model AF-A2RUT3-F1-model_v4.pdb
INFO:2025-10-30 14:42:49,743:Computing HSC features for: A2RUT3, ENST00000330862, ../Ntranos_Rotation/ESM-SaProt/AF-A2RUT3-F1-model_v4.pdb.gz
INFO:2025-10-30 14:43:06,213:Successfully computed HSC for A2RUT3.
INFO:2025-10-30 14:43:06,213:Processing A2RUU4 with model AF-A2RUU4-F1-model_v4.pdb
INFO:2025-10-30 14:43:06,250:Computing HSC features for: A2RUU4, ENST00000373861, ../Ntranos_Rotation/ESM-SaProt/AF-A2RUU4-F1-model_v4.pdb.gz
INFO:2025-10-30 14:43:18,116:Successfully computed HSC for A2RUU4.
INFO:2025-10-30 14:43:18,117:Processing A2VCK2 with model AF-A2VCK2-F1-model_v4.pdb
INFO:2025-10-30 14:43:18,190:Computing HSC features for: A2VCK2, ENST00000409358, ../Ntranos_Rotation/ESM-SaProt/AF-A2VCK2-F1-model_v4.pdb.gz
INFO:2025-10-30 14:43:48,248:Successfully computed HSC for A2VCK2.
INFO:2025-10-30 14:43:48,248:Processing A2VDF0 with model AF-A2VDF0-F1-model_v4.pdb
INFO:2025-10-30 14:43:48,296:Computing HSC features for: A2VDF0, ENST00000278025, ../Ntranos_Rotation/ESM-SaProt/AF-A2VDF0-F1-model_v4.pdb.gz
INFO:2025-10-30 14:44:08,806:Successfully computed HSC for A2VDF0.
INFO:2025-10-30 14:44:08,807:Processing A2VDJ0 with model AF-A2VDJ0-F1-model_v4.pdb
INFO:2025-10-30 14:44:09,128:Computing HSC features for: A2VDJ0, ENST00000409663, ../Ntranos_Rotation/ESM-SaProt/AF-A2VDJ0-F1-model_v4.pdb.gz
INFO:2025-10-30 14:46:13,513:Successfully computed HSC for A2VDJ0.
INFO:2025-10-30 14:46:13,513:Processing A2VEC9 with model AF-A2VEC9-F1-model_v4.pdb
ERROR:2025-10-30 14:46:13,695:No ENST transcript IDs were mapped to A2VEC9
INFO:2025-10-30 14:46:13,695:Processing A4D2P6 with model AF-A4D2P6-F1-model_v4.pdb
INFO:2025-10-30 14:46:13,976:Computing HSC features for: A4D2P6, ENST00000457091, ../Ntranos_Rotation/ESM-SaProt/AF-A4D2P6-F1-model_v4.pdb.gz
INFO:2025-10-30 14:48:43,076:Successfully computed HSC for A4D2P6.
INFO:2025-10-30 14:48:43,076:Processing A3KFT3 with model AF-A3KFT3-F1-model_v4.pdb
INFO:2025-10-30 14:48:43,176:Computing HSC features for: A3KFT3, ENST00000366476, ../Ntranos_Rotation/ESM-SaProt/AF-A3KFT3-F1-model_v4.pdb.gz
INFO:2025-10-30 14:49:05,777:Successfully computed HSC for A3KFT3.
INFO:2025-10-30 14:49:05,777:Processing A3KMH1 with model AF-A3KMH1-F1-model_v4.pdb
INFO:2025-10-30 14:49:06,026:Computing HSC features for: A3KMH1, ENST00000379310, ../Ntranos_Rotation/ESM-SaProt/AF-A3KMH1-F1-model_v4.pdb.gz
INFO:2025-10-30 14:51:30,995:Successfully computed HSC for A3KMH1.
INFO:2025-10-30 14:51:30,996:Processing A3KN74 with model AF-A3KN74-F1-model_v4.pdb
ERROR:2025-10-30 14:51:31,022:No transcript record found for A3KN74 in gnomAD.
INFO:2025-10-30 14:51:31,022:Processing A3KN83 with model AF-A3KN83-F1-model_v4.pdb
INFO:2025-10-30 14:51:31,232:Computing HSC features for: A3KN83, ENST00000420886, ../Ntranos_Rotation/ESM-SaProt/AF-A3KN83-F1-model_v4.pdb.gz
INFO:2025-10-30 14:53:14,774:Successfully computed HSC for A3KN83.
INFO:2025-10-30 14:53:14,774:Processing A3QJZ6 with model AF-A3QJZ6-F1-model_v4.pdb
ERROR:2025-10-30 14:53:14,909:No ENST transcript IDs were mapped to A3QJZ6
INFO:2025-10-30 14:53:14,909:Processing A3QJZ7 with model AF-A3QJZ7-F1-model_v4.pdb
INFO:2025-10-30 14:53:15,019:Computing HSC features for: A3QJZ7, ENST00000436041, ../Ntranos_Rotation/ESM-SaProt/AF-A3QJZ7-F1-model_v4.pdb.gz
INFO:2025-10-30 14:53:50,760:Successfully computed HSC for A3QJZ7.
INFO:2025-10-30 14:53:50,760:Processing A4D0S4 with model AF-A4D0S4-F1-model_v4.pdb
INFO:2025-10-30 14:53:51,087:Computing HSC features for: A4D0S4, ENST00000205386, ../Ntranos_Rotation/ESM-SaProt/AF-A4D0S4-F1-model_v4.pdb.gz
INFO:2025-10-30 14:56:16,406:Successfully computed HSC for A4D0S4.
INFO:2025-10-30 14:56:16,406:Processing A4D0T2 with model AF-A4D0T2-F1-model_v4.pdb
ERROR:2025-10-30 14:56:16,451:No ENST transcript IDs were mapped to A4D0T2
INFO:2025-10-30 14:56:16,451:Processing A4D0T7 with model AF-A4D0T7-F1-model_v4.pdb
INFO:2025-10-30 14:56:16,523:Computing HSC features for: A4D0T7, ENST00000397764, ../Ntranos_Rotation/ESM-SaProt/AF-A4D0T7-F1-model_v4.pdb.gz
ERROR:2025-10-30 14:56:16,551:Missing ENST record in counts: ENST00000397764
INFO:2025-10-30 14:56:16,551:Processing A4D0V7 with model AF-A4D0V7-F1-model_v4.pdb
INFO:2025-10-30 14:56:16,760:Computing HSC features for: A4D0V7, ENST00000310396, ../Ntranos_Rotation/ESM-SaProt/AF-A4D0V7-F1-model_v4.pdb.gz
INFO:2025-10-30 14:57:30,444:Successfully computed HSC for A4D0V7.
INFO:2025-10-30 14:57:30,444:Processing A4D0Y5 with model AF-A4D0Y5-F1-model_v4.pdb
ERROR:2025-10-30 14:57:30,475:No ENST transcript IDs were mapped to A4D0Y5
INFO:2025-10-30 14:57:30,475:Processing A4D126 with model AF-A4D126-F1-model_v4.pdb
INFO:2025-10-30 14:57:30,539:Computing HSC features for: A4D126, ENST00000407010, ../Ntranos_Rotation/ESM-SaProt/AF-A4D126-F1-model_v4.pdb.gz
INFO:2025-10-30 14:58:08,351:Successfully computed HSC for A4D126.
INFO:2025-10-30 14:58:08,351:Processing A4D161 with model AF-A4D161-F1-model_v4.pdb
INFO:2025-10-30 14:58:08,407:Computing HSC features for: A4D161, ENST00000344962, ../Ntranos_Rotation/ESM-SaProt/AF-A4D161-F1-model_v4.pdb.gz
INFO:2025-10-30 14:58:33,281:Successfully computed HSC for A4D161.
INFO:2025-10-30 14:58:33,281:Processing A4D1B5 with model AF-A4D1B5-F1-model_v4.pdb
INFO:2025-10-30 14:58:33,428:Computing HSC features for: A4D1B5, ENST00000257626, ../Ntranos_Rotation/ESM-SaProt/AF-A4D1B5-F1-model_v4.pdb.gz
INFO:2025-10-30 14:59:56,495:Successfully computed HSC for A4D1B5.
INFO:2025-10-30 14:59:56,495:Processing A4D1E1 with model AF-A4D1E1-F1-model_v4.pdb
INFO:2025-10-30 14:59:56,752:Computing HSC features for: A4D1E1, ENST00000333190, ../Ntranos_Rotation/ESM-SaProt/AF-A4D1E1-F1-model_v4.pdb.gz
INFO:2025-10-30 15:02:48,092:Successfully computed HSC for A4D1E1.
INFO:2025-10-30 15:02:48,092:Processing A4D1E9 with model AF-A4D1E9-F1-model_v4.pdb
INFO:2025-10-30 15:02:48,195:Computing HSC features for: A4D1E9, ENST00000222511, ../Ntranos_Rotation/ESM-SaProt/AF-A4D1E9-F1-model_v4.pdb.gz
INFO:2025-10-30 15:03:40,139:Successfully computed HSC for A4D1E9.
INFO:2025-10-30 15:03:40,139:Processing A4D1F6 with model AF-A4D1F6-F1-model_v4.pdb
INFO:2025-10-30 15:03:40,349:Computing HSC features for: A4D1F6, ENST00000458448, ../Ntranos_Rotation/ESM-SaProt/AF-A4D1F6-F1-model_v4.pdb.gz
INFO:2025-10-30 15:05:23,470:Successfully computed HSC for A4D1F6.
INFO:2025-10-30 15:05:23,470:Processing A4D1N5 with model AF-A4D1N5-F1-model_v4.pdb
ERROR:2025-10-30 15:05:23,528:No ENST transcript IDs were mapped to A4D1N5
INFO:2025-10-30 15:05:23,528:Processing A4D1P6 with model AF-A4D1P6-F1-model_v4.pdb
INFO:2025-10-30 15:05:23,724:Computing HSC features for: A4D1P6, ENST00000354475, ../Ntranos_Rotation/ESM-SaProt/AF-A4D1P6-F1-model_v4.pdb.gz
INFO:2025-10-30 15:06:45,716:Successfully computed HSC for A4D1P6.
INFO:2025-10-30 15:06:45,716:Processing A4D1S0 with model AF-A4D1S0-F1-model_v4.pdb
INFO:2025-10-30 15:06:45,830:Computing HSC features for: A4D1S0, ENST00000340940, ../Ntranos_Rotation/ESM-SaProt/AF-A4D1S0-F1-model_v4.pdb.gz
INFO:2025-10-30 15:08:15,860:Successfully computed HSC for A4D1S0.
INFO:2025-10-30 15:08:15,860:Processing A4D1S5 with model AF-A4D1S5-F1-model_v4.pdb
INFO:2025-10-30 15:08:15,922:Computing HSC features for: A4D1S5, ENST00000356407, ../Ntranos_Rotation/ESM-SaProt/AF-A4D1S5-F1-model_v4.pdb.gz
INFO:2025-10-30 15:08:49,602:Successfully computed HSC for A4D1S5.
INFO:2025-10-30 15:08:49,602:Processing A4D1T9 with model AF-A4D1T9-F1-model_v4.pdb
INFO:2025-10-30 15:08:49,671:Computing HSC features for: A4D1T9, ENST00000350549, ../Ntranos_Rotation/ESM-SaProt/AF-A4D1T9-F1-model_v4.pdb.gz
INFO:2025-10-30 15:09:17,461:Successfully computed HSC for A4D1T9.
INFO:2025-10-30 15:09:17,462:Processing A4D1U4 with model AF-A4D1U4-F1-model_v4.pdb
INFO:2025-10-30 15:09:17,567:Computing HSC features for: A4D1U4, ENST00000536163, ../Ntranos_Rotation/ESM-SaProt/AF-A4D1U4-F1-model_v4.pdb.gz
INFO:2025-10-30 15:10:10,536:Successfully computed HSC for A4D1U4.
INFO:2025-10-30 15:10:10,536:Pipeline completed.
INFO:2025-10-30 15:10:10,536:no_enst_for_uniprot: 8
INFO:2025-10-30 15:10:10,536:no_valid_cds: 1
INFO:2025-10-30 15:10:10,536:no_variant_data: 2
INFO:2025-10-30 15:10:10,536:bad_structure: 0
INFO:2025-10-30 15:10:10,536:no_enst_mp: 1
