INFO:2025-10-30 14:59:04,212:Starting HSC computation pipeline...
INFO:2025-10-30 15:00:14,035:Processing O43482 with model AF-O43482-F1-model_v4.pdb
INFO:2025-10-30 15:00:14,113:Computing HSC features for: O43482, ENST00000220514, ../Ntranos_Rotation/ESM-SaProt/AF-O43482-F1-model_v4.pdb.gz
INFO:2025-10-30 15:00:44,630:Successfully computed HSC for O43482.
INFO:2025-10-30 15:00:44,631:Processing O43488 with model AF-O43488-F1-model_v4.pdb
INFO:2025-10-30 15:00:44,747:Computing HSC features for: O43488, ENST00000235835, ../Ntranos_Rotation/ESM-SaProt/AF-O43488-F1-model_v4.pdb.gz
INFO:2025-10-30 15:01:29,765:Successfully computed HSC for O43488.
INFO:2025-10-30 15:01:29,765:Processing O43490 with model AF-O43490-F1-model_v4.pdb
INFO:2025-10-30 15:01:29,916:Computing HSC features for: O43490, ENST00000447510, ../Ntranos_Rotation/ESM-SaProt/AF-O43490-F1-model_v4.pdb.gz
INFO:2025-10-30 15:02:33,556:Successfully computed HSC for O43490.
INFO:2025-10-30 15:02:33,556:Processing O43491 with model AF-O43491-F1-model_v4.pdb
INFO:2025-10-30 15:02:33,770:Computing HSC features for: O43491, ENST00000337057, ../Ntranos_Rotation/ESM-SaProt/AF-O43491-F1-model_v4.pdb.gz
INFO:2025-10-30 15:03:54,628:Successfully computed HSC for O43491.
INFO:2025-10-30 15:03:54,628:Processing O43493 with model AF-O43493-F1-model_v4.pdb
ERROR:2025-10-30 15:03:54,739:No transcript record found for O43493 in gnomAD.
INFO:2025-10-30 15:03:54,739:Processing O43497 with model AF-O43497-F1-model_v4.pdb
INFO:2025-10-30 15:03:55,299:Computing HSC features for: O43497, ENST00000359106, ../Ntranos_Rotation/ESM-SaProt/AF-O43497-F1-model_v4.pdb.gz
INFO:2025-10-30 15:08:40,201:Successfully computed HSC for O43497.
INFO:2025-10-30 15:08:40,202:Processing O43502 with model AF-O43502-F1-model_v4.pdb
INFO:2025-10-30 15:08:40,378:Computing HSC features for: O43502, ENST00000337432, ../Ntranos_Rotation/ESM-SaProt/AF-O43502-F1-model_v4.pdb.gz
INFO:2025-10-30 15:09:27,298:Successfully computed HSC for O43502.
INFO:2025-10-30 15:09:27,298:Processing O43504 with model AF-O43504-F1-model_v4.pdb
INFO:2025-10-30 15:09:27,332:Computing HSC features for: O43504, ENST00000602318, ../Ntranos_Rotation/ESM-SaProt/AF-O43504-F1-model_v4.pdb.gz
INFO:2025-10-30 15:09:43,161:Successfully computed HSC for O43504.
INFO:2025-10-30 15:09:43,161:Processing O43505 with model AF-O43505-F1-model_v4.pdb
INFO:2025-10-30 15:09:43,264:Computing HSC features for: O43505, ENST00000311181, ../Ntranos_Rotation/ESM-SaProt/AF-O43505-F1-model_v4.pdb.gz
INFO:2025-10-30 15:11:13,852:Successfully computed HSC for O43505.
INFO:2025-10-30 15:11:13,852:Processing O43506 with model AF-O43506-F1-model_v4.pdb
INFO:2025-10-30 15:11:13,963:Computing HSC features for: O43506, ENST00000256389, ../Ntranos_Rotation/ESM-SaProt/AF-O43506-F1-model_v4.pdb.gz
INFO:2025-10-30 15:12:29,632:Successfully computed HSC for O43506.
INFO:2025-10-30 15:12:29,632:Processing O43508 with model AF-O43508-F1-model_v4.pdb
INFO:2025-10-30 15:12:29,722:Computing HSC features for: O43508, ENST00000293825, ../Ntranos_Rotation/ESM-SaProt/AF-O43508-F1-model_v4.pdb.gz
INFO:2025-10-30 15:13:03,274:Successfully computed HSC for O43508.
INFO:2025-10-30 15:13:03,274:Processing O43511 with model AF-O43511-F1-model_v4.pdb
ERROR:2025-10-30 15:13:03,536:No transcript record found for O43511 in gnomAD.
INFO:2025-10-30 15:13:03,536:Processing O43513 with model AF-O43513-F1-model_v4.pdb
INFO:2025-10-30 15:13:03,652:Computing HSC features for: O43513, ENST00000286317, ../Ntranos_Rotation/ESM-SaProt/AF-O43513-F1-model_v4.pdb.gz
INFO:2025-10-30 15:13:21,769:Successfully computed HSC for O43513.
INFO:2025-10-30 15:13:21,769:Processing O43516 with model AF-O43516-F1-model_v4.pdb
ERROR:2025-10-30 15:13:21,895:No transcript record found for O43516 in gnomAD.
INFO:2025-10-30 15:13:21,895:Processing O43520 with model AF-O43520-F1-model_v4.pdb
ERROR:2025-10-30 15:13:22,145:No transcript record found for O43520 in gnomAD.
INFO:2025-10-30 15:13:22,146:Processing O43521 with model AF-O43521-F1-model_v4.pdb
INFO:2025-10-30 15:13:22,231:Computing HSC features for: O43521, ENST00000393256, ../Ntranos_Rotation/ESM-SaProt/AF-O43521-F1-model_v4.pdb.gz
INFO:2025-10-30 15:13:41,027:Successfully computed HSC for O43521.
INFO:2025-10-30 15:13:41,027:Processing O43524 with model AF-O43524-F1-model_v4.pdb
INFO:2025-10-30 15:13:41,116:Computing HSC features for: O43524, ENST00000343882, ../Ntranos_Rotation/ESM-SaProt/AF-O43524-F1-model_v4.pdb.gz
INFO:2025-10-30 15:15:01,837:Successfully computed HSC for O43524.
INFO:2025-10-30 15:15:01,837:Processing O43525 with model AF-O43525-F1-model_v4.pdb
INFO:2025-10-30 15:15:02,037:Computing HSC features for: O43525, ENST00000388996, ../Ntranos_Rotation/ESM-SaProt/AF-O43525-F1-model_v4.pdb.gz
INFO:2025-10-30 15:16:42,293:Successfully computed HSC for O43525.
INFO:2025-10-30 15:16:42,293:Processing O43526 with model AF-O43526-F1-model_v4.pdb
INFO:2025-10-30 15:16:42,494:Computing HSC features for: O43526, ENST00000359125, ../Ntranos_Rotation/ESM-SaProt/AF-O43526-F1-model_v4.pdb.gz
INFO:2025-10-30 15:18:44,418:Successfully computed HSC for O43526.
INFO:2025-10-30 15:18:44,418:Processing O43529 with model AF-O43529-F1-model_v4.pdb
INFO:2025-10-30 15:18:44,502:Computing HSC features for: O43529, ENST00000264249, ../Ntranos_Rotation/ESM-SaProt/AF-O43529-F1-model_v4.pdb.gz
INFO:2025-10-30 15:19:19,280:Successfully computed HSC for O43529.
INFO:2025-10-30 15:19:19,280:Processing O43541 with model AF-O43541-F1-model_v4.pdb
INFO:2025-10-30 15:19:19,360:Computing HSC features for: O43541, ENST00000288840, ../Ntranos_Rotation/ESM-SaProt/AF-O43541-F1-model_v4.pdb.gz
INFO:2025-10-30 15:20:43,677:Successfully computed HSC for O43541.
INFO:2025-10-30 15:20:43,677:Processing O43542 with model AF-O43542-F1-model_v4.pdb
INFO:2025-10-30 15:20:43,758:Computing HSC features for: O43542, ENST00000352127, ../Ntranos_Rotation/ESM-SaProt/AF-O43542-F1-model_v4.pdb.gz
INFO:2025-10-30 15:21:25,544:Successfully computed HSC for O43542.
INFO:2025-10-30 15:21:25,545:Processing O43543 with model AF-O43543-F1-model_v4.pdb
INFO:2025-10-30 15:21:25,639:Computing HSC features for: O43543, ENST00000359321, ../Ntranos_Rotation/ESM-SaProt/AF-O43543-F1-model_v4.pdb.gz
INFO:2025-10-30 15:21:53,522:Successfully computed HSC for O43543.
INFO:2025-10-30 15:21:53,522:Processing O43548 with model AF-O43548-F1-model_v4.pdb
INFO:2025-10-30 15:21:53,857:Computing HSC features for: O43548, ENST00000220420, ../Ntranos_Rotation/ESM-SaProt/AF-O43548-F1-model_v4.pdb.gz
INFO:2025-10-30 15:23:16,435:Successfully computed HSC for O43548.
INFO:2025-10-30 15:23:16,435:Processing O43555 with model AF-O43555-F1-model_v4.pdb
INFO:2025-10-30 15:23:16,488:Computing HSC features for: O43555, ENST00000245983, ../Ntranos_Rotation/ESM-SaProt/AF-O43555-F1-model_v4.pdb.gz
INFO:2025-10-30 15:23:27,922:Successfully computed HSC for O43555.
INFO:2025-10-30 15:23:27,922:Processing O43556 with model AF-O43556-F1-model_v4.pdb
ERROR:2025-10-30 15:23:28,002:No transcript record found for O43556 in gnomAD.
INFO:2025-10-30 15:23:28,002:Processing O43557 with model AF-O43557-F1-model_v4.pdb
INFO:2025-10-30 15:23:28,115:Computing HSC features for: O43557, ENST00000599359, ../Ntranos_Rotation/ESM-SaProt/AF-O43557-F1-model_v4.pdb.gz
INFO:2025-10-30 15:23:58,386:Successfully computed HSC for O43557.
INFO:2025-10-30 15:23:58,386:Processing O43559 with model AF-O43559-F1-model_v4.pdb
INFO:2025-10-30 15:23:58,466:Computing HSC features for: O43559, ENST00000259748, ../Ntranos_Rotation/ESM-SaProt/AF-O43559-F1-model_v4.pdb.gz
INFO:2025-10-30 15:25:24,261:Successfully computed HSC for O43559.
INFO:2025-10-30 15:25:24,261:Processing O43561 with model AF-O43561-F1-model_v4.pdb
INFO:2025-10-30 15:25:24,648:Computing HSC features for: O43561, ENST00000360872, ../Ntranos_Rotation/ESM-SaProt/AF-O43561-F1-model_v4.pdb.gz
INFO:2025-10-30 15:25:59,049:Successfully computed HSC for O43561.
INFO:2025-10-30 15:25:59,049:Processing O43566 with model AF-O43566-F1-model_v4.pdb
INFO:2025-10-30 15:25:59,495:Computing HSC features for: O43566, ENST00000408923, ../Ntranos_Rotation/ESM-SaProt/AF-O43566-F1-model_v4.pdb.gz
INFO:2025-10-30 15:27:09,409:Successfully computed HSC for O43566.
INFO:2025-10-30 15:27:09,409:Processing O43567 with model AF-O43567-F1-model_v4.pdb
INFO:2025-10-30 15:27:09,648:Computing HSC features for: O43567, ENST00000344229, ../Ntranos_Rotation/ESM-SaProt/AF-O43567-F1-model_v4.pdb.gz
INFO:2025-10-30 15:27:43,922:Successfully computed HSC for O43567.
INFO:2025-10-30 15:27:43,922:Processing O43570 with model AF-O43570-F1-model_v4.pdb
INFO:2025-10-30 15:27:44,065:Computing HSC features for: O43570, ENST00000178638, ../Ntranos_Rotation/ESM-SaProt/AF-O43570-F1-model_v4.pdb.gz
INFO:2025-10-30 15:28:46,624:Successfully computed HSC for O43570.
INFO:2025-10-30 15:28:46,624:Processing O43572 with model AF-O43572-F1-model_v4.pdb
INFO:2025-10-30 15:28:47,259:Computing HSC features for: O43572, ENST00000225737, ../Ntranos_Rotation/ESM-SaProt/AF-O43572-F1-model_v4.pdb.gz
INFO:2025-10-30 15:29:59,587:Successfully computed HSC for O43572.
INFO:2025-10-30 15:29:59,588:Processing O43581 with model AF-O43581-F1-model_v4.pdb
INFO:2025-10-30 15:29:59,684:Computing HSC features for: O43581, ENST00000263846, ../Ntranos_Rotation/ESM-SaProt/AF-O43581-F1-model_v4.pdb.gz
INFO:2025-10-30 15:30:44,480:Successfully computed HSC for O43581.
INFO:2025-10-30 15:30:44,481:Processing O43583 with model AF-O43583-F1-model_v4.pdb
INFO:2025-10-30 15:30:44,532:Computing HSC features for: O43583, ENST00000280557, ../Ntranos_Rotation/ESM-SaProt/AF-O43583-F1-model_v4.pdb.gz
INFO:2025-10-30 15:30:58,446:Successfully computed HSC for O43583.
INFO:2025-10-30 15:30:58,446:Processing O43586 with model AF-O43586-F1-model_v4.pdb
INFO:2025-10-30 15:30:58,519:Computing HSC features for: O43586, ENST00000558012, ../Ntranos_Rotation/ESM-SaProt/AF-O43586-F1-model_v4.pdb.gz
INFO:2025-10-30 15:31:54,849:Successfully computed HSC for O43586.
INFO:2025-10-30 15:31:54,849:Processing O43592 with model AF-O43592-F1-model_v4.pdb
INFO:2025-10-30 15:31:55,302:Computing HSC features for: O43592, ENST00000332707, ../Ntranos_Rotation/ESM-SaProt/AF-O43592-F1-model_v4.pdb.gz
INFO:2025-10-30 15:33:18,352:Successfully computed HSC for O43592.
INFO:2025-10-30 15:33:18,352:Processing O43593 with model AF-O43593-F1-model_v4.pdb
INFO:2025-10-30 15:33:18,596:Computing HSC features for: O43593, ENST00000381418, ../Ntranos_Rotation/ESM-SaProt/AF-O43593-F1-model_v4.pdb.gz
INFO:2025-10-30 15:35:59,185:Successfully computed HSC for O43593.
INFO:2025-10-30 15:35:59,185:Processing O43597 with model AF-O43597-F1-model_v4.pdb
INFO:2025-10-30 15:35:59,277:Computing HSC features for: O43597, ENST00000377102, ../Ntranos_Rotation/ESM-SaProt/AF-O43597-F1-model_v4.pdb.gz
INFO:2025-10-30 15:36:41,888:Successfully computed HSC for O43597.
INFO:2025-10-30 15:36:41,888:Processing O43598 with model AF-O43598-F1-model_v4.pdb
INFO:2025-10-30 15:36:41,948:Computing HSC features for: O43598, ENST00000230431, ../Ntranos_Rotation/ESM-SaProt/AF-O43598-F1-model_v4.pdb.gz
INFO:2025-10-30 15:37:08,911:Successfully computed HSC for O43598.
INFO:2025-10-30 15:37:08,911:Processing O43602 with model AF-O43602-F1-model_v4.pdb
ERROR:2025-10-30 15:37:08,985:No transcript record found for O43602 in gnomAD.
INFO:2025-10-30 15:37:08,985:Processing O43603 with model AF-O43603-F1-model_v4.pdb
INFO:2025-10-30 15:37:09,082:Computing HSC features for: O43603, ENST00000329003, ../Ntranos_Rotation/ESM-SaProt/AF-O43603-F1-model_v4.pdb.gz
INFO:2025-10-30 15:38:09,076:Successfully computed HSC for O43603.
INFO:2025-10-30 15:38:09,076:Processing O43609 with model AF-O43609-F1-model_v4.pdb
INFO:2025-10-30 15:38:09,167:Computing HSC features for: O43609, ENST00000339241, ../Ntranos_Rotation/ESM-SaProt/AF-O43609-F1-model_v4.pdb.gz
INFO:2025-10-30 15:38:46,947:Successfully computed HSC for O43609.
INFO:2025-10-30 15:38:46,948:Processing O43610 with model AF-O43610-F1-model_v4.pdb
ERROR:2025-10-30 15:38:47,007:No transcript record found for O43610 in gnomAD.
INFO:2025-10-30 15:38:47,007:Processing O43612 with model AF-O43612-F1-model_v4.pdb
INFO:2025-10-30 15:38:47,046:Computing HSC features for: O43612, ENST00000293330, ../Ntranos_Rotation/ESM-SaProt/AF-O43612-F1-model_v4.pdb.gz
INFO:2025-10-30 15:39:18,217:Successfully computed HSC for O43612.
INFO:2025-10-30 15:39:18,217:Processing O43613 with model AF-O43613-F1-model_v4.pdb
INFO:2025-10-30 15:39:18,507:Computing HSC features for: O43613, ENST00000373706, ../Ntranos_Rotation/ESM-SaProt/AF-O43613-F1-model_v4.pdb.gz
INFO:2025-10-30 15:40:27,801:Successfully computed HSC for O43613.
INFO:2025-10-30 15:40:27,801:Processing O43614 with model AF-O43614-F1-model_v4.pdb
INFO:2025-10-30 15:40:27,894:Computing HSC features for: O43614, ENST00000370862, ../Ntranos_Rotation/ESM-SaProt/AF-O43614-F1-model_v4.pdb.gz
INFO:2025-10-30 15:41:08,995:Successfully computed HSC for O43614.
INFO:2025-10-30 15:41:08,995:Processing O43615 with model AF-O43615-F1-model_v4.pdb
INFO:2025-10-30 15:41:09,397:Computing HSC features for: O43615, ENST00000270538, ../Ntranos_Rotation/ESM-SaProt/AF-O43615-F1-model_v4.pdb.gz
INFO:2025-10-30 15:42:25,010:Successfully computed HSC for O43615.
INFO:2025-10-30 15:42:25,010:Processing O43617 with model AF-O43617-F1-model_v4.pdb
INFO:2025-10-30 15:42:25,061:Computing HSC features for: O43617, ENST00000373166, ../Ntranos_Rotation/ESM-SaProt/AF-O43617-F1-model_v4.pdb.gz
INFO:2025-10-30 15:42:46,482:Successfully computed HSC for O43617.
INFO:2025-10-30 15:42:46,482:Processing O43623 with model AF-O43623-F1-model_v4.pdb
INFO:2025-10-30 15:42:46,533:Computing HSC features for: O43623, ENST00000020945, ../Ntranos_Rotation/ESM-SaProt/AF-O43623-F1-model_v4.pdb.gz
INFO:2025-10-30 15:43:15,713:Successfully computed HSC for O43623.
INFO:2025-10-30 15:43:15,713:Pipeline completed.
INFO:2025-10-30 15:43:15,713:no_enst_for_uniprot: 0
INFO:2025-10-30 15:43:15,713:no_valid_cds: 0
INFO:2025-10-30 15:43:15,713:no_variant_data: 7
INFO:2025-10-30 15:43:15,713:bad_structure: 0
INFO:2025-10-30 15:43:15,713:no_enst_mp: 0
