INFO:2025-10-30 14:27:03,882:Starting HSC computation pipeline...
INFO:2025-10-30 14:28:20,947:Processing Q9H3R0 with model AF-Q9H3R0-F1-model_v4.pdb
INFO:2025-10-30 14:28:21,222:Computing HSC features for: Q9H3R0, ENST00000381309, ../Ntranos_Rotation/ESM-SaProt/AF-Q9H3R0-F1-model_v4.pdb.gz
INFO:2025-10-30 14:30:31,308:Successfully computed HSC for Q9H3R0.
INFO:2025-10-30 14:30:31,308:Processing Q9H3R1 with model AF-Q9H3R1-F1-model_v4.pdb
INFO:2025-10-30 14:30:31,431:Computing HSC features for: Q9H3R1, ENST00000264363, ../Ntranos_Rotation/ESM-SaProt/AF-Q9H3R1-F1-model_v4.pdb.gz
INFO:2025-10-30 14:31:49,243:Successfully computed HSC for Q9H3R1.
INFO:2025-10-30 14:31:49,243:Processing Q9H3R2 with model AF-Q9H3R2-F1-model_v4.pdb
ERROR:2025-10-30 14:31:49,424:No transcript record found for Q9H3R2 in gnomAD.
INFO:2025-10-30 14:31:49,424:Processing Q9H3R5 with model AF-Q9H3R5-F1-model_v4.pdb
INFO:2025-10-30 14:31:49,513:Computing HSC features for: Q9H3R5, ENST00000283006, ../Ntranos_Rotation/ESM-SaProt/AF-Q9H3R5-F1-model_v4.pdb.gz
INFO:2025-10-30 14:32:17,095:Successfully computed HSC for Q9H3R5.
INFO:2025-10-30 14:32:17,095:Processing Q9H3S1 with model AF-Q9H3S1-F1-model_v4.pdb
INFO:2025-10-30 14:32:17,270:Computing HSC features for: Q9H3S1, ENST00000355014, ../Ntranos_Rotation/ESM-SaProt/AF-Q9H3S1-F1-model_v4.pdb.gz
INFO:2025-10-30 14:33:49,246:Successfully computed HSC for Q9H3S1.
INFO:2025-10-30 14:33:49,247:Processing Q9H3S3 with model AF-Q9H3S3-F1-model_v4.pdb
INFO:2025-10-30 14:33:49,380:Computing HSC features for: Q9H3S3, ENST00000299882, ../Ntranos_Rotation/ESM-SaProt/AF-Q9H3S3-F1-model_v4.pdb.gz
INFO:2025-10-30 14:34:46,822:Successfully computed HSC for Q9H3S3.
INFO:2025-10-30 14:34:46,823:Processing Q9H3S4 with model AF-Q9H3S4-F1-model_v4.pdb
INFO:2025-10-30 14:34:46,908:Computing HSC features for: Q9H3S4, ENST00000360057, ../Ntranos_Rotation/ESM-SaProt/AF-Q9H3S4-F1-model_v4.pdb.gz
INFO:2025-10-30 14:35:12,629:Successfully computed HSC for Q9H3S4.
INFO:2025-10-30 14:35:12,629:Processing Q9H3S5 with model AF-Q9H3S5-F1-model_v4.pdb
INFO:2025-10-30 14:35:12,714:Computing HSC features for: Q9H3S5, ENST00000368090, ../Ntranos_Rotation/ESM-SaProt/AF-Q9H3S5-F1-model_v4.pdb.gz
INFO:2025-10-30 14:36:07,692:Successfully computed HSC for Q9H3S5.
INFO:2025-10-30 14:36:07,692:Processing Q9H3S7 with model AF-Q9H3S7-F1-model_v4.pdb
INFO:2025-10-30 14:36:07,924:Computing HSC features for: Q9H3S7, ENST00000265562, ../Ntranos_Rotation/ESM-SaProt/AF-Q9H3S7-F1-model_v4.pdb.gz
INFO:2025-10-30 14:39:33,882:Successfully computed HSC for Q9H3S7.
INFO:2025-10-30 14:39:33,882:Processing Q9H3T2 with model AF-Q9H3T2-F1-model_v4.pdb
INFO:2025-10-30 14:39:34,003:Computing HSC features for: Q9H3T2, ENST00000341697, ../Ntranos_Rotation/ESM-SaProt/AF-Q9H3T2-F1-model_v4.pdb.gz
INFO:2025-10-30 14:41:52,090:Successfully computed HSC for Q9H3T2.
INFO:2025-10-30 14:41:52,090:Processing Q9H3T3 with model AF-Q9H3T3-F1-model_v4.pdb
INFO:2025-10-30 14:41:52,203:Computing HSC features for: Q9H3T3, ENST00000586582, ../Ntranos_Rotation/ESM-SaProt/AF-Q9H3T3-F1-model_v4.pdb.gz
INFO:2025-10-30 14:44:37,374:Successfully computed HSC for Q9H3T3.
INFO:2025-10-30 14:44:37,375:Processing Q9H3U1 with model AF-Q9H3U1-F1-model_v4.pdb
INFO:2025-10-30 14:44:37,593:Computing HSC features for: Q9H3U1, ENST00000418476, ../Ntranos_Rotation/ESM-SaProt/AF-Q9H3U1-F1-model_v4.pdb.gz
INFO:2025-10-30 14:47:26,577:Successfully computed HSC for Q9H3U1.
INFO:2025-10-30 14:47:26,577:Processing Q9H3U5 with model AF-Q9H3U5-F1-model_v4.pdb
INFO:2025-10-30 14:47:26,721:Computing HSC features for: Q9H3U5, ENST00000415822, ../Ntranos_Rotation/ESM-SaProt/AF-Q9H3U5-F1-model_v4.pdb.gz
INFO:2025-10-30 14:48:35,099:Successfully computed HSC for Q9H3U5.
INFO:2025-10-30 14:48:35,099:Processing Q9H3U7 with model AF-Q9H3U7-F1-model_v4.pdb
INFO:2025-10-30 14:48:35,226:Computing HSC features for: Q9H3U7, ENST00000356284, ../Ntranos_Rotation/ESM-SaProt/AF-Q9H3U7-F1-model_v4.pdb.gz
INFO:2025-10-30 14:49:40,703:Successfully computed HSC for Q9H3U7.
INFO:2025-10-30 14:49:40,704:Processing Q9H3V2 with model AF-Q9H3V2-F1-model_v4.pdb
INFO:2025-10-30 14:49:40,769:Computing HSC features for: Q9H3V2, ENST00000300190, ../Ntranos_Rotation/ESM-SaProt/AF-Q9H3V2-F1-model_v4.pdb.gz
INFO:2025-10-30 14:50:20,113:Successfully computed HSC for Q9H3V2.
INFO:2025-10-30 14:50:20,113:Processing Q9H3W5 with model AF-Q9H3W5-F1-model_v4.pdb
INFO:2025-10-30 14:50:20,317:Computing HSC features for: Q9H3W5, ENST00000308478, ../Ntranos_Rotation/ESM-SaProt/AF-Q9H3W5-F1-model_v4.pdb.gz
INFO:2025-10-30 14:51:19,911:Successfully computed HSC for Q9H3W5.
INFO:2025-10-30 14:51:19,912:Processing Q9H3Y0 with model AF-Q9H3Y0-F1-model_v4.pdb
INFO:2025-10-30 14:51:19,994:Computing HSC features for: Q9H3Y0, ENST00000217043, ../Ntranos_Rotation/ESM-SaProt/AF-Q9H3Y0-F1-model_v4.pdb.gz
INFO:2025-10-30 14:52:04,482:Successfully computed HSC for Q9H3Y0.
INFO:2025-10-30 14:52:04,482:Processing Q9H3Y6 with model AF-Q9H3Y6-F1-model_v4.pdb
INFO:2025-10-30 14:52:04,606:Computing HSC features for: Q9H3Y6, ENST00000217188, ../Ntranos_Rotation/ESM-SaProt/AF-Q9H3Y6-F1-model_v4.pdb.gz
INFO:2025-10-30 14:53:24,555:Successfully computed HSC for Q9H3Y6.
INFO:2025-10-30 14:53:24,555:Processing Q9H3Y8 with model AF-Q9H3Y8-F1-model_v4.pdb
INFO:2025-10-30 14:53:24,607:Computing HSC features for: Q9H3Y8, ENST00000370179, ../Ntranos_Rotation/ESM-SaProt/AF-Q9H3Y8-F1-model_v4.pdb.gz
INFO:2025-10-30 14:54:08,961:Successfully computed HSC for Q9H3Y8.
INFO:2025-10-30 14:54:08,961:Processing Q9H3Z4 with model AF-Q9H3Z4-F1-model_v4.pdb
ERROR:2025-10-30 14:54:09,040:No transcript record found for Q9H3Z4 in gnomAD.
INFO:2025-10-30 14:54:09,040:Processing Q9H3Z7 with model AF-Q9H3Z7-F1-model_v4.pdb
INFO:2025-10-30 14:54:09,170:Computing HSC features for: Q9H3Z7, ENST00000369916, ../Ntranos_Rotation/ESM-SaProt/AF-Q9H3Z7-F1-model_v4.pdb.gz
INFO:2025-10-30 14:55:59,786:Successfully computed HSC for Q9H3Z7.
INFO:2025-10-30 14:55:59,787:Processing Q9H400 with model AF-Q9H400-F1-model_v4.pdb
INFO:2025-10-30 14:56:00,013:Computing HSC features for: Q9H400, ENST00000309546, ../Ntranos_Rotation/ESM-SaProt/AF-Q9H400-F1-model_v4.pdb.gz
INFO:2025-10-30 14:56:53,879:Successfully computed HSC for Q9H400.
INFO:2025-10-30 14:56:53,879:Processing Q9H410 with model AF-Q9H410-F1-model_v4.pdb
INFO:2025-10-30 14:56:53,970:Computing HSC features for: Q9H410, ENST00000373750, ../Ntranos_Rotation/ESM-SaProt/AF-Q9H410-F1-model_v4.pdb.gz
INFO:2025-10-30 14:57:25,673:Successfully computed HSC for Q9H410.
INFO:2025-10-30 14:57:25,673:Processing Q9H422 with model AF-Q9H422-F1-model_v4.pdb
INFO:2025-10-30 14:57:25,823:Computing HSC features for: Q9H422, ENST00000303296, ../Ntranos_Rotation/ESM-SaProt/AF-Q9H422-F1-model_v4.pdb.gz
INFO:2025-10-30 15:00:01,851:Successfully computed HSC for Q9H422.
INFO:2025-10-30 15:00:01,851:Processing Q9H425 with model AF-Q9H425-F1-model_v4.pdb
INFO:2025-10-30 15:00:01,938:Computing HSC features for: Q9H425, ENST00000366663, ../Ntranos_Rotation/ESM-SaProt/AF-Q9H425-F1-model_v4.pdb.gz
INFO:2025-10-30 15:01:50,067:Successfully computed HSC for Q9H425.
INFO:2025-10-30 15:01:50,067:Processing Q9H426 with model AF-Q9H426-F1-model_v4.pdb
INFO:2025-10-30 15:01:50,132:Computing HSC features for: Q9H426, ENST00000372851, ../Ntranos_Rotation/ESM-SaProt/AF-Q9H426-F1-model_v4.pdb.gz
INFO:2025-10-30 15:02:28,002:Successfully computed HSC for Q9H426.
INFO:2025-10-30 15:02:28,002:Processing Q9H427 with model AF-Q9H427-F1-model_v4.pdb
INFO:2025-10-30 15:02:28,279:Computing HSC features for: Q9H427, ENST00000372861, ../Ntranos_Rotation/ESM-SaProt/AF-Q9H427-F1-model_v4.pdb.gz
INFO:2025-10-30 15:04:43,419:Successfully computed HSC for Q9H427.
INFO:2025-10-30 15:04:43,420:Processing Q9H444 with model AF-Q9H444-F1-model_v4.pdb
INFO:2025-10-30 15:04:43,473:Computing HSC features for: Q9H444, ENST00000217402, ../Ntranos_Rotation/ESM-SaProt/AF-Q9H444-F1-model_v4.pdb.gz
INFO:2025-10-30 15:05:25,813:Successfully computed HSC for Q9H444.
INFO:2025-10-30 15:05:25,813:Processing Q9H446 with model AF-Q9H446-F1-model_v4.pdb
INFO:2025-10-30 15:05:25,874:Computing HSC features for: Q9H446, ENST00000466444, ../Ntranos_Rotation/ESM-SaProt/AF-Q9H446-F1-model_v4.pdb.gz
INFO:2025-10-30 15:06:04,911:Successfully computed HSC for Q9H446.
INFO:2025-10-30 15:06:04,911:Processing Q9H461 with model AF-Q9H461-F1-model_v4.pdb
INFO:2025-10-30 15:06:05,274:Computing HSC features for: Q9H461, ENST00000374694, ../Ntranos_Rotation/ESM-SaProt/AF-Q9H461-F1-model_v4.pdb.gz
INFO:2025-10-30 15:08:34,829:Successfully computed HSC for Q9H461.
INFO:2025-10-30 15:08:34,829:Processing Q9H467 with model AF-Q9H467-F1-model_v4.pdb
INFO:2025-10-30 15:08:34,914:Computing HSC features for: Q9H467, ENST00000369937, ../Ntranos_Rotation/ESM-SaProt/AF-Q9H467-F1-model_v4.pdb.gz
INFO:2025-10-30 15:09:05,562:Successfully computed HSC for Q9H467.
INFO:2025-10-30 15:09:05,562:Processing Q9H469 with model AF-Q9H469-F1-model_v4.pdb
INFO:2025-10-30 15:09:05,648:Computing HSC features for: Q9H469, ENST00000369956, ../Ntranos_Rotation/ESM-SaProt/AF-Q9H469-F1-model_v4.pdb.gz
INFO:2025-10-30 15:10:16,202:Successfully computed HSC for Q9H469.
INFO:2025-10-30 15:10:16,202:Processing Q9H477 with model AF-Q9H477-F1-model_v4.pdb
INFO:2025-10-30 15:10:16,291:Computing HSC features for: Q9H477, ENST00000302188, ../Ntranos_Rotation/ESM-SaProt/AF-Q9H477-F1-model_v4.pdb.gz
INFO:2025-10-30 15:10:50,315:Successfully computed HSC for Q9H477.
INFO:2025-10-30 15:10:50,315:Processing Q9H478 with model AF-Q9H478-F1-model_v4.pdb
ERROR:2025-10-30 15:10:50,339:No ENST transcript IDs were mapped to Q9H478
INFO:2025-10-30 15:10:50,339:Processing Q9H479 with model AF-Q9H479-F1-model_v4.pdb
INFO:2025-10-30 15:10:50,461:Computing HSC features for: Q9H479, ENST00000300784, ../Ntranos_Rotation/ESM-SaProt/AF-Q9H479-F1-model_v4.pdb.gz
INFO:2025-10-30 15:11:54,106:Successfully computed HSC for Q9H479.
INFO:2025-10-30 15:11:54,106:Processing Q9H488 with model AF-Q9H488-F1-model_v4.pdb
INFO:2025-10-30 15:11:54,225:Computing HSC features for: Q9H488, ENST00000375749, ../Ntranos_Rotation/ESM-SaProt/AF-Q9H488-F1-model_v4.pdb.gz
INFO:2025-10-30 15:13:19,022:Successfully computed HSC for Q9H488.
INFO:2025-10-30 15:13:19,022:Processing Q9H2U1 with model AF-Q9H2U1-F1-model_v4.pdb
INFO:2025-10-30 15:13:19,166:Computing HSC features for: Q9H2U1, ENST00000496811, ../Ntranos_Rotation/ESM-SaProt/AF-Q9H2U1-F1-model_v4.pdb.gz
INFO:2025-10-30 15:14:59,374:Successfully computed HSC for Q9H2U1.
INFO:2025-10-30 15:14:59,374:Processing Q9H2U2 with model AF-Q9H2U2-F1-model_v4.pdb
INFO:2025-10-30 15:14:59,467:Computing HSC features for: Q9H2U2, ENST00000341695, ../Ntranos_Rotation/ESM-SaProt/AF-Q9H2U2-F1-model_v4.pdb.gz
INFO:2025-10-30 15:15:35,957:Successfully computed HSC for Q9H2U2.
INFO:2025-10-30 15:15:35,957:Processing Q9H2U6 with model AF-Q9H2U6-F1-model_v4.pdb
ERROR:2025-10-30 15:15:36,019:No ENST transcript IDs were mapped to Q9H2U6
INFO:2025-10-30 15:15:36,019:Processing Q9H2U9 with model AF-Q9H2U9-F1-model_v4.pdb
INFO:2025-10-30 15:15:36,235:Computing HSC features for: Q9H2U9, ENST00000175238, ../Ntranos_Rotation/ESM-SaProt/AF-Q9H2U9-F1-model_v4.pdb.gz
INFO:2025-10-30 15:16:43,022:Successfully computed HSC for Q9H2U9.
INFO:2025-10-30 15:16:43,022:Processing Q9H2V7 with model AF-Q9H2V7-F1-model_v4.pdb
INFO:2025-10-30 15:16:43,149:Computing HSC features for: Q9H2V7, ENST00000311008, ../Ntranos_Rotation/ESM-SaProt/AF-Q9H2V7-F1-model_v4.pdb.gz
INFO:2025-10-30 15:18:02,788:Successfully computed HSC for Q9H2V7.
INFO:2025-10-30 15:18:02,789:Processing Q9H2W1 with model AF-Q9H2W1-F1-model_v4.pdb
INFO:2025-10-30 15:18:02,863:Computing HSC features for: Q9H2W1, ENST00000530839, ../Ntranos_Rotation/ESM-SaProt/AF-Q9H2W1-F1-model_v4.pdb.gz
INFO:2025-10-30 15:18:27,589:Successfully computed HSC for Q9H2W1.
INFO:2025-10-30 15:18:27,589:Processing Q9H2W2 with model AF-Q9H2W2-F1-model_v4.pdb
INFO:2025-10-30 15:18:27,650:Computing HSC features for: Q9H2W2, ENST00000366810, ../Ntranos_Rotation/ESM-SaProt/AF-Q9H2W2-F1-model_v4.pdb.gz
INFO:2025-10-30 15:19:11,214:Successfully computed HSC for Q9H2W2.
INFO:2025-10-30 15:19:11,214:Processing Q9H2W6 with model AF-Q9H2W6-F1-model_v4.pdb
INFO:2025-10-30 15:19:11,307:Computing HSC features for: Q9H2W6, ENST00000312475, ../Ntranos_Rotation/ESM-SaProt/AF-Q9H2W6-F1-model_v4.pdb.gz
INFO:2025-10-30 15:19:45,123:Successfully computed HSC for Q9H2W6.
INFO:2025-10-30 15:19:45,123:Processing Q9H2X0 with model AF-Q9H2X0-F1-model_v4.pdb
INFO:2025-10-30 15:19:45,383:Computing HSC features for: Q9H2X0, ENST00000204604, ../Ntranos_Rotation/ESM-SaProt/AF-Q9H2X0-F1-model_v4.pdb.gz
INFO:2025-10-30 15:21:58,676:Successfully computed HSC for Q9H2X0.
INFO:2025-10-30 15:21:58,676:Processing Q9H2X3 with model AF-Q9H2X3-F1-model_v4.pdb
INFO:2025-10-30 15:21:58,782:Computing HSC features for: Q9H2X3, ENST00000327325, ../Ntranos_Rotation/ESM-SaProt/AF-Q9H2X3-F1-model_v4.pdb.gz
INFO:2025-10-30 15:22:42,411:Successfully computed HSC for Q9H2X3.
INFO:2025-10-30 15:22:42,412:Processing Q9H2X6 with model AF-Q9H2X6-F1-model_v4.pdb
INFO:2025-10-30 15:22:42,710:Computing HSC features for: Q9H2X6, ENST00000406875, ../Ntranos_Rotation/ESM-SaProt/AF-Q9H2X6-F1-model_v4.pdb.gz
INFO:2025-10-30 15:25:21,159:Successfully computed HSC for Q9H2X6.
INFO:2025-10-30 15:25:21,159:Processing Q9H2X8 with model AF-Q9H2X8-F1-model_v4.pdb
INFO:2025-10-30 15:25:21,270:Computing HSC features for: Q9H2X8, ENST00000238609, ../Ntranos_Rotation/ESM-SaProt/AF-Q9H2X8-F1-model_v4.pdb.gz
INFO:2025-10-30 15:25:44,779:Successfully computed HSC for Q9H2X8.
INFO:2025-10-30 15:25:44,779:Processing Q9H2X9 with model AF-Q9H2X9-F1-model_v4.pdb
INFO:2025-10-30 15:25:45,073:Computing HSC features for: Q9H2X9, ENST00000454036, ../Ntranos_Rotation/ESM-SaProt/AF-Q9H2X9-F1-model_v4.pdb.gz
INFO:2025-10-30 15:28:02,161:Successfully computed HSC for Q9H2X9.
INFO:2025-10-30 15:28:02,162:Processing Q9H2Y7 with model AF-Q9H2Y7-F1-model_v4.pdb
INFO:2025-10-30 15:28:02,583:Computing HSC features for: Q9H2Y7, ENST00000263805, ../Ntranos_Rotation/ESM-SaProt/AF-Q9H2Y7-F1-model_v4.pdb.gz
INFO:2025-10-30 15:30:53,220:Successfully computed HSC for Q9H2Y7.
INFO:2025-10-30 15:30:53,220:Pipeline completed.
INFO:2025-10-30 15:30:53,220:no_enst_for_uniprot: 2
INFO:2025-10-30 15:30:53,220:no_valid_cds: 0
INFO:2025-10-30 15:30:53,220:no_variant_data: 2
INFO:2025-10-30 15:30:53,220:bad_structure: 0
INFO:2025-10-30 15:30:53,220:no_enst_mp: 0
