INFO:2025-10-30 14:26:03,867:Starting HSC computation pipeline...
INFO:2025-10-30 14:27:25,531:Processing Q6ZUB0 with model AF-Q6ZUB0-F1-model_v4.pdb
ERROR:2025-10-30 14:27:25,735:No transcript record found for Q6ZUB0 in gnomAD.
INFO:2025-10-30 14:27:25,735:Processing Q6ZUB1 with model AF-Q6ZUB1-F1-model_v4.pdb
INFO:2025-10-30 14:27:26,016:Computing HSC features for: Q6ZUB1, ENST00000325643, ../Ntranos_Rotation/ESM-SaProt/AF-Q6ZUB1-F1-model_v4.pdb.gz
INFO:2025-10-30 14:30:13,300:Successfully computed HSC for Q6ZUB1.
INFO:2025-10-30 14:30:13,300:Processing Q6ZUF6 with model AF-Q6ZUF6-F1-model_v4.pdb
ERROR:2025-10-30 14:30:13,349:No ENST transcript IDs were mapped to Q6ZUF6
INFO:2025-10-30 14:30:13,349:Processing Q6ZUG5 with model AF-Q6ZUG5-F1-model_v4.pdb
ERROR:2025-10-30 14:30:13,505:No ENST transcript IDs were mapped to Q6ZUG5
INFO:2025-10-30 14:30:13,505:Processing Q6ZUI0 with model AF-Q6ZUI0-F1-model_v4.pdb
INFO:2025-10-30 14:30:13,602:Computing HSC features for: Q6ZUI0, ENST00000345063, ../Ntranos_Rotation/ESM-SaProt/AF-Q6ZUI0-F1-model_v4.pdb.gz
INFO:2025-10-30 14:30:45,735:Successfully computed HSC for Q6ZUI0.
INFO:2025-10-30 14:30:45,735:Processing Q6ZUJ4 with model AF-Q6ZUJ4-F1-model_v4.pdb
INFO:2025-10-30 14:30:45,794:Computing HSC features for: Q6ZUJ4, ENST00000343010, ../Ntranos_Rotation/ESM-SaProt/AF-Q6ZUJ4-F1-model_v4.pdb.gz
INFO:2025-10-30 14:31:14,394:Successfully computed HSC for Q6ZUJ4.
INFO:2025-10-30 14:31:14,394:Processing Q6ZUJ8 with model AF-Q6ZUJ8-F1-model_v4.pdb
INFO:2025-10-30 14:31:14,532:Computing HSC features for: Q6ZUJ8, ENST00000339364, ../Ntranos_Rotation/ESM-SaProt/AF-Q6ZUJ8-F1-model_v4.pdb.gz
INFO:2025-10-30 14:32:53,429:Successfully computed HSC for Q6ZUJ8.
INFO:2025-10-30 14:32:53,429:Processing Q6ZUK4 with model AF-Q6ZUK4-F1-model_v4.pdb
INFO:2025-10-30 14:32:53,549:Computing HSC features for: Q6ZUK4, ENST00000399298, ../Ntranos_Rotation/ESM-SaProt/AF-Q6ZUK4-F1-model_v4.pdb.gz
INFO:2025-10-30 14:33:39,899:Successfully computed HSC for Q6ZUK4.
INFO:2025-10-30 14:33:39,899:Processing Q6ZUL3 with model AF-Q6ZUL3-F1-model_v4.pdb
ERROR:2025-10-30 14:33:39,969:No ENST transcript IDs were mapped to Q6ZUL3
INFO:2025-10-30 14:33:39,969:Processing Q6ZUM4 with model AF-Q6ZUM4-F1-model_v4.pdb
ERROR:2025-10-30 14:33:40,292:No transcript record found for Q6ZUM4 in gnomAD.
INFO:2025-10-30 14:33:40,292:Processing Q6ZUS5 with model AF-Q6ZUS5-F1-model_v4.pdb
INFO:2025-10-30 14:33:40,387:Computing HSC features for: Q6ZUS5, ENST00000324364, ../Ntranos_Rotation/ESM-SaProt/AF-Q6ZUS5-F1-model_v4.pdb.gz
INFO:2025-10-30 14:34:08,528:Successfully computed HSC for Q6ZUS5.
INFO:2025-10-30 14:34:08,528:Processing Q6ZUS6 with model AF-Q6ZUS6-F1-model_v4.pdb
ERROR:2025-10-30 14:34:08,645:No valid CDS found for Q6ZUS6
INFO:2025-10-30 14:34:08,646:Processing Q6ZUT1 with model AF-Q6ZUT1-F1-model_v4.pdb
INFO:2025-10-30 14:34:08,749:Computing HSC features for: Q6ZUT1, ENST00000280352, ../Ntranos_Rotation/ESM-SaProt/AF-Q6ZUT1-F1-model_v4.pdb.gz
INFO:2025-10-30 14:34:40,712:Successfully computed HSC for Q6ZUT1.
INFO:2025-10-30 14:34:40,713:Processing Q6ZUT3 with model AF-Q6ZUT3-F1-model_v4.pdb
INFO:2025-10-30 14:34:40,879:Computing HSC features for: Q6ZUT3, ENST00000298542, ../Ntranos_Rotation/ESM-SaProt/AF-Q6ZUT3-F1-model_v4.pdb.gz
INFO:2025-10-30 14:36:02,375:Successfully computed HSC for Q6ZUT3.
INFO:2025-10-30 14:36:02,376:Processing Q6ZUT4 with model AF-Q6ZUT4-F1-model_v4.pdb
ERROR:2025-10-30 14:36:02,450:No ENST transcript IDs were mapped to Q6ZUT4
INFO:2025-10-30 14:36:02,450:Processing Q6ZUT6 with model AF-Q6ZUT6-F1-model_v4.pdb
ERROR:2025-10-30 14:36:02,533:No valid CDS found for Q6ZUT6
INFO:2025-10-30 14:36:02,533:Processing Q6ZUT9 with model AF-Q6ZUT9-F1-model_v4.pdb
INFO:2025-10-30 14:36:02,716:Computing HSC features for: Q6ZUT9, ENST00000389082, ../Ntranos_Rotation/ESM-SaProt/AF-Q6ZUT9-F1-model_v4.pdb.gz
INFO:2025-10-30 14:38:32,610:Successfully computed HSC for Q6ZUT9.
INFO:2025-10-30 14:38:32,610:Processing Q6ZUU3 with model AF-Q6ZUU3-F1-model_v4.pdb
INFO:2025-10-30 14:38:32,703:Computing HSC features for: Q6ZUU3, ENST00000383165, ../Ntranos_Rotation/ESM-SaProt/AF-Q6ZUU3-F1-model_v4.pdb.gz
INFO:2025-10-30 14:39:07,718:Successfully computed HSC for Q6ZUU3.
INFO:2025-10-30 14:39:07,718:Processing Q6ZUV0 with model AF-Q6ZUV0-F1-model_v4.pdb
ERROR:2025-10-30 14:39:08,187:No ENST transcript IDs were mapped to Q6ZUV0
INFO:2025-10-30 14:39:08,187:Processing Q6ZUX3 with model AF-Q6ZUX3-F1-model_v4.pdb
INFO:2025-10-30 14:39:08,347:Computing HSC features for: Q6ZUX3, ENST00000379558, ../Ntranos_Rotation/ESM-SaProt/AF-Q6ZUX3-F1-model_v4.pdb.gz
INFO:2025-10-30 14:41:31,844:Successfully computed HSC for Q6ZUX3.
INFO:2025-10-30 14:41:31,844:Processing Q6ZUX7 with model AF-Q6ZUX7-F1-model_v4.pdb
INFO:2025-10-30 14:41:31,936:Computing HSC features for: Q6ZUX7, ENST00000380345, ../Ntranos_Rotation/ESM-SaProt/AF-Q6ZUX7-F1-model_v4.pdb.gz
INFO:2025-10-30 14:42:03,652:Successfully computed HSC for Q6ZUX7.
INFO:2025-10-30 14:42:03,653:Processing Q6ZV29 with model AF-Q6ZV29-F1-model_v4.pdb
INFO:2025-10-30 14:42:03,948:Computing HSC features for: Q6ZV29, ENST00000277531, ../Ntranos_Rotation/ESM-SaProt/AF-Q6ZV29-F1-model_v4.pdb.gz
INFO:2025-10-30 14:45:32,948:Successfully computed HSC for Q6ZV29.
INFO:2025-10-30 14:45:32,949:Processing Q6ZV50 with model AF-Q6ZV50-F1-model_v4.pdb
ERROR:2025-10-30 14:45:33,111:No valid CDS found for Q6ZV50
INFO:2025-10-30 14:45:33,111:Processing Q6ZV56 with model AF-Q6ZV56-F1-model_v4.pdb
ERROR:2025-10-30 14:45:33,167:No ENST transcript IDs were mapped to Q6ZV56
INFO:2025-10-30 14:45:33,167:Processing Q6ZV60 with model AF-Q6ZV60-F1-model_v4.pdb
ERROR:2025-10-30 14:45:33,221:No ENST transcript IDs were mapped to Q6ZV60
INFO:2025-10-30 14:45:33,221:Processing Q6ZV65 with model AF-Q6ZV65-F1-model_v4.pdb
INFO:2025-10-30 14:45:33,352:Computing HSC features for: Q6ZV65, ENST00000424749, ../Ntranos_Rotation/ESM-SaProt/AF-Q6ZV65-F1-model_v4.pdb.gz
INFO:2025-10-30 14:46:28,583:Successfully computed HSC for Q6ZV65.
INFO:2025-10-30 14:46:28,583:Processing Q6ZV70 with model AF-Q6ZV70-F1-model_v4.pdb
INFO:2025-10-30 14:46:28,653:Computing HSC features for: Q6ZV70, ENST00000378619, ../Ntranos_Rotation/ESM-SaProt/AF-Q6ZV70-F1-model_v4.pdb.gz
INFO:2025-10-30 14:47:40,732:Successfully computed HSC for Q6ZV70.
INFO:2025-10-30 14:47:40,732:Processing Q6ZV73 with model AF-Q6ZV73-F1-model_v4.pdb
INFO:2025-10-30 14:47:41,070:Computing HSC features for: Q6ZV73, ENST00000343958, ../Ntranos_Rotation/ESM-SaProt/AF-Q6ZV73-F1-model_v4.pdb.gz
INFO:2025-10-30 14:49:51,864:Successfully computed HSC for Q6ZV73.
INFO:2025-10-30 14:49:51,864:Processing Q6ZV77 with model AF-Q6ZV77-F1-model_v4.pdb
ERROR:2025-10-30 14:49:51,922:No ENST transcript IDs were mapped to Q6ZV77
INFO:2025-10-30 14:49:51,923:Processing Q6ZV80 with model AF-Q6ZV80-F1-model_v4.pdb
ERROR:2025-10-30 14:49:51,972:No ENST transcript IDs were mapped to Q6ZV80
INFO:2025-10-30 14:49:51,973:Processing Q6ZV89 with model AF-Q6ZV89-F1-model_v4.pdb
INFO:2025-10-30 14:49:52,082:Computing HSC features for: Q6ZV89, ENST00000444387, ../Ntranos_Rotation/ESM-SaProt/AF-Q6ZV89-F1-model_v4.pdb.gz
INFO:2025-10-30 14:50:55,494:Successfully computed HSC for Q6ZV89.
INFO:2025-10-30 14:50:55,494:Processing Q6ZVC0 with model AF-Q6ZVC0-F1-model_v4.pdb
INFO:2025-10-30 14:50:55,762:Computing HSC features for: Q6ZVC0, ENST00000300179, ../Ntranos_Rotation/ESM-SaProt/AF-Q6ZVC0-F1-model_v4.pdb.gz
INFO:2025-10-30 14:53:09,388:Successfully computed HSC for Q6ZVC0.
INFO:2025-10-30 14:53:09,389:Processing Q6ZVD7 with model AF-Q6ZVD7-F1-model_v4.pdb
INFO:2025-10-30 14:53:09,622:Computing HSC features for: Q6ZVD7, ENST00000298596, ../Ntranos_Rotation/ESM-SaProt/AF-Q6ZVD7-F1-model_v4.pdb.gz
INFO:2025-10-30 14:55:16,745:Successfully computed HSC for Q6ZVD7.
INFO:2025-10-30 14:55:16,745:Processing Q6ZVD8 with model AF-Q6ZVD8-F1-model_v4.pdb
INFO:2025-10-30 14:55:16,949:Computing HSC features for: Q6ZVD8, ENST00000568954, ../Ntranos_Rotation/ESM-SaProt/AF-Q6ZVD8-F1-model_v4.pdb.gz
INFO:2025-10-30 14:57:35,152:Successfully computed HSC for Q6ZVD8.
INFO:2025-10-30 14:57:35,152:Processing Q6ZVE7 with model AF-Q6ZVE7-F1-model_v4.pdb
INFO:2025-10-30 14:57:35,198:Computing HSC features for: Q6ZVE7, ENST00000308302, ../Ntranos_Rotation/ESM-SaProt/AF-Q6ZVE7-F1-model_v4.pdb.gz
INFO:2025-10-30 14:57:53,339:Successfully computed HSC for Q6ZVE7.
INFO:2025-10-30 14:57:53,339:Processing Q6ZVF9 with model AF-Q6ZVF9-F1-model_v4.pdb
INFO:2025-10-30 14:57:53,441:Computing HSC features for: Q6ZVF9, ENST00000333209, ../Ntranos_Rotation/ESM-SaProt/AF-Q6ZVF9-F1-model_v4.pdb.gz
INFO:2025-10-30 14:59:19,252:Successfully computed HSC for Q6ZVF9.
INFO:2025-10-30 14:59:19,252:Processing Q6ZVH6 with model AF-Q6ZVH6-F1-model_v4.pdb
ERROR:2025-10-30 14:59:19,326:No ENST transcript IDs were mapped to Q6ZVH6
INFO:2025-10-30 14:59:19,326:Processing Q6ZVH7 with model AF-Q6ZVH7-F1-model_v4.pdb
INFO:2025-10-30 14:59:19,527:Computing HSC features for: Q6ZVH7, ENST00000343063, ../Ntranos_Rotation/ESM-SaProt/AF-Q6ZVH7-F1-model_v4.pdb.gz
INFO:2025-10-30 15:02:10,021:Successfully computed HSC for Q6ZVH7.
INFO:2025-10-30 15:02:10,022:Processing Q6ZVK1 with model AF-Q6ZVK1-F1-model_v4.pdb
INFO:2025-10-30 15:02:10,093:Computing HSC features for: Q6ZVK1, ENST00000556573, ../Ntranos_Rotation/ESM-SaProt/AF-Q6ZVK1-F1-model_v4.pdb.gz
INFO:2025-10-30 15:02:50,466:Successfully computed HSC for Q6ZVK1.
INFO:2025-10-30 15:02:50,467:Processing Q6ZVK8 with model AF-Q6ZVK8-F1-model_v4.pdb
ERROR:2025-10-30 15:02:50,567:No transcript record found for Q6ZVK8 in gnomAD.
INFO:2025-10-30 15:02:50,567:Processing Q6ZVL6 with model AF-Q6ZVL6-F1-model_v4.pdb
INFO:2025-10-30 15:02:50,997:Computing HSC features for: Q6ZVL6, ENST00000321505, ../Ntranos_Rotation/ESM-SaProt/AF-Q6ZVL6-F1-model_v4.pdb.gz
INFO:2025-10-30 15:06:38,175:Successfully computed HSC for Q6ZVL6.
INFO:2025-10-30 15:06:38,175:Processing Q6ZVL8 with model AF-Q6ZVL8-F1-model_v4.pdb
ERROR:2025-10-30 15:06:38,237:No ENST transcript IDs were mapped to Q6ZVL8
INFO:2025-10-30 15:06:38,237:Processing Q6ZVM7 with model AF-Q6ZVM7-F1-model_v4.pdb
INFO:2025-10-30 15:06:38,365:Computing HSC features for: Q6ZVM7, ENST00000379504, ../Ntranos_Rotation/ESM-SaProt/AF-Q6ZVM7-F1-model_v4.pdb.gz
INFO:2025-10-30 15:07:55,966:Successfully computed HSC for Q6ZVM7.
INFO:2025-10-30 15:07:55,967:Processing Q6ZVN7 with model AF-Q6ZVN7-F1-model_v4.pdb
INFO:2025-10-30 15:07:56,031:Computing HSC features for: Q6ZVN7, ENST00000356686, ../Ntranos_Rotation/ESM-SaProt/AF-Q6ZVN7-F1-model_v4.pdb.gz
INFO:2025-10-30 15:08:09,457:Successfully computed HSC for Q6ZVN7.
INFO:2025-10-30 15:08:09,457:Processing Q6ZVN8 with model AF-Q6ZVN8-F1-model_v4.pdb
INFO:2025-10-30 15:08:09,594:Computing HSC features for: Q6ZVN8, ENST00000336751, ../Ntranos_Rotation/ESM-SaProt/AF-Q6ZVN8-F1-model_v4.pdb.gz
INFO:2025-10-30 15:09:05,732:Successfully computed HSC for Q6ZVN8.
INFO:2025-10-30 15:09:05,732:Processing Q6ZVQ6 with model AF-Q6ZVQ6-F1-model_v4.pdb
ERROR:2025-10-30 15:09:05,871:No ENST transcript IDs were mapped to Q6ZVQ6
INFO:2025-10-30 15:09:05,871:Processing Q6ZVS7 with model AF-Q6ZVS7-F1-model_v4.pdb
ERROR:2025-10-30 15:09:05,927:No ENST transcript IDs were mapped to Q6ZVS7
INFO:2025-10-30 15:09:05,927:Processing Q6ZVT0 with model AF-Q6ZVT0-F1-model_v4.pdb
INFO:2025-10-30 15:09:06,086:Computing HSC features for: Q6ZVT0, ENST00000379289, ../Ntranos_Rotation/ESM-SaProt/AF-Q6ZVT0-F1-model_v4.pdb.gz
INFO:2025-10-30 15:11:02,273:Successfully computed HSC for Q6ZVT0.
INFO:2025-10-30 15:11:02,274:Processing Q6ZVT6 with model AF-Q6ZVT6-F1-model_v4.pdb
ERROR:2025-10-30 15:11:02,445:No valid CDS found for Q6ZVT6
INFO:2025-10-30 15:11:02,446:Processing Q6ZVU0 with model AF-Q6ZVU0-F1-model_v4.pdb
ERROR:2025-10-30 15:11:02,501:No ENST transcript IDs were mapped to Q6ZVU0
INFO:2025-10-30 15:11:02,501:Pipeline completed.
INFO:2025-10-30 15:11:02,501:no_enst_for_uniprot: 14
INFO:2025-10-30 15:11:02,501:no_valid_cds: 4
INFO:2025-10-30 15:11:02,501:no_variant_data: 3
INFO:2025-10-30 15:11:02,501:bad_structure: 0
INFO:2025-10-30 15:11:02,501:no_enst_mp: 0
