INFO:2025-10-30 14:59:04,078:Starting HSC computation pipeline...
INFO:2025-10-30 15:00:02,945:Processing O15381 with model AF-O15381-F1-model_v4.pdb
INFO:2025-10-30 15:00:03,108:Computing HSC features for: O15381, ENST00000281701, ../Ntranos_Rotation/ESM-SaProt/AF-O15381-F1-model_v4.pdb.gz
INFO:2025-10-30 15:00:59,642:Successfully computed HSC for O15381.
INFO:2025-10-30 15:00:59,642:Processing O15382 with model AF-O15382-F1-model_v4.pdb
INFO:2025-10-30 15:00:59,760:Computing HSC features for: O15382, ENST00000316273, ../Ntranos_Rotation/ESM-SaProt/AF-O15382-F1-model_v4.pdb.gz
INFO:2025-10-30 15:01:39,739:Successfully computed HSC for O15382.
INFO:2025-10-30 15:01:39,740:Processing O15389 with model AF-O15389-F1-model_v4.pdb
ERROR:2025-10-30 15:01:39,884:No transcript record found for O15389 in gnomAD.
INFO:2025-10-30 15:01:39,884:Processing O15391 with model AF-O15391-F1-model_v4.pdb
INFO:2025-10-30 15:01:40,002:Computing HSC features for: O15391, ENST00000429584, ../Ntranos_Rotation/ESM-SaProt/AF-O15391-F1-model_v4.pdb.gz
INFO:2025-10-30 15:02:23,198:Successfully computed HSC for O15391.
INFO:2025-10-30 15:02:23,198:Processing O15392 with model AF-O15392-F1-model_v4.pdb
ERROR:2025-10-30 15:02:23,256:No valid CDS found for O15392
INFO:2025-10-30 15:02:23,257:Processing O15393 with model AF-O15393-F1-model_v4.pdb
INFO:2025-10-30 15:02:23,715:Computing HSC features for: O15393, ENST00000332149, ../Ntranos_Rotation/ESM-SaProt/AF-O15393-F1-model_v4.pdb.gz
INFO:2025-10-30 15:03:06,257:Successfully computed HSC for O15393.
INFO:2025-10-30 15:03:06,257:Processing O15394 with model AF-O15394-F1-model_v4.pdb
INFO:2025-10-30 15:03:06,364:Computing HSC features for: O15394, ENST00000400546, ../Ntranos_Rotation/ESM-SaProt/AF-O15394-F1-model_v4.pdb.gz
INFO:2025-10-30 15:03:54,032:Successfully computed HSC for O15394.
INFO:2025-10-30 15:03:54,032:Processing O15397 with model AF-O15397-F1-model_v4.pdb
INFO:2025-10-30 15:03:54,156:Computing HSC features for: O15397, ENST00000256079, ../Ntranos_Rotation/ESM-SaProt/AF-O15397-F1-model_v4.pdb.gz
INFO:2025-10-30 15:04:52,363:Successfully computed HSC for O15397.
INFO:2025-10-30 15:04:52,363:Processing O15399 with model AF-O15399-F1-model_v4.pdb
INFO:2025-10-30 15:04:52,572:Computing HSC features for: O15399, ENST00000263269, ../Ntranos_Rotation/ESM-SaProt/AF-O15399-F1-model_v4.pdb.gz
INFO:2025-10-30 15:07:41,796:Successfully computed HSC for O15399.
INFO:2025-10-30 15:07:41,796:Processing O15400 with model AF-O15400-F1-model_v4.pdb
INFO:2025-10-30 15:07:41,913:Computing HSC features for: O15400, ENST00000367941, ../Ntranos_Rotation/ESM-SaProt/AF-O15400-F1-model_v4.pdb.gz
INFO:2025-10-30 15:07:57,036:Successfully computed HSC for O15400.
INFO:2025-10-30 15:07:57,036:Processing O15403 with model AF-O15403-F1-model_v4.pdb
INFO:2025-10-30 15:07:57,145:Computing HSC features for: O15403, ENST00000327268, ../Ntranos_Rotation/ESM-SaProt/AF-O15403-F1-model_v4.pdb.gz
INFO:2025-10-30 15:08:33,157:Successfully computed HSC for O15403.
INFO:2025-10-30 15:08:33,157:Processing O14936 with model AF-O14936-F1-model_v4.pdb
INFO:2025-10-30 15:08:33,335:Computing HSC features for: O14936, ENST00000378163, ../Ntranos_Rotation/ESM-SaProt/AF-O14936-F1-model_v4.pdb.gz
INFO:2025-10-30 15:09:36,683:Successfully computed HSC for O14936.
INFO:2025-10-30 15:09:36,683:Processing O14939 with model AF-O14939-F1-model_v4.pdb
INFO:2025-10-30 15:09:36,841:Computing HSC features for: O14939, ENST00000263088, ../Ntranos_Rotation/ESM-SaProt/AF-O14939-F1-model_v4.pdb.gz
INFO:2025-10-30 15:10:50,424:Successfully computed HSC for O14939.
INFO:2025-10-30 15:10:50,424:Processing O14944 with model AF-O14944-F1-model_v4.pdb
INFO:2025-10-30 15:10:50,481:Computing HSC features for: O14944, ENST00000244869, ../Ntranos_Rotation/ESM-SaProt/AF-O14944-F1-model_v4.pdb.gz
INFO:2025-10-30 15:11:01,570:Successfully computed HSC for O14944.
INFO:2025-10-30 15:11:01,570:Processing O14948 with model AF-O14948-F1-model_v4.pdb
INFO:2025-10-30 15:11:01,636:Computing HSC features for: O14948, ENST00000265440, ../Ntranos_Rotation/ESM-SaProt/AF-O14948-F1-model_v4.pdb.gz
INFO:2025-10-30 15:11:21,292:Successfully computed HSC for O14948.
INFO:2025-10-30 15:11:21,293:Processing O14949 with model AF-O14949-F1-model_v4.pdb
INFO:2025-10-30 15:11:21,392:Computing HSC features for: O14949, ENST00000378665, ../Ntranos_Rotation/ESM-SaProt/AF-O14949-F1-model_v4.pdb.gz
INFO:2025-10-30 15:11:30,096:Successfully computed HSC for O14949.
INFO:2025-10-30 15:11:30,097:Processing O14950 with model AF-O14950-F1-model_v4.pdb
INFO:2025-10-30 15:11:30,141:Computing HSC features for: O14950, ENST00000237500, ../Ntranos_Rotation/ESM-SaProt/AF-O14950-F1-model_v4.pdb.gz
INFO:2025-10-30 15:11:45,722:Successfully computed HSC for O14950.
INFO:2025-10-30 15:11:45,722:Processing O14957 with model AF-O14957-F1-model_v4.pdb
INFO:2025-10-30 15:11:45,764:Computing HSC features for: O14957, ENST00000585671, ../Ntranos_Rotation/ESM-SaProt/AF-O14957-F1-model_v4.pdb.gz
INFO:2025-10-30 15:11:51,876:Successfully computed HSC for O14957.
INFO:2025-10-30 15:11:51,876:Processing O14958 with model AF-O14958-F1-model_v4.pdb
INFO:2025-10-30 15:11:52,206:Computing HSC features for: O14958, ENST00000261448, ../Ntranos_Rotation/ESM-SaProt/AF-O14958-F1-model_v4.pdb.gz
INFO:2025-10-30 15:12:28,528:Successfully computed HSC for O14958.
INFO:2025-10-30 15:12:28,528:Processing O14960 with model AF-O14960-F1-model_v4.pdb
INFO:2025-10-30 15:12:28,587:Computing HSC features for: O14960, ENST00000274507, ../Ntranos_Rotation/ESM-SaProt/AF-O14960-F1-model_v4.pdb.gz
INFO:2025-10-30 15:12:38,211:Successfully computed HSC for O14960.
INFO:2025-10-30 15:12:38,211:Processing O14964 with model AF-O14964-F1-model_v4.pdb
INFO:2025-10-30 15:12:38,325:Computing HSC features for: O14964, ENST00000329138, ../Ntranos_Rotation/ESM-SaProt/AF-O14964-F1-model_v4.pdb.gz
INFO:2025-10-30 15:13:49,562:Successfully computed HSC for O14964.
INFO:2025-10-30 15:13:49,562:Processing O14965 with model AF-O14965-F1-model_v4.pdb
INFO:2025-10-30 15:13:49,643:Computing HSC features for: O14965, ENST00000312783, ../Ntranos_Rotation/ESM-SaProt/AF-O14965-F1-model_v4.pdb.gz
INFO:2025-10-30 15:14:21,913:Successfully computed HSC for O14965.
INFO:2025-10-30 15:14:21,913:Processing O14966 with model AF-O14966-F1-model_v4.pdb
INFO:2025-10-30 15:14:21,953:Computing HSC features for: O14966, ENST00000235932, ../Ntranos_Rotation/ESM-SaProt/AF-O14966-F1-model_v4.pdb.gz
INFO:2025-10-30 15:14:36,438:Successfully computed HSC for O14966.
INFO:2025-10-30 15:14:36,438:Processing O14967 with model AF-O14967-F1-model_v4.pdb
INFO:2025-10-30 15:14:36,530:Computing HSC features for: O14967, ENST00000325617, ../Ntranos_Rotation/ESM-SaProt/AF-O14967-F1-model_v4.pdb.gz
INFO:2025-10-30 15:15:07,741:Successfully computed HSC for O14967.
INFO:2025-10-30 15:15:07,741:Processing O14972 with model AF-O14972-F1-model_v4.pdb
INFO:2025-10-30 15:15:07,798:Computing HSC features for: O14972, ENST00000309117, ../Ntranos_Rotation/ESM-SaProt/AF-O14972-F1-model_v4.pdb.gz
INFO:2025-10-30 15:15:31,295:Successfully computed HSC for O14972.
INFO:2025-10-30 15:15:31,295:Processing O14974 with model AF-O14974-F1-model_v4.pdb
INFO:2025-10-30 15:15:31,408:Computing HSC features for: O14974, ENST00000261207, ../Ntranos_Rotation/ESM-SaProt/AF-O14974-F1-model_v4.pdb.gz
INFO:2025-10-30 15:16:31,360:Successfully computed HSC for O14974.
INFO:2025-10-30 15:16:31,361:Processing O14975 with model AF-O14975-F1-model_v4.pdb
INFO:2025-10-30 15:16:31,482:Computing HSC features for: O14975, ENST00000267842, ../Ntranos_Rotation/ESM-SaProt/AF-O14975-F1-model_v4.pdb.gz
INFO:2025-10-30 15:17:14,923:Successfully computed HSC for O14975.
INFO:2025-10-30 15:17:14,923:Processing O14976 with model AF-O14976-F1-model_v4.pdb
INFO:2025-10-30 15:17:15,054:Computing HSC features for: O14976, ENST00000314167, ../Ntranos_Rotation/ESM-SaProt/AF-O14976-F1-model_v4.pdb.gz
INFO:2025-10-30 15:19:07,034:Successfully computed HSC for O14976.
INFO:2025-10-30 15:19:07,034:Processing O14977 with model AF-O14977-F1-model_v4.pdb
INFO:2025-10-30 15:19:07,103:Computing HSC features for: O14977, ENST00000337198, ../Ntranos_Rotation/ESM-SaProt/AF-O14977-F1-model_v4.pdb.gz
INFO:2025-10-30 15:19:30,916:Successfully computed HSC for O14977.
INFO:2025-10-30 15:19:30,917:Processing O14978 with model AF-O14978-F1-model_v4.pdb
INFO:2025-10-30 15:19:31,038:Computing HSC features for: O14978, ENST00000219069, ../Ntranos_Rotation/ESM-SaProt/AF-O14978-F1-model_v4.pdb.gz
INFO:2025-10-30 15:20:37,849:Successfully computed HSC for O14978.
INFO:2025-10-30 15:20:37,849:Processing O14979 with model AF-O14979-F1-model_v4.pdb
INFO:2025-10-30 15:20:37,958:Computing HSC features for: O14979, ENST00000295470, ../Ntranos_Rotation/ESM-SaProt/AF-O14979-F1-model_v4.pdb.gz
INFO:2025-10-30 15:21:15,146:Successfully computed HSC for O14979.
INFO:2025-10-30 15:21:15,147:Processing O14980 with model AF-O14980-F1-model_v4.pdb
INFO:2025-10-30 15:21:15,351:Computing HSC features for: O14980, ENST00000401558, ../Ntranos_Rotation/ESM-SaProt/AF-O14980-F1-model_v4.pdb.gz
INFO:2025-10-30 15:22:14,305:Successfully computed HSC for O14980.
INFO:2025-10-30 15:22:14,305:Processing O14981 with model AF-O14981-F1-model_v4.pdb
INFO:2025-10-30 15:22:14,617:Computing HSC features for: O14981, ENST00000265990, ../Ntranos_Rotation/ESM-SaProt/AF-O14981-F1-model_v4.pdb.gz
INFO:2025-10-30 15:23:58,866:Successfully computed HSC for O14981.
INFO:2025-10-30 15:23:58,866:Processing O14983 with model AF-O14983-F1-model_v4.pdb
INFO:2025-10-30 15:23:59,060:Computing HSC features for: O14983, ENST00000357084, ../Ntranos_Rotation/ESM-SaProt/AF-O14983-F1-model_v4.pdb.gz
INFO:2025-10-30 15:25:33,950:Successfully computed HSC for O14983.
INFO:2025-10-30 15:25:33,950:Processing O14986 with model AF-O14986-F1-model_v4.pdb
INFO:2025-10-30 15:25:34,069:Computing HSC features for: O14986, ENST00000265382, ../Ntranos_Rotation/ESM-SaProt/AF-O14986-F1-model_v4.pdb.gz
INFO:2025-10-30 15:26:16,746:Successfully computed HSC for O14986.
INFO:2025-10-30 15:26:16,746:Processing O14990 with model AF-O14990-F1-model_v4.pdb
ERROR:2025-10-30 15:26:16,797:No transcript record found for O14990 in gnomAD.
INFO:2025-10-30 15:26:16,798:Processing O14994 with model AF-O14994-F1-model_v4.pdb
INFO:2025-10-30 15:26:16,917:Computing HSC features for: O14994, ENST00000358763, ../Ntranos_Rotation/ESM-SaProt/AF-O14994-F1-model_v4.pdb.gz
INFO:2025-10-30 15:26:56,949:Successfully computed HSC for O14994.
INFO:2025-10-30 15:26:56,949:Processing O15013 with model AF-O15013-F1-model_v4.pdb
INFO:2025-10-30 15:26:57,094:Computing HSC features for: O15013, ENST00000398564, ../Ntranos_Rotation/ESM-SaProt/AF-O15013-F1-model_v4.pdb.gz
INFO:2025-10-30 15:28:39,854:Successfully computed HSC for O15013.
INFO:2025-10-30 15:28:39,854:Processing O15014 with model AF-O15014-F1-model_v4.pdb
INFO:2025-10-30 15:28:40,048:Computing HSC features for: O15014, ENST00000326648, ../Ntranos_Rotation/ESM-SaProt/AF-O15014-F1-model_v4.pdb.gz
INFO:2025-10-30 15:30:11,136:Successfully computed HSC for O15014.
INFO:2025-10-30 15:30:11,136:Processing O15015 with model AF-O15015-F1-model_v4.pdb
INFO:2025-10-30 15:30:11,658:Computing HSC features for: O15015, ENST00000300850, ../Ntranos_Rotation/ESM-SaProt/AF-O15015-F1-model_v4.pdb.gz
INFO:2025-10-30 15:32:43,683:Successfully computed HSC for O15015.
INFO:2025-10-30 15:32:43,683:Processing O15016 with model AF-O15016-F1-model_v4.pdb
ERROR:2025-10-30 15:32:43,848:No ENST transcript IDs were mapped to O15016
INFO:2025-10-30 15:32:43,848:Processing O15018 with model AF-O15018-F1-model_v4.pdb
ERROR:2025-10-30 15:32:44,091:No valid CDS found for O15018
INFO:2025-10-30 15:32:44,091:Processing O15020 with model AF-O15020-F1-model_v4.pdb
INFO:2025-10-30 15:32:44,474:Computing HSC features for: O15020, ENST00000309996, ../Ntranos_Rotation/ESM-SaProt/AF-O15020-F1-model_v4.pdb.gz
INFO:2025-10-30 15:36:29,136:Successfully computed HSC for O15020.
INFO:2025-10-30 15:36:29,136:Processing O15021 with model AF-O15021-F1-model_v4.pdb
ERROR:2025-10-30 15:36:29,576:No valid CDS found for O15021
INFO:2025-10-30 15:36:29,576:Processing O15027 with model AF-O15027-F1-model_v4.pdb
ERROR:2025-10-30 15:36:29,988:No transcript record found for O15027 in gnomAD.
INFO:2025-10-30 15:36:29,988:Processing O15031 with model AF-O15031-F1-model_v4.pdb
INFO:2025-10-30 15:36:30,309:Computing HSC features for: O15031, ENST00000359337, ../Ntranos_Rotation/ESM-SaProt/AF-O15031-F1-model_v4.pdb.gz
INFO:2025-10-30 15:40:20,219:Successfully computed HSC for O15031.
INFO:2025-10-30 15:40:20,219:Processing O15033 with model AF-O15033-F1-model_v4.pdb
INFO:2025-10-30 15:40:20,396:Computing HSC features for: O15033, ENST00000356357, ../Ntranos_Rotation/ESM-SaProt/AF-O15033-F1-model_v4.pdb.gz
INFO:2025-10-30 15:41:15,512:Successfully computed HSC for O15033.
INFO:2025-10-30 15:41:15,512:Processing O15034 with model AF-O15034-F1-model_v4.pdb
INFO:2025-10-30 15:41:15,701:Computing HSC features for: O15034, ENST00000261655, ../Ntranos_Rotation/ESM-SaProt/AF-O15034-F1-model_v4.pdb.gz
INFO:2025-10-30 15:42:55,212:Successfully computed HSC for O15034.
INFO:2025-10-30 15:42:55,212:Processing O15037 with model AF-O15037-F1-model_v4.pdb
INFO:2025-10-30 15:42:55,331:Computing HSC features for: O15037, ENST00000251343, ../Ntranos_Rotation/ESM-SaProt/AF-O15037-F1-model_v4.pdb.gz
INFO:2025-10-30 15:43:49,259:Successfully computed HSC for O15037.
INFO:2025-10-30 15:43:49,259:Processing O15040 with model AF-O15040-F1-model_v4.pdb
INFO:2025-10-30 15:43:49,422:Computing HSC features for: O15040, ENST00000359520, ../Ntranos_Rotation/ESM-SaProt/AF-O15040-F1-model_v4.pdb.gz
INFO:2025-10-30 15:45:40,444:Successfully computed HSC for O15040.
INFO:2025-10-30 15:45:40,444:Pipeline completed.
INFO:2025-10-30 15:45:40,444:no_enst_for_uniprot: 1
INFO:2025-10-30 15:45:40,444:no_valid_cds: 3
INFO:2025-10-30 15:45:40,444:no_variant_data: 3
INFO:2025-10-30 15:45:40,444:bad_structure: 0
INFO:2025-10-30 15:45:40,444:no_enst_mp: 0
