INFO:2025-10-30 14:59:01,845:Starting HSC computation pipeline...
INFO:2025-10-30 14:59:43,052:Processing P03905 with model AF-P03905-F1-model_v4.pdb
ERROR:2025-10-30 14:59:43,159:No valid CDS found for P03905
INFO:2025-10-30 14:59:43,159:Processing P03915 with model AF-P03915-F1-model_v4.pdb
ERROR:2025-10-30 14:59:43,255:No valid CDS found for P03915
INFO:2025-10-30 14:59:43,255:Processing P03923 with model AF-P03923-F1-model_v4.pdb
ERROR:2025-10-30 14:59:43,310:No valid CDS found for P03923
INFO:2025-10-30 14:59:43,310:Processing P03928 with model AF-P03928-F1-model_v4.pdb
ERROR:2025-10-30 14:59:43,383:No transcript record found for P03928 in gnomAD.
INFO:2025-10-30 14:59:43,383:Processing P03950 with model AF-P03950-F1-model_v4.pdb
INFO:2025-10-30 14:59:43,412:Computing HSC features for: P03950, ENST00000336811, ../Ntranos_Rotation/ESM-SaProt/AF-P03950-F1-model_v4.pdb.gz
INFO:2025-10-30 14:59:54,788:Successfully computed HSC for P03950.
INFO:2025-10-30 14:59:54,788:Processing P03951 with model AF-P03951-F1-model_v4.pdb
INFO:2025-10-30 14:59:54,865:Computing HSC features for: P03951, ENST00000403665, ../Ntranos_Rotation/ESM-SaProt/AF-P03951-F1-model_v4.pdb.gz
INFO:2025-10-30 15:00:39,108:Successfully computed HSC for P03951.
INFO:2025-10-30 15:00:39,108:Processing P03952 with model AF-P03952-F1-model_v4.pdb
INFO:2025-10-30 15:00:39,212:Computing HSC features for: P03952, ENST00000264690, ../Ntranos_Rotation/ESM-SaProt/AF-P03952-F1-model_v4.pdb.gz
INFO:2025-10-30 15:01:19,112:Successfully computed HSC for P03952.
INFO:2025-10-30 15:01:19,112:Processing P03956 with model AF-P03956-F1-model_v4.pdb
INFO:2025-10-30 15:01:19,194:Computing HSC features for: P03956, ENST00000315274, ../Ntranos_Rotation/ESM-SaProt/AF-P03956-F1-model_v4.pdb.gz
INFO:2025-10-30 15:01:49,416:Successfully computed HSC for P03956.
INFO:2025-10-30 15:01:49,416:Processing P03971 with model AF-P03971-F1-model_v4.pdb
INFO:2025-10-30 15:01:49,505:Computing HSC features for: P03971, ENST00000221496, ../Ntranos_Rotation/ESM-SaProt/AF-P03971-F1-model_v4.pdb.gz
INFO:2025-10-30 15:03:02,854:Successfully computed HSC for P03971.
INFO:2025-10-30 15:03:02,854:Processing P03973 with model AF-P03973-F1-model_v4.pdb
INFO:2025-10-30 15:03:02,891:Computing HSC features for: P03973, ENST00000338380, ../Ntranos_Rotation/ESM-SaProt/AF-P03973-F1-model_v4.pdb.gz
INFO:2025-10-30 15:03:11,140:Successfully computed HSC for P03973.
INFO:2025-10-30 15:03:11,141:Processing P03979 with model AF-P03979-F1-model_v4.pdb
ERROR:2025-10-30 15:03:11,199:No valid CDS found for P03979
INFO:2025-10-30 15:03:11,199:Processing P03986 with model AF-P03986-F1-model_v4.pdb
ERROR:2025-10-30 15:03:11,239:No ENST transcript IDs were mapped to P03986
INFO:2025-10-30 15:03:11,239:Processing P03999 with model AF-P03999-F1-model_v4.pdb
ERROR:2025-10-30 15:03:11,314:No valid CDS found for P03999
INFO:2025-10-30 15:03:11,314:Processing P04000 with model AF-P04000-F1-model_v4.pdb
INFO:2025-10-30 15:03:11,394:Computing HSC features for: P04000, ENST00000369951, ../Ntranos_Rotation/ESM-SaProt/AF-P04000-F1-model_v4.pdb.gz
INFO:2025-10-30 15:03:42,546:Successfully computed HSC for P04000.
INFO:2025-10-30 15:03:42,546:Processing P04001 with model AF-P04001-F1-model_v4.pdb
ERROR:2025-10-30 15:03:42,622:No transcript record found for P04001 in gnomAD.
INFO:2025-10-30 15:03:42,622:Processing P04003 with model AF-P04003-F1-model_v4.pdb
INFO:2025-10-30 15:03:42,709:Computing HSC features for: P04003, ENST00000367070, ../Ntranos_Rotation/ESM-SaProt/AF-P04003-F1-model_v4.pdb.gz
INFO:2025-10-30 15:04:21,767:Successfully computed HSC for P04003.
INFO:2025-10-30 15:04:21,767:Processing P04004 with model AF-P04004-F1-model_v4.pdb
INFO:2025-10-30 15:04:21,838:Computing HSC features for: P04004, ENST00000226218, ../Ntranos_Rotation/ESM-SaProt/AF-P04004-F1-model_v4.pdb.gz
INFO:2025-10-30 15:05:02,722:Successfully computed HSC for P04004.
INFO:2025-10-30 15:05:02,722:Processing P04035 with model AF-P04035-F1-model_v4.pdb
INFO:2025-10-30 15:05:02,848:Computing HSC features for: P04035, ENST00000287936, ../Ntranos_Rotation/ESM-SaProt/AF-P04035-F1-model_v4.pdb.gz
INFO:2025-10-30 15:05:59,870:Successfully computed HSC for P04035.
INFO:2025-10-30 15:05:59,870:Processing P04040 with model AF-P04040-F1-model_v4.pdb
INFO:2025-10-30 15:06:00,034:Computing HSC features for: P04040, ENST00000241052, ../Ntranos_Rotation/ESM-SaProt/AF-P04040-F1-model_v4.pdb.gz
INFO:2025-10-30 15:06:40,028:Successfully computed HSC for P04040.
INFO:2025-10-30 15:06:40,028:Processing P04049 with model AF-P04049-F1-model_v4.pdb
ERROR:2025-10-30 15:06:40,120:No transcript record found for P04049 in gnomAD.
INFO:2025-10-30 15:06:40,121:Processing P04053 with model AF-P04053-F1-model_v4.pdb
INFO:2025-10-30 15:06:40,178:Computing HSC features for: P04053, ENST00000371174, ../Ntranos_Rotation/ESM-SaProt/AF-P04053-F1-model_v4.pdb.gz
INFO:2025-10-30 15:07:16,178:Successfully computed HSC for P04053.
INFO:2025-10-30 15:07:16,178:Processing P04054 with model AF-P04054-F1-model_v4.pdb
INFO:2025-10-30 15:07:16,210:Computing HSC features for: P04054, ENST00000308366, ../Ntranos_Rotation/ESM-SaProt/AF-P04054-F1-model_v4.pdb.gz
INFO:2025-10-30 15:07:28,875:Successfully computed HSC for P04054.
INFO:2025-10-30 15:07:28,875:Processing P04062 with model AF-P04062-F1-model_v4.pdb
INFO:2025-10-30 15:07:28,962:Computing HSC features for: P04062, ENST00000327247, ../Ntranos_Rotation/ESM-SaProt/AF-P04062-F1-model_v4.pdb.gz
INFO:2025-10-30 15:08:09,531:Successfully computed HSC for P04062.
INFO:2025-10-30 15:08:09,531:Processing P04066 with model AF-P04066-F1-model_v4.pdb
INFO:2025-10-30 15:08:09,619:Computing HSC features for: P04066, ENST00000374479, ../Ntranos_Rotation/ESM-SaProt/AF-P04066-F1-model_v4.pdb.gz
INFO:2025-10-30 15:08:50,014:Successfully computed HSC for P04066.
INFO:2025-10-30 15:08:50,014:Processing P04070 with model AF-P04070-F1-model_v4.pdb
INFO:2025-10-30 15:08:50,096:Computing HSC features for: P04070, ENST00000234071, ../Ntranos_Rotation/ESM-SaProt/AF-P04070-F1-model_v4.pdb.gz
INFO:2025-10-30 15:09:34,809:Successfully computed HSC for P04070.
INFO:2025-10-30 15:09:34,809:Processing P04075 with model AF-P04075-F1-model_v4.pdb
INFO:2025-10-30 15:09:34,862:Computing HSC features for: P04075, ENST00000412304, ../Ntranos_Rotation/ESM-SaProt/AF-P04075-F1-model_v4.pdb.gz
INFO:2025-10-30 15:10:06,896:Successfully computed HSC for P04075.
INFO:2025-10-30 15:10:06,896:Processing P04080 with model AF-P04080-F1-model_v4.pdb
INFO:2025-10-30 15:10:06,924:Computing HSC features for: P04080, ENST00000291568, ../Ntranos_Rotation/ESM-SaProt/AF-P04080-F1-model_v4.pdb.gz
INFO:2025-10-30 15:10:17,074:Successfully computed HSC for P04080.
INFO:2025-10-30 15:10:17,074:Processing P04083 with model AF-P04083-F1-model_v4.pdb
INFO:2025-10-30 15:10:17,126:Computing HSC features for: P04083, ENST00000257497, ../Ntranos_Rotation/ESM-SaProt/AF-P04083-F1-model_v4.pdb.gz
INFO:2025-10-30 15:10:39,982:Successfully computed HSC for P04083.
INFO:2025-10-30 15:10:39,982:Processing P04085 with model AF-P04085-F1-model_v4.pdb
INFO:2025-10-30 15:10:40,035:Computing HSC features for: P04085, ENST00000354513, ../Ntranos_Rotation/ESM-SaProt/AF-P04085-F1-model_v4.pdb.gz
INFO:2025-10-30 15:11:02,068:Successfully computed HSC for P04085.
INFO:2025-10-30 15:11:02,068:Processing P04090 with model AF-P04090-F1-model_v4.pdb
INFO:2025-10-30 15:11:02,113:Computing HSC features for: P04090, ENST00000381627, ../Ntranos_Rotation/ESM-SaProt/AF-P04090-F1-model_v4.pdb.gz
INFO:2025-10-30 15:11:15,032:Successfully computed HSC for P04090.
INFO:2025-10-30 15:11:15,032:Processing P04114 with model AF-P04114-F1-model_v4.pdb
ERROR:2025-10-30 15:11:15,180:No valid CDS found for P04114
INFO:2025-10-30 15:11:15,180:Processing P04118 with model AF-P04118-F1-model_v4.pdb
INFO:2025-10-30 15:11:15,224:Computing HSC features for: P04118, ENST00000259938, ../Ntranos_Rotation/ESM-SaProt/AF-P04118-F1-model_v4.pdb.gz
INFO:2025-10-30 15:11:24,762:Successfully computed HSC for P04118.
INFO:2025-10-30 15:11:24,762:Processing P04141 with model AF-P04141-F1-model_v4.pdb
INFO:2025-10-30 15:11:24,803:Computing HSC features for: P04141, ENST00000296871, ../Ntranos_Rotation/ESM-SaProt/AF-P04141-F1-model_v4.pdb.gz
INFO:2025-10-30 15:11:35,681:Successfully computed HSC for P04141.
INFO:2025-10-30 15:11:35,681:Processing P04150 with model AF-P04150-F1-model_v4.pdb
INFO:2025-10-30 15:11:35,765:Computing HSC features for: P04150, ENST00000343796, ../Ntranos_Rotation/ESM-SaProt/AF-P04150-F1-model_v4.pdb.gz
INFO:2025-10-30 15:12:22,813:Successfully computed HSC for P04150.
INFO:2025-10-30 15:12:22,813:Processing P04155 with model AF-P04155-F1-model_v4.pdb
INFO:2025-10-30 15:12:22,844:Computing HSC features for: P04155, ENST00000291527, ../Ntranos_Rotation/ESM-SaProt/AF-P04155-F1-model_v4.pdb.gz
INFO:2025-10-30 15:12:30,858:Successfully computed HSC for P04155.
INFO:2025-10-30 15:12:30,858:Processing P04156 with model AF-P04156-F1-model_v4.pdb
INFO:2025-10-30 15:12:30,898:Computing HSC features for: P04156, ENST00000379440, ../Ntranos_Rotation/ESM-SaProt/AF-P04156-F1-model_v4.pdb.gz
INFO:2025-10-30 15:12:51,450:Successfully computed HSC for P04156.
INFO:2025-10-30 15:12:51,450:Processing P04179 with model AF-P04179-F1-model_v4.pdb
INFO:2025-10-30 15:12:51,517:Computing HSC features for: P04179, ENST00000367055, ../Ntranos_Rotation/ESM-SaProt/AF-P04179-F1-model_v4.pdb.gz
INFO:2025-10-30 15:13:08,976:Successfully computed HSC for P04179.
INFO:2025-10-30 15:13:08,976:Processing P04180 with model AF-P04180-F1-model_v4.pdb
INFO:2025-10-30 15:13:09,042:Computing HSC features for: P04180, ENST00000264005, ../Ntranos_Rotation/ESM-SaProt/AF-P04180-F1-model_v4.pdb.gz
INFO:2025-10-30 15:13:48,326:Successfully computed HSC for P04180.
INFO:2025-10-30 15:13:48,327:Processing P04181 with model AF-P04181-F1-model_v4.pdb
INFO:2025-10-30 15:13:48,387:Computing HSC features for: P04181, ENST00000368845, ../Ntranos_Rotation/ESM-SaProt/AF-P04181-F1-model_v4.pdb.gz
INFO:2025-10-30 15:14:18,771:Successfully computed HSC for P04181.
INFO:2025-10-30 15:14:18,771:Processing P04183 with model AF-P04183-F1-model_v4.pdb
INFO:2025-10-30 15:14:18,816:Computing HSC features for: P04183, ENST00000301634, ../Ntranos_Rotation/ESM-SaProt/AF-P04183-F1-model_v4.pdb.gz
INFO:2025-10-30 15:14:40,795:Successfully computed HSC for P04183.
INFO:2025-10-30 15:14:40,795:Processing P04196 with model AF-P04196-F1-model_v4.pdb
INFO:2025-10-30 15:14:40,871:Computing HSC features for: P04196, ENST00000232003, ../Ntranos_Rotation/ESM-SaProt/AF-P04196-F1-model_v4.pdb.gz
INFO:2025-10-30 15:15:16,814:Successfully computed HSC for P04196.
INFO:2025-10-30 15:15:16,814:Processing P04198 with model AF-P04198-F1-model_v4.pdb
INFO:2025-10-30 15:15:16,874:Computing HSC features for: P04198, ENST00000281043, ../Ntranos_Rotation/ESM-SaProt/AF-P04198-F1-model_v4.pdb.gz
INFO:2025-10-30 15:16:14,416:Successfully computed HSC for P04198.
INFO:2025-10-30 15:16:14,416:Processing P04201 with model AF-P04201-F1-model_v4.pdb
INFO:2025-10-30 15:16:14,478:Computing HSC features for: P04201, ENST00000252660, ../Ntranos_Rotation/ESM-SaProt/AF-P04201-F1-model_v4.pdb.gz
INFO:2025-10-30 15:16:39,289:Successfully computed HSC for P04201.
INFO:2025-10-30 15:16:39,289:Processing P04211 with model AF-P04211-F1-model_v4.pdb
ERROR:2025-10-30 15:16:39,322:No valid CDS found for P04211
INFO:2025-10-30 15:16:39,322:Processing P04216 with model AF-P04216-F1-model_v4.pdb
INFO:2025-10-30 15:16:39,371:Computing HSC features for: P04216, ENST00000284240, ../Ntranos_Rotation/ESM-SaProt/AF-P04216-F1-model_v4.pdb.gz
INFO:2025-10-30 15:16:52,847:Successfully computed HSC for P04216.
INFO:2025-10-30 15:16:52,847:Processing P04217 with model AF-P04217-F1-model_v4.pdb
INFO:2025-10-30 15:16:52,909:Computing HSC features for: P04217, ENST00000263100, ../Ntranos_Rotation/ESM-SaProt/AF-P04217-F1-model_v4.pdb.gz
INFO:2025-10-30 15:17:48,142:Successfully computed HSC for P04217.
INFO:2025-10-30 15:17:48,142:Processing P04233 with model AF-P04233-F1-model_v4.pdb
INFO:2025-10-30 15:17:48,195:Computing HSC features for: P04233, ENST00000009530, ../Ntranos_Rotation/ESM-SaProt/AF-P04233-F1-model_v4.pdb.gz
INFO:2025-10-30 15:18:12,563:Successfully computed HSC for P04233.
INFO:2025-10-30 15:18:12,563:Processing P04234 with model AF-P04234-F1-model_v4.pdb
INFO:2025-10-30 15:18:12,596:Computing HSC features for: P04234, ENST00000300692, ../Ntranos_Rotation/ESM-SaProt/AF-P04234-F1-model_v4.pdb.gz
INFO:2025-10-30 15:18:25,196:Successfully computed HSC for P04234.
INFO:2025-10-30 15:18:25,196:Processing P04259 with model AF-P04259-F1-model_v4.pdb
INFO:2025-10-30 15:18:25,276:Computing HSC features for: P04259, ENST00000252252, ../Ntranos_Rotation/ESM-SaProt/AF-P04259-F1-model_v4.pdb.gz
INFO:2025-10-30 15:19:10,208:Successfully computed HSC for P04259.
INFO:2025-10-30 15:19:10,208:Processing P04264 with model AF-P04264-F1-model_v4.pdb
INFO:2025-10-30 15:19:10,281:Computing HSC features for: P04264, ENST00000252244, ../Ntranos_Rotation/ESM-SaProt/AF-P04264-F1-model_v4.pdb.gz
INFO:2025-10-30 15:19:59,089:Successfully computed HSC for P04264.
INFO:2025-10-30 15:19:59,089:Pipeline completed.
INFO:2025-10-30 15:19:59,089:no_enst_for_uniprot: 1
INFO:2025-10-30 15:19:59,089:no_valid_cds: 7
INFO:2025-10-30 15:19:59,089:no_variant_data: 3
INFO:2025-10-30 15:19:59,089:bad_structure: 0
INFO:2025-10-30 15:19:59,089:no_enst_mp: 0
