INFO:2025-10-30 14:27:04,377:Starting HSC computation pipeline...
INFO:2025-10-30 14:27:59,791:Processing Q92953 with model AF-Q92953-F1-model_v4.pdb
INFO:2025-10-30 14:27:59,962:Computing HSC features for: Q92953, ENST00000523207, ../Ntranos_Rotation/ESM-SaProt/AF-Q92953-F1-model_v4.pdb.gz
INFO:2025-10-30 14:29:08,363:Successfully computed HSC for Q92953.
INFO:2025-10-30 14:29:08,363:Processing Q92954 with model AF-Q92954-F1-model_v4.pdb
INFO:2025-10-30 14:29:08,527:Computing HSC features for: Q92954, ENST00000445192, ../Ntranos_Rotation/ESM-SaProt/AF-Q92954-F1-model_v4.pdb.gz
INFO:2025-10-30 14:30:38,145:Successfully computed HSC for Q92954.
INFO:2025-10-30 14:30:38,145:Processing Q92956 with model AF-Q92956-F1-model_v4.pdb
INFO:2025-10-30 14:30:38,235:Computing HSC features for: Q92956, ENST00000355716, ../Ntranos_Rotation/ESM-SaProt/AF-Q92956-F1-model_v4.pdb.gz
INFO:2025-10-30 14:31:25,572:Successfully computed HSC for Q92956.
INFO:2025-10-30 14:31:25,572:Processing Q92959 with model AF-Q92959-F1-model_v4.pdb
INFO:2025-10-30 14:31:25,732:Computing HSC features for: Q92959, ENST00000310926, ../Ntranos_Rotation/ESM-SaProt/AF-Q92959-F1-model_v4.pdb.gz
INFO:2025-10-30 14:32:17,810:Successfully computed HSC for Q92959.
INFO:2025-10-30 14:32:17,810:Processing Q92737 with model AF-Q92737-F1-model_v4.pdb
INFO:2025-10-30 14:32:17,868:Computing HSC features for: Q92737, ENST00000216101, ../Ntranos_Rotation/ESM-SaProt/AF-Q92737-F1-model_v4.pdb.gz
INFO:2025-10-30 14:32:46,965:Successfully computed HSC for Q92737.
INFO:2025-10-30 14:32:46,965:Processing Q92738 with model AF-Q92738-F1-model_v4.pdb
INFO:2025-10-30 14:32:47,129:Computing HSC features for: Q92738, ENST00000609104, ../Ntranos_Rotation/ESM-SaProt/AF-Q92738-F1-model_v4.pdb.gz
INFO:2025-10-30 14:33:58,779:Successfully computed HSC for Q92738.
INFO:2025-10-30 14:33:58,779:Processing Q92743 with model AF-Q92743-F1-model_v4.pdb
INFO:2025-10-30 14:33:58,908:Computing HSC features for: Q92743, ENST00000368984, ../Ntranos_Rotation/ESM-SaProt/AF-Q92743-F1-model_v4.pdb.gz
INFO:2025-10-30 14:34:52,120:Successfully computed HSC for Q92743.
INFO:2025-10-30 14:34:52,120:Processing Q92747 with model AF-Q92747-F1-model_v4.pdb
INFO:2025-10-30 14:34:52,223:Computing HSC features for: Q92747, ENST00000262942, ../Ntranos_Rotation/ESM-SaProt/AF-Q92747-F1-model_v4.pdb.gz
INFO:2025-10-30 14:35:20,231:Successfully computed HSC for Q92747.
INFO:2025-10-30 14:35:20,231:Processing Q92748 with model AF-Q92748-F1-model_v4.pdb
INFO:2025-10-30 14:35:20,286:Computing HSC features for: Q92748, ENST00000281030, ../Ntranos_Rotation/ESM-SaProt/AF-Q92748-F1-model_v4.pdb.gz
INFO:2025-10-30 14:35:32,365:Successfully computed HSC for Q92748.
INFO:2025-10-30 14:35:32,365:Processing Q92750 with model AF-Q92750-F1-model_v4.pdb
INFO:2025-10-30 14:35:32,501:Computing HSC features for: Q92750, ENST00000269142, ../Ntranos_Rotation/ESM-SaProt/AF-Q92750-F1-model_v4.pdb.gz
INFO:2025-10-30 14:36:27,186:Successfully computed HSC for Q92750.
INFO:2025-10-30 14:36:27,187:Processing Q92752 with model AF-Q92752-F1-model_v4.pdb
INFO:2025-10-30 14:36:27,442:Computing HSC features for: Q92752, ENST00000367674, ../Ntranos_Rotation/ESM-SaProt/AF-Q92752-F1-model_v4.pdb.gz
INFO:2025-10-30 14:38:07,878:Successfully computed HSC for Q92752.
INFO:2025-10-30 14:38:07,878:Processing Q92753 with model AF-Q92753-F1-model_v4.pdb
INFO:2025-10-30 14:38:07,977:Computing HSC features for: Q92753, ENST00000396204, ../Ntranos_Rotation/ESM-SaProt/AF-Q92753-F1-model_v4.pdb.gz
INFO:2025-10-30 14:38:38,490:Successfully computed HSC for Q92753.
INFO:2025-10-30 14:38:38,490:Processing Q92754 with model AF-Q92754-F1-model_v4.pdb
INFO:2025-10-30 14:38:38,575:Computing HSC features for: Q92754, ENST00000201031, ../Ntranos_Rotation/ESM-SaProt/AF-Q92754-F1-model_v4.pdb.gz
INFO:2025-10-30 14:39:19,931:Successfully computed HSC for Q92754.
INFO:2025-10-30 14:39:19,931:Processing Q92759 with model AF-Q92759-F1-model_v4.pdb
INFO:2025-10-30 14:39:20,043:Computing HSC features for: Q92759, ENST00000259895, ../Ntranos_Rotation/ESM-SaProt/AF-Q92759-F1-model_v4.pdb.gz
INFO:2025-10-30 14:40:00,623:Successfully computed HSC for Q92759.
INFO:2025-10-30 14:40:00,624:Processing Q92764 with model AF-Q92764-F1-model_v4.pdb
ERROR:2025-10-30 14:40:00,722:No valid CDS found for Q92764
INFO:2025-10-30 14:40:00,722:Processing Q92765 with model AF-Q92765-F1-model_v4.pdb
INFO:2025-10-30 14:40:00,789:Computing HSC features for: Q92765, ENST00000295113, ../Ntranos_Rotation/ESM-SaProt/AF-Q92765-F1-model_v4.pdb.gz
INFO:2025-10-30 14:40:33,051:Successfully computed HSC for Q92765.
INFO:2025-10-30 14:40:33,051:Processing Q92766 with model AF-Q92766-F1-model_v4.pdb
INFO:2025-10-30 14:40:33,218:Computing HSC features for: Q92766, ENST00000349384, ../Ntranos_Rotation/ESM-SaProt/AF-Q92766-F1-model_v4.pdb.gz
INFO:2025-10-30 14:43:05,883:Successfully computed HSC for Q92766.
INFO:2025-10-30 14:43:05,883:Processing Q92769 with model AF-Q92769-F1-model_v4.pdb
INFO:2025-10-30 14:43:05,982:Computing HSC features for: Q92769, ENST00000519065, ../Ntranos_Rotation/ESM-SaProt/AF-Q92769-F1-model_v4.pdb.gz
INFO:2025-10-30 14:43:35,171:Successfully computed HSC for Q92769.
INFO:2025-10-30 14:43:35,171:Processing Q92771 with model AF-Q92771-F1-model_v4.pdb
ERROR:2025-10-30 14:43:35,347:No ENST transcript IDs were mapped to Q92771
INFO:2025-10-30 14:43:35,347:Processing Q92772 with model AF-Q92772-F1-model_v4.pdb
INFO:2025-10-30 14:43:35,472:Computing HSC features for: Q92772, ENST00000429927, ../Ntranos_Rotation/ESM-SaProt/AF-Q92772-F1-model_v4.pdb.gz
INFO:2025-10-30 14:44:16,125:Successfully computed HSC for Q92772.
INFO:2025-10-30 14:44:16,125:Processing Q92777 with model AF-Q92777-F1-model_v4.pdb
ERROR:2025-10-30 14:44:16,228:No transcript record found for Q92777 in gnomAD.
INFO:2025-10-30 14:44:16,228:Processing Q92781 with model AF-Q92781-F1-model_v4.pdb
INFO:2025-10-30 14:44:16,304:Computing HSC features for: Q92781, ENST00000257895, ../Ntranos_Rotation/ESM-SaProt/AF-Q92781-F1-model_v4.pdb.gz
INFO:2025-10-30 14:44:58,328:Successfully computed HSC for Q92781.
INFO:2025-10-30 14:44:58,328:Processing Q92782 with model AF-Q92782-F1-model_v4.pdb
ERROR:2025-10-30 14:44:58,408:No valid CDS found for Q92782
INFO:2025-10-30 14:44:58,408:Processing Q92783 with model AF-Q92783-F1-model_v4.pdb
INFO:2025-10-30 14:44:58,511:Computing HSC features for: Q92783, ENST00000377524, ../Ntranos_Rotation/ESM-SaProt/AF-Q92783-F1-model_v4.pdb.gz
INFO:2025-10-30 14:45:31,768:Successfully computed HSC for Q92783.
INFO:2025-10-30 14:45:31,768:Processing Q92784 with model AF-Q92784-F1-model_v4.pdb
INFO:2025-10-30 14:45:31,865:Computing HSC features for: Q92784, ENST00000556509, ../Ntranos_Rotation/ESM-SaProt/AF-Q92784-F1-model_v4.pdb.gz
INFO:2025-10-30 14:46:08,005:Successfully computed HSC for Q92784.
INFO:2025-10-30 14:46:08,005:Processing Q92785 with model AF-Q92785-F1-model_v4.pdb
INFO:2025-10-30 14:46:08,081:Computing HSC features for: Q92785, ENST00000528416, ../Ntranos_Rotation/ESM-SaProt/AF-Q92785-F1-model_v4.pdb.gz
INFO:2025-10-30 14:46:40,198:Successfully computed HSC for Q92785.
INFO:2025-10-30 14:46:40,198:Processing Q92786 with model AF-Q92786-F1-model_v4.pdb
INFO:2025-10-30 14:46:40,526:Computing HSC features for: Q92786, ENST00000435016, ../Ntranos_Rotation/ESM-SaProt/AF-Q92786-F1-model_v4.pdb.gz
INFO:2025-10-30 14:47:52,001:Successfully computed HSC for Q92786.
INFO:2025-10-30 14:47:52,002:Processing Q92791 with model AF-Q92791-F1-model_v4.pdb
INFO:2025-10-30 14:47:52,064:Computing HSC features for: Q92791, ENST00000355468, ../Ntranos_Rotation/ESM-SaProt/AF-Q92791-F1-model_v4.pdb.gz
INFO:2025-10-30 14:48:40,508:Successfully computed HSC for Q92791.
INFO:2025-10-30 14:48:40,508:Processing Q92793 with model AF-Q92793-F1-model_v4.pdb
INFO:2025-10-30 14:48:41,068:Computing HSC features for: Q92793, ENST00000262367, ../Ntranos_Rotation/ESM-SaProt/AF-Q92793-F1-model_v4.pdb.gz
INFO:2025-10-30 14:53:10,354:Successfully computed HSC for Q92793.
INFO:2025-10-30 14:53:10,355:Processing Q92794 with model AF-Q92794-F1-model_v4.pdb
INFO:2025-10-30 14:53:10,714:Computing HSC features for: Q92794, ENST00000265713, ../Ntranos_Rotation/ESM-SaProt/AF-Q92794-F1-model_v4.pdb.gz
INFO:2025-10-30 14:55:58,244:Successfully computed HSC for Q92794.
INFO:2025-10-30 14:55:58,244:Processing Q92796 with model AF-Q92796-F1-model_v4.pdb
INFO:2025-10-30 14:55:58,394:Computing HSC features for: Q92796, ENST00000374360, ../Ntranos_Rotation/ESM-SaProt/AF-Q92796-F1-model_v4.pdb.gz
INFO:2025-10-30 14:57:55,796:Successfully computed HSC for Q92796.
INFO:2025-10-30 14:57:55,797:Processing Q92797 with model AF-Q92797-F1-model_v4.pdb
INFO:2025-10-30 14:57:56,047:Computing HSC features for: Q92797, ENST00000245934, ../Ntranos_Rotation/ESM-SaProt/AF-Q92797-F1-model_v4.pdb.gz
INFO:2025-10-30 15:00:26,967:Successfully computed HSC for Q92797.
INFO:2025-10-30 15:00:26,968:Processing Q92800 with model AF-Q92800-F1-model_v4.pdb
INFO:2025-10-30 15:00:27,129:Computing HSC features for: Q92800, ENST00000428826, ../Ntranos_Rotation/ESM-SaProt/AF-Q92800-F1-model_v4.pdb.gz
INFO:2025-10-30 15:01:16,670:Successfully computed HSC for Q92800.
INFO:2025-10-30 15:01:16,671:Processing Q92802 with model AF-Q92802-F1-model_v4.pdb
INFO:2025-10-30 15:01:16,797:Computing HSC features for: Q92802, ENST00000267068, ../Ntranos_Rotation/ESM-SaProt/AF-Q92802-F1-model_v4.pdb.gz
INFO:2025-10-30 15:02:15,715:Successfully computed HSC for Q92802.
INFO:2025-10-30 15:02:15,715:Processing Q92804 with model AF-Q92804-F1-model_v4.pdb
ERROR:2025-10-30 15:02:15,822:No transcript record found for Q92804 in gnomAD.
INFO:2025-10-30 15:02:15,822:Processing Q92805 with model AF-Q92805-F1-model_v4.pdb
INFO:2025-10-30 15:02:15,968:Computing HSC features for: Q92805, ENST00000373555, ../Ntranos_Rotation/ESM-SaProt/AF-Q92805-F1-model_v4.pdb.gz
INFO:2025-10-30 15:03:34,354:Successfully computed HSC for Q92805.
INFO:2025-10-30 15:03:34,354:Processing Q92806 with model AF-Q92806-F1-model_v4.pdb
INFO:2025-10-30 15:03:34,414:Computing HSC features for: Q92806, ENST00000368088, ../Ntranos_Rotation/ESM-SaProt/AF-Q92806-F1-model_v4.pdb.gz
INFO:2025-10-30 15:04:48,095:Successfully computed HSC for Q92806.
INFO:2025-10-30 15:04:48,095:Processing Q92817 with model AF-Q92817-F1-model_v4.pdb
ERROR:2025-10-30 15:04:48,419:No valid CDS found for Q92817
INFO:2025-10-30 15:04:48,419:Processing Q92819 with model AF-Q92819-F1-model_v4.pdb
INFO:2025-10-30 15:04:48,519:Computing HSC features for: Q92819, ENST00000303924, ../Ntranos_Rotation/ESM-SaProt/AF-Q92819-F1-model_v4.pdb.gz
INFO:2025-10-30 15:05:29,930:Successfully computed HSC for Q92819.
INFO:2025-10-30 15:05:29,930:Processing Q92820 with model AF-Q92820-F1-model_v4.pdb
INFO:2025-10-30 15:05:30,009:Computing HSC features for: Q92820, ENST00000260118, ../Ntranos_Rotation/ESM-SaProt/AF-Q92820-F1-model_v4.pdb.gz
INFO:2025-10-30 15:05:49,120:Successfully computed HSC for Q92820.
INFO:2025-10-30 15:05:49,120:Processing Q92823 with model AF-Q92823-F1-model_v4.pdb
INFO:2025-10-30 15:05:49,281:Computing HSC features for: Q92823, ENST00000379028, ../Ntranos_Rotation/ESM-SaProt/AF-Q92823-F1-model_v4.pdb.gz
INFO:2025-10-30 15:07:05,363:Successfully computed HSC for Q92823.
INFO:2025-10-30 15:07:05,364:Processing Q92824 with model AF-Q92824-F1-model_v4.pdb
INFO:2025-10-30 15:07:05,554:Computing HSC features for: Q92824, ENST00000545128, ../Ntranos_Rotation/ESM-SaProt/AF-Q92824-F1-model_v4.pdb.gz
INFO:2025-10-30 15:10:07,771:Successfully computed HSC for Q92824.
INFO:2025-10-30 15:10:07,771:Processing Q92826 with model AF-Q92826-F1-model_v4.pdb
INFO:2025-10-30 15:10:07,851:Computing HSC features for: Q92826, ENST00000290295, ../Ntranos_Rotation/ESM-SaProt/AF-Q92826-F1-model_v4.pdb.gz
INFO:2025-10-30 15:10:33,566:Successfully computed HSC for Q92826.
INFO:2025-10-30 15:10:33,567:Processing Q92828 with model AF-Q92828-F1-model_v4.pdb
INFO:2025-10-30 15:10:33,647:Computing HSC features for: Q92828, ENST00000343933, ../Ntranos_Rotation/ESM-SaProt/AF-Q92828-F1-model_v4.pdb.gz
INFO:2025-10-30 15:11:32,501:Successfully computed HSC for Q92828.
INFO:2025-10-30 15:11:32,501:Processing Q92830 with model AF-Q92830-F1-model_v4.pdb
INFO:2025-10-30 15:11:32,799:Computing HSC features for: Q92830, ENST00000225916, ../Ntranos_Rotation/ESM-SaProt/AF-Q92830-F1-model_v4.pdb.gz
INFO:2025-10-30 15:13:40,936:Successfully computed HSC for Q92830.
INFO:2025-10-30 15:13:40,936:Processing Q92831 with model AF-Q92831-F1-model_v4.pdb
INFO:2025-10-30 15:13:41,106:Computing HSC features for: Q92831, ENST00000263754, ../Ntranos_Rotation/ESM-SaProt/AF-Q92831-F1-model_v4.pdb.gz
INFO:2025-10-30 15:15:33,750:Successfully computed HSC for Q92831.
INFO:2025-10-30 15:15:33,750:Processing Q92832 with model AF-Q92832-F1-model_v4.pdb
INFO:2025-10-30 15:15:33,884:Computing HSC features for: Q92832, ENST00000357134, ../Ntranos_Rotation/ESM-SaProt/AF-Q92832-F1-model_v4.pdb.gz
INFO:2025-10-30 15:16:41,267:Successfully computed HSC for Q92832.
INFO:2025-10-30 15:16:41,267:Processing Q92833 with model AF-Q92833-F1-model_v4.pdb
INFO:2025-10-30 15:16:41,422:Computing HSC features for: Q92833, ENST00000341776, ../Ntranos_Rotation/ESM-SaProt/AF-Q92833-F1-model_v4.pdb.gz
INFO:2025-10-30 15:18:42,403:Successfully computed HSC for Q92833.
INFO:2025-10-30 15:18:42,403:Processing Q92834 with model AF-Q92834-F1-model_v4.pdb
INFO:2025-10-30 15:18:42,577:Computing HSC features for: Q92834, ENST00000339363, ../Ntranos_Rotation/ESM-SaProt/AF-Q92834-F1-model_v4.pdb.gz
INFO:2025-10-30 15:20:05,328:Successfully computed HSC for Q92834.
INFO:2025-10-30 15:20:05,329:Processing Q92835 with model AF-Q92835-F1-model_v4.pdb
INFO:2025-10-30 15:20:05,568:Computing HSC features for: Q92835, ENST00000445964, ../Ntranos_Rotation/ESM-SaProt/AF-Q92835-F1-model_v4.pdb.gz
INFO:2025-10-30 15:21:48,056:Successfully computed HSC for Q92835.
INFO:2025-10-30 15:21:48,056:Pipeline completed.
INFO:2025-10-30 15:21:48,056:no_enst_for_uniprot: 1
INFO:2025-10-30 15:21:48,056:no_valid_cds: 3
INFO:2025-10-30 15:21:48,056:no_variant_data: 2
INFO:2025-10-30 15:21:48,056:bad_structure: 0
INFO:2025-10-30 15:21:48,056:no_enst_mp: 0
