INFO:2025-10-30 14:59:04,097:Starting HSC computation pipeline...
INFO:2025-10-30 15:00:06,937:Processing O15041 with model AF-O15041-F1-model_v4.pdb
ERROR:2025-10-30 15:00:07,099:No transcript record found for O15041 in gnomAD.
INFO:2025-10-30 15:00:07,099:Processing O15042 with model AF-O15042-F1-model_v4.pdb
INFO:2025-10-30 15:00:07,612:Computing HSC features for: O15042, ENST00000473835, ../Ntranos_Rotation/ESM-SaProt/AF-O15042-F1-model_v4.pdb.gz
INFO:2025-10-30 15:01:37,614:Successfully computed HSC for O15042.
INFO:2025-10-30 15:01:37,614:Processing O15047 with model AF-O15047-F1-model_v4.pdb
ERROR:2025-10-30 15:01:37,863:No transcript record found for O15047 in gnomAD.
INFO:2025-10-30 15:01:37,863:Processing O14786 with model AF-O14786-F1-model_v4.pdb
INFO:2025-10-30 15:01:38,367:Computing HSC features for: O14786, ENST00000265371, ../Ntranos_Rotation/ESM-SaProt/AF-O14786-F1-model_v4.pdb.gz
INFO:2025-10-30 15:03:11,695:Successfully computed HSC for O14786.
INFO:2025-10-30 15:03:11,696:Processing O14787 with model AF-O14787-F1-model_v4.pdb
INFO:2025-10-30 15:03:11,794:Computing HSC features for: O14787, ENST00000425528, ../Ntranos_Rotation/ESM-SaProt/AF-O14787-F1-model_v4.pdb.gz
INFO:2025-10-30 15:04:24,082:Successfully computed HSC for O14787.
INFO:2025-10-30 15:04:24,082:Processing O14788 with model AF-O14788-F1-model_v4.pdb
INFO:2025-10-30 15:04:24,192:Computing HSC features for: O14788, ENST00000398795, ../Ntranos_Rotation/ESM-SaProt/AF-O14788-F1-model_v4.pdb.gz
INFO:2025-10-30 15:04:57,893:Successfully computed HSC for O14788.
INFO:2025-10-30 15:04:57,894:Processing O14791 with model AF-O14791-F1-model_v4.pdb
INFO:2025-10-30 15:04:57,974:Computing HSC features for: O14791, ENST00000397278, ../Ntranos_Rotation/ESM-SaProt/AF-O14791-F1-model_v4.pdb.gz
INFO:2025-10-30 15:05:35,816:Successfully computed HSC for O14791.
INFO:2025-10-30 15:05:35,816:Processing O14792 with model AF-O14792-F1-model_v4.pdb
INFO:2025-10-30 15:05:35,905:Computing HSC features for: O14792, ENST00000002596, ../Ntranos_Rotation/ESM-SaProt/AF-O14792-F1-model_v4.pdb.gz
INFO:2025-10-30 15:06:22,061:Successfully computed HSC for O14792.
INFO:2025-10-30 15:06:22,061:Processing O14793 with model AF-O14793-F1-model_v4.pdb
INFO:2025-10-30 15:06:22,188:Computing HSC features for: O14793, ENST00000260950, ../Ntranos_Rotation/ESM-SaProt/AF-O14793-F1-model_v4.pdb.gz
INFO:2025-10-30 15:06:54,913:Successfully computed HSC for O14793.
INFO:2025-10-30 15:06:54,913:Processing O14795 with model AF-O14795-F1-model_v4.pdb
INFO:2025-10-30 15:06:55,207:Computing HSC features for: O14795, ENST00000378495, ../Ntranos_Rotation/ESM-SaProt/AF-O14795-F1-model_v4.pdb.gz
INFO:2025-10-30 15:09:33,449:Successfully computed HSC for O14795.
INFO:2025-10-30 15:09:33,449:Processing O14796 with model AF-O14796-F1-model_v4.pdb
INFO:2025-10-30 15:09:33,524:Computing HSC features for: O14796, ENST00000367929, ../Ntranos_Rotation/ESM-SaProt/AF-O14796-F1-model_v4.pdb.gz
INFO:2025-10-30 15:09:45,641:Successfully computed HSC for O14796.
INFO:2025-10-30 15:09:45,641:Processing O14798 with model AF-O14798-F1-model_v4.pdb
INFO:2025-10-30 15:09:45,708:Computing HSC features for: O14798, ENST00000356864, ../Ntranos_Rotation/ESM-SaProt/AF-O14798-F1-model_v4.pdb.gz
INFO:2025-10-30 15:10:12,072:Successfully computed HSC for O14798.
INFO:2025-10-30 15:10:12,072:Processing O14802 with model AF-O14802-F1-model_v4.pdb
INFO:2025-10-30 15:10:12,277:Computing HSC features for: O14802, ENST00000372371, ../Ntranos_Rotation/ESM-SaProt/AF-O14802-F1-model_v4.pdb.gz
INFO:2025-10-30 15:12:34,841:Successfully computed HSC for O14802.
INFO:2025-10-30 15:12:34,842:Processing O14804 with model AF-O14804-F1-model_v4.pdb
INFO:2025-10-30 15:12:34,998:Computing HSC features for: O14804, ENST00000258034, ../Ntranos_Rotation/ESM-SaProt/AF-O14804-F1-model_v4.pdb.gz
INFO:2025-10-30 15:12:56,671:Successfully computed HSC for O14804.
INFO:2025-10-30 15:12:56,671:Processing O14807 with model AF-O14807-F1-model_v4.pdb
INFO:2025-10-30 15:12:56,732:Computing HSC features for: O14807, ENST00000289104, ../Ntranos_Rotation/ESM-SaProt/AF-O14807-F1-model_v4.pdb.gz
INFO:2025-10-30 15:13:14,398:Successfully computed HSC for O14807.
INFO:2025-10-30 15:13:14,398:Processing O14810 with model AF-O14810-F1-model_v4.pdb
INFO:2025-10-30 15:13:14,452:Computing HSC features for: O14810, ENST00000304062, ../Ntranos_Rotation/ESM-SaProt/AF-O14810-F1-model_v4.pdb.gz
INFO:2025-10-30 15:13:29,374:Successfully computed HSC for O14810.
INFO:2025-10-30 15:13:29,374:Processing O14813 with model AF-O14813-F1-model_v4.pdb
INFO:2025-10-30 15:13:29,903:Computing HSC features for: O14813, ENST00000298231, ../Ntranos_Rotation/ESM-SaProt/AF-O14813-F1-model_v4.pdb.gz
INFO:2025-10-30 15:14:08,221:Successfully computed HSC for O14813.
INFO:2025-10-30 15:14:08,222:Processing O14815 with model AF-O14815-F1-model_v4.pdb
INFO:2025-10-30 15:14:08,344:Computing HSC features for: O14815, ENST00000271971, ../Ntranos_Rotation/ESM-SaProt/AF-O14815-F1-model_v4.pdb.gz
INFO:2025-10-30 15:15:09,079:Successfully computed HSC for O14815.
INFO:2025-10-30 15:15:09,079:Processing O14817 with model AF-O14817-F1-model_v4.pdb
INFO:2025-10-30 15:15:09,148:Computing HSC features for: O14817, ENST00000397397, ../Ntranos_Rotation/ESM-SaProt/AF-O14817-F1-model_v4.pdb.gz
INFO:2025-10-30 15:15:31,070:Successfully computed HSC for O14817.
INFO:2025-10-30 15:15:31,070:Processing O14818 with model AF-O14818-F1-model_v4.pdb
INFO:2025-10-30 15:15:31,117:Computing HSC features for: O14818, ENST00000370873, ../Ntranos_Rotation/ESM-SaProt/AF-O14818-F1-model_v4.pdb.gz
INFO:2025-10-30 15:15:51,922:Successfully computed HSC for O14818.
INFO:2025-10-30 15:15:51,922:Processing O14827 with model AF-O14827-F1-model_v4.pdb
INFO:2025-10-30 15:15:52,266:Computing HSC features for: O14827, ENST00000265080, ../Ntranos_Rotation/ESM-SaProt/AF-O14827-F1-model_v4.pdb.gz
INFO:2025-10-30 15:17:20,233:Successfully computed HSC for O14827.
INFO:2025-10-30 15:17:20,233:Processing O14828 with model AF-O14828-F1-model_v4.pdb
INFO:2025-10-30 15:17:20,288:Computing HSC features for: O14828, ENST00000302631, ../Ntranos_Rotation/ESM-SaProt/AF-O14828-F1-model_v4.pdb.gz
INFO:2025-10-30 15:17:44,826:Successfully computed HSC for O14828.
INFO:2025-10-30 15:17:44,826:Processing O14829 with model AF-O14829-F1-model_v4.pdb
ERROR:2025-10-30 15:17:44,996:No transcript record found for O14829 in gnomAD.
INFO:2025-10-30 15:17:44,996:Processing O14830 with model AF-O14830-F1-model_v4.pdb
INFO:2025-10-30 15:17:45,151:Computing HSC features for: O14830, ENST00000286719, ../Ntranos_Rotation/ESM-SaProt/AF-O14830-F1-model_v4.pdb.gz
INFO:2025-10-30 15:19:00,553:Successfully computed HSC for O14830.
INFO:2025-10-30 15:19:00,553:Processing O14832 with model AF-O14832-F1-model_v4.pdb
INFO:2025-10-30 15:19:00,621:Computing HSC features for: O14832, ENST00000263038, ../Ntranos_Rotation/ESM-SaProt/AF-O14832-F1-model_v4.pdb.gz
INFO:2025-10-30 15:19:39,459:Successfully computed HSC for O14832.
INFO:2025-10-30 15:19:39,459:Processing O14836 with model AF-O14836-F1-model_v4.pdb
INFO:2025-10-30 15:19:39,526:Computing HSC features for: O14836, ENST00000261652, ../Ntranos_Rotation/ESM-SaProt/AF-O14836-F1-model_v4.pdb.gz
INFO:2025-10-30 15:20:11,817:Successfully computed HSC for O14836.
INFO:2025-10-30 15:20:11,817:Processing O14841 with model AF-O14841-F1-model_v4.pdb
ERROR:2025-10-30 15:20:12,000:No transcript record found for O14841 in gnomAD.
INFO:2025-10-30 15:20:12,000:Processing O14842 with model AF-O14842-F1-model_v4.pdb
INFO:2025-10-30 15:20:12,064:Computing HSC features for: O14842, ENST00000246553, ../Ntranos_Rotation/ESM-SaProt/AF-O14842-F1-model_v4.pdb.gz
INFO:2025-10-30 15:20:56,519:Successfully computed HSC for O14842.
INFO:2025-10-30 15:20:56,519:Processing O14843 with model AF-O14843-F1-model_v4.pdb
INFO:2025-10-30 15:20:56,591:Computing HSC features for: O14843, ENST00000327809, ../Ntranos_Rotation/ESM-SaProt/AF-O14843-F1-model_v4.pdb.gz
INFO:2025-10-30 15:21:34,346:Successfully computed HSC for O14843.
INFO:2025-10-30 15:21:34,346:Processing O14862 with model AF-O14862-F1-model_v4.pdb
ERROR:2025-10-30 15:21:34,409:No transcript record found for O14862 in gnomAD.
INFO:2025-10-30 15:21:34,409:Processing O14863 with model AF-O14863-F1-model_v4.pdb
INFO:2025-10-30 15:21:34,516:Computing HSC features for: O14863, ENST00000261867, ../Ntranos_Rotation/ESM-SaProt/AF-O14863-F1-model_v4.pdb.gz
INFO:2025-10-30 15:22:01,862:Successfully computed HSC for O14863.
INFO:2025-10-30 15:22:01,862:Processing O14867 with model AF-O14867-F1-model_v4.pdb
INFO:2025-10-30 15:22:01,960:Computing HSC features for: O14867, ENST00000286800, ../Ntranos_Rotation/ESM-SaProt/AF-O14867-F1-model_v4.pdb.gz
INFO:2025-10-30 15:22:43,648:Successfully computed HSC for O14867.
INFO:2025-10-30 15:22:43,648:Processing O14874 with model AF-O14874-F1-model_v4.pdb
INFO:2025-10-30 15:22:43,712:Computing HSC features for: O14874, ENST00000219794, ../Ntranos_Rotation/ESM-SaProt/AF-O14874-F1-model_v4.pdb.gz
INFO:2025-10-30 15:23:21,056:Successfully computed HSC for O14874.
INFO:2025-10-30 15:23:21,056:Processing O14879 with model AF-O14879-F1-model_v4.pdb
INFO:2025-10-30 15:23:21,125:Computing HSC features for: O14879, ENST00000371811, ../Ntranos_Rotation/ESM-SaProt/AF-O14879-F1-model_v4.pdb.gz
INFO:2025-10-30 15:23:46,783:Successfully computed HSC for O14879.
INFO:2025-10-30 15:23:46,783:Processing O14880 with model AF-O14880-F1-model_v4.pdb
INFO:2025-10-30 15:23:46,816:Computing HSC features for: O14880, ENST00000367884, ../Ntranos_Rotation/ESM-SaProt/AF-O14880-F1-model_v4.pdb.gz
INFO:2025-10-30 15:24:02,320:Successfully computed HSC for O14880.
INFO:2025-10-30 15:24:02,320:Processing O14893 with model AF-O14893-F1-model_v4.pdb
ERROR:2025-10-30 15:24:02,382:No valid CDS found for O14893
INFO:2025-10-30 15:24:02,382:Processing O14894 with model AF-O14894-F1-model_v4.pdb
INFO:2025-10-30 15:24:02,446:Computing HSC features for: O14894, ENST00000270560, ../Ntranos_Rotation/ESM-SaProt/AF-O14894-F1-model_v4.pdb.gz
INFO:2025-10-30 15:24:28,984:Successfully computed HSC for O14894.
INFO:2025-10-30 15:24:28,984:Processing O14896 with model AF-O14896-F1-model_v4.pdb
INFO:2025-10-30 15:24:29,063:Computing HSC features for: O14896, ENST00000367021, ../Ntranos_Rotation/ESM-SaProt/AF-O14896-F1-model_v4.pdb.gz
INFO:2025-10-30 15:25:01,290:Successfully computed HSC for O14896.
INFO:2025-10-30 15:25:01,290:Processing O14901 with model AF-O14901-F1-model_v4.pdb
INFO:2025-10-30 15:25:01,495:Computing HSC features for: O14901, ENST00000305883, ../Ntranos_Rotation/ESM-SaProt/AF-O14901-F1-model_v4.pdb.gz
INFO:2025-10-30 15:25:37,252:Successfully computed HSC for O14901.
INFO:2025-10-30 15:25:37,252:Processing O14904 with model AF-O14904-F1-model_v4.pdb
INFO:2025-10-30 15:25:37,299:Computing HSC features for: O14904, ENST00000272164, ../Ntranos_Rotation/ESM-SaProt/AF-O14904-F1-model_v4.pdb.gz
INFO:2025-10-30 15:26:14,040:Successfully computed HSC for O14904.
INFO:2025-10-30 15:26:14,040:Processing O14905 with model AF-O14905-F1-model_v4.pdb
INFO:2025-10-30 15:26:14,096:Computing HSC features for: O14905, ENST00000290015, ../Ntranos_Rotation/ESM-SaProt/AF-O14905-F1-model_v4.pdb.gz
INFO:2025-10-30 15:26:44,906:Successfully computed HSC for O14905.
INFO:2025-10-30 15:26:44,906:Processing O14907 with model AF-O14907-F1-model_v4.pdb
INFO:2025-10-30 15:26:44,933:Computing HSC features for: O14907, ENST00000225525, ../Ntranos_Rotation/ESM-SaProt/AF-O14907-F1-model_v4.pdb.gz
INFO:2025-10-30 15:26:55,666:Successfully computed HSC for O14907.
INFO:2025-10-30 15:26:55,666:Processing O14908 with model AF-O14908-F1-model_v4.pdb
INFO:2025-10-30 15:26:55,721:Computing HSC features for: O14908, ENST00000345425, ../Ntranos_Rotation/ESM-SaProt/AF-O14908-F1-model_v4.pdb.gz
INFO:2025-10-30 15:27:34,736:Successfully computed HSC for O14908.
INFO:2025-10-30 15:27:34,736:Processing O14910 with model AF-O14910-F1-model_v4.pdb
INFO:2025-10-30 15:27:34,797:Computing HSC features for: O14910, ENST00000552864, ../Ntranos_Rotation/ESM-SaProt/AF-O14910-F1-model_v4.pdb.gz
INFO:2025-10-30 15:27:50,885:Successfully computed HSC for O14910.
INFO:2025-10-30 15:27:50,885:Processing O14917 with model AF-O14917-F1-model_v4.pdb
INFO:2025-10-30 15:27:51,020:Computing HSC features for: O14917, ENST00000377918, ../Ntranos_Rotation/ESM-SaProt/AF-O14917-F1-model_v4.pdb.gz
INFO:2025-10-30 15:29:47,332:Successfully computed HSC for O14917.
INFO:2025-10-30 15:29:47,332:Processing O14920 with model AF-O14920-F1-model_v4.pdb
INFO:2025-10-30 15:29:47,459:Computing HSC features for: O14920, ENST00000520810, ../Ntranos_Rotation/ESM-SaProt/AF-O14920-F1-model_v4.pdb.gz
INFO:2025-10-30 15:31:05,318:Successfully computed HSC for O14920.
INFO:2025-10-30 15:31:05,318:Processing O14921 with model AF-O14921-F1-model_v4.pdb
INFO:2025-10-30 15:31:05,500:Computing HSC features for: O14921, ENST00000391995, ../Ntranos_Rotation/ESM-SaProt/AF-O14921-F1-model_v4.pdb.gz
INFO:2025-10-30 15:31:14,169:Successfully computed HSC for O14921.
INFO:2025-10-30 15:31:14,169:Processing O14924 with model AF-O14924-F1-model_v4.pdb
INFO:2025-10-30 15:31:14,315:Computing HSC features for: O14924, ENST00000344733, ../Ntranos_Rotation/ESM-SaProt/AF-O14924-F1-model_v4.pdb.gz
INFO:2025-10-30 15:33:24,161:Successfully computed HSC for O14924.
INFO:2025-10-30 15:33:24,161:Processing O14925 with model AF-O14925-F1-model_v4.pdb
ERROR:2025-10-30 15:33:24,204:No transcript record found for O14925 in gnomAD.
INFO:2025-10-30 15:33:24,205:Processing O14926 with model AF-O14926-F1-model_v4.pdb
INFO:2025-10-30 15:33:24,268:Computing HSC features for: O14926, ENST00000417245, ../Ntranos_Rotation/ESM-SaProt/AF-O14926-F1-model_v4.pdb.gz
INFO:2025-10-30 15:34:20,346:Successfully computed HSC for O14926.
INFO:2025-10-30 15:34:20,346:Pipeline completed.
INFO:2025-10-30 15:34:20,346:no_enst_for_uniprot: 0
INFO:2025-10-30 15:34:20,346:no_valid_cds: 1
INFO:2025-10-30 15:34:20,346:no_variant_data: 6
INFO:2025-10-30 15:34:20,346:bad_structure: 0
INFO:2025-10-30 15:34:20,346:no_enst_mp: 0
