INFO:2025-10-30 14:26:02,794:Starting HSC computation pipeline...
INFO:2025-10-30 14:27:12,163:Processing Q86V88 with model AF-Q86V88-F1-model_v4.pdb
INFO:2025-10-30 14:27:12,207:Computing HSC features for: Q86V88, ENST00000288087, ../Ntranos_Rotation/ESM-SaProt/AF-Q86V88-F1-model_v4.pdb.gz
INFO:2025-10-30 14:27:36,931:Successfully computed HSC for Q86V88.
INFO:2025-10-30 14:27:36,931:Processing Q86V97 with model AF-Q86V97-F1-model_v4.pdb
INFO:2025-10-30 14:27:37,050:Computing HSC features for: Q86V97, ENST00000379485, ../Ntranos_Rotation/ESM-SaProt/AF-Q86V97-F1-model_v4.pdb.gz
INFO:2025-10-30 14:28:41,648:Successfully computed HSC for Q86V97.
INFO:2025-10-30 14:28:41,648:Processing Q86VB7 with model AF-Q86VB7-F1-model_v4.pdb
INFO:2025-10-30 14:28:41,814:Computing HSC features for: Q86VB7, ENST00000359156, ../Ntranos_Rotation/ESM-SaProt/AF-Q86VB7-F1-model_v4.pdb.gz
INFO:2025-10-30 14:30:11,230:Successfully computed HSC for Q86VB7.
INFO:2025-10-30 14:30:11,230:Processing Q86VD1 with model AF-Q86VD1-F1-model_v4.pdb
INFO:2025-10-30 14:30:11,459:Computing HSC features for: Q86VD1, ENST00000232603, ../Ntranos_Rotation/ESM-SaProt/AF-Q86VD1-F1-model_v4.pdb.gz
INFO:2025-10-30 14:31:22,167:Successfully computed HSC for Q86VD1.
INFO:2025-10-30 14:31:22,167:Processing Q86VD7 with model AF-Q86VD7-F1-model_v4.pdb
INFO:2025-10-30 14:31:22,266:Computing HSC features for: Q86VD7, ENST00000318596, ../Ntranos_Rotation/ESM-SaProt/AF-Q86VD7-F1-model_v4.pdb.gz
INFO:2025-10-30 14:32:10,018:Successfully computed HSC for Q86VD7.
INFO:2025-10-30 14:32:10,018:Processing Q86XZ4 with model AF-Q86XZ4-F1-model_v4.pdb
INFO:2025-10-30 14:32:10,128:Computing HSC features for: Q86XZ4, ENST00000321898, ../Ntranos_Rotation/ESM-SaProt/AF-Q86XZ4-F1-model_v4.pdb.gz
INFO:2025-10-30 14:32:51,597:Successfully computed HSC for Q86XZ4.
INFO:2025-10-30 14:32:51,597:Processing Q86Y01 with model AF-Q86Y01-F1-model_v4.pdb
ERROR:2025-10-30 14:32:51,713:No transcript record found for Q86Y01 in gnomAD.
INFO:2025-10-30 14:32:51,713:Processing Q86Y07 with model AF-Q86Y07-F1-model_v4.pdb
INFO:2025-10-30 14:32:51,783:Computing HSC features for: Q86Y07, ENST00000340157, ../Ntranos_Rotation/ESM-SaProt/AF-Q86Y07-F1-model_v4.pdb.gz
INFO:2025-10-30 14:33:26,481:Successfully computed HSC for Q86Y07.
INFO:2025-10-30 14:33:26,481:Processing Q86Y13 with model AF-Q86Y13-F1-model_v4.pdb
INFO:2025-10-30 14:33:26,639:Computing HSC features for: Q86Y13, ENST00000361582, ../Ntranos_Rotation/ESM-SaProt/AF-Q86Y13-F1-model_v4.pdb.gz
INFO:2025-10-30 14:34:49,267:Successfully computed HSC for Q86Y13.
INFO:2025-10-30 14:34:49,267:Processing Q86Y22 with model AF-Q86Y22-F1-model_v4.pdb
INFO:2025-10-30 14:34:49,361:Computing HSC features for: Q86Y22, ENST00000390654, ../Ntranos_Rotation/ESM-SaProt/AF-Q86Y22-F1-model_v4.pdb.gz
INFO:2025-10-30 14:35:57,495:Successfully computed HSC for Q86Y22.
INFO:2025-10-30 14:35:57,495:Processing Q86Y25 with model AF-Q86Y25-F1-model_v4.pdb
INFO:2025-10-30 14:35:57,647:Computing HSC features for: Q86Y25, ENST00000315475, ../Ntranos_Rotation/ESM-SaProt/AF-Q86Y25-F1-model_v4.pdb.gz
INFO:2025-10-30 14:36:37,237:Successfully computed HSC for Q86Y25.
INFO:2025-10-30 14:36:37,238:Processing Q86Y26 with model AF-Q86Y26-F1-model_v4.pdb
INFO:2025-10-30 14:36:37,428:Computing HSC features for: Q86Y26, ENST00000333756, ../Ntranos_Rotation/ESM-SaProt/AF-Q86Y26-F1-model_v4.pdb.gz
INFO:2025-10-30 14:38:01,985:Successfully computed HSC for Q86Y26.
INFO:2025-10-30 14:38:01,985:Processing Q86Y27 with model AF-Q86Y27-F1-model_v4.pdb
ERROR:2025-10-30 14:38:02,031:No ENST transcript IDs were mapped to Q86Y27
INFO:2025-10-30 14:38:02,031:Processing Q86Y28 with model AF-Q86Y28-F1-model_v4.pdb
ERROR:2025-10-30 14:38:02,071:No ENST transcript IDs were mapped to Q86Y28
INFO:2025-10-30 14:38:02,071:Processing Q86Y29 with model AF-Q86Y29-F1-model_v4.pdb
ERROR:2025-10-30 14:38:02,102:No ENST transcript IDs were mapped to Q86Y29
INFO:2025-10-30 14:38:02,102:Processing Q86Y30 with model AF-Q86Y30-F1-model_v4.pdb
ERROR:2025-10-30 14:38:02,147:No ENST transcript IDs were mapped to Q86Y30
INFO:2025-10-30 14:38:02,147:Processing Q86Y33 with model AF-Q86Y33-F1-model_v4.pdb
INFO:2025-10-30 14:38:02,304:Computing HSC features for: Q86Y33, ENST00000381375, ../Ntranos_Rotation/ESM-SaProt/AF-Q86Y33-F1-model_v4.pdb.gz
INFO:2025-10-30 14:39:11,101:Successfully computed HSC for Q86Y33.
INFO:2025-10-30 14:39:11,101:Processing Q86Y34 with model AF-Q86Y34-F1-model_v4.pdb
INFO:2025-10-30 14:39:11,365:Computing HSC features for: Q86Y34, ENST00000333493, ../Ntranos_Rotation/ESM-SaProt/AF-Q86Y34-F1-model_v4.pdb.gz
INFO:2025-10-30 14:40:02,864:Successfully computed HSC for Q86Y34.
INFO:2025-10-30 14:40:02,864:Processing Q86Y37 with model AF-Q86Y37-F1-model_v4.pdb
INFO:2025-10-30 14:40:02,967:Computing HSC features for: Q86Y37, ENST00000369151, ../Ntranos_Rotation/ESM-SaProt/AF-Q86Y37-F1-model_v4.pdb.gz
INFO:2025-10-30 14:40:42,162:Successfully computed HSC for Q86Y37.
INFO:2025-10-30 14:40:42,162:Processing Q86Y38 with model AF-Q86Y38-F1-model_v4.pdb
INFO:2025-10-30 14:40:42,286:Computing HSC features for: Q86Y38, ENST00000261381, ../Ntranos_Rotation/ESM-SaProt/AF-Q86Y38-F1-model_v4.pdb.gz
INFO:2025-10-30 14:42:34,923:Successfully computed HSC for Q86Y38.
INFO:2025-10-30 14:42:34,924:Processing Q86Y39 with model AF-Q86Y39-F1-model_v4.pdb
ERROR:2025-10-30 14:42:34,964:No transcript record found for Q86Y39 in gnomAD.
INFO:2025-10-30 14:42:34,964:Processing Q86Y46 with model AF-Q86Y46-F1-model_v4.pdb
INFO:2025-10-30 14:42:35,044:Computing HSC features for: Q86Y46, ENST00000305748, ../Ntranos_Rotation/ESM-SaProt/AF-Q86Y46-F1-model_v4.pdb.gz
INFO:2025-10-30 14:43:29,012:Successfully computed HSC for Q86Y46.
INFO:2025-10-30 14:43:29,012:Processing Q86Y56 with model AF-Q86Y56-F1-model_v4.pdb
INFO:2025-10-30 14:43:29,122:Computing HSC features for: Q86Y56, ENST00000297440, ../Ntranos_Rotation/ESM-SaProt/AF-Q86Y56-F1-model_v4.pdb.gz
INFO:2025-10-30 14:45:22,524:Successfully computed HSC for Q86Y56.
INFO:2025-10-30 14:45:22,524:Processing Q86Y78 with model AF-Q86Y78-F1-model_v4.pdb
INFO:2025-10-30 14:45:22,581:Computing HSC features for: Q86Y78, ENST00000334166, ../Ntranos_Rotation/ESM-SaProt/AF-Q86Y78-F1-model_v4.pdb.gz
INFO:2025-10-30 14:45:41,123:Successfully computed HSC for Q86Y78.
INFO:2025-10-30 14:45:41,123:Processing Q86Y79 with model AF-Q86Y79-F1-model_v4.pdb
INFO:2025-10-30 14:45:41,193:Computing HSC features for: Q86Y79, ENST00000419060, ../Ntranos_Rotation/ESM-SaProt/AF-Q86Y79-F1-model_v4.pdb.gz
INFO:2025-10-30 14:46:10,641:Successfully computed HSC for Q86Y79.
INFO:2025-10-30 14:46:10,642:Processing Q86Y82 with model AF-Q86Y82-F1-model_v4.pdb
INFO:2025-10-30 14:46:10,720:Computing HSC features for: Q86Y82, ENST00000373943, ../Ntranos_Rotation/ESM-SaProt/AF-Q86Y82-F1-model_v4.pdb.gz
INFO:2025-10-30 14:46:33,243:Successfully computed HSC for Q86Y82.
INFO:2025-10-30 14:46:33,243:Processing Q86Y91 with model AF-Q86Y91-F1-model_v4.pdb
INFO:2025-10-30 14:46:33,391:Computing HSC features for: Q86Y91, ENST00000593135, ../Ntranos_Rotation/ESM-SaProt/AF-Q86Y91-F1-model_v4.pdb.gz
INFO:2025-10-30 14:48:04,512:Successfully computed HSC for Q86Y91.
INFO:2025-10-30 14:48:04,512:Processing Q86Y97 with model AF-Q86Y97-F1-model_v4.pdb
INFO:2025-10-30 14:48:04,740:Computing HSC features for: Q86Y97, ENST00000255613, ../Ntranos_Rotation/ESM-SaProt/AF-Q86Y97-F1-model_v4.pdb.gz
INFO:2025-10-30 14:49:38,710:Successfully computed HSC for Q86Y97.
INFO:2025-10-30 14:49:38,710:Processing Q86YA3 with model AF-Q86YA3-F1-model_v4.pdb
INFO:2025-10-30 14:49:39,085:Computing HSC features for: Q86YA3, ENST00000505019, ../Ntranos_Rotation/ESM-SaProt/AF-Q86YA3-F1-model_v4.pdb.gz
INFO:2025-10-30 14:52:25,725:Successfully computed HSC for Q86YA3.
INFO:2025-10-30 14:52:25,725:Processing Q86YB7 with model AF-Q86YB7-F1-model_v4.pdb
INFO:2025-10-30 14:52:25,783:Computing HSC features for: Q86YB7, ENST00000371522, ../Ntranos_Rotation/ESM-SaProt/AF-Q86YB7-F1-model_v4.pdb.gz
INFO:2025-10-30 14:53:01,526:Successfully computed HSC for Q86YB7.
INFO:2025-10-30 14:53:01,526:Processing Q86YB8 with model AF-Q86YB8-F1-model_v4.pdb
INFO:2025-10-30 14:53:01,604:Computing HSC features for: Q86YB8, ENST00000354619, ../Ntranos_Rotation/ESM-SaProt/AF-Q86YB8-F1-model_v4.pdb.gz
INFO:2025-10-30 14:53:43,458:Successfully computed HSC for Q86YB8.
INFO:2025-10-30 14:53:43,458:Processing Q86YC2 with model AF-Q86YC2-F1-model_v4.pdb
INFO:2025-10-30 14:53:43,617:Computing HSC features for: Q86YC2, ENST00000261584, ../Ntranos_Rotation/ESM-SaProt/AF-Q86YC2-F1-model_v4.pdb.gz
INFO:2025-10-30 14:55:15,599:Successfully computed HSC for Q86YC2.
INFO:2025-10-30 14:55:15,599:Processing Q86YC3 with model AF-Q86YC3-F1-model_v4.pdb
INFO:2025-10-30 14:55:15,934:Computing HSC features for: Q86YC3, ENST00000328557, ../Ntranos_Rotation/ESM-SaProt/AF-Q86YC3-F1-model_v4.pdb.gz
INFO:2025-10-30 14:56:58,524:Successfully computed HSC for Q86YC3.
INFO:2025-10-30 14:56:58,524:Processing Q86YD1 with model AF-Q86YD1-F1-model_v4.pdb
INFO:2025-10-30 14:56:58,631:Computing HSC features for: Q86YD1, ENST00000391842, ../Ntranos_Rotation/ESM-SaProt/AF-Q86YD1-F1-model_v4.pdb.gz
INFO:2025-10-30 14:57:51,073:Successfully computed HSC for Q86YD1.
INFO:2025-10-30 14:57:51,073:Processing Q86YD3 with model AF-Q86YD3-F1-model_v4.pdb
INFO:2025-10-30 14:57:51,153:Computing HSC features for: Q86YD3, ENST00000313236, ../Ntranos_Rotation/ESM-SaProt/AF-Q86YD3-F1-model_v4.pdb.gz
INFO:2025-10-30 14:58:49,758:Successfully computed HSC for Q86YD3.
INFO:2025-10-30 14:58:49,758:Processing Q86YD5 with model AF-Q86YD5-F1-model_v4.pdb
INFO:2025-10-30 14:58:49,841:Computing HSC features for: Q86YD5, ENST00000315571, ../Ntranos_Rotation/ESM-SaProt/AF-Q86YD5-F1-model_v4.pdb.gz
INFO:2025-10-30 14:59:30,650:Successfully computed HSC for Q86YD5.
INFO:2025-10-30 14:59:30,650:Processing Q86YD7 with model AF-Q86YD7-F1-model_v4.pdb
INFO:2025-10-30 14:59:30,919:Computing HSC features for: Q86YD7, ENST00000307435, ../Ntranos_Rotation/ESM-SaProt/AF-Q86YD7-F1-model_v4.pdb.gz
INFO:2025-10-30 15:00:46,239:Successfully computed HSC for Q86YD7.
INFO:2025-10-30 15:00:46,239:Processing Q86YE8 with model AF-Q86YE8-F1-model_v4.pdb
INFO:2025-10-30 15:00:46,408:Computing HSC features for: Q86YE8, ENST00000536220, ../Ntranos_Rotation/ESM-SaProt/AF-Q86YE8-F1-model_v4.pdb.gz
INFO:2025-10-30 15:01:52,930:Successfully computed HSC for Q86YE8.
INFO:2025-10-30 15:01:52,930:Processing Q86YF9 with model AF-Q86YF9-F1-model_v4.pdb
INFO:2025-10-30 15:01:53,167:Computing HSC features for: Q86YF9, ENST00000347108, ../Ntranos_Rotation/ESM-SaProt/AF-Q86YF9-F1-model_v4.pdb.gz
INFO:2025-10-30 15:03:09,138:Successfully computed HSC for Q86YF9.
INFO:2025-10-30 15:03:09,138:Processing Q86YG4 with model AF-Q86YG4-F1-model_v4.pdb
ERROR:2025-10-30 15:03:09,274:No transcript record found for Q86YG4 in gnomAD.
INFO:2025-10-30 15:03:09,274:Processing Q86YH2 with model AF-Q86YH2-F1-model_v4.pdb
ERROR:2025-10-30 15:03:09,391:No transcript record found for Q86YH2 in gnomAD.
INFO:2025-10-30 15:03:09,391:Processing Q86YH6 with model AF-Q86YH6-F1-model_v4.pdb
INFO:2025-10-30 15:03:09,480:Computing HSC features for: Q86YH6, ENST00000369037, ../Ntranos_Rotation/ESM-SaProt/AF-Q86YH6-F1-model_v4.pdb.gz
INFO:2025-10-30 15:04:04,034:Successfully computed HSC for Q86YH6.
INFO:2025-10-30 15:04:04,035:Processing Q86XE5 with model AF-Q86XE5-F1-model_v4.pdb
INFO:2025-10-30 15:04:04,127:Computing HSC features for: Q86XE5, ENST00000370646, ../Ntranos_Rotation/ESM-SaProt/AF-Q86XE5-F1-model_v4.pdb.gz
INFO:2025-10-30 15:04:40,398:Successfully computed HSC for Q86XE5.
INFO:2025-10-30 15:04:40,398:Processing Q86XF0 with model AF-Q86XF0-F1-model_v4.pdb
INFO:2025-10-30 15:04:40,466:Computing HSC features for: Q86XF0, ENST00000314636, ../Ntranos_Rotation/ESM-SaProt/AF-Q86XF0-F1-model_v4.pdb.gz
INFO:2025-10-30 15:05:02,304:Successfully computed HSC for Q86XF0.
INFO:2025-10-30 15:05:02,304:Processing Q86XF7 with model AF-Q86XF7-F1-model_v4.pdb
INFO:2025-10-30 15:05:02,374:Computing HSC features for: Q86XF7, ENST00000314228, ../Ntranos_Rotation/ESM-SaProt/AF-Q86XF7-F1-model_v4.pdb.gz
INFO:2025-10-30 15:06:17,911:Successfully computed HSC for Q86XF7.
INFO:2025-10-30 15:06:17,912:Processing Q86XG9 with model AF-Q86XG9-F1-model_v4.pdb
ERROR:2025-10-30 15:06:18,017:No ENST transcript IDs were mapped to Q86XG9
INFO:2025-10-30 15:06:18,017:Processing Q86XH1 with model AF-Q86XH1-F1-model_v4.pdb
INFO:2025-10-30 15:06:18,207:Computing HSC features for: Q86XH1, ENST00000409907, ../Ntranos_Rotation/ESM-SaProt/AF-Q86XH1-F1-model_v4.pdb.gz
INFO:2025-10-30 15:08:14,784:Successfully computed HSC for Q86XH1.
INFO:2025-10-30 15:08:14,784:Processing Q86XI2 with model AF-Q86XI2-F1-model_v4.pdb
INFO:2025-10-30 15:08:14,931:Computing HSC features for: Q86XI2, ENST00000356309, ../Ntranos_Rotation/ESM-SaProt/AF-Q86XI2-F1-model_v4.pdb.gz
INFO:2025-10-30 15:09:46,275:Successfully computed HSC for Q86XI2.
INFO:2025-10-30 15:09:46,275:Processing Q86XI6 with model AF-Q86XI6-F1-model_v4.pdb
INFO:2025-10-30 15:09:46,347:Computing HSC features for: Q86XI6, ENST00000310455, ../Ntranos_Rotation/ESM-SaProt/AF-Q86XI6-F1-model_v4.pdb.gz
INFO:2025-10-30 15:10:22,438:Successfully computed HSC for Q86XI6.
INFO:2025-10-30 15:10:22,439:Processing Q86XI8 with model AF-Q86XI8-F1-model_v4.pdb
INFO:2025-10-30 15:10:22,588:Computing HSC features for: Q86XI8, ENST00000328759, ../Ntranos_Rotation/ESM-SaProt/AF-Q86XI8-F1-model_v4.pdb.gz
INFO:2025-10-30 15:11:56,982:Successfully computed HSC for Q86XI8.
INFO:2025-10-30 15:11:56,982:Pipeline completed.
INFO:2025-10-30 15:11:56,982:no_enst_for_uniprot: 5
INFO:2025-10-30 15:11:56,982:no_valid_cds: 0
INFO:2025-10-30 15:11:56,982:no_variant_data: 4
INFO:2025-10-30 15:11:56,982:bad_structure: 0
INFO:2025-10-30 15:11:56,982:no_enst_mp: 0
