INFO:2025-10-30 15:01:00,919:Starting HSC computation pipeline...
INFO:2025-10-30 15:01:51,193:Processing P0DP08 with model AF-P0DP08-F1-model_v4.pdb
ERROR:2025-10-30 15:01:51,254:No ENST transcript IDs were mapped to P0DP08
INFO:2025-10-30 15:01:51,254:Processing P0DP09 with model AF-P0DP09-F1-model_v4.pdb
ERROR:2025-10-30 15:01:51,337:No ENST transcript IDs were mapped to P0DP09
INFO:2025-10-30 15:01:51,337:Processing P0DP23 with model AF-P0DP23-F1-model_v4.pdb
INFO:2025-10-30 15:01:51,381:Computing HSC features for: P0DP23, ENST00000356978, ../Ntranos_Rotation/ESM-SaProt/AF-P0DP23-F1-model_v4.pdb.gz
INFO:2025-10-30 15:02:06,113:Successfully computed HSC for P0DP23.
INFO:2025-10-30 15:02:06,114:Processing P0DP24 with model AF-P0DP24-F1-model_v4.pdb
INFO:2025-10-30 15:02:06,177:Computing HSC features for: P0DP24, ENST00000272298, ../Ntranos_Rotation/ESM-SaProt/AF-P0DP24-F1-model_v4.pdb.gz
INFO:2025-10-30 15:02:16,091:Successfully computed HSC for P0DP24.
INFO:2025-10-30 15:02:16,092:Processing P0DP25 with model AF-P0DP25-F1-model_v4.pdb
INFO:2025-10-30 15:02:16,156:Computing HSC features for: P0DP25, ENST00000291295, ../Ntranos_Rotation/ESM-SaProt/AF-P0DP25-F1-model_v4.pdb.gz
INFO:2025-10-30 15:02:36,513:Successfully computed HSC for P0DP25.
INFO:2025-10-30 15:02:36,513:Processing P0DP42 with model AF-P0DP42-F1-model_v4.pdb
ERROR:2025-10-30 15:02:36,569:No transcript record found for P0DP42 in gnomAD.
INFO:2025-10-30 15:02:36,569:Processing P0DP57 with model AF-P0DP57-F1-model_v4.pdb
INFO:2025-10-30 15:02:36,641:Computing HSC features for: P0DP57, ENST00000317543, ../Ntranos_Rotation/ESM-SaProt/AF-P0DP57-F1-model_v4.pdb.gz
INFO:2025-10-30 15:02:52,585:Successfully computed HSC for P0DP57.
INFO:2025-10-30 15:02:52,585:Processing P0DP58 with model AF-P0DP58-F1-model_v4.pdb
ERROR:2025-10-30 15:02:52,626:No transcript record found for P0DP58 in gnomAD.
INFO:2025-10-30 15:02:52,626:Processing P0DP71 with model AF-P0DP71-F1-model_v4.pdb
ERROR:2025-10-30 15:02:52,684:No transcript record found for P0DP71 in gnomAD.
INFO:2025-10-30 15:02:52,684:Processing P0DP72 with model AF-P0DP72-F1-model_v4.pdb
ERROR:2025-10-30 15:02:52,856:No transcript record found for P0DP72 in gnomAD.
INFO:2025-10-30 15:02:52,856:Processing P0DP73 with model AF-P0DP73-F1-model_v4.pdb
INFO:2025-10-30 15:02:52,886:Computing HSC features for: P0DP73, ENST00000437818, ../Ntranos_Rotation/ESM-SaProt/AF-P0DP73-F1-model_v4.pdb.gz
ERROR:2025-10-30 15:02:52,912:Missing ENST record in counts: ENST00000437818
INFO:2025-10-30 15:02:52,912:Processing P0DP74 with model AF-P0DP74-F1-model_v4.pdb
INFO:2025-10-30 15:02:53,091:Computing HSC features for: P0DP74, ENST00000400079, ../Ntranos_Rotation/ESM-SaProt/AF-P0DP74-F1-model_v4.pdb.gz
ERROR:2025-10-30 15:02:53,117:Missing ENST record in counts: ENST00000400079
INFO:2025-10-30 15:02:53,117:Processing P0DP75 with model AF-P0DP75-F1-model_v4.pdb
ERROR:2025-10-30 15:02:53,155:No ENST transcript IDs were mapped to P0DP75
INFO:2025-10-30 15:02:53,155:Processing P0DPA2 with model AF-P0DPA2-F1-model_v4.pdb
INFO:2025-10-30 15:02:53,247:Computing HSC features for: P0DPA2, ENST00000368100, ../Ntranos_Rotation/ESM-SaProt/AF-P0DPA2-F1-model_v4.pdb.gz
INFO:2025-10-30 15:03:39,142:Successfully computed HSC for P0DPA2.
INFO:2025-10-30 15:03:39,142:Processing P0DPA3 with model AF-P0DPA3-F1-model_v4.pdb
ERROR:2025-10-30 15:03:39,206:No ENST transcript IDs were mapped to P0DPA3
INFO:2025-10-30 15:03:39,206:Processing P0DPB3 with model AF-P0DPB3-F1-model_v4.pdb
ERROR:2025-10-30 15:03:39,274:No valid CDS found for P0DPB3
INFO:2025-10-30 15:03:39,274:Processing P0DPB6 with model AF-P0DPB6-F1-model_v4.pdb
INFO:2025-10-30 15:03:39,339:Computing HSC features for: P0DPB6, ENST00000302979, ../Ntranos_Rotation/ESM-SaProt/AF-P0DPB6-F1-model_v4.pdb.gz
INFO:2025-10-30 15:03:47,629:Successfully computed HSC for P0DPB6.
INFO:2025-10-30 15:03:47,629:Processing P0DPD5 with model AF-P0DPD5-F1-model_v4.pdb
ERROR:2025-10-30 15:03:47,696:No transcript record found for P0DPD5 in gnomAD.
INFO:2025-10-30 15:03:47,696:Processing P0DPD6 with model AF-P0DPD6-F1-model_v4.pdb
INFO:2025-10-30 15:03:47,792:Computing HSC features for: P0DPD6, ENST00000357474, ../Ntranos_Rotation/ESM-SaProt/AF-P0DPD6-F1-model_v4.pdb.gz
INFO:2025-10-30 15:04:56,430:Successfully computed HSC for P0DPD6.
INFO:2025-10-30 15:04:56,430:Processing P0DPD7 with model AF-P0DPD7-F1-model_v4.pdb
INFO:2025-10-30 15:04:56,516:Computing HSC features for: P0DPD7, ENST00000324557, ../Ntranos_Rotation/ESM-SaProt/AF-P0DPD7-F1-model_v4.pdb.gz
INFO:2025-10-30 15:05:18,352:Successfully computed HSC for P0DPD7.
INFO:2025-10-30 15:05:18,352:Processing P0DPD8 with model AF-P0DPD8-F1-model_v4.pdb
INFO:2025-10-30 15:05:18,442:Computing HSC features for: P0DPD8, ENST00000402825, ../Ntranos_Rotation/ESM-SaProt/AF-P0DPD8-F1-model_v4.pdb.gz
ERROR:2025-10-30 15:05:18,606:Missing ENST record in counts: ENST00000402825
INFO:2025-10-30 15:05:18,606:Processing P0DPE3 with model AF-P0DPE3-F1-model_v4.pdb
ERROR:2025-10-30 15:05:18,668:No transcript record found for P0DPE3 in gnomAD.
INFO:2025-10-30 15:05:18,668:Processing P0DPE8 with model AF-P0DPE8-F1-model_v4.pdb
ERROR:2025-10-30 15:05:18,707:No ENST transcript IDs were mapped to P0DPE8
INFO:2025-10-30 15:05:18,707:Processing P0DPF2 with model AF-P0DPF2-F1-model_v4.pdb
ERROR:2025-10-30 15:05:18,929:No ENST transcript IDs were mapped to P0DPF2
INFO:2025-10-30 15:05:18,929:Processing P0DPF3 with model AF-P0DPF3-F1-model_v4.pdb
ERROR:2025-10-30 15:05:19,112:No transcript record found for P0DPF3 in gnomAD.
INFO:2025-10-30 15:05:19,112:Processing P0DPF4 with model AF-P0DPF4-F1-model_v4.pdb
ERROR:2025-10-30 15:05:19,157:No ENST transcript IDs were mapped to P0DPF4
INFO:2025-10-30 15:05:19,158:Processing P0DPF5 with model AF-P0DPF5-F1-model_v4.pdb
ERROR:2025-10-30 15:05:19,222:No ENST transcript IDs were mapped to P0DPF5
INFO:2025-10-30 15:05:19,222:Processing P0DPF6 with model AF-P0DPF6-F1-model_v4.pdb
ERROR:2025-10-30 15:05:19,290:No ENST transcript IDs were mapped to P0DPF6
INFO:2025-10-30 15:05:19,290:Processing P0DPF7 with model AF-P0DPF7-F1-model_v4.pdb
ERROR:2025-10-30 15:05:19,325:No ENST transcript IDs were mapped to P0DPF7
INFO:2025-10-30 15:05:19,325:Processing P0DPH7 with model AF-P0DPH7-F1-model_v4.pdb
INFO:2025-10-30 15:05:19,423:Computing HSC features for: P0DPH7, ENST00000400113, ../Ntranos_Rotation/ESM-SaProt/AF-P0DPH7-F1-model_v4.pdb.gz
INFO:2025-10-30 15:06:19,284:Successfully computed HSC for P0DPH7.
INFO:2025-10-30 15:06:19,284:Processing P0DPH8 with model AF-P0DPH8-F1-model_v4.pdb
INFO:2025-10-30 15:06:19,380:Computing HSC features for: P0DPH8, ENST00000321253, ../Ntranos_Rotation/ESM-SaProt/AF-P0DPH8-F1-model_v4.pdb.gz
INFO:2025-10-30 15:07:08,327:Successfully computed HSC for P0DPH8.
INFO:2025-10-30 15:07:08,327:Processing P0DPH9 with model AF-P0DPH9-F1-model_v4.pdb
ERROR:2025-10-30 15:07:08,364:No transcript record found for P0DPH9 in gnomAD.
INFO:2025-10-30 15:07:08,364:Processing P0DPI2 with model AF-P0DPI2-F1-model_v4.pdb
INFO:2025-10-30 15:07:08,541:Computing HSC features for: P0DPI2, ENST00000291577, ../Ntranos_Rotation/ESM-SaProt/AF-P0DPI2-F1-model_v4.pdb.gz
ERROR:2025-10-30 15:07:08,626:Missing ENST record in counts: ENST00000291577
INFO:2025-10-30 15:07:08,626:Processing P0DPI3 with model AF-P0DPI3-F1-model_v4.pdb
ERROR:2025-10-30 15:07:08,750:No transcript record found for P0DPI3 in gnomAD.
INFO:2025-10-30 15:07:08,750:Processing P0DPK2 with model AF-P0DPK2-F1-model_v4.pdb
ERROR:2025-10-30 15:07:08,808:No transcript record found for P0DPK2 in gnomAD.
INFO:2025-10-30 15:07:08,808:Processing P0DPK3 with model AF-P0DPK3-F1-model_v4.pdb
ERROR:2025-10-30 15:07:08,883:No valid CDS found for P0DPK3
INFO:2025-10-30 15:07:08,883:Processing P0DPK4 with model AF-P0DPK4-F1-model_v4.pdb
ERROR:2025-10-30 15:07:08,931:No transcript record found for P0DPK4 in gnomAD.
INFO:2025-10-30 15:07:08,931:Processing P0DPK5 with model AF-P0DPK5-F1-model_v4.pdb
ERROR:2025-10-30 15:07:08,979:No transcript record found for P0DPK5 in gnomAD.
INFO:2025-10-30 15:07:08,979:Processing P0DPP9 with model AF-P0DPP9-F1-model_v4.pdb
ERROR:2025-10-30 15:07:09,006:No transcript record found for P0DPP9 in gnomAD.
INFO:2025-10-30 15:07:09,006:Processing P0DPQ3 with model AF-P0DPQ3-F1-model_v4.pdb
ERROR:2025-10-30 15:07:09,063:No transcript record found for P0DPQ3 in gnomAD.
INFO:2025-10-30 15:07:09,063:Processing P0DPQ4 with model AF-P0DPQ4-F1-model_v4.pdb
ERROR:2025-10-30 15:07:09,121:No ENST transcript IDs were mapped to P0DPQ4
INFO:2025-10-30 15:07:09,121:Processing P0DQD5 with model AF-P0DQD5-F1-model_v4.pdb
ERROR:2025-10-30 15:07:09,210:No transcript record found for P0DQD5 in gnomAD.
INFO:2025-10-30 15:07:09,211:Processing P0DSN6 with model AF-P0DSN6-F1-model_v4.pdb
ERROR:2025-10-30 15:07:09,271:No ENST transcript IDs were mapped to P0DSN6
INFO:2025-10-30 15:07:09,271:Processing P0DSN7 with model AF-P0DSN7-F1-model_v4.pdb
ERROR:2025-10-30 15:07:09,328:No valid CDS found for P0DSN7
INFO:2025-10-30 15:07:09,328:Processing P0DSO1 with model AF-P0DSO1-F1-model_v4.pdb
ERROR:2025-10-30 15:07:09,383:No ENST transcript IDs were mapped to P0DSO1
INFO:2025-10-30 15:07:09,383:Processing P0DSO2 with model AF-P0DSO2-F1-model_v4.pdb
ERROR:2025-10-30 15:07:09,420:No ENST transcript IDs were mapped to P0DSO2
INFO:2025-10-30 15:07:09,421:Processing P0DSO3 with model AF-P0DSO3-F1-model_v4.pdb
ERROR:2025-10-30 15:07:09,462:No ENST transcript IDs were mapped to P0DSO3
INFO:2025-10-30 15:07:09,462:Processing P0DTA3 with model AF-P0DTA3-F1-model_v4.pdb
ERROR:2025-10-30 15:07:09,523:No transcript record found for P0DTA3 in gnomAD.
INFO:2025-10-30 15:07:09,523:Processing P0DTE0 with model AF-P0DTE0-F1-model_v4.pdb
ERROR:2025-10-30 15:07:09,607:No ENST transcript IDs were mapped to P0DTE0
INFO:2025-10-30 15:07:09,607:Processing P0DTE1 with model AF-P0DTE1-F1-model_v4.pdb
ERROR:2025-10-30 15:07:09,655:No ENST transcript IDs were mapped to P0DTE1
INFO:2025-10-30 15:07:09,655:Pipeline completed.
INFO:2025-10-30 15:07:09,655:no_enst_for_uniprot: 17
INFO:2025-10-30 15:07:09,655:no_valid_cds: 3
INFO:2025-10-30 15:07:09,655:no_variant_data: 16
INFO:2025-10-30 15:07:09,655:bad_structure: 0
INFO:2025-10-30 15:07:09,655:no_enst_mp: 4
