INFO:2025-10-30 14:25:03,620:Starting HSC computation pipeline...
INFO:2025-10-30 14:26:04,733:Processing Q13352 with model AF-Q13352-F1-model_v4.pdb
INFO:2025-10-30 14:26:04,787:Computing HSC features for: Q13352, ENST00000271002, ../Ntranos_Rotation/ESM-SaProt/AF-Q13352-F1-model_v4.pdb.gz
INFO:2025-10-30 14:26:13,422:Successfully computed HSC for Q13352.
INFO:2025-10-30 14:26:13,422:Processing Q13356 with model AF-Q13356-F1-model_v4.pdb
INFO:2025-10-30 14:26:13,486:Computing HSC features for: Q13356, ENST00000335025, ../Ntranos_Rotation/ESM-SaProt/AF-Q13356-F1-model_v4.pdb.gz
INFO:2025-10-30 14:26:52,047:Successfully computed HSC for Q13356.
INFO:2025-10-30 14:26:52,047:Processing Q13360 with model AF-Q13360-F1-model_v4.pdb
INFO:2025-10-30 14:26:52,107:Computing HSC features for: Q13360, ENST00000589262, ../Ntranos_Rotation/ESM-SaProt/AF-Q13360-F1-model_v4.pdb.gz
INFO:2025-10-30 14:27:18,323:Successfully computed HSC for Q13360.
INFO:2025-10-30 14:27:18,324:Processing Q13361 with model AF-Q13361-F1-model_v4.pdb
INFO:2025-10-30 14:27:18,392:Computing HSC features for: Q13361, ENST00000359478, ../Ntranos_Rotation/ESM-SaProt/AF-Q13361-F1-model_v4.pdb.gz
INFO:2025-10-30 14:27:30,727:Successfully computed HSC for Q13361.
INFO:2025-10-30 14:27:30,727:Processing Q13362 with model AF-Q13362-F1-model_v4.pdb
INFO:2025-10-30 14:27:30,848:Computing HSC features for: Q13362, ENST00000334743, ../Ntranos_Rotation/ESM-SaProt/AF-Q13362-F1-model_v4.pdb.gz
INFO:2025-10-30 14:28:07,375:Successfully computed HSC for Q13362.
INFO:2025-10-30 14:28:07,375:Processing Q13363 with model AF-Q13363-F1-model_v4.pdb
ERROR:2025-10-30 14:28:07,458:No transcript record found for Q13363 in gnomAD.
INFO:2025-10-30 14:28:07,458:Processing Q13367 with model AF-Q13367-F1-model_v4.pdb
ERROR:2025-10-30 14:28:07,570:No transcript record found for Q13367 in gnomAD.
INFO:2025-10-30 14:28:07,570:Processing Q13368 with model AF-Q13368-F1-model_v4.pdb
INFO:2025-10-30 14:28:07,686:Computing HSC features for: Q13368, ENST00000398389, ../Ntranos_Rotation/ESM-SaProt/AF-Q13368-F1-model_v4.pdb.gz
INFO:2025-10-30 14:29:01,865:Successfully computed HSC for Q13368.
INFO:2025-10-30 14:29:01,865:Processing Q63ZY6 with model AF-Q63ZY6-F1-model_v4.pdb
ERROR:2025-10-30 14:29:01,945:No ENST transcript IDs were mapped to Q63ZY6
INFO:2025-10-30 14:29:01,945:Processing Q641Q2 with model AF-Q641Q2-F1-model_v4.pdb
INFO:2025-10-30 14:29:02,209:Computing HSC features for: Q641Q2, ENST00000282633, ../Ntranos_Rotation/ESM-SaProt/AF-Q641Q2-F1-model_v4.pdb.gz
INFO:2025-10-30 14:30:35,119:Successfully computed HSC for Q641Q2.
INFO:2025-10-30 14:30:35,119:Processing Q13155 with model AF-Q13155-F1-model_v4.pdb
INFO:2025-10-30 14:30:35,188:Computing HSC features for: Q13155, ENST00000223029, ../Ntranos_Rotation/ESM-SaProt/AF-Q13155-F1-model_v4.pdb.gz
INFO:2025-10-30 14:31:00,860:Successfully computed HSC for Q13155.
INFO:2025-10-30 14:31:00,860:Processing Q13156 with model AF-Q13156-F1-model_v4.pdb
INFO:2025-10-30 14:31:00,912:Computing HSC features for: Q13156, ENST00000373040, ../Ntranos_Rotation/ESM-SaProt/AF-Q13156-F1-model_v4.pdb.gz
INFO:2025-10-30 14:31:19,807:Successfully computed HSC for Q13156.
INFO:2025-10-30 14:31:19,807:Processing Q13158 with model AF-Q13158-F1-model_v4.pdb
INFO:2025-10-30 14:31:19,884:Computing HSC features for: Q13158, ENST00000301838, ../Ntranos_Rotation/ESM-SaProt/AF-Q13158-F1-model_v4.pdb.gz
INFO:2025-10-30 14:31:40,902:Successfully computed HSC for Q13158.
INFO:2025-10-30 14:31:40,902:Processing Q13162 with model AF-Q13162-F1-model_v4.pdb
INFO:2025-10-30 14:31:40,966:Computing HSC features for: Q13162, ENST00000379341, ../Ntranos_Rotation/ESM-SaProt/AF-Q13162-F1-model_v4.pdb.gz
INFO:2025-10-30 14:32:01,595:Successfully computed HSC for Q13162.
INFO:2025-10-30 14:32:01,595:Processing Q13163 with model AF-Q13163-F1-model_v4.pdb
INFO:2025-10-30 14:32:01,663:Computing HSC features for: Q13163, ENST00000178640, ../Ntranos_Rotation/ESM-SaProt/AF-Q13163-F1-model_v4.pdb.gz
INFO:2025-10-30 14:32:42,350:Successfully computed HSC for Q13163.
INFO:2025-10-30 14:32:42,350:Processing Q13164 with model AF-Q13164-F1-model_v4.pdb
INFO:2025-10-30 14:32:42,542:Computing HSC features for: Q13164, ENST00000308406, ../Ntranos_Rotation/ESM-SaProt/AF-Q13164-F1-model_v4.pdb.gz
INFO:2025-10-30 14:33:50,268:Successfully computed HSC for Q13164.
INFO:2025-10-30 14:33:50,268:Processing Q13166 with model AF-Q13166-F1-model_v4.pdb
ERROR:2025-10-30 14:33:50,302:No ENST transcript IDs were mapped to Q13166
INFO:2025-10-30 14:33:50,302:Processing Q13177 with model AF-Q13177-F1-model_v4.pdb
INFO:2025-10-30 14:33:50,548:Computing HSC features for: Q13177, ENST00000327134, ../Ntranos_Rotation/ESM-SaProt/AF-Q13177-F1-model_v4.pdb.gz
INFO:2025-10-30 14:34:27,050:Successfully computed HSC for Q13177.
INFO:2025-10-30 14:34:27,050:Processing Q13183 with model AF-Q13183-F1-model_v4.pdb
INFO:2025-10-30 14:34:27,150:Computing HSC features for: Q13183, ENST00000314669, ../Ntranos_Rotation/ESM-SaProt/AF-Q13183-F1-model_v4.pdb.gz
INFO:2025-10-30 14:35:13,700:Successfully computed HSC for Q13183.
INFO:2025-10-30 14:35:13,700:Processing Q13185 with model AF-Q13185-F1-model_v4.pdb
INFO:2025-10-30 14:35:13,748:Computing HSC features for: Q13185, ENST00000337620, ../Ntranos_Rotation/ESM-SaProt/AF-Q13185-F1-model_v4.pdb.gz
INFO:2025-10-30 14:35:27,718:Successfully computed HSC for Q13185.
INFO:2025-10-30 14:35:27,718:Processing Q13188 with model AF-Q13188-F1-model_v4.pdb
INFO:2025-10-30 14:35:27,810:Computing HSC features for: Q13188, ENST00000419617, ../Ntranos_Rotation/ESM-SaProt/AF-Q13188-F1-model_v4.pdb.gz
INFO:2025-10-30 14:35:59,439:Successfully computed HSC for Q13188.
INFO:2025-10-30 14:35:59,439:Processing Q13190 with model AF-Q13190-F1-model_v4.pdb
INFO:2025-10-30 14:35:59,503:Computing HSC features for: Q13190, ENST00000294179, ../Ntranos_Rotation/ESM-SaProt/AF-Q13190-F1-model_v4.pdb.gz
INFO:2025-10-30 14:36:26,873:Successfully computed HSC for Q13190.
INFO:2025-10-30 14:36:26,873:Processing Q13191 with model AF-Q13191-F1-model_v4.pdb
INFO:2025-10-30 14:36:26,985:Computing HSC features for: Q13191, ENST00000394030, ../Ntranos_Rotation/ESM-SaProt/AF-Q13191-F1-model_v4.pdb.gz
INFO:2025-10-30 14:37:27,237:Successfully computed HSC for Q13191.
INFO:2025-10-30 14:37:27,237:Processing Q13200 with model AF-Q13200-F1-model_v4.pdb
INFO:2025-10-30 14:37:27,352:Computing HSC features for: Q13200, ENST00000310118, ../Ntranos_Rotation/ESM-SaProt/AF-Q13200-F1-model_v4.pdb.gz
INFO:2025-10-30 14:38:35,211:Successfully computed HSC for Q13200.
INFO:2025-10-30 14:38:35,211:Processing Q13201 with model AF-Q13201-F1-model_v4.pdb
INFO:2025-10-30 14:38:35,391:Computing HSC features for: Q13201, ENST00000264790, ../Ntranos_Rotation/ESM-SaProt/AF-Q13201-F1-model_v4.pdb.gz
INFO:2025-10-30 14:39:43,992:Successfully computed HSC for Q13201.
INFO:2025-10-30 14:39:43,992:Processing Q13202 with model AF-Q13202-F1-model_v4.pdb
ERROR:2025-10-30 14:39:44,088:No transcript record found for Q13202 in gnomAD.
INFO:2025-10-30 14:39:44,088:Processing Q13203 with model AF-Q13203-F1-model_v4.pdb
INFO:2025-10-30 14:39:44,192:Computing HSC features for: Q13203, ENST00000255416, ../Ntranos_Rotation/ESM-SaProt/AF-Q13203-F1-model_v4.pdb.gz
INFO:2025-10-30 14:40:22,691:Successfully computed HSC for Q13203.
INFO:2025-10-30 14:40:22,691:Processing Q13206 with model AF-Q13206-F1-model_v4.pdb
INFO:2025-10-30 14:40:22,800:Computing HSC features for: Q13206, ENST00000322536, ../Ntranos_Rotation/ESM-SaProt/AF-Q13206-F1-model_v4.pdb.gz
INFO:2025-10-30 14:41:18,896:Successfully computed HSC for Q13206.
INFO:2025-10-30 14:41:18,896:Processing Q13207 with model AF-Q13207-F1-model_v4.pdb
INFO:2025-10-30 14:41:18,981:Computing HSC features for: Q13207, ENST00000240328, ../Ntranos_Rotation/ESM-SaProt/AF-Q13207-F1-model_v4.pdb.gz
INFO:2025-10-30 14:42:48,946:Successfully computed HSC for Q13207.
INFO:2025-10-30 14:42:48,946:Processing Q13214 with model AF-Q13214-F1-model_v4.pdb
ERROR:2025-10-30 14:42:49,055:No transcript record found for Q13214 in gnomAD.
INFO:2025-10-30 14:42:49,055:Processing Q13216 with model AF-Q13216-F1-model_v4.pdb
ERROR:2025-10-30 14:42:49,138:No transcript record found for Q13216 in gnomAD.
INFO:2025-10-30 14:42:49,138:Processing Q13217 with model AF-Q13217-F1-model_v4.pdb
INFO:2025-10-30 14:42:49,231:Computing HSC features for: Q13217, ENST00000602402, ../Ntranos_Rotation/ESM-SaProt/AF-Q13217-F1-model_v4.pdb.gz
INFO:2025-10-30 14:43:23,389:Successfully computed HSC for Q13217.
INFO:2025-10-30 14:43:23,389:Processing Q13219 with model AF-Q13219-F1-model_v4.pdb
INFO:2025-10-30 14:43:23,545:Computing HSC features for: Q13219, ENST00000328252, ../Ntranos_Rotation/ESM-SaProt/AF-Q13219-F1-model_v4.pdb.gz
INFO:2025-10-30 14:45:39,926:Successfully computed HSC for Q13219.
INFO:2025-10-30 14:45:39,926:Processing Q13224 with model AF-Q13224-F1-model_v4.pdb
INFO:2025-10-30 14:45:40,102:Computing HSC features for: Q13224, ENST00000609686, ../Ntranos_Rotation/ESM-SaProt/AF-Q13224-F1-model_v4.pdb.gz
INFO:2025-10-30 14:47:37,305:Successfully computed HSC for Q13224.
INFO:2025-10-30 14:47:37,305:Processing Q13227 with model AF-Q13227-F1-model_v4.pdb
INFO:2025-10-30 14:47:37,407:Computing HSC features for: Q13227, ENST00000380728, ../Ntranos_Rotation/ESM-SaProt/AF-Q13227-F1-model_v4.pdb.gz
INFO:2025-10-30 14:47:59,909:Successfully computed HSC for Q13227.
INFO:2025-10-30 14:47:59,909:Processing Q13228 with model AF-Q13228-F1-model_v4.pdb
INFO:2025-10-30 14:48:00,022:Computing HSC features for: Q13228, ENST00000368868, ../Ntranos_Rotation/ESM-SaProt/AF-Q13228-F1-model_v4.pdb.gz
INFO:2025-10-30 14:48:36,896:Successfully computed HSC for Q13228.
INFO:2025-10-30 14:48:36,896:Processing Q13231 with model AF-Q13231-F1-model_v4.pdb
INFO:2025-10-30 14:48:36,977:Computing HSC features for: Q13231, ENST00000367229, ../Ntranos_Rotation/ESM-SaProt/AF-Q13231-F1-model_v4.pdb.gz
INFO:2025-10-30 14:49:08,851:Successfully computed HSC for Q13231.
INFO:2025-10-30 14:49:08,851:Processing Q13232 with model AF-Q13232-F1-model_v4.pdb
INFO:2025-10-30 14:49:08,902:Computing HSC features for: Q13232, ENST00000219302, ../Ntranos_Rotation/ESM-SaProt/AF-Q13232-F1-model_v4.pdb.gz
INFO:2025-10-30 14:49:30,438:Successfully computed HSC for Q13232.
INFO:2025-10-30 14:49:30,438:Processing Q13233 with model AF-Q13233-F1-model_v4.pdb
INFO:2025-10-30 14:49:30,828:Computing HSC features for: Q13233, ENST00000399503, ../Ntranos_Rotation/ESM-SaProt/AF-Q13233-F1-model_v4.pdb.gz
INFO:2025-10-30 14:51:54,361:Successfully computed HSC for Q13233.
INFO:2025-10-30 14:51:54,361:Processing Q13237 with model AF-Q13237-F1-model_v4.pdb
INFO:2025-10-30 14:51:54,483:Computing HSC features for: Q13237, ENST00000264399, ../Ntranos_Rotation/ESM-SaProt/AF-Q13237-F1-model_v4.pdb.gz
INFO:2025-10-30 14:52:46,993:Successfully computed HSC for Q13237.
INFO:2025-10-30 14:52:46,993:Processing Q13239 with model AF-Q13239-F1-model_v4.pdb
INFO:2025-10-30 14:52:47,073:Computing HSC features for: Q13239, ENST00000338087, ../Ntranos_Rotation/ESM-SaProt/AF-Q13239-F1-model_v4.pdb.gz
INFO:2025-10-30 14:53:24,736:Successfully computed HSC for Q13239.
INFO:2025-10-30 14:53:24,736:Processing Q13241 with model AF-Q13241-F1-model_v4.pdb
INFO:2025-10-30 14:53:24,786:Computing HSC features for: Q13241, ENST00000381908, ../Ntranos_Rotation/ESM-SaProt/AF-Q13241-F1-model_v4.pdb.gz
INFO:2025-10-30 14:53:48,241:Successfully computed HSC for Q13241.
INFO:2025-10-30 14:53:48,241:Processing Q13242 with model AF-Q13242-F1-model_v4.pdb
INFO:2025-10-30 14:53:48,324:Computing HSC features for: Q13242, ENST00000229390, ../Ntranos_Rotation/ESM-SaProt/AF-Q13242-F1-model_v4.pdb.gz
INFO:2025-10-30 14:54:27,237:Successfully computed HSC for Q13242.
INFO:2025-10-30 14:54:27,237:Processing Q13243 with model AF-Q13243-F1-model_v4.pdb
INFO:2025-10-30 14:54:27,320:Computing HSC features for: Q13243, ENST00000394366, ../Ntranos_Rotation/ESM-SaProt/AF-Q13243-F1-model_v4.pdb.gz
INFO:2025-10-30 14:55:05,417:Successfully computed HSC for Q13243.
INFO:2025-10-30 14:55:05,417:Processing Q13247 with model AF-Q13247-F1-model_v4.pdb
INFO:2025-10-30 14:55:05,497:Computing HSC features for: Q13247, ENST00000244020, ../Ntranos_Rotation/ESM-SaProt/AF-Q13247-F1-model_v4.pdb.gz
INFO:2025-10-30 14:55:55,221:Successfully computed HSC for Q13247.
INFO:2025-10-30 14:55:55,221:Processing Q13253 with model AF-Q13253-F1-model_v4.pdb
INFO:2025-10-30 14:55:55,295:Computing HSC features for: Q13253, ENST00000332822, ../Ntranos_Rotation/ESM-SaProt/AF-Q13253-F1-model_v4.pdb.gz
INFO:2025-10-30 14:56:25,574:Successfully computed HSC for Q13253.
INFO:2025-10-30 14:56:25,574:Processing Q13255 with model AF-Q13255-F1-model_v4.pdb
ERROR:2025-10-30 14:56:25,814:No transcript record found for Q13255 in gnomAD.
INFO:2025-10-30 14:56:25,814:Processing Q13257 with model AF-Q13257-F1-model_v4.pdb
INFO:2025-10-30 14:56:26,085:Computing HSC features for: Q13257, ENST00000296509, ../Ntranos_Rotation/ESM-SaProt/AF-Q13257-F1-model_v4.pdb.gz
INFO:2025-10-30 14:56:54,534:Successfully computed HSC for Q13257.
INFO:2025-10-30 14:56:54,534:Processing Q13258 with model AF-Q13258-F1-model_v4.pdb
INFO:2025-10-30 14:56:54,612:Computing HSC features for: Q13258, ENST00000306051, ../Ntranos_Rotation/ESM-SaProt/AF-Q13258-F1-model_v4.pdb.gz
INFO:2025-10-30 14:57:53,906:Successfully computed HSC for Q13258.
INFO:2025-10-30 14:57:53,906:Processing Q13261 with model AF-Q13261-F1-model_v4.pdb
INFO:2025-10-30 14:57:53,948:Computing HSC features for: Q13261, ENST00000379977, ../Ntranos_Rotation/ESM-SaProt/AF-Q13261-F1-model_v4.pdb.gz
INFO:2025-10-30 14:58:20,730:Successfully computed HSC for Q13261.
INFO:2025-10-30 14:58:20,730:Pipeline completed.
INFO:2025-10-30 14:58:20,730:no_enst_for_uniprot: 2
INFO:2025-10-30 14:58:20,730:no_valid_cds: 0
INFO:2025-10-30 14:58:20,730:no_variant_data: 6
INFO:2025-10-30 14:58:20,730:bad_structure: 0
INFO:2025-10-30 14:58:20,730:no_enst_mp: 0
