INFO:2025-10-30 14:25:03,928:Starting HSC computation pipeline...
INFO:2025-10-30 14:26:21,393:Processing Q13617 with model AF-Q13617-F1-model_v4.pdb
ERROR:2025-10-30 14:26:21,526:No transcript record found for Q13617 in gnomAD.
INFO:2025-10-30 14:26:21,526:Processing Q13618 with model AF-Q13618-F1-model_v4.pdb
INFO:2025-10-30 14:26:21,653:Computing HSC features for: Q13618, ENST00000264414, ../Ntranos_Rotation/ESM-SaProt/AF-Q13618-F1-model_v4.pdb.gz
INFO:2025-10-30 14:27:21,334:Successfully computed HSC for Q13618.
INFO:2025-10-30 14:27:21,334:Processing Q5TA79 with model AF-Q5TA79-F1-model_v4.pdb
INFO:2025-10-30 14:27:21,408:Computing HSC features for: Q5TA79, ENST00000368779, ../Ntranos_Rotation/ESM-SaProt/AF-Q5TA79-F1-model_v4.pdb.gz
INFO:2025-10-30 14:27:30,784:Successfully computed HSC for Q5TA79.
INFO:2025-10-30 14:27:30,784:Processing Q5TA81 with model AF-Q5TA81-F1-model_v4.pdb
INFO:2025-10-30 14:27:30,854:Computing HSC features for: Q5TA81, ENST00000368783, ../Ntranos_Rotation/ESM-SaProt/AF-Q5TA81-F1-model_v4.pdb.gz
INFO:2025-10-30 14:27:39,321:Successfully computed HSC for Q5TA81.
INFO:2025-10-30 14:27:39,321:Processing Q5TA82 with model AF-Q5TA82-F1-model_v4.pdb
INFO:2025-10-30 14:27:39,377:Computing HSC features for: Q5TA82, ENST00000368784, ../Ntranos_Rotation/ESM-SaProt/AF-Q5TA82-F1-model_v4.pdb.gz
INFO:2025-10-30 14:27:54,045:Successfully computed HSC for Q5TA82.
INFO:2025-10-30 14:27:54,045:Processing Q5TA89 with model AF-Q5TA89-F1-model_v4.pdb
INFO:2025-10-30 14:27:54,099:Computing HSC features for: Q5TA89, ENST00000378453, ../Ntranos_Rotation/ESM-SaProt/AF-Q5TA89-F1-model_v4.pdb.gz
INFO:2025-10-30 14:28:24,609:Successfully computed HSC for Q5TA89.
INFO:2025-10-30 14:28:24,609:Processing Q5TAA0 with model AF-Q5TAA0-F1-model_v4.pdb
INFO:2025-10-30 14:28:24,747:Computing HSC features for: Q5TAA0, ENST00000371276, ../Ntranos_Rotation/ESM-SaProt/AF-Q5TAA0-F1-model_v4.pdb.gz
INFO:2025-10-30 14:30:55,429:Successfully computed HSC for Q5TAA0.
INFO:2025-10-30 14:30:55,429:Processing Q5TAB7 with model AF-Q5TAB7-F1-model_v4.pdb
INFO:2025-10-30 14:30:55,506:Computing HSC features for: Q5TAB7, ENST00000369689, ../Ntranos_Rotation/ESM-SaProt/AF-Q5TAB7-F1-model_v4.pdb.gz
INFO:2025-10-30 14:31:26,732:Successfully computed HSC for Q5TAB7.
INFO:2025-10-30 14:31:26,732:Processing Q5TAG4 with model AF-Q5TAG4-F1-model_v4.pdb
ERROR:2025-10-30 14:31:27,091:No transcript record found for Q5TAG4 in gnomAD.
INFO:2025-10-30 14:31:27,091:Processing Q5TAH2 with model AF-Q5TAH2-F1-model_v4.pdb
INFO:2025-10-30 14:31:27,349:Computing HSC features for: Q5TAH2, ENST00000367714, ../Ntranos_Rotation/ESM-SaProt/AF-Q5TAH2-F1-model_v4.pdb.gz
INFO:2025-10-30 14:33:25,986:Successfully computed HSC for Q5TAH2.
INFO:2025-10-30 14:33:25,986:Processing Q5TAP6 with model AF-Q5TAP6-F1-model_v4.pdb
INFO:2025-10-30 14:33:26,101:Computing HSC features for: Q5TAP6, ENST00000521776, ../Ntranos_Rotation/ESM-SaProt/AF-Q5TAP6-F1-model_v4.pdb.gz
INFO:2025-10-30 14:34:20,286:Successfully computed HSC for Q5TAP6.
INFO:2025-10-30 14:34:20,286:Processing Q5TAQ9 with model AF-Q5TAQ9-F1-model_v4.pdb
INFO:2025-10-30 14:34:20,427:Computing HSC features for: Q5TAQ9, ENST00000326837, ../Ntranos_Rotation/ESM-SaProt/AF-Q5TAQ9-F1-model_v4.pdb.gz
INFO:2025-10-30 14:35:13,491:Successfully computed HSC for Q5TAQ9.
INFO:2025-10-30 14:35:13,491:Processing Q5TAT6 with model AF-Q5TAT6-F1-model_v4.pdb
INFO:2025-10-30 14:35:13,612:Computing HSC features for: Q5TAT6, ENST00000398978, ../Ntranos_Rotation/ESM-SaProt/AF-Q5TAT6-F1-model_v4.pdb.gz
INFO:2025-10-30 14:36:42,521:Successfully computed HSC for Q5TAT6.
INFO:2025-10-30 14:36:42,521:Processing Q5TAX3 with model AF-Q5TAX3-F1-model_v4.pdb
INFO:2025-10-30 14:36:42,706:Computing HSC features for: Q5TAX3, ENST00000371544, ../Ntranos_Rotation/ESM-SaProt/AF-Q5TAX3-F1-model_v4.pdb.gz
INFO:2025-10-30 14:38:39,558:Successfully computed HSC for Q5TAX3.
INFO:2025-10-30 14:38:39,558:Processing Q5TB30 with model AF-Q5TB30-F1-model_v4.pdb
INFO:2025-10-30 14:38:39,741:Computing HSC features for: Q5TB30, ENST00000456315, ../Ntranos_Rotation/ESM-SaProt/AF-Q5TB30-F1-model_v4.pdb.gz
INFO:2025-10-30 14:39:43,638:Successfully computed HSC for Q5TB30.
INFO:2025-10-30 14:39:43,638:Processing Q5TB80 with model AF-Q5TB80-F1-model_v4.pdb
INFO:2025-10-30 14:39:44,085:Computing HSC features for: Q5TB80, ENST00000403245, ../Ntranos_Rotation/ESM-SaProt/AF-Q5TB80-F1-model_v4.pdb.gz
INFO:2025-10-30 14:42:11,318:Successfully computed HSC for Q5TB80.
INFO:2025-10-30 14:42:11,318:Processing Q5T6V5 with model AF-Q5T6V5-F1-model_v4.pdb
INFO:2025-10-30 14:42:11,403:Computing HSC features for: Q5T6V5, ENST00000376344, ../Ntranos_Rotation/ESM-SaProt/AF-Q5T6V5-F1-model_v4.pdb.gz
INFO:2025-10-30 14:43:05,449:Successfully computed HSC for Q5T6V5.
INFO:2025-10-30 14:43:05,449:Processing Q5T6X4 with model AF-Q5T6X4-F1-model_v4.pdb
INFO:2025-10-30 14:43:05,515:Computing HSC features for: Q5T6X4, ENST00000368557, ../Ntranos_Rotation/ESM-SaProt/AF-Q5T6X4-F1-model_v4.pdb.gz
INFO:2025-10-30 14:43:34,575:Successfully computed HSC for Q5T6X4.
INFO:2025-10-30 14:43:34,576:Processing Q5T6X5 with model AF-Q5T6X5-F1-model_v4.pdb
INFO:2025-10-30 14:43:34,763:Computing HSC features for: Q5T6X5, ENST00000310357, ../Ntranos_Rotation/ESM-SaProt/AF-Q5T6X5-F1-model_v4.pdb.gz
INFO:2025-10-30 14:44:37,438:Successfully computed HSC for Q5T6X5.
INFO:2025-10-30 14:44:37,438:Processing Q5T700 with model AF-Q5T700-F1-model_v4.pdb
INFO:2025-10-30 14:44:37,480:Computing HSC features for: Q5T700, ENST00000371360, ../Ntranos_Rotation/ESM-SaProt/AF-Q5T700-F1-model_v4.pdb.gz
INFO:2025-10-30 14:44:59,030:Successfully computed HSC for Q5T700.
INFO:2025-10-30 14:44:59,031:Processing Q5T742 with model AF-Q5T742-F1-model_v4.pdb
ERROR:2025-10-30 14:44:59,075:No ENST transcript IDs were mapped to Q5T742
INFO:2025-10-30 14:44:59,075:Processing Q5T749 with model AF-Q5T749-F1-model_v4.pdb
INFO:2025-10-30 14:44:59,198:Computing HSC features for: Q5T749, ENST00000606109, ../Ntranos_Rotation/ESM-SaProt/AF-Q5T749-F1-model_v4.pdb.gz
INFO:2025-10-30 14:46:03,169:Successfully computed HSC for Q5T749.
INFO:2025-10-30 14:46:03,169:Processing Q5T750 with model AF-Q5T750-F1-model_v4.pdb
INFO:2025-10-30 14:46:03,240:Computing HSC features for: Q5T750, ENST00000368775, ../Ntranos_Rotation/ESM-SaProt/AF-Q5T750-F1-model_v4.pdb.gz
INFO:2025-10-30 14:46:32,943:Successfully computed HSC for Q5T750.
INFO:2025-10-30 14:46:32,944:Processing Q5T751 with model AF-Q5T751-F1-model_v4.pdb
INFO:2025-10-30 14:46:32,993:Computing HSC features for: Q5T751, ENST00000607093, ../Ntranos_Rotation/ESM-SaProt/AF-Q5T751-F1-model_v4.pdb.gz
INFO:2025-10-30 14:46:42,610:Successfully computed HSC for Q5T751.
INFO:2025-10-30 14:46:42,610:Processing Q5T752 with model AF-Q5T752-F1-model_v4.pdb
INFO:2025-10-30 14:46:42,652:Computing HSC features for: Q5T752, ENST00000326233, ../Ntranos_Rotation/ESM-SaProt/AF-Q5T752-F1-model_v4.pdb.gz
INFO:2025-10-30 14:46:52,860:Successfully computed HSC for Q5T752.
INFO:2025-10-30 14:46:52,860:Processing Q5T753 with model AF-Q5T753-F1-model_v4.pdb
INFO:2025-10-30 14:46:52,906:Computing HSC features for: Q5T753, ENST00000368770, ../Ntranos_Rotation/ESM-SaProt/AF-Q5T753-F1-model_v4.pdb.gz
INFO:2025-10-30 14:47:02,136:Successfully computed HSC for Q5T753.
INFO:2025-10-30 14:47:02,136:Processing Q5T754 with model AF-Q5T754-F1-model_v4.pdb
INFO:2025-10-30 14:47:02,198:Computing HSC features for: Q5T754, ENST00000334371, ../Ntranos_Rotation/ESM-SaProt/AF-Q5T754-F1-model_v4.pdb.gz
INFO:2025-10-30 14:47:14,102:Successfully computed HSC for Q5T754.
INFO:2025-10-30 14:47:14,102:Processing Q5T764 with model AF-Q5T764-F1-model_v4.pdb
INFO:2025-10-30 14:47:14,215:Computing HSC features for: Q5T764, ENST00000371809, ../Ntranos_Rotation/ESM-SaProt/AF-Q5T764-F1-model_v4.pdb.gz
INFO:2025-10-30 14:47:49,235:Successfully computed HSC for Q5T764.
INFO:2025-10-30 14:47:49,235:Processing Q5T7B8 with model AF-Q5T7B8-F1-model_v4.pdb
INFO:2025-10-30 14:47:49,489:Computing HSC features for: Q5T7B8, ENST00000402558, ../Ntranos_Rotation/ESM-SaProt/AF-Q5T7B8-F1-model_v4.pdb.gz
INFO:2025-10-30 14:49:38,933:Successfully computed HSC for Q5T7B8.
INFO:2025-10-30 14:49:38,933:Processing Q5T7M4 with model AF-Q5T7M4-F1-model_v4.pdb
INFO:2025-10-30 14:49:38,986:Computing HSC features for: Q5T7M4, ENST00000330388, ../Ntranos_Rotation/ESM-SaProt/AF-Q5T7M4-F1-model_v4.pdb.gz
INFO:2025-10-30 14:50:20,367:Successfully computed HSC for Q5T7M4.
INFO:2025-10-30 14:50:20,367:Processing Q5T7M9 with model AF-Q5T7M9-F1-model_v4.pdb
INFO:2025-10-30 14:50:20,512:Computing HSC features for: Q5T7M9, ENST00000370310, ../Ntranos_Rotation/ESM-SaProt/AF-Q5T7M9-F1-model_v4.pdb.gz
INFO:2025-10-30 14:51:01,182:Successfully computed HSC for Q5T7M9.
INFO:2025-10-30 14:51:01,182:Processing Q5T7N2 with model AF-Q5T7N2-F1-model_v4.pdb
INFO:2025-10-30 14:51:01,382:Computing HSC features for: Q5T7N2, ENST00000498273, ../Ntranos_Rotation/ESM-SaProt/AF-Q5T7N2-F1-model_v4.pdb.gz
INFO:2025-10-30 14:51:58,783:Successfully computed HSC for Q5T7N2.
INFO:2025-10-30 14:51:58,784:Processing Q5T7N3 with model AF-Q5T7N3-F1-model_v4.pdb
INFO:2025-10-30 14:51:58,917:Computing HSC features for: Q5T7N3, ENST00000371153, ../Ntranos_Rotation/ESM-SaProt/AF-Q5T7N3-F1-model_v4.pdb.gz
INFO:2025-10-30 14:53:23,110:Successfully computed HSC for Q5T7N3.
INFO:2025-10-30 14:53:23,110:Processing Q5T7N8 with model AF-Q5T7N8-F1-model_v4.pdb
ERROR:2025-10-30 14:53:23,429:No ENST transcript IDs were mapped to Q5T7N8
INFO:2025-10-30 14:53:23,429:Processing Q5T7P2 with model AF-Q5T7P2-F1-model_v4.pdb
INFO:2025-10-30 14:53:23,552:Computing HSC features for: Q5T7P2, ENST00000335123, ../Ntranos_Rotation/ESM-SaProt/AF-Q5T7P2-F1-model_v4.pdb.gz
INFO:2025-10-30 14:53:39,867:Successfully computed HSC for Q5T7P2.
INFO:2025-10-30 14:53:39,867:Processing Q5T7P3 with model AF-Q5T7P3-F1-model_v4.pdb
INFO:2025-10-30 14:53:39,894:Computing HSC features for: Q5T7P3, ENST00000360090, ../Ntranos_Rotation/ESM-SaProt/AF-Q5T7P3-F1-model_v4.pdb.gz
INFO:2025-10-30 14:53:54,952:Successfully computed HSC for Q5T7P3.
INFO:2025-10-30 14:53:54,952:Processing Q5T7P6 with model AF-Q5T7P6-F1-model_v4.pdb
ERROR:2025-10-30 14:53:55,014:No ENST transcript IDs were mapped to Q5T7P6
INFO:2025-10-30 14:53:55,014:Processing Q5T7P8 with model AF-Q5T7P8-F1-model_v4.pdb
INFO:2025-10-30 14:53:55,155:Computing HSC features for: Q5T7P8, ENST00000610222, ../Ntranos_Rotation/ESM-SaProt/AF-Q5T7P8-F1-model_v4.pdb.gz
INFO:2025-10-30 14:55:01,469:Successfully computed HSC for Q5T7P8.
INFO:2025-10-30 14:55:01,469:Processing Q5T7R7 with model AF-Q5T7R7-F1-model_v4.pdb
INFO:2025-10-30 14:55:01,524:Computing HSC features for: Q5T7R7, ENST00000371759, ../Ntranos_Rotation/ESM-SaProt/AF-Q5T7R7-F1-model_v4.pdb.gz
INFO:2025-10-30 14:55:26,094:Successfully computed HSC for Q5T7R7.
INFO:2025-10-30 14:55:26,094:Processing Q5T7V8 with model AF-Q5T7V8-F1-model_v4.pdb
INFO:2025-10-30 14:55:26,172:Computing HSC features for: Q5T7V8, ENST00000367763, ../Ntranos_Rotation/ESM-SaProt/AF-Q5T7V8-F1-model_v4.pdb.gz
INFO:2025-10-30 14:55:55,638:Successfully computed HSC for Q5T7V8.
INFO:2025-10-30 14:55:55,638:Processing Q5T7W0 with model AF-Q5T7W0-F1-model_v4.pdb
INFO:2025-10-30 14:55:55,836:Computing HSC features for: Q5T7W0, ENST00000374126, ../Ntranos_Rotation/ESM-SaProt/AF-Q5T7W0-F1-model_v4.pdb.gz
INFO:2025-10-30 14:58:36,469:Successfully computed HSC for Q5T7W0.
INFO:2025-10-30 14:58:36,469:Processing Q5T7W7 with model AF-Q5T7W7-F1-model_v4.pdb
INFO:2025-10-30 14:58:36,583:Computing HSC features for: Q5T7W7, ENST00000341170, ../Ntranos_Rotation/ESM-SaProt/AF-Q5T7W7-F1-model_v4.pdb.gz
INFO:2025-10-30 14:59:14,165:Successfully computed HSC for Q5T7W7.
INFO:2025-10-30 14:59:14,165:Processing Q5T848 with model AF-Q5T848-F1-model_v4.pdb
INFO:2025-10-30 14:59:14,338:Computing HSC features for: Q5T848, ENST00000376351, ../Ntranos_Rotation/ESM-SaProt/AF-Q5T848-F1-model_v4.pdb.gz
INFO:2025-10-30 15:01:47,774:Successfully computed HSC for Q5T848.
INFO:2025-10-30 15:01:47,774:Processing Q5T870 with model AF-Q5T870-F1-model_v4.pdb
INFO:2025-10-30 15:01:47,835:Computing HSC features for: Q5T870, ENST00000368744, ../Ntranos_Rotation/ESM-SaProt/AF-Q5T870-F1-model_v4.pdb.gz
INFO:2025-10-30 15:02:00,612:Successfully computed HSC for Q5T870.
INFO:2025-10-30 15:02:00,612:Processing Q5T871 with model AF-Q5T871-F1-model_v4.pdb
INFO:2025-10-30 15:02:00,649:Computing HSC features for: Q5T871, ENST00000368747, ../Ntranos_Rotation/ESM-SaProt/AF-Q5T871-F1-model_v4.pdb.gz
INFO:2025-10-30 15:02:08,433:Successfully computed HSC for Q5T871.
INFO:2025-10-30 15:02:08,433:Processing Q5T890 with model AF-Q5T890-F1-model_v4.pdb
ERROR:2025-10-30 15:02:08,629:No valid CDS found for Q5T890
INFO:2025-10-30 15:02:08,630:Processing Q5T8A7 with model AF-Q5T8A7-F1-model_v4.pdb
INFO:2025-10-30 15:02:08,871:Computing HSC features for: Q5T8A7, ENST00000356818, ../Ntranos_Rotation/ESM-SaProt/AF-Q5T8A7-F1-model_v4.pdb.gz
INFO:2025-10-30 15:04:45,661:Successfully computed HSC for Q5T8A7.
INFO:2025-10-30 15:04:45,662:Processing Q5T8D3 with model AF-Q5T8D3-F1-model_v4.pdb
INFO:2025-10-30 15:04:45,793:Computing HSC features for: Q5T8D3, ENST00000375888, ../Ntranos_Rotation/ESM-SaProt/AF-Q5T8D3-F1-model_v4.pdb.gz
INFO:2025-10-30 15:05:30,145:Successfully computed HSC for Q5T8D3.
INFO:2025-10-30 15:05:30,145:Processing Q5T8I3 with model AF-Q5T8I3-F1-model_v4.pdb
INFO:2025-10-30 15:05:30,239:Computing HSC features for: Q5T8I3, ENST00000370035, ../Ntranos_Rotation/ESM-SaProt/AF-Q5T8I3-F1-model_v4.pdb.gz
INFO:2025-10-30 15:06:07,140:Successfully computed HSC for Q5T8I3.
INFO:2025-10-30 15:06:07,141:Processing Q5T8I9 with model AF-Q5T8I9-F1-model_v4.pdb
INFO:2025-10-30 15:06:07,247:Computing HSC features for: Q5T8I9, ENST00000370032, ../Ntranos_Rotation/ESM-SaProt/AF-Q5T8I9-F1-model_v4.pdb.gz
INFO:2025-10-30 15:06:58,868:Successfully computed HSC for Q5T8I9.
INFO:2025-10-30 15:06:58,868:Pipeline completed.
INFO:2025-10-30 15:06:58,868:no_enst_for_uniprot: 3
INFO:2025-10-30 15:06:58,868:no_valid_cds: 1
INFO:2025-10-30 15:06:58,868:no_variant_data: 2
INFO:2025-10-30 15:06:58,869:bad_structure: 0
INFO:2025-10-30 15:06:58,869:no_enst_mp: 0
