INFO:2025-10-30 14:27:03,948:Starting HSC computation pipeline...
INFO:2025-10-30 14:28:15,634:Processing Q9BQ89 with model AF-Q9BQ89-F1-model_v4.pdb
INFO:2025-10-30 14:28:15,759:Computing HSC features for: Q9BQ89, ENST00000246100, ../Ntranos_Rotation/ESM-SaProt/AF-Q9BQ89-F1-model_v4.pdb.gz
INFO:2025-10-30 14:29:38,666:Successfully computed HSC for Q9BQ89.
INFO:2025-10-30 14:29:38,666:Processing Q9BQ90 with model AF-Q9BQ90-F1-model_v4.pdb
INFO:2025-10-30 14:29:38,791:Computing HSC features for: Q9BQ90, ENST00000326974, ../Ntranos_Rotation/ESM-SaProt/AF-Q9BQ90-F1-model_v4.pdb.gz
INFO:2025-10-30 14:30:49,887:Successfully computed HSC for Q9BQ90.
INFO:2025-10-30 14:30:49,887:Processing Q9BQ95 with model AF-Q9BQ95-F1-model_v4.pdb
ERROR:2025-10-30 14:30:50,005:No transcript record found for Q9BQ95 in gnomAD.
INFO:2025-10-30 14:30:50,005:Processing Q9BQA1 with model AF-Q9BQA1-F1-model_v4.pdb
INFO:2025-10-30 14:30:50,111:Computing HSC features for: Q9BQA1, ENST00000235090, ../Ntranos_Rotation/ESM-SaProt/AF-Q9BQA1-F1-model_v4.pdb.gz
INFO:2025-10-30 14:31:53,446:Successfully computed HSC for Q9BQA1.
INFO:2025-10-30 14:31:53,446:Processing Q9BQA5 with model AF-Q9BQA5-F1-model_v4.pdb
INFO:2025-10-30 14:31:53,575:Computing HSC features for: Q9BQA5, ENST00000350777, ../Ntranos_Rotation/ESM-SaProt/AF-Q9BQA5-F1-model_v4.pdb.gz
INFO:2025-10-30 14:33:03,147:Successfully computed HSC for Q9BQA5.
INFO:2025-10-30 14:33:03,148:Processing Q9BQA9 with model AF-Q9BQA9-F1-model_v4.pdb
ERROR:2025-10-30 14:33:03,207:No transcript record found for Q9BQA9 in gnomAD.
INFO:2025-10-30 14:33:03,207:Processing Q9BQB4 with model AF-Q9BQB4-F1-model_v4.pdb
INFO:2025-10-30 14:33:03,291:Computing HSC features for: Q9BQB4, ENST00000301691, ../Ntranos_Rotation/ESM-SaProt/AF-Q9BQB4-F1-model_v4.pdb.gz
INFO:2025-10-30 14:34:07,948:Successfully computed HSC for Q9BQB4.
INFO:2025-10-30 14:34:07,948:Processing Q9BQB6 with model AF-Q9BQB6-F1-model_v4.pdb
INFO:2025-10-30 14:34:08,107:Computing HSC features for: Q9BQB6, ENST00000394975, ../Ntranos_Rotation/ESM-SaProt/AF-Q9BQB6-F1-model_v4.pdb.gz
INFO:2025-10-30 14:34:36,795:Successfully computed HSC for Q9BQB6.
INFO:2025-10-30 14:34:36,795:Processing Q9BQC3 with model AF-Q9BQC3-F1-model_v4.pdb
INFO:2025-10-30 14:34:36,891:Computing HSC features for: Q9BQC3, ENST00000255108, ../Ntranos_Rotation/ESM-SaProt/AF-Q9BQC3-F1-model_v4.pdb.gz
INFO:2025-10-30 14:35:49,074:Successfully computed HSC for Q9BQC3.
INFO:2025-10-30 14:35:49,074:Processing Q9BQC6 with model AF-Q9BQC6-F1-model_v4.pdb
INFO:2025-10-30 14:35:49,122:Computing HSC features for: Q9BQC6, ENST00000309594, ../Ntranos_Rotation/ESM-SaProt/AF-Q9BQC6-F1-model_v4.pdb.gz
INFO:2025-10-30 14:36:12,819:Successfully computed HSC for Q9BQC6.
INFO:2025-10-30 14:36:12,819:Processing Q9BQD1 with model AF-Q9BQD1-F1-model_v4.pdb
ERROR:2025-10-30 14:36:12,857:No ENST transcript IDs were mapped to Q9BQD1
INFO:2025-10-30 14:36:12,857:Processing Q9BQD3 with model AF-Q9BQD3-F1-model_v4.pdb
INFO:2025-10-30 14:36:12,928:Computing HSC features for: Q9BQD3, ENST00000222307, ../Ntranos_Rotation/ESM-SaProt/AF-Q9BQD3-F1-model_v4.pdb.gz
INFO:2025-10-30 14:36:57,720:Successfully computed HSC for Q9BQD3.
INFO:2025-10-30 14:36:57,720:Processing Q9BQD7 with model AF-Q9BQD7-F1-model_v4.pdb
INFO:2025-10-30 14:36:57,798:Computing HSC features for: Q9BQD7, ENST00000569529, ../Ntranos_Rotation/ESM-SaProt/AF-Q9BQD7-F1-model_v4.pdb.gz
INFO:2025-10-30 14:38:19,945:Successfully computed HSC for Q9BQD7.
INFO:2025-10-30 14:38:19,945:Processing Q9BQE3 with model AF-Q9BQE3-F1-model_v4.pdb
INFO:2025-10-30 14:38:20,057:Computing HSC features for: Q9BQE3, ENST00000301072, ../Ntranos_Rotation/ESM-SaProt/AF-Q9BQE3-F1-model_v4.pdb.gz
INFO:2025-10-30 14:39:44,130:Successfully computed HSC for Q9BQE3.
INFO:2025-10-30 14:39:44,130:Processing Q9BQE5 with model AF-Q9BQE5-F1-model_v4.pdb
INFO:2025-10-30 14:39:44,194:Computing HSC features for: Q9BQE5, ENST00000249066, ../Ntranos_Rotation/ESM-SaProt/AF-Q9BQE5-F1-model_v4.pdb.gz
INFO:2025-10-30 14:40:29,931:Successfully computed HSC for Q9BQE5.
INFO:2025-10-30 14:40:29,931:Processing Q9BQE6 with model AF-Q9BQE6-F1-model_v4.pdb
INFO:2025-10-30 14:40:30,001:Computing HSC features for: Q9BQE6, ENST00000431002, ../Ntranos_Rotation/ESM-SaProt/AF-Q9BQE6-F1-model_v4.pdb.gz
INFO:2025-10-30 14:41:03,863:Successfully computed HSC for Q9BQE6.
INFO:2025-10-30 14:41:03,863:Processing Q9BQE9 with model AF-Q9BQE9-F1-model_v4.pdb
INFO:2025-10-30 14:41:03,929:Computing HSC features for: Q9BQE9, ENST00000223368, ../Ntranos_Rotation/ESM-SaProt/AF-Q9BQE9-F1-model_v4.pdb.gz
INFO:2025-10-30 14:41:36,161:Successfully computed HSC for Q9BQE9.
INFO:2025-10-30 14:41:36,161:Processing Q9BQF6 with model AF-Q9BQF6-F1-model_v4.pdb
INFO:2025-10-30 14:41:36,315:Computing HSC features for: Q9BQF6, ENST00000394095, ../Ntranos_Rotation/ESM-SaProt/AF-Q9BQF6-F1-model_v4.pdb.gz
INFO:2025-10-30 14:43:32,634:Successfully computed HSC for Q9BQF6.
INFO:2025-10-30 14:43:32,634:Processing Q9BQG0 with model AF-Q9BQG0-F1-model_v4.pdb
INFO:2025-10-30 14:43:33,069:Computing HSC features for: Q9BQG0, ENST00000254718, ../Ntranos_Rotation/ESM-SaProt/AF-Q9BQG0-F1-model_v4.pdb.gz
INFO:2025-10-30 14:46:52,063:Successfully computed HSC for Q9BQG0.
INFO:2025-10-30 14:46:52,064:Processing Q9BQG1 with model AF-Q9BQG1-F1-model_v4.pdb
INFO:2025-10-30 14:46:52,288:Computing HSC features for: Q9BQG1, ENST00000338916, ../Ntranos_Rotation/ESM-SaProt/AF-Q9BQG1-F1-model_v4.pdb.gz
INFO:2025-10-30 14:48:37,019:Successfully computed HSC for Q9BQG1.
INFO:2025-10-30 14:48:37,020:Processing Q9BQG2 with model AF-Q9BQG2-F1-model_v4.pdb
INFO:2025-10-30 14:48:37,150:Computing HSC features for: Q9BQG2, ENST00000230792, ../Ntranos_Rotation/ESM-SaProt/AF-Q9BQG2-F1-model_v4.pdb.gz
INFO:2025-10-30 14:49:23,994:Successfully computed HSC for Q9BQG2.
INFO:2025-10-30 14:49:23,994:Processing Q9BQI0 with model AF-Q9BQI0-F1-model_v4.pdb
INFO:2025-10-30 14:49:24,035:Computing HSC features for: Q9BQI0, ENST00000247291, ../Ntranos_Rotation/ESM-SaProt/AF-Q9BQI0-F1-model_v4.pdb.gz
INFO:2025-10-30 14:49:43,808:Successfully computed HSC for Q9BQI0.
INFO:2025-10-30 14:49:43,808:Processing Q9BQI3 with model AF-Q9BQI3-F1-model_v4.pdb
INFO:2025-10-30 14:49:43,901:Computing HSC features for: Q9BQI3, ENST00000199389, ../Ntranos_Rotation/ESM-SaProt/AF-Q9BQI3-F1-model_v4.pdb.gz
INFO:2025-10-30 14:51:02,056:Successfully computed HSC for Q9BQI3.
INFO:2025-10-30 14:51:02,056:Processing Q9BQI4 with model AF-Q9BQI4-F1-model_v4.pdb
INFO:2025-10-30 14:51:02,133:Computing HSC features for: Q9BQI4, ENST00000378825, ../Ntranos_Rotation/ESM-SaProt/AF-Q9BQI4-F1-model_v4.pdb.gz
INFO:2025-10-30 14:51:53,192:Successfully computed HSC for Q9BQI4.
INFO:2025-10-30 14:51:53,193:Processing Q9BQI5 with model AF-Q9BQI5-F1-model_v4.pdb
INFO:2025-10-30 14:51:53,362:Computing HSC features for: Q9BQI5, ENST00000371037, ../Ntranos_Rotation/ESM-SaProt/AF-Q9BQI5-F1-model_v4.pdb.gz
INFO:2025-10-30 14:53:32,313:Successfully computed HSC for Q9BQI5.
INFO:2025-10-30 14:53:32,313:Processing Q9BQI6 with model AF-Q9BQI6-F1-model_v4.pdb
INFO:2025-10-30 14:53:32,557:Computing HSC features for: Q9BQI6, ENST00000265140, ../Ntranos_Rotation/ESM-SaProt/AF-Q9BQI6-F1-model_v4.pdb.gz
INFO:2025-10-30 14:55:17,844:Successfully computed HSC for Q9BQI6.
INFO:2025-10-30 14:55:17,844:Processing Q9BQI7 with model AF-Q9BQI7-F1-model_v4.pdb
INFO:2025-10-30 14:55:17,968:Computing HSC features for: Q9BQI7, ENST00000274710, ../Ntranos_Rotation/ESM-SaProt/AF-Q9BQI7-F1-model_v4.pdb.gz
INFO:2025-10-30 14:57:10,171:Successfully computed HSC for Q9BQI7.
INFO:2025-10-30 14:57:10,171:Processing Q9BQI9 with model AF-Q9BQI9-F1-model_v4.pdb
INFO:2025-10-30 14:57:10,233:Computing HSC features for: Q9BQI9, ENST00000337508, ../Ntranos_Rotation/ESM-SaProt/AF-Q9BQI9-F1-model_v4.pdb.gz
INFO:2025-10-30 14:57:49,875:Successfully computed HSC for Q9BQI9.
INFO:2025-10-30 14:57:49,876:Processing Q9BQJ4 with model AF-Q9BQJ4-F1-model_v4.pdb
INFO:2025-10-30 14:57:49,921:Computing HSC features for: Q9BQJ4, ENST00000275954, ../Ntranos_Rotation/ESM-SaProt/AF-Q9BQJ4-F1-model_v4.pdb.gz
INFO:2025-10-30 14:58:17,215:Successfully computed HSC for Q9BQJ4.
INFO:2025-10-30 14:58:17,215:Processing Q9BQK8 with model AF-Q9BQK8-F1-model_v4.pdb
INFO:2025-10-30 14:58:17,344:Computing HSC features for: Q9BQK8, ENST00000373257, ../Ntranos_Rotation/ESM-SaProt/AF-Q9BQK8-F1-model_v4.pdb.gz
INFO:2025-10-30 15:00:11,069:Successfully computed HSC for Q9BQK8.
INFO:2025-10-30 15:00:11,070:Processing Q9BQL6 with model AF-Q9BQL6-F1-model_v4.pdb
ERROR:2025-10-30 15:00:11,252:No transcript record found for Q9BQL6 in gnomAD.
INFO:2025-10-30 15:00:11,252:Processing Q9BQM9 with model AF-Q9BQM9-F1-model_v4.pdb
INFO:2025-10-30 15:00:11,306:Computing HSC features for: Q9BQM9, ENST00000375222, ../Ntranos_Rotation/ESM-SaProt/AF-Q9BQM9-F1-model_v4.pdb.gz
INFO:2025-10-30 15:00:50,072:Successfully computed HSC for Q9BQM9.
INFO:2025-10-30 15:00:50,072:Processing Q9BQN1 with model AF-Q9BQN1-F1-model_v4.pdb
INFO:2025-10-30 15:00:50,175:Computing HSC features for: Q9BQN1, ENST00000374408, ../Ntranos_Rotation/ESM-SaProt/AF-Q9BQN1-F1-model_v4.pdb.gz
INFO:2025-10-30 15:02:42,142:Successfully computed HSC for Q9BQN1.
INFO:2025-10-30 15:02:42,142:Processing Q9BQP7 with model AF-Q9BQP7-F1-model_v4.pdb
INFO:2025-10-30 15:02:42,235:Computing HSC features for: Q9BQP7, ENST00000377710, ../Ntranos_Rotation/ESM-SaProt/AF-Q9BQP7-F1-model_v4.pdb.gz
INFO:2025-10-30 15:03:20,487:Successfully computed HSC for Q9BQP7.
INFO:2025-10-30 15:03:20,488:Processing Q9BQP9 with model AF-Q9BQP9-F1-model_v4.pdb
INFO:2025-10-30 15:03:20,650:Computing HSC features for: Q9BQP9, ENST00000375454, ../Ntranos_Rotation/ESM-SaProt/AF-Q9BQP9-F1-model_v4.pdb.gz
INFO:2025-10-30 15:03:50,527:Successfully computed HSC for Q9BQP9.
INFO:2025-10-30 15:03:50,527:Processing Q9BQQ3 with model AF-Q9BQQ3-F1-model_v4.pdb
INFO:2025-10-30 15:03:50,648:Computing HSC features for: Q9BQQ3, ENST00000319283, ../Ntranos_Rotation/ESM-SaProt/AF-Q9BQQ3-F1-model_v4.pdb.gz
INFO:2025-10-30 15:04:53,089:Successfully computed HSC for Q9BQQ3.
INFO:2025-10-30 15:04:53,089:Processing Q9BQQ7 with model AF-Q9BQQ7-F1-model_v4.pdb
INFO:2025-10-30 15:04:53,160:Computing HSC features for: Q9BQQ7, ENST00000296142, ../Ntranos_Rotation/ESM-SaProt/AF-Q9BQQ7-F1-model_v4.pdb.gz
INFO:2025-10-30 15:05:20,871:Successfully computed HSC for Q9BQQ7.
INFO:2025-10-30 15:05:20,872:Processing Q9BQR3 with model AF-Q9BQR3-F1-model_v4.pdb
INFO:2025-10-30 15:05:20,981:Computing HSC features for: Q9BQR3, ENST00000302641, ../Ntranos_Rotation/ESM-SaProt/AF-Q9BQR3-F1-model_v4.pdb.gz
INFO:2025-10-30 15:06:16,168:Successfully computed HSC for Q9BQR3.
INFO:2025-10-30 15:06:16,168:Processing Q9BQS2 with model AF-Q9BQS2-F1-model_v4.pdb
INFO:2025-10-30 15:06:16,280:Computing HSC features for: Q9BQS2, ENST00000374321, ../Ntranos_Rotation/ESM-SaProt/AF-Q9BQS2-F1-model_v4.pdb.gz
INFO:2025-10-30 15:07:25,741:Successfully computed HSC for Q9BQS2.
INFO:2025-10-30 15:07:25,742:Processing Q9BQS6 with model AF-Q9BQS6-F1-model_v4.pdb
ERROR:2025-10-30 15:07:25,800:No transcript record found for Q9BQS6 in gnomAD.
INFO:2025-10-30 15:07:25,801:Processing Q9BQS7 with model AF-Q9BQS7-F1-model_v4.pdb
INFO:2025-10-30 15:07:26,058:Computing HSC features for: Q9BQS7, ENST00000519389, ../Ntranos_Rotation/ESM-SaProt/AF-Q9BQS7-F1-model_v4.pdb.gz
INFO:2025-10-30 15:09:36,284:Successfully computed HSC for Q9BQS7.
INFO:2025-10-30 15:09:36,285:Processing Q9BQS8 with model AF-Q9BQS8-F1-model_v4.pdb
INFO:2025-10-30 15:09:36,702:Computing HSC features for: Q9BQS8, ENST00000296137, ../Ntranos_Rotation/ESM-SaProt/AF-Q9BQS8-F1-model_v4.pdb.gz
INFO:2025-10-30 15:12:42,267:Successfully computed HSC for Q9BQS8.
INFO:2025-10-30 15:12:42,268:Processing Q9BQT8 with model AF-Q9BQT8-F1-model_v4.pdb
INFO:2025-10-30 15:12:42,369:Computing HSC features for: Q9BQT8, ENST00000331299, ../Ntranos_Rotation/ESM-SaProt/AF-Q9BQT8-F1-model_v4.pdb.gz
INFO:2025-10-30 15:13:15,259:Successfully computed HSC for Q9BQT8.
INFO:2025-10-30 15:13:15,260:Processing Q9BQT9 with model AF-Q9BQT9-F1-model_v4.pdb
INFO:2025-10-30 15:13:15,475:Computing HSC features for: Q9BQT9, ENST00000266546, ../Ntranos_Rotation/ESM-SaProt/AF-Q9BQT9-F1-model_v4.pdb.gz
INFO:2025-10-30 15:15:35,770:Successfully computed HSC for Q9BQT9.
INFO:2025-10-30 15:15:35,771:Processing Q9BQW3 with model AF-Q9BQW3-F1-model_v4.pdb
INFO:2025-10-30 15:15:36,202:Computing HSC features for: Q9BQW3, ENST00000609451, ../Ntranos_Rotation/ESM-SaProt/AF-Q9BQW3-F1-model_v4.pdb.gz
INFO:2025-10-30 15:17:39,692:Successfully computed HSC for Q9BQW3.
INFO:2025-10-30 15:17:39,692:Processing Q9BQY4 with model AF-Q9BQY4-F1-model_v4.pdb
INFO:2025-10-30 15:17:39,765:Computing HSC features for: Q9BQY4, ENST00000371388, ../Ntranos_Rotation/ESM-SaProt/AF-Q9BQY4-F1-model_v4.pdb.gz
INFO:2025-10-30 15:18:25,117:Successfully computed HSC for Q9BQY4.
INFO:2025-10-30 15:18:25,118:Processing Q9BQY9 with model AF-Q9BQY9-F1-model_v4.pdb
INFO:2025-10-30 15:18:25,181:Computing HSC features for: Q9BQY9, ENST00000372720, ../Ntranos_Rotation/ESM-SaProt/AF-Q9BQY9-F1-model_v4.pdb.gz
INFO:2025-10-30 15:19:08,546:Successfully computed HSC for Q9BQY9.
INFO:2025-10-30 15:19:08,546:Processing Q9BR01 with model AF-Q9BR01-F1-model_v4.pdb
INFO:2025-10-30 15:19:08,646:Computing HSC features for: Q9BR01, ENST00000330884, ../Ntranos_Rotation/ESM-SaProt/AF-Q9BR01-F1-model_v4.pdb.gz
INFO:2025-10-30 15:20:04,053:Successfully computed HSC for Q9BR01.
INFO:2025-10-30 15:20:04,053:Processing Q9BR09 with model AF-Q9BR09-F1-model_v4.pdb
INFO:2025-10-30 15:20:04,207:Computing HSC features for: Q9BR09, ENST00000372518, ../Ntranos_Rotation/ESM-SaProt/AF-Q9BR09-F1-model_v4.pdb.gz
INFO:2025-10-30 15:21:39,288:Successfully computed HSC for Q9BR09.
INFO:2025-10-30 15:21:39,288:Processing Q9BR10 with model AF-Q9BR10-F1-model_v4.pdb
INFO:2025-10-30 15:21:39,351:Computing HSC features for: Q9BR10, ENST00000372519, ../Ntranos_Rotation/ESM-SaProt/AF-Q9BR10-F1-model_v4.pdb.gz
INFO:2025-10-30 15:22:43,594:Successfully computed HSC for Q9BR10.
INFO:2025-10-30 15:22:43,595:Pipeline completed.
INFO:2025-10-30 15:22:43,595:no_enst_for_uniprot: 1
INFO:2025-10-30 15:22:43,595:no_valid_cds: 0
INFO:2025-10-30 15:22:43,595:no_variant_data: 4
INFO:2025-10-30 15:22:43,595:bad_structure: 0
INFO:2025-10-30 15:22:43,595:no_enst_mp: 0
