INFO:2025-10-30 14:27:03,543:Starting HSC computation pipeline...
INFO:2025-10-30 14:28:01,471:Processing A6NCC3 with model AF-A6NCC3-F1-model_v4.pdb
INFO:2025-10-30 14:28:01,610:Computing HSC features for: A6NCC3, ENST00000509311, ../Ntranos_Rotation/ESM-SaProt/AF-A6NCC3-F1-model_v4.pdb.gz
INFO:2025-10-30 14:28:57,744:Successfully computed HSC for A6NCC3.
INFO:2025-10-30 14:28:57,744:Processing A6NCE7 with model AF-A6NCE7-F1-model_v4.pdb
INFO:2025-10-30 14:28:57,799:Computing HSC features for: A6NCE7, ENST00000556529, ../Ntranos_Rotation/ESM-SaProt/AF-A6NCE7-F1-model_v4.pdb.gz
INFO:2025-10-30 14:29:10,785:Successfully computed HSC for A6NCE7.
INFO:2025-10-30 14:29:10,785:Processing A6NCF5 with model AF-A6NCF5-F1-model_v4.pdb
ERROR:2025-10-30 14:29:10,931:No transcript record found for A6NCF5 in gnomAD.
INFO:2025-10-30 14:29:10,931:Processing A6NCF6 with model AF-A6NCF6-F1-model_v4.pdb
ERROR:2025-10-30 14:29:11,011:No ENST transcript IDs were mapped to A6NCF6
INFO:2025-10-30 14:29:11,011:Processing A6NCI4 with model AF-A6NCI4-F1-model_v4.pdb
INFO:2025-10-30 14:29:11,154:Computing HSC features for: A6NCI4, ENST00000389398, ../Ntranos_Rotation/ESM-SaProt/AF-A6NCI4-F1-model_v4.pdb.gz
INFO:2025-10-30 14:30:53,569:Successfully computed HSC for A6NCI4.
INFO:2025-10-30 14:30:53,569:Processing A6NCI5 with model AF-A6NCI5-F1-model_v4.pdb
ERROR:2025-10-30 14:30:53,633:No ENST transcript IDs were mapped to A6NCI5
INFO:2025-10-30 14:30:53,633:Processing A6NCI8 with model AF-A6NCI8-F1-model_v4.pdb
ERROR:2025-10-30 14:30:53,822:No transcript record found for A6NCI8 in gnomAD.
INFO:2025-10-30 14:30:53,822:Processing A6NCJ1 with model AF-A6NCJ1-F1-model_v4.pdb
INFO:2025-10-30 14:30:53,888:Computing HSC features for: A6NCJ1, ENST00000329493, ../Ntranos_Rotation/ESM-SaProt/AF-A6NCJ1-F1-model_v4.pdb.gz
INFO:2025-10-30 14:31:21,129:Successfully computed HSC for A6NCJ1.
INFO:2025-10-30 14:31:21,130:Processing A6NCK2 with model AF-A6NCK2-F1-model_v4.pdb
ERROR:2025-10-30 14:31:21,226:No transcript record found for A6NCK2 in gnomAD.
INFO:2025-10-30 14:31:21,226:Processing A6NCL1 with model AF-A6NCL1-F1-model_v4.pdb
INFO:2025-10-30 14:31:21,312:Computing HSC features for: A6NCL1, ENST00000442080, ../Ntranos_Rotation/ESM-SaProt/AF-A6NCL1-F1-model_v4.pdb.gz
INFO:2025-10-30 14:31:53,978:Successfully computed HSC for A6NCL1.
INFO:2025-10-30 14:31:53,978:Processing A6NCL2 with model AF-A6NCL2-F1-model_v4.pdb
ERROR:2025-10-30 14:31:54,034:No transcript record found for A6NCL2 in gnomAD.
INFO:2025-10-30 14:31:54,034:Processing A6NCL7 with model AF-A6NCL7-F1-model_v4.pdb
INFO:2025-10-30 14:31:54,133:Computing HSC features for: A6NCL7, ENST00000296657, ../Ntranos_Rotation/ESM-SaProt/AF-A6NCL7-F1-model_v4.pdb.gz
INFO:2025-10-30 14:33:20,286:Successfully computed HSC for A6NCL7.
INFO:2025-10-30 14:33:20,286:Processing A6NCM1 with model AF-A6NCM1-F1-model_v4.pdb
ERROR:2025-10-30 14:33:20,497:No transcript record found for A6NCM1 in gnomAD.
INFO:2025-10-30 14:33:20,497:Processing A6NCN2 with model AF-A6NCN2-F1-model_v4.pdb
ERROR:2025-10-30 14:33:20,574:No ENST transcript IDs were mapped to A6NCN2
INFO:2025-10-30 14:33:20,574:Processing A6NCN8 with model AF-A6NCN8-F1-model_v4.pdb
ERROR:2025-10-30 14:33:20,658:No transcript record found for A6NCN8 in gnomAD.
INFO:2025-10-30 14:33:20,658:Processing A6NCQ9 with model AF-A6NCQ9-F1-model_v4.pdb
INFO:2025-10-30 14:33:20,718:Computing HSC features for: A6NCQ9, ENST00000344001, ../Ntranos_Rotation/ESM-SaProt/AF-A6NCQ9-F1-model_v4.pdb.gz
INFO:2025-10-30 14:33:51,426:Successfully computed HSC for A6NCQ9.
INFO:2025-10-30 14:33:51,426:Processing A6NCS4 with model AF-A6NCS4-F1-model_v4.pdb
INFO:2025-10-30 14:33:51,496:Computing HSC features for: A6NCS4, ENST00000325017, ../Ntranos_Rotation/ESM-SaProt/AF-A6NCS4-F1-model_v4.pdb.gz
INFO:2025-10-30 14:34:41,381:Successfully computed HSC for A6NCS4.
INFO:2025-10-30 14:34:41,381:Processing A6NCS6 with model AF-A6NCS6-F1-model_v4.pdb
INFO:2025-10-30 14:34:41,456:Computing HSC features for: A6NCS6, ENST00000373640, ../Ntranos_Rotation/ESM-SaProt/AF-A6NCS6-F1-model_v4.pdb.gz
INFO:2025-10-30 14:35:35,742:Successfully computed HSC for A6NCS6.
INFO:2025-10-30 14:35:35,742:Processing A6NCV1 with model AF-A6NCV1-F1-model_v4.pdb
INFO:2025-10-30 14:35:35,832:Computing HSC features for: A6NCV1, ENST00000343399, ../Ntranos_Rotation/ESM-SaProt/AF-A6NCV1-F1-model_v4.pdb.gz
INFO:2025-10-30 14:36:06,055:Successfully computed HSC for A6NCV1.
INFO:2025-10-30 14:36:06,055:Processing A6NCW0 with model AF-A6NCW0-F1-model_v4.pdb
ERROR:2025-10-30 14:36:06,128:No transcript record found for A6NCW0 in gnomAD.
INFO:2025-10-30 14:36:06,128:Processing A6NCW7 with model AF-A6NCW7-F1-model_v4.pdb
ERROR:2025-10-30 14:36:06,195:No transcript record found for A6NCW7 in gnomAD.
INFO:2025-10-30 14:36:06,195:Processing A6ND01 with model AF-A6ND01-F1-model_v4.pdb
ERROR:2025-10-30 14:36:06,259:No transcript record found for A6ND01 in gnomAD.
INFO:2025-10-30 14:36:06,259:Processing A6ND36 with model AF-A6ND36-F1-model_v4.pdb
INFO:2025-10-30 14:36:06,429:Computing HSC features for: A6ND36, ENST00000388995, ../Ntranos_Rotation/ESM-SaProt/AF-A6ND36-F1-model_v4.pdb.gz
INFO:2025-10-30 14:37:54,319:Successfully computed HSC for A6ND36.
INFO:2025-10-30 14:37:54,319:Processing A6ND48 with model AF-A6ND48-F1-model_v4.pdb
INFO:2025-10-30 14:37:54,389:Computing HSC features for: A6ND48, ENST00000342623, ../Ntranos_Rotation/ESM-SaProt/AF-A6ND48-F1-model_v4.pdb.gz
ERROR:2025-10-30 14:37:54,457:Missing ENST record in counts: ENST00000342623
INFO:2025-10-30 14:37:54,457:Processing A6ND91 with model AF-A6ND91-F1-model_v4.pdb
INFO:2025-10-30 14:37:54,516:Computing HSC features for: A6ND91, ENST00000389208, ../Ntranos_Rotation/ESM-SaProt/AF-A6ND91-F1-model_v4.pdb.gz
INFO:2025-10-30 14:38:28,381:Successfully computed HSC for A6ND91.
INFO:2025-10-30 14:38:28,381:Processing A6NDA9 with model AF-A6NDA9-F1-model_v4.pdb
INFO:2025-10-30 14:38:28,465:Computing HSC features for: A6NDA9, ENST00000372113, ../Ntranos_Rotation/ESM-SaProt/AF-A6NDA9-F1-model_v4.pdb.gz
INFO:2025-10-30 14:39:11,482:Successfully computed HSC for A6NDA9.
INFO:2025-10-30 14:39:11,482:Processing A6NDB9 with model AF-A6NDB9-F1-model_v4.pdb
INFO:2025-10-30 14:39:11,617:Computing HSC features for: A6NDB9, ENST00000340790, ../Ntranos_Rotation/ESM-SaProt/AF-A6NDB9-F1-model_v4.pdb.gz
INFO:2025-10-30 14:40:22,801:Successfully computed HSC for A6NDB9.
INFO:2025-10-30 14:40:22,801:Processing A6NDD5 with model AF-A6NDD5-F1-model_v4.pdb
INFO:2025-10-30 14:40:22,876:Computing HSC features for: A6NDD5, ENST00000331628, ../Ntranos_Rotation/ESM-SaProt/AF-A6NDD5-F1-model_v4.pdb.gz
INFO:2025-10-30 14:40:46,522:Successfully computed HSC for A6NDD5.
INFO:2025-10-30 14:40:46,522:Processing A6NDE4 with model AF-A6NDE4-F1-model_v4.pdb
ERROR:2025-10-30 14:40:46,607:No transcript record found for A6NDE4 in gnomAD.
INFO:2025-10-30 14:40:46,607:Processing A6NDE8 with model AF-A6NDE8-F1-model_v4.pdb
INFO:2025-10-30 14:40:46,665:Computing HSC features for: A6NDE8, ENST00000381722, ../Ntranos_Rotation/ESM-SaProt/AF-A6NDE8-F1-model_v4.pdb.gz
INFO:2025-10-30 14:41:00,970:Successfully computed HSC for A6NDE8.
INFO:2025-10-30 14:41:00,970:Processing A6NDG6 with model AF-A6NDG6-F1-model_v4.pdb
INFO:2025-10-30 14:41:01,057:Computing HSC features for: A6NDG6, ENST00000333503, ../Ntranos_Rotation/ESM-SaProt/AF-A6NDG6-F1-model_v4.pdb.gz
INFO:2025-10-30 14:41:58,732:Successfully computed HSC for A6NDG6.
INFO:2025-10-30 14:41:58,732:Processing A6NDH6 with model AF-A6NDH6-F1-model_v4.pdb
ERROR:2025-10-30 14:41:59,054:No transcript record found for A6NDH6 in gnomAD.
INFO:2025-10-30 14:41:59,054:Processing A6NDI0 with model AF-A6NDI0-F1-model_v4.pdb
INFO:2025-10-30 14:41:59,198:Computing HSC features for: A6NDI0, ENST00000332682, ../Ntranos_Rotation/ESM-SaProt/AF-A6NDI0-F1-model_v4.pdb.gz
INFO:2025-10-30 14:42:34,701:Successfully computed HSC for A6NDI0.
INFO:2025-10-30 14:42:34,701:Processing A6NDK9 with model AF-A6NDK9-F1-model_v4.pdb
INFO:2025-10-30 14:42:34,833:Computing HSC features for: A6NDK9, ENST00000300576, ../Ntranos_Rotation/ESM-SaProt/AF-A6NDK9-F1-model_v4.pdb.gz
INFO:2025-10-30 14:43:45,309:Successfully computed HSC for A6NDK9.
INFO:2025-10-30 14:43:45,309:Processing A6NDL7 with model AF-A6NDL7-F1-model_v4.pdb
ERROR:2025-10-30 14:43:45,522:No ENST transcript IDs were mapped to A6NDL7
INFO:2025-10-30 14:43:45,522:Processing A6NDL8 with model AF-A6NDL8-F1-model_v4.pdb
INFO:2025-10-30 14:43:45,803:Computing HSC features for: A6NDL8, ENST00000548615, ../Ntranos_Rotation/ESM-SaProt/AF-A6NDL8-F1-model_v4.pdb.gz
INFO:2025-10-30 14:44:08,927:Successfully computed HSC for A6NDL8.
INFO:2025-10-30 14:44:08,927:Processing A6NDN3 with model AF-A6NDN3-F1-model_v4.pdb
INFO:2025-10-30 14:44:09,055:Computing HSC features for: A6NDN3, ENST00000421285, ../Ntranos_Rotation/ESM-SaProt/AF-A6NDN3-F1-model_v4.pdb.gz
INFO:2025-10-30 14:45:18,291:Successfully computed HSC for A6NDN3.
INFO:2025-10-30 14:45:18,292:Processing A6NDN8 with model AF-A6NDN8-F1-model_v4.pdb
ERROR:2025-10-30 14:45:18,334:No ENST transcript IDs were mapped to A6NDN8
INFO:2025-10-30 14:45:18,334:Processing A6NDP7 with model AF-A6NDP7-F1-model_v4.pdb
INFO:2025-10-30 14:45:18,409:Computing HSC features for: A6NDP7, ENST00000409745, ../Ntranos_Rotation/ESM-SaProt/AF-A6NDP7-F1-model_v4.pdb.gz
INFO:2025-10-30 14:46:01,722:Successfully computed HSC for A6NDP7.
INFO:2025-10-30 14:46:01,722:Processing A6NDR6 with model AF-A6NDR6-F1-model_v4.pdb
ERROR:2025-10-30 14:46:01,813:No ENST transcript IDs were mapped to A6NDR6
INFO:2025-10-30 14:46:01,813:Processing A6NDS4 with model AF-A6NDS4-F1-model_v4.pdb
ERROR:2025-10-30 14:46:02,067:No transcript record found for A6NDS4 in gnomAD.
INFO:2025-10-30 14:46:02,067:Processing A6NDU8 with model AF-A6NDU8-F1-model_v4.pdb
INFO:2025-10-30 14:46:02,159:Computing HSC features for: A6NDU8, ENST00000381647, ../Ntranos_Rotation/ESM-SaProt/AF-A6NDU8-F1-model_v4.pdb.gz
INFO:2025-10-30 14:46:25,901:Successfully computed HSC for A6NDU8.
INFO:2025-10-30 14:46:25,901:Processing A6NDV4 with model AF-A6NDV4-F1-model_v4.pdb
INFO:2025-10-30 14:46:25,983:Computing HSC features for: A6NDV4, ENST00000377988, ../Ntranos_Rotation/ESM-SaProt/AF-A6NDV4-F1-model_v4.pdb.gz
INFO:2025-10-30 14:47:21,435:Successfully computed HSC for A6NDV4.
INFO:2025-10-30 14:47:21,435:Processing A6NDX4 with model AF-A6NDX4-F1-model_v4.pdb
ERROR:2025-10-30 14:47:21,482:No ENST transcript IDs were mapped to A6NDX4
INFO:2025-10-30 14:47:21,482:Processing A6NDX5 with model AF-A6NDX5-F1-model_v4.pdb
ERROR:2025-10-30 14:47:21,619:No ENST transcript IDs were mapped to A6NDX5
INFO:2025-10-30 14:47:21,619:Processing A6NDY0 with model AF-A6NDY0-F1-model_v4.pdb
INFO:2025-10-30 14:47:21,709:Computing HSC features for: A6NDY0, ENST00000419291, ../Ntranos_Rotation/ESM-SaProt/AF-A6NDY0-F1-model_v4.pdb.gz
INFO:2025-10-30 14:47:53,789:Successfully computed HSC for A6NDY0.
INFO:2025-10-30 14:47:53,789:Processing A6NDY2 with model AF-A6NDY2-F1-model_v4.pdb
ERROR:2025-10-30 14:47:53,902:No transcript record found for A6NDY2 in gnomAD.
INFO:2025-10-30 14:47:53,902:Processing A6NDZ8 with model AF-A6NDZ8-F1-model_v4.pdb
INFO:2025-10-30 14:47:53,952:Computing HSC features for: A6NDZ8, ENST00000381394, ../Ntranos_Rotation/ESM-SaProt/AF-A6NDZ8-F1-model_v4.pdb.gz
ERROR:2025-10-30 14:47:54,027:Missing ENST record in counts: ENST00000381394
INFO:2025-10-30 14:47:54,028:Processing A6NE01 with model AF-A6NE01-F1-model_v4.pdb
INFO:2025-10-30 14:47:54,439:Computing HSC features for: A6NE01, ENST00000327337, ../Ntranos_Rotation/ESM-SaProt/AF-A6NE01-F1-model_v4.pdb.gz
INFO:2025-10-30 14:50:45,263:Successfully computed HSC for A6NE01.
INFO:2025-10-30 14:50:45,263:Processing A6NE02 with model AF-A6NE02-F1-model_v4.pdb
INFO:2025-10-30 14:50:45,422:Computing HSC features for: A6NE02, ENST00000375366, ../Ntranos_Rotation/ESM-SaProt/AF-A6NE02-F1-model_v4.pdb.gz
INFO:2025-10-30 14:52:07,982:Successfully computed HSC for A6NE02.
INFO:2025-10-30 14:52:07,982:Pipeline completed.
INFO:2025-10-30 14:52:07,982:no_enst_for_uniprot: 8
INFO:2025-10-30 14:52:07,982:no_valid_cds: 0
INFO:2025-10-30 14:52:07,983:no_variant_data: 13
INFO:2025-10-30 14:52:07,983:bad_structure: 0
INFO:2025-10-30 14:52:07,983:no_enst_mp: 2
