INFO:2025-10-30 14:59:04,356:Starting HSC computation pipeline...
INFO:2025-10-30 15:00:13,268:Processing O75293 with model AF-O75293-F1-model_v4.pdb
INFO:2025-10-30 15:00:13,361:Computing HSC features for: O75293, ENST00000215631, ../Ntranos_Rotation/ESM-SaProt/AF-O75293-F1-model_v4.pdb.gz
INFO:2025-10-30 15:00:46,307:Successfully computed HSC for O75293.
INFO:2025-10-30 15:00:46,307:Processing O75298 with model AF-O75298-F1-model_v4.pdb
INFO:2025-10-30 15:00:46,496:Computing HSC features for: O75298, ENST00000245923, ../Ntranos_Rotation/ESM-SaProt/AF-O75298-F1-model_v4.pdb.gz
INFO:2025-10-30 15:02:18,327:Successfully computed HSC for O75298.
INFO:2025-10-30 15:02:18,327:Processing O75306 with model AF-O75306-F1-model_v4.pdb
INFO:2025-10-30 15:02:18,435:Computing HSC features for: O75306, ENST00000367993, ../Ntranos_Rotation/ESM-SaProt/AF-O75306-F1-model_v4.pdb.gz
INFO:2025-10-30 15:03:14,856:Successfully computed HSC for O75306.
INFO:2025-10-30 15:03:14,856:Processing O75309 with model AF-O75309-F1-model_v4.pdb
INFO:2025-10-30 15:03:14,991:Computing HSC features for: O75309, ENST00000299752, ../Ntranos_Rotation/ESM-SaProt/AF-O75309-F1-model_v4.pdb.gz
INFO:2025-10-30 15:05:01,824:Successfully computed HSC for O75309.
INFO:2025-10-30 15:05:01,825:Processing O75310 with model AF-O75310-F1-model_v4.pdb
INFO:2025-10-30 15:05:01,974:Computing HSC features for: O75310, ENST00000446444, ../Ntranos_Rotation/ESM-SaProt/AF-O75310-F1-model_v4.pdb.gz
INFO:2025-10-30 15:06:02,013:Successfully computed HSC for O75310.
INFO:2025-10-30 15:06:02,013:Processing O75311 with model AF-O75311-F1-model_v4.pdb
INFO:2025-10-30 15:06:02,275:Computing HSC features for: O75311, ENST00000274093, ../Ntranos_Rotation/ESM-SaProt/AF-O75311-F1-model_v4.pdb.gz
INFO:2025-10-30 15:06:55,252:Successfully computed HSC for O75311.
INFO:2025-10-30 15:06:55,252:Processing O75312 with model AF-O75312-F1-model_v4.pdb
INFO:2025-10-30 15:06:55,373:Computing HSC features for: O75312, ENST00000227322, ../Ntranos_Rotation/ESM-SaProt/AF-O75312-F1-model_v4.pdb.gz
INFO:2025-10-30 15:07:55,847:Successfully computed HSC for O75312.
INFO:2025-10-30 15:07:55,847:Processing O75317 with model AF-O75317-F1-model_v4.pdb
INFO:2025-10-30 15:07:55,945:Computing HSC features for: O75317, ENST00000282344, ../Ntranos_Rotation/ESM-SaProt/AF-O75317-F1-model_v4.pdb.gz
INFO:2025-10-30 15:08:40,265:Successfully computed HSC for O75317.
INFO:2025-10-30 15:08:40,266:Processing O75319 with model AF-O75319-F1-model_v4.pdb
ERROR:2025-10-30 15:08:40,400:No transcript record found for O75319 in gnomAD.
INFO:2025-10-30 15:08:40,400:Processing O75323 with model AF-O75323-F1-model_v4.pdb
INFO:2025-10-30 15:08:40,495:Computing HSC features for: O75323, ENST00000322090, ../Ntranos_Rotation/ESM-SaProt/AF-O75323-F1-model_v4.pdb.gz
INFO:2025-10-30 15:09:18,391:Successfully computed HSC for O75323.
INFO:2025-10-30 15:09:18,391:Processing O75324 with model AF-O75324-F1-model_v4.pdb
INFO:2025-10-30 15:09:18,441:Computing HSC features for: O75324, ENST00000329565, ../Ntranos_Rotation/ESM-SaProt/AF-O75324-F1-model_v4.pdb.gz
INFO:2025-10-30 15:09:33,559:Successfully computed HSC for O75324.
INFO:2025-10-30 15:09:33,559:Processing O75325 with model AF-O75325-F1-model_v4.pdb
INFO:2025-10-30 15:09:33,672:Computing HSC features for: O75325, ENST00000367175, ../Ntranos_Rotation/ESM-SaProt/AF-O75325-F1-model_v4.pdb.gz
INFO:2025-10-30 15:11:20,118:Successfully computed HSC for O75325.
INFO:2025-10-30 15:11:20,118:Processing O75326 with model AF-O75326-F1-model_v4.pdb
INFO:2025-10-30 15:11:20,219:Computing HSC features for: O75326, ENST00000261918, ../Ntranos_Rotation/ESM-SaProt/AF-O75326-F1-model_v4.pdb.gz
INFO:2025-10-30 15:13:46,703:Successfully computed HSC for O75326.
INFO:2025-10-30 15:13:46,703:Processing O75330 with model AF-O75330-F1-model_v4.pdb
INFO:2025-10-30 15:13:46,898:Computing HSC features for: O75330, ENST00000358715, ../Ntranos_Rotation/ESM-SaProt/AF-O75330-F1-model_v4.pdb.gz
INFO:2025-10-30 15:15:16,845:Successfully computed HSC for O75330.
INFO:2025-10-30 15:15:16,845:Processing O75333 with model AF-O75333-F1-model_v4.pdb
INFO:2025-10-30 15:15:16,958:Computing HSC features for: O75333, ENST00000335385, ../Ntranos_Rotation/ESM-SaProt/AF-O75333-F1-model_v4.pdb.gz
INFO:2025-10-30 15:16:08,487:Successfully computed HSC for O75333.
INFO:2025-10-30 15:16:08,488:Processing O75334 with model AF-O75334-F1-model_v4.pdb
INFO:2025-10-30 15:16:08,768:Computing HSC features for: O75334, ENST00000549396, ../Ntranos_Rotation/ESM-SaProt/AF-O75334-F1-model_v4.pdb.gz
INFO:2025-10-30 15:18:41,619:Successfully computed HSC for O75334.
INFO:2025-10-30 15:18:41,620:Processing O75335 with model AF-O75335-F1-model_v4.pdb
INFO:2025-10-30 15:18:41,886:Computing HSC features for: O75335, ENST00000447715, ../Ntranos_Rotation/ESM-SaProt/AF-O75335-F1-model_v4.pdb.gz
INFO:2025-10-30 15:21:47,664:Successfully computed HSC for O75335.
INFO:2025-10-30 15:21:47,665:Processing O75339 with model AF-O75339-F1-model_v4.pdb
INFO:2025-10-30 15:21:47,994:Computing HSC features for: O75339, ENST00000261883, ../Ntranos_Rotation/ESM-SaProt/AF-O75339-F1-model_v4.pdb.gz
INFO:2025-10-30 15:24:21,826:Successfully computed HSC for O75339.
INFO:2025-10-30 15:24:21,826:Processing O75340 with model AF-O75340-F1-model_v4.pdb
INFO:2025-10-30 15:24:21,875:Computing HSC features for: O75340, ENST00000264933, ../Ntranos_Rotation/ESM-SaProt/AF-O75340-F1-model_v4.pdb.gz
INFO:2025-10-30 15:24:59,314:Successfully computed HSC for O75340.
INFO:2025-10-30 15:24:59,314:Processing O75342 with model AF-O75342-F1-model_v4.pdb
ERROR:2025-10-30 15:24:59,431:No transcript record found for O75342 in gnomAD.
INFO:2025-10-30 15:24:59,431:Processing O75343 with model AF-O75343-F1-model_v4.pdb
ERROR:2025-10-30 15:24:59,599:No ENST transcript IDs were mapped to O75343
INFO:2025-10-30 15:24:59,599:Processing O75344 with model AF-O75344-F1-model_v4.pdb
INFO:2025-10-30 15:24:59,689:Computing HSC features for: O75344, ENST00000252037, ../Ntranos_Rotation/ESM-SaProt/AF-O75344-F1-model_v4.pdb.gz
INFO:2025-10-30 15:25:43,711:Successfully computed HSC for O75344.
INFO:2025-10-30 15:25:43,711:Processing O75346 with model AF-O75346-F1-model_v4.pdb
INFO:2025-10-30 15:25:43,816:Computing HSC features for: O75346, ENST00000589717, ../Ntranos_Rotation/ESM-SaProt/AF-O75346-F1-model_v4.pdb.gz
INFO:2025-10-30 15:26:30,577:Successfully computed HSC for O75346.
INFO:2025-10-30 15:26:30,577:Processing O75347 with model AF-O75347-F1-model_v4.pdb
INFO:2025-10-30 15:26:30,625:Computing HSC features for: O75347, ENST00000380377, ../Ntranos_Rotation/ESM-SaProt/AF-O75347-F1-model_v4.pdb.gz
INFO:2025-10-30 15:26:48,145:Successfully computed HSC for O75347.
INFO:2025-10-30 15:26:48,145:Processing O75348 with model AF-O75348-F1-model_v4.pdb
INFO:2025-10-30 15:26:48,784:Computing HSC features for: O75348, ENST00000374050, ../Ntranos_Rotation/ESM-SaProt/AF-O75348-F1-model_v4.pdb.gz
INFO:2025-10-30 15:27:06,995:Successfully computed HSC for O75348.
INFO:2025-10-30 15:27:06,996:Processing O75351 with model AF-O75351-F1-model_v4.pdb
INFO:2025-10-30 15:27:07,126:Computing HSC features for: O75351, ENST00000238497, ../Ntranos_Rotation/ESM-SaProt/AF-O75351-F1-model_v4.pdb.gz
INFO:2025-10-30 15:28:08,460:Successfully computed HSC for O75351.
INFO:2025-10-30 15:28:08,460:Processing O75352 with model AF-O75352-F1-model_v4.pdb
INFO:2025-10-30 15:28:08,564:Computing HSC features for: O75352, ENST00000250124, ../Ntranos_Rotation/ESM-SaProt/AF-O75352-F1-model_v4.pdb.gz
INFO:2025-10-30 15:28:45,031:Successfully computed HSC for O75352.
INFO:2025-10-30 15:28:45,032:Processing O75354 with model AF-O75354-F1-model_v4.pdb
INFO:2025-10-30 15:28:45,118:Computing HSC features for: O75354, ENST00000376652, ../Ntranos_Rotation/ESM-SaProt/AF-O75354-F1-model_v4.pdb.gz
INFO:2025-10-30 15:29:58,099:Successfully computed HSC for O75354.
INFO:2025-10-30 15:29:58,099:Processing O75355 with model AF-O75355-F1-model_v4.pdb
INFO:2025-10-30 15:29:58,285:Computing HSC features for: O75355, ENST00000301825, ../Ntranos_Rotation/ESM-SaProt/AF-O75355-F1-model_v4.pdb.gz
INFO:2025-10-30 15:31:17,452:Successfully computed HSC for O75355.
INFO:2025-10-30 15:31:17,452:Processing O75356 with model AF-O75356-F1-model_v4.pdb
INFO:2025-10-30 15:31:17,585:Computing HSC features for: O75356, ENST00000334696, ../Ntranos_Rotation/ESM-SaProt/AF-O75356-F1-model_v4.pdb.gz
INFO:2025-10-30 15:32:03,683:Successfully computed HSC for O75356.
INFO:2025-10-30 15:32:03,684:Processing O75360 with model AF-O75360-F1-model_v4.pdb
INFO:2025-10-30 15:32:03,761:Computing HSC features for: O75360, ENST00000308304, ../Ntranos_Rotation/ESM-SaProt/AF-O75360-F1-model_v4.pdb.gz
INFO:2025-10-30 15:32:34,786:Successfully computed HSC for O75360.
INFO:2025-10-30 15:32:34,786:Processing O75362 with model AF-O75362-F1-model_v4.pdb
INFO:2025-10-30 15:32:34,942:Computing HSC features for: O75362, ENST00000302342, ../Ntranos_Rotation/ESM-SaProt/AF-O75362-F1-model_v4.pdb.gz
INFO:2025-10-30 15:34:50,815:Successfully computed HSC for O75362.
INFO:2025-10-30 15:34:50,815:Processing O75363 with model AF-O75363-F1-model_v4.pdb
INFO:2025-10-30 15:34:50,926:Computing HSC features for: O75363, ENST00000395961, ../Ntranos_Rotation/ESM-SaProt/AF-O75363-F1-model_v4.pdb.gz
INFO:2025-10-30 15:36:03,479:Successfully computed HSC for O75363.
INFO:2025-10-30 15:36:03,479:Processing O75364 with model AF-O75364-F1-model_v4.pdb
INFO:2025-10-30 15:36:03,574:Computing HSC features for: O75364, ENST00000370002, ../Ntranos_Rotation/ESM-SaProt/AF-O75364-F1-model_v4.pdb.gz
INFO:2025-10-30 15:37:33,451:Successfully computed HSC for O75364.
INFO:2025-10-30 15:37:33,452:Processing O75365 with model AF-O75365-F1-model_v4.pdb
ERROR:2025-10-30 15:37:33,510:No transcript record found for O75365 in gnomAD.
INFO:2025-10-30 15:37:33,510:Processing O75366 with model AF-O75366-F1-model_v4.pdb
INFO:2025-10-30 15:37:33,713:Computing HSC features for: O75366, ENST00000257861, ../Ntranos_Rotation/ESM-SaProt/AF-O75366-F1-model_v4.pdb.gz
INFO:2025-10-30 15:39:06,416:Successfully computed HSC for O75366.
INFO:2025-10-30 15:39:06,417:Processing O75367 with model AF-O75367-F1-model_v4.pdb
INFO:2025-10-30 15:39:06,525:Computing HSC features for: O75367, ENST00000510038, ../Ntranos_Rotation/ESM-SaProt/AF-O75367-F1-model_v4.pdb.gz
INFO:2025-10-30 15:39:53,380:Successfully computed HSC for O75367.
INFO:2025-10-30 15:39:53,380:Processing O75368 with model AF-O75368-F1-model_v4.pdb
INFO:2025-10-30 15:39:53,420:Computing HSC features for: O75368, ENST00000373212, ../Ntranos_Rotation/ESM-SaProt/AF-O75368-F1-model_v4.pdb.gz
INFO:2025-10-30 15:40:05,368:Successfully computed HSC for O75368.
INFO:2025-10-30 15:40:05,368:Processing O75369 with model AF-O75369-F1-model_v4.pdb
INFO:2025-10-30 15:40:05,692:Computing HSC features for: O75369, ENST00000295956, ../Ntranos_Rotation/ESM-SaProt/AF-O75369-F1-model_v4.pdb.gz
INFO:2025-10-30 15:45:53,646:Successfully computed HSC for O75369.
INFO:2025-10-30 15:45:53,646:Processing O75373 with model AF-O75373-F1-model_v4.pdb
INFO:2025-10-30 15:45:53,976:Computing HSC features for: O75373, ENST00000427401, ../Ntranos_Rotation/ESM-SaProt/AF-O75373-F1-model_v4.pdb.gz
INFO:2025-10-30 15:46:57,162:Successfully computed HSC for O75373.
INFO:2025-10-30 15:46:57,162:Processing O75376 with model AF-O75376-F1-model_v4.pdb
INFO:2025-10-30 15:46:57,816:Computing HSC features for: O75376, ENST00000268712, ../Ntranos_Rotation/ESM-SaProt/AF-O75376-F1-model_v4.pdb.gz
INFO:2025-10-30 15:51:31,141:Successfully computed HSC for O75376.
INFO:2025-10-30 15:51:31,141:Processing O75379 with model AF-O75379-F1-model_v4.pdb
INFO:2025-10-30 15:51:31,201:Computing HSC features for: O75379, ENST00000236192, ../Ntranos_Rotation/ESM-SaProt/AF-O75379-F1-model_v4.pdb.gz
INFO:2025-10-30 15:51:45,005:Successfully computed HSC for O75379.
INFO:2025-10-30 15:51:45,005:Processing O75380 with model AF-O75380-F1-model_v4.pdb
INFO:2025-10-30 15:51:45,055:Computing HSC features for: O75380, ENST00000274137, ../Ntranos_Rotation/ESM-SaProt/AF-O75380-F1-model_v4.pdb.gz
INFO:2025-10-30 15:52:09,498:Successfully computed HSC for O75380.
INFO:2025-10-30 15:52:09,498:Processing O75381 with model AF-O75381-F1-model_v4.pdb
INFO:2025-10-30 15:52:09,568:Computing HSC features for: O75381, ENST00000356607, ../Ntranos_Rotation/ESM-SaProt/AF-O75381-F1-model_v4.pdb.gz
INFO:2025-10-30 15:53:06,612:Successfully computed HSC for O75381.
INFO:2025-10-30 15:53:06,613:Processing O75382 with model AF-O75382-F1-model_v4.pdb
INFO:2025-10-30 15:53:06,790:Computing HSC features for: O75382, ENST00000345851, ../Ntranos_Rotation/ESM-SaProt/AF-O75382-F1-model_v4.pdb.gz
INFO:2025-10-30 15:55:02,089:Successfully computed HSC for O75382.
INFO:2025-10-30 15:55:02,090:Processing O75385 with model AF-O75385-F1-model_v4.pdb
INFO:2025-10-30 15:55:02,317:Computing HSC features for: O75385, ENST00000321867, ../Ntranos_Rotation/ESM-SaProt/AF-O75385-F1-model_v4.pdb.gz
INFO:2025-10-30 15:58:22,678:Successfully computed HSC for O75385.
INFO:2025-10-30 15:58:22,678:Processing O75386 with model AF-O75386-F1-model_v4.pdb
INFO:2025-10-30 15:58:22,819:Computing HSC features for: O75386, ENST00000448120, ../Ntranos_Rotation/ESM-SaProt/AF-O75386-F1-model_v4.pdb.gz
INFO:2025-10-30 15:59:22,581:Successfully computed HSC for O75386.
INFO:2025-10-30 15:59:22,581:Processing O75387 with model AF-O75387-F1-model_v4.pdb
INFO:2025-10-30 15:59:22,734:Computing HSC features for: O75387, ENST00000278426, ../Ntranos_Rotation/ESM-SaProt/AF-O75387-F1-model_v4.pdb.gz
INFO:2025-10-30 16:00:36,775:Successfully computed HSC for O75387.
INFO:2025-10-30 16:00:36,775:Processing O75388 with model AF-O75388-F1-model_v4.pdb
INFO:2025-10-30 16:00:36,890:Computing HSC features for: O75388, ENST00000270590, ../Ntranos_Rotation/ESM-SaProt/AF-O75388-F1-model_v4.pdb.gz
INFO:2025-10-30 16:01:34,447:Successfully computed HSC for O75388.
INFO:2025-10-30 16:01:34,447:Processing O75390 with model AF-O75390-F1-model_v4.pdb
INFO:2025-10-30 16:01:34,531:Computing HSC features for: O75390, ENST00000351328, ../Ntranos_Rotation/ESM-SaProt/AF-O75390-F1-model_v4.pdb.gz
INFO:2025-10-30 16:02:30,630:Successfully computed HSC for O75390.
INFO:2025-10-30 16:02:30,630:Pipeline completed.
INFO:2025-10-30 16:02:30,630:no_enst_for_uniprot: 1
INFO:2025-10-30 16:02:30,630:no_valid_cds: 0
INFO:2025-10-30 16:02:30,630:no_variant_data: 3
INFO:2025-10-30 16:02:30,630:bad_structure: 0
INFO:2025-10-30 16:02:30,630:no_enst_mp: 0
