INFO:2025-10-30 14:27:04,085:Starting HSC computation pipeline...
INFO:2025-10-30 14:28:00,574:Processing Q8NHW5 with model AF-Q8NHW5-F1-model_v4.pdb
ERROR:2025-10-30 14:28:00,761:No ENST transcript IDs were mapped to Q8NHW5
INFO:2025-10-30 14:28:00,762:Processing Q8NHW6 with model AF-Q8NHW6-F1-model_v4.pdb
INFO:2025-10-30 14:28:00,811:Computing HSC features for: Q8NHW6, ENST00000319460, ../Ntranos_Rotation/ESM-SaProt/AF-Q8NHW6-F1-model_v4.pdb.gz
INFO:2025-10-30 14:28:09,627:Successfully computed HSC for Q8NHW6.
INFO:2025-10-30 14:28:09,628:Processing Q8NHX4 with model AF-Q8NHX4-F1-model_v4.pdb
INFO:2025-10-30 14:28:09,706:Computing HSC features for: Q8NHX4, ENST00000424440, ../Ntranos_Rotation/ESM-SaProt/AF-Q8NHX4-F1-model_v4.pdb.gz
INFO:2025-10-30 14:28:27,854:Successfully computed HSC for Q8NHX4.
INFO:2025-10-30 14:28:27,854:Processing Q8NHX9 with model AF-Q8NHX9-F1-model_v4.pdb
INFO:2025-10-30 14:28:27,982:Computing HSC features for: Q8NHX9, ENST00000294309, ../Ntranos_Rotation/ESM-SaProt/AF-Q8NHX9-F1-model_v4.pdb.gz
INFO:2025-10-30 14:29:46,264:Successfully computed HSC for Q8NHX9.
INFO:2025-10-30 14:29:46,264:Processing Q8NHY0 with model AF-Q8NHY0-F1-model_v4.pdb
INFO:2025-10-30 14:29:46,373:Computing HSC features for: Q8NHY0, ENST00000300404, ../Ntranos_Rotation/ESM-SaProt/AF-Q8NHY0-F1-model_v4.pdb.gz
INFO:2025-10-30 14:30:39,106:Successfully computed HSC for Q8NHY0.
INFO:2025-10-30 14:30:39,106:Processing Q8NHY2 with model AF-Q8NHY2-F1-model_v4.pdb
INFO:2025-10-30 14:30:39,250:Computing HSC features for: Q8NHY2, ENST00000367669, ../Ntranos_Rotation/ESM-SaProt/AF-Q8NHY2-F1-model_v4.pdb.gz
INFO:2025-10-30 14:31:43,556:Successfully computed HSC for Q8NHY2.
INFO:2025-10-30 14:31:43,556:Processing Q8NHY3 with model AF-Q8NHY3-F1-model_v4.pdb
ERROR:2025-10-30 14:31:43,696:No transcript record found for Q8NHY3 in gnomAD.
INFO:2025-10-30 14:31:43,697:Processing Q8NHY5 with model AF-Q8NHY5-F1-model_v4.pdb
INFO:2025-10-30 14:31:43,778:Computing HSC features for: Q8NHY5, ENST00000380907, ../Ntranos_Rotation/ESM-SaProt/AF-Q8NHY5-F1-model_v4.pdb.gz
INFO:2025-10-30 14:32:19,952:Successfully computed HSC for Q8NHY5.
INFO:2025-10-30 14:32:19,953:Processing Q8NHY6 with model AF-Q8NHY6-F1-model_v4.pdb
INFO:2025-10-30 14:32:20,095:Computing HSC features for: Q8NHY6, ENST00000301318, ../Ntranos_Rotation/ESM-SaProt/AF-Q8NHY6-F1-model_v4.pdb.gz
INFO:2025-10-30 14:33:28,694:Successfully computed HSC for Q8NHY6.
INFO:2025-10-30 14:33:28,694:Processing Q8NHZ7 with model AF-Q8NHZ7-F1-model_v4.pdb
INFO:2025-10-30 14:33:28,755:Computing HSC features for: Q8NHZ7, ENST00000381393, ../Ntranos_Rotation/ESM-SaProt/AF-Q8NHZ7-F1-model_v4.pdb.gz
ERROR:2025-10-30 14:33:28,803:Missing ENST record in counts: ENST00000381393
INFO:2025-10-30 14:33:28,803:Processing Q8NHZ8 with model AF-Q8NHZ8-F1-model_v4.pdb
INFO:2025-10-30 14:33:28,827:Computing HSC features for: Q8NHZ8, ENST00000374206, ../Ntranos_Rotation/ESM-SaProt/AF-Q8NHZ8-F1-model_v4.pdb.gz
INFO:2025-10-30 14:33:36,203:Successfully computed HSC for Q8NHZ8.
INFO:2025-10-30 14:33:36,203:Processing Q8NI08 with model AF-Q8NI08-F1-model_v4.pdb
INFO:2025-10-30 14:33:36,403:Computing HSC features for: Q8NI08, ENST00000368357, ../Ntranos_Rotation/ESM-SaProt/AF-Q8NI08-F1-model_v4.pdb.gz
INFO:2025-10-30 14:34:45,141:Successfully computed HSC for Q8NI08.
INFO:2025-10-30 14:34:45,141:Processing Q8NI17 with model AF-Q8NI17-F1-model_v4.pdb
ERROR:2025-10-30 14:34:45,245:No valid CDS found for Q8NI17
INFO:2025-10-30 14:34:45,245:Processing Q8NI22 with model AF-Q8NI22-F1-model_v4.pdb
INFO:2025-10-30 14:34:45,296:Computing HSC features for: Q8NI22, ENST00000319466, ../Ntranos_Rotation/ESM-SaProt/AF-Q8NI22-F1-model_v4.pdb.gz
INFO:2025-10-30 14:34:55,857:Successfully computed HSC for Q8NI22.
INFO:2025-10-30 14:34:55,857:Processing Q8NI27 with model AF-Q8NI27-F1-model_v4.pdb
INFO:2025-10-30 14:34:56,109:Computing HSC features for: Q8NI27, ENST00000245838, ../Ntranos_Rotation/ESM-SaProt/AF-Q8NI27-F1-model_v4.pdb.gz
INFO:2025-10-30 14:36:42,346:Successfully computed HSC for Q8NI27.
INFO:2025-10-30 14:36:42,346:Processing Q8NI28 with model AF-Q8NI28-F1-model_v4.pdb
ERROR:2025-10-30 14:36:42,388:No ENST transcript IDs were mapped to Q8NI28
INFO:2025-10-30 14:36:42,388:Processing Q8NI29 with model AF-Q8NI29-F1-model_v4.pdb
INFO:2025-10-30 14:36:42,452:Computing HSC features for: Q8NI29, ENST00000292853, ../Ntranos_Rotation/ESM-SaProt/AF-Q8NI29-F1-model_v4.pdb.gz
INFO:2025-10-30 14:37:20,176:Successfully computed HSC for Q8NI29.
INFO:2025-10-30 14:37:20,176:Processing Q8NI32 with model AF-Q8NI32-F1-model_v4.pdb
INFO:2025-10-30 14:37:20,279:Computing HSC features for: Q8NI32, ENST00000409029, ../Ntranos_Rotation/ESM-SaProt/AF-Q8NI32-F1-model_v4.pdb.gz
INFO:2025-10-30 14:37:36,946:Successfully computed HSC for Q8NI32.
INFO:2025-10-30 14:37:36,946:Processing Q8NI35 with model AF-Q8NI35-F1-model_v4.pdb
INFO:2025-10-30 14:37:37,166:Computing HSC features for: Q8NI35, ENST00000371158, ../Ntranos_Rotation/ESM-SaProt/AF-Q8NI35-F1-model_v4.pdb.gz
INFO:2025-10-30 14:39:49,090:Successfully computed HSC for Q8NI35.
INFO:2025-10-30 14:39:49,090:Processing Q8NI36 with model AF-Q8NI36-F1-model_v4.pdb
ERROR:2025-10-30 14:39:49,301:No ENST transcript IDs were mapped to Q8NI36
INFO:2025-10-30 14:39:49,301:Processing Q8NI37 with model AF-Q8NI37-F1-model_v4.pdb
INFO:2025-10-30 14:39:49,367:Computing HSC features for: Q8NI37, ENST00000354300, ../Ntranos_Rotation/ESM-SaProt/AF-Q8NI37-F1-model_v4.pdb.gz
INFO:2025-10-30 14:40:24,230:Successfully computed HSC for Q8NI37.
INFO:2025-10-30 14:40:24,231:Processing Q8NI38 with model AF-Q8NI38-F1-model_v4.pdb
INFO:2025-10-30 14:40:24,296:Computing HSC features for: Q8NI38, ENST00000396901, ../Ntranos_Rotation/ESM-SaProt/AF-Q8NI38-F1-model_v4.pdb.gz
ERROR:2025-10-30 14:40:24,406:Missing ENST record in counts: ENST00000396901
INFO:2025-10-30 14:40:24,406:Processing Q8NI51 with model AF-Q8NI51-F1-model_v4.pdb
INFO:2025-10-30 14:40:24,508:Computing HSC features for: Q8NI51, ENST00000243914, ../Ntranos_Rotation/ESM-SaProt/AF-Q8NI51-F1-model_v4.pdb.gz
INFO:2025-10-30 14:41:20,576:Successfully computed HSC for Q8NI51.
INFO:2025-10-30 14:41:20,576:Processing Q8NI60 with model AF-Q8NI60-F1-model_v4.pdb
INFO:2025-10-30 14:41:20,691:Computing HSC features for: Q8NI60, ENST00000366777, ../Ntranos_Rotation/ESM-SaProt/AF-Q8NI60-F1-model_v4.pdb.gz
INFO:2025-10-30 14:42:26,842:Successfully computed HSC for Q8NI60.
INFO:2025-10-30 14:42:26,842:Processing Q8NI77 with model AF-Q8NI77-F1-model_v4.pdb
INFO:2025-10-30 14:42:26,997:Computing HSC features for: Q8NI77, ENST00000263181, ../Ntranos_Rotation/ESM-SaProt/AF-Q8NI77-F1-model_v4.pdb.gz
INFO:2025-10-30 14:43:29,200:Successfully computed HSC for Q8NI77.
INFO:2025-10-30 14:43:29,200:Processing Q8NI99 with model AF-Q8NI99-F1-model_v4.pdb
INFO:2025-10-30 14:43:29,289:Computing HSC features for: Q8NI99, ENST00000253109, ../Ntranos_Rotation/ESM-SaProt/AF-Q8NI99-F1-model_v4.pdb.gz
INFO:2025-10-30 14:44:33,143:Successfully computed HSC for Q8NI99.
INFO:2025-10-30 14:44:33,143:Processing Q8TA86 with model AF-Q8TA86-F1-model_v4.pdb
INFO:2025-10-30 14:44:33,201:Computing HSC features for: Q8TA86, ENST00000297157, ../Ntranos_Rotation/ESM-SaProt/AF-Q8TA86-F1-model_v4.pdb.gz
INFO:2025-10-30 14:44:55,462:Successfully computed HSC for Q8TA86.
INFO:2025-10-30 14:44:55,462:Processing Q8TA94 with model AF-Q8TA94-F1-model_v4.pdb
INFO:2025-10-30 14:44:55,534:Computing HSC features for: Q8TA94, ENST00000293725, ../Ntranos_Rotation/ESM-SaProt/AF-Q8TA94-F1-model_v4.pdb.gz
INFO:2025-10-30 14:45:30,509:Successfully computed HSC for Q8TA94.
INFO:2025-10-30 14:45:30,510:Processing Q8TAA1 with model AF-Q8TAA1-F1-model_v4.pdb
INFO:2025-10-30 14:45:30,546:Computing HSC features for: Q8TAA1, ENST00000398008, ../Ntranos_Rotation/ESM-SaProt/AF-Q8TAA1-F1-model_v4.pdb.gz
INFO:2025-10-30 14:45:46,001:Successfully computed HSC for Q8TAA1.
INFO:2025-10-30 14:45:46,001:Processing Q8TAA3 with model AF-Q8TAA3-F1-model_v4.pdb
INFO:2025-10-30 14:45:46,320:Computing HSC features for: Q8TAA3, ENST00000308268, ../Ntranos_Rotation/ESM-SaProt/AF-Q8TAA3-F1-model_v4.pdb.gz
INFO:2025-10-30 14:46:05,376:Successfully computed HSC for Q8TAA3.
INFO:2025-10-30 14:46:05,376:Processing Q8TAA5 with model AF-Q8TAA5-F1-model_v4.pdb
INFO:2025-10-30 14:46:05,427:Computing HSC features for: Q8TAA5, ENST00000329271, ../Ntranos_Rotation/ESM-SaProt/AF-Q8TAA5-F1-model_v4.pdb.gz
INFO:2025-10-30 14:46:25,277:Successfully computed HSC for Q8TAA5.
INFO:2025-10-30 14:46:25,278:Processing Q8TAA9 with model AF-Q8TAA9-F1-model_v4.pdb
INFO:2025-10-30 14:46:25,408:Computing HSC features for: Q8TAA9, ENST00000310260, ../Ntranos_Rotation/ESM-SaProt/AF-Q8TAA9-F1-model_v4.pdb.gz
INFO:2025-10-30 14:47:12,420:Successfully computed HSC for Q8TAA9.
INFO:2025-10-30 14:47:12,421:Processing Q8TAB3 with model AF-Q8TAB3-F1-model_v4.pdb
INFO:2025-10-30 14:47:12,576:Computing HSC features for: Q8TAB3, ENST00000373034, ../Ntranos_Rotation/ESM-SaProt/AF-Q8TAB3-F1-model_v4.pdb.gz
INFO:2025-10-30 14:49:23,530:Successfully computed HSC for Q8TAB3.
INFO:2025-10-30 14:49:23,530:Processing Q8TAB5 with model AF-Q8TAB5-F1-model_v4.pdb
INFO:2025-10-30 14:49:23,599:Computing HSC features for: Q8TAB5, ENST00000270815, ../Ntranos_Rotation/ESM-SaProt/AF-Q8TAB5-F1-model_v4.pdb.gz
INFO:2025-10-30 14:49:44,182:Successfully computed HSC for Q8TAB5.
INFO:2025-10-30 14:49:44,182:Processing Q8TAB7 with model AF-Q8TAB7-F1-model_v4.pdb
ERROR:2025-10-30 14:49:44,216:No ENST transcript IDs were mapped to Q8TAB7
INFO:2025-10-30 14:49:44,216:Processing Q8TAC1 with model AF-Q8TAC1-F1-model_v4.pdb
INFO:2025-10-30 14:49:44,276:Computing HSC features for: Q8TAC1, ENST00000311364, ../Ntranos_Rotation/ESM-SaProt/AF-Q8TAC1-F1-model_v4.pdb.gz
INFO:2025-10-30 14:49:55,123:Successfully computed HSC for Q8TAC1.
INFO:2025-10-30 14:49:55,123:Processing Q8TAC2 with model AF-Q8TAC2-F1-model_v4.pdb
INFO:2025-10-30 14:49:55,164:Computing HSC features for: Q8TAC2, ENST00000598418, ../Ntranos_Rotation/ESM-SaProt/AF-Q8TAC2-F1-model_v4.pdb.gz
INFO:2025-10-30 14:50:16,891:Successfully computed HSC for Q8TAC2.
INFO:2025-10-30 14:50:16,892:Processing Q8NGP9 with model AF-Q8NGP9-F1-model_v4.pdb
ERROR:2025-10-30 14:50:16,972:No transcript record found for Q8NGP9 in gnomAD.
INFO:2025-10-30 14:50:16,972:Processing Q8NGQ1 with model AF-Q8NGQ1-F1-model_v4.pdb
ERROR:2025-10-30 14:50:17,051:No transcript record found for Q8NGQ1 in gnomAD.
INFO:2025-10-30 14:50:17,051:Processing Q8NGQ2 with model AF-Q8NGQ2-F1-model_v4.pdb
INFO:2025-10-30 14:50:17,152:Computing HSC features for: Q8NGQ2, ENST00000302622, ../Ntranos_Rotation/ESM-SaProt/AF-Q8NGQ2-F1-model_v4.pdb.gz
INFO:2025-10-30 14:50:40,521:Successfully computed HSC for Q8NGQ2.
INFO:2025-10-30 14:50:40,521:Processing Q8NGQ3 with model AF-Q8NGQ3-F1-model_v4.pdb
ERROR:2025-10-30 14:50:40,612:No ENST transcript IDs were mapped to Q8NGQ3
INFO:2025-10-30 14:50:40,612:Processing Q8NGQ4 with model AF-Q8NGQ4-F1-model_v4.pdb
INFO:2025-10-30 14:50:40,668:Computing HSC features for: Q8NGQ4, ENST00000316770, ../Ntranos_Rotation/ESM-SaProt/AF-Q8NGQ4-F1-model_v4.pdb.gz
INFO:2025-10-30 14:51:11,699:Successfully computed HSC for Q8NGQ4.
INFO:2025-10-30 14:51:11,699:Processing Q8NGQ5 with model AF-Q8NGQ5-F1-model_v4.pdb
INFO:2025-10-30 14:51:11,770:Computing HSC features for: Q8NGQ5, ENST00000335397, ../Ntranos_Rotation/ESM-SaProt/AF-Q8NGQ5-F1-model_v4.pdb.gz
INFO:2025-10-30 14:51:34,136:Successfully computed HSC for Q8NGQ5.
INFO:2025-10-30 14:51:34,136:Processing Q8NGQ6 with model AF-Q8NGQ6-F1-model_v4.pdb
ERROR:2025-10-30 14:51:34,192:No transcript record found for Q8NGQ6 in gnomAD.
INFO:2025-10-30 14:51:34,192:Processing Q8NGR1 with model AF-Q8NGR1-F1-model_v4.pdb
INFO:2025-10-30 14:51:34,265:Computing HSC features for: Q8NGR1, ENST00000374401, ../Ntranos_Rotation/ESM-SaProt/AF-Q8NGR1-F1-model_v4.pdb.gz
INFO:2025-10-30 14:52:04,915:Successfully computed HSC for Q8NGR1.
INFO:2025-10-30 14:52:04,915:Processing Q8NGR2 with model AF-Q8NGR2-F1-model_v4.pdb
INFO:2025-10-30 14:52:05,006:Computing HSC features for: Q8NGR2, ENST00000373684, ../Ntranos_Rotation/ESM-SaProt/AF-Q8NGR2-F1-model_v4.pdb.gz
INFO:2025-10-30 14:52:31,742:Successfully computed HSC for Q8NGR2.
INFO:2025-10-30 14:52:31,742:Processing Q8NGR3 with model AF-Q8NGR3-F1-model_v4.pdb
INFO:2025-10-30 14:52:31,815:Computing HSC features for: Q8NGR3, ENST00000277309, ../Ntranos_Rotation/ESM-SaProt/AF-Q8NGR3-F1-model_v4.pdb.gz
INFO:2025-10-30 14:53:02,151:Successfully computed HSC for Q8NGR3.
INFO:2025-10-30 14:53:02,152:Processing Q8NGR4 with model AF-Q8NGR4-F1-model_v4.pdb
INFO:2025-10-30 14:53:02,224:Computing HSC features for: Q8NGR4, ENST00000373680, ../Ntranos_Rotation/ESM-SaProt/AF-Q8NGR4-F1-model_v4.pdb.gz
INFO:2025-10-30 14:53:32,572:Successfully computed HSC for Q8NGR4.
INFO:2025-10-30 14:53:32,572:Processing Q8NGR5 with model AF-Q8NGR5-F1-model_v4.pdb
INFO:2025-10-30 14:53:32,626:Computing HSC features for: Q8NGR5, ENST00000259466, ../Ntranos_Rotation/ESM-SaProt/AF-Q8NGR5-F1-model_v4.pdb.gz
INFO:2025-10-30 14:53:54,383:Successfully computed HSC for Q8NGR5.
INFO:2025-10-30 14:53:54,383:Processing Q8NGR6 with model AF-Q8NGR6-F1-model_v4.pdb
ERROR:2025-10-30 14:53:54,444:No transcript record found for Q8NGR6 in gnomAD.
INFO:2025-10-30 14:53:54,444:Pipeline completed.
INFO:2025-10-30 14:53:54,444:no_enst_for_uniprot: 5
INFO:2025-10-30 14:53:54,444:no_valid_cds: 1
INFO:2025-10-30 14:53:54,444:no_variant_data: 5
INFO:2025-10-30 14:53:54,444:bad_structure: 0
INFO:2025-10-30 14:53:54,444:no_enst_mp: 2
