INFO:2025-10-30 14:26:02,388:Starting HSC computation pipeline...
INFO:2025-10-30 14:26:45,849:Processing Q8NFA2 with model AF-Q8NFA2-F1-model_v4.pdb
ERROR:2025-10-30 14:26:45,910:No transcript record found for Q8NFA2 in gnomAD.
INFO:2025-10-30 14:26:45,910:Processing Q8NFB2 with model AF-Q8NFB2-F1-model_v4.pdb
ERROR:2025-10-30 14:26:45,970:No transcript record found for Q8NFB2 in gnomAD.
INFO:2025-10-30 14:26:45,970:Processing Q8NFC6 with model AF-Q8NFC6-F1-model_v4.pdb
ERROR:2025-10-30 14:26:46,135:No valid CDS found for Q8NFC6
INFO:2025-10-30 14:26:46,135:Processing Q8NFD2 with model AF-Q8NFD2-F1-model_v4.pdb
INFO:2025-10-30 14:26:46,209:Computing HSC features for: Q8NFD2, ENST00000303941, ../Ntranos_Rotation/ESM-SaProt/AF-Q8NFD2-F1-model_v4.pdb.gz
INFO:2025-10-30 14:28:06,497:Successfully computed HSC for Q8NFD2.
INFO:2025-10-30 14:28:06,497:Processing Q8NFD4 with model AF-Q8NFD4-F1-model_v4.pdb
ERROR:2025-10-30 14:28:06,579:No ENST transcript IDs were mapped to Q8NFD4
INFO:2025-10-30 14:28:06,579:Processing Q8NFD5 with model AF-Q8NFD5-F1-model_v4.pdb
INFO:2025-10-30 14:28:06,845:Computing HSC features for: Q8NFD5, ENST00000350026, ../Ntranos_Rotation/ESM-SaProt/AF-Q8NFD5-F1-model_v4.pdb.gz
INFO:2025-10-30 14:32:37,036:Successfully computed HSC for Q8NFD5.
INFO:2025-10-30 14:32:37,036:Processing Q8NFF2 with model AF-Q8NFF2-F1-model_v4.pdb
INFO:2025-10-30 14:32:37,119:Computing HSC features for: Q8NFF2, ENST00000532405, ../Ntranos_Rotation/ESM-SaProt/AF-Q8NFF2-F1-model_v4.pdb.gz
INFO:2025-10-30 14:33:51,558:Successfully computed HSC for Q8NFF2.
INFO:2025-10-30 14:33:51,559:Processing Q8NFF5 with model AF-Q8NFF5-F1-model_v4.pdb
INFO:2025-10-30 14:33:51,642:Computing HSC features for: Q8NFF5, ENST00000292180, ../Ntranos_Rotation/ESM-SaProt/AF-Q8NFF5-F1-model_v4.pdb.gz
INFO:2025-10-30 14:34:51,200:Successfully computed HSC for Q8NFF5.
INFO:2025-10-30 14:34:51,200:Processing Q8NFG4 with model AF-Q8NFG4-F1-model_v4.pdb
INFO:2025-10-30 14:34:51,281:Computing HSC features for: Q8NFG4, ENST00000285071, ../Ntranos_Rotation/ESM-SaProt/AF-Q8NFG4-F1-model_v4.pdb.gz
INFO:2025-10-30 14:35:56,191:Successfully computed HSC for Q8NFG4.
INFO:2025-10-30 14:35:56,191:Processing Q8NFH3 with model AF-Q8NFH3-F1-model_v4.pdb
INFO:2025-10-30 14:35:56,283:Computing HSC features for: Q8NFH3, ENST00000340413, ../Ntranos_Rotation/ESM-SaProt/AF-Q8NFH3-F1-model_v4.pdb.gz
INFO:2025-10-30 14:36:27,569:Successfully computed HSC for Q8NFH3.
INFO:2025-10-30 14:36:27,569:Processing Q8NFH4 with model AF-Q8NFH4-F1-model_v4.pdb
INFO:2025-10-30 14:36:27,630:Computing HSC features for: Q8NFH4, ENST00000251074, ../Ntranos_Rotation/ESM-SaProt/AF-Q8NFH4-F1-model_v4.pdb.gz
INFO:2025-10-30 14:36:53,601:Successfully computed HSC for Q8NFH4.
INFO:2025-10-30 14:36:53,601:Processing Q8NFH5 with model AF-Q8NFH5-F1-model_v4.pdb
INFO:2025-10-30 14:36:53,691:Computing HSC features for: Q8NFH5, ENST00000295119, ../Ntranos_Rotation/ESM-SaProt/AF-Q8NFH5-F1-model_v4.pdb.gz
INFO:2025-10-30 14:37:19,571:Successfully computed HSC for Q8NFH5.
INFO:2025-10-30 14:37:19,571:Processing Q8NFH8 with model AF-Q8NFH8-F1-model_v4.pdb
INFO:2025-10-30 14:37:19,656:Computing HSC features for: Q8NFH8, ENST00000357277, ../Ntranos_Rotation/ESM-SaProt/AF-Q8NFH8-F1-model_v4.pdb.gz
INFO:2025-10-30 14:38:30,988:Successfully computed HSC for Q8NFH8.
INFO:2025-10-30 14:38:30,988:Processing Q8NFI3 with model AF-Q8NFI3-F1-model_v4.pdb
INFO:2025-10-30 14:38:31,088:Computing HSC features for: Q8NFI3, ENST00000579016, ../Ntranos_Rotation/ESM-SaProt/AF-Q8NFI3-F1-model_v4.pdb.gz
INFO:2025-10-30 14:40:00,668:Successfully computed HSC for Q8NFI3.
INFO:2025-10-30 14:40:00,669:Processing Q8NFI4 with model AF-Q8NFI4-F1-model_v4.pdb
ERROR:2025-10-30 14:40:00,749:No ENST transcript IDs were mapped to Q8NFI4
INFO:2025-10-30 14:40:00,749:Processing Q8NFJ5 with model AF-Q8NFJ5-F1-model_v4.pdb
ERROR:2025-10-30 14:40:00,828:No transcript record found for Q8NFJ5 in gnomAD.
INFO:2025-10-30 14:40:00,828:Processing Q8NFJ6 with model AF-Q8NFJ6-F1-model_v4.pdb
INFO:2025-10-30 14:40:00,911:Computing HSC features for: Q8NFJ6, ENST00000217270, ../Ntranos_Rotation/ESM-SaProt/AF-Q8NFJ6-F1-model_v4.pdb.gz
INFO:2025-10-30 14:40:43,409:Successfully computed HSC for Q8NFJ6.
INFO:2025-10-30 14:40:43,409:Processing Q8NFJ8 with model AF-Q8NFJ8-F1-model_v4.pdb
INFO:2025-10-30 14:40:43,607:Computing HSC features for: Q8NFJ8, ENST00000321870, ../Ntranos_Rotation/ESM-SaProt/AF-Q8NFJ8-F1-model_v4.pdb.gz
INFO:2025-10-30 14:41:53,317:Successfully computed HSC for Q8NFJ8.
INFO:2025-10-30 14:41:53,317:Processing Q8NFJ9 with model AF-Q8NFJ9-F1-model_v4.pdb
INFO:2025-10-30 14:41:53,444:Computing HSC features for: Q8NFJ9, ENST00000318312, ../Ntranos_Rotation/ESM-SaProt/AF-Q8NFJ9-F1-model_v4.pdb.gz
INFO:2025-10-30 14:42:57,381:Successfully computed HSC for Q8NFJ9.
INFO:2025-10-30 14:42:57,381:Processing Q8NFK1 with model AF-Q8NFK1-F1-model_v4.pdb
INFO:2025-10-30 14:42:57,474:Computing HSC features for: Q8NFK1, ENST00000312891, ../Ntranos_Rotation/ESM-SaProt/AF-Q8NFK1-F1-model_v4.pdb.gz
INFO:2025-10-30 14:43:24,438:Successfully computed HSC for Q8NFK1.
INFO:2025-10-30 14:43:24,438:Processing Q8NFL0 with model AF-Q8NFL0-F1-model_v4.pdb
INFO:2025-10-30 14:43:24,502:Computing HSC features for: Q8NFL0, ENST00000287590, ../Ntranos_Rotation/ESM-SaProt/AF-Q8NFL0-F1-model_v4.pdb.gz
INFO:2025-10-30 14:44:19,232:Successfully computed HSC for Q8NFL0.
INFO:2025-10-30 14:44:19,232:Processing Q8NFM4 with model AF-Q8NFM4-F1-model_v4.pdb
INFO:2025-10-30 14:44:19,356:Computing HSC features for: Q8NFM4, ENST00000310677, ../Ntranos_Rotation/ESM-SaProt/AF-Q8NFM4-F1-model_v4.pdb.gz
INFO:2025-10-30 14:46:18,073:Successfully computed HSC for Q8NFM4.
INFO:2025-10-30 14:46:18,074:Processing Q8NFM7 with model AF-Q8NFM7-F1-model_v4.pdb
INFO:2025-10-30 14:46:18,284:Computing HSC features for: Q8NFM7, ENST00000296318, ../Ntranos_Rotation/ESM-SaProt/AF-Q8NFM7-F1-model_v4.pdb.gz
INFO:2025-10-30 14:47:42,553:Successfully computed HSC for Q8NFM7.
INFO:2025-10-30 14:47:42,553:Processing Q8NFN8 with model AF-Q8NFN8-F1-model_v4.pdb
INFO:2025-10-30 14:47:42,649:Computing HSC features for: Q8NFN8, ENST00000464295, ../Ntranos_Rotation/ESM-SaProt/AF-Q8NFN8-F1-model_v4.pdb.gz
INFO:2025-10-30 14:48:50,663:Successfully computed HSC for Q8NFN8.
INFO:2025-10-30 14:48:50,663:Processing Q8NFP0 with model AF-Q8NFP0-F1-model_v4.pdb
INFO:2025-10-30 14:48:50,698:Computing HSC features for: Q8NFP0, ENST00000454782, ../Ntranos_Rotation/ESM-SaProt/AF-Q8NFP0-F1-model_v4.pdb.gz
INFO:2025-10-30 14:49:00,440:Successfully computed HSC for Q8NFP0.
INFO:2025-10-30 14:49:00,440:Processing Q8NFP4 with model AF-Q8NFP4-F1-model_v4.pdb
INFO:2025-10-30 14:49:00,560:Computing HSC features for: Q8NFP4, ENST00000434837, ../Ntranos_Rotation/ESM-SaProt/AF-Q8NFP4-F1-model_v4.pdb.gz
INFO:2025-10-30 14:51:01,872:Successfully computed HSC for Q8NFP4.
INFO:2025-10-30 14:51:01,872:Processing Q8NFP7 with model AF-Q8NFP7-F1-model_v4.pdb
INFO:2025-10-30 14:51:01,912:Computing HSC features for: Q8NFP7, ENST00000356450, ../Ntranos_Rotation/ESM-SaProt/AF-Q8NFP7-F1-model_v4.pdb.gz
INFO:2025-10-30 14:51:26,210:Successfully computed HSC for Q8NFP7.
INFO:2025-10-30 14:51:26,210:Processing Q8NFP9 with model AF-Q8NFP9-F1-model_v4.pdb
ERROR:2025-10-30 14:51:26,363:No transcript record found for Q8NFP9 in gnomAD.
INFO:2025-10-30 14:51:26,363:Processing Q8NFQ5 with model AF-Q8NFQ5-F1-model_v4.pdb
INFO:2025-10-30 14:51:26,428:Computing HSC features for: Q8NFQ5, ENST00000349552, ../Ntranos_Rotation/ESM-SaProt/AF-Q8NFQ5-F1-model_v4.pdb.gz
INFO:2025-10-30 14:52:08,084:Successfully computed HSC for Q8NFQ5.
INFO:2025-10-30 14:52:08,084:Processing Q8NFQ6 with model AF-Q8NFQ6-F1-model_v4.pdb
INFO:2025-10-30 14:52:08,163:Computing HSC features for: Q8NFQ6, ENST00000300399, ../Ntranos_Rotation/ESM-SaProt/AF-Q8NFQ6-F1-model_v4.pdb.gz
INFO:2025-10-30 14:52:50,480:Successfully computed HSC for Q8NFQ6.
INFO:2025-10-30 14:52:50,480:Processing Q8NEZ5 with model AF-Q8NEZ5-F1-model_v4.pdb
INFO:2025-10-30 14:52:50,571:Computing HSC features for: Q8NEZ5, ENST00000308275, ../Ntranos_Rotation/ESM-SaProt/AF-Q8NEZ5-F1-model_v4.pdb.gz
INFO:2025-10-30 14:53:32,034:Successfully computed HSC for Q8NEZ5.
INFO:2025-10-30 14:53:32,034:Processing Q8NF37 with model AF-Q8NF37-F1-model_v4.pdb
INFO:2025-10-30 14:53:32,112:Computing HSC features for: Q8NF37, ENST00000283415, ../Ntranos_Rotation/ESM-SaProt/AF-Q8NF37-F1-model_v4.pdb.gz
INFO:2025-10-30 14:54:43,170:Successfully computed HSC for Q8NF37.
INFO:2025-10-30 14:54:43,170:Processing Q8NF50 with model AF-Q8NF50-F1-model_v4.pdb
INFO:2025-10-30 14:54:43,391:Computing HSC features for: Q8NF50, ENST00000432829, ../Ntranos_Rotation/ESM-SaProt/AF-Q8NF50-F1-model_v4.pdb.gz
INFO:2025-10-30 14:57:55,951:Successfully computed HSC for Q8NF50.
INFO:2025-10-30 14:57:55,952:Processing Q8NF64 with model AF-Q8NF64-F1-model_v4.pdb
INFO:2025-10-30 14:57:56,154:Computing HSC features for: Q8NF64, ENST00000309315, ../Ntranos_Rotation/ESM-SaProt/AF-Q8NF64-F1-model_v4.pdb.gz
INFO:2025-10-30 14:59:37,764:Successfully computed HSC for Q8NF64.
INFO:2025-10-30 14:59:37,764:Processing Q8NF67 with model AF-Q8NF67-F1-model_v4.pdb
ERROR:2025-10-30 14:59:37,917:No ENST transcript IDs were mapped to Q8NF67
INFO:2025-10-30 14:59:37,917:Processing Q8NF86 with model AF-Q8NF86-F1-model_v4.pdb
INFO:2025-10-30 14:59:37,966:Computing HSC features for: Q8NF86, ENST00000293851, ../Ntranos_Rotation/ESM-SaProt/AF-Q8NF86-F1-model_v4.pdb.gz
INFO:2025-10-30 15:00:20,569:Successfully computed HSC for Q8NF86.
INFO:2025-10-30 15:00:20,569:Processing Q8NF91 with model AF-Q8NF91-F1-model_v4.pdb
ERROR:2025-10-30 15:00:20,741:No valid CDS found for Q8NF91
INFO:2025-10-30 15:00:20,741:Processing Q8NG77 with model AF-Q8NG77-F1-model_v4.pdb
ERROR:2025-10-30 15:00:20,939:No transcript record found for Q8NG77 in gnomAD.
INFO:2025-10-30 15:00:20,939:Processing Q8NG78 with model AF-Q8NG78-F1-model_v4.pdb
ERROR:2025-10-30 15:00:21,001:No ENST transcript IDs were mapped to Q8NG78
INFO:2025-10-30 15:00:21,001:Processing Q8NG80 with model AF-Q8NG80-F1-model_v4.pdb
INFO:2025-10-30 15:00:21,052:Computing HSC features for: Q8NG80, ENST00000355281, ../Ntranos_Rotation/ESM-SaProt/AF-Q8NG80-F1-model_v4.pdb.gz
INFO:2025-10-30 15:00:46,657:Successfully computed HSC for Q8NG80.
INFO:2025-10-30 15:00:46,657:Processing Q8NG81 with model AF-Q8NG81-F1-model_v4.pdb
INFO:2025-10-30 15:00:46,708:Computing HSC features for: Q8NG81, ENST00000317965, ../Ntranos_Rotation/ESM-SaProt/AF-Q8NG81-F1-model_v4.pdb.gz
INFO:2025-10-30 15:01:11,578:Successfully computed HSC for Q8NG81.
INFO:2025-10-30 15:01:11,578:Processing Q8NG83 with model AF-Q8NG83-F1-model_v4.pdb
INFO:2025-10-30 15:01:11,711:Computing HSC features for: Q8NG83, ENST00000456743, ../Ntranos_Rotation/ESM-SaProt/AF-Q8NG83-F1-model_v4.pdb.gz
INFO:2025-10-30 15:01:37,710:Successfully computed HSC for Q8NG83.
INFO:2025-10-30 15:01:37,710:Processing Q8NG84 with model AF-Q8NG84-F1-model_v4.pdb
ERROR:2025-10-30 15:01:37,769:No ENST transcript IDs were mapped to Q8NG84
INFO:2025-10-30 15:01:37,769:Processing Q8NG85 with model AF-Q8NG85-F1-model_v4.pdb
INFO:2025-10-30 15:01:37,820:Computing HSC features for: Q8NG85, ENST00000359959, ../Ntranos_Rotation/ESM-SaProt/AF-Q8NG85-F1-model_v4.pdb.gz
INFO:2025-10-30 15:02:02,758:Successfully computed HSC for Q8NG85.
INFO:2025-10-30 15:02:02,758:Processing Q8NG92 with model AF-Q8NG92-F1-model_v4.pdb
INFO:2025-10-30 15:02:02,810:Computing HSC features for: Q8NG92, ENST00000338616, ../Ntranos_Rotation/ESM-SaProt/AF-Q8NG92-F1-model_v4.pdb.gz
INFO:2025-10-30 15:02:27,591:Successfully computed HSC for Q8NG92.
INFO:2025-10-30 15:02:27,591:Processing Q8NG94 with model AF-Q8NG94-F1-model_v4.pdb
ERROR:2025-10-30 15:02:27,649:No ENST transcript IDs were mapped to Q8NG94
INFO:2025-10-30 15:02:27,649:Processing Q8NG95 with model AF-Q8NG95-F1-model_v4.pdb
INFO:2025-10-30 15:02:27,696:Computing HSC features for: Q8NG95, ENST00000305444, ../Ntranos_Rotation/ESM-SaProt/AF-Q8NG95-F1-model_v4.pdb.gz
INFO:2025-10-30 15:02:53,545:Successfully computed HSC for Q8NG95.
INFO:2025-10-30 15:02:53,545:Processing Q8NG97 with model AF-Q8NG97-F1-model_v4.pdb
ERROR:2025-10-30 15:02:53,620:No transcript record found for Q8NG97 in gnomAD.
INFO:2025-10-30 15:02:53,620:Processing Q8NG98 with model AF-Q8NG98-F1-model_v4.pdb
INFO:2025-10-30 15:02:53,718:Computing HSC features for: Q8NG98, ENST00000308682, ../Ntranos_Rotation/ESM-SaProt/AF-Q8NG98-F1-model_v4.pdb.gz
INFO:2025-10-30 15:03:20,144:Successfully computed HSC for Q8NG98.
INFO:2025-10-30 15:03:20,144:Processing Q8NG99 with model AF-Q8NG99-F1-model_v4.pdb
ERROR:2025-10-30 15:03:20,326:No transcript record found for Q8NG99 in gnomAD.
INFO:2025-10-30 15:03:20,326:Pipeline completed.
INFO:2025-10-30 15:03:20,326:no_enst_for_uniprot: 6
INFO:2025-10-30 15:03:20,326:no_valid_cds: 2
INFO:2025-10-30 15:03:20,326:no_variant_data: 7
INFO:2025-10-30 15:03:20,326:bad_structure: 0
INFO:2025-10-30 15:03:20,326:no_enst_mp: 0
