INFO:2025-10-30 14:26:02,477:Starting HSC computation pipeline...
INFO:2025-10-30 14:26:51,402:Processing Q14714 with model AF-Q14714-F1-model_v4.pdb
INFO:2025-10-30 14:26:51,475:Computing HSC features for: Q14714, ENST00000242729, ../Ntranos_Rotation/ESM-SaProt/AF-Q14714-F1-model_v4.pdb.gz
INFO:2025-10-30 14:27:17,530:Successfully computed HSC for Q14714.
INFO:2025-10-30 14:27:17,530:Processing Q14721 with model AF-Q14721-F1-model_v4.pdb
INFO:2025-10-30 14:27:17,707:Computing HSC features for: Q14721, ENST00000371741, ../Ntranos_Rotation/ESM-SaProt/AF-Q14721-F1-model_v4.pdb.gz
INFO:2025-10-30 14:28:38,964:Successfully computed HSC for Q14721.
INFO:2025-10-30 14:28:38,964:Processing Q14722 with model AF-Q14722-F1-model_v4.pdb
INFO:2025-10-30 14:28:39,045:Computing HSC features for: Q14722, ENST00000490337, ../Ntranos_Rotation/ESM-SaProt/AF-Q14722-F1-model_v4.pdb.gz
INFO:2025-10-30 14:29:13,243:Successfully computed HSC for Q14722.
INFO:2025-10-30 14:29:13,243:Processing Q14728 with model AF-Q14728-F1-model_v4.pdb
INFO:2025-10-30 14:29:13,321:Computing HSC features for: Q14728, ENST00000329687, ../Ntranos_Rotation/ESM-SaProt/AF-Q14728-F1-model_v4.pdb.gz
INFO:2025-10-30 14:30:04,911:Successfully computed HSC for Q14728.
INFO:2025-10-30 14:30:04,911:Processing Q14738 with model AF-Q14738-F1-model_v4.pdb
INFO:2025-10-30 14:30:05,054:Computing HSC features for: Q14738, ENST00000485511, ../Ntranos_Rotation/ESM-SaProt/AF-Q14738-F1-model_v4.pdb.gz
INFO:2025-10-30 14:30:57,099:Successfully computed HSC for Q14738.
INFO:2025-10-30 14:30:57,099:Processing Q14739 with model AF-Q14739-F1-model_v4.pdb
INFO:2025-10-30 14:30:57,184:Computing HSC features for: Q14739, ENST00000272163, ../Ntranos_Rotation/ESM-SaProt/AF-Q14739-F1-model_v4.pdb.gz
INFO:2025-10-30 14:31:49,521:Successfully computed HSC for Q14739.
INFO:2025-10-30 14:31:49,521:Processing Q14746 with model AF-Q14746-F1-model_v4.pdb
INFO:2025-10-30 14:31:49,641:Computing HSC features for: Q14746, ENST00000366669, ../Ntranos_Rotation/ESM-SaProt/AF-Q14746-F1-model_v4.pdb.gz
INFO:2025-10-30 14:32:49,812:Successfully computed HSC for Q14746.
INFO:2025-10-30 14:32:49,812:Processing Q14749 with model AF-Q14749-F1-model_v4.pdb
INFO:2025-10-30 14:32:49,895:Computing HSC features for: Q14749, ENST00000372808, ../Ntranos_Rotation/ESM-SaProt/AF-Q14749-F1-model_v4.pdb.gz
INFO:2025-10-30 14:33:23,202:Successfully computed HSC for Q14749.
INFO:2025-10-30 14:33:23,202:Processing Q14761 with model AF-Q14761-F1-model_v4.pdb
INFO:2025-10-30 14:33:23,318:Computing HSC features for: Q14761, ENST00000326294, ../Ntranos_Rotation/ESM-SaProt/AF-Q14761-F1-model_v4.pdb.gz
INFO:2025-10-30 14:33:47,702:Successfully computed HSC for Q14761.
INFO:2025-10-30 14:33:47,702:Processing Q14764 with model AF-Q14764-F1-model_v4.pdb
INFO:2025-10-30 14:33:48,034:Computing HSC features for: Q14764, ENST00000357402, ../Ntranos_Rotation/ESM-SaProt/AF-Q14764-F1-model_v4.pdb.gz
INFO:2025-10-30 14:35:20,477:Successfully computed HSC for Q14764.
INFO:2025-10-30 14:35:20,477:Processing Q14765 with model AF-Q14765-F1-model_v4.pdb
INFO:2025-10-30 14:35:20,575:Computing HSC features for: Q14765, ENST00000358470, ../Ntranos_Rotation/ESM-SaProt/AF-Q14765-F1-model_v4.pdb.gz
INFO:2025-10-30 14:36:13,989:Successfully computed HSC for Q14765.
INFO:2025-10-30 14:36:13,989:Processing Q14766 with model AF-Q14766-F1-model_v4.pdb
INFO:2025-10-30 14:36:14,282:Computing HSC features for: Q14766, ENST00000404816, ../Ntranos_Rotation/ESM-SaProt/AF-Q14766-F1-model_v4.pdb.gz
INFO:2025-10-30 14:38:48,816:Successfully computed HSC for Q14766.
INFO:2025-10-30 14:38:48,816:Processing Q14767 with model AF-Q14767-F1-model_v4.pdb
INFO:2025-10-30 14:38:49,113:Computing HSC features for: Q14767, ENST00000261978, ../Ntranos_Rotation/ESM-SaProt/AF-Q14767-F1-model_v4.pdb.gz
INFO:2025-10-30 14:42:06,870:Successfully computed HSC for Q14767.
INFO:2025-10-30 14:42:06,870:Processing Q14773 with model AF-Q14773-F1-model_v4.pdb
INFO:2025-10-30 14:42:06,972:Computing HSC features for: Q14773, ENST00000380770, ../Ntranos_Rotation/ESM-SaProt/AF-Q14773-F1-model_v4.pdb.gz
INFO:2025-10-30 14:42:42,348:Successfully computed HSC for Q14773.
INFO:2025-10-30 14:42:42,348:Processing Q14774 with model AF-Q14774-F1-model_v4.pdb
INFO:2025-10-30 14:42:42,420:Computing HSC features for: Q14774, ENST00000366903, ../Ntranos_Rotation/ESM-SaProt/AF-Q14774-F1-model_v4.pdb.gz
INFO:2025-10-30 14:43:45,608:Successfully computed HSC for Q14774.
INFO:2025-10-30 14:43:45,608:Processing Q14781 with model AF-Q14781-F1-model_v4.pdb
INFO:2025-10-30 14:43:45,683:Computing HSC features for: Q14781, ENST00000310942, ../Ntranos_Rotation/ESM-SaProt/AF-Q14781-F1-model_v4.pdb.gz
INFO:2025-10-30 14:44:41,683:Successfully computed HSC for Q14781.
INFO:2025-10-30 14:44:41,683:Processing Q14789 with model AF-Q14789-F1-model_v4.pdb
ERROR:2025-10-30 14:44:41,865:No valid CDS found for Q14789
INFO:2025-10-30 14:44:41,865:Processing Q15013 with model AF-Q15013-F1-model_v4.pdb
INFO:2025-10-30 14:44:41,956:Computing HSC features for: Q15013, ENST00000372171, ../Ntranos_Rotation/ESM-SaProt/AF-Q15013-F1-model_v4.pdb.gz
INFO:2025-10-30 14:45:08,843:Successfully computed HSC for Q15013.
INFO:2025-10-30 14:45:08,843:Processing Q15014 with model AF-Q15014-F1-model_v4.pdb
INFO:2025-10-30 14:45:08,908:Computing HSC features for: Q15014, ENST00000360458, ../Ntranos_Rotation/ESM-SaProt/AF-Q15014-F1-model_v4.pdb.gz
INFO:2025-10-30 14:45:30,111:Successfully computed HSC for Q15014.
INFO:2025-10-30 14:45:30,111:Processing Q15018 with model AF-Q15018-F1-model_v4.pdb
INFO:2025-10-30 14:45:30,193:Computing HSC features for: Q15018, ENST00000298492, ../Ntranos_Rotation/ESM-SaProt/AF-Q15018-F1-model_v4.pdb.gz
INFO:2025-10-30 14:46:04,782:Successfully computed HSC for Q15018.
INFO:2025-10-30 14:46:04,782:Processing Q15019 with model AF-Q15019-F1-model_v4.pdb
INFO:2025-10-30 14:46:04,849:Computing HSC features for: Q15019, ENST00000360051, ../Ntranos_Rotation/ESM-SaProt/AF-Q15019-F1-model_v4.pdb.gz
INFO:2025-10-30 14:46:33,635:Successfully computed HSC for Q15019.
INFO:2025-10-30 14:46:33,635:Processing Q15020 with model AF-Q15020-F1-model_v4.pdb
INFO:2025-10-30 14:46:33,813:Computing HSC features for: Q15020, ENST00000546815, ../Ntranos_Rotation/ESM-SaProt/AF-Q15020-F1-model_v4.pdb.gz
INFO:2025-10-30 14:48:04,743:Successfully computed HSC for Q15020.
INFO:2025-10-30 14:48:04,743:Processing Q15021 with model AF-Q15021-F1-model_v4.pdb
INFO:2025-10-30 14:48:05,025:Computing HSC features for: Q15021, ENST00000315579, ../Ntranos_Rotation/ESM-SaProt/AF-Q15021-F1-model_v4.pdb.gz
INFO:2025-10-30 14:49:58,190:Successfully computed HSC for Q15021.
INFO:2025-10-30 14:49:58,190:Processing Q15022 with model AF-Q15022-F1-model_v4.pdb
INFO:2025-10-30 14:49:58,285:Computing HSC features for: Q15022, ENST00000322652, ../Ntranos_Rotation/ESM-SaProt/AF-Q15022-F1-model_v4.pdb.gz
INFO:2025-10-30 14:50:57,765:Successfully computed HSC for Q15022.
INFO:2025-10-30 14:50:57,765:Processing Q15024 with model AF-Q15024-F1-model_v4.pdb
INFO:2025-10-30 14:50:57,932:Computing HSC features for: Q15024, ENST00000265564, ../Ntranos_Rotation/ESM-SaProt/AF-Q15024-F1-model_v4.pdb.gz
INFO:2025-10-30 14:51:23,837:Successfully computed HSC for Q15024.
INFO:2025-10-30 14:51:23,837:Processing Q15025 with model AF-Q15025-F1-model_v4.pdb
INFO:2025-10-30 14:51:23,996:Computing HSC features for: Q15025, ENST00000315050, ../Ntranos_Rotation/ESM-SaProt/AF-Q15025-F1-model_v4.pdb.gz
INFO:2025-10-30 14:52:22,205:Successfully computed HSC for Q15025.
INFO:2025-10-30 14:52:22,205:Processing Q15027 with model AF-Q15027-F1-model_v4.pdb
INFO:2025-10-30 14:52:22,293:Computing HSC features for: Q15027, ENST00000158762, ../Ntranos_Rotation/ESM-SaProt/AF-Q15027-F1-model_v4.pdb.gz
INFO:2025-10-30 14:53:34,454:Successfully computed HSC for Q15027.
INFO:2025-10-30 14:53:34,454:Processing Q15029 with model AF-Q15029-F1-model_v4.pdb
INFO:2025-10-30 14:53:34,706:Computing HSC features for: Q15029, ENST00000426333, ../Ntranos_Rotation/ESM-SaProt/AF-Q15029-F1-model_v4.pdb.gz
INFO:2025-10-30 14:54:56,028:Successfully computed HSC for Q15029.
INFO:2025-10-30 14:54:56,028:Processing Q15031 with model AF-Q15031-F1-model_v4.pdb
ERROR:2025-10-30 14:54:56,140:No transcript record found for Q15031 in gnomAD.
INFO:2025-10-30 14:54:56,140:Processing Q15032 with model AF-Q15032-F1-model_v4.pdb
INFO:2025-10-30 14:54:56,260:Computing HSC features for: Q15032, ENST00000264160, ../Ntranos_Rotation/ESM-SaProt/AF-Q15032-F1-model_v4.pdb.gz
INFO:2025-10-30 14:56:13,119:Successfully computed HSC for Q15032.
INFO:2025-10-30 14:56:13,119:Processing Q15034 with model AF-Q15034-F1-model_v4.pdb
INFO:2025-10-30 14:56:13,234:Computing HSC features for: Q15034, ENST00000264345, ../Ntranos_Rotation/ESM-SaProt/AF-Q15034-F1-model_v4.pdb.gz
INFO:2025-10-30 14:57:26,340:Successfully computed HSC for Q15034.
INFO:2025-10-30 14:57:26,340:Processing Q15035 with model AF-Q15035-F1-model_v4.pdb
INFO:2025-10-30 14:57:26,409:Computing HSC features for: Q15035, ENST00000182527, ../Ntranos_Rotation/ESM-SaProt/AF-Q15035-F1-model_v4.pdb.gz
INFO:2025-10-30 14:57:59,532:Successfully computed HSC for Q15035.
INFO:2025-10-30 14:57:59,533:Processing Q15036 with model AF-Q15036-F1-model_v4.pdb
INFO:2025-10-30 14:57:59,631:Computing HSC features for: Q15036, ENST00000233575, ../Ntranos_Rotation/ESM-SaProt/AF-Q15036-F1-model_v4.pdb.gz
INFO:2025-10-30 14:58:44,288:Successfully computed HSC for Q15036.
INFO:2025-10-30 14:58:44,288:Processing Q15038 with model AF-Q15038-F1-model_v4.pdb
INFO:2025-10-30 14:58:44,320:Computing HSC features for: Q15038, ENST00000412716, ../Ntranos_Rotation/ESM-SaProt/AF-Q15038-F1-model_v4.pdb.gz
INFO:2025-10-30 14:58:57,819:Successfully computed HSC for Q15038.
INFO:2025-10-30 14:58:57,819:Processing Q15040 with model AF-Q15040-F1-model_v4.pdb
INFO:2025-10-30 14:58:57,859:Computing HSC features for: Q15040, ENST00000216039, ../Ntranos_Rotation/ESM-SaProt/AF-Q15040-F1-model_v4.pdb.gz
INFO:2025-10-30 14:59:15,260:Successfully computed HSC for Q15040.
INFO:2025-10-30 14:59:15,260:Processing Q15041 with model AF-Q15041-F1-model_v4.pdb
INFO:2025-10-30 14:59:15,302:Computing HSC features for: Q15041, ENST00000304414, ../Ntranos_Rotation/ESM-SaProt/AF-Q15041-F1-model_v4.pdb.gz
INFO:2025-10-30 14:59:31,379:Successfully computed HSC for Q15041.
INFO:2025-10-30 14:59:31,379:Processing Q15042 with model AF-Q15042-F1-model_v4.pdb
INFO:2025-10-30 14:59:31,498:Computing HSC features for: Q15042, ENST00000264158, ../Ntranos_Rotation/ESM-SaProt/AF-Q15042-F1-model_v4.pdb.gz
INFO:2025-10-30 15:00:42,204:Successfully computed HSC for Q15042.
INFO:2025-10-30 15:00:42,204:Processing Q15043 with model AF-Q15043-F1-model_v4.pdb
INFO:2025-10-30 15:00:42,275:Computing HSC features for: Q15043, ENST00000359741, ../Ntranos_Rotation/ESM-SaProt/AF-Q15043-F1-model_v4.pdb.gz
INFO:2025-10-30 15:01:24,054:Successfully computed HSC for Q15043.
INFO:2025-10-30 15:01:24,054:Processing Q15046 with model AF-Q15046-F1-model_v4.pdb
INFO:2025-10-30 15:01:24,150:Computing HSC features for: Q15046, ENST00000302445, ../Ntranos_Rotation/ESM-SaProt/AF-Q15046-F1-model_v4.pdb.gz
INFO:2025-10-30 15:02:11,716:Successfully computed HSC for Q15046.
INFO:2025-10-30 15:02:11,716:Processing Q15047 with model AF-Q15047-F1-model_v4.pdb
INFO:2025-10-30 15:02:11,859:Computing HSC features for: Q15047, ENST00000271640, ../Ntranos_Rotation/ESM-SaProt/AF-Q15047-F1-model_v4.pdb.gz
INFO:2025-10-30 15:03:54,352:Successfully computed HSC for Q15047.
INFO:2025-10-30 15:03:54,352:Processing Q15048 with model AF-Q15048-F1-model_v4.pdb
INFO:2025-10-30 15:03:54,429:Computing HSC features for: Q15048, ENST00000292524, ../Ntranos_Rotation/ESM-SaProt/AF-Q15048-F1-model_v4.pdb.gz
INFO:2025-10-30 15:04:44,910:Successfully computed HSC for Q15048.
INFO:2025-10-30 15:04:44,910:Processing Q15049 with model AF-Q15049-F1-model_v4.pdb
INFO:2025-10-30 15:04:44,964:Computing HSC features for: Q15049, ENST00000311597, ../Ntranos_Rotation/ESM-SaProt/AF-Q15049-F1-model_v4.pdb.gz
INFO:2025-10-30 15:05:23,659:Successfully computed HSC for Q15049.
INFO:2025-10-30 15:05:23,659:Processing Q15050 with model AF-Q15050-F1-model_v4.pdb
INFO:2025-10-30 15:05:23,715:Computing HSC features for: Q15050, ENST00000320270, ../Ntranos_Rotation/ESM-SaProt/AF-Q15050-F1-model_v4.pdb.gz
INFO:2025-10-30 15:06:08,138:Successfully computed HSC for Q15050.
INFO:2025-10-30 15:06:08,138:Processing Q15051 with model AF-Q15051-F1-model_v4.pdb
INFO:2025-10-30 15:06:08,221:Computing HSC features for: Q15051, ENST00000310864, ../Ntranos_Rotation/ESM-SaProt/AF-Q15051-F1-model_v4.pdb.gz
INFO:2025-10-30 15:06:47,803:Successfully computed HSC for Q15051.
INFO:2025-10-30 15:06:47,803:Processing Q15052 with model AF-Q15052-F1-model_v4.pdb
INFO:2025-10-30 15:06:47,904:Computing HSC features for: Q15052, ENST00000250617, ../Ntranos_Rotation/ESM-SaProt/AF-Q15052-F1-model_v4.pdb.gz
INFO:2025-10-30 15:07:43,288:Successfully computed HSC for Q15052.
INFO:2025-10-30 15:07:43,288:Processing Q15053 with model AF-Q15053-F1-model_v4.pdb
INFO:2025-10-30 15:07:43,366:Computing HSC features for: Q15053, ENST00000423313, ../Ntranos_Rotation/ESM-SaProt/AF-Q15053-F1-model_v4.pdb.gz
INFO:2025-10-30 15:07:49,712:Successfully computed HSC for Q15053.
INFO:2025-10-30 15:07:49,712:Processing Q15054 with model AF-Q15054-F1-model_v4.pdb
INFO:2025-10-30 15:07:49,776:Computing HSC features for: Q15054, ENST00000263681, ../Ntranos_Rotation/ESM-SaProt/AF-Q15054-F1-model_v4.pdb.gz
INFO:2025-10-30 15:08:22,137:Successfully computed HSC for Q15054.
INFO:2025-10-30 15:08:22,137:Processing Q15056 with model AF-Q15056-F1-model_v4.pdb
INFO:2025-10-30 15:08:22,194:Computing HSC features for: Q15056, ENST00000265753, ../Ntranos_Rotation/ESM-SaProt/AF-Q15056-F1-model_v4.pdb.gz
INFO:2025-10-30 15:08:47,612:Successfully computed HSC for Q15056.
INFO:2025-10-30 15:08:47,612:Processing Q15057 with model AF-Q15057-F1-model_v4.pdb
INFO:2025-10-30 15:08:47,793:Computing HSC features for: Q15057, ENST00000326793, ../Ntranos_Rotation/ESM-SaProt/AF-Q15057-F1-model_v4.pdb.gz
INFO:2025-10-30 15:09:44,403:Successfully computed HSC for Q15057.
INFO:2025-10-30 15:09:44,403:Processing Q15058 with model AF-Q15058-F1-model_v4.pdb
INFO:2025-10-30 15:09:44,575:Computing HSC features for: Q15058, ENST00000367350, ../Ntranos_Rotation/ESM-SaProt/AF-Q15058-F1-model_v4.pdb.gz
INFO:2025-10-30 15:11:31,584:Successfully computed HSC for Q15058.
INFO:2025-10-30 15:11:31,584:Pipeline completed.
INFO:2025-10-30 15:11:31,584:no_enst_for_uniprot: 0
INFO:2025-10-30 15:11:31,584:no_valid_cds: 1
INFO:2025-10-30 15:11:31,584:no_variant_data: 1
INFO:2025-10-30 15:11:31,584:bad_structure: 0
INFO:2025-10-30 15:11:31,584:no_enst_mp: 0
