INFO:2025-10-30 14:57:01,222:Starting HSC computation pipeline...
INFO:2025-10-30 14:58:00,081:Processing Q9NZN1 with model AF-Q9NZN1-F1-model_v4.pdb
INFO:2025-10-30 14:58:00,285:Computing HSC features for: Q9NZN1, ENST00000378993, ../Ntranos_Rotation/ESM-SaProt/AF-Q9NZN1-F1-model_v4.pdb.gz
INFO:2025-10-30 14:59:39,497:Successfully computed HSC for Q9NZN1.
INFO:2025-10-30 14:59:39,497:Processing Q9NZN3 with model AF-Q9NZN3-F1-model_v4.pdb
INFO:2025-10-30 14:59:39,671:Computing HSC features for: Q9NZN3, ENST00000322054, ../Ntranos_Rotation/ESM-SaProt/AF-Q9NZN3-F1-model_v4.pdb.gz
INFO:2025-10-30 15:00:51,564:Successfully computed HSC for Q9NZN3.
INFO:2025-10-30 15:00:51,565:Processing Q9NZN4 with model AF-Q9NZN4-F1-model_v4.pdb
INFO:2025-10-30 15:00:51,671:Computing HSC features for: Q9NZN4, ENST00000263277, ../Ntranos_Rotation/ESM-SaProt/AF-Q9NZN4-F1-model_v4.pdb.gz
INFO:2025-10-30 15:02:12,254:Successfully computed HSC for Q9NZN4.
INFO:2025-10-30 15:02:12,255:Processing Q9NZN5 with model AF-Q9NZN5-F1-model_v4.pdb
INFO:2025-10-30 15:02:12,563:Computing HSC features for: Q9NZN5, ENST00000397843, ../Ntranos_Rotation/ESM-SaProt/AF-Q9NZN5-F1-model_v4.pdb.gz
INFO:2025-10-30 15:05:20,529:Successfully computed HSC for Q9NZN5.
INFO:2025-10-30 15:05:20,530:Processing Q9NZN8 with model AF-Q9NZN8-F1-model_v4.pdb
INFO:2025-10-30 15:05:20,618:Computing HSC features for: Q9NZN8, ENST00000229195, ../Ntranos_Rotation/ESM-SaProt/AF-Q9NZN8-F1-model_v4.pdb.gz
INFO:2025-10-30 15:06:27,591:Successfully computed HSC for Q9NZN8.
INFO:2025-10-30 15:06:27,591:Processing Q9NZN9 with model AF-Q9NZN9-F1-model_v4.pdb
INFO:2025-10-30 15:06:27,723:Computing HSC features for: Q9NZN9, ENST00000381129, ../Ntranos_Rotation/ESM-SaProt/AF-Q9NZN9-F1-model_v4.pdb.gz
INFO:2025-10-30 15:07:18,247:Successfully computed HSC for Q9NZN9.
INFO:2025-10-30 15:07:18,247:Processing Q9NZP0 with model AF-Q9NZP0-F1-model_v4.pdb
ERROR:2025-10-30 15:07:18,309:No transcript record found for Q9NZP0 in gnomAD.
INFO:2025-10-30 15:07:18,310:Processing Q9NZP2 with model AF-Q9NZP2-F1-model_v4.pdb
ERROR:2025-10-30 15:07:18,450:No transcript record found for Q9NZP2 in gnomAD.
INFO:2025-10-30 15:07:18,450:Processing Q9NZB2 with model AF-Q9NZB2-F1-model_v4.pdb
INFO:2025-10-30 15:07:18,663:Computing HSC features for: Q9NZB2, ENST00000277165, ../Ntranos_Rotation/ESM-SaProt/AF-Q9NZB2-F1-model_v4.pdb.gz
INFO:2025-10-30 15:10:32,900:Successfully computed HSC for Q9NZB2.
INFO:2025-10-30 15:10:32,900:Processing Q9NZB8 with model AF-Q9NZB8-F1-model_v4.pdb
INFO:2025-10-30 15:10:33,069:Computing HSC features for: Q9NZB8, ENST00000340692, ../Ntranos_Rotation/ESM-SaProt/AF-Q9NZB8-F1-model_v4.pdb.gz
INFO:2025-10-30 15:12:24,173:Successfully computed HSC for Q9NZB8.
INFO:2025-10-30 15:12:24,174:Processing Q9NZC2 with model AF-Q9NZC2-F1-model_v4.pdb
INFO:2025-10-30 15:12:24,241:Computing HSC features for: Q9NZC2, ENST00000373113, ../Ntranos_Rotation/ESM-SaProt/AF-Q9NZC2-F1-model_v4.pdb.gz
INFO:2025-10-30 15:12:52,533:Successfully computed HSC for Q9NZC2.
INFO:2025-10-30 15:12:52,533:Processing Q9NZC3 with model AF-Q9NZC3-F1-model_v4.pdb
INFO:2025-10-30 15:12:52,615:Computing HSC features for: Q9NZC3, ENST00000353258, ../Ntranos_Rotation/ESM-SaProt/AF-Q9NZC3-F1-model_v4.pdb.gz
INFO:2025-10-30 15:13:38,296:Successfully computed HSC for Q9NZC3.
INFO:2025-10-30 15:13:38,296:Processing Q9NZC4 with model AF-Q9NZC4-F1-model_v4.pdb
INFO:2025-10-30 15:13:38,388:Computing HSC features for: Q9NZC4, ENST00000257831, ../Ntranos_Rotation/ESM-SaProt/AF-Q9NZC4-F1-model_v4.pdb.gz
INFO:2025-10-30 15:14:37,271:Successfully computed HSC for Q9NZC4.
INFO:2025-10-30 15:14:37,272:Processing Q9NZC7 with model AF-Q9NZC7-F1-model_v4.pdb
INFO:2025-10-30 15:14:37,400:Computing HSC features for: Q9NZC7, ENST00000566780, ../Ntranos_Rotation/ESM-SaProt/AF-Q9NZC7-F1-model_v4.pdb.gz
INFO:2025-10-30 15:15:55,748:Successfully computed HSC for Q9NZC7.
INFO:2025-10-30 15:15:55,748:Processing Q9NZC9 with model AF-Q9NZC9-F1-model_v4.pdb
INFO:2025-10-30 15:15:55,950:Computing HSC features for: Q9NZC9, ENST00000357276, ../Ntranos_Rotation/ESM-SaProt/AF-Q9NZC9-F1-model_v4.pdb.gz
INFO:2025-10-30 15:17:38,550:Successfully computed HSC for Q9NZC9.
INFO:2025-10-30 15:17:38,550:Processing Q9NZD1 with model AF-Q9NZD1-F1-model_v4.pdb
INFO:2025-10-30 15:17:38,628:Computing HSC features for: Q9NZD1, ENST00000228887, ../Ntranos_Rotation/ESM-SaProt/AF-Q9NZD1-F1-model_v4.pdb.gz
INFO:2025-10-30 15:18:12,317:Successfully computed HSC for Q9NZD1.
INFO:2025-10-30 15:18:12,317:Processing Q9NZD2 with model AF-Q9NZD2-F1-model_v4.pdb
INFO:2025-10-30 15:18:12,378:Computing HSC features for: Q9NZD2, ENST00000318348, ../Ntranos_Rotation/ESM-SaProt/AF-Q9NZD2-F1-model_v4.pdb.gz
INFO:2025-10-30 15:18:35,454:Successfully computed HSC for Q9NZD2.
INFO:2025-10-30 15:18:35,454:Processing Q9NZD4 with model AF-Q9NZD4-F1-model_v4.pdb
INFO:2025-10-30 15:18:35,489:Computing HSC features for: Q9NZD4, ENST00000302312, ../Ntranos_Rotation/ESM-SaProt/AF-Q9NZD4-F1-model_v4.pdb.gz
INFO:2025-10-30 15:18:44,079:Successfully computed HSC for Q9NZD4.
INFO:2025-10-30 15:18:44,079:Processing Q9NZD8 with model AF-Q9NZD8-F1-model_v4.pdb
INFO:2025-10-30 15:18:44,184:Computing HSC features for: Q9NZD8, ENST00000204566, ../Ntranos_Rotation/ESM-SaProt/AF-Q9NZD8-F1-model_v4.pdb.gz
INFO:2025-10-30 15:19:12,672:Successfully computed HSC for Q9NZD8.
INFO:2025-10-30 15:19:12,672:Processing Q9NZE8 with model AF-Q9NZE8-F1-model_v4.pdb
INFO:2025-10-30 15:19:12,768:Computing HSC features for: Q9NZE8, ENST00000337109, ../Ntranos_Rotation/ESM-SaProt/AF-Q9NZE8-F1-model_v4.pdb.gz
INFO:2025-10-30 15:19:27,912:Successfully computed HSC for Q9NZE8.
INFO:2025-10-30 15:19:27,913:Processing Q9NZF1 with model AF-Q9NZF1-F1-model_v4.pdb
INFO:2025-10-30 15:19:27,969:Computing HSC features for: Q9NZF1, ENST00000311507, ../Ntranos_Rotation/ESM-SaProt/AF-Q9NZF1-F1-model_v4.pdb.gz
INFO:2025-10-30 15:19:45,807:Successfully computed HSC for Q9NZF1.
INFO:2025-10-30 15:19:45,807:Processing Q9NZG7 with model AF-Q9NZG7-F1-model_v4.pdb
INFO:2025-10-30 15:19:45,850:Computing HSC features for: Q9NZG7, ENST00000305108, ../Ntranos_Rotation/ESM-SaProt/AF-Q9NZG7-F1-model_v4.pdb.gz
INFO:2025-10-30 15:20:07,993:Successfully computed HSC for Q9NZG7.
INFO:2025-10-30 15:20:07,993:Processing Q9NZH0 with model AF-Q9NZH0-F1-model_v4.pdb
INFO:2025-10-30 15:20:08,084:Computing HSC features for: Q9NZH0, ENST00000300571, ../Ntranos_Rotation/ESM-SaProt/AF-Q9NZH0-F1-model_v4.pdb.gz
INFO:2025-10-30 15:21:08,262:Successfully computed HSC for Q9NZH0.
INFO:2025-10-30 15:21:08,262:Processing Q9NZH4 with model AF-Q9NZH4-F1-model_v4.pdb
ERROR:2025-10-30 15:21:08,320:No ENST transcript IDs were mapped to Q9NZH4
INFO:2025-10-30 15:21:08,320:Processing Q9NZH5 with model AF-Q9NZH5-F1-model_v4.pdb
ERROR:2025-10-30 15:21:08,390:No valid CDS found for Q9NZH5
INFO:2025-10-30 15:21:08,390:Processing Q9NZH6 with model AF-Q9NZH6-F1-model_v4.pdb
INFO:2025-10-30 15:21:08,448:Computing HSC features for: Q9NZH6, ENST00000263326, ../Ntranos_Rotation/ESM-SaProt/AF-Q9NZH6-F1-model_v4.pdb.gz
INFO:2025-10-30 15:21:41,587:Successfully computed HSC for Q9NZH6.
INFO:2025-10-30 15:21:41,588:Processing Q9NZH7 with model AF-Q9NZH7-F1-model_v4.pdb
INFO:2025-10-30 15:21:41,642:Computing HSC features for: Q9NZH7, ENST00000259213, ../Ntranos_Rotation/ESM-SaProt/AF-Q9NZH7-F1-model_v4.pdb.gz
INFO:2025-10-30 15:22:09,074:Successfully computed HSC for Q9NZH7.
INFO:2025-10-30 15:22:09,074:Processing Q9NZH8 with model AF-Q9NZH8-F1-model_v4.pdb
INFO:2025-10-30 15:22:09,145:Computing HSC features for: Q9NZH8, ENST00000259205, ../Ntranos_Rotation/ESM-SaProt/AF-Q9NZH8-F1-model_v4.pdb.gz
INFO:2025-10-30 15:22:39,268:Successfully computed HSC for Q9NZH8.
INFO:2025-10-30 15:22:39,268:Processing Q9NZI2 with model AF-Q9NZI2-F1-model_v4.pdb
INFO:2025-10-30 15:22:39,342:Computing HSC features for: Q9NZI2, ENST00000411494, ../Ntranos_Rotation/ESM-SaProt/AF-Q9NZI2-F1-model_v4.pdb.gz
INFO:2025-10-30 15:23:16,789:Successfully computed HSC for Q9NZI2.
INFO:2025-10-30 15:23:16,790:Processing Q9NZI5 with model AF-Q9NZI5-F1-model_v4.pdb
INFO:2025-10-30 15:23:16,928:Computing HSC features for: Q9NZI5, ENST00000324907, ../Ntranos_Rotation/ESM-SaProt/AF-Q9NZI5-F1-model_v4.pdb.gz
INFO:2025-10-30 15:24:28,956:Successfully computed HSC for Q9NZI5.
INFO:2025-10-30 15:24:28,957:Processing Q9NZI6 with model AF-Q9NZI6-F1-model_v4.pdb
INFO:2025-10-30 15:24:29,032:Computing HSC features for: Q9NZI6, ENST00000263707, ../Ntranos_Rotation/ESM-SaProt/AF-Q9NZI6-F1-model_v4.pdb.gz
INFO:2025-10-30 15:25:17,781:Successfully computed HSC for Q9NZI6.
INFO:2025-10-30 15:25:17,782:Processing Q9NZI7 with model AF-Q9NZI7-F1-model_v4.pdb
INFO:2025-10-30 15:25:17,936:Computing HSC features for: Q9NZI7, ENST00000283628, ../Ntranos_Rotation/ESM-SaProt/AF-Q9NZI7-F1-model_v4.pdb.gz
INFO:2025-10-30 15:26:15,010:Successfully computed HSC for Q9NZI7.
INFO:2025-10-30 15:26:15,010:Processing Q9NZI8 with model AF-Q9NZI8-F1-model_v4.pdb
INFO:2025-10-30 15:26:15,077:Computing HSC features for: Q9NZI8, ENST00000290341, ../Ntranos_Rotation/ESM-SaProt/AF-Q9NZI8-F1-model_v4.pdb.gz
INFO:2025-10-30 15:27:37,822:Successfully computed HSC for Q9NZI8.
INFO:2025-10-30 15:27:37,822:Processing Q9NZJ0 with model AF-Q9NZJ0-F1-model_v4.pdb
INFO:2025-10-30 15:27:37,971:Computing HSC features for: Q9NZJ0, ENST00000366991, ../Ntranos_Rotation/ESM-SaProt/AF-Q9NZJ0-F1-model_v4.pdb.gz
INFO:2025-10-30 15:29:18,965:Successfully computed HSC for Q9NZJ0.
INFO:2025-10-30 15:29:18,966:Processing Q9NZJ4 with model AF-Q9NZJ4-F1-model_v4.pdb
ERROR:2025-10-30 15:29:19,256:No valid CDS found for Q9NZJ4
INFO:2025-10-30 15:29:19,256:Processing Q9NZJ5 with model AF-Q9NZJ5-F1-model_v4.pdb
INFO:2025-10-30 15:29:19,482:Computing HSC features for: Q9NZJ5, ENST00000303236, ../Ntranos_Rotation/ESM-SaProt/AF-Q9NZJ5-F1-model_v4.pdb.gz
INFO:2025-10-30 15:32:03,056:Successfully computed HSC for Q9NZJ5.
INFO:2025-10-30 15:32:03,056:Processing Q9NZJ6 with model AF-Q9NZJ6-F1-model_v4.pdb
INFO:2025-10-30 15:32:03,171:Computing HSC features for: Q9NZJ6, ENST00000254759, ../Ntranos_Rotation/ESM-SaProt/AF-Q9NZJ6-F1-model_v4.pdb.gz
INFO:2025-10-30 15:32:31,252:Successfully computed HSC for Q9NZJ6.
INFO:2025-10-30 15:32:31,252:Processing Q9NZJ7 with model AF-Q9NZJ7-F1-model_v4.pdb
INFO:2025-10-30 15:32:31,331:Computing HSC features for: Q9NZJ7, ENST00000373627, ../Ntranos_Rotation/ESM-SaProt/AF-Q9NZJ7-F1-model_v4.pdb.gz
INFO:2025-10-30 15:33:51,138:Successfully computed HSC for Q9NZJ7.
INFO:2025-10-30 15:33:51,138:Processing Q9NZJ9 with model AF-Q9NZJ9-F1-model_v4.pdb
INFO:2025-10-30 15:33:51,198:Computing HSC features for: Q9NZJ9, ENST00000415493, ../Ntranos_Rotation/ESM-SaProt/AF-Q9NZJ9-F1-model_v4.pdb.gz
INFO:2025-10-30 15:34:31,106:Successfully computed HSC for Q9NZJ9.
INFO:2025-10-30 15:34:31,106:Processing Q9NZK5 with model AF-Q9NZK5-F1-model_v4.pdb
ERROR:2025-10-30 15:34:31,253:No transcript record found for Q9NZK5 in gnomAD.
INFO:2025-10-30 15:34:31,253:Processing Q9NYR8 with model AF-Q9NYR8-F1-model_v4.pdb
INFO:2025-10-30 15:34:31,349:Computing HSC features for: Q9NYR8, ENST00000591589, ../Ntranos_Rotation/ESM-SaProt/AF-Q9NYR8-F1-model_v4.pdb.gz
INFO:2025-10-30 15:35:06,420:Successfully computed HSC for Q9NYR8.
INFO:2025-10-30 15:35:06,420:Processing Q9NYR9 with model AF-Q9NYR9-F1-model_v4.pdb
INFO:2025-10-30 15:35:06,477:Computing HSC features for: Q9NYR9, ENST00000307641, ../Ntranos_Rotation/ESM-SaProt/AF-Q9NYR9-F1-model_v4.pdb.gz
INFO:2025-10-30 15:35:25,975:Successfully computed HSC for Q9NYR9.
INFO:2025-10-30 15:35:25,975:Processing Q9NYS0 with model AF-Q9NYS0-F1-model_v4.pdb
INFO:2025-10-30 15:35:26,030:Computing HSC features for: Q9NYS0, ENST00000388759, ../Ntranos_Rotation/ESM-SaProt/AF-Q9NYS0-F1-model_v4.pdb.gz
INFO:2025-10-30 15:35:48,865:Successfully computed HSC for Q9NYS0.
INFO:2025-10-30 15:35:48,865:Processing Q9NYS7 with model AF-Q9NYS7-F1-model_v4.pdb
INFO:2025-10-30 15:35:48,953:Computing HSC features for: Q9NYS7, ENST00000315436, ../Ntranos_Rotation/ESM-SaProt/AF-Q9NYS7-F1-model_v4.pdb.gz
INFO:2025-10-30 15:36:49,343:Successfully computed HSC for Q9NYS7.
INFO:2025-10-30 15:36:49,344:Processing Q9NYT0 with model AF-Q9NYT0-F1-model_v4.pdb
INFO:2025-10-30 15:36:49,438:Computing HSC features for: Q9NYT0, ENST00000216446, ../Ntranos_Rotation/ESM-SaProt/AF-Q9NYT0-F1-model_v4.pdb.gz
INFO:2025-10-30 15:37:42,041:Successfully computed HSC for Q9NYT0.
INFO:2025-10-30 15:37:42,041:Processing Q9NYT6 with model AF-Q9NYT6-F1-model_v4.pdb
INFO:2025-10-30 15:37:42,200:Computing HSC features for: Q9NYT6, ENST00000337433, ../Ntranos_Rotation/ESM-SaProt/AF-Q9NYT6-F1-model_v4.pdb.gz
INFO:2025-10-30 15:39:11,273:Successfully computed HSC for Q9NYT6.
INFO:2025-10-30 15:39:11,274:Processing Q9NYU1 with model AF-Q9NYU1-F1-model_v4.pdb
INFO:2025-10-30 15:39:11,609:Computing HSC features for: Q9NYU1, ENST00000376747, ../Ntranos_Rotation/ESM-SaProt/AF-Q9NYU1-F1-model_v4.pdb.gz
INFO:2025-10-30 15:41:04,338:Successfully computed HSC for Q9NYU1.
INFO:2025-10-30 15:41:04,338:Processing Q9NYU2 with model AF-Q9NYU2-F1-model_v4.pdb
INFO:2025-10-30 15:41:04,679:Computing HSC features for: Q9NYU2, ENST00000259253, ../Ntranos_Rotation/ESM-SaProt/AF-Q9NYU2-F1-model_v4.pdb.gz
INFO:2025-10-30 15:43:44,080:Successfully computed HSC for Q9NYU2.
INFO:2025-10-30 15:43:44,080:Processing Q9NYV4 with model AF-Q9NYV4-F1-model_v4.pdb
INFO:2025-10-30 15:43:44,354:Computing HSC features for: Q9NYV4, ENST00000447079, ../Ntranos_Rotation/ESM-SaProt/AF-Q9NYV4-F1-model_v4.pdb.gz
INFO:2025-10-30 15:45:55,865:Successfully computed HSC for Q9NYV4.
INFO:2025-10-30 15:45:55,865:Processing Q9NYV6 with model AF-Q9NYV6-F1-model_v4.pdb
INFO:2025-10-30 15:45:56,002:Computing HSC features for: Q9NYV6, ENST00000198767, ../Ntranos_Rotation/ESM-SaProt/AF-Q9NYV6-F1-model_v4.pdb.gz
INFO:2025-10-30 15:46:51,622:Successfully computed HSC for Q9NYV6.
INFO:2025-10-30 15:46:51,623:Pipeline completed.
INFO:2025-10-30 15:46:51,623:no_enst_for_uniprot: 1
INFO:2025-10-30 15:46:51,623:no_valid_cds: 2
INFO:2025-10-30 15:46:51,623:no_variant_data: 3
INFO:2025-10-30 15:46:51,623:bad_structure: 0
INFO:2025-10-30 15:46:51,623:no_enst_mp: 0
