INFO:2025-10-30 14:59:04,302:Starting HSC computation pipeline...
INFO:2025-10-30 15:00:21,535:Processing O95139 with model AF-O95139-F1-model_v4.pdb
INFO:2025-10-30 15:00:21,617:Computing HSC features for: O95139, ENST00000379847, ../Ntranos_Rotation/ESM-SaProt/AF-O95139-F1-model_v4.pdb.gz
INFO:2025-10-30 15:00:37,696:Successfully computed HSC for O95139.
INFO:2025-10-30 15:00:37,697:Processing O95140 with model AF-O95140-F1-model_v4.pdb
INFO:2025-10-30 15:00:37,880:Computing HSC features for: O95140, ENST00000235329, ../Ntranos_Rotation/ESM-SaProt/AF-O95140-F1-model_v4.pdb.gz
INFO:2025-10-30 15:02:01,495:Successfully computed HSC for O95140.
INFO:2025-10-30 15:02:01,495:Processing O95147 with model AF-O95147-F1-model_v4.pdb
ERROR:2025-10-30 15:02:01,571:No transcript record found for O95147 in gnomAD.
INFO:2025-10-30 15:02:01,571:Processing O95149 with model AF-O95149-F1-model_v4.pdb
INFO:2025-10-30 15:02:01,654:Computing HSC features for: O95149, ENST00000308588, ../Ntranos_Rotation/ESM-SaProt/AF-O95149-F1-model_v4.pdb.gz
INFO:2025-10-30 15:02:36,214:Successfully computed HSC for O95149.
INFO:2025-10-30 15:02:36,214:Processing O95150 with model AF-O95150-F1-model_v4.pdb
INFO:2025-10-30 15:02:36,347:Computing HSC features for: O95150, ENST00000374045, ../Ntranos_Rotation/ESM-SaProt/AF-O95150-F1-model_v4.pdb.gz
INFO:2025-10-30 15:02:56,803:Successfully computed HSC for O95150.
INFO:2025-10-30 15:02:56,803:Processing O95153 with model AF-O95153-F1-model_v4.pdb
INFO:2025-10-30 15:02:57,182:Computing HSC features for: O95153, ENST00000343736, ../Ntranos_Rotation/ESM-SaProt/AF-O95153-F1-model_v4.pdb.gz
INFO:2025-10-30 15:07:53,300:Successfully computed HSC for O95153.
INFO:2025-10-30 15:07:53,300:Processing O95154 with model AF-O95154-F1-model_v4.pdb
INFO:2025-10-30 15:07:53,412:Computing HSC features for: O95154, ENST00000361640, ../Ntranos_Rotation/ESM-SaProt/AF-O95154-F1-model_v4.pdb.gz
INFO:2025-10-30 15:08:36,854:Successfully computed HSC for O95154.
INFO:2025-10-30 15:08:36,854:Processing O95155 with model AF-O95155-F1-model_v4.pdb
INFO:2025-10-30 15:08:37,021:Computing HSC features for: O95155, ENST00000343090, ../Ntranos_Rotation/ESM-SaProt/AF-O95155-F1-model_v4.pdb.gz
INFO:2025-10-30 15:10:40,924:Successfully computed HSC for O95155.
INFO:2025-10-30 15:10:40,925:Processing O95156 with model AF-O95156-F1-model_v4.pdb
INFO:2025-10-30 15:10:41,002:Computing HSC features for: O95156, ENST00000272641, ../Ntranos_Rotation/ESM-SaProt/AF-O95156-F1-model_v4.pdb.gz
INFO:2025-10-30 15:11:13,761:Successfully computed HSC for O95156.
INFO:2025-10-30 15:11:13,761:Processing O95157 with model AF-O95157-F1-model_v4.pdb
INFO:2025-10-30 15:11:13,932:Computing HSC features for: O95157, ENST00000328741, ../Ntranos_Rotation/ESM-SaProt/AF-O95157-F1-model_v4.pdb.gz
INFO:2025-10-30 15:11:43,068:Successfully computed HSC for O95157.
INFO:2025-10-30 15:11:43,069:Processing O95158 with model AF-O95158-F1-model_v4.pdb
INFO:2025-10-30 15:11:43,148:Computing HSC features for: O95158, ENST00000349394, ../Ntranos_Rotation/ESM-SaProt/AF-O95158-F1-model_v4.pdb.gz
INFO:2025-10-30 15:12:25,408:Successfully computed HSC for O95158.
INFO:2025-10-30 15:12:25,408:Processing O95159 with model AF-O95159-F1-model_v4.pdb
INFO:2025-10-30 15:12:25,479:Computing HSC features for: O95159, ENST00000294258, ../Ntranos_Rotation/ESM-SaProt/AF-O95159-F1-model_v4.pdb.gz
INFO:2025-10-30 15:12:59,012:Successfully computed HSC for O95159.
INFO:2025-10-30 15:12:59,012:Processing O95163 with model AF-O95163-F1-model_v4.pdb
INFO:2025-10-30 15:12:59,266:Computing HSC features for: O95163, ENST00000374647, ../Ntranos_Rotation/ESM-SaProt/AF-O95163-F1-model_v4.pdb.gz
INFO:2025-10-30 15:14:38,239:Successfully computed HSC for O95163.
INFO:2025-10-30 15:14:38,239:Processing O95164 with model AF-O95164-F1-model_v4.pdb
INFO:2025-10-30 15:14:38,284:Computing HSC features for: O95164, ENST00000380680, ../Ntranos_Rotation/ESM-SaProt/AF-O95164-F1-model_v4.pdb.gz
INFO:2025-10-30 15:14:48,867:Successfully computed HSC for O95164.
INFO:2025-10-30 15:14:48,868:Processing O95166 with model AF-O95166-F1-model_v4.pdb
INFO:2025-10-30 15:14:48,911:Computing HSC features for: O95166, ENST00000302386, ../Ntranos_Rotation/ESM-SaProt/AF-O95166-F1-model_v4.pdb.gz
INFO:2025-10-30 15:15:01,569:Successfully computed HSC for O95166.
INFO:2025-10-30 15:15:01,569:Processing O95167 with model AF-O95167-F1-model_v4.pdb
INFO:2025-10-30 15:15:01,602:Computing HSC features for: O95167, ENST00000485876, ../Ntranos_Rotation/ESM-SaProt/AF-O95167-F1-model_v4.pdb.gz
INFO:2025-10-30 15:15:13,980:Successfully computed HSC for O95167.
INFO:2025-10-30 15:15:13,981:Processing O95168 with model AF-O95168-F1-model_v4.pdb
INFO:2025-10-30 15:15:14,038:Computing HSC features for: O95168, ENST00000184266, ../Ntranos_Rotation/ESM-SaProt/AF-O95168-F1-model_v4.pdb.gz
INFO:2025-10-30 15:15:29,128:Successfully computed HSC for O95168.
INFO:2025-10-30 15:15:29,128:Processing O95169 with model AF-O95169-F1-model_v4.pdb
INFO:2025-10-30 15:15:29,203:Computing HSC features for: O95169, ENST00000299166, ../Ntranos_Rotation/ESM-SaProt/AF-O95169-F1-model_v4.pdb.gz
INFO:2025-10-30 15:15:48,446:Successfully computed HSC for O95169.
INFO:2025-10-30 15:15:48,447:Processing O95170 with model AF-O95170-F1-model_v4.pdb
INFO:2025-10-30 15:15:48,699:Computing HSC features for: O95170, ENST00000395906, ../Ntranos_Rotation/ESM-SaProt/AF-O95170-F1-model_v4.pdb.gz
INFO:2025-10-30 15:16:52,456:Successfully computed HSC for O95170.
INFO:2025-10-30 15:16:52,456:Processing O95171 with model AF-O95171-F1-model_v4.pdb
INFO:2025-10-30 15:16:52,602:Computing HSC features for: O95171, ENST00000349847, ../Ntranos_Rotation/ESM-SaProt/AF-O95171-F1-model_v4.pdb.gz
INFO:2025-10-30 15:17:39,671:Successfully computed HSC for O95171.
INFO:2025-10-30 15:17:39,671:Processing O95177 with model AF-O95177-F1-model_v4.pdb
ERROR:2025-10-30 15:17:39,734:No ENST transcript IDs were mapped to O95177
INFO:2025-10-30 15:17:39,735:Processing O95178 with model AF-O95178-F1-model_v4.pdb
INFO:2025-10-30 15:17:39,789:Computing HSC features for: O95178, ENST00000247866, ../Ntranos_Rotation/ESM-SaProt/AF-O95178-F1-model_v4.pdb.gz
INFO:2025-10-30 15:17:51,289:Successfully computed HSC for O95178.
INFO:2025-10-30 15:17:51,290:Processing O95180 with model AF-O95180-F1-model_v4.pdb
ERROR:2025-10-30 15:17:51,572:No transcript record found for O95180 in gnomAD.
INFO:2025-10-30 15:17:51,572:Processing O95182 with model AF-O95182-F1-model_v4.pdb
INFO:2025-10-30 15:17:51,613:Computing HSC features for: O95182, ENST00000301457, ../Ntranos_Rotation/ESM-SaProt/AF-O95182-F1-model_v4.pdb.gz
INFO:2025-10-30 15:18:03,719:Successfully computed HSC for O95182.
INFO:2025-10-30 15:18:03,719:Processing O95183 with model AF-O95183-F1-model_v4.pdb
INFO:2025-10-30 15:18:03,764:Computing HSC features for: O95183, ENST00000306384, ../Ntranos_Rotation/ESM-SaProt/AF-O95183-F1-model_v4.pdb.gz
INFO:2025-10-30 15:18:18,080:Successfully computed HSC for O95183.
INFO:2025-10-30 15:18:18,080:Processing O95185 with model AF-O95185-F1-model_v4.pdb
INFO:2025-10-30 15:18:18,418:Computing HSC features for: O95185, ENST00000453304, ../Ntranos_Rotation/ESM-SaProt/AF-O95185-F1-model_v4.pdb.gz
INFO:2025-10-30 15:19:41,348:Successfully computed HSC for O95185.
INFO:2025-10-30 15:19:41,348:Processing O95190 with model AF-O95190-F1-model_v4.pdb
INFO:2025-10-30 15:19:41,674:Computing HSC features for: O95190, ENST00000326005, ../Ntranos_Rotation/ESM-SaProt/AF-O95190-F1-model_v4.pdb.gz
INFO:2025-10-30 15:19:57,239:Successfully computed HSC for O95190.
INFO:2025-10-30 15:19:57,239:Processing O95196 with model AF-O95196-F1-model_v4.pdb
INFO:2025-10-30 15:19:57,326:Computing HSC features for: O95196, ENST00000383738, ../Ntranos_Rotation/ESM-SaProt/AF-O95196-F1-model_v4.pdb.gz
INFO:2025-10-30 15:20:57,560:Successfully computed HSC for O95196.
INFO:2025-10-30 15:20:57,560:Processing O95197 with model AF-O95197-F1-model_v4.pdb
INFO:2025-10-30 15:20:57,694:Computing HSC features for: O95197, ENST00000377819, ../Ntranos_Rotation/ESM-SaProt/AF-O95197-F1-model_v4.pdb.gz
INFO:2025-10-30 15:22:12,505:Successfully computed HSC for O95197.
INFO:2025-10-30 15:22:12,505:Processing O95198 with model AF-O95198-F1-model_v4.pdb
INFO:2025-10-30 15:22:12,609:Computing HSC features for: O95198, ENST00000226725, ../Ntranos_Rotation/ESM-SaProt/AF-O95198-F1-model_v4.pdb.gz
INFO:2025-10-30 15:23:02,018:Successfully computed HSC for O95198.
INFO:2025-10-30 15:23:02,019:Processing O95199 with model AF-O95199-F1-model_v4.pdb
INFO:2025-10-30 15:23:02,114:Computing HSC features for: O95199, ENST00000344532, ../Ntranos_Rotation/ESM-SaProt/AF-O95199-F1-model_v4.pdb.gz
INFO:2025-10-30 15:23:47,959:Successfully computed HSC for O95199.
INFO:2025-10-30 15:23:47,959:Processing O95201 with model AF-O95201-F1-model_v4.pdb
INFO:2025-10-30 15:23:48,089:Computing HSC features for: O95201, ENST00000219091, ../Ntranos_Rotation/ESM-SaProt/AF-O95201-F1-model_v4.pdb.gz
INFO:2025-10-30 15:24:59,021:Successfully computed HSC for O95201.
INFO:2025-10-30 15:24:59,021:Processing O95202 with model AF-O95202-F1-model_v4.pdb
INFO:2025-10-30 15:24:59,127:Computing HSC features for: O95202, ENST00000302787, ../Ntranos_Rotation/ESM-SaProt/AF-O95202-F1-model_v4.pdb.gz
INFO:2025-10-30 15:26:12,792:Successfully computed HSC for O95202.
INFO:2025-10-30 15:26:12,792:Processing O95206 with model AF-O95206-F1-model_v4.pdb
INFO:2025-10-30 15:26:13,006:Computing HSC features for: O95206, ENST00000377942, ../Ntranos_Rotation/ESM-SaProt/AF-O95206-F1-model_v4.pdb.gz
INFO:2025-10-30 15:29:03,387:Successfully computed HSC for O95206.
INFO:2025-10-30 15:29:03,387:Processing O95208 with model AF-O95208-F1-model_v4.pdb
INFO:2025-10-30 15:29:03,533:Computing HSC features for: O95208, ENST00000314728, ../Ntranos_Rotation/ESM-SaProt/AF-O95208-F1-model_v4.pdb.gz
INFO:2025-10-30 15:30:24,690:Successfully computed HSC for O95208.
INFO:2025-10-30 15:30:24,690:Processing O95210 with model AF-O95210-F1-model_v4.pdb
INFO:2025-10-30 15:30:24,777:Computing HSC features for: O95210, ENST00000237642, ../Ntranos_Rotation/ESM-SaProt/AF-O95210-F1-model_v4.pdb.gz
INFO:2025-10-30 15:30:57,215:Successfully computed HSC for O95210.
INFO:2025-10-30 15:30:57,215:Processing O95214 with model AF-O95214-F1-model_v4.pdb
INFO:2025-10-30 15:30:57,264:Computing HSC features for: O95214, ENST00000321250, ../Ntranos_Rotation/ESM-SaProt/AF-O95214-F1-model_v4.pdb.gz
INFO:2025-10-30 15:31:06,684:Successfully computed HSC for O95214.
INFO:2025-10-30 15:31:06,684:Processing O95218 with model AF-O95218-F1-model_v4.pdb
INFO:2025-10-30 15:31:06,862:Computing HSC features for: O95218, ENST00000370920, ../Ntranos_Rotation/ESM-SaProt/AF-O95218-F1-model_v4.pdb.gz
INFO:2025-10-30 15:31:37,948:Successfully computed HSC for O95218.
INFO:2025-10-30 15:31:37,949:Processing O95219 with model AF-O95219-F1-model_v4.pdb
INFO:2025-10-30 15:31:38,187:Computing HSC features for: O95219, ENST00000251775, ../Ntranos_Rotation/ESM-SaProt/AF-O95219-F1-model_v4.pdb.gz
INFO:2025-10-30 15:32:12,902:Successfully computed HSC for O95219.
INFO:2025-10-30 15:32:12,902:Processing O95221 with model AF-O95221-F1-model_v4.pdb
INFO:2025-10-30 15:32:12,997:Computing HSC features for: O95221, ENST00000278409, ../Ntranos_Rotation/ESM-SaProt/AF-O95221-F1-model_v4.pdb.gz
INFO:2025-10-30 15:32:36,207:Successfully computed HSC for O95221.
INFO:2025-10-30 15:32:36,208:Processing O95222 with model AF-O95222-F1-model_v4.pdb
ERROR:2025-10-30 15:32:36,286:No transcript record found for O95222 in gnomAD.
INFO:2025-10-30 15:32:36,286:Processing O95229 with model AF-O95229-F1-model_v4.pdb
INFO:2025-10-30 15:32:36,336:Computing HSC features for: O95229, ENST00000373944, ../Ntranos_Rotation/ESM-SaProt/AF-O95229-F1-model_v4.pdb.gz
INFO:2025-10-30 15:32:57,585:Successfully computed HSC for O95229.
INFO:2025-10-30 15:32:57,585:Processing O95231 with model AF-O95231-F1-model_v4.pdb
INFO:2025-10-30 15:32:57,650:Computing HSC features for: O95231, ENST00000325980, ../Ntranos_Rotation/ESM-SaProt/AF-O95231-F1-model_v4.pdb.gz
INFO:2025-10-30 15:33:25,387:Successfully computed HSC for O95231.
INFO:2025-10-30 15:33:25,387:Processing O95232 with model AF-O95232-F1-model_v4.pdb
INFO:2025-10-30 15:33:25,565:Computing HSC features for: O95232, ENST00000240304, ../Ntranos_Rotation/ESM-SaProt/AF-O95232-F1-model_v4.pdb.gz
INFO:2025-10-30 15:34:02,965:Successfully computed HSC for O95232.
INFO:2025-10-30 15:34:02,966:Processing O95235 with model AF-O95235-F1-model_v4.pdb
INFO:2025-10-30 15:34:03,215:Computing HSC features for: O95235, ENST00000394894, ../Ntranos_Rotation/ESM-SaProt/AF-O95235-F1-model_v4.pdb.gz
INFO:2025-10-30 15:36:07,177:Successfully computed HSC for O95235.
INFO:2025-10-30 15:36:07,177:Processing O95236 with model AF-O95236-F1-model_v4.pdb
INFO:2025-10-30 15:36:07,324:Computing HSC features for: O95236, ENST00000349314, ../Ntranos_Rotation/ESM-SaProt/AF-O95236-F1-model_v4.pdb.gz
INFO:2025-10-30 15:36:50,790:Successfully computed HSC for O95236.
INFO:2025-10-30 15:36:50,790:Processing O95237 with model AF-O95237-F1-model_v4.pdb
INFO:2025-10-30 15:36:50,875:Computing HSC features for: O95237, ENST00000336356, ../Ntranos_Rotation/ESM-SaProt/AF-O95237-F1-model_v4.pdb.gz
INFO:2025-10-30 15:37:22,953:Successfully computed HSC for O95237.
INFO:2025-10-30 15:37:22,954:Processing O95238 with model AF-O95238-F1-model_v4.pdb
INFO:2025-10-30 15:37:23,231:Computing HSC features for: O95238, ENST00000374037, ../Ntranos_Rotation/ESM-SaProt/AF-O95238-F1-model_v4.pdb.gz
INFO:2025-10-30 15:38:06,996:Successfully computed HSC for O95238.
INFO:2025-10-30 15:38:06,996:Processing O95239 with model AF-O95239-F1-model_v4.pdb
INFO:2025-10-30 15:38:07,308:Computing HSC features for: O95239, ENST00000374403, ../Ntranos_Rotation/ESM-SaProt/AF-O95239-F1-model_v4.pdb.gz
INFO:2025-10-30 15:40:20,136:Successfully computed HSC for O95239.
INFO:2025-10-30 15:40:20,136:Processing O95243 with model AF-O95243-F1-model_v4.pdb
INFO:2025-10-30 15:40:20,266:Computing HSC features for: O95243, ENST00000249910, ../Ntranos_Rotation/ESM-SaProt/AF-O95243-F1-model_v4.pdb.gz
INFO:2025-10-30 15:41:24,334:Successfully computed HSC for O95243.
INFO:2025-10-30 15:41:24,334:Pipeline completed.
INFO:2025-10-30 15:41:24,334:no_enst_for_uniprot: 1
INFO:2025-10-30 15:41:24,334:no_valid_cds: 0
INFO:2025-10-30 15:41:24,334:no_variant_data: 3
INFO:2025-10-30 15:41:24,334:bad_structure: 0
INFO:2025-10-30 15:41:24,334:no_enst_mp: 0
