INFO:2025-10-30 14:25:04,001:Starting HSC computation pipeline...
INFO:2025-10-30 14:26:06,522:Processing Q13410 with model AF-Q13410-F1-model_v4.pdb
ERROR:2025-10-30 14:26:06,631:No transcript record found for Q13410 in gnomAD.
INFO:2025-10-30 14:26:06,632:Processing Q13415 with model AF-Q13415-F1-model_v4.pdb
INFO:2025-10-30 14:26:06,802:Computing HSC features for: Q13415, ENST00000371566, ../Ntranos_Rotation/ESM-SaProt/AF-Q13415-F1-model_v4.pdb.gz
INFO:2025-10-30 14:27:41,607:Successfully computed HSC for Q13415.
INFO:2025-10-30 14:27:41,607:Processing Q13416 with model AF-Q13416-F1-model_v4.pdb
INFO:2025-10-30 14:27:41,674:Computing HSC features for: Q13416, ENST00000234296, ../Ntranos_Rotation/ESM-SaProt/AF-Q13416-F1-model_v4.pdb.gz
INFO:2025-10-30 14:28:30,861:Successfully computed HSC for Q13416.
INFO:2025-10-30 14:28:30,861:Processing Q13418 with model AF-Q13418-F1-model_v4.pdb
INFO:2025-10-30 14:28:30,952:Computing HSC features for: Q13418, ENST00000299421, ../Ntranos_Rotation/ESM-SaProt/AF-Q13418-F1-model_v4.pdb.gz
INFO:2025-10-30 14:29:28,551:Successfully computed HSC for Q13418.
INFO:2025-10-30 14:29:28,551:Processing Q13421 with model AF-Q13421-F1-model_v4.pdb
INFO:2025-10-30 14:29:28,897:Computing HSC features for: Q13421, ENST00000382862, ../Ntranos_Rotation/ESM-SaProt/AF-Q13421-F1-model_v4.pdb.gz
INFO:2025-10-30 14:31:12,111:Successfully computed HSC for Q13421.
INFO:2025-10-30 14:31:12,111:Processing Q13422 with model AF-Q13422-F1-model_v4.pdb
ERROR:2025-10-30 14:31:12,300:No transcript record found for Q13422 in gnomAD.
INFO:2025-10-30 14:31:12,300:Processing Q13423 with model AF-Q13423-F1-model_v4.pdb
INFO:2025-10-30 14:31:12,542:Computing HSC features for: Q13423, ENST00000264663, ../Ntranos_Rotation/ESM-SaProt/AF-Q13423-F1-model_v4.pdb.gz
INFO:2025-10-30 14:33:01,404:Successfully computed HSC for Q13423.
INFO:2025-10-30 14:33:01,404:Processing Q13424 with model AF-Q13424-F1-model_v4.pdb
INFO:2025-10-30 14:33:01,654:Computing HSC features for: Q13424, ENST00000217381, ../Ntranos_Rotation/ESM-SaProt/AF-Q13424-F1-model_v4.pdb.gz
INFO:2025-10-30 14:34:23,404:Successfully computed HSC for Q13424.
INFO:2025-10-30 14:34:23,405:Processing Q13425 with model AF-Q13425-F1-model_v4.pdb
INFO:2025-10-30 14:34:23,497:Computing HSC features for: Q13425, ENST00000336278, ../Ntranos_Rotation/ESM-SaProt/AF-Q13425-F1-model_v4.pdb.gz
INFO:2025-10-30 14:35:41,261:Successfully computed HSC for Q13425.
INFO:2025-10-30 14:35:41,261:Processing Q13426 with model AF-Q13426-F1-model_v4.pdb
INFO:2025-10-30 14:35:41,386:Computing HSC features for: Q13426, ENST00000338635, ../Ntranos_Rotation/ESM-SaProt/AF-Q13426-F1-model_v4.pdb.gz
INFO:2025-10-30 14:36:07,619:Successfully computed HSC for Q13426.
INFO:2025-10-30 14:36:07,619:Processing Q13427 with model AF-Q13427-F1-model_v4.pdb
INFO:2025-10-30 14:36:07,746:Computing HSC features for: Q13427, ENST00000260970, ../Ntranos_Rotation/ESM-SaProt/AF-Q13427-F1-model_v4.pdb.gz
INFO:2025-10-30 14:37:10,861:Successfully computed HSC for Q13427.
INFO:2025-10-30 14:37:10,861:Processing Q13428 with model AF-Q13428-F1-model_v4.pdb
INFO:2025-10-30 14:37:11,029:Computing HSC features for: Q13428, ENST00000377797, ../Ntranos_Rotation/ESM-SaProt/AF-Q13428-F1-model_v4.pdb.gz
INFO:2025-10-30 14:39:37,653:Successfully computed HSC for Q13428.
INFO:2025-10-30 14:39:37,653:Processing Q13432 with model AF-Q13432-F1-model_v4.pdb
INFO:2025-10-30 14:39:37,702:Computing HSC features for: Q13432, ENST00000335765, ../Ntranos_Rotation/ESM-SaProt/AF-Q13432-F1-model_v4.pdb.gz
INFO:2025-10-30 14:40:13,095:Successfully computed HSC for Q13432.
INFO:2025-10-30 14:40:13,095:Processing Q13433 with model AF-Q13433-F1-model_v4.pdb
INFO:2025-10-30 14:40:13,197:Computing HSC features for: Q13433, ENST00000269187, ../Ntranos_Rotation/ESM-SaProt/AF-Q13433-F1-model_v4.pdb.gz
INFO:2025-10-30 14:41:20,957:Successfully computed HSC for Q13433.
INFO:2025-10-30 14:41:20,957:Processing Q13434 with model AF-Q13434-F1-model_v4.pdb
ERROR:2025-10-30 14:41:21,049:No ENST transcript IDs were mapped to Q13434
INFO:2025-10-30 14:41:21,049:Processing Q13435 with model AF-Q13435-F1-model_v4.pdb
INFO:2025-10-30 14:41:21,185:Computing HSC features for: Q13435, ENST00000322535, ../Ntranos_Rotation/ESM-SaProt/AF-Q13435-F1-model_v4.pdb.gz
INFO:2025-10-30 14:42:59,112:Successfully computed HSC for Q13435.
INFO:2025-10-30 14:42:59,112:Processing Q13438 with model AF-Q13438-F1-model_v4.pdb
INFO:2025-10-30 14:42:59,270:Computing HSC features for: Q13438, ENST00000315970, ../Ntranos_Rotation/ESM-SaProt/AF-Q13438-F1-model_v4.pdb.gz
INFO:2025-10-30 14:44:21,501:Successfully computed HSC for Q13438.
INFO:2025-10-30 14:44:21,501:Processing Q13439 with model AF-Q13439-F1-model_v4.pdb
INFO:2025-10-30 14:44:21,977:Computing HSC features for: Q13439, ENST00000361924, ../Ntranos_Rotation/ESM-SaProt/AF-Q13439-F1-model_v4.pdb.gz
INFO:2025-10-30 14:47:47,429:Successfully computed HSC for Q13439.
INFO:2025-10-30 14:47:47,430:Processing Q13442 with model AF-Q13442-F1-model_v4.pdb
INFO:2025-10-30 14:47:47,481:Computing HSC features for: Q13442, ENST00000350498, ../Ntranos_Rotation/ESM-SaProt/AF-Q13442-F1-model_v4.pdb.gz
INFO:2025-10-30 14:48:11,765:Successfully computed HSC for Q13442.
INFO:2025-10-30 14:48:11,765:Processing Q13443 with model AF-Q13443-F1-model_v4.pdb
INFO:2025-10-30 14:48:11,956:Computing HSC features for: Q13443, ENST00000487273, ../Ntranos_Rotation/ESM-SaProt/AF-Q13443-F1-model_v4.pdb.gz
INFO:2025-10-30 14:49:50,263:Successfully computed HSC for Q13443.
INFO:2025-10-30 14:49:50,263:Processing Q13444 with model AF-Q13444-F1-model_v4.pdb
INFO:2025-10-30 14:49:50,384:Computing HSC features for: Q13444, ENST00000356955, ../Ntranos_Rotation/ESM-SaProt/AF-Q13444-F1-model_v4.pdb.gz
INFO:2025-10-30 14:51:44,194:Successfully computed HSC for Q13444.
INFO:2025-10-30 14:51:44,195:Processing Q13445 with model AF-Q13445-F1-model_v4.pdb
INFO:2025-10-30 14:51:44,257:Computing HSC features for: Q13445, ENST00000214869, ../Ntranos_Rotation/ESM-SaProt/AF-Q13445-F1-model_v4.pdb.gz
INFO:2025-10-30 14:52:30,297:Successfully computed HSC for Q13445.
INFO:2025-10-30 14:52:30,298:Processing Q13449 with model AF-Q13449-F1-model_v4.pdb
INFO:2025-10-30 14:52:30,373:Computing HSC features for: Q13449, ENST00000490035, ../Ntranos_Rotation/ESM-SaProt/AF-Q13449-F1-model_v4.pdb.gz
INFO:2025-10-30 14:53:06,099:Successfully computed HSC for Q13449.
INFO:2025-10-30 14:53:06,099:Processing Q13451 with model AF-Q13451-F1-model_v4.pdb
INFO:2025-10-30 14:53:06,228:Computing HSC features for: Q13451, ENST00000357266, ../Ntranos_Rotation/ESM-SaProt/AF-Q13451-F1-model_v4.pdb.gz
INFO:2025-10-30 14:53:56,148:Successfully computed HSC for Q13451.
INFO:2025-10-30 14:53:56,148:Processing Q13454 with model AF-Q13454-F1-model_v4.pdb
INFO:2025-10-30 14:53:56,228:Computing HSC features for: Q13454, ENST00000503731, ../Ntranos_Rotation/ESM-SaProt/AF-Q13454-F1-model_v4.pdb.gz
INFO:2025-10-30 14:54:59,712:Successfully computed HSC for Q13454.
INFO:2025-10-30 14:54:59,712:Processing Q13459 with model AF-Q13459-F1-model_v4.pdb
ERROR:2025-10-30 14:55:00,280:No transcript record found for Q13459 in gnomAD.
INFO:2025-10-30 14:55:00,280:Processing Q13461 with model AF-Q13461-F1-model_v4.pdb
INFO:2025-10-30 14:55:00,393:Computing HSC features for: Q13461, ENST00000335071, ../Ntranos_Rotation/ESM-SaProt/AF-Q13461-F1-model_v4.pdb.gz
INFO:2025-10-30 14:56:28,063:Successfully computed HSC for Q13461.
INFO:2025-10-30 14:56:28,063:Processing Q13464 with model AF-Q13464-F1-model_v4.pdb
INFO:2025-10-30 14:56:28,419:Computing HSC features for: Q13464, ENST00000399799, ../Ntranos_Rotation/ESM-SaProt/AF-Q13464-F1-model_v4.pdb.gz
INFO:2025-10-30 14:59:17,314:Successfully computed HSC for Q13464.
INFO:2025-10-30 14:59:17,315:Processing Q13467 with model AF-Q13467-F1-model_v4.pdb
INFO:2025-10-30 14:59:17,466:Computing HSC features for: Q13467, ENST00000295417, ../Ntranos_Rotation/ESM-SaProt/AF-Q13467-F1-model_v4.pdb.gz
INFO:2025-10-30 15:01:00,472:Successfully computed HSC for Q13467.
INFO:2025-10-30 15:01:00,472:Processing Q13469 with model AF-Q13469-F1-model_v4.pdb
INFO:2025-10-30 15:01:00,667:Computing HSC features for: Q13469, ENST00000396009, ../Ntranos_Rotation/ESM-SaProt/AF-Q13469-F1-model_v4.pdb.gz
INFO:2025-10-30 15:04:54,059:Successfully computed HSC for Q13469.
INFO:2025-10-30 15:04:54,059:Processing Q13470 with model AF-Q13470-F1-model_v4.pdb
ERROR:2025-10-30 15:04:54,160:No transcript record found for Q13470 in gnomAD.
INFO:2025-10-30 15:04:54,160:Processing Q13472 with model AF-Q13472-F1-model_v4.pdb
INFO:2025-10-30 15:04:54,379:Computing HSC features for: Q13472, ENST00000321105, ../Ntranos_Rotation/ESM-SaProt/AF-Q13472-F1-model_v4.pdb.gz
INFO:2025-10-30 15:06:55,553:Successfully computed HSC for Q13472.
INFO:2025-10-30 15:06:55,553:Processing Q13474 with model AF-Q13474-F1-model_v4.pdb
INFO:2025-10-30 15:06:55,787:Computing HSC features for: Q13474, ENST00000395209, ../Ntranos_Rotation/ESM-SaProt/AF-Q13474-F1-model_v4.pdb.gz
INFO:2025-10-30 15:08:53,849:Successfully computed HSC for Q13474.
INFO:2025-10-30 15:08:53,850:Processing Q13477 with model AF-Q13477-F1-model_v4.pdb
INFO:2025-10-30 15:08:53,903:Computing HSC features for: Q13477, ENST00000215637, ../Ntranos_Rotation/ESM-SaProt/AF-Q13477-F1-model_v4.pdb.gz
INFO:2025-10-30 15:09:57,688:Successfully computed HSC for Q13477.
INFO:2025-10-30 15:09:57,688:Processing Q13478 with model AF-Q13478-F1-model_v4.pdb
INFO:2025-10-30 15:09:57,767:Computing HSC features for: Q13478, ENST00000233957, ../Ntranos_Rotation/ESM-SaProt/AF-Q13478-F1-model_v4.pdb.gz
INFO:2025-10-30 15:10:44,672:Successfully computed HSC for Q13478.
INFO:2025-10-30 15:10:44,672:Processing Q13480 with model AF-Q13480-F1-model_v4.pdb
INFO:2025-10-30 15:10:44,842:Computing HSC features for: Q13480, ENST00000262994, ../Ntranos_Rotation/ESM-SaProt/AF-Q13480-F1-model_v4.pdb.gz
INFO:2025-10-30 15:11:55,335:Successfully computed HSC for Q13480.
INFO:2025-10-30 15:11:55,335:Processing Q13485 with model AF-Q13485-F1-model_v4.pdb
INFO:2025-10-30 15:11:55,470:Computing HSC features for: Q13485, ENST00000342988, ../Ntranos_Rotation/ESM-SaProt/AF-Q13485-F1-model_v4.pdb.gz
INFO:2025-10-30 15:12:47,878:Successfully computed HSC for Q13485.
INFO:2025-10-30 15:12:47,878:Processing Q13487 with model AF-Q13487-F1-model_v4.pdb
INFO:2025-10-30 15:12:47,947:Computing HSC features for: Q13487, ENST00000221573, ../Ntranos_Rotation/ESM-SaProt/AF-Q13487-F1-model_v4.pdb.gz
INFO:2025-10-30 15:13:45,559:Successfully computed HSC for Q13487.
INFO:2025-10-30 15:13:45,559:Processing Q5VYS8 with model AF-Q5VYS8-F1-model_v4.pdb
INFO:2025-10-30 15:13:45,950:Computing HSC features for: Q5VYS8, ENST00000375963, ../Ntranos_Rotation/ESM-SaProt/AF-Q5VYS8-F1-model_v4.pdb.gz
INFO:2025-10-30 15:15:47,406:Successfully computed HSC for Q5VYS8.
INFO:2025-10-30 15:15:47,406:Processing Q5VYV0 with model AF-Q5VYV0-F1-model_v4.pdb
INFO:2025-10-30 15:15:47,530:Computing HSC features for: Q5VYV0, ENST00000376708, ../Ntranos_Rotation/ESM-SaProt/AF-Q5VYV0-F1-model_v4.pdb.gz
INFO:2025-10-30 15:17:13,723:Successfully computed HSC for Q5VYV0.
INFO:2025-10-30 15:17:13,723:Processing Q5VYV7 with model AF-Q5VYV7-F1-model_v4.pdb
INFO:2025-10-30 15:17:13,825:Computing HSC features for: Q5VYV7, ENST00000334534, ../Ntranos_Rotation/ESM-SaProt/AF-Q5VYV7-F1-model_v4.pdb.gz
INFO:2025-10-30 15:17:57,137:Successfully computed HSC for Q5VYV7.
INFO:2025-10-30 15:17:57,138:Processing Q5VYX0 with model AF-Q5VYX0-F1-model_v4.pdb
INFO:2025-10-30 15:17:57,206:Computing HSC features for: Q5VYX0, ENST00000331772, ../Ntranos_Rotation/ESM-SaProt/AF-Q5VYX0-F1-model_v4.pdb.gz
INFO:2025-10-30 15:18:31,440:Successfully computed HSC for Q5VYX0.
INFO:2025-10-30 15:18:31,440:Processing Q5VYY1 with model AF-Q5VYY1-F1-model_v4.pdb
INFO:2025-10-30 15:18:31,592:Computing HSC features for: Q5VYY1, ENST00000371930, ../Ntranos_Rotation/ESM-SaProt/AF-Q5VYY1-F1-model_v4.pdb.gz
INFO:2025-10-30 15:18:57,185:Successfully computed HSC for Q5VYY1.
INFO:2025-10-30 15:18:57,185:Processing Q5VYY2 with model AF-Q5VYY2-F1-model_v4.pdb
INFO:2025-10-30 15:18:57,270:Computing HSC features for: Q5VYY2, ENST00000404743, ../Ntranos_Rotation/ESM-SaProt/AF-Q5VYY2-F1-model_v4.pdb.gz
INFO:2025-10-30 15:19:36,502:Successfully computed HSC for Q5VYY2.
INFO:2025-10-30 15:19:36,503:Processing Q5VZ03 with model AF-Q5VZ03-F1-model_v4.pdb
ERROR:2025-10-30 15:19:36,552:No transcript record found for Q5VZ03 in gnomAD.
INFO:2025-10-30 15:19:36,553:Processing Q5VZ18 with model AF-Q5VZ18-F1-model_v4.pdb
INFO:2025-10-30 15:19:36,679:Computing HSC features for: Q5VZ18, ENST00000304760, ../Ntranos_Rotation/ESM-SaProt/AF-Q5VZ18-F1-model_v4.pdb.gz
INFO:2025-10-30 15:20:40,545:Successfully computed HSC for Q5VZ18.
INFO:2025-10-30 15:20:40,545:Processing Q5VZ19 with model AF-Q5VZ19-F1-model_v4.pdb
INFO:2025-10-30 15:20:40,683:Computing HSC features for: Q5VZ19, ENST00000368480, ../Ntranos_Rotation/ESM-SaProt/AF-Q5VZ19-F1-model_v4.pdb.gz
INFO:2025-10-30 15:21:30,261:Successfully computed HSC for Q5VZ19.
INFO:2025-10-30 15:21:30,261:Processing Q5VZ46 with model AF-Q5VZ46-F1-model_v4.pdb
INFO:2025-10-30 15:21:30,468:Computing HSC features for: Q5VZ46, ENST00000367588, ../Ntranos_Rotation/ESM-SaProt/AF-Q5VZ46-F1-model_v4.pdb.gz
INFO:2025-10-30 15:24:51,269:Successfully computed HSC for Q5VZ46.
INFO:2025-10-30 15:24:51,270:Processing Q5VZ52 with model AF-Q5VZ52-F1-model_v4.pdb
INFO:2025-10-30 15:24:51,327:Computing HSC features for: Q5VZ52, ENST00000373764, ../Ntranos_Rotation/ESM-SaProt/AF-Q5VZ52-F1-model_v4.pdb.gz
INFO:2025-10-30 15:25:35,362:Successfully computed HSC for Q5VZ52.
INFO:2025-10-30 15:25:35,362:Processing Q5VZ66 with model AF-Q5VZ66-F1-model_v4.pdb
INFO:2025-10-30 15:25:35,670:Computing HSC features for: Q5VZ66, ENST00000298622, ../Ntranos_Rotation/ESM-SaProt/AF-Q5VZ66-F1-model_v4.pdb.gz
INFO:2025-10-30 15:28:23,791:Successfully computed HSC for Q5VZ66.
INFO:2025-10-30 15:28:23,791:Pipeline completed.
INFO:2025-10-30 15:28:23,791:no_enst_for_uniprot: 1
INFO:2025-10-30 15:28:23,791:no_valid_cds: 0
INFO:2025-10-30 15:28:23,791:no_variant_data: 5
INFO:2025-10-30 15:28:23,791:bad_structure: 0
INFO:2025-10-30 15:28:23,791:no_enst_mp: 0
