INFO:2025-10-30 14:27:03,702:Starting HSC computation pipeline...
INFO:2025-10-30 14:28:02,425:Processing A6NJW9 with model AF-A6NJW9-F1-model_v4.pdb
ERROR:2025-10-30 14:28:02,480:No transcript record found for A6NJW9 in gnomAD.
INFO:2025-10-30 14:28:02,481:Processing A6NJY1 with model AF-A6NJY1-F1-model_v4.pdb
ERROR:2025-10-30 14:28:02,552:No ENST transcript IDs were mapped to A6NJY1
INFO:2025-10-30 14:28:02,553:Processing A6NJY4 with model AF-A6NJY4-F1-model_v4.pdb
ERROR:2025-10-30 14:28:02,605:No transcript record found for A6NJY4 in gnomAD.
INFO:2025-10-30 14:28:02,605:Processing A6NJZ3 with model AF-A6NJZ3-F1-model_v4.pdb
INFO:2025-10-30 14:28:02,653:Computing HSC features for: A6NJZ3, ENST00000379665, ../Ntranos_Rotation/ESM-SaProt/AF-A6NJZ3-F1-model_v4.pdb.gz
INFO:2025-10-30 14:28:33,971:Successfully computed HSC for A6NJZ3.
INFO:2025-10-30 14:28:33,971:Processing A6NJZ7 with model AF-A6NJZ7-F1-model_v4.pdb
INFO:2025-10-30 14:28:34,237:Computing HSC features for: A6NJZ7, ENST00000433039, ../Ntranos_Rotation/ESM-SaProt/AF-A6NJZ7-F1-model_v4.pdb.gz
ERROR:2025-10-30 14:28:34,744:Missing ENST record in counts: ENST00000433039
INFO:2025-10-30 14:28:34,744:Processing A6NK02 with model AF-A6NK02-F1-model_v4.pdb
ERROR:2025-10-30 14:28:34,892:No transcript record found for A6NK02 in gnomAD.
INFO:2025-10-30 14:28:34,892:Processing A6NK06 with model AF-A6NK06-F1-model_v4.pdb
INFO:2025-10-30 14:28:35,013:Computing HSC features for: A6NK06, ENST00000377462, ../Ntranos_Rotation/ESM-SaProt/AF-A6NK06-F1-model_v4.pdb.gz
INFO:2025-10-30 14:29:09,122:Successfully computed HSC for A6NK06.
INFO:2025-10-30 14:29:09,123:Processing A6NK44 with model AF-A6NK44-F1-model_v4.pdb
INFO:2025-10-30 14:29:09,175:Computing HSC features for: A6NK44, ENST00000303227, ../Ntranos_Rotation/ESM-SaProt/AF-A6NK44-F1-model_v4.pdb.gz
INFO:2025-10-30 14:29:24,207:Successfully computed HSC for A6NK44.
INFO:2025-10-30 14:29:24,207:Processing A6NK53 with model AF-A6NK53-F1-model_v4.pdb
INFO:2025-10-30 14:29:24,337:Computing HSC features for: A6NK53, ENST00000391958, ../Ntranos_Rotation/ESM-SaProt/AF-A6NK53-F1-model_v4.pdb.gz
INFO:2025-10-30 14:30:09,757:Successfully computed HSC for A6NK53.
INFO:2025-10-30 14:30:09,757:Processing A6NK58 with model AF-A6NK58-F1-model_v4.pdb
INFO:2025-10-30 14:30:09,946:Computing HSC features for: A6NK58, ENST00000310109, ../Ntranos_Rotation/ESM-SaProt/AF-A6NK58-F1-model_v4.pdb.gz
INFO:2025-10-30 14:30:40,334:Successfully computed HSC for A6NK58.
INFO:2025-10-30 14:30:40,334:Processing A6NK59 with model AF-A6NK59-F1-model_v4.pdb
INFO:2025-10-30 14:30:40,462:Computing HSC features for: A6NK59, ENST00000487349, ../Ntranos_Rotation/ESM-SaProt/AF-A6NK59-F1-model_v4.pdb.gz
INFO:2025-10-30 14:31:18,652:Successfully computed HSC for A6NK59.
INFO:2025-10-30 14:31:18,652:Processing A6NK75 with model AF-A6NK75-F1-model_v4.pdb
INFO:2025-10-30 14:31:18,800:Computing HSC features for: A6NK75, ENST00000357774, ../Ntranos_Rotation/ESM-SaProt/AF-A6NK75-F1-model_v4.pdb.gz
INFO:2025-10-30 14:31:57,336:Successfully computed HSC for A6NK75.
INFO:2025-10-30 14:31:57,336:Processing A6NK89 with model AF-A6NK89-F1-model_v4.pdb
ERROR:2025-10-30 14:31:57,444:No transcript record found for A6NK89 in gnomAD.
INFO:2025-10-30 14:31:57,444:Processing A6NK97 with model AF-A6NK97-F1-model_v4.pdb
ERROR:2025-10-30 14:31:57,533:No ENST transcript IDs were mapped to A6NK97
INFO:2025-10-30 14:31:57,533:Processing A6NKB5 with model AF-A6NKB5-F1-model_v4.pdb
INFO:2025-10-30 14:31:57,893:Computing HSC features for: A6NKB5, ENST00000258229, ../Ntranos_Rotation/ESM-SaProt/AF-A6NKB5-F1-model_v4.pdb.gz
INFO:2025-10-30 14:34:36,198:Successfully computed HSC for A6NKB5.
INFO:2025-10-30 14:34:36,198:Processing A6NKC0 with model AF-A6NKC0-F1-model_v4.pdb
ERROR:2025-10-30 14:34:36,290:No transcript record found for A6NKC0 in gnomAD.
INFO:2025-10-30 14:34:36,290:Processing A6NKC9 with model AF-A6NKC9-F1-model_v4.pdb
INFO:2025-10-30 14:34:36,649:Computing HSC features for: A6NKC9, ENST00000328828, ../Ntranos_Rotation/ESM-SaProt/AF-A6NKC9-F1-model_v4.pdb.gz
INFO:2025-10-30 14:35:06,414:Successfully computed HSC for A6NKC9.
INFO:2025-10-30 14:35:06,414:Processing A6NKD2 with model AF-A6NKD2-F1-model_v4.pdb
INFO:2025-10-30 14:35:06,481:Computing HSC features for: A6NKD2, ENST00000320701, ../Ntranos_Rotation/ESM-SaProt/AF-A6NKD2-F1-model_v4.pdb.gz
ERROR:2025-10-30 14:35:06,581:Missing ENST record in counts: ENST00000320701
INFO:2025-10-30 14:35:06,581:Processing A6NKD9 with model AF-A6NKD9-F1-model_v4.pdb
INFO:2025-10-30 14:35:06,702:Computing HSC features for: A6NKD9, ENST00000380243, ../Ntranos_Rotation/ESM-SaProt/AF-A6NKD9-F1-model_v4.pdb.gz
INFO:2025-10-30 14:36:03,718:Successfully computed HSC for A6NKD9.
INFO:2025-10-30 14:36:03,718:Processing A6NKF1 with model AF-A6NKF1-F1-model_v4.pdb
ERROR:2025-10-30 14:36:03,782:No ENST transcript IDs were mapped to A6NKF1
INFO:2025-10-30 14:36:03,782:Processing A6NKF2 with model AF-A6NKF2-F1-model_v4.pdb
INFO:2025-10-30 14:36:03,871:Computing HSC features for: A6NKF2, ENST00000378909, ../Ntranos_Rotation/ESM-SaProt/AF-A6NKF2-F1-model_v4.pdb.gz
INFO:2025-10-30 14:36:43,348:Successfully computed HSC for A6NKF2.
INFO:2025-10-30 14:36:43,349:Processing A6NKF7 with model AF-A6NKF7-F1-model_v4.pdb
INFO:2025-10-30 14:36:43,407:Computing HSC features for: A6NKF7, ENST00000378821, ../Ntranos_Rotation/ESM-SaProt/AF-A6NKF7-F1-model_v4.pdb.gz
INFO:2025-10-30 14:37:05,818:Successfully computed HSC for A6NKF7.
INFO:2025-10-30 14:37:05,818:Processing A6NKG5 with model AF-A6NKG5-F1-model_v4.pdb
ERROR:2025-10-30 14:37:06,033:No transcript record found for A6NKG5 in gnomAD.
INFO:2025-10-30 14:37:06,033:Processing A6NKH3 with model AF-A6NKH3-F1-model_v4.pdb
ERROR:2025-10-30 14:37:06,095:No ENST transcript IDs were mapped to A6NKH3
INFO:2025-10-30 14:37:06,095:Processing A6NKK0 with model AF-A6NKK0-F1-model_v4.pdb
ERROR:2025-10-30 14:37:06,164:No transcript record found for A6NKK0 in gnomAD.
INFO:2025-10-30 14:37:06,165:Processing A6NKL6 with model AF-A6NKL6-F1-model_v4.pdb
INFO:2025-10-30 14:37:06,462:Computing HSC features for: A6NKL6, ENST00000383490, ../Ntranos_Rotation/ESM-SaProt/AF-A6NKL6-F1-model_v4.pdb.gz
INFO:2025-10-30 14:38:22,899:Successfully computed HSC for A6NKL6.
INFO:2025-10-30 14:38:22,900:Processing A6NKN8 with model AF-A6NKN8-F1-model_v4.pdb
INFO:2025-10-30 14:38:22,935:Computing HSC features for: A6NKN8, ENST00000504449, ../Ntranos_Rotation/ESM-SaProt/AF-A6NKN8-F1-model_v4.pdb.gz
INFO:2025-10-30 14:38:31,817:Successfully computed HSC for A6NKN8.
INFO:2025-10-30 14:38:31,817:Processing A6NKP2 with model AF-A6NKP2-F1-model_v4.pdb
INFO:2025-10-30 14:38:31,964:Computing HSC features for: A6NKP2, ENST00000602312, ../Ntranos_Rotation/ESM-SaProt/AF-A6NKP2-F1-model_v4.pdb.gz
ERROR:2025-10-30 14:38:32,081:Missing ENST record in counts: ENST00000602312
INFO:2025-10-30 14:38:32,081:Processing A6NKQ9 with model AF-A6NKQ9-F1-model_v4.pdb
ERROR:2025-10-30 14:38:32,151:No valid CDS found for A6NKQ9
INFO:2025-10-30 14:38:32,151:Processing A6NKT7 with model AF-A6NKT7-F1-model_v4.pdb
INFO:2025-10-30 14:38:32,450:Computing HSC features for: A6NKT7, ENST00000409886, ../Ntranos_Rotation/ESM-SaProt/AF-A6NKT7-F1-model_v4.pdb.gz
INFO:2025-10-30 14:40:21,216:Successfully computed HSC for A6NKT7.
INFO:2025-10-30 14:40:21,217:Processing A6NKU9 with model AF-A6NKU9-F1-model_v4.pdb
INFO:2025-10-30 14:40:21,346:Computing HSC features for: A6NKU9, ENST00000332397, ../Ntranos_Rotation/ESM-SaProt/AF-A6NKU9-F1-model_v4.pdb.gz
INFO:2025-10-30 14:41:08,301:Successfully computed HSC for A6NKU9.
INFO:2025-10-30 14:41:08,301:Processing A6NKW6 with model AF-A6NKW6-F1-model_v4.pdb
INFO:2025-10-30 14:41:08,378:Computing HSC features for: A6NKW6, ENST00000389074, ../Ntranos_Rotation/ESM-SaProt/AF-A6NKW6-F1-model_v4.pdb.gz
INFO:2025-10-30 14:41:20,010:Successfully computed HSC for A6NKW6.
INFO:2025-10-30 14:41:20,010:Processing A6NKX1 with model AF-A6NKX1-F1-model_v4.pdb
ERROR:2025-10-30 14:41:20,077:No ENST transcript IDs were mapped to A6NKX1
INFO:2025-10-30 14:41:20,078:Processing A6NKX4 with model AF-A6NKX4-F1-model_v4.pdb
ERROR:2025-10-30 14:41:20,178:No valid CDS found for A6NKX4
INFO:2025-10-30 14:41:20,178:Processing A6NL05 with model AF-A6NL05-F1-model_v4.pdb
ERROR:2025-10-30 14:41:20,246:No ENST transcript IDs were mapped to A6NL05
INFO:2025-10-30 14:41:20,246:Processing A6NL08 with model AF-A6NL08-F1-model_v4.pdb
ERROR:2025-10-30 14:41:20,307:No transcript record found for A6NL08 in gnomAD.
INFO:2025-10-30 14:41:20,307:Processing A6NL26 with model AF-A6NL26-F1-model_v4.pdb
INFO:2025-10-30 14:41:20,394:Computing HSC features for: A6NL26, ENST00000360374, ../Ntranos_Rotation/ESM-SaProt/AF-A6NL26-F1-model_v4.pdb.gz
INFO:2025-10-30 14:41:47,917:Successfully computed HSC for A6NL26.
INFO:2025-10-30 14:41:47,917:Processing A6NL46 with model AF-A6NL46-F1-model_v4.pdb
ERROR:2025-10-30 14:41:47,995:No ENST transcript IDs were mapped to A6NL46
INFO:2025-10-30 14:41:47,995:Processing A6NL82 with model AF-A6NL82-F1-model_v4.pdb
INFO:2025-10-30 14:41:48,057:Computing HSC features for: A6NL82, ENST00000335282, ../Ntranos_Rotation/ESM-SaProt/AF-A6NL82-F1-model_v4.pdb.gz
INFO:2025-10-30 14:41:57,622:Successfully computed HSC for A6NL82.
INFO:2025-10-30 14:41:57,622:Processing A6NL88 with model AF-A6NL88-F1-model_v4.pdb
INFO:2025-10-30 14:41:57,725:Computing HSC features for: A6NL88, ENST00000376325, ../Ntranos_Rotation/ESM-SaProt/AF-A6NL88-F1-model_v4.pdb.gz
INFO:2025-10-30 14:43:09,454:Successfully computed HSC for A6NL88.
INFO:2025-10-30 14:43:09,454:Processing A6NL99 with model AF-A6NL99-F1-model_v4.pdb
ERROR:2025-10-30 14:43:09,546:No ENST transcript IDs were mapped to A6NL99
INFO:2025-10-30 14:43:09,546:Processing A6NLC5 with model AF-A6NLC5-F1-model_v4.pdb
INFO:2025-10-30 14:43:09,607:Computing HSC features for: A6NLC5, ENST00000335012, ../Ntranos_Rotation/ESM-SaProt/AF-A6NLC5-F1-model_v4.pdb.gz
INFO:2025-10-30 14:43:29,358:Successfully computed HSC for A6NLC5.
INFO:2025-10-30 14:43:29,358:Processing A6NLC8 with model AF-A6NLC8-F1-model_v4.pdb
ERROR:2025-10-30 14:43:29,448:No transcript record found for A6NLC8 in gnomAD.
INFO:2025-10-30 14:43:29,449:Processing A6NLE4 with model AF-A6NLE4-F1-model_v4.pdb
INFO:2025-10-30 14:43:29,503:Computing HSC features for: A6NLE4, ENST00000523047, ../Ntranos_Rotation/ESM-SaProt/AF-A6NLE4-F1-model_v4.pdb.gz
INFO:2025-10-30 14:43:41,358:Successfully computed HSC for A6NLE4.
INFO:2025-10-30 14:43:41,358:Processing A6NLF2 with model AF-A6NLF2-F1-model_v4.pdb
ERROR:2025-10-30 14:43:41,456:No ENST transcript IDs were mapped to A6NLF2
INFO:2025-10-30 14:43:41,456:Processing A6NLI5 with model AF-A6NLI5-F1-model_v4.pdb
ERROR:2025-10-30 14:43:41,559:No transcript record found for A6NLI5 in gnomAD.
INFO:2025-10-30 14:43:41,559:Processing A6NLJ0 with model AF-A6NLJ0-F1-model_v4.pdb
INFO:2025-10-30 14:43:41,645:Computing HSC features for: A6NLJ0, ENST00000380392, ../Ntranos_Rotation/ESM-SaProt/AF-A6NLJ0-F1-model_v4.pdb.gz
INFO:2025-10-30 14:44:38,458:Successfully computed HSC for A6NLJ0.
INFO:2025-10-30 14:44:38,459:Processing A6NLP5 with model AF-A6NLP5-F1-model_v4.pdb
INFO:2025-10-30 14:44:38,500:Computing HSC features for: A6NLP5, ENST00000302783, ../Ntranos_Rotation/ESM-SaProt/AF-A6NLP5-F1-model_v4.pdb.gz
INFO:2025-10-30 14:44:58,774:Successfully computed HSC for A6NLP5.
INFO:2025-10-30 14:44:58,775:Processing A6NLU0 with model AF-A6NLU0-F1-model_v4.pdb
INFO:2025-10-30 14:44:58,848:Computing HSC features for: A6NLU0, ENST00000434937, ../Ntranos_Rotation/ESM-SaProt/AF-A6NLU0-F1-model_v4.pdb.gz
INFO:2025-10-30 14:45:20,499:Successfully computed HSC for A6NLU0.
INFO:2025-10-30 14:45:20,499:Processing A6NLU5 with model AF-A6NLU5-F1-model_v4.pdb
INFO:2025-10-30 14:45:20,583:Computing HSC features for: A6NLU5, ENST00000335523, ../Ntranos_Rotation/ESM-SaProt/AF-A6NLU5-F1-model_v4.pdb.gz
INFO:2025-10-30 14:45:59,815:Successfully computed HSC for A6NLU5.
INFO:2025-10-30 14:45:59,816:Pipeline completed.
INFO:2025-10-30 14:45:59,816:no_enst_for_uniprot: 9
INFO:2025-10-30 14:45:59,816:no_valid_cds: 2
INFO:2025-10-30 14:45:59,816:no_variant_data: 10
INFO:2025-10-30 14:45:59,816:bad_structure: 0
INFO:2025-10-30 14:45:59,816:no_enst_mp: 3
