INFO:2025-10-30 14:59:04,389:Starting HSC computation pipeline...
INFO:2025-10-30 15:00:07,810:Processing Q9ULD8 with model AF-Q9ULD8-F1-model_v4.pdb
INFO:2025-10-30 15:00:08,077:Computing HSC features for: Q9ULD8, ENST00000257981, ../Ntranos_Rotation/ESM-SaProt/AF-Q9ULD8-F1-model_v4.pdb.gz
INFO:2025-10-30 15:02:35,651:Successfully computed HSC for Q9ULD8.
INFO:2025-10-30 15:02:35,651:Processing Q9ULD9 with model AF-Q9ULD9-F1-model_v4.pdb
INFO:2025-10-30 15:02:35,951:Computing HSC features for: Q9ULD9, ENST00000306315, ../Ntranos_Rotation/ESM-SaProt/AF-Q9ULD9-F1-model_v4.pdb.gz
INFO:2025-10-30 15:06:33,908:Successfully computed HSC for Q9ULD9.
INFO:2025-10-30 15:06:33,909:Processing Q9ULE0 with model AF-Q9ULE0-F1-model_v4.pdb
INFO:2025-10-30 15:06:34,190:Computing HSC features for: Q9ULE0, ENST00000380861, ../Ntranos_Rotation/ESM-SaProt/AF-Q9ULE0-F1-model_v4.pdb.gz
INFO:2025-10-30 15:09:34,103:Successfully computed HSC for Q9ULE0.
INFO:2025-10-30 15:09:34,103:Processing Q9ULE3 with model AF-Q9ULE3-F1-model_v4.pdb
INFO:2025-10-30 15:09:34,273:Computing HSC features for: Q9ULE3, ENST00000275884, ../Ntranos_Rotation/ESM-SaProt/AF-Q9ULE3-F1-model_v4.pdb.gz
INFO:2025-10-30 15:11:36,149:Successfully computed HSC for Q9ULE3.
INFO:2025-10-30 15:11:36,149:Processing Q9ULE4 with model AF-Q9ULE4-F1-model_v4.pdb
INFO:2025-10-30 15:11:36,347:Computing HSC features for: Q9ULE4, ENST00000265018, ../Ntranos_Rotation/ESM-SaProt/AF-Q9ULE4-F1-model_v4.pdb.gz
INFO:2025-10-30 15:13:46,730:Successfully computed HSC for Q9ULE4.
INFO:2025-10-30 15:13:46,730:Processing Q9ULE6 with model AF-Q9ULE6-F1-model_v4.pdb
INFO:2025-10-30 15:13:46,926:Computing HSC features for: Q9ULE6, ENST00000263563, ../Ntranos_Rotation/ESM-SaProt/AF-Q9ULE6-F1-model_v4.pdb.gz
INFO:2025-10-30 15:15:38,872:Successfully computed HSC for Q9ULE6.
INFO:2025-10-30 15:15:38,872:Processing Q9ULF5 with model AF-Q9ULF5-F1-model_v4.pdb
INFO:2025-10-30 15:15:39,008:Computing HSC features for: Q9ULF5, ENST00000359634, ../Ntranos_Rotation/ESM-SaProt/AF-Q9ULF5-F1-model_v4.pdb.gz
INFO:2025-10-30 15:16:46,731:Successfully computed HSC for Q9ULF5.
INFO:2025-10-30 15:16:46,731:Processing Q9ULG1 with model AF-Q9ULG1-F1-model_v4.pdb
ERROR:2025-10-30 15:16:46,931:No transcript record found for Q9ULG1 in gnomAD.
INFO:2025-10-30 15:16:46,931:Processing Q9ULG3 with model AF-Q9ULG3-F1-model_v4.pdb
INFO:2025-10-30 15:16:47,067:Computing HSC features for: Q9ULG3, ENST00000265068, ../Ntranos_Rotation/ESM-SaProt/AF-Q9ULG3-F1-model_v4.pdb.gz
INFO:2025-10-30 15:17:52,912:Successfully computed HSC for Q9ULG3.
INFO:2025-10-30 15:17:52,912:Processing Q9ULG6 with model AF-Q9ULG6-F1-model_v4.pdb
INFO:2025-10-30 15:17:53,109:Computing HSC features for: Q9ULG6, ENST00000310958, ../Ntranos_Rotation/ESM-SaProt/AF-Q9ULG6-F1-model_v4.pdb.gz
INFO:2025-10-30 15:18:59,346:Successfully computed HSC for Q9ULG6.
INFO:2025-10-30 15:18:59,346:Processing Q9UKN8 with model AF-Q9UKN8-F1-model_v4.pdb
INFO:2025-10-30 15:18:59,464:Computing HSC features for: Q9UKN8, ENST00000372146, ../Ntranos_Rotation/ESM-SaProt/AF-Q9UKN8-F1-model_v4.pdb.gz
INFO:2025-10-30 15:20:29,487:Successfully computed HSC for Q9UKN8.
INFO:2025-10-30 15:20:29,487:Processing Q9UKP3 with model AF-Q9UKP3-F1-model_v4.pdb
INFO:2025-10-30 15:20:29,608:Computing HSC features for: Q9UKP3, ENST00000373829, ../Ntranos_Rotation/ESM-SaProt/AF-Q9UKP3-F1-model_v4.pdb.gz
INFO:2025-10-30 15:21:21,248:Successfully computed HSC for Q9UKP3.
INFO:2025-10-30 15:21:21,248:Processing Q9UKP4 with model AF-Q9UKP4-F1-model_v4.pdb
INFO:2025-10-30 15:21:21,598:Computing HSC features for: Q9UKP4, ENST00000388820, ../Ntranos_Rotation/ESM-SaProt/AF-Q9UKP4-F1-model_v4.pdb.gz
INFO:2025-10-30 15:25:49,359:Successfully computed HSC for Q9UKP4.
INFO:2025-10-30 15:25:49,359:Processing Q9UKP5 with model AF-Q9UKP5-F1-model_v4.pdb
INFO:2025-10-30 15:25:49,605:Computing HSC features for: Q9UKP5, ENST00000381055, ../Ntranos_Rotation/ESM-SaProt/AF-Q9UKP5-F1-model_v4.pdb.gz
INFO:2025-10-30 15:27:28,281:Successfully computed HSC for Q9UKP5.
INFO:2025-10-30 15:27:28,281:Processing Q9UKP6 with model AF-Q9UKP6-F1-model_v4.pdb
INFO:2025-10-30 15:27:28,359:Computing HSC features for: Q9UKP6, ENST00000313135, ../Ntranos_Rotation/ESM-SaProt/AF-Q9UKP6-F1-model_v4.pdb.gz
INFO:2025-10-30 15:28:38,387:Successfully computed HSC for Q9UKP6.
INFO:2025-10-30 15:28:38,387:Processing Q9UKQ2 with model AF-Q9UKQ2-F1-model_v4.pdb
INFO:2025-10-30 15:28:38,498:Computing HSC features for: Q9UKQ2, ENST00000265769, ../Ntranos_Rotation/ESM-SaProt/AF-Q9UKQ2-F1-model_v4.pdb.gz
INFO:2025-10-30 15:29:41,013:Successfully computed HSC for Q9UKQ2.
INFO:2025-10-30 15:29:41,014:Processing Q9UKQ9 with model AF-Q9UKQ9-F1-model_v4.pdb
INFO:2025-10-30 15:29:41,123:Computing HSC features for: Q9UKQ9, ENST00000594211, ../Ntranos_Rotation/ESM-SaProt/AF-Q9UKQ9-F1-model_v4.pdb.gz
INFO:2025-10-30 15:30:21,368:Successfully computed HSC for Q9UKQ9.
INFO:2025-10-30 15:30:21,368:Processing Q9UKR0 with model AF-Q9UKR0-F1-model_v4.pdb
INFO:2025-10-30 15:30:21,454:Computing HSC features for: Q9UKR0, ENST00000319590, ../Ntranos_Rotation/ESM-SaProt/AF-Q9UKR0-F1-model_v4.pdb.gz
INFO:2025-10-30 15:31:14,192:Successfully computed HSC for Q9UKR0.
INFO:2025-10-30 15:31:14,192:Processing Q9UKR3 with model AF-Q9UKR3-F1-model_v4.pdb
INFO:2025-10-30 15:31:14,273:Computing HSC features for: Q9UKR3, ENST00000595793, ../Ntranos_Rotation/ESM-SaProt/AF-Q9UKR3-F1-model_v4.pdb.gz
INFO:2025-10-30 15:32:01,750:Successfully computed HSC for Q9UKR3.
INFO:2025-10-30 15:32:01,750:Processing Q9UKR5 with model AF-Q9UKR5-F1-model_v4.pdb
INFO:2025-10-30 15:32:01,809:Computing HSC features for: Q9UKR5, ENST00000256319, ../Ntranos_Rotation/ESM-SaProt/AF-Q9UKR5-F1-model_v4.pdb.gz
INFO:2025-10-30 15:32:25,952:Successfully computed HSC for Q9UKR5.
INFO:2025-10-30 15:32:25,952:Processing Q9UKR8 with model AF-Q9UKR8-F1-model_v4.pdb
INFO:2025-10-30 15:32:26,026:Computing HSC features for: Q9UKR8, ENST00000316737, ../Ntranos_Rotation/ESM-SaProt/AF-Q9UKR8-F1-model_v4.pdb.gz
INFO:2025-10-30 15:33:09,265:Successfully computed HSC for Q9UKR8.
INFO:2025-10-30 15:33:09,265:Processing Q9UKS6 with model AF-Q9UKS6-F1-model_v4.pdb
INFO:2025-10-30 15:33:09,380:Computing HSC features for: Q9UKS6, ENST00000298838, ../Ntranos_Rotation/ESM-SaProt/AF-Q9UKS6-F1-model_v4.pdb.gz
INFO:2025-10-30 15:34:27,308:Successfully computed HSC for Q9UKS6.
INFO:2025-10-30 15:34:27,308:Processing Q9UKS7 with model AF-Q9UKS7-F1-model_v4.pdb
INFO:2025-10-30 15:34:27,408:Computing HSC features for: Q9UKS7, ENST00000434687, ../Ntranos_Rotation/ESM-SaProt/AF-Q9UKS7-F1-model_v4.pdb.gz
INFO:2025-10-30 15:35:15,122:Successfully computed HSC for Q9UKS7.
INFO:2025-10-30 15:35:15,122:Processing Q9UKT4 with model AF-Q9UKT4-F1-model_v4.pdb
INFO:2025-10-30 15:35:15,217:Computing HSC features for: Q9UKT4, ENST00000229758, ../Ntranos_Rotation/ESM-SaProt/AF-Q9UKT4-F1-model_v4.pdb.gz
INFO:2025-10-30 15:35:56,452:Successfully computed HSC for Q9UKT4.
INFO:2025-10-30 15:35:56,452:Processing Q9UKT5 with model AF-Q9UKT5-F1-model_v4.pdb
INFO:2025-10-30 15:35:56,668:Computing HSC features for: Q9UKT5, ENST00000281623, ../Ntranos_Rotation/ESM-SaProt/AF-Q9UKT5-F1-model_v4.pdb.gz
INFO:2025-10-30 15:36:58,536:Successfully computed HSC for Q9UKT5.
INFO:2025-10-30 15:36:58,536:Processing Q9UKT6 with model AF-Q9UKT6-F1-model_v4.pdb
ERROR:2025-10-30 15:36:58,674:No ENST transcript IDs were mapped to Q9UKT6
INFO:2025-10-30 15:36:58,675:Processing Q9UKT7 with model AF-Q9UKT7-F1-model_v4.pdb
INFO:2025-10-30 15:36:58,776:Computing HSC features for: Q9UKT7, ENST00000355619, ../Ntranos_Rotation/ESM-SaProt/AF-Q9UKT7-F1-model_v4.pdb.gz
INFO:2025-10-30 15:38:00,222:Successfully computed HSC for Q9UKT7.
INFO:2025-10-30 15:38:00,222:Processing Q9UKT8 with model AF-Q9UKT8-F1-model_v4.pdb
INFO:2025-10-30 15:38:00,339:Computing HSC features for: Q9UKT8, ENST00000608872, ../Ntranos_Rotation/ESM-SaProt/AF-Q9UKT8-F1-model_v4.pdb.gz
INFO:2025-10-30 15:39:08,546:Successfully computed HSC for Q9UKT8.
INFO:2025-10-30 15:39:08,546:Processing Q9UKT9 with model AF-Q9UKT9-F1-model_v4.pdb
INFO:2025-10-30 15:39:08,687:Computing HSC features for: Q9UKT9, ENST00000346872, ../Ntranos_Rotation/ESM-SaProt/AF-Q9UKT9-F1-model_v4.pdb.gz
INFO:2025-10-30 15:40:32,434:Successfully computed HSC for Q9UKT9.
INFO:2025-10-30 15:40:32,434:Processing Q9UKU0 with model AF-Q9UKU0-F1-model_v4.pdb
INFO:2025-10-30 15:40:32,540:Computing HSC features for: Q9UKU0, ENST00000379240, ../Ntranos_Rotation/ESM-SaProt/AF-Q9UKU0-F1-model_v4.pdb.gz
INFO:2025-10-30 15:41:44,095:Successfully computed HSC for Q9UKU0.
INFO:2025-10-30 15:41:44,095:Processing Q9UKU6 with model AF-Q9UKU6-F1-model_v4.pdb
ERROR:2025-10-30 15:41:44,239:No valid CDS found for Q9UKU6
INFO:2025-10-30 15:41:44,239:Processing Q9UKU7 with model AF-Q9UKU7-F1-model_v4.pdb
INFO:2025-10-30 15:41:44,340:Computing HSC features for: Q9UKU7, ENST00000281182, ../Ntranos_Rotation/ESM-SaProt/AF-Q9UKU7-F1-model_v4.pdb.gz
INFO:2025-10-30 15:42:45,742:Successfully computed HSC for Q9UKU7.
INFO:2025-10-30 15:42:45,742:Processing Q9UKU9 with model AF-Q9UKU9-F1-model_v4.pdb
INFO:2025-10-30 15:42:45,827:Computing HSC features for: Q9UKU9, ENST00000373425, ../Ntranos_Rotation/ESM-SaProt/AF-Q9UKU9-F1-model_v4.pdb.gz
INFO:2025-10-30 15:44:04,458:Successfully computed HSC for Q9UKU9.
INFO:2025-10-30 15:44:04,458:Processing Q9UKV0 with model AF-Q9UKV0-F1-model_v4.pdb
ERROR:2025-10-30 15:44:04,687:No transcript record found for Q9UKV0 in gnomAD.
INFO:2025-10-30 15:44:04,688:Processing Q9UKV3 with model AF-Q9UKV3-F1-model_v4.pdb
INFO:2025-10-30 15:44:05,046:Computing HSC features for: Q9UKV3, ENST00000262710, ../Ntranos_Rotation/ESM-SaProt/AF-Q9UKV3-F1-model_v4.pdb.gz
INFO:2025-10-30 15:47:21,997:Successfully computed HSC for Q9UKV3.
INFO:2025-10-30 15:47:21,998:Processing Q9UKV5 with model AF-Q9UKV5-F1-model_v4.pdb
INFO:2025-10-30 15:47:22,150:Computing HSC features for: Q9UKV5, ENST00000290649, ../Ntranos_Rotation/ESM-SaProt/AF-Q9UKV5-F1-model_v4.pdb.gz
INFO:2025-10-30 15:49:30,225:Successfully computed HSC for Q9UKV5.
INFO:2025-10-30 15:49:30,225:Processing Q9UKV8 with model AF-Q9UKV8-F1-model_v4.pdb
INFO:2025-10-30 15:49:30,444:Computing HSC features for: Q9UKV8, ENST00000220592, ../Ntranos_Rotation/ESM-SaProt/AF-Q9UKV8-F1-model_v4.pdb.gz
INFO:2025-10-30 15:51:59,184:Successfully computed HSC for Q9UKV8.
INFO:2025-10-30 15:51:59,184:Processing Q9UKW4 with model AF-Q9UKW4-F1-model_v4.pdb
INFO:2025-10-30 15:51:59,389:Computing HSC features for: Q9UKW4, ENST00000370056, ../Ntranos_Rotation/ESM-SaProt/AF-Q9UKW4-F1-model_v4.pdb.gz
INFO:2025-10-30 15:53:14,314:Successfully computed HSC for Q9UKW4.
INFO:2025-10-30 15:53:14,315:Processing Q9UKW6 with model AF-Q9UKW6-F1-model_v4.pdb
INFO:2025-10-30 15:53:14,371:Computing HSC features for: Q9UKW6, ENST00000312319, ../Ntranos_Rotation/ESM-SaProt/AF-Q9UKW6-F1-model_v4.pdb.gz
INFO:2025-10-30 15:53:39,180:Successfully computed HSC for Q9UKW6.
INFO:2025-10-30 15:53:39,180:Processing Q9UKX2 with model AF-Q9UKX2-F1-model_v4.pdb
INFO:2025-10-30 15:53:39,426:Computing HSC features for: Q9UKX2, ENST00000245503, ../Ntranos_Rotation/ESM-SaProt/AF-Q9UKX2-F1-model_v4.pdb.gz
INFO:2025-10-30 15:56:50,356:Successfully computed HSC for Q9UKX2.
INFO:2025-10-30 15:56:50,356:Processing Q9UKX3 with model AF-Q9UKX3-F1-model_v4.pdb
INFO:2025-10-30 15:56:50,955:Computing HSC features for: Q9UKX3, ENST00000252172, ../Ntranos_Rotation/ESM-SaProt/AF-Q9UKX3-F1-model_v4.pdb.gz
INFO:2025-10-30 16:00:33,986:Successfully computed HSC for Q9UKX3.
INFO:2025-10-30 16:00:33,986:Processing Q9UKX5 with model AF-Q9UKX5-F1-model_v4.pdb
INFO:2025-10-30 16:00:34,254:Computing HSC features for: Q9UKX5, ENST00000315757, ../Ntranos_Rotation/ESM-SaProt/AF-Q9UKX5-F1-model_v4.pdb.gz
INFO:2025-10-30 16:03:03,100:Successfully computed HSC for Q9UKX5.
INFO:2025-10-30 16:03:03,100:Processing Q9UKX7 with model AF-Q9UKX7-F1-model_v4.pdb
INFO:2025-10-30 16:03:03,268:Computing HSC features for: Q9UKX7, ENST00000347635, ../Ntranos_Rotation/ESM-SaProt/AF-Q9UKX7-F1-model_v4.pdb.gz
INFO:2025-10-30 16:03:49,286:Successfully computed HSC for Q9UKX7.
INFO:2025-10-30 16:03:49,287:Processing Q9UKY0 with model AF-Q9UKY0-F1-model_v4.pdb
INFO:2025-10-30 16:03:49,373:Computing HSC features for: Q9UKY0, ENST00000305817, ../Ntranos_Rotation/ESM-SaProt/AF-Q9UKY0-F1-model_v4.pdb.gz
INFO:2025-10-30 16:04:22,484:Successfully computed HSC for Q9UKY0.
INFO:2025-10-30 16:04:22,484:Processing Q9UKY1 with model AF-Q9UKY1-F1-model_v4.pdb
INFO:2025-10-30 16:04:22,704:Computing HSC features for: Q9UKY1, ENST00000297857, ../Ntranos_Rotation/ESM-SaProt/AF-Q9UKY1-F1-model_v4.pdb.gz
INFO:2025-10-30 16:05:39,202:Successfully computed HSC for Q9UKY1.
INFO:2025-10-30 16:05:39,202:Processing Q9UKY3 with model AF-Q9UKY3-F1-model_v4.pdb
ERROR:2025-10-30 16:05:39,290:No ENST transcript IDs were mapped to Q9UKY3
INFO:2025-10-30 16:05:39,290:Processing Q9UKY4 with model AF-Q9UKY4-F1-model_v4.pdb
INFO:2025-10-30 16:05:39,469:Computing HSC features for: Q9UKY4, ENST00000261534, ../Ntranos_Rotation/ESM-SaProt/AF-Q9UKY4-F1-model_v4.pdb.gz
INFO:2025-10-30 16:07:32,511:Successfully computed HSC for Q9UKY4.
INFO:2025-10-30 16:07:32,511:Processing Q9UKY7 with model AF-Q9UKY7-F1-model_v4.pdb
INFO:2025-10-30 16:07:32,588:Computing HSC features for: Q9UKY7, ENST00000264993, ../Ntranos_Rotation/ESM-SaProt/AF-Q9UKY7-F1-model_v4.pdb.gz
INFO:2025-10-30 16:08:08,615:Successfully computed HSC for Q9UKY7.
INFO:2025-10-30 16:08:08,615:Processing Q9UKZ1 with model AF-Q9UKZ1-F1-model_v4.pdb
INFO:2025-10-30 16:08:08,746:Computing HSC features for: Q9UKZ1, ENST00000289382, ../Ntranos_Rotation/ESM-SaProt/AF-Q9UKZ1-F1-model_v4.pdb.gz
INFO:2025-10-30 16:09:19,905:Successfully computed HSC for Q9UKZ1.
INFO:2025-10-30 16:09:19,905:Processing Q9UKZ4 with model AF-Q9UKZ4-F1-model_v4.pdb
ERROR:2025-10-30 16:09:20,193:No valid CDS found for Q9UKZ4
INFO:2025-10-30 16:09:20,193:Pipeline completed.
INFO:2025-10-30 16:09:20,193:no_enst_for_uniprot: 2
INFO:2025-10-30 16:09:20,193:no_valid_cds: 2
INFO:2025-10-30 16:09:20,193:no_variant_data: 2
INFO:2025-10-30 16:09:20,194:bad_structure: 0
INFO:2025-10-30 16:09:20,194:no_enst_mp: 0
