INFO:2025-10-30 14:25:03,339:Starting HSC computation pipeline...
INFO:2025-10-30 14:26:09,130:Processing Q5VU97 with model AF-Q5VU97-F1-model_v4.pdb
ERROR:2025-10-30 14:26:09,346:No transcript record found for Q5VU97 in gnomAD.
INFO:2025-10-30 14:26:09,346:Processing Q5VUA4 with model AF-Q5VUA4-F1-model_v4.pdb
INFO:2025-10-30 14:26:09,673:Computing HSC features for: Q5VUA4, ENST00000361428, ../Ntranos_Rotation/ESM-SaProt/AF-Q5VUA4-F1-model_v4.pdb.gz
INFO:2025-10-30 14:28:49,562:Successfully computed HSC for Q5VUA4.
INFO:2025-10-30 14:28:49,562:Processing Q5VUB5 with model AF-Q5VUB5-F1-model_v4.pdb
INFO:2025-10-30 14:28:50,076:Computing HSC features for: Q5VUB5, ENST00000378116, ../Ntranos_Rotation/ESM-SaProt/AF-Q5VUB5-F1-model_v4.pdb.gz
INFO:2025-10-30 14:30:18,412:Successfully computed HSC for Q5VUB5.
INFO:2025-10-30 14:30:18,412:Processing Q5VUD6 with model AF-Q5VUD6-F1-model_v4.pdb
INFO:2025-10-30 14:30:18,622:Computing HSC features for: Q5VUD6, ENST00000371692, ../Ntranos_Rotation/ESM-SaProt/AF-Q5VUD6-F1-model_v4.pdb.gz
INFO:2025-10-30 14:31:04,493:Successfully computed HSC for Q5VUD6.
INFO:2025-10-30 14:31:04,493:Processing Q5VUE5 with model AF-Q5VUE5-F1-model_v4.pdb
INFO:2025-10-30 14:31:04,765:Computing HSC features for: Q5VUE5, ENST00000367393, ../Ntranos_Rotation/ESM-SaProt/AF-Q5VUE5-F1-model_v4.pdb.gz
INFO:2025-10-30 14:31:23,085:Successfully computed HSC for Q5VUE5.
INFO:2025-10-30 14:31:23,085:Processing Q5VUG0 with model AF-Q5VUG0-F1-model_v4.pdb
INFO:2025-10-30 14:31:23,222:Computing HSC features for: Q5VUG0, ENST00000361972, ../Ntranos_Rotation/ESM-SaProt/AF-Q5VUG0-F1-model_v4.pdb.gz
INFO:2025-10-30 14:32:36,902:Successfully computed HSC for Q5VUG0.
INFO:2025-10-30 14:32:36,902:Processing Q5VUJ5 with model AF-Q5VUJ5-F1-model_v4.pdb
ERROR:2025-10-30 14:32:37,135:No ENST transcript IDs were mapped to Q5VUJ5
INFO:2025-10-30 14:32:37,135:Processing Q5VUJ6 with model AF-Q5VUJ6-F1-model_v4.pdb
INFO:2025-10-30 14:32:37,278:Computing HSC features for: Q5VUJ6, ENST00000317135, ../Ntranos_Rotation/ESM-SaProt/AF-Q5VUJ6-F1-model_v4.pdb.gz
INFO:2025-10-30 14:33:32,434:Successfully computed HSC for Q5VUJ6.
INFO:2025-10-30 14:33:32,434:Processing Q5VUJ9 with model AF-Q5VUJ9-F1-model_v4.pdb
ERROR:2025-10-30 14:33:32,501:No valid CDS found for Q5VUJ9
INFO:2025-10-30 14:33:32,501:Processing Q5VUM1 with model AF-Q5VUM1-F1-model_v4.pdb
INFO:2025-10-30 14:33:32,539:Computing HSC features for: Q5VUM1, ENST00000370474, ../Ntranos_Rotation/ESM-SaProt/AF-Q5VUM1-F1-model_v4.pdb.gz
INFO:2025-10-30 14:33:46,578:Successfully computed HSC for Q5VUM1.
INFO:2025-10-30 14:33:46,578:Processing Q5VUR7 with model AF-Q5VUR7-F1-model_v4.pdb
ERROR:2025-10-30 14:33:46,720:No ENST transcript IDs were mapped to Q5VUR7
INFO:2025-10-30 14:33:46,720:Processing Q5VUY0 with model AF-Q5VUY0-F1-model_v4.pdb
INFO:2025-10-30 14:33:46,799:Computing HSC features for: Q5VUY0, ENST00000359318, ../Ntranos_Rotation/ESM-SaProt/AF-Q5VUY0-F1-model_v4.pdb.gz
INFO:2025-10-30 14:34:17,646:Successfully computed HSC for Q5VUY0.
INFO:2025-10-30 14:34:17,646:Processing Q5VUY2 with model AF-Q5VUY2-F1-model_v4.pdb
INFO:2025-10-30 14:34:17,751:Computing HSC features for: Q5VUY2, ENST00000376221, ../Ntranos_Rotation/ESM-SaProt/AF-Q5VUY2-F1-model_v4.pdb.gz
INFO:2025-10-30 14:34:51,134:Successfully computed HSC for Q5VUY2.
INFO:2025-10-30 14:34:51,134:Processing Q5VV11 with model AF-Q5VV11-F1-model_v4.pdb
ERROR:2025-10-30 14:34:51,167:No ENST transcript IDs were mapped to Q5VV11
INFO:2025-10-30 14:34:51,167:Processing Q5VV16 with model AF-Q5VV16-F1-model_v4.pdb
INFO:2025-10-30 14:34:51,248:Computing HSC features for: Q5VV16, ENST00000377420, ../Ntranos_Rotation/ESM-SaProt/AF-Q5VV16-F1-model_v4.pdb.gz
INFO:2025-10-30 14:35:44,819:Successfully computed HSC for Q5VV16.
INFO:2025-10-30 14:35:44,819:Processing Q5VV17 with model AF-Q5VV17-F1-model_v4.pdb
INFO:2025-10-30 14:35:44,908:Computing HSC features for: Q5VV17, ENST00000376495, ../Ntranos_Rotation/ESM-SaProt/AF-Q5VV17-F1-model_v4.pdb.gz
INFO:2025-10-30 14:36:51,007:Successfully computed HSC for Q5VV17.
INFO:2025-10-30 14:36:51,007:Processing Q5VV41 with model AF-Q5VV41-F1-model_v4.pdb
INFO:2025-10-30 14:36:51,092:Computing HSC features for: Q5VV41, ENST00000378378, ../Ntranos_Rotation/ESM-SaProt/AF-Q5VV41-F1-model_v4.pdb.gz
INFO:2025-10-30 14:37:56,893:Successfully computed HSC for Q5VV41.
INFO:2025-10-30 14:37:56,893:Processing Q5VV42 with model AF-Q5VV42-F1-model_v4.pdb
INFO:2025-10-30 14:37:56,980:Computing HSC features for: Q5VV42, ENST00000274695, ../Ntranos_Rotation/ESM-SaProt/AF-Q5VV42-F1-model_v4.pdb.gz
INFO:2025-10-30 14:38:34,701:Successfully computed HSC for Q5VV42.
INFO:2025-10-30 14:38:34,701:Processing Q5VV43 with model AF-Q5VV43-F1-model_v4.pdb
INFO:2025-10-30 14:38:34,875:Computing HSC features for: Q5VV43, ENST00000378214, ../Ntranos_Rotation/ESM-SaProt/AF-Q5VV43-F1-model_v4.pdb.gz
INFO:2025-10-30 14:39:48,656:Successfully computed HSC for Q5VV43.
INFO:2025-10-30 14:39:48,656:Processing Q5VV52 with model AF-Q5VV52-F1-model_v4.pdb
INFO:2025-10-30 14:39:48,719:Computing HSC features for: Q5VV52, ENST00000372502, ../Ntranos_Rotation/ESM-SaProt/AF-Q5VV52-F1-model_v4.pdb.gz
INFO:2025-10-30 14:40:12,315:Successfully computed HSC for Q5VV52.
INFO:2025-10-30 14:40:12,315:Processing Q5VV63 with model AF-Q5VV63-F1-model_v4.pdb
INFO:2025-10-30 14:40:12,464:Computing HSC features for: Q5VV63, ENST00000355044, ../Ntranos_Rotation/ESM-SaProt/AF-Q5VV63-F1-model_v4.pdb.gz
INFO:2025-10-30 14:41:43,012:Successfully computed HSC for Q5VV63.
INFO:2025-10-30 14:41:43,012:Processing Q5VV67 with model AF-Q5VV67-F1-model_v4.pdb
INFO:2025-10-30 14:41:43,202:Computing HSC features for: Q5VV67, ENST00000278070, ../Ntranos_Rotation/ESM-SaProt/AF-Q5VV67-F1-model_v4.pdb.gz
INFO:2025-10-30 14:43:43,058:Successfully computed HSC for Q5VV67.
INFO:2025-10-30 14:43:43,058:Processing Q5VVB8 with model AF-Q5VVB8-F1-model_v4.pdb
INFO:2025-10-30 14:43:43,106:Computing HSC features for: Q5VVB8, ENST00000368143, ../Ntranos_Rotation/ESM-SaProt/AF-Q5VVB8-F1-model_v4.pdb.gz
INFO:2025-10-30 14:43:51,373:Successfully computed HSC for Q5VVB8.
INFO:2025-10-30 14:43:51,373:Processing Q5VVC0 with model AF-Q5VVC0-F1-model_v4.pdb
INFO:2025-10-30 14:43:51,415:Computing HSC features for: Q5VVC0, ENST00000370375, ../Ntranos_Rotation/ESM-SaProt/AF-Q5VVC0-F1-model_v4.pdb.gz
INFO:2025-10-30 14:44:01,147:Successfully computed HSC for Q5VVC0.
INFO:2025-10-30 14:44:01,147:Processing Q5VVH2 with model AF-Q5VVH2-F1-model_v4.pdb
INFO:2025-10-30 14:44:01,189:Computing HSC features for: Q5VVH2, ENST00000370659, ../Ntranos_Rotation/ESM-SaProt/AF-Q5VVH2-F1-model_v4.pdb.gz
ERROR:2025-10-30 14:44:01,227:Missing ENST record in counts: ENST00000370659
INFO:2025-10-30 14:44:01,227:Processing Q5VVH5 with model AF-Q5VVH5-F1-model_v4.pdb
INFO:2025-10-30 14:44:01,292:Computing HSC features for: Q5VVH5, ENST00000369940, ../Ntranos_Rotation/ESM-SaProt/AF-Q5VVH5-F1-model_v4.pdb.gz
INFO:2025-10-30 14:44:24,265:Successfully computed HSC for Q5VVH5.
INFO:2025-10-30 14:44:24,266:Processing Q5VVJ2 with model AF-Q5VVJ2-F1-model_v4.pdb
INFO:2025-10-30 14:44:24,419:Computing HSC features for: Q5VVJ2, ENST00000472487, ../Ntranos_Rotation/ESM-SaProt/AF-Q5VVJ2-F1-model_v4.pdb.gz
INFO:2025-10-30 14:45:17,304:Successfully computed HSC for Q5VVJ2.
INFO:2025-10-30 14:45:17,305:Processing Q5VVM6 with model AF-Q5VVM6-F1-model_v4.pdb
INFO:2025-10-30 14:45:17,438:Computing HSC features for: Q5VVM6, ENST00000342022, ../Ntranos_Rotation/ESM-SaProt/AF-Q5VVM6-F1-model_v4.pdb.gz
INFO:2025-10-30 14:45:58,902:Successfully computed HSC for Q5VVM6.
INFO:2025-10-30 14:45:58,902:Processing Q5VVP1 with model AF-Q5VVP1-F1-model_v4.pdb
INFO:2025-10-30 14:45:59,144:Computing HSC features for: Q5VVP1, ENST00000332857, ../Ntranos_Rotation/ESM-SaProt/AF-Q5VVP1-F1-model_v4.pdb.gz
INFO:2025-10-30 14:47:25,238:Successfully computed HSC for Q5VVP1.
INFO:2025-10-30 14:47:25,238:Processing Q5VVQ6 with model AF-Q5VVQ6-F1-model_v4.pdb
INFO:2025-10-30 14:47:25,292:Computing HSC features for: Q5VVQ6, ENST00000315927, ../Ntranos_Rotation/ESM-SaProt/AF-Q5VVQ6-F1-model_v4.pdb.gz
INFO:2025-10-30 14:47:53,484:Successfully computed HSC for Q5VVQ6.
INFO:2025-10-30 14:47:53,484:Processing Q5VVS0 with model AF-Q5VVS0-F1-model_v4.pdb
ERROR:2025-10-30 14:47:53,516:No ENST transcript IDs were mapped to Q5VVS0
INFO:2025-10-30 14:47:53,516:Processing Q5VVW2 with model AF-Q5VVW2-F1-model_v4.pdb
INFO:2025-10-30 14:47:53,623:Computing HSC features for: Q5VVW2, ENST00000373387, ../Ntranos_Rotation/ESM-SaProt/AF-Q5VVW2-F1-model_v4.pdb.gz
INFO:2025-10-30 14:48:59,094:Successfully computed HSC for Q5VVW2.
INFO:2025-10-30 14:48:59,094:Processing Q5VVX9 with model AF-Q5VVX9-F1-model_v4.pdb
ERROR:2025-10-30 14:48:59,326:No transcript record found for Q5VVX9 in gnomAD.
INFO:2025-10-30 14:48:59,326:Processing Q5VVY1 with model AF-Q5VVY1-F1-model_v4.pdb
INFO:2025-10-30 14:48:59,390:Computing HSC features for: Q5VVY1, ENST00000439373, ../Ntranos_Rotation/ESM-SaProt/AF-Q5VVY1-F1-model_v4.pdb.gz
INFO:2025-10-30 14:49:22,827:Successfully computed HSC for Q5VVY1.
INFO:2025-10-30 14:49:22,827:Processing Q5VW00 with model AF-Q5VW00-F1-model_v4.pdb
INFO:2025-10-30 14:49:22,898:Computing HSC features for: Q5VW00, ENST00000360028, ../Ntranos_Rotation/ESM-SaProt/AF-Q5VW00-F1-model_v4.pdb.gz
INFO:2025-10-30 14:50:08,966:Successfully computed HSC for Q5VW00.
INFO:2025-10-30 14:50:08,966:Processing Q5VW22 with model AF-Q5VW22-F1-model_v4.pdb
INFO:2025-10-30 14:50:09,049:Computing HSC features for: Q5VW22, ENST00000374056, ../Ntranos_Rotation/ESM-SaProt/AF-Q5VW22-F1-model_v4.pdb.gz
INFO:2025-10-30 14:50:57,683:Successfully computed HSC for Q5VW22.
INFO:2025-10-30 14:50:57,683:Processing Q5VW32 with model AF-Q5VW32-F1-model_v4.pdb
INFO:2025-10-30 14:50:57,775:Computing HSC features for: Q5VW32, ENST00000340934, ../Ntranos_Rotation/ESM-SaProt/AF-Q5VW32-F1-model_v4.pdb.gz
INFO:2025-10-30 14:51:20,401:Successfully computed HSC for Q5VW32.
INFO:2025-10-30 14:51:20,401:Processing Q5VW36 with model AF-Q5VW36-F1-model_v4.pdb
INFO:2025-10-30 14:51:20,584:Computing HSC features for: Q5VW36, ENST00000338382, ../Ntranos_Rotation/ESM-SaProt/AF-Q5VW36-F1-model_v4.pdb.gz
INFO:2025-10-30 14:53:06,860:Successfully computed HSC for Q5VW36.
INFO:2025-10-30 14:53:06,860:Processing Q13508 with model AF-Q13508-F1-model_v4.pdb
INFO:2025-10-30 14:53:07,011:Computing HSC features for: Q13508, ENST00000355810, ../Ntranos_Rotation/ESM-SaProt/AF-Q13508-F1-model_v4.pdb.gz
INFO:2025-10-30 14:53:31,580:Successfully computed HSC for Q13508.
INFO:2025-10-30 14:53:31,580:Processing Q5VST9 with model AF-Q5VST9-F27-model_v4.pdb
ERROR:2025-10-30 14:53:31,745:No valid CDS found for Q5VST9
INFO:2025-10-30 14:53:31,745:Processing Q5VSY0 with model AF-Q5VSY0-F1-model_v4.pdb
INFO:2025-10-30 14:53:31,847:Computing HSC features for: Q5VSY0, ENST00000376371, ../Ntranos_Rotation/ESM-SaProt/AF-Q5VSY0-F1-model_v4.pdb.gz
INFO:2025-10-30 14:53:51,880:Successfully computed HSC for Q5VSY0.
INFO:2025-10-30 14:53:51,880:Processing Q5VT03 with model AF-Q5VT03-F1-model_v4.pdb
INFO:2025-10-30 14:53:52,006:Computing HSC features for: Q5VT03, ENST00000381697, ../Ntranos_Rotation/ESM-SaProt/AF-Q5VT03-F1-model_v4.pdb.gz
ERROR:2025-10-30 14:53:52,280:Missing ENST record in counts: ENST00000381697
INFO:2025-10-30 14:53:52,280:Processing Q5VT06 with model AF-Q5VT06-F1-model_v4.pdb
ERROR:2025-10-30 14:53:52,494:No valid CDS found for Q5VT06
INFO:2025-10-30 14:53:52,494:Processing Q5VT25 with model AF-Q5VT25-F1-model_v4.pdb
INFO:2025-10-30 14:53:52,749:Computing HSC features for: Q5VT25, ENST00000334218, ../Ntranos_Rotation/ESM-SaProt/AF-Q5VT25-F1-model_v4.pdb.gz
INFO:2025-10-30 14:55:42,475:Successfully computed HSC for Q5VT25.
INFO:2025-10-30 14:55:42,475:Processing Q5VT28 with model AF-Q5VT28-F1-model_v4.pdb
ERROR:2025-10-30 14:55:42,510:No ENST transcript IDs were mapped to Q5VT28
INFO:2025-10-30 14:55:42,510:Processing Q5VT33 with model AF-Q5VT33-F1-model_v4.pdb
ERROR:2025-10-30 14:55:42,540:No ENST transcript IDs were mapped to Q5VT33
INFO:2025-10-30 14:55:42,540:Processing Q5VT40 with model AF-Q5VT40-F1-model_v4.pdb
INFO:2025-10-30 14:55:42,595:Computing HSC features for: Q5VT40, ENST00000338353, ../Ntranos_Rotation/ESM-SaProt/AF-Q5VT40-F1-model_v4.pdb.gz
INFO:2025-10-30 14:56:08,780:Successfully computed HSC for Q5VT40.
INFO:2025-10-30 14:56:08,780:Processing Q5VT52 with model AF-Q5VT52-F1-model_v4.pdb
INFO:2025-10-30 14:56:09,008:Computing HSC features for: Q5VT52, ENST00000369068, ../Ntranos_Rotation/ESM-SaProt/AF-Q5VT52-F1-model_v4.pdb.gz
INFO:2025-10-30 14:58:03,893:Successfully computed HSC for Q5VT52.
INFO:2025-10-30 14:58:03,893:Processing Q5VT66 with model AF-Q5VT66-F1-model_v4.pdb
INFO:2025-10-30 14:58:03,979:Computing HSC features for: Q5VT66, ENST00000366910, ../Ntranos_Rotation/ESM-SaProt/AF-Q5VT66-F1-model_v4.pdb.gz
INFO:2025-10-30 14:58:49,844:Successfully computed HSC for Q5VT66.
INFO:2025-10-30 14:58:49,844:Processing Q5VT79 with model AF-Q5VT79-F1-model_v4.pdb
ERROR:2025-10-30 14:58:49,892:No transcript record found for Q5VT79 in gnomAD.
INFO:2025-10-30 14:58:49,892:Pipeline completed.
INFO:2025-10-30 14:58:49,892:no_enst_for_uniprot: 6
INFO:2025-10-30 14:58:49,892:no_valid_cds: 3
INFO:2025-10-30 14:58:49,892:no_variant_data: 3
INFO:2025-10-30 14:58:49,892:bad_structure: 0
INFO:2025-10-30 14:58:49,892:no_enst_mp: 2
