INFO:2025-10-30 14:26:02,773:Starting HSC computation pipeline...
INFO:2025-10-30 14:27:11,456:Processing Q8IW50 with model AF-Q8IW50-F1-model_v4.pdb
INFO:2025-10-30 14:27:11,515:Computing HSC features for: Q8IW50, ENST00000445726, ../Ntranos_Rotation/ESM-SaProt/AF-Q8IW50-F1-model_v4.pdb.gz
INFO:2025-10-30 14:27:45,661:Successfully computed HSC for Q8IW50.
INFO:2025-10-30 14:27:45,661:Processing Q8IW52 with model AF-Q8IW52-F1-model_v4.pdb
INFO:2025-10-30 14:27:45,898:Computing HSC features for: Q8IW52, ENST00000338017, ../Ntranos_Rotation/ESM-SaProt/AF-Q8IW52-F1-model_v4.pdb.gz
INFO:2025-10-30 14:29:16,029:Successfully computed HSC for Q8IW52.
INFO:2025-10-30 14:29:16,029:Processing Q8IW70 with model AF-Q8IW70-F1-model_v4.pdb
INFO:2025-10-30 14:29:16,109:Computing HSC features for: Q8IW70, ENST00000451188, ../Ntranos_Rotation/ESM-SaProt/AF-Q8IW70-F1-model_v4.pdb.gz
INFO:2025-10-30 14:30:58,139:Successfully computed HSC for Q8IW70.
INFO:2025-10-30 14:30:58,139:Processing Q8IW75 with model AF-Q8IW75-F1-model_v4.pdb
INFO:2025-10-30 14:30:58,226:Computing HSC features for: Q8IW75, ENST00000341228, ../Ntranos_Rotation/ESM-SaProt/AF-Q8IW75-F1-model_v4.pdb.gz
INFO:2025-10-30 14:31:54,408:Successfully computed HSC for Q8IW75.
INFO:2025-10-30 14:31:54,408:Processing Q8IW92 with model AF-Q8IW92-F1-model_v4.pdb
INFO:2025-10-30 14:31:54,542:Computing HSC features for: Q8IW92, ENST00000535456, ../Ntranos_Rotation/ESM-SaProt/AF-Q8IW92-F1-model_v4.pdb.gz
INFO:2025-10-30 14:33:01,832:Successfully computed HSC for Q8IW92.
INFO:2025-10-30 14:33:01,832:Processing Q8IW93 with model AF-Q8IW93-F1-model_v4.pdb
ERROR:2025-10-30 14:33:01,951:No transcript record found for Q8IW93 in gnomAD.
INFO:2025-10-30 14:33:01,952:Processing Q8IWA0 with model AF-Q8IWA0-F1-model_v4.pdb
INFO:2025-10-30 14:33:02,055:Computing HSC features for: Q8IWA0, ENST00000314761, ../Ntranos_Rotation/ESM-SaProt/AF-Q8IWA0-F1-model_v4.pdb.gz
INFO:2025-10-30 14:34:09,409:Successfully computed HSC for Q8IWA0.
INFO:2025-10-30 14:34:09,409:Processing Q8IWA4 with model AF-Q8IWA4-F1-model_v4.pdb
INFO:2025-10-30 14:34:09,582:Computing HSC features for: Q8IWA4, ENST00000263969, ../Ntranos_Rotation/ESM-SaProt/AF-Q8IWA4-F1-model_v4.pdb.gz
INFO:2025-10-30 14:35:05,607:Successfully computed HSC for Q8IWA4.
INFO:2025-10-30 14:35:05,607:Processing Q8IWA5 with model AF-Q8IWA5-F1-model_v4.pdb
INFO:2025-10-30 14:35:05,695:Computing HSC features for: Q8IWA5, ENST00000335757, ../Ntranos_Rotation/ESM-SaProt/AF-Q8IWA5-F1-model_v4.pdb.gz
INFO:2025-10-30 14:36:19,892:Successfully computed HSC for Q8IWA5.
INFO:2025-10-30 14:36:19,892:Processing Q8IWA6 with model AF-Q8IWA6-F1-model_v4.pdb
INFO:2025-10-30 14:36:20,014:Computing HSC features for: Q8IWA6, ENST00000327554, ../Ntranos_Rotation/ESM-SaProt/AF-Q8IWA6-F1-model_v4.pdb.gz
INFO:2025-10-30 14:37:14,911:Successfully computed HSC for Q8IWA6.
INFO:2025-10-30 14:37:14,911:Processing Q8IWB1 with model AF-Q8IWB1-F1-model_v4.pdb
INFO:2025-10-30 14:37:14,997:Computing HSC features for: Q8IWB1, ENST00000278071, ../Ntranos_Rotation/ESM-SaProt/AF-Q8IWB1-F1-model_v4.pdb.gz
INFO:2025-10-30 14:38:56,926:Successfully computed HSC for Q8IWB1.
INFO:2025-10-30 14:38:56,926:Processing Q8IWB4 with model AF-Q8IWB4-F1-model_v4.pdb
ERROR:2025-10-30 14:38:57,222:No transcript record found for Q8IWB4 in gnomAD.
INFO:2025-10-30 14:38:57,223:Processing Q8IWB6 with model AF-Q8IWB6-F1-model_v4.pdb
INFO:2025-10-30 14:38:57,541:Computing HSC features for: Q8IWB6, ENST00000240361, ../Ntranos_Rotation/ESM-SaProt/AF-Q8IWB6-F1-model_v4.pdb.gz
INFO:2025-10-30 14:41:49,458:Successfully computed HSC for Q8IWB6.
INFO:2025-10-30 14:41:49,458:Processing Q8IWB7 with model AF-Q8IWB7-F1-model_v4.pdb
INFO:2025-10-30 14:41:49,529:Computing HSC features for: Q8IWB7, ENST00000233055, ../Ntranos_Rotation/ESM-SaProt/AF-Q8IWB7-F1-model_v4.pdb.gz
INFO:2025-10-30 14:42:59,691:Successfully computed HSC for Q8IWB7.
INFO:2025-10-30 14:42:59,691:Processing Q8IWB9 with model AF-Q8IWB9-F1-model_v4.pdb
INFO:2025-10-30 14:42:59,898:Computing HSC features for: Q8IWB9, ENST00000583097, ../Ntranos_Rotation/ESM-SaProt/AF-Q8IWB9-F1-model_v4.pdb.gz
INFO:2025-10-30 14:44:56,207:Successfully computed HSC for Q8IWB9.
INFO:2025-10-30 14:44:56,207:Processing Q8IWC1 with model AF-Q8IWC1-F1-model_v4.pdb
INFO:2025-10-30 14:44:56,308:Computing HSC features for: Q8IWC1, ENST00000316077, ../Ntranos_Rotation/ESM-SaProt/AF-Q8IWC1-F1-model_v4.pdb.gz
INFO:2025-10-30 14:47:11,709:Successfully computed HSC for Q8IWC1.
INFO:2025-10-30 14:47:11,710:Processing Q8IWD4 with model AF-Q8IWD4-F1-model_v4.pdb
INFO:2025-10-30 14:47:11,819:Computing HSC features for: Q8IWD4, ENST00000249064, ../Ntranos_Rotation/ESM-SaProt/AF-Q8IWD4-F1-model_v4.pdb.gz
INFO:2025-10-30 14:47:43,699:Successfully computed HSC for Q8IWD4.
INFO:2025-10-30 14:47:43,699:Processing Q8IWD5 with model AF-Q8IWD5-F1-model_v4.pdb
INFO:2025-10-30 14:47:43,838:Computing HSC features for: Q8IWD5, ENST00000329805, ../Ntranos_Rotation/ESM-SaProt/AF-Q8IWD5-F1-model_v4.pdb.gz
INFO:2025-10-30 14:48:46,093:Successfully computed HSC for Q8IWD5.
INFO:2025-10-30 14:48:46,093:Processing Q8IWE2 with model AF-Q8IWE2-F1-model_v4.pdb
INFO:2025-10-30 14:48:46,397:Computing HSC features for: Q8IWE2, ENST00000358869, ../Ntranos_Rotation/ESM-SaProt/AF-Q8IWE2-F1-model_v4.pdb.gz
INFO:2025-10-30 14:49:42,590:Successfully computed HSC for Q8IWE2.
INFO:2025-10-30 14:49:42,590:Processing Q8IWE4 with model AF-Q8IWE4-F1-model_v4.pdb
INFO:2025-10-30 14:49:42,641:Computing HSC features for: Q8IWE4, ENST00000324344, ../Ntranos_Rotation/ESM-SaProt/AF-Q8IWE4-F1-model_v4.pdb.gz
INFO:2025-10-30 14:50:10,253:Successfully computed HSC for Q8IWE4.
INFO:2025-10-30 14:50:10,253:Processing Q8IWE5 with model AF-Q8IWE5-F1-model_v4.pdb
INFO:2025-10-30 14:50:10,382:Computing HSC features for: Q8IWE5, ENST00000375799, ../Ntranos_Rotation/ESM-SaProt/AF-Q8IWE5-F1-model_v4.pdb.gz
INFO:2025-10-30 14:52:03,620:Successfully computed HSC for Q8IWE5.
INFO:2025-10-30 14:52:03,620:Processing Q8IZQ1 with model AF-Q8IZQ1-F9-model_v4.pdb
ERROR:2025-10-30 14:52:03,887:No valid CDS found for Q8IZQ1
INFO:2025-10-30 14:52:03,887:Processing Q8IZQ8 with model AF-Q8IZQ8-F1-model_v4.pdb
INFO:2025-10-30 14:52:04,003:Computing HSC features for: Q8IZQ8, ENST00000343344, ../Ntranos_Rotation/ESM-SaProt/AF-Q8IZQ8-F1-model_v4.pdb.gz
INFO:2025-10-30 14:53:26,695:Successfully computed HSC for Q8IZQ8.
INFO:2025-10-30 14:53:26,695:Processing Q8IZR5 with model AF-Q8IZR5-F1-model_v4.pdb
INFO:2025-10-30 14:53:26,786:Computing HSC features for: Q8IZR5, ENST00000330687, ../Ntranos_Rotation/ESM-SaProt/AF-Q8IZR5-F1-model_v4.pdb.gz
INFO:2025-10-30 14:53:58,597:Successfully computed HSC for Q8IZR5.
INFO:2025-10-30 14:53:58,597:Processing Q8IZS5 with model AF-Q8IZS5-F1-model_v4.pdb
ERROR:2025-10-30 14:53:58,678:No ENST transcript IDs were mapped to Q8IZS5
INFO:2025-10-30 14:53:58,678:Processing Q8IZS6 with model AF-Q8IZS6-F1-model_v4.pdb
INFO:2025-10-30 14:53:58,817:Computing HSC features for: Q8IZS6, ENST00000366774, ../Ntranos_Rotation/ESM-SaProt/AF-Q8IZS6-F1-model_v4.pdb.gz
INFO:2025-10-30 14:54:16,801:Successfully computed HSC for Q8IZS6.
INFO:2025-10-30 14:54:16,802:Processing Q8IZF0 with model AF-Q8IZF0-F1-model_v4.pdb
INFO:2025-10-30 14:54:17,006:Computing HSC features for: Q8IZF0, ENST00000251127, ../Ntranos_Rotation/ESM-SaProt/AF-Q8IZF0-F1-model_v4.pdb.gz
INFO:2025-10-30 14:57:03,096:Successfully computed HSC for Q8IZF0.
INFO:2025-10-30 14:57:03,096:Processing Q8IZF2 with model AF-Q8IZF2-F1-model_v4.pdb
INFO:2025-10-30 14:57:03,310:Computing HSC features for: Q8IZF2, ENST00000265417, ../Ntranos_Rotation/ESM-SaProt/AF-Q8IZF2-F1-model_v4.pdb.gz
INFO:2025-10-30 14:58:57,594:Successfully computed HSC for Q8IZF2.
INFO:2025-10-30 14:58:57,594:Processing Q8IZF3 with model AF-Q8IZF3-F1-model_v4.pdb
INFO:2025-10-30 14:58:57,680:Computing HSC features for: Q8IZF3, ENST00000283303, ../Ntranos_Rotation/ESM-SaProt/AF-Q8IZF3-F1-model_v4.pdb.gz
INFO:2025-10-30 14:59:51,740:Successfully computed HSC for Q8IZF3.
INFO:2025-10-30 14:59:51,740:Processing Q8IZF4 with model AF-Q8IZF4-F1-model_v4.pdb
INFO:2025-10-30 14:59:51,855:Computing HSC features for: Q8IZF4, ENST00000340339, ../Ntranos_Rotation/ESM-SaProt/AF-Q8IZF4-F1-model_v4.pdb.gz
INFO:2025-10-30 15:01:11,203:Successfully computed HSC for Q8IZF4.
INFO:2025-10-30 15:01:11,203:Processing Q8IZF5 with model AF-Q8IZF5-F1-model_v4.pdb
INFO:2025-10-30 15:01:11,393:Computing HSC features for: Q8IZF5, ENST00000311519, ../Ntranos_Rotation/ESM-SaProt/AF-Q8IZF5-F1-model_v4.pdb.gz
INFO:2025-10-30 15:03:14,263:Successfully computed HSC for Q8IZF5.
INFO:2025-10-30 15:03:14,263:Processing Q8IZF6 with model AF-Q8IZF6-F1-model_v4.pdb
ERROR:2025-10-30 15:03:14,418:No valid CDS found for Q8IZF6
INFO:2025-10-30 15:03:14,418:Processing Q8IZF7 with model AF-Q8IZF7-F1-model_v4.pdb
ERROR:2025-10-30 15:03:14,575:No ENST transcript IDs were mapped to Q8IZF7
INFO:2025-10-30 15:03:14,575:Processing Q8IZH2 with model AF-Q8IZH2-F1-model_v4.pdb
INFO:2025-10-30 15:03:14,909:Computing HSC features for: Q8IZH2, ENST00000264951, ../Ntranos_Rotation/ESM-SaProt/AF-Q8IZH2-F1-model_v4.pdb.gz
INFO:2025-10-30 15:06:19,554:Successfully computed HSC for Q8IZH2.
INFO:2025-10-30 15:06:19,554:Processing Q8IZI9 with model AF-Q8IZI9-F1-model_v4.pdb
ERROR:2025-10-30 15:06:19,610:No transcript record found for Q8IZI9 in gnomAD.
INFO:2025-10-30 15:06:19,610:Processing Q8IZJ0 with model AF-Q8IZJ0-F1-model_v4.pdb
ERROR:2025-10-30 15:06:19,663:No transcript record found for Q8IZJ0 in gnomAD.
INFO:2025-10-30 15:06:19,663:Processing Q8IZJ1 with model AF-Q8IZJ1-F1-model_v4.pdb
INFO:2025-10-30 15:06:19,837:Computing HSC features for: Q8IZJ1, ENST00000335350, ../Ntranos_Rotation/ESM-SaProt/AF-Q8IZJ1-F1-model_v4.pdb.gz
INFO:2025-10-30 15:08:34,714:Successfully computed HSC for Q8IZJ1.
INFO:2025-10-30 15:08:34,715:Processing Q8IZJ3 with model AF-Q8IZJ3-F1-model_v4.pdb
INFO:2025-10-30 15:08:35,209:Computing HSC features for: Q8IZJ3, ENST00000443236, ../Ntranos_Rotation/ESM-SaProt/AF-Q8IZJ3-F1-model_v4.pdb.gz
INFO:2025-10-30 15:12:22,458:Successfully computed HSC for Q8IZJ3.
INFO:2025-10-30 15:12:22,458:Processing Q8IZJ4 with model AF-Q8IZJ4-F1-model_v4.pdb
INFO:2025-10-30 15:12:22,561:Computing HSC features for: Q8IZJ4, ENST00000290691, ../Ntranos_Rotation/ESM-SaProt/AF-Q8IZJ4-F1-model_v4.pdb.gz
INFO:2025-10-30 15:13:06,225:Successfully computed HSC for Q8IZJ4.
INFO:2025-10-30 15:13:06,225:Processing Q8IZJ6 with model AF-Q8IZJ6-F1-model_v4.pdb
ERROR:2025-10-30 15:13:06,266:No ENST transcript IDs were mapped to Q8IZJ6
INFO:2025-10-30 15:13:06,266:Processing Q8IZK6 with model AF-Q8IZK6-F1-model_v4.pdb
INFO:2025-10-30 15:13:06,386:Computing HSC features for: Q8IZK6, ENST00000370608, ../Ntranos_Rotation/ESM-SaProt/AF-Q8IZK6-F1-model_v4.pdb.gz
INFO:2025-10-30 15:13:51,709:Successfully computed HSC for Q8IZK6.
INFO:2025-10-30 15:13:51,709:Processing Q8IZL2 with model AF-Q8IZL2-F1-model_v4.pdb
INFO:2025-10-30 15:13:51,967:Computing HSC features for: Q8IZL2, ENST00000524717, ../Ntranos_Rotation/ESM-SaProt/AF-Q8IZL2-F1-model_v4.pdb.gz
INFO:2025-10-30 15:16:28,538:Successfully computed HSC for Q8IZL2.
INFO:2025-10-30 15:16:28,539:Processing Q8IZL8 with model AF-Q8IZL8-F1-model_v4.pdb
INFO:2025-10-30 15:16:28,754:Computing HSC features for: Q8IZL8, ENST00000572293, ../Ntranos_Rotation/ESM-SaProt/AF-Q8IZL8-F1-model_v4.pdb.gz
INFO:2025-10-30 15:18:26,304:Successfully computed HSC for Q8IZL8.
INFO:2025-10-30 15:18:26,304:Processing Q8IZL9 with model AF-Q8IZL9-F1-model_v4.pdb
INFO:2025-10-30 15:18:26,563:Computing HSC features for: Q8IZL9, ENST00000325303, ../Ntranos_Rotation/ESM-SaProt/AF-Q8IZL9-F1-model_v4.pdb.gz
INFO:2025-10-30 15:19:23,495:Successfully computed HSC for Q8IZL9.
INFO:2025-10-30 15:19:23,495:Processing Q8IZM0 with model AF-Q8IZM0-F1-model_v4.pdb
ERROR:2025-10-30 15:19:23,530:No ENST transcript IDs were mapped to Q8IZM0
INFO:2025-10-30 15:19:23,530:Processing Q8IZM8 with model AF-Q8IZM8-F1-model_v4.pdb
ERROR:2025-10-30 15:19:23,650:No valid CDS found for Q8IZM8
INFO:2025-10-30 15:19:23,651:Processing Q8IZM9 with model AF-Q8IZM9-F1-model_v4.pdb
INFO:2025-10-30 15:19:23,749:Computing HSC features for: Q8IZM9, ENST00000267488, ../Ntranos_Rotation/ESM-SaProt/AF-Q8IZM9-F1-model_v4.pdb.gz
INFO:2025-10-30 15:20:13,055:Successfully computed HSC for Q8IZM9.
INFO:2025-10-30 15:20:13,055:Processing Q8IZN3 with model AF-Q8IZN3-F1-model_v4.pdb
INFO:2025-10-30 15:20:13,127:Computing HSC features for: Q8IZN3, ENST00000359775, ../Ntranos_Rotation/ESM-SaProt/AF-Q8IZN3-F1-model_v4.pdb.gz
INFO:2025-10-30 15:21:11,541:Successfully computed HSC for Q8IZN3.
INFO:2025-10-30 15:21:11,541:Processing Q8IZN7 with model AF-Q8IZN7-F1-model_v4.pdb
INFO:2025-10-30 15:21:11,575:Computing HSC features for: Q8IZN7, ENST00000355602, ../Ntranos_Rotation/ESM-SaProt/AF-Q8IZN7-F1-model_v4.pdb.gz
ERROR:2025-10-30 15:21:11,591:Missing ENST record in counts: ENST00000355602
INFO:2025-10-30 15:21:11,591:Processing Q8IZP0 with model AF-Q8IZP0-F1-model_v4.pdb
INFO:2025-10-30 15:21:11,656:Computing HSC features for: Q8IZP0, ENST00000376142, ../Ntranos_Rotation/ESM-SaProt/AF-Q8IZP0-F1-model_v4.pdb.gz
INFO:2025-10-30 15:21:51,797:Successfully computed HSC for Q8IZP0.
INFO:2025-10-30 15:21:51,797:Pipeline completed.
INFO:2025-10-30 15:21:51,797:no_enst_for_uniprot: 4
INFO:2025-10-30 15:21:51,797:no_valid_cds: 3
INFO:2025-10-30 15:21:51,797:no_variant_data: 4
INFO:2025-10-30 15:21:51,797:bad_structure: 0
INFO:2025-10-30 15:21:51,797:no_enst_mp: 1
