INFO:2025-10-30 14:47:01,722:Starting HSC computation pipeline...
INFO:2025-10-30 14:48:00,476:Processing Q9HCE9 with model AF-Q9HCE9-F1-model_v4.pdb
INFO:2025-10-30 14:48:00,708:Computing HSC features for: Q9HCE9, ENST00000159087, ../Ntranos_Rotation/ESM-SaProt/AF-Q9HCE9-F1-model_v4.pdb.gz
INFO:2025-10-30 14:52:01,343:Successfully computed HSC for Q9HCE9.
INFO:2025-10-30 14:52:01,343:Processing Q9HCF6 with model AF-Q9HCF6-F1-model_v4.pdb
ERROR:2025-10-30 14:52:01,584:No valid CDS found for Q9HCF6
INFO:2025-10-30 14:52:01,584:Processing Q9HCG1 with model AF-Q9HCG1-F1-model_v4.pdb
INFO:2025-10-30 14:52:01,736:Computing HSC features for: Q9HCG1, ENST00000418871, ../Ntranos_Rotation/ESM-SaProt/AF-Q9HCG1-F1-model_v4.pdb.gz
INFO:2025-10-30 14:53:01,542:Successfully computed HSC for Q9HCG1.
INFO:2025-10-30 14:53:01,542:Processing Q9HCG7 with model AF-Q9HCG7-F1-model_v4.pdb
INFO:2025-10-30 14:53:01,749:Computing HSC features for: Q9HCG7, ENST00000378103, ../Ntranos_Rotation/ESM-SaProt/AF-Q9HCG7-F1-model_v4.pdb.gz
INFO:2025-10-30 14:54:27,899:Successfully computed HSC for Q9HCG7.
INFO:2025-10-30 14:54:27,899:Processing Q9HCG8 with model AF-Q9HCG8-F1-model_v4.pdb
INFO:2025-10-30 14:54:28,007:Computing HSC features for: Q9HCG8, ENST00000410053, ../Ntranos_Rotation/ESM-SaProt/AF-Q9HCG8-F1-model_v4.pdb.gz
INFO:2025-10-30 14:55:35,842:Successfully computed HSC for Q9HCG8.
INFO:2025-10-30 14:55:35,842:Processing Q9HCH0 with model AF-Q9HCH0-F1-model_v4.pdb
INFO:2025-10-30 14:55:35,989:Computing HSC features for: Q9HCH0, ENST00000335999, ../Ntranos_Rotation/ESM-SaProt/AF-Q9HCH0-F1-model_v4.pdb.gz
INFO:2025-10-30 14:57:43,386:Successfully computed HSC for Q9HCH0.
INFO:2025-10-30 14:57:43,386:Processing Q9HCH3 with model AF-Q9HCH3-F1-model_v4.pdb
INFO:2025-10-30 14:57:43,476:Computing HSC features for: Q9HCH3, ENST00000244751, ../Ntranos_Rotation/ESM-SaProt/AF-Q9HCH3-F1-model_v4.pdb.gz
INFO:2025-10-30 14:58:51,099:Successfully computed HSC for Q9HCH3.
INFO:2025-10-30 14:58:51,099:Processing Q9HCH5 with model AF-Q9HCH5-F1-model_v4.pdb
INFO:2025-10-30 14:58:51,207:Computing HSC features for: Q9HCH5, ENST00000528231, ../Ntranos_Rotation/ESM-SaProt/AF-Q9HCH5-F1-model_v4.pdb.gz
INFO:2025-10-30 14:59:55,411:Successfully computed HSC for Q9HCH5.
INFO:2025-10-30 14:59:55,411:Processing Q9HCI5 with model AF-Q9HCI5-F1-model_v4.pdb
INFO:2025-10-30 14:59:55,584:Computing HSC features for: Q9HCI5, ENST00000361470, ../Ntranos_Rotation/ESM-SaProt/AF-Q9HCI5-F1-model_v4.pdb.gz
INFO:2025-10-30 15:02:49,836:Successfully computed HSC for Q9HCI5.
INFO:2025-10-30 15:02:49,836:Processing Q9HCI6 with model AF-Q9HCI6-F1-model_v4.pdb
INFO:2025-10-30 15:02:50,049:Computing HSC features for: Q9HCI6, ENST00000370733, ../Ntranos_Rotation/ESM-SaProt/AF-Q9HCI6-F1-model_v4.pdb.gz
INFO:2025-10-30 15:04:28,206:Successfully computed HSC for Q9HCI6.
INFO:2025-10-30 15:04:28,206:Processing Q9HCI7 with model AF-Q9HCI7-F1-model_v4.pdb
ERROR:2025-10-30 15:04:28,754:No transcript record found for Q9HCI7 in gnomAD.
INFO:2025-10-30 15:04:28,754:Processing Q9HCJ0 with model AF-Q9HCJ0-F1-model_v4.pdb
ERROR:2025-10-30 15:04:29,116:No transcript record found for Q9HCJ0 in gnomAD.
INFO:2025-10-30 15:04:29,116:Processing Q9HCJ1 with model AF-Q9HCJ1-F1-model_v4.pdb
INFO:2025-10-30 15:04:29,257:Computing HSC features for: Q9HCJ1, ENST00000284268, ../Ntranos_Rotation/ESM-SaProt/AF-Q9HCJ1-F1-model_v4.pdb.gz
INFO:2025-10-30 15:05:57,730:Successfully computed HSC for Q9HCJ1.
INFO:2025-10-30 15:05:57,730:Processing Q9HCJ2 with model AF-Q9HCJ2-F1-model_v4.pdb
INFO:2025-10-30 15:05:57,817:Computing HSC features for: Q9HCJ2, ENST00000278198, ../Ntranos_Rotation/ESM-SaProt/AF-Q9HCJ2-F1-model_v4.pdb.gz
INFO:2025-10-30 15:07:23,029:Successfully computed HSC for Q9HCJ2.
INFO:2025-10-30 15:07:23,029:Processing Q9HCJ3 with model AF-Q9HCJ3-F1-model_v4.pdb
INFO:2025-10-30 15:07:23,180:Computing HSC features for: Q9HCJ3, ENST00000294428, ../Ntranos_Rotation/ESM-SaProt/AF-Q9HCJ3-F1-model_v4.pdb.gz
INFO:2025-10-30 15:08:49,904:Successfully computed HSC for Q9HCJ3.
INFO:2025-10-30 15:08:49,904:Processing Q9HCJ5 with model AF-Q9HCJ5-F1-model_v4.pdb
INFO:2025-10-30 15:08:50,077:Computing HSC features for: Q9HCJ5, ENST00000252744, ../Ntranos_Rotation/ESM-SaProt/AF-Q9HCJ5-F1-model_v4.pdb.gz
INFO:2025-10-30 15:12:17,629:Successfully computed HSC for Q9HCJ5.
INFO:2025-10-30 15:12:17,629:Processing Q9HCJ6 with model AF-Q9HCJ6-F1-model_v4.pdb
INFO:2025-10-30 15:12:17,726:Computing HSC features for: Q9HCJ6, ENST00000302536, ../Ntranos_Rotation/ESM-SaProt/AF-Q9HCJ6-F1-model_v4.pdb.gz
INFO:2025-10-30 15:13:08,954:Successfully computed HSC for Q9HCJ6.
INFO:2025-10-30 15:13:08,954:Processing Q9HCK0 with model AF-Q9HCK0-F1-model_v4.pdb
INFO:2025-10-30 15:13:09,049:Computing HSC features for: Q9HCK0, ENST00000373654, ../Ntranos_Rotation/ESM-SaProt/AF-Q9HCK0-F1-model_v4.pdb.gz
INFO:2025-10-30 15:13:42,603:Successfully computed HSC for Q9HCK0.
INFO:2025-10-30 15:13:42,603:Processing Q9HCK1 with model AF-Q9HCK1-F1-model_v4.pdb
INFO:2025-10-30 15:13:43,089:Computing HSC features for: Q9HCK1, ENST00000374423, ../Ntranos_Rotation/ESM-SaProt/AF-Q9HCK1-F1-model_v4.pdb.gz
INFO:2025-10-30 15:17:28,890:Successfully computed HSC for Q9HCK1.
INFO:2025-10-30 15:17:28,890:Processing Q9HCK4 with model AF-Q9HCK4-F1-model_v4.pdb
INFO:2025-10-30 15:17:29,042:Computing HSC features for: Q9HCK4, ENST00000461745, ../Ntranos_Rotation/ESM-SaProt/AF-Q9HCK4-F1-model_v4.pdb.gz
INFO:2025-10-30 15:19:21,701:Successfully computed HSC for Q9HCK4.
INFO:2025-10-30 15:19:21,701:Processing Q9HCK5 with model AF-Q9HCK5-F1-model_v4.pdb
INFO:2025-10-30 15:19:21,808:Computing HSC features for: Q9HCK5, ENST00000373210, ../Ntranos_Rotation/ESM-SaProt/AF-Q9HCK5-F1-model_v4.pdb.gz
INFO:2025-10-30 15:20:29,365:Successfully computed HSC for Q9HCK5.
INFO:2025-10-30 15:20:29,365:Processing Q9HCK8 with model AF-Q9HCK8-F1-model_v4.pdb
INFO:2025-10-30 15:20:29,646:Computing HSC features for: Q9HCK8, ENST00000557364, ../Ntranos_Rotation/ESM-SaProt/AF-Q9HCK8-F1-model_v4.pdb.gz
INFO:2025-10-30 15:25:33,267:Successfully computed HSC for Q9HCK8.
INFO:2025-10-30 15:25:33,267:Processing Q9HCL0 with model AF-Q9HCL0-F1-model_v4.pdb
INFO:2025-10-30 15:25:33,523:Computing HSC features for: Q9HCL0, ENST00000344876, ../Ntranos_Rotation/ESM-SaProt/AF-Q9HCL0-F1-model_v4.pdb.gz
INFO:2025-10-30 15:27:47,823:Successfully computed HSC for Q9HCL0.
INFO:2025-10-30 15:27:47,823:Processing Q9HCL2 with model AF-Q9HCL2-F1-model_v4.pdb
INFO:2025-10-30 15:27:47,983:Computing HSC features for: Q9HCL2, ENST00000348367, ../Ntranos_Rotation/ESM-SaProt/AF-Q9HCL2-F1-model_v4.pdb.gz
INFO:2025-10-30 15:29:25,042:Successfully computed HSC for Q9HCL2.
INFO:2025-10-30 15:29:25,043:Processing Q9HCL3 with model AF-Q9HCL3-F1-model_v4.pdb
INFO:2025-10-30 15:29:25,164:Computing HSC features for: Q9HCL3, ENST00000270001, ../Ntranos_Rotation/ESM-SaProt/AF-Q9HCL3-F1-model_v4.pdb.gz
INFO:2025-10-30 15:30:22,357:Successfully computed HSC for Q9HCL3.
INFO:2025-10-30 15:30:22,357:Processing Q9HCM1 with model AF-Q9HCM1-F1-model_v4.pdb
INFO:2025-10-30 15:30:22,669:Computing HSC features for: Q9HCM1, ENST00000312561, ../Ntranos_Rotation/ESM-SaProt/AF-Q9HCM1-F1-model_v4.pdb.gz
INFO:2025-10-30 15:33:23,129:Successfully computed HSC for Q9HCM1.
INFO:2025-10-30 15:33:23,129:Processing Q9HCM2 with model AF-Q9HCM2-F1-model_v4.pdb
INFO:2025-10-30 15:33:23,468:Computing HSC features for: Q9HCM2, ENST00000321063, ../Ntranos_Rotation/ESM-SaProt/AF-Q9HCM2-F1-model_v4.pdb.gz
INFO:2025-10-30 15:37:03,457:Successfully computed HSC for Q9HCM2.
INFO:2025-10-30 15:37:03,457:Processing Q9HCM3 with model AF-Q9HCM3-F1-model_v4.pdb
INFO:2025-10-30 15:37:03,778:Computing HSC features for: Q9HCM3, ENST00000422774, ../Ntranos_Rotation/ESM-SaProt/AF-Q9HCM3-F1-model_v4.pdb.gz
INFO:2025-10-30 15:40:28,460:Successfully computed HSC for Q9HCM3.
INFO:2025-10-30 15:40:28,460:Processing Q9HCM4 with model AF-Q9HCM4-F1-model_v4.pdb
INFO:2025-10-30 15:40:28,554:Computing HSC features for: Q9HCM4, ENST00000263713, ../Ntranos_Rotation/ESM-SaProt/AF-Q9HCM4-F1-model_v4.pdb.gz
INFO:2025-10-30 15:41:22,844:Successfully computed HSC for Q9HCM4.
INFO:2025-10-30 15:41:22,844:Processing Q9HCM7 with model AF-Q9HCM7-F1-model_v4.pdb
INFO:2025-10-30 15:41:22,993:Computing HSC features for: Q9HCM7, ENST00000434748, ../Ntranos_Rotation/ESM-SaProt/AF-Q9HCM7-F1-model_v4.pdb.gz
INFO:2025-10-30 15:45:20,076:Successfully computed HSC for Q9HCM7.
INFO:2025-10-30 15:45:20,076:Processing Q9HCM9 with model AF-Q9HCM9-F1-model_v4.pdb
INFO:2025-10-30 15:45:20,169:Computing HSC features for: Q9HCM9, ENST00000376656, ../Ntranos_Rotation/ESM-SaProt/AF-Q9HCM9-F1-model_v4.pdb.gz
INFO:2025-10-30 15:46:06,474:Successfully computed HSC for Q9HCM9.
INFO:2025-10-30 15:46:06,475:Processing Q9HCN2 with model AF-Q9HCN2-F1-model_v4.pdb
INFO:2025-10-30 15:46:06,507:Computing HSC features for: Q9HCN2, ENST00000531399, ../Ntranos_Rotation/ESM-SaProt/AF-Q9HCN2-F1-model_v4.pdb.gz
INFO:2025-10-30 15:46:16,611:Successfully computed HSC for Q9HCN2.
INFO:2025-10-30 15:46:16,611:Processing Q9HCN3 with model AF-Q9HCN3-F1-model_v4.pdb
INFO:2025-10-30 15:46:16,733:Computing HSC features for: Q9HCN3, ENST00000431232, ../Ntranos_Rotation/ESM-SaProt/AF-Q9HCN3-F1-model_v4.pdb.gz
INFO:2025-10-30 15:47:48,535:Successfully computed HSC for Q9HCN3.
INFO:2025-10-30 15:47:48,536:Processing Q9HCN4 with model AF-Q9HCN4-F1-model_v4.pdb
INFO:2025-10-30 15:47:48,596:Computing HSC features for: Q9HCN4, ENST00000610189, ../Ntranos_Rotation/ESM-SaProt/AF-Q9HCN4-F1-model_v4.pdb.gz
INFO:2025-10-30 15:48:18,936:Successfully computed HSC for Q9HCN4.
INFO:2025-10-30 15:48:18,936:Processing Q9HCN6 with model AF-Q9HCN6-F1-model_v4.pdb
INFO:2025-10-30 15:48:19,035:Computing HSC features for: Q9HCN6, ENST00000417454, ../Ntranos_Rotation/ESM-SaProt/AF-Q9HCN6-F1-model_v4.pdb.gz
INFO:2025-10-30 15:48:56,493:Successfully computed HSC for Q9HCN6.
INFO:2025-10-30 15:48:56,493:Processing Q9HCN8 with model AF-Q9HCN8-F1-model_v4.pdb
INFO:2025-10-30 15:48:57,021:Computing HSC features for: Q9HCN8, ENST00000248958, ../Ntranos_Rotation/ESM-SaProt/AF-Q9HCN8-F1-model_v4.pdb.gz
INFO:2025-10-30 15:49:49,511:Successfully computed HSC for Q9HCN8.
INFO:2025-10-30 15:49:49,512:Processing Q9HCP0 with model AF-Q9HCP0-F1-model_v4.pdb
INFO:2025-10-30 15:49:49,636:Computing HSC features for: Q9HCP0, ENST00000303052, ../Ntranos_Rotation/ESM-SaProt/AF-Q9HCP0-F1-model_v4.pdb.gz
INFO:2025-10-30 15:50:42,003:Successfully computed HSC for Q9HCP0.
INFO:2025-10-30 15:50:42,003:Processing Q9HCP6 with model AF-Q9HCP6-F1-model_v4.pdb
INFO:2025-10-30 15:50:42,122:Computing HSC features for: Q9HCP6, ENST00000310417, ../Ntranos_Rotation/ESM-SaProt/AF-Q9HCP6-F1-model_v4.pdb.gz
INFO:2025-10-30 15:51:56,396:Successfully computed HSC for Q9HCP6.
INFO:2025-10-30 15:51:56,396:Processing Q9HCQ5 with model AF-Q9HCQ5-F1-model_v4.pdb
ERROR:2025-10-30 15:51:56,526:No valid CDS found for Q9HCQ5
INFO:2025-10-30 15:51:56,526:Processing Q9HCQ7 with model AF-Q9HCQ7-F1-model_v4.pdb
INFO:2025-10-30 15:51:56,622:Computing HSC features for: Q9HCQ7, ENST00000222674, ../Ntranos_Rotation/ESM-SaProt/AF-Q9HCQ7-F1-model_v4.pdb.gz
INFO:2025-10-30 15:52:18,565:Successfully computed HSC for Q9HCQ7.
INFO:2025-10-30 15:52:18,565:Processing Q9HCR9 with model AF-Q9HCR9-F1-model_v4.pdb
INFO:2025-10-30 15:52:18,742:Computing HSC features for: Q9HCR9, ENST00000286063, ../Ntranos_Rotation/ESM-SaProt/AF-Q9HCR9-F1-model_v4.pdb.gz
INFO:2025-10-30 15:54:23,190:Successfully computed HSC for Q9HCR9.
INFO:2025-10-30 15:54:23,190:Processing Q9HCS2 with model AF-Q9HCS2-F1-model_v4.pdb
INFO:2025-10-30 15:54:23,312:Computing HSC features for: Q9HCS2, ENST00000324632, ../Ntranos_Rotation/ESM-SaProt/AF-Q9HCS2-F1-model_v4.pdb.gz
INFO:2025-10-30 15:55:46,960:Successfully computed HSC for Q9HCS2.
INFO:2025-10-30 15:55:46,960:Processing Q9HCS4 with model AF-Q9HCS4-F1-model_v4.pdb
ERROR:2025-10-30 15:55:47,118:No transcript record found for Q9HCS4 in gnomAD.
INFO:2025-10-30 15:55:47,118:Processing Q9HCS5 with model AF-Q9HCS5-F1-model_v4.pdb
INFO:2025-10-30 15:55:47,299:Computing HSC features for: Q9HCS5, ENST00000261486, ../Ntranos_Rotation/ESM-SaProt/AF-Q9HCS5-F1-model_v4.pdb.gz
INFO:2025-10-30 15:56:49,662:Successfully computed HSC for Q9HCS5.
INFO:2025-10-30 15:56:49,663:Processing Q9HCS7 with model AF-Q9HCS7-F1-model_v4.pdb
INFO:2025-10-30 15:56:49,774:Computing HSC features for: Q9HCS7, ENST00000358368, ../Ntranos_Rotation/ESM-SaProt/AF-Q9HCS7-F1-model_v4.pdb.gz
INFO:2025-10-30 15:59:44,528:Successfully computed HSC for Q9HCS7.
INFO:2025-10-30 15:59:44,528:Processing Q9HCT0 with model AF-Q9HCT0-F1-model_v4.pdb
INFO:2025-10-30 15:59:44,586:Computing HSC features for: Q9HCT0, ENST00000215530, ../Ntranos_Rotation/ESM-SaProt/AF-Q9HCT0-F1-model_v4.pdb.gz
INFO:2025-10-30 16:00:22,579:Successfully computed HSC for Q9HCT0.
INFO:2025-10-30 16:00:22,579:Processing Q9HCU0 with model AF-Q9HCU0-F1-model_v4.pdb
INFO:2025-10-30 16:00:22,723:Computing HSC features for: Q9HCU0, ENST00000311330, ../Ntranos_Rotation/ESM-SaProt/AF-Q9HCU0-F1-model_v4.pdb.gz
INFO:2025-10-30 16:02:32,956:Successfully computed HSC for Q9HCU0.
INFO:2025-10-30 16:02:32,957:Processing Q9HCU4 with model AF-Q9HCU4-F1-model_v4.pdb
ERROR:2025-10-30 16:02:33,281:No valid CDS found for Q9HCU4
INFO:2025-10-30 16:02:33,282:Processing Q9NQV5 with model AF-Q9NQV5-F1-model_v4.pdb
INFO:2025-10-30 16:02:33,405:Computing HSC features for: Q9NQV5, ENST00000530656, ../Ntranos_Rotation/ESM-SaProt/AF-Q9NQV5-F1-model_v4.pdb.gz
INFO:2025-10-30 16:03:49,534:Successfully computed HSC for Q9NQV5.
INFO:2025-10-30 16:03:49,534:Processing Q9NQV6 with model AF-Q9NQV6-F1-model_v4.pdb
ERROR:2025-10-30 16:03:49,761:No valid CDS found for Q9NQV6
INFO:2025-10-30 16:03:49,762:Pipeline completed.
INFO:2025-10-30 16:03:49,762:no_enst_for_uniprot: 0
INFO:2025-10-30 16:03:49,762:no_valid_cds: 4
INFO:2025-10-30 16:03:49,762:no_variant_data: 3
INFO:2025-10-30 16:03:49,762:bad_structure: 0
INFO:2025-10-30 16:03:49,762:no_enst_mp: 0
