INFO:2025-10-30 14:48:00,754:Starting HSC computation pipeline...
INFO:2025-10-30 14:48:58,782:Processing Q9NQG6 with model AF-Q9NQG6-F1-model_v4.pdb
INFO:2025-10-30 14:48:58,952:Computing HSC features for: Q9NQG6, ENST00000325301, ../Ntranos_Rotation/ESM-SaProt/AF-Q9NQG6-F1-model_v4.pdb.gz
INFO:2025-10-30 14:49:54,231:Successfully computed HSC for Q9NQG6.
INFO:2025-10-30 14:49:54,231:Processing Q9NQG7 with model AF-Q9NQG7-F1-model_v4.pdb
ERROR:2025-10-30 14:49:54,428:No transcript record found for Q9NQG7 in gnomAD.
INFO:2025-10-30 14:49:54,428:Processing Q9NQH7 with model AF-Q9NQH7-F1-model_v4.pdb
INFO:2025-10-30 14:49:54,560:Computing HSC features for: Q9NQH7, ENST00000357137, ../Ntranos_Rotation/ESM-SaProt/AF-Q9NQH7-F1-model_v4.pdb.gz
INFO:2025-10-30 14:51:00,947:Successfully computed HSC for Q9NQH7.
INFO:2025-10-30 14:51:00,947:Processing Q9NQI0 with model AF-Q9NQI0-F1-model_v4.pdb
INFO:2025-10-30 14:51:01,148:Computing HSC features for: Q9NQI0, ENST00000505374, ../Ntranos_Rotation/ESM-SaProt/AF-Q9NQI0-F1-model_v4.pdb.gz
INFO:2025-10-30 14:52:25,112:Successfully computed HSC for Q9NQI0.
INFO:2025-10-30 14:52:25,113:Processing Q9NQL2 with model AF-Q9NQL2-F1-model_v4.pdb
INFO:2025-10-30 14:52:25,225:Computing HSC features for: Q9NQL2, ENST00000369415, ../Ntranos_Rotation/ESM-SaProt/AF-Q9NQL2-F1-model_v4.pdb.gz
INFO:2025-10-30 14:53:00,678:Successfully computed HSC for Q9NQL2.
INFO:2025-10-30 14:53:00,678:Processing Q9NQL9 with model AF-Q9NQL9-F1-model_v4.pdb
INFO:2025-10-30 14:53:00,862:Computing HSC features for: Q9NQL9, ENST00000190165, ../Ntranos_Rotation/ESM-SaProt/AF-Q9NQL9-F1-model_v4.pdb.gz
INFO:2025-10-30 14:54:38,096:Successfully computed HSC for Q9NQL9.
INFO:2025-10-30 14:54:38,096:Processing Q9NQM4 with model AF-Q9NQM4-F1-model_v4.pdb
INFO:2025-10-30 14:54:38,159:Computing HSC features for: Q9NQM4, ENST00000336387, ../Ntranos_Rotation/ESM-SaProt/AF-Q9NQM4-F1-model_v4.pdb.gz
INFO:2025-10-30 14:55:00,192:Successfully computed HSC for Q9NQM4.
INFO:2025-10-30 14:55:00,192:Processing Q9NQN1 with model AF-Q9NQN1-F1-model_v4.pdb
INFO:2025-10-30 14:55:00,437:Computing HSC features for: Q9NQN1, ENST00000341959, ../Ntranos_Rotation/ESM-SaProt/AF-Q9NQN1-F1-model_v4.pdb.gz
INFO:2025-10-30 14:55:40,775:Successfully computed HSC for Q9NQN1.
INFO:2025-10-30 14:55:40,775:Processing Q9NQP4 with model AF-Q9NQP4-F1-model_v4.pdb
INFO:2025-10-30 14:55:40,836:Computing HSC features for: Q9NQP4, ENST00000371419, ../Ntranos_Rotation/ESM-SaProt/AF-Q9NQP4-F1-model_v4.pdb.gz
INFO:2025-10-30 14:55:57,715:Successfully computed HSC for Q9NQP4.
INFO:2025-10-30 14:55:57,715:Processing Q9NQQ7 with model AF-Q9NQQ7-F1-model_v4.pdb
INFO:2025-10-30 14:55:58,093:Computing HSC features for: Q9NQQ7, ENST00000243896, ../Ntranos_Rotation/ESM-SaProt/AF-Q9NQQ7-F1-model_v4.pdb.gz
INFO:2025-10-30 14:56:54,576:Successfully computed HSC for Q9NQQ7.
INFO:2025-10-30 14:56:54,576:Processing Q9NQR1 with model AF-Q9NQR1-F1-model_v4.pdb
ERROR:2025-10-30 14:56:54,666:No valid CDS found for Q9NQR1
INFO:2025-10-30 14:56:54,666:Processing Q9NQR4 with model AF-Q9NQR4-F1-model_v4.pdb
INFO:2025-10-30 14:56:54,736:Computing HSC features for: Q9NQR4, ENST00000394140, ../Ntranos_Rotation/ESM-SaProt/AF-Q9NQR4-F1-model_v4.pdb.gz
INFO:2025-10-30 14:57:32,546:Successfully computed HSC for Q9NQR4.
INFO:2025-10-30 14:57:32,546:Processing Q9NQR7 with model AF-Q9NQR7-F1-model_v4.pdb
INFO:2025-10-30 14:57:32,703:Computing HSC features for: Q9NQR7, ENST00000599174, ../Ntranos_Rotation/ESM-SaProt/AF-Q9NQR7-F1-model_v4.pdb.gz
INFO:2025-10-30 15:00:51,140:Successfully computed HSC for Q9NQR7.
INFO:2025-10-30 15:00:51,140:Processing Q9NQR9 with model AF-Q9NQR9-F1-model_v4.pdb
INFO:2025-10-30 15:00:51,233:Computing HSC features for: Q9NQR9, ENST00000375363, ../Ntranos_Rotation/ESM-SaProt/AF-Q9NQR9-F1-model_v4.pdb.gz
INFO:2025-10-30 15:01:33,802:Successfully computed HSC for Q9NQR9.
INFO:2025-10-30 15:01:33,803:Processing Q9NQS1 with model AF-Q9NQS1-F1-model_v4.pdb
INFO:2025-10-30 15:01:33,895:Computing HSC features for: Q9NQS1, ENST00000306730, ../Ntranos_Rotation/ESM-SaProt/AF-Q9NQS1-F1-model_v4.pdb.gz
INFO:2025-10-30 15:02:36,998:Successfully computed HSC for Q9NQS1.
INFO:2025-10-30 15:02:36,998:Processing Q9NQS3 with model AF-Q9NQS3-F1-model_v4.pdb
INFO:2025-10-30 15:02:37,137:Computing HSC features for: Q9NQS3, ENST00000485303, ../Ntranos_Rotation/ESM-SaProt/AF-Q9NQS3-F1-model_v4.pdb.gz
INFO:2025-10-30 15:03:44,935:Successfully computed HSC for Q9NQS3.
INFO:2025-10-30 15:03:44,935:Processing Q9NQS5 with model AF-Q9NQS5-F1-model_v4.pdb
INFO:2025-10-30 15:03:45,029:Computing HSC features for: Q9NQS5, ENST00000267015, ../Ntranos_Rotation/ESM-SaProt/AF-Q9NQS5-F1-model_v4.pdb.gz
INFO:2025-10-30 15:04:38,698:Successfully computed HSC for Q9NQS5.
INFO:2025-10-30 15:04:38,699:Processing Q9NQS7 with model AF-Q9NQS7-F1-model_v4.pdb
INFO:2025-10-30 15:04:38,917:Computing HSC features for: Q9NQS7, ENST00000394818, ../Ntranos_Rotation/ESM-SaProt/AF-Q9NQS7-F1-model_v4.pdb.gz
INFO:2025-10-30 15:07:31,238:Successfully computed HSC for Q9NQS7.
INFO:2025-10-30 15:07:31,238:Processing Q9NQT4 with model AF-Q9NQT4-F1-model_v4.pdb
INFO:2025-10-30 15:07:31,284:Computing HSC features for: Q9NQT4, ENST00000221233, ../Ntranos_Rotation/ESM-SaProt/AF-Q9NQT4-F1-model_v4.pdb.gz
INFO:2025-10-30 15:07:59,990:Successfully computed HSC for Q9NQT4.
INFO:2025-10-30 15:07:59,991:Processing Q9NQT5 with model AF-Q9NQT5-F1-model_v4.pdb
INFO:2025-10-30 15:08:00,034:Computing HSC features for: Q9NQT5, ENST00000327304, ../Ntranos_Rotation/ESM-SaProt/AF-Q9NQT5-F1-model_v4.pdb.gz
INFO:2025-10-30 15:08:29,073:Successfully computed HSC for Q9NQT5.
INFO:2025-10-30 15:08:29,073:Processing Q9NQT6 with model AF-Q9NQT6-F1-model_v4.pdb
INFO:2025-10-30 15:08:29,159:Computing HSC features for: Q9NQT6, ENST00000265825, ../Ntranos_Rotation/ESM-SaProt/AF-Q9NQT6-F1-model_v4.pdb.gz
INFO:2025-10-30 15:09:16,811:Successfully computed HSC for Q9NQT6.
INFO:2025-10-30 15:09:16,811:Processing Q9NQT8 with model AF-Q9NQT8-F1-model_v4.pdb
INFO:2025-10-30 15:09:17,004:Computing HSC features for: Q9NQT8, ENST00000524189, ../Ntranos_Rotation/ESM-SaProt/AF-Q9NQT8-F1-model_v4.pdb.gz
INFO:2025-10-30 15:12:14,791:Successfully computed HSC for Q9NQT8.
INFO:2025-10-30 15:12:14,791:Processing Q9NQU5 with model AF-Q9NQU5-F1-model_v4.pdb
INFO:2025-10-30 15:12:14,919:Computing HSC features for: Q9NQU5, ENST00000260404, ../Ntranos_Rotation/ESM-SaProt/AF-Q9NQU5-F1-model_v4.pdb.gz
INFO:2025-10-30 15:13:24,793:Successfully computed HSC for Q9NQU5.
INFO:2025-10-30 15:13:24,793:Processing Q9HCU5 with model AF-Q9HCU5-F1-model_v4.pdb
INFO:2025-10-30 15:13:24,856:Computing HSC features for: Q9HCU5, ENST00000260643, ../Ntranos_Rotation/ESM-SaProt/AF-Q9HCU5-F1-model_v4.pdb.gz
INFO:2025-10-30 15:14:05,699:Successfully computed HSC for Q9HCU5.
INFO:2025-10-30 15:14:05,699:Processing Q9HCU8 with model AF-Q9HCU8-F1-model_v4.pdb
INFO:2025-10-30 15:14:05,744:Computing HSC features for: Q9HCU8, ENST00000312419, ../Ntranos_Rotation/ESM-SaProt/AF-Q9HCU8-F1-model_v4.pdb.gz
INFO:2025-10-30 15:14:17,929:Successfully computed HSC for Q9HCU8.
INFO:2025-10-30 15:14:17,929:Processing Q9HCU9 with model AF-Q9HCU9-F1-model_v4.pdb
INFO:2025-10-30 15:14:17,975:Computing HSC features for: Q9HCU9, ENST00000359957, ../Ntranos_Rotation/ESM-SaProt/AF-Q9HCU9-F1-model_v4.pdb.gz
INFO:2025-10-30 15:14:40,187:Successfully computed HSC for Q9HCU9.
INFO:2025-10-30 15:14:40,187:Processing Q9HCX3 with model AF-Q9HCX3-F1-model_v4.pdb
INFO:2025-10-30 15:14:40,295:Computing HSC features for: Q9HCX3, ENST00000282286, ../Ntranos_Rotation/ESM-SaProt/AF-Q9HCX3-F1-model_v4.pdb.gz
INFO:2025-10-30 15:15:46,877:Successfully computed HSC for Q9HCX3.
INFO:2025-10-30 15:15:46,878:Processing Q9NPG4 with model AF-Q9NPG4-F1-model_v4.pdb
INFO:2025-10-30 15:15:47,029:Computing HSC features for: Q9NPG4, ENST00000231484, ../Ntranos_Rotation/ESM-SaProt/AF-Q9NPG4-F1-model_v4.pdb.gz
INFO:2025-10-30 15:17:31,048:Successfully computed HSC for Q9NPG4.
INFO:2025-10-30 15:17:31,048:Processing Q9NPG8 with model AF-Q9NPG8-F1-model_v4.pdb
INFO:2025-10-30 15:17:31,114:Computing HSC features for: Q9NPG8, ENST00000335965, ../Ntranos_Rotation/ESM-SaProt/AF-Q9NPG8-F1-model_v4.pdb.gz
INFO:2025-10-30 15:18:01,349:Successfully computed HSC for Q9NPG8.
INFO:2025-10-30 15:18:01,349:Processing Q9NPH0 with model AF-Q9NPH0-F1-model_v4.pdb
ERROR:2025-10-30 15:18:01,421:No transcript record found for Q9NPH0 in gnomAD.
INFO:2025-10-30 15:18:01,421:Processing Q9NPH2 with model AF-Q9NPH2-F1-model_v4.pdb
INFO:2025-10-30 15:18:01,530:Computing HSC features for: Q9NPH2, ENST00000338128, ../Ntranos_Rotation/ESM-SaProt/AF-Q9NPH2-F1-model_v4.pdb.gz
INFO:2025-10-30 15:19:25,402:Successfully computed HSC for Q9NPH2.
INFO:2025-10-30 15:19:25,402:Processing Q9NPH3 with model AF-Q9NPH3-F1-model_v4.pdb
INFO:2025-10-30 15:19:25,507:Computing HSC features for: Q9NPH3, ENST00000072516, ../Ntranos_Rotation/ESM-SaProt/AF-Q9NPH3-F1-model_v4.pdb.gz
INFO:2025-10-30 15:20:09,693:Successfully computed HSC for Q9NPH3.
INFO:2025-10-30 15:20:09,693:Processing Q9NPH5 with model AF-Q9NPH5-F1-model_v4.pdb
INFO:2025-10-30 15:20:09,956:Computing HSC features for: Q9NPH5, ENST00000263317, ../Ntranos_Rotation/ESM-SaProt/AF-Q9NPH5-F1-model_v4.pdb.gz
INFO:2025-10-30 15:20:52,611:Successfully computed HSC for Q9NPH5.
INFO:2025-10-30 15:20:52,612:Processing Q9NPH6 with model AF-Q9NPH6-F1-model_v4.pdb
INFO:2025-10-30 15:20:52,650:Computing HSC features for: Q9NPH6, ENST00000372034, ../Ntranos_Rotation/ESM-SaProt/AF-Q9NPH6-F1-model_v4.pdb.gz
INFO:2025-10-30 15:21:09,031:Successfully computed HSC for Q9NPH6.
INFO:2025-10-30 15:21:09,031:Processing Q9NPH9 with model AF-Q9NPH9-F1-model_v4.pdb
INFO:2025-10-30 15:21:09,072:Computing HSC features for: Q9NPH9, ENST00000229134, ../Ntranos_Rotation/ESM-SaProt/AF-Q9NPH9-F1-model_v4.pdb.gz
INFO:2025-10-30 15:21:20,963:Successfully computed HSC for Q9NPH9.
INFO:2025-10-30 15:21:20,963:Processing Q9NPI0 with model AF-Q9NPI0-F1-model_v4.pdb
ERROR:2025-10-30 15:21:21,008:No transcript record found for Q9NPI0 in gnomAD.
INFO:2025-10-30 15:21:21,008:Processing Q9NPI1 with model AF-Q9NPI1-F1-model_v4.pdb
INFO:2025-10-30 15:21:21,106:Computing HSC features for: Q9NPI1, ENST00000394688, ../Ntranos_Rotation/ESM-SaProt/AF-Q9NPI1-F1-model_v4.pdb.gz
INFO:2025-10-30 15:22:30,389:Successfully computed HSC for Q9NPI1.
INFO:2025-10-30 15:22:30,390:Processing Q9NPI5 with model AF-Q9NPI5-F1-model_v4.pdb
INFO:2025-10-30 15:22:30,460:Computing HSC features for: Q9NPI5, ENST00000168977, ../Ntranos_Rotation/ESM-SaProt/AF-Q9NPI5-F1-model_v4.pdb.gz
INFO:2025-10-30 15:22:56,588:Successfully computed HSC for Q9NPI5.
INFO:2025-10-30 15:22:56,588:Processing Q9NPI6 with model AF-Q9NPI6-F1-model_v4.pdb
ERROR:2025-10-30 15:22:56,663:No transcript record found for Q9NPI6 in gnomAD.
INFO:2025-10-30 15:22:56,663:Processing Q9NPI7 with model AF-Q9NPI7-F1-model_v4.pdb
INFO:2025-10-30 15:22:56,707:Computing HSC features for: Q9NPI7, ENST00000347055, ../Ntranos_Rotation/ESM-SaProt/AF-Q9NPI7-F1-model_v4.pdb.gz
INFO:2025-10-30 15:23:15,175:Successfully computed HSC for Q9NPI7.
INFO:2025-10-30 15:23:15,175:Processing Q9NPI8 with model AF-Q9NPI8-F1-model_v4.pdb
INFO:2025-10-30 15:23:15,255:Computing HSC features for: Q9NPI8, ENST00000327470, ../Ntranos_Rotation/ESM-SaProt/AF-Q9NPI8-F1-model_v4.pdb.gz
INFO:2025-10-30 15:24:23,521:Successfully computed HSC for Q9NPI8.
INFO:2025-10-30 15:24:23,521:Processing Q9NPI9 with model AF-Q9NPI9-F1-model_v4.pdb
INFO:2025-10-30 15:24:23,615:Computing HSC features for: Q9NPI9, ENST00000283936, ../Ntranos_Rotation/ESM-SaProt/AF-Q9NPI9-F1-model_v4.pdb.gz
INFO:2025-10-30 15:25:19,064:Successfully computed HSC for Q9NPI9.
INFO:2025-10-30 15:25:19,064:Processing Q9NPJ1 with model AF-Q9NPJ1-F1-model_v4.pdb
INFO:2025-10-30 15:25:19,285:Computing HSC features for: Q9NPJ1, ENST00000347364, ../Ntranos_Rotation/ESM-SaProt/AF-Q9NPJ1-F1-model_v4.pdb.gz
INFO:2025-10-30 15:26:22,126:Successfully computed HSC for Q9NPJ1.
INFO:2025-10-30 15:26:22,126:Processing Q9NPJ3 with model AF-Q9NPJ3-F1-model_v4.pdb
INFO:2025-10-30 15:26:22,169:Computing HSC features for: Q9NPJ3, ENST00000230048, ../Ntranos_Rotation/ESM-SaProt/AF-Q9NPJ3-F1-model_v4.pdb.gz
INFO:2025-10-30 15:26:41,064:Successfully computed HSC for Q9NPJ3.
INFO:2025-10-30 15:26:41,064:Processing Q9NPJ4 with model AF-Q9NPJ4-F1-model_v4.pdb
INFO:2025-10-30 15:26:41,116:Computing HSC features for: Q9NPJ4, ENST00000334351, ../Ntranos_Rotation/ESM-SaProt/AF-Q9NPJ4-F1-model_v4.pdb.gz
INFO:2025-10-30 15:26:55,872:Successfully computed HSC for Q9NPJ4.
INFO:2025-10-30 15:26:55,872:Processing Q9NPJ6 with model AF-Q9NPJ6-F1-model_v4.pdb
INFO:2025-10-30 15:26:56,178:Computing HSC features for: Q9NPJ6, ENST00000258648, ../Ntranos_Rotation/ESM-SaProt/AF-Q9NPJ6-F1-model_v4.pdb.gz
INFO:2025-10-30 15:27:29,840:Successfully computed HSC for Q9NPJ6.
INFO:2025-10-30 15:27:29,840:Processing Q9NPJ8 with model AF-Q9NPJ8-F1-model_v4.pdb
INFO:2025-10-30 15:27:29,896:Computing HSC features for: Q9NPJ8, ENST00000372106, ../Ntranos_Rotation/ESM-SaProt/AF-Q9NPJ8-F1-model_v4.pdb.gz
INFO:2025-10-30 15:27:46,006:Successfully computed HSC for Q9NPJ8.
INFO:2025-10-30 15:27:46,006:Processing Q9NPL8 with model AF-Q9NPL8-F1-model_v4.pdb
INFO:2025-10-30 15:27:46,090:Computing HSC features for: Q9NPL8, ENST00000494664, ../Ntranos_Rotation/ESM-SaProt/AF-Q9NPL8-F1-model_v4.pdb.gz
INFO:2025-10-30 15:28:27,204:Successfully computed HSC for Q9NPL8.
INFO:2025-10-30 15:28:27,204:Processing Q9NPP4 with model AF-Q9NPP4-F1-model_v4.pdb
INFO:2025-10-30 15:28:27,399:Computing HSC features for: Q9NPP4, ENST00000360906, ../Ntranos_Rotation/ESM-SaProt/AF-Q9NPP4-F1-model_v4.pdb.gz
INFO:2025-10-30 15:30:31,482:Successfully computed HSC for Q9NPP4.
INFO:2025-10-30 15:30:31,482:Processing Q9NPQ8 with model AF-Q9NPQ8-F1-model_v4.pdb
INFO:2025-10-30 15:30:31,622:Computing HSC features for: Q9NPQ8, ENST00000526104, ../Ntranos_Rotation/ESM-SaProt/AF-Q9NPQ8-F1-model_v4.pdb.gz
INFO:2025-10-30 15:31:57,997:Successfully computed HSC for Q9NPQ8.
INFO:2025-10-30 15:31:57,997:Pipeline completed.
INFO:2025-10-30 15:31:57,997:no_enst_for_uniprot: 0
INFO:2025-10-30 15:31:57,997:no_valid_cds: 1
INFO:2025-10-30 15:31:57,997:no_variant_data: 4
INFO:2025-10-30 15:31:57,998:bad_structure: 0
INFO:2025-10-30 15:31:57,998:no_enst_mp: 0
