INFO:2025-10-30 14:59:03,801:Starting HSC computation pipeline...
INFO:2025-10-30 15:00:21,472:Processing O75688 with model AF-O75688-F1-model_v4.pdb
INFO:2025-10-30 15:00:21,612:Computing HSC features for: O75688, ENST00000282412, ../Ntranos_Rotation/ESM-SaProt/AF-O75688-F1-model_v4.pdb.gz
INFO:2025-10-30 15:01:32,496:Successfully computed HSC for O75688.
INFO:2025-10-30 15:01:32,496:Processing O75689 with model AF-O75689-F1-model_v4.pdb
INFO:2025-10-30 15:01:32,622:Computing HSC features for: O75689, ENST00000265846, ../Ntranos_Rotation/ESM-SaProt/AF-O75689-F1-model_v4.pdb.gz
INFO:2025-10-30 15:02:54,420:Successfully computed HSC for O75689.
INFO:2025-10-30 15:02:54,421:Processing O75690 with model AF-O75690-F1-model_v4.pdb
INFO:2025-10-30 15:02:54,676:Computing HSC features for: O75690, ENST00000398534, ../Ntranos_Rotation/ESM-SaProt/AF-O75690-F1-model_v4.pdb.gz
INFO:2025-10-30 15:03:17,795:Successfully computed HSC for O75690.
INFO:2025-10-30 15:03:17,795:Processing O75691 with model AF-O75691-F1-model_v4.pdb
ERROR:2025-10-30 15:03:18,069:No valid CDS found for O75691
INFO:2025-10-30 15:03:18,069:Processing O75694 with model AF-O75694-F1-model_v4.pdb
INFO:2025-10-30 15:03:18,519:Computing HSC features for: O75694, ENST00000231498, ../Ntranos_Rotation/ESM-SaProt/AF-O75694-F1-model_v4.pdb.gz
INFO:2025-10-30 15:06:01,541:Successfully computed HSC for O75694.
INFO:2025-10-30 15:06:01,541:Processing O75695 with model AF-O75695-F1-model_v4.pdb
INFO:2025-10-30 15:06:01,645:Computing HSC features for: O75695, ENST00000218340, ../Ntranos_Rotation/ESM-SaProt/AF-O75695-F1-model_v4.pdb.gz
INFO:2025-10-30 15:06:47,034:Successfully computed HSC for O75695.
INFO:2025-10-30 15:06:47,034:Processing O75711 with model AF-O75711-F1-model_v4.pdb
INFO:2025-10-30 15:06:47,102:Computing HSC features for: O75711, ENST00000296506, ../Ntranos_Rotation/ESM-SaProt/AF-O75711-F1-model_v4.pdb.gz
INFO:2025-10-30 15:06:59,592:Successfully computed HSC for O75711.
INFO:2025-10-30 15:06:59,592:Processing O75712 with model AF-O75712-F1-model_v4.pdb
INFO:2025-10-30 15:06:59,707:Computing HSC features for: O75712, ENST00000373362, ../Ntranos_Rotation/ESM-SaProt/AF-O75712-F1-model_v4.pdb.gz
INFO:2025-10-30 15:07:44,724:Successfully computed HSC for O75712.
INFO:2025-10-30 15:07:44,725:Processing O75715 with model AF-O75715-F1-model_v4.pdb
INFO:2025-10-30 15:07:44,787:Computing HSC features for: O75715, ENST00000412168, ../Ntranos_Rotation/ESM-SaProt/AF-O75715-F1-model_v4.pdb.gz
INFO:2025-10-30 15:08:03,074:Successfully computed HSC for O75715.
INFO:2025-10-30 15:08:03,075:Processing O75716 with model AF-O75716-F1-model_v4.pdb
INFO:2025-10-30 15:08:03,177:Computing HSC features for: O75716, ENST00000396738, ../Ntranos_Rotation/ESM-SaProt/AF-O75716-F1-model_v4.pdb.gz
INFO:2025-10-30 15:08:31,888:Successfully computed HSC for O75716.
INFO:2025-10-30 15:08:31,888:Processing O75717 with model AF-O75717-F1-model_v4.pdb
INFO:2025-10-30 15:08:32,036:Computing HSC features for: O75717, ENST00000360586, ../Ntranos_Rotation/ESM-SaProt/AF-O75717-F1-model_v4.pdb.gz
INFO:2025-10-30 15:10:38,329:Successfully computed HSC for O75717.
INFO:2025-10-30 15:10:38,329:Processing O75718 with model AF-O75718-F1-model_v4.pdb
INFO:2025-10-30 15:10:38,439:Computing HSC features for: O75718, ENST00000320954, ../Ntranos_Rotation/ESM-SaProt/AF-O75718-F1-model_v4.pdb.gz
INFO:2025-10-30 15:11:48,053:Successfully computed HSC for O75718.
INFO:2025-10-30 15:11:48,053:Processing O75746 with model AF-O75746-F1-model_v4.pdb
ERROR:2025-10-30 15:11:48,167:No transcript record found for O75746 in gnomAD.
INFO:2025-10-30 15:11:48,167:Processing O75747 with model AF-O75747-F1-model_v4.pdb
INFO:2025-10-30 15:11:48,336:Computing HSC features for: O75747, ENST00000433979, ../Ntranos_Rotation/ESM-SaProt/AF-O75747-F1-model_v4.pdb.gz
INFO:2025-10-30 15:13:35,665:Successfully computed HSC for O75747.
INFO:2025-10-30 15:13:35,665:Processing O75751 with model AF-O75751-F1-model_v4.pdb
INFO:2025-10-30 15:13:35,792:Computing HSC features for: O75751, ENST00000275300, ../Ntranos_Rotation/ESM-SaProt/AF-O75751-F1-model_v4.pdb.gz
INFO:2025-10-30 15:14:37,085:Successfully computed HSC for O75751.
INFO:2025-10-30 15:14:37,086:Processing O75752 with model AF-O75752-F1-model_v4.pdb
INFO:2025-10-30 15:14:37,187:Computing HSC features for: O75752, ENST00000320474, ../Ntranos_Rotation/ESM-SaProt/AF-O75752-F1-model_v4.pdb.gz
INFO:2025-10-30 15:15:20,418:Successfully computed HSC for O75752.
INFO:2025-10-30 15:15:20,418:Processing O75762 with model AF-O75762-F1-model_v4.pdb
INFO:2025-10-30 15:15:20,660:Computing HSC features for: O75762, ENST00000262209, ../Ntranos_Rotation/ESM-SaProt/AF-O75762-F1-model_v4.pdb.gz
INFO:2025-10-30 15:17:15,485:Successfully computed HSC for O75762.
INFO:2025-10-30 15:17:15,485:Processing O75764 with model AF-O75764-F1-model_v4.pdb
INFO:2025-10-30 15:17:15,547:Computing HSC features for: O75764, ENST00000450454, ../Ntranos_Rotation/ESM-SaProt/AF-O75764-F1-model_v4.pdb.gz
INFO:2025-10-30 15:17:44,839:Successfully computed HSC for O75764.
INFO:2025-10-30 15:17:44,839:Processing O75771 with model AF-O75771-F1-model_v4.pdb
INFO:2025-10-30 15:17:44,931:Computing HSC features for: O75771, ENST00000345365, ../Ntranos_Rotation/ESM-SaProt/AF-O75771-F1-model_v4.pdb.gz
INFO:2025-10-30 15:18:14,594:Successfully computed HSC for O75771.
INFO:2025-10-30 15:18:14,594:Processing O75781 with model AF-O75781-F1-model_v4.pdb
INFO:2025-10-30 15:18:14,666:Computing HSC features for: O75781, ENST00000338448, ../Ntranos_Rotation/ESM-SaProt/AF-O75781-F1-model_v4.pdb.gz
INFO:2025-10-30 15:19:44,015:Successfully computed HSC for O75781.
INFO:2025-10-30 15:19:44,015:Processing O75783 with model AF-O75783-F1-model_v4.pdb
INFO:2025-10-30 15:19:44,118:Computing HSC features for: O75783, ENST00000219551, ../Ntranos_Rotation/ESM-SaProt/AF-O75783-F1-model_v4.pdb.gz
INFO:2025-10-30 15:21:08,459:Successfully computed HSC for O75783.
INFO:2025-10-30 15:21:08,459:Processing O75787 with model AF-O75787-F1-model_v4.pdb
ERROR:2025-10-30 15:21:08,565:No transcript record found for O75787 in gnomAD.
INFO:2025-10-30 15:21:08,565:Processing O75791 with model AF-O75791-F1-model_v4.pdb
INFO:2025-10-30 15:21:08,649:Computing HSC features for: O75791, ENST00000344138, ../Ntranos_Rotation/ESM-SaProt/AF-O75791-F1-model_v4.pdb.gz
INFO:2025-10-30 15:21:57,055:Successfully computed HSC for O75791.
INFO:2025-10-30 15:21:57,056:Processing O75792 with model AF-O75792-F1-model_v4.pdb
INFO:2025-10-30 15:21:57,143:Computing HSC features for: O75792, ENST00000221486, ../Ntranos_Rotation/ESM-SaProt/AF-O75792-F1-model_v4.pdb.gz
INFO:2025-10-30 15:22:51,934:Successfully computed HSC for O75792.
INFO:2025-10-30 15:22:51,935:Processing O75794 with model AF-O75794-F1-model_v4.pdb
INFO:2025-10-30 15:22:52,021:Computing HSC features for: O75794, ENST00000281141, ../Ntranos_Rotation/ESM-SaProt/AF-O75794-F1-model_v4.pdb.gz
INFO:2025-10-30 15:23:38,151:Successfully computed HSC for O75794.
INFO:2025-10-30 15:23:38,151:Processing O75795 with model AF-O75795-F1-model_v4.pdb
INFO:2025-10-30 15:23:38,265:Computing HSC features for: O75795, ENST00000317746, ../Ntranos_Rotation/ESM-SaProt/AF-O75795-F1-model_v4.pdb.gz
INFO:2025-10-30 15:24:39,846:Successfully computed HSC for O75795.
INFO:2025-10-30 15:24:39,847:Processing O75800 with model AF-O75800-F1-model_v4.pdb
INFO:2025-10-30 15:24:39,947:Computing HSC features for: O75800, ENST00000231749, ../Ntranos_Rotation/ESM-SaProt/AF-O75800-F1-model_v4.pdb.gz
INFO:2025-10-30 15:25:42,711:Successfully computed HSC for O75800.
INFO:2025-10-30 15:25:42,711:Processing O75807 with model AF-O75807-F1-model_v4.pdb
INFO:2025-10-30 15:25:42,903:Computing HSC features for: O75807, ENST00000200453, ../Ntranos_Rotation/ESM-SaProt/AF-O75807-F1-model_v4.pdb.gz
INFO:2025-10-30 15:27:17,120:Successfully computed HSC for O75807.
INFO:2025-10-30 15:27:17,120:Processing O75808 with model AF-O75808-F1-model_v4.pdb
INFO:2025-10-30 15:27:17,325:Computing HSC features for: O75808, ENST00000219611, ../Ntranos_Rotation/ESM-SaProt/AF-O75808-F1-model_v4.pdb.gz
INFO:2025-10-30 15:29:46,795:Successfully computed HSC for O75808.
INFO:2025-10-30 15:29:46,795:Processing O75815 with model AF-O75815-F1-model_v4.pdb
INFO:2025-10-30 15:29:46,901:Computing HSC features for: O75815, ENST00000260502, ../Ntranos_Rotation/ESM-SaProt/AF-O75815-F1-model_v4.pdb.gz
INFO:2025-10-30 15:30:59,619:Successfully computed HSC for O75815.
INFO:2025-10-30 15:30:59,620:Processing O75817 with model AF-O75817-F1-model_v4.pdb
INFO:2025-10-30 15:30:59,679:Computing HSC features for: O75817, ENST00000303151, ../Ntranos_Rotation/ESM-SaProt/AF-O75817-F1-model_v4.pdb.gz
INFO:2025-10-30 15:31:20,873:Successfully computed HSC for O75817.
INFO:2025-10-30 15:31:20,873:Processing O75818 with model AF-O75818-F1-model_v4.pdb
INFO:2025-10-30 15:31:20,936:Computing HSC features for: O75818, ENST00000380051, ../Ntranos_Rotation/ESM-SaProt/AF-O75818-F1-model_v4.pdb.gz
INFO:2025-10-30 15:31:53,004:Successfully computed HSC for O75818.
INFO:2025-10-30 15:31:53,004:Processing O75820 with model AF-O75820-F1-model_v4.pdb
INFO:2025-10-30 15:31:53,151:Computing HSC features for: O75820, ENST00000339664, ../Ntranos_Rotation/ESM-SaProt/AF-O75820-F1-model_v4.pdb.gz
INFO:2025-10-30 15:32:54,791:Successfully computed HSC for O75820.
INFO:2025-10-30 15:32:54,792:Processing O75821 with model AF-O75821-F1-model_v4.pdb
INFO:2025-10-30 15:32:54,847:Computing HSC features for: O75821, ENST00000253108, ../Ntranos_Rotation/ESM-SaProt/AF-O75821-F1-model_v4.pdb.gz
INFO:2025-10-30 15:33:38,020:Successfully computed HSC for O75821.
INFO:2025-10-30 15:33:38,021:Processing O75822 with model AF-O75822-F1-model_v4.pdb
INFO:2025-10-30 15:33:38,269:Computing HSC features for: O75822, ENST00000261868, ../Ntranos_Rotation/ESM-SaProt/AF-O75822-F1-model_v4.pdb.gz
INFO:2025-10-30 15:34:01,417:Successfully computed HSC for O75822.
INFO:2025-10-30 15:34:01,417:Processing O75828 with model AF-O75828-F1-model_v4.pdb
INFO:2025-10-30 15:34:01,466:Computing HSC features for: O75828, ENST00000290354, ../Ntranos_Rotation/ESM-SaProt/AF-O75828-F1-model_v4.pdb.gz
INFO:2025-10-30 15:34:55,270:Successfully computed HSC for O75828.
INFO:2025-10-30 15:34:55,270:Processing O75829 with model AF-O75829-F1-model_v4.pdb
INFO:2025-10-30 15:34:55,354:Computing HSC features for: O75829, ENST00000377962, ../Ntranos_Rotation/ESM-SaProt/AF-O75829-F1-model_v4.pdb.gz
INFO:2025-10-30 15:35:48,971:Successfully computed HSC for O75829.
INFO:2025-10-30 15:35:48,971:Processing O75830 with model AF-O75830-F1-model_v4.pdb
INFO:2025-10-30 15:35:49,079:Computing HSC features for: O75830, ENST00000264677, ../Ntranos_Rotation/ESM-SaProt/AF-O75830-F1-model_v4.pdb.gz
INFO:2025-10-30 15:36:18,332:Successfully computed HSC for O75830.
INFO:2025-10-30 15:36:18,332:Processing O75832 with model AF-O75832-F1-model_v4.pdb
INFO:2025-10-30 15:36:18,414:Computing HSC features for: O75832, ENST00000217958, ../Ntranos_Rotation/ESM-SaProt/AF-O75832-F1-model_v4.pdb.gz
INFO:2025-10-30 15:36:35,737:Successfully computed HSC for O75832.
INFO:2025-10-30 15:36:35,737:Processing O75838 with model AF-O75838-F1-model_v4.pdb
INFO:2025-10-30 15:36:35,788:Computing HSC features for: O75838, ENST00000258930, ../Ntranos_Rotation/ESM-SaProt/AF-O75838-F1-model_v4.pdb.gz
INFO:2025-10-30 15:37:05,026:Successfully computed HSC for O75838.
INFO:2025-10-30 15:37:05,026:Processing O75840 with model AF-O75840-F1-model_v4.pdb
ERROR:2025-10-30 15:37:05,109:No transcript record found for O75840 in gnomAD.
INFO:2025-10-30 15:37:05,109:Processing O75841 with model AF-O75841-F1-model_v4.pdb
INFO:2025-10-30 15:37:05,189:Computing HSC features for: O75841, ENST00000264234, ../Ntranos_Rotation/ESM-SaProt/AF-O75841-F1-model_v4.pdb.gz
INFO:2025-10-30 15:37:42,460:Successfully computed HSC for O75841.
INFO:2025-10-30 15:37:42,460:Processing O75843 with model AF-O75843-F1-model_v4.pdb
INFO:2025-10-30 15:37:42,639:Computing HSC features for: O75843, ENST00000308724, ../Ntranos_Rotation/ESM-SaProt/AF-O75843-F1-model_v4.pdb.gz
INFO:2025-10-30 15:39:52,317:Successfully computed HSC for O75843.
INFO:2025-10-30 15:39:52,317:Processing O75844 with model AF-O75844-F1-model_v4.pdb
INFO:2025-10-30 15:39:52,603:Computing HSC features for: O75844, ENST00000372759, ../Ntranos_Rotation/ESM-SaProt/AF-O75844-F1-model_v4.pdb.gz
INFO:2025-10-30 15:40:53,515:Successfully computed HSC for O75844.
INFO:2025-10-30 15:40:53,516:Processing O75845 with model AF-O75845-F1-model_v4.pdb
INFO:2025-10-30 15:40:53,623:Computing HSC features for: O75845, ENST00000264027, ../Ntranos_Rotation/ESM-SaProt/AF-O75845-F1-model_v4.pdb.gz
INFO:2025-10-30 15:41:34,463:Successfully computed HSC for O75845.
INFO:2025-10-30 15:41:34,463:Processing O75864 with model AF-O75864-F1-model_v4.pdb
INFO:2025-10-30 15:41:34,637:Computing HSC features for: O75864, ENST00000221462, ../Ntranos_Rotation/ESM-SaProt/AF-O75864-F1-model_v4.pdb.gz
INFO:2025-10-30 15:44:02,262:Successfully computed HSC for O75864.
INFO:2025-10-30 15:44:02,262:Processing O75865 with model AF-O75865-F1-model_v4.pdb
INFO:2025-10-30 15:44:02,318:Computing HSC features for: O75865, ENST00000585934, ../Ntranos_Rotation/ESM-SaProt/AF-O75865-F1-model_v4.pdb.gz
INFO:2025-10-30 15:44:21,474:Successfully computed HSC for O75865.
INFO:2025-10-30 15:44:21,474:Processing O75871 with model AF-O75871-F1-model_v4.pdb
INFO:2025-10-30 15:44:21,523:Computing HSC features for: O75871, ENST00000221954, ../Ntranos_Rotation/ESM-SaProt/AF-O75871-F1-model_v4.pdb.gz
INFO:2025-10-30 15:44:43,202:Successfully computed HSC for O75871.
INFO:2025-10-30 15:44:43,202:Processing O75874 with model AF-O75874-F1-model_v4.pdb
INFO:2025-10-30 15:44:43,338:Computing HSC features for: O75874, ENST00000345146, ../Ntranos_Rotation/ESM-SaProt/AF-O75874-F1-model_v4.pdb.gz
INFO:2025-10-30 15:45:42,208:Successfully computed HSC for O75874.
INFO:2025-10-30 15:45:42,208:Processing O75879 with model AF-O75879-F1-model_v4.pdb
INFO:2025-10-30 15:45:42,336:Computing HSC features for: O75879, ENST00000263985, ../Ntranos_Rotation/ESM-SaProt/AF-O75879-F1-model_v4.pdb.gz
INFO:2025-10-30 15:46:59,015:Successfully computed HSC for O75879.
INFO:2025-10-30 15:46:59,016:Pipeline completed.
INFO:2025-10-30 15:46:59,016:no_enst_for_uniprot: 0
INFO:2025-10-30 15:46:59,016:no_valid_cds: 1
INFO:2025-10-30 15:46:59,016:no_variant_data: 3
INFO:2025-10-30 15:46:59,016:bad_structure: 0
INFO:2025-10-30 15:46:59,016:no_enst_mp: 0
