INFO:2025-10-30 14:26:02,718:Starting HSC computation pipeline...
INFO:2025-10-30 14:27:21,217:Processing Q8IUK8 with model AF-Q8IUK8-F1-model_v4.pdb
INFO:2025-10-30 14:27:21,329:Computing HSC features for: Q8IUK8, ENST00000269503, ../Ntranos_Rotation/ESM-SaProt/AF-Q8IUK8-F1-model_v4.pdb.gz
INFO:2025-10-30 14:27:59,126:Successfully computed HSC for Q8IUK8.
INFO:2025-10-30 14:27:59,126:Processing Q8IUL8 with model AF-Q8IUL8-F1-model_v4.pdb
INFO:2025-10-30 14:27:59,298:Computing HSC features for: Q8IUL8, ENST00000291495, ../Ntranos_Rotation/ESM-SaProt/AF-Q8IUL8-F1-model_v4.pdb.gz
INFO:2025-10-30 14:30:45,108:Successfully computed HSC for Q8IUL8.
INFO:2025-10-30 14:30:45,108:Processing Q8IUM7 with model AF-Q8IUM7-F1-model_v4.pdb
INFO:2025-10-30 14:30:45,283:Computing HSC features for: Q8IUM7, ENST00000311034, ../Ntranos_Rotation/ESM-SaProt/AF-Q8IUM7-F1-model_v4.pdb.gz
INFO:2025-10-30 14:31:59,445:Successfully computed HSC for Q8IUM7.
INFO:2025-10-30 14:31:59,446:Processing Q8IUN9 with model AF-Q8IUN9-F1-model_v4.pdb
INFO:2025-10-30 14:31:59,540:Computing HSC features for: Q8IUN9, ENST00000254868, ../Ntranos_Rotation/ESM-SaProt/AF-Q8IUN9-F1-model_v4.pdb.gz
INFO:2025-10-30 14:32:32,542:Successfully computed HSC for Q8IUN9.
INFO:2025-10-30 14:32:32,542:Processing Q8IUQ0 with model AF-Q8IUQ0-F1-model_v4.pdb
INFO:2025-10-30 14:32:32,608:Computing HSC features for: Q8IUQ0, ENST00000325897, ../Ntranos_Rotation/ESM-SaProt/AF-Q8IUQ0-F1-model_v4.pdb.gz
INFO:2025-10-30 14:33:03,205:Successfully computed HSC for Q8IUQ0.
INFO:2025-10-30 14:33:03,205:Processing Q8IUQ4 with model AF-Q8IUQ4-F1-model_v4.pdb
INFO:2025-10-30 14:33:03,292:Computing HSC features for: Q8IUQ4, ENST00000380006, ../Ntranos_Rotation/ESM-SaProt/AF-Q8IUQ4-F1-model_v4.pdb.gz
INFO:2025-10-30 14:33:41,232:Successfully computed HSC for Q8IUQ4.
INFO:2025-10-30 14:33:41,233:Processing Q8IUR0 with model AF-Q8IUR0-F1-model_v4.pdb
INFO:2025-10-30 14:33:41,396:Computing HSC features for: Q8IUR0, ENST00000317378, ../Ntranos_Rotation/ESM-SaProt/AF-Q8IUR0-F1-model_v4.pdb.gz
INFO:2025-10-30 14:34:20,576:Successfully computed HSC for Q8IUR0.
INFO:2025-10-30 14:34:20,576:Processing Q8IUR5 with model AF-Q8IUR5-F1-model_v4.pdb
INFO:2025-10-30 14:34:20,764:Computing HSC features for: Q8IUR5, ENST00000539277, ../Ntranos_Rotation/ESM-SaProt/AF-Q8IUR5-F1-model_v4.pdb.gz
INFO:2025-10-30 14:35:44,543:Successfully computed HSC for Q8IUR5.
INFO:2025-10-30 14:35:44,543:Processing Q8IUR6 with model AF-Q8IUR6-F1-model_v4.pdb
INFO:2025-10-30 14:35:44,651:Computing HSC features for: Q8IUR6, ENST00000296953, ../Ntranos_Rotation/ESM-SaProt/AF-Q8IUR6-F1-model_v4.pdb.gz
INFO:2025-10-30 14:36:30,814:Successfully computed HSC for Q8IUR6.
INFO:2025-10-30 14:36:30,814:Processing Q8IUR7 with model AF-Q8IUR7-F1-model_v4.pdb
INFO:2025-10-30 14:36:30,942:Computing HSC features for: Q8IUR7, ENST00000469044, ../Ntranos_Rotation/ESM-SaProt/AF-Q8IUR7-F1-model_v4.pdb.gz
INFO:2025-10-30 14:37:24,677:Successfully computed HSC for Q8IUR7.
INFO:2025-10-30 14:37:24,677:Processing Q8IUS5 with model AF-Q8IUS5-F1-model_v4.pdb
INFO:2025-10-30 14:37:24,771:Computing HSC features for: Q8IUS5, ENST00000370383, ../Ntranos_Rotation/ESM-SaProt/AF-Q8IUS5-F1-model_v4.pdb.gz
INFO:2025-10-30 14:37:55,118:Successfully computed HSC for Q8IUS5.
INFO:2025-10-30 14:37:55,118:Processing Q8IUW3 with model AF-Q8IUW3-F1-model_v4.pdb
INFO:2025-10-30 14:37:55,214:Computing HSC features for: Q8IUW3, ENST00000289805, ../Ntranos_Rotation/ESM-SaProt/AF-Q8IUW3-F1-model_v4.pdb.gz
INFO:2025-10-30 14:38:51,197:Successfully computed HSC for Q8IUW3.
INFO:2025-10-30 14:38:51,198:Processing Q8IUW5 with model AF-Q8IUW5-F1-model_v4.pdb
INFO:2025-10-30 14:38:51,292:Computing HSC features for: Q8IUW5, ENST00000314117, ../Ntranos_Rotation/ESM-SaProt/AF-Q8IUW5-F1-model_v4.pdb.gz
INFO:2025-10-30 14:39:23,658:Successfully computed HSC for Q8IUW5.
INFO:2025-10-30 14:39:23,659:Processing Q8IUX1 with model AF-Q8IUX1-F1-model_v4.pdb
INFO:2025-10-30 14:39:23,733:Computing HSC features for: Q8IUX1, ENST00000358867, ../Ntranos_Rotation/ESM-SaProt/AF-Q8IUX1-F1-model_v4.pdb.gz
INFO:2025-10-30 14:39:40,979:Successfully computed HSC for Q8IUX1.
INFO:2025-10-30 14:39:40,979:Processing Q8IUX4 with model AF-Q8IUX4-F1-model_v4.pdb
INFO:2025-10-30 14:39:41,124:Computing HSC features for: Q8IUX4, ENST00000308521, ../Ntranos_Rotation/ESM-SaProt/AF-Q8IUX4-F1-model_v4.pdb.gz
INFO:2025-10-30 14:40:16,593:Successfully computed HSC for Q8IUX4.
INFO:2025-10-30 14:40:16,593:Processing Q8IUX7 with model AF-Q8IUX7-F1-model_v4.pdb
INFO:2025-10-30 14:40:16,752:Computing HSC features for: Q8IUX7, ENST00000223357, ../Ntranos_Rotation/ESM-SaProt/AF-Q8IUX7-F1-model_v4.pdb.gz
INFO:2025-10-30 14:42:40,913:Successfully computed HSC for Q8IUX7.
INFO:2025-10-30 14:42:40,913:Processing Q8IUX8 with model AF-Q8IUX8-F1-model_v4.pdb
INFO:2025-10-30 14:42:40,999:Computing HSC features for: Q8IUX8, ENST00000361306, ../Ntranos_Rotation/ESM-SaProt/AF-Q8IUX8-F1-model_v4.pdb.gz
INFO:2025-10-30 14:43:27,525:Successfully computed HSC for Q8IUX8.
INFO:2025-10-30 14:43:27,526:Processing Q8IUY3 with model AF-Q8IUY3-F1-model_v4.pdb
INFO:2025-10-30 14:43:27,596:Computing HSC features for: Q8IUY3, ENST00000309731, ../Ntranos_Rotation/ESM-SaProt/AF-Q8IUY3-F1-model_v4.pdb.gz
INFO:2025-10-30 14:43:56,886:Successfully computed HSC for Q8IUY3.
INFO:2025-10-30 14:43:56,886:Processing Q8IUZ0 with model AF-Q8IUZ0-F1-model_v4.pdb
INFO:2025-10-30 14:43:57,006:Computing HSC features for: Q8IUZ0, ENST00000260382, ../Ntranos_Rotation/ESM-SaProt/AF-Q8IUZ0-F1-model_v4.pdb.gz
INFO:2025-10-30 14:44:49,977:Successfully computed HSC for Q8IUZ0.
INFO:2025-10-30 14:44:49,977:Processing Q8IUZ5 with model AF-Q8IUZ5-F1-model_v4.pdb
INFO:2025-10-30 14:44:50,071:Computing HSC features for: Q8IUZ5, ENST00000308158, ../Ntranos_Rotation/ESM-SaProt/AF-Q8IUZ5-F1-model_v4.pdb.gz
INFO:2025-10-30 14:45:40,463:Successfully computed HSC for Q8IUZ5.
INFO:2025-10-30 14:45:40,463:Processing Q8IV01 with model AF-Q8IV01-F1-model_v4.pdb
INFO:2025-10-30 14:45:40,551:Computing HSC features for: Q8IV01, ENST00000393946, ../Ntranos_Rotation/ESM-SaProt/AF-Q8IV01-F1-model_v4.pdb.gz
INFO:2025-10-30 14:46:28,328:Successfully computed HSC for Q8IV01.
INFO:2025-10-30 14:46:28,328:Processing Q8IV03 with model AF-Q8IV03-F1-model_v4.pdb
ERROR:2025-10-30 14:46:28,421:No valid CDS found for Q8IV03
INFO:2025-10-30 14:46:28,421:Processing Q8IV04 with model AF-Q8IV04-F1-model_v4.pdb
INFO:2025-10-30 14:46:28,557:Computing HSC features for: Q8IV04, ENST00000542590, ../Ntranos_Rotation/ESM-SaProt/AF-Q8IV04-F1-model_v4.pdb.gz
INFO:2025-10-30 14:47:38,830:Successfully computed HSC for Q8IV04.
INFO:2025-10-30 14:47:38,830:Processing Q8IV08 with model AF-Q8IV08-F1-model_v4.pdb
ERROR:2025-10-30 14:47:38,941:No transcript record found for Q8IV08 in gnomAD.
INFO:2025-10-30 14:47:38,941:Processing Q8IV13 with model AF-Q8IV13-F1-model_v4.pdb
INFO:2025-10-30 14:47:39,046:Computing HSC features for: Q8IV13, ENST00000393977, ../Ntranos_Rotation/ESM-SaProt/AF-Q8IV13-F1-model_v4.pdb.gz
INFO:2025-10-30 14:48:54,170:Successfully computed HSC for Q8IV13.
INFO:2025-10-30 14:48:54,170:Processing Q8IV16 with model AF-Q8IV16-F1-model_v4.pdb
ERROR:2025-10-30 14:48:54,239:No transcript record found for Q8IV16 in gnomAD.
INFO:2025-10-30 14:48:54,240:Processing Q8IV20 with model AF-Q8IV20-F1-model_v4.pdb
INFO:2025-10-30 14:48:54,345:Computing HSC features for: Q8IV20, ENST00000325686, ../Ntranos_Rotation/ESM-SaProt/AF-Q8IV20-F1-model_v4.pdb.gz
INFO:2025-10-30 14:49:32,819:Successfully computed HSC for Q8IV20.
INFO:2025-10-30 14:49:32,819:Processing Q8IV31 with model AF-Q8IV31-F1-model_v4.pdb
INFO:2025-10-30 14:49:32,887:Computing HSC features for: Q8IV31, ENST00000359333, ../Ntranos_Rotation/ESM-SaProt/AF-Q8IV31-F1-model_v4.pdb.gz
INFO:2025-10-30 14:49:52,055:Successfully computed HSC for Q8IV31.
INFO:2025-10-30 14:49:52,055:Processing Q8IV32 with model AF-Q8IV32-F1-model_v4.pdb
INFO:2025-10-30 14:49:52,183:Computing HSC features for: Q8IV32, ENST00000321895, ../Ntranos_Rotation/ESM-SaProt/AF-Q8IV32-F1-model_v4.pdb.gz
INFO:2025-10-30 14:50:36,882:Successfully computed HSC for Q8IV32.
INFO:2025-10-30 14:50:36,882:Processing Q8IV33 with model AF-Q8IV33-F1-model_v4.pdb
INFO:2025-10-30 14:50:37,191:Computing HSC features for: Q8IV33, ENST00000513200, ../Ntranos_Rotation/ESM-SaProt/AF-Q8IV33-F1-model_v4.pdb.gz
INFO:2025-10-30 14:52:25,855:Successfully computed HSC for Q8IV33.
INFO:2025-10-30 14:52:25,855:Processing Q8IV35 with model AF-Q8IV35-F1-model_v4.pdb
INFO:2025-10-30 14:52:25,963:Computing HSC features for: Q8IV35, ENST00000308378, ../Ntranos_Rotation/ESM-SaProt/AF-Q8IV35-F1-model_v4.pdb.gz
INFO:2025-10-30 14:53:30,025:Successfully computed HSC for Q8IV35.
INFO:2025-10-30 14:53:30,026:Processing Q8IV36 with model AF-Q8IV36-F1-model_v4.pdb
INFO:2025-10-30 14:53:30,195:Computing HSC features for: Q8IV36, ENST00000425042, ../Ntranos_Rotation/ESM-SaProt/AF-Q8IV36-F1-model_v4.pdb.gz
INFO:2025-10-30 14:54:50,339:Successfully computed HSC for Q8IV36.
INFO:2025-10-30 14:54:50,340:Processing Q8IV38 with model AF-Q8IV38-F1-model_v4.pdb
INFO:2025-10-30 14:54:50,425:Computing HSC features for: Q8IV38, ENST00000306999, ../Ntranos_Rotation/ESM-SaProt/AF-Q8IV38-F1-model_v4.pdb.gz
INFO:2025-10-30 14:55:22,373:Successfully computed HSC for Q8IV38.
INFO:2025-10-30 14:55:22,373:Processing Q8IV42 with model AF-Q8IV42-F1-model_v4.pdb
INFO:2025-10-30 14:55:22,456:Computing HSC features for: Q8IV42, ENST00000368887, ../Ntranos_Rotation/ESM-SaProt/AF-Q8IV42-F1-model_v4.pdb.gz
INFO:2025-10-30 14:55:56,555:Successfully computed HSC for Q8IV42.
INFO:2025-10-30 14:55:56,555:Processing Q8IV45 with model AF-Q8IV45-F1-model_v4.pdb
INFO:2025-10-30 14:55:56,628:Computing HSC features for: Q8IV45, ENST00000244565, ../Ntranos_Rotation/ESM-SaProt/AF-Q8IV45-F1-model_v4.pdb.gz
INFO:2025-10-30 14:56:47,785:Successfully computed HSC for Q8IV45.
INFO:2025-10-30 14:56:47,786:Processing Q8IV48 with model AF-Q8IV48-F1-model_v4.pdb
INFO:2025-10-30 14:56:47,865:Computing HSC features for: Q8IV48, ENST00000250263, ../Ntranos_Rotation/ESM-SaProt/AF-Q8IV48-F1-model_v4.pdb.gz
INFO:2025-10-30 14:57:35,598:Successfully computed HSC for Q8IV48.
INFO:2025-10-30 14:57:35,599:Processing Q8IV50 with model AF-Q8IV50-F1-model_v4.pdb
INFO:2025-10-30 14:57:35,658:Computing HSC features for: Q8IV50, ENST00000267838, ../Ntranos_Rotation/ESM-SaProt/AF-Q8IV50-F1-model_v4.pdb.gz
INFO:2025-10-30 14:58:17,271:Successfully computed HSC for Q8IV50.
INFO:2025-10-30 14:58:17,271:Processing Q8IV53 with model AF-Q8IV53-F1-model_v4.pdb
INFO:2025-10-30 14:58:17,471:Computing HSC features for: Q8IV53, ENST00000381480, ../Ntranos_Rotation/ESM-SaProt/AF-Q8IV53-F1-model_v4.pdb.gz
INFO:2025-10-30 14:59:53,938:Successfully computed HSC for Q8IV53.
INFO:2025-10-30 14:59:53,939:Processing Q8IV56 with model AF-Q8IV56-F1-model_v4.pdb
INFO:2025-10-30 14:59:53,984:Computing HSC features for: Q8IV56, ENST00000319694, ../Ntranos_Rotation/ESM-SaProt/AF-Q8IV56-F1-model_v4.pdb.gz
INFO:2025-10-30 15:00:12,565:Successfully computed HSC for Q8IV56.
INFO:2025-10-30 15:00:12,565:Processing Q8IV61 with model AF-Q8IV61-F1-model_v4.pdb
INFO:2025-10-30 15:00:12,734:Computing HSC features for: Q8IV61, ENST00000402538, ../Ntranos_Rotation/ESM-SaProt/AF-Q8IV61-F1-model_v4.pdb.gz
INFO:2025-10-30 15:01:06,034:Successfully computed HSC for Q8IV61.
INFO:2025-10-30 15:01:06,034:Processing Q8IV63 with model AF-Q8IV63-F1-model_v4.pdb
INFO:2025-10-30 15:01:06,135:Computing HSC features for: Q8IV63, ENST00000316763, ../Ntranos_Rotation/ESM-SaProt/AF-Q8IV63-F1-model_v4.pdb.gz
INFO:2025-10-30 15:02:01,960:Successfully computed HSC for Q8IV63.
INFO:2025-10-30 15:02:01,960:Processing Q8IV76 with model AF-Q8IV76-F1-model_v4.pdb
INFO:2025-10-30 15:02:02,108:Computing HSC features for: Q8IV76, ENST00000370357, ../Ntranos_Rotation/ESM-SaProt/AF-Q8IV76-F1-model_v4.pdb.gz
INFO:2025-10-30 15:03:11,649:Successfully computed HSC for Q8IV76.
INFO:2025-10-30 15:03:11,649:Processing Q8IV77 with model AF-Q8IV77-F1-model_v4.pdb
INFO:2025-10-30 15:03:11,798:Computing HSC features for: Q8IV77, ENST00000379936, ../Ntranos_Rotation/ESM-SaProt/AF-Q8IV77-F1-model_v4.pdb.gz
INFO:2025-10-30 15:04:16,779:Successfully computed HSC for Q8IV77.
INFO:2025-10-30 15:04:16,779:Processing Q8IVA1 with model AF-Q8IVA1-F1-model_v4.pdb
INFO:2025-10-30 15:04:16,815:Computing HSC features for: Q8IVA1, ENST00000311069, ../Ntranos_Rotation/ESM-SaProt/AF-Q8IVA1-F1-model_v4.pdb.gz
INFO:2025-10-30 15:04:37,434:Successfully computed HSC for Q8IVA1.
INFO:2025-10-30 15:04:37,434:Processing Q8IVB4 with model AF-Q8IVB4-F1-model_v4.pdb
INFO:2025-10-30 15:04:37,573:Computing HSC features for: Q8IVB4, ENST00000316549, ../Ntranos_Rotation/ESM-SaProt/AF-Q8IVB4-F1-model_v4.pdb.gz
INFO:2025-10-30 15:05:43,234:Successfully computed HSC for Q8IVB4.
INFO:2025-10-30 15:05:43,234:Processing Q8IVB5 with model AF-Q8IVB5-F1-model_v4.pdb
ERROR:2025-10-30 15:05:43,305:No transcript record found for Q8IVB5 in gnomAD.
INFO:2025-10-30 15:05:43,305:Processing Q8IVC4 with model AF-Q8IVC4-F1-model_v4.pdb
INFO:2025-10-30 15:05:43,411:Computing HSC features for: Q8IVC4, ENST00000306910, ../Ntranos_Rotation/ESM-SaProt/AF-Q8IVC4-F1-model_v4.pdb.gz
INFO:2025-10-30 15:06:28,688:Successfully computed HSC for Q8IVC4.
INFO:2025-10-30 15:06:28,689:Processing Q8IVD9 with model AF-Q8IVD9-F1-model_v4.pdb
INFO:2025-10-30 15:06:28,797:Computing HSC features for: Q8IVD9, ENST00000355451, ../Ntranos_Rotation/ESM-SaProt/AF-Q8IVD9-F1-model_v4.pdb.gz
INFO:2025-10-30 15:07:24,186:Successfully computed HSC for Q8IVD9.
INFO:2025-10-30 15:07:24,186:Processing Q8IVE0 with model AF-Q8IVE0-F1-model_v4.pdb
ERROR:2025-10-30 15:07:24,260:No ENST transcript IDs were mapped to Q8IVE0
INFO:2025-10-30 15:07:24,261:Processing Q8IVE3 with model AF-Q8IVE3-F1-model_v4.pdb
INFO:2025-10-30 15:07:24,547:Computing HSC features for: Q8IVE3, ENST00000282406, ../Ntranos_Rotation/ESM-SaProt/AF-Q8IVE3-F1-model_v4.pdb.gz
INFO:2025-10-30 15:10:01,972:Successfully computed HSC for Q8IVE3.
INFO:2025-10-30 15:10:01,972:Pipeline completed.
INFO:2025-10-30 15:10:01,972:no_enst_for_uniprot: 1
INFO:2025-10-30 15:10:01,972:no_valid_cds: 1
INFO:2025-10-30 15:10:01,972:no_variant_data: 3
INFO:2025-10-30 15:10:01,972:bad_structure: 0
INFO:2025-10-30 15:10:01,972:no_enst_mp: 0
