INFO:2025-10-30 14:25:03,906:Starting HSC computation pipeline...
INFO:2025-10-30 14:26:14,230:Processing Q5SQQ9 with model AF-Q5SQQ9-F1-model_v4.pdb
INFO:2025-10-30 14:26:14,309:Computing HSC features for: Q5SQQ9, ENST00000369206, ../Ntranos_Rotation/ESM-SaProt/AF-Q5SQQ9-F1-model_v4.pdb.gz
INFO:2025-10-30 14:27:37,290:Successfully computed HSC for Q5SQQ9.
INFO:2025-10-30 14:27:37,291:Processing Q5SQS7 with model AF-Q5SQS7-F1-model_v4.pdb
ERROR:2025-10-30 14:27:37,390:No valid CDS found for Q5SQS7
INFO:2025-10-30 14:27:37,390:Processing Q5SQS8 with model AF-Q5SQS8-F1-model_v4.pdb
INFO:2025-10-30 14:27:37,459:Computing HSC features for: Q5SQS8, ENST00000329446, ../Ntranos_Rotation/ESM-SaProt/AF-Q5SQS8-F1-model_v4.pdb.gz
INFO:2025-10-30 14:28:18,510:Successfully computed HSC for Q5SQS8.
INFO:2025-10-30 14:28:18,510:Processing Q5SR53 with model AF-Q5SR53-F1-model_v4.pdb
ERROR:2025-10-30 14:28:18,554:No ENST transcript IDs were mapped to Q5SR53
INFO:2025-10-30 14:28:18,554:Processing Q5SR56 with model AF-Q5SR56-F1-model_v4.pdb
INFO:2025-10-30 14:28:18,613:Computing HSC features for: Q5SR56, ENST00000375344, ../Ntranos_Rotation/ESM-SaProt/AF-Q5SR56-F1-model_v4.pdb.gz
INFO:2025-10-30 14:30:02,702:Successfully computed HSC for Q5SR56.
INFO:2025-10-30 14:30:02,702:Processing Q5SRD1 with model AF-Q5SRD1-F1-model_v4.pdb
ERROR:2025-10-30 14:30:02,793:No transcript record found for Q5SRD1 in gnomAD.
INFO:2025-10-30 14:30:02,793:Processing Q5SRE5 with model AF-Q5SRE5-F1-model_v4.pdb
INFO:2025-10-30 14:30:03,184:Computing HSC features for: Q5SRE5, ENST00000372577, ../Ntranos_Rotation/ESM-SaProt/AF-Q5SRE5-F1-model_v4.pdb.gz
INFO:2025-10-30 14:33:31,298:Successfully computed HSC for Q5SRE5.
INFO:2025-10-30 14:33:31,298:Processing Q5SRE7 with model AF-Q5SRE7-F1-model_v4.pdb
INFO:2025-10-30 14:33:31,423:Computing HSC features for: Q5SRE7, ENST00000372592, ../Ntranos_Rotation/ESM-SaProt/AF-Q5SRE7-F1-model_v4.pdb.gz
INFO:2025-10-30 14:34:09,819:Successfully computed HSC for Q5SRE7.
INFO:2025-10-30 14:34:09,820:Processing Q5SRH9 with model AF-Q5SRH9-F1-model_v4.pdb
INFO:2025-10-30 14:34:09,970:Computing HSC features for: Q5SRH9, ENST00000447632, ../Ntranos_Rotation/ESM-SaProt/AF-Q5SRH9-F1-model_v4.pdb.gz
INFO:2025-10-30 14:35:25,978:Successfully computed HSC for Q5SRH9.
INFO:2025-10-30 14:35:25,978:Processing Q5SRI9 with model AF-Q5SRI9-F1-model_v4.pdb
INFO:2025-10-30 14:35:26,072:Computing HSC features for: Q5SRI9, ENST00000358812, ../Ntranos_Rotation/ESM-SaProt/AF-Q5SRI9-F1-model_v4.pdb.gz
INFO:2025-10-30 14:36:16,370:Successfully computed HSC for Q5SRI9.
INFO:2025-10-30 14:36:16,370:Processing Q5SRN2 with model AF-Q5SRN2-F1-model_v4.pdb
INFO:2025-10-30 14:36:16,616:Computing HSC features for: Q5SRN2, ENST00000447241, ../Ntranos_Rotation/ESM-SaProt/AF-Q5SRN2-F1-model_v4.pdb.gz
INFO:2025-10-30 14:37:06,496:Successfully computed HSC for Q5SRN2.
INFO:2025-10-30 14:37:06,496:Processing Q5SRR4 with model AF-Q5SRR4-F1-model_v4.pdb
INFO:2025-10-30 14:37:06,564:Computing HSC features for: Q5SRR4, ENST00000383237, ../Ntranos_Rotation/ESM-SaProt/AF-Q5SRR4-F1-model_v4.pdb.gz
INFO:2025-10-30 14:37:24,583:Successfully computed HSC for Q5SRR4.
INFO:2025-10-30 14:37:24,583:Processing Q14315 with model AF-Q14315-F8-model_v4.pdb
ERROR:2025-10-30 14:37:24,849:No valid CDS found for Q14315
INFO:2025-10-30 14:37:24,849:Processing Q14318 with model AF-Q14318-F1-model_v4.pdb
INFO:2025-10-30 14:37:24,920:Computing HSC features for: Q14318, ENST00000222308, ../Ntranos_Rotation/ESM-SaProt/AF-Q14318-F1-model_v4.pdb.gz
INFO:2025-10-30 14:38:28,819:Successfully computed HSC for Q14318.
INFO:2025-10-30 14:38:28,819:Processing Q14320 with model AF-Q14320-F1-model_v4.pdb
INFO:2025-10-30 14:38:28,896:Computing HSC features for: Q14320, ENST00000393600, ../Ntranos_Rotation/ESM-SaProt/AF-Q14320-F1-model_v4.pdb.gz
INFO:2025-10-30 14:39:17,246:Successfully computed HSC for Q14320.
INFO:2025-10-30 14:39:17,246:Processing Q14324 with model AF-Q14324-F1-model_v4.pdb
INFO:2025-10-30 14:39:17,512:Computing HSC features for: Q14324, ENST00000357701, ../Ntranos_Rotation/ESM-SaProt/AF-Q14324-F1-model_v4.pdb.gz
INFO:2025-10-30 14:42:14,578:Successfully computed HSC for Q14324.
INFO:2025-10-30 14:42:14,578:Processing Q14330 with model AF-Q14330-F1-model_v4.pdb
INFO:2025-10-30 14:42:14,658:Computing HSC features for: Q14330, ENST00000340807, ../Ntranos_Rotation/ESM-SaProt/AF-Q14330-F1-model_v4.pdb.gz
INFO:2025-10-30 14:42:51,625:Successfully computed HSC for Q14330.
INFO:2025-10-30 14:42:51,625:Processing Q14331 with model AF-Q14331-F1-model_v4.pdb
INFO:2025-10-30 14:42:51,681:Computing HSC features for: Q14331, ENST00000226798, ../Ntranos_Rotation/ESM-SaProt/AF-Q14331-F1-model_v4.pdb.gz
INFO:2025-10-30 14:43:15,989:Successfully computed HSC for Q14331.
INFO:2025-10-30 14:43:15,989:Processing Q14332 with model AF-Q14332-F1-model_v4.pdb
INFO:2025-10-30 14:43:16,097:Computing HSC features for: Q14332, ENST00000315323, ../Ntranos_Rotation/ESM-SaProt/AF-Q14332-F1-model_v4.pdb.gz
INFO:2025-10-30 14:45:06,911:Successfully computed HSC for Q14332.
INFO:2025-10-30 14:45:06,911:Processing Q14344 with model AF-Q14344-F1-model_v4.pdb
INFO:2025-10-30 14:45:07,010:Computing HSC features for: Q14344, ENST00000439174, ../Ntranos_Rotation/ESM-SaProt/AF-Q14344-F1-model_v4.pdb.gz
INFO:2025-10-30 14:46:18,338:Successfully computed HSC for Q14344.
INFO:2025-10-30 14:46:18,338:Processing Q14353 with model AF-Q14353-F1-model_v4.pdb
INFO:2025-10-30 14:46:18,476:Computing HSC features for: Q14353, ENST00000252288, ../Ntranos_Rotation/ESM-SaProt/AF-Q14353-F1-model_v4.pdb.gz
INFO:2025-10-30 14:47:02,624:Successfully computed HSC for Q14353.
INFO:2025-10-30 14:47:02,625:Processing Q14376 with model AF-Q14376-F1-model_v4.pdb
INFO:2025-10-30 14:47:02,689:Computing HSC features for: Q14376, ENST00000374497, ../Ntranos_Rotation/ESM-SaProt/AF-Q14376-F1-model_v4.pdb.gz
INFO:2025-10-30 14:47:46,993:Successfully computed HSC for Q14376.
INFO:2025-10-30 14:47:46,994:Processing Q14390 with model AF-Q14390-F1-model_v4.pdb
INFO:2025-10-30 14:47:47,046:Computing HSC features for: Q14390, ENST00000448514, ../Ntranos_Rotation/ESM-SaProt/AF-Q14390-F1-model_v4.pdb.gz
INFO:2025-10-30 14:48:22,392:Successfully computed HSC for Q14390.
INFO:2025-10-30 14:48:22,392:Processing Q14392 with model AF-Q14392-F1-model_v4.pdb
INFO:2025-10-30 14:48:22,551:Computing HSC features for: Q14392, ENST00000260061, ../Ntranos_Rotation/ESM-SaProt/AF-Q14392-F1-model_v4.pdb.gz
INFO:2025-10-30 14:49:53,158:Successfully computed HSC for Q14392.
INFO:2025-10-30 14:49:53,158:Processing Q14393 with model AF-Q14393-F1-model_v4.pdb
INFO:2025-10-30 14:49:53,264:Computing HSC features for: Q14393, ENST00000327773, ../Ntranos_Rotation/ESM-SaProt/AF-Q14393-F1-model_v4.pdb.gz
INFO:2025-10-30 14:51:48,017:Successfully computed HSC for Q14393.
INFO:2025-10-30 14:51:48,017:Processing Q14397 with model AF-Q14397-F1-model_v4.pdb
ERROR:2025-10-30 14:51:48,158:No ENST transcript IDs were mapped to Q14397
INFO:2025-10-30 14:51:48,159:Processing Q14406 with model AF-Q14406-F1-model_v4.pdb
INFO:2025-10-30 14:51:48,236:Computing HSC features for: Q14406, ENST00000309894, ../Ntranos_Rotation/ESM-SaProt/AF-Q14406-F1-model_v4.pdb.gz
INFO:2025-10-30 14:52:33,054:Successfully computed HSC for Q14406.
INFO:2025-10-30 14:52:33,054:Processing Q14409 with model AF-Q14409-F1-model_v4.pdb
ERROR:2025-10-30 14:52:33,181:No transcript record found for Q14409 in gnomAD.
INFO:2025-10-30 14:52:33,181:Processing Q14410 with model AF-Q14410-F1-model_v4.pdb
INFO:2025-10-30 14:52:33,337:Computing HSC features for: Q14410, ENST00000358842, ../Ntranos_Rotation/ESM-SaProt/AF-Q14410-F1-model_v4.pdb.gz
INFO:2025-10-30 14:53:54,016:Successfully computed HSC for Q14410.
INFO:2025-10-30 14:53:54,016:Processing Q14416 with model AF-Q14416-F1-model_v4.pdb
INFO:2025-10-30 14:53:54,177:Computing HSC features for: Q14416, ENST00000395052, ../Ntranos_Rotation/ESM-SaProt/AF-Q14416-F1-model_v4.pdb.gz
INFO:2025-10-30 14:55:55,418:Successfully computed HSC for Q14416.
INFO:2025-10-30 14:55:55,418:Processing Q14432 with model AF-Q14432-F1-model_v4.pdb
INFO:2025-10-30 14:55:55,769:Computing HSC features for: Q14432, ENST00000359062, ../Ntranos_Rotation/ESM-SaProt/AF-Q14432-F1-model_v4.pdb.gz
INFO:2025-10-30 14:58:18,437:Successfully computed HSC for Q14432.
INFO:2025-10-30 14:58:18,437:Processing Q14435 with model AF-Q14435-F1-model_v4.pdb
INFO:2025-10-30 14:58:18,561:Computing HSC features for: Q14435, ENST00000392701, ../Ntranos_Rotation/ESM-SaProt/AF-Q14435-F1-model_v4.pdb.gz
INFO:2025-10-30 14:59:57,148:Successfully computed HSC for Q14435.
INFO:2025-10-30 14:59:57,148:Processing Q14439 with model AF-Q14439-F1-model_v4.pdb
INFO:2025-10-30 14:59:57,644:Computing HSC features for: Q14439, ENST00000561100, ../Ntranos_Rotation/ESM-SaProt/AF-Q14439-F1-model_v4.pdb.gz
INFO:2025-10-30 15:01:44,788:Successfully computed HSC for Q14439.
INFO:2025-10-30 15:01:44,788:Processing Q14442 with model AF-Q14442-F1-model_v4.pdb
INFO:2025-10-30 15:01:44,862:Computing HSC features for: Q14442, ENST00000216452, ../Ntranos_Rotation/ESM-SaProt/AF-Q14442-F1-model_v4.pdb.gz
INFO:2025-10-30 15:02:25,148:Successfully computed HSC for Q14442.
INFO:2025-10-30 15:02:25,148:Processing Q14444 with model AF-Q14444-F1-model_v4.pdb
INFO:2025-10-30 15:02:25,327:Computing HSC features for: Q14444, ENST00000341394, ../Ntranos_Rotation/ESM-SaProt/AF-Q14444-F1-model_v4.pdb.gz
INFO:2025-10-30 15:04:37,596:Successfully computed HSC for Q14444.
INFO:2025-10-30 15:04:37,596:Processing Q14449 with model AF-Q14449-F1-model_v4.pdb
ERROR:2025-10-30 15:04:37,733:No transcript record found for Q14449 in gnomAD.
INFO:2025-10-30 15:04:37,733:Processing Q14451 with model AF-Q14451-F1-model_v4.pdb
INFO:2025-10-30 15:04:37,882:Computing HSC features for: Q14451, ENST00000309156, ../Ntranos_Rotation/ESM-SaProt/AF-Q14451-F1-model_v4.pdb.gz
INFO:2025-10-30 15:06:00,641:Successfully computed HSC for Q14451.
INFO:2025-10-30 15:06:00,641:Processing Q14457 with model AF-Q14457-F1-model_v4.pdb
INFO:2025-10-30 15:06:00,756:Computing HSC features for: Q14457, ENST00000361523, ../Ntranos_Rotation/ESM-SaProt/AF-Q14457-F1-model_v4.pdb.gz
INFO:2025-10-30 15:06:48,293:Successfully computed HSC for Q14457.
INFO:2025-10-30 15:06:48,293:Processing Q14469 with model AF-Q14469-F1-model_v4.pdb
INFO:2025-10-30 15:06:48,456:Computing HSC features for: Q14469, ENST00000232424, ../Ntranos_Rotation/ESM-SaProt/AF-Q14469-F1-model_v4.pdb.gz
INFO:2025-10-30 15:07:38,427:Successfully computed HSC for Q14469.
INFO:2025-10-30 15:07:38,427:Processing Q14493 with model AF-Q14493-F1-model_v4.pdb
INFO:2025-10-30 15:07:38,495:Computing HSC features for: Q14493, ENST00000489418, ../Ntranos_Rotation/ESM-SaProt/AF-Q14493-F1-model_v4.pdb.gz
INFO:2025-10-30 15:08:18,925:Successfully computed HSC for Q14493.
INFO:2025-10-30 15:08:18,925:Processing Q14494 with model AF-Q14494-F1-model_v4.pdb
INFO:2025-10-30 15:08:19,045:Computing HSC features for: Q14494, ENST00000362042, ../Ntranos_Rotation/ESM-SaProt/AF-Q14494-F1-model_v4.pdb.gz
INFO:2025-10-30 15:09:46,558:Successfully computed HSC for Q14494.
INFO:2025-10-30 15:09:46,558:Processing Q14498 with model AF-Q14498-F1-model_v4.pdb
INFO:2025-10-30 15:09:46,746:Computing HSC features for: Q14498, ENST00000253363, ../Ntranos_Rotation/ESM-SaProt/AF-Q14498-F1-model_v4.pdb.gz
INFO:2025-10-30 15:10:43,284:Successfully computed HSC for Q14498.
INFO:2025-10-30 15:10:43,284:Processing Q14500 with model AF-Q14500-F1-model_v4.pdb
INFO:2025-10-30 15:10:43,357:Computing HSC features for: Q14500, ENST00000331718, ../Ntranos_Rotation/ESM-SaProt/AF-Q14500-F1-model_v4.pdb.gz
INFO:2025-10-30 15:11:51,714:Successfully computed HSC for Q14500.
INFO:2025-10-30 15:11:51,714:Processing Q14507 with model AF-Q14507-F1-model_v4.pdb
INFO:2025-10-30 15:11:51,856:Computing HSC features for: Q14507, ENST00000326842, ../Ntranos_Rotation/ESM-SaProt/AF-Q14507-F1-model_v4.pdb.gz
INFO:2025-10-30 15:12:05,662:Successfully computed HSC for Q14507.
INFO:2025-10-30 15:12:05,662:Processing Q14508 with model AF-Q14508-F1-model_v4.pdb
INFO:2025-10-30 15:12:05,719:Computing HSC features for: Q14508, ENST00000372676, ../Ntranos_Rotation/ESM-SaProt/AF-Q14508-F1-model_v4.pdb.gz
INFO:2025-10-30 15:12:22,139:Successfully computed HSC for Q14508.
INFO:2025-10-30 15:12:22,139:Processing Q14511 with model AF-Q14511-F1-model_v4.pdb
INFO:2025-10-30 15:12:22,286:Computing HSC features for: Q14511, ENST00000379446, ../Ntranos_Rotation/ESM-SaProt/AF-Q14511-F1-model_v4.pdb.gz
INFO:2025-10-30 15:15:05,552:Successfully computed HSC for Q14511.
INFO:2025-10-30 15:15:05,552:Processing Q14512 with model AF-Q14512-F1-model_v4.pdb
INFO:2025-10-30 15:15:05,625:Computing HSC features for: Q14512, ENST00000382333, ../Ntranos_Rotation/ESM-SaProt/AF-Q14512-F1-model_v4.pdb.gz
INFO:2025-10-30 15:15:25,682:Successfully computed HSC for Q14512.
INFO:2025-10-30 15:15:25,682:Processing Q14515 with model AF-Q14515-F1-model_v4.pdb
INFO:2025-10-30 15:15:25,776:Computing HSC features for: Q14515, ENST00000282470, ../Ntranos_Rotation/ESM-SaProt/AF-Q14515-F1-model_v4.pdb.gz
INFO:2025-10-30 15:16:21,684:Successfully computed HSC for Q14515.
INFO:2025-10-30 15:16:21,684:Processing Q14201 with model AF-Q14201-F1-model_v4.pdb
INFO:2025-10-30 15:16:21,749:Computing HSC features for: Q14201, ENST00000348354, ../Ntranos_Rotation/ESM-SaProt/AF-Q14201-F1-model_v4.pdb.gz
INFO:2025-10-30 15:16:44,492:Successfully computed HSC for Q14201.
INFO:2025-10-30 15:16:44,492:Processing Q14202 with model AF-Q14202-F1-model_v4.pdb
INFO:2025-10-30 15:16:44,663:Computing HSC features for: Q14202, ENST00000314425, ../Ntranos_Rotation/ESM-SaProt/AF-Q14202-F1-model_v4.pdb.gz
INFO:2025-10-30 15:19:12,456:Successfully computed HSC for Q14202.
INFO:2025-10-30 15:19:12,456:Pipeline completed.
INFO:2025-10-30 15:19:12,456:no_enst_for_uniprot: 2
INFO:2025-10-30 15:19:12,456:no_valid_cds: 2
INFO:2025-10-30 15:19:12,456:no_variant_data: 3
INFO:2025-10-30 15:19:12,456:bad_structure: 0
INFO:2025-10-30 15:19:12,456:no_enst_mp: 0
