INFO:2025-10-30 14:27:03,207:Starting HSC computation pipeline...
INFO:2025-10-30 14:27:54,548:Processing Q96KN3 with model AF-Q96KN3-F1-model_v4.pdb
INFO:2025-10-30 14:27:54,678:Computing HSC features for: Q96KN3, ENST00000298282, ../Ntranos_Rotation/ESM-SaProt/AF-Q96KN3-F1-model_v4.pdb.gz
INFO:2025-10-30 14:28:33,949:Successfully computed HSC for Q96KN3.
INFO:2025-10-30 14:28:33,949:Processing Q96KN4 with model AF-Q96KN4-F1-model_v4.pdb
INFO:2025-10-30 14:28:34,028:Computing HSC features for: Q96KN4, ENST00000295092, ../Ntranos_Rotation/ESM-SaProt/AF-Q96KN4-F1-model_v4.pdb.gz
INFO:2025-10-30 14:29:10,407:Successfully computed HSC for Q96KN4.
INFO:2025-10-30 14:29:10,407:Processing Q96KN7 with model AF-Q96KN7-F1-model_v4.pdb
INFO:2025-10-30 14:29:10,593:Computing HSC features for: Q96KN7, ENST00000400017, ../Ntranos_Rotation/ESM-SaProt/AF-Q96KN7-F1-model_v4.pdb.gz
INFO:2025-10-30 14:30:32,277:Successfully computed HSC for Q96KN7.
INFO:2025-10-30 14:30:32,277:Processing Q96KN8 with model AF-Q96KN8-F1-model_v4.pdb
INFO:2025-10-30 14:30:32,353:Computing HSC features for: Q96KN8, ENST00000301790, ../Ntranos_Rotation/ESM-SaProt/AF-Q96KN8-F1-model_v4.pdb.gz
INFO:2025-10-30 14:30:53,892:Successfully computed HSC for Q96KN8.
INFO:2025-10-30 14:30:53,892:Processing Q96KN9 with model AF-Q96KN9-F1-model_v4.pdb
INFO:2025-10-30 14:30:53,969:Computing HSC features for: Q96KN9, ENST00000321660, ../Ntranos_Rotation/ESM-SaProt/AF-Q96KN9-F1-model_v4.pdb.gz
INFO:2025-10-30 14:31:35,285:Successfully computed HSC for Q96KN9.
INFO:2025-10-30 14:31:35,286:Processing Q96KP1 with model AF-Q96KP1-F1-model_v4.pdb
INFO:2025-10-30 14:31:35,458:Computing HSC features for: Q96KP1, ENST00000230449, ../Ntranos_Rotation/ESM-SaProt/AF-Q96KP1-F1-model_v4.pdb.gz
INFO:2025-10-30 14:32:33,079:Successfully computed HSC for Q96KP1.
INFO:2025-10-30 14:32:33,079:Processing Q96KP4 with model AF-Q96KP4-F1-model_v4.pdb
INFO:2025-10-30 14:32:33,191:Computing HSC features for: Q96KP4, ENST00000324262, ../Ntranos_Rotation/ESM-SaProt/AF-Q96KP4-F1-model_v4.pdb.gz
INFO:2025-10-30 14:33:11,773:Successfully computed HSC for Q96KP4.
INFO:2025-10-30 14:33:11,773:Processing Q96KP6 with model AF-Q96KP6-F1-model_v4.pdb
INFO:2025-10-30 14:33:11,837:Computing HSC features for: Q96KP6, ENST00000057513, ../Ntranos_Rotation/ESM-SaProt/AF-Q96KP6-F1-model_v4.pdb.gz
INFO:2025-10-30 14:33:35,395:Successfully computed HSC for Q96KP6.
INFO:2025-10-30 14:33:35,395:Processing Q96KQ4 with model AF-Q96KQ4-F1-model_v4.pdb
INFO:2025-10-30 14:33:35,566:Computing HSC features for: Q96KQ4, ENST00000202556, ../Ntranos_Rotation/ESM-SaProt/AF-Q96KQ4-F1-model_v4.pdb.gz
INFO:2025-10-30 14:35:00,188:Successfully computed HSC for Q96KQ4.
INFO:2025-10-30 14:35:00,188:Processing Q96KQ7 with model AF-Q96KQ7-F1-model_v4.pdb
INFO:2025-10-30 14:35:00,420:Computing HSC features for: Q96KQ7, ENST00000375537, ../Ntranos_Rotation/ESM-SaProt/AF-Q96KQ7-F1-model_v4.pdb.gz
INFO:2025-10-30 14:36:44,955:Successfully computed HSC for Q96KQ7.
INFO:2025-10-30 14:36:44,955:Processing Q99523 with model AF-Q99523-F1-model_v4.pdb
INFO:2025-10-30 14:36:45,241:Computing HSC features for: Q99523, ENST00000256637, ../Ntranos_Rotation/ESM-SaProt/AF-Q99523-F1-model_v4.pdb.gz
INFO:2025-10-30 14:37:48,255:Successfully computed HSC for Q99523.
INFO:2025-10-30 14:37:48,255:Processing Q99525 with model AF-Q99525-F1-model_v4.pdb
ERROR:2025-10-30 14:37:48,307:No transcript record found for Q99525 in gnomAD.
INFO:2025-10-30 14:37:48,307:Processing Q99527 with model AF-Q99527-F1-model_v4.pdb
INFO:2025-10-30 14:37:48,392:Computing HSC features for: Q99527, ENST00000297469, ../Ntranos_Rotation/ESM-SaProt/AF-Q99527-F1-model_v4.pdb.gz
INFO:2025-10-30 14:38:28,803:Successfully computed HSC for Q99527.
INFO:2025-10-30 14:38:28,803:Processing Q99536 with model AF-Q99536-F1-model_v4.pdb
INFO:2025-10-30 14:38:28,946:Computing HSC features for: Q99536, ENST00000355653, ../Ntranos_Rotation/ESM-SaProt/AF-Q99536-F1-model_v4.pdb.gz
INFO:2025-10-30 14:39:07,771:Successfully computed HSC for Q99536.
INFO:2025-10-30 14:39:07,771:Processing Q99538 with model AF-Q99538-F1-model_v4.pdb
INFO:2025-10-30 14:39:07,870:Computing HSC features for: Q99538, ENST00000334869, ../Ntranos_Rotation/ESM-SaProt/AF-Q99538-F1-model_v4.pdb.gz
INFO:2025-10-30 14:39:41,793:Successfully computed HSC for Q99538.
INFO:2025-10-30 14:39:41,794:Processing Q99541 with model AF-Q99541-F1-model_v4.pdb
INFO:2025-10-30 14:39:41,889:Computing HSC features for: Q99541, ENST00000276914, ../Ntranos_Rotation/ESM-SaProt/AF-Q99541-F1-model_v4.pdb.gz
INFO:2025-10-30 14:40:11,379:Successfully computed HSC for Q99541.
INFO:2025-10-30 14:40:11,379:Processing Q99542 with model AF-Q99542-F1-model_v4.pdb
INFO:2025-10-30 14:40:11,512:Computing HSC features for: Q99542, ENST00000322569, ../Ntranos_Rotation/ESM-SaProt/AF-Q99542-F1-model_v4.pdb.gz
INFO:2025-10-30 14:40:47,899:Successfully computed HSC for Q99542.
INFO:2025-10-30 14:40:47,899:Processing Q99543 with model AF-Q99543-F1-model_v4.pdb
INFO:2025-10-30 14:40:48,027:Computing HSC features for: Q99543, ENST00000379263, ../Ntranos_Rotation/ESM-SaProt/AF-Q99543-F1-model_v4.pdb.gz
INFO:2025-10-30 14:41:23,491:Successfully computed HSC for Q99543.
INFO:2025-10-30 14:41:23,491:Processing Q99547 with model AF-Q99547-F1-model_v4.pdb
INFO:2025-10-30 14:41:23,545:Computing HSC features for: Q99547, ENST00000258169, ../Ntranos_Rotation/ESM-SaProt/AF-Q99547-F1-model_v4.pdb.gz
INFO:2025-10-30 14:41:32,062:Successfully computed HSC for Q99547.
INFO:2025-10-30 14:41:32,063:Processing Q99549 with model AF-Q99549-F1-model_v4.pdb
INFO:2025-10-30 14:41:32,225:Computing HSC features for: Q99549, ENST00000361479, ../Ntranos_Rotation/ESM-SaProt/AF-Q99549-F1-model_v4.pdb.gz
INFO:2025-10-30 14:42:27,058:Successfully computed HSC for Q99549.
INFO:2025-10-30 14:42:27,058:Processing Q99550 with model AF-Q99550-F1-model_v4.pdb
INFO:2025-10-30 14:42:27,247:Computing HSC features for: Q99550, ENST00000606320, ../Ntranos_Rotation/ESM-SaProt/AF-Q99550-F1-model_v4.pdb.gz
INFO:2025-10-30 14:43:35,937:Successfully computed HSC for Q99550.
INFO:2025-10-30 14:43:35,938:Processing Q99551 with model AF-Q99551-F1-model_v4.pdb
INFO:2025-10-30 14:43:36,051:Computing HSC features for: Q99551, ENST00000351870, ../Ntranos_Rotation/ESM-SaProt/AF-Q99551-F1-model_v4.pdb.gz
INFO:2025-10-30 14:43:59,733:Successfully computed HSC for Q99551.
INFO:2025-10-30 14:43:59,733:Processing Q99558 with model AF-Q99558-F1-model_v4.pdb
ERROR:2025-10-30 14:43:59,843:No transcript record found for Q99558 in gnomAD.
INFO:2025-10-30 14:43:59,843:Processing Q99567 with model AF-Q99567-F1-model_v4.pdb
INFO:2025-10-30 14:43:59,980:Computing HSC features for: Q99567, ENST00000573584, ../Ntranos_Rotation/ESM-SaProt/AF-Q99567-F1-model_v4.pdb.gz
INFO:2025-10-30 14:44:49,401:Successfully computed HSC for Q99567.
INFO:2025-10-30 14:44:49,401:Processing Q99569 with model AF-Q99569-F1-model_v4.pdb
INFO:2025-10-30 14:44:49,551:Computing HSC features for: Q99569, ENST00000389759, ../Ntranos_Rotation/ESM-SaProt/AF-Q99569-F1-model_v4.pdb.gz
INFO:2025-10-30 14:46:11,828:Successfully computed HSC for Q99569.
INFO:2025-10-30 14:46:11,828:Processing Q99570 with model AF-Q99570-F1-model_v4.pdb
INFO:2025-10-30 14:46:12,100:Computing HSC features for: Q99570, ENST00000356763, ../Ntranos_Rotation/ESM-SaProt/AF-Q99570-F1-model_v4.pdb.gz
INFO:2025-10-30 14:47:37,154:Successfully computed HSC for Q99570.
INFO:2025-10-30 14:47:37,154:Processing Q99571 with model AF-Q99571-F1-model_v4.pdb
INFO:2025-10-30 14:47:37,231:Computing HSC features for: Q99571, ENST00000337233, ../Ntranos_Rotation/ESM-SaProt/AF-Q99571-F1-model_v4.pdb.gz
INFO:2025-10-30 14:48:12,137:Successfully computed HSC for Q99571.
INFO:2025-10-30 14:48:12,137:Processing Q99572 with model AF-Q99572-F1-model_v4.pdb
INFO:2025-10-30 14:48:12,305:Computing HSC features for: Q99572, ENST00000328963, ../Ntranos_Rotation/ESM-SaProt/AF-Q99572-F1-model_v4.pdb.gz
INFO:2025-10-30 14:48:55,774:Successfully computed HSC for Q99572.
INFO:2025-10-30 14:48:55,775:Processing Q99574 with model AF-Q99574-F1-model_v4.pdb
INFO:2025-10-30 14:48:55,846:Computing HSC features for: Q99574, ENST00000295777, ../Ntranos_Rotation/ESM-SaProt/AF-Q99574-F1-model_v4.pdb.gz
INFO:2025-10-30 14:49:16,330:Successfully computed HSC for Q99574.
INFO:2025-10-30 14:49:16,330:Processing Q99575 with model AF-Q99575-F1-model_v4.pdb
INFO:2025-10-30 14:49:16,553:Computing HSC features for: Q99575, ENST00000349693, ../Ntranos_Rotation/ESM-SaProt/AF-Q99575-F1-model_v4.pdb.gz
INFO:2025-10-30 14:50:23,989:Successfully computed HSC for Q99575.
INFO:2025-10-30 14:50:23,989:Processing Q99576 with model AF-Q99576-F1-model_v4.pdb
INFO:2025-10-30 14:50:24,050:Computing HSC features for: Q99576, ENST00000372397, ../Ntranos_Rotation/ESM-SaProt/AF-Q99576-F1-model_v4.pdb.gz
INFO:2025-10-30 14:50:33,272:Successfully computed HSC for Q99576.
INFO:2025-10-30 14:50:33,273:Processing Q99578 with model AF-Q99578-F1-model_v4.pdb
INFO:2025-10-30 14:50:33,341:Computing HSC features for: Q99578, ENST00000326695, ../Ntranos_Rotation/ESM-SaProt/AF-Q99578-F1-model_v4.pdb.gz
INFO:2025-10-30 14:50:46,710:Successfully computed HSC for Q99578.
INFO:2025-10-30 14:50:46,711:Processing Q99581 with model AF-Q99581-F1-model_v4.pdb
INFO:2025-10-30 14:50:46,765:Computing HSC features for: Q99581, ENST00000295727, ../Ntranos_Rotation/ESM-SaProt/AF-Q99581-F1-model_v4.pdb.gz
INFO:2025-10-30 14:51:17,198:Successfully computed HSC for Q99581.
INFO:2025-10-30 14:51:17,198:Processing Q99583 with model AF-Q99583-F1-model_v4.pdb
INFO:2025-10-30 14:51:17,276:Computing HSC features for: Q99583, ENST00000174618, ../Ntranos_Rotation/ESM-SaProt/AF-Q99583-F1-model_v4.pdb.gz
INFO:2025-10-30 14:52:05,873:Successfully computed HSC for Q99583.
INFO:2025-10-30 14:52:05,873:Processing Q99584 with model AF-Q99584-F1-model_v4.pdb
INFO:2025-10-30 14:52:05,928:Computing HSC features for: Q99584, ENST00000339556, ../Ntranos_Rotation/ESM-SaProt/AF-Q99584-F1-model_v4.pdb.gz
INFO:2025-10-30 14:52:11,885:Successfully computed HSC for Q99584.
INFO:2025-10-30 14:52:11,885:Processing Q99590 with model AF-Q99590-F1-model_v4.pdb
INFO:2025-10-30 14:52:12,051:Computing HSC features for: Q99590, ENST00000369367, ../Ntranos_Rotation/ESM-SaProt/AF-Q99590-F1-model_v4.pdb.gz
INFO:2025-10-30 14:53:30,450:Successfully computed HSC for Q99590.
INFO:2025-10-30 14:53:30,451:Processing Q99592 with model AF-Q99592-F1-model_v4.pdb
ERROR:2025-10-30 14:53:30,571:No transcript record found for Q99592 in gnomAD.
INFO:2025-10-30 14:53:30,571:Processing Q99593 with model AF-Q99593-F1-model_v4.pdb
INFO:2025-10-30 14:53:30,632:Computing HSC features for: Q99593, ENST00000310346, ../Ntranos_Rotation/ESM-SaProt/AF-Q99593-F1-model_v4.pdb.gz
INFO:2025-10-30 14:54:12,447:Successfully computed HSC for Q99593.
INFO:2025-10-30 14:54:12,447:Processing Q99594 with model AF-Q99594-F1-model_v4.pdb
ERROR:2025-10-30 14:54:12,544:No valid CDS found for Q99594
INFO:2025-10-30 14:54:12,544:Processing Q99595 with model AF-Q99595-F1-model_v4.pdb
INFO:2025-10-30 14:54:12,600:Computing HSC features for: Q99595, ENST00000367287, ../Ntranos_Rotation/ESM-SaProt/AF-Q99595-F1-model_v4.pdb.gz
INFO:2025-10-30 14:54:23,482:Successfully computed HSC for Q99595.
INFO:2025-10-30 14:54:23,482:Processing Q96T83 with model AF-Q96T83-F1-model_v4.pdb
INFO:2025-10-30 14:54:23,578:Computing HSC features for: Q96T83, ENST00000328306, ../Ntranos_Rotation/ESM-SaProt/AF-Q96T83-F1-model_v4.pdb.gz
INFO:2025-10-30 14:55:21,827:Successfully computed HSC for Q96T83.
INFO:2025-10-30 14:55:21,828:Processing Q96T88 with model AF-Q96T88-F1-model_v4.pdb
ERROR:2025-10-30 14:55:21,968:No transcript record found for Q96T88 in gnomAD.
INFO:2025-10-30 14:55:21,968:Processing Q96T91 with model AF-Q96T91-F1-model_v4.pdb
INFO:2025-10-30 14:55:22,010:Computing HSC features for: Q96T91, ENST00000279168, ../Ntranos_Rotation/ESM-SaProt/AF-Q96T91-F1-model_v4.pdb.gz
INFO:2025-10-30 14:55:34,237:Successfully computed HSC for Q96T91.
INFO:2025-10-30 14:55:34,237:Processing Q96T92 with model AF-Q96T92-F1-model_v4.pdb
INFO:2025-10-30 14:55:34,341:Computing HSC features for: Q96T92, ENST00000307169, ../Ntranos_Rotation/ESM-SaProt/AF-Q96T92-F1-model_v4.pdb.gz
INFO:2025-10-30 14:56:43,479:Successfully computed HSC for Q96T92.
INFO:2025-10-30 14:56:43,479:Processing Q96TA0 with model AF-Q96TA0-F1-model_v4.pdb
ERROR:2025-10-30 14:56:43,592:No ENST transcript IDs were mapped to Q96TA0
INFO:2025-10-30 14:56:43,593:Processing Q96TA1 with model AF-Q96TA1-F1-model_v4.pdb
INFO:2025-10-30 14:56:43,718:Computing HSC features for: Q96TA1, ENST00000373312, ../Ntranos_Rotation/ESM-SaProt/AF-Q96TA1-F1-model_v4.pdb.gz
INFO:2025-10-30 14:57:52,949:Successfully computed HSC for Q96TA1.
INFO:2025-10-30 14:57:52,949:Processing Q96TA2 with model AF-Q96TA2-F1-model_v4.pdb
INFO:2025-10-30 14:57:53,040:Computing HSC features for: Q96TA2, ENST00000326799, ../Ntranos_Rotation/ESM-SaProt/AF-Q96TA2-F1-model_v4.pdb.gz
INFO:2025-10-30 14:58:41,063:Successfully computed HSC for Q96TA2.
INFO:2025-10-30 14:58:41,063:Processing Q96TC7 with model AF-Q96TC7-F1-model_v4.pdb
INFO:2025-10-30 14:58:41,130:Computing HSC features for: Q96TC7, ENST00000260385, ../Ntranos_Rotation/ESM-SaProt/AF-Q96TC7-F1-model_v4.pdb.gz
INFO:2025-10-30 14:59:16,296:Successfully computed HSC for Q96TC7.
INFO:2025-10-30 14:59:16,297:Processing Q99062 with model AF-Q99062-F1-model_v4.pdb
INFO:2025-10-30 14:59:16,615:Computing HSC features for: Q99062, ENST00000373106, ../Ntranos_Rotation/ESM-SaProt/AF-Q99062-F1-model_v4.pdb.gz
INFO:2025-10-30 15:00:13,432:Successfully computed HSC for Q99062.
INFO:2025-10-30 15:00:13,432:Processing Q99075 with model AF-Q99075-F1-model_v4.pdb
INFO:2025-10-30 15:00:13,500:Computing HSC features for: Q99075, ENST00000230990, ../Ntranos_Rotation/ESM-SaProt/AF-Q99075-F1-model_v4.pdb.gz
INFO:2025-10-30 15:00:40,088:Successfully computed HSC for Q99075.
INFO:2025-10-30 15:00:40,088:Pipeline completed.
INFO:2025-10-30 15:00:40,088:no_enst_for_uniprot: 1
INFO:2025-10-30 15:00:40,088:no_valid_cds: 1
INFO:2025-10-30 15:00:40,088:no_variant_data: 4
INFO:2025-10-30 15:00:40,088:bad_structure: 0
INFO:2025-10-30 15:00:40,088:no_enst_mp: 0
