INFO:2025-10-30 14:27:03,906:Starting HSC computation pipeline...
INFO:2025-10-30 14:28:06,458:Processing Q96FC7 with model AF-Q96FC7-F1-model_v4.pdb
INFO:2025-10-30 14:28:06,587:Computing HSC features for: Q96FC7, ENST00000373880, ../Ntranos_Rotation/ESM-SaProt/AF-Q96FC7-F1-model_v4.pdb.gz
INFO:2025-10-30 14:28:35,952:Successfully computed HSC for Q96FC7.
INFO:2025-10-30 14:28:35,952:Processing Q96FC9 with model AF-Q96FC9-F1-model_v4.pdb
INFO:2025-10-30 14:28:36,152:Computing HSC features for: Q96FC9, ENST00000545668, ../Ntranos_Rotation/ESM-SaProt/AF-Q96FC9-F1-model_v4.pdb.gz
INFO:2025-10-30 14:29:59,859:Successfully computed HSC for Q96FC9.
INFO:2025-10-30 14:29:59,859:Processing Q96FE5 with model AF-Q96FE5-F1-model_v4.pdb
INFO:2025-10-30 14:29:59,983:Computing HSC features for: Q96FE5, ENST00000355300, ../Ntranos_Rotation/ESM-SaProt/AF-Q96FE5-F1-model_v4.pdb.gz
INFO:2025-10-30 14:31:02,376:Successfully computed HSC for Q96FE5.
INFO:2025-10-30 14:31:02,376:Processing Q96FE7 with model AF-Q96FE7-F1-model_v4.pdb
INFO:2025-10-30 14:31:02,451:Computing HSC features for: Q96FE7, ENST00000215912, ../Ntranos_Rotation/ESM-SaProt/AF-Q96FE7-F1-model_v4.pdb.gz
INFO:2025-10-30 14:31:27,824:Successfully computed HSC for Q96FE7.
INFO:2025-10-30 14:31:27,824:Processing Q96FF7 with model AF-Q96FF7-F1-model_v4.pdb
INFO:2025-10-30 14:31:27,895:Computing HSC features for: Q96FF7, ENST00000587086, ../Ntranos_Rotation/ESM-SaProt/AF-Q96FF7-F1-model_v4.pdb.gz
ERROR:2025-10-30 14:31:27,979:Missing ENST record in counts: ENST00000587086
INFO:2025-10-30 14:31:27,979:Processing Q96FF9 with model AF-Q96FF9-F1-model_v4.pdb
INFO:2025-10-30 14:31:28,059:Computing HSC features for: Q96FF9, ENST00000275517, ../Ntranos_Rotation/ESM-SaProt/AF-Q96FF9-F1-model_v4.pdb.gz
INFO:2025-10-30 14:31:50,372:Successfully computed HSC for Q96FF9.
INFO:2025-10-30 14:31:50,372:Processing Q96FG2 with model AF-Q96FG2-F1-model_v4.pdb
INFO:2025-10-30 14:31:50,449:Computing HSC features for: Q96FG2, ENST00000393852, ../Ntranos_Rotation/ESM-SaProt/AF-Q96FG2-F1-model_v4.pdb.gz
INFO:2025-10-30 14:32:22,521:Successfully computed HSC for Q96FG2.
INFO:2025-10-30 14:32:22,522:Processing Q96FH0 with model AF-Q96FH0-F1-model_v4.pdb
INFO:2025-10-30 14:32:22,615:Computing HSC features for: Q96FH0, ENST00000462790, ../Ntranos_Rotation/ESM-SaProt/AF-Q96FH0-F1-model_v4.pdb.gz
INFO:2025-10-30 14:32:37,578:Successfully computed HSC for Q96FH0.
INFO:2025-10-30 14:32:37,578:Processing Q96FI4 with model AF-Q96FI4-F1-model_v4.pdb
INFO:2025-10-30 14:32:37,683:Computing HSC features for: Q96FI4, ENST00000355059, ../Ntranos_Rotation/ESM-SaProt/AF-Q96FI4-F1-model_v4.pdb.gz
INFO:2025-10-30 14:33:24,184:Successfully computed HSC for Q96FI4.
INFO:2025-10-30 14:33:24,184:Processing Q96FJ0 with model AF-Q96FJ0-F1-model_v4.pdb
INFO:2025-10-30 14:33:24,261:Computing HSC features for: Q96FJ0, ENST00000371924, ../Ntranos_Rotation/ESM-SaProt/AF-Q96FJ0-F1-model_v4.pdb.gz
INFO:2025-10-30 14:33:50,423:Successfully computed HSC for Q96FJ0.
INFO:2025-10-30 14:33:50,423:Processing Q96FJ2 with model AF-Q96FJ2-F1-model_v4.pdb
INFO:2025-10-30 14:33:50,474:Computing HSC features for: Q96FJ2, ENST00000579991, ../Ntranos_Rotation/ESM-SaProt/AF-Q96FJ2-F1-model_v4.pdb.gz
INFO:2025-10-30 14:33:57,330:Successfully computed HSC for Q96FJ2.
INFO:2025-10-30 14:33:57,330:Processing Q96FK6 with model AF-Q96FK6-F1-model_v4.pdb
INFO:2025-10-30 14:33:57,775:Computing HSC features for: Q96FK6, ENST00000267522, ../Ntranos_Rotation/ESM-SaProt/AF-Q96FK6-F1-model_v4.pdb.gz
INFO:2025-10-30 14:34:22,088:Successfully computed HSC for Q96FK6.
INFO:2025-10-30 14:34:22,088:Processing Q96FL8 with model AF-Q96FL8-F1-model_v4.pdb
INFO:2025-10-30 14:34:22,178:Computing HSC features for: Q96FL8, ENST00000270570, ../Ntranos_Rotation/ESM-SaProt/AF-Q96FL8-F1-model_v4.pdb.gz
INFO:2025-10-30 14:35:06,172:Successfully computed HSC for Q96FL8.
INFO:2025-10-30 14:35:06,172:Processing Q96FL9 with model AF-Q96FL9-F1-model_v4.pdb
INFO:2025-10-30 14:35:06,247:Computing HSC features for: Q96FL9, ENST00000349752, ../Ntranos_Rotation/ESM-SaProt/AF-Q96FL9-F1-model_v4.pdb.gz
INFO:2025-10-30 14:35:52,257:Successfully computed HSC for Q96FL9.
INFO:2025-10-30 14:35:52,257:Processing Q96FM1 with model AF-Q96FM1-F1-model_v4.pdb
INFO:2025-10-30 14:35:52,324:Computing HSC features for: Q96FM1, ENST00000300658, ../Ntranos_Rotation/ESM-SaProt/AF-Q96FM1-F1-model_v4.pdb.gz
INFO:2025-10-30 14:36:29,598:Successfully computed HSC for Q96FM1.
INFO:2025-10-30 14:36:29,598:Processing Q96FN4 with model AF-Q96FN4-F1-model_v4.pdb
INFO:2025-10-30 14:36:29,750:Computing HSC features for: Q96FN4, ENST00000290776, ../Ntranos_Rotation/ESM-SaProt/AF-Q96FN4-F1-model_v4.pdb.gz
INFO:2025-10-30 14:37:18,442:Successfully computed HSC for Q96FN4.
INFO:2025-10-30 14:37:18,442:Processing Q96FN5 with model AF-Q96FN5-F1-model_v4.pdb
ERROR:2025-10-30 14:37:18,786:No ENST transcript IDs were mapped to Q96FN5
INFO:2025-10-30 14:37:18,786:Processing Q96FN9 with model AF-Q96FN9-F1-model_v4.pdb
INFO:2025-10-30 14:37:18,855:Computing HSC features for: Q96FN9, ENST00000310850, ../Ntranos_Rotation/ESM-SaProt/AF-Q96FN9-F1-model_v4.pdb.gz
INFO:2025-10-30 14:37:34,497:Successfully computed HSC for Q96FN9.
INFO:2025-10-30 14:37:34,497:Processing Q96FQ6 with model AF-Q96FQ6-F1-model_v4.pdb
INFO:2025-10-30 14:37:34,570:Computing HSC features for: Q96FQ6, ENST00000368703, ../Ntranos_Rotation/ESM-SaProt/AF-Q96FQ6-F1-model_v4.pdb.gz
INFO:2025-10-30 14:37:43,516:Successfully computed HSC for Q96FQ6.
INFO:2025-10-30 14:37:43,516:Processing Q96FQ7 with model AF-Q96FQ7-F1-model_v4.pdb
ERROR:2025-10-30 14:37:43,555:No ENST transcript IDs were mapped to Q96FQ7
INFO:2025-10-30 14:37:43,555:Processing Q96FS4 with model AF-Q96FS4-F1-model_v4.pdb
INFO:2025-10-30 14:37:43,748:Computing HSC features for: Q96FS4, ENST00000394224, ../Ntranos_Rotation/ESM-SaProt/AF-Q96FS4-F1-model_v4.pdb.gz
INFO:2025-10-30 14:39:32,503:Successfully computed HSC for Q96FS4.
INFO:2025-10-30 14:39:32,503:Processing Q96FT7 with model AF-Q96FT7-F1-model_v4.pdb
ERROR:2025-10-30 14:39:32,639:No valid CDS found for Q96FT7
INFO:2025-10-30 14:39:32,639:Processing Q96FT9 with model AF-Q96FT9-F1-model_v4.pdb
INFO:2025-10-30 14:39:32,712:Computing HSC features for: Q96FT9, ENST00000314067, ../Ntranos_Rotation/ESM-SaProt/AF-Q96FT9-F1-model_v4.pdb.gz
INFO:2025-10-30 14:39:54,096:Successfully computed HSC for Q96FT9.
INFO:2025-10-30 14:39:54,097:Processing Q96FV0 with model AF-Q96FV0-F1-model_v4.pdb
INFO:2025-10-30 14:39:54,255:Computing HSC features for: Q96FV0, ENST00000269025, ../Ntranos_Rotation/ESM-SaProt/AF-Q96FV0-F1-model_v4.pdb.gz
INFO:2025-10-30 14:40:17,707:Successfully computed HSC for Q96FV0.
INFO:2025-10-30 14:40:17,707:Processing Q96FV2 with model AF-Q96FV2-F1-model_v4.pdb
INFO:2025-10-30 14:40:17,796:Computing HSC features for: Q96FV2, ENST00000290216, ../Ntranos_Rotation/ESM-SaProt/AF-Q96FV2-F1-model_v4.pdb.gz
INFO:2025-10-30 14:40:53,234:Successfully computed HSC for Q96FV2.
INFO:2025-10-30 14:40:53,235:Processing Q96FV3 with model AF-Q96FV3-F1-model_v4.pdb
ERROR:2025-10-30 14:40:53,314:No valid CDS found for Q96FV3
INFO:2025-10-30 14:40:53,315:Processing Q96FV9 with model AF-Q96FV9-F1-model_v4.pdb
INFO:2025-10-30 14:40:53,519:Computing HSC features for: Q96FV9, ENST00000261600, ../Ntranos_Rotation/ESM-SaProt/AF-Q96FV9-F1-model_v4.pdb.gz
INFO:2025-10-30 14:41:31,782:Successfully computed HSC for Q96FV9.
INFO:2025-10-30 14:41:31,782:Processing Q96FW1 with model AF-Q96FW1-F1-model_v4.pdb
INFO:2025-10-30 14:41:31,880:Computing HSC features for: Q96FW1, ENST00000428192, ../Ntranos_Rotation/ESM-SaProt/AF-Q96FW1-F1-model_v4.pdb.gz
INFO:2025-10-30 14:41:54,073:Successfully computed HSC for Q96FW1.
INFO:2025-10-30 14:41:54,073:Processing Q96FX2 with model AF-Q96FX2-F1-model_v4.pdb
INFO:2025-10-30 14:41:54,127:Computing HSC features for: Q96FX2, ENST00000488423, ../Ntranos_Rotation/ESM-SaProt/AF-Q96FX2-F1-model_v4.pdb.gz
INFO:2025-10-30 14:42:05,172:Successfully computed HSC for Q96FX2.
INFO:2025-10-30 14:42:05,172:Processing Q96FX7 with model AF-Q96FX7-F1-model_v4.pdb
INFO:2025-10-30 14:42:05,246:Computing HSC features for: Q96FX7, ENST00000389749, ../Ntranos_Rotation/ESM-SaProt/AF-Q96FX7-F1-model_v4.pdb.gz
INFO:2025-10-30 14:43:00,868:Successfully computed HSC for Q96FX7.
INFO:2025-10-30 14:43:00,868:Processing Q96FX8 with model AF-Q96FX8-F1-model_v4.pdb
INFO:2025-10-30 14:43:00,911:Computing HSC features for: Q96FX8, ENST00000421351, ../Ntranos_Rotation/ESM-SaProt/AF-Q96FX8-F1-model_v4.pdb.gz
INFO:2025-10-30 14:43:18,308:Successfully computed HSC for Q96FX8.
INFO:2025-10-30 14:43:18,308:Processing Q96FZ2 with model AF-Q96FZ2-F1-model_v4.pdb
INFO:2025-10-30 14:43:18,410:Computing HSC features for: Q96FZ2, ENST00000383463, ../Ntranos_Rotation/ESM-SaProt/AF-Q96FZ2-F1-model_v4.pdb.gz
INFO:2025-10-30 14:43:41,878:Successfully computed HSC for Q96FZ2.
INFO:2025-10-30 14:43:41,878:Processing Q96FZ5 with model AF-Q96FZ5-F1-model_v4.pdb
INFO:2025-10-30 14:43:41,915:Computing HSC features for: Q96FZ5, ENST00000334983, ../Ntranos_Rotation/ESM-SaProt/AF-Q96FZ5-F1-model_v4.pdb.gz
INFO:2025-10-30 14:44:01,277:Successfully computed HSC for Q96FZ5.
INFO:2025-10-30 14:44:01,277:Processing Q96FZ7 with model AF-Q96FZ7-F1-model_v4.pdb
INFO:2025-10-30 14:44:01,329:Computing HSC features for: Q96FZ7, ENST00000325167, ../Ntranos_Rotation/ESM-SaProt/AF-Q96FZ7-F1-model_v4.pdb.gz
INFO:2025-10-30 14:44:20,744:Successfully computed HSC for Q96FZ7.
INFO:2025-10-30 14:44:20,745:Processing Q96G01 with model AF-Q96G01-F1-model_v4.pdb
ERROR:2025-10-30 14:44:20,917:No transcript record found for Q96G01 in gnomAD.
INFO:2025-10-30 14:44:20,917:Processing Q96G03 with model AF-Q96G03-F1-model_v4.pdb
INFO:2025-10-30 14:44:21,020:Computing HSC features for: Q96G03, ENST00000381967, ../Ntranos_Rotation/ESM-SaProt/AF-Q96G03-F1-model_v4.pdb.gz
INFO:2025-10-30 14:45:16,447:Successfully computed HSC for Q96G03.
INFO:2025-10-30 14:45:16,447:Processing Q96G04 with model AF-Q96G04-F1-model_v4.pdb
INFO:2025-10-30 14:45:16,526:Computing HSC features for: Q96G04, ENST00000427587, ../Ntranos_Rotation/ESM-SaProt/AF-Q96G04-F1-model_v4.pdb.gz
INFO:2025-10-30 14:45:46,004:Successfully computed HSC for Q96G04.
INFO:2025-10-30 14:45:46,004:Processing Q96G21 with model AF-Q96G21-F1-model_v4.pdb
INFO:2025-10-30 14:45:46,070:Computing HSC features for: Q96G21, ENST00000259239, ../Ntranos_Rotation/ESM-SaProt/AF-Q96G21-F1-model_v4.pdb.gz
INFO:2025-10-30 14:46:21,886:Successfully computed HSC for Q96G21.
INFO:2025-10-30 14:46:21,886:Processing Q96G23 with model AF-Q96G23-F1-model_v4.pdb
INFO:2025-10-30 14:46:22,027:Computing HSC features for: Q96G23, ENST00000271688, ../Ntranos_Rotation/ESM-SaProt/AF-Q96G23-F1-model_v4.pdb.gz
INFO:2025-10-30 14:46:54,019:Successfully computed HSC for Q96G23.
INFO:2025-10-30 14:46:54,020:Processing Q96G25 with model AF-Q96G25-F1-model_v4.pdb
INFO:2025-10-30 14:46:54,085:Computing HSC features for: Q96G25, ENST00000372457, ../Ntranos_Rotation/ESM-SaProt/AF-Q96G25-F1-model_v4.pdb.gz
INFO:2025-10-30 14:47:10,673:Successfully computed HSC for Q96G25.
INFO:2025-10-30 14:47:10,673:Processing Q96G27 with model AF-Q96G27-F1-model_v4.pdb
INFO:2025-10-30 14:47:10,931:Computing HSC features for: Q96G27, ENST00000233615, ../Ntranos_Rotation/ESM-SaProt/AF-Q96G27-F1-model_v4.pdb.gz
INFO:2025-10-30 14:47:40,157:Successfully computed HSC for Q96G27.
INFO:2025-10-30 14:47:40,158:Processing Q96G28 with model AF-Q96G28-F1-model_v4.pdb
INFO:2025-10-30 14:47:40,251:Computing HSC features for: Q96G28, ENST00000349456, ../Ntranos_Rotation/ESM-SaProt/AF-Q96G28-F1-model_v4.pdb.gz
INFO:2025-10-30 14:47:58,686:Successfully computed HSC for Q96G28.
INFO:2025-10-30 14:47:58,686:Processing Q96G30 with model AF-Q96G30-F1-model_v4.pdb
INFO:2025-10-30 14:47:58,765:Computing HSC features for: Q96G30, ENST00000257776, ../Ntranos_Rotation/ESM-SaProt/AF-Q96G30-F1-model_v4.pdb.gz
INFO:2025-10-30 14:48:12,130:Successfully computed HSC for Q96G30.
INFO:2025-10-30 14:48:12,130:Processing Q96G42 with model AF-Q96G42-F1-model_v4.pdb
INFO:2025-10-30 14:48:12,279:Computing HSC features for: Q96G42, ENST00000395676, ../Ntranos_Rotation/ESM-SaProt/AF-Q96G42-F1-model_v4.pdb.gz
INFO:2025-10-30 14:49:17,109:Successfully computed HSC for Q96G42.
INFO:2025-10-30 14:49:17,109:Processing Q96G46 with model AF-Q96G46-F1-model_v4.pdb
INFO:2025-10-30 14:49:17,205:Computing HSC features for: Q96G46, ENST00000309061, ../Ntranos_Rotation/ESM-SaProt/AF-Q96G46-F1-model_v4.pdb.gz
INFO:2025-10-30 14:50:27,860:Successfully computed HSC for Q96G46.
INFO:2025-10-30 14:50:27,860:Processing Q96G61 with model AF-Q96G61-F1-model_v4.pdb
INFO:2025-10-30 14:50:27,910:Computing HSC features for: Q96G61, ENST00000375992, ../Ntranos_Rotation/ESM-SaProt/AF-Q96G61-F1-model_v4.pdb.gz
INFO:2025-10-30 14:50:46,534:Successfully computed HSC for Q96G61.
INFO:2025-10-30 14:50:46,534:Processing Q96G74 with model AF-Q96G74-F1-model_v4.pdb
ERROR:2025-10-30 14:50:46,603:No transcript record found for Q96G74 in gnomAD.
INFO:2025-10-30 14:50:46,603:Processing Q96G75 with model AF-Q96G75-F1-model_v4.pdb
INFO:2025-10-30 14:50:46,711:Computing HSC features for: Q96G75, ENST00000313386, ../Ntranos_Rotation/ESM-SaProt/AF-Q96G75-F1-model_v4.pdb.gz
INFO:2025-10-30 14:51:25,109:Successfully computed HSC for Q96G75.
INFO:2025-10-30 14:51:25,109:Processing Q96G79 with model AF-Q96G79-F1-model_v4.pdb
INFO:2025-10-30 14:51:25,164:Computing HSC features for: Q96G79, ENST00000323146, ../Ntranos_Rotation/ESM-SaProt/AF-Q96G79-F1-model_v4.pdb.gz
INFO:2025-10-30 14:51:49,964:Successfully computed HSC for Q96G79.
INFO:2025-10-30 14:51:49,964:Processing Q96G91 with model AF-Q96G91-F1-model_v4.pdb
INFO:2025-10-30 14:51:50,040:Computing HSC features for: Q96G91, ENST00000321826, ../Ntranos_Rotation/ESM-SaProt/AF-Q96G91-F1-model_v4.pdb.gz
INFO:2025-10-30 14:52:33,467:Successfully computed HSC for Q96G91.
INFO:2025-10-30 14:52:33,467:Pipeline completed.
INFO:2025-10-30 14:52:33,467:no_enst_for_uniprot: 2
INFO:2025-10-30 14:52:33,467:no_valid_cds: 2
INFO:2025-10-30 14:52:33,467:no_variant_data: 2
INFO:2025-10-30 14:52:33,467:bad_structure: 0
INFO:2025-10-30 14:52:33,467:no_enst_mp: 1
