INFO:2025-10-30 14:26:02,731:Starting HSC computation pipeline...
INFO:2025-10-30 14:27:02,253:Processing Q16322 with model AF-Q16322-F1-model_v4.pdb
INFO:2025-10-30 14:27:02,348:Computing HSC features for: Q16322, ENST00000369771, ../Ntranos_Rotation/ESM-SaProt/AF-Q16322-F1-model_v4.pdb.gz
INFO:2025-10-30 14:27:39,679:Successfully computed HSC for Q16322.
INFO:2025-10-30 14:27:39,679:Processing Q16342 with model AF-Q16342-F1-model_v4.pdb
INFO:2025-10-30 14:27:39,731:Computing HSC features for: Q16342, ENST00000541970, ../Ntranos_Rotation/ESM-SaProt/AF-Q16342-F1-model_v4.pdb.gz
INFO:2025-10-30 14:28:09,049:Successfully computed HSC for Q16342.
INFO:2025-10-30 14:28:09,049:Processing Q16348 with model AF-Q16348-F1-model_v4.pdb
INFO:2025-10-30 14:28:09,265:Computing HSC features for: Q16348, ENST00000489711, ../Ntranos_Rotation/ESM-SaProt/AF-Q16348-F1-model_v4.pdb.gz
INFO:2025-10-30 14:28:53,674:Successfully computed HSC for Q16348.
INFO:2025-10-30 14:28:53,674:Processing Q16352 with model AF-Q16352-F1-model_v4.pdb
INFO:2025-10-30 14:28:53,775:Computing HSC features for: Q16352, ENST00000369849, ../Ntranos_Rotation/ESM-SaProt/AF-Q16352-F1-model_v4.pdb.gz
INFO:2025-10-30 14:29:59,872:Successfully computed HSC for Q16352.
INFO:2025-10-30 14:29:59,872:Processing Q16363 with model AF-Q16363-F1-model_v4.pdb
ERROR:2025-10-30 14:30:00,113:No valid CDS found for Q16363
INFO:2025-10-30 14:30:00,114:Processing Q16378 with model AF-Q16378-F1-model_v4.pdb
INFO:2025-10-30 14:30:00,167:Computing HSC features for: Q16378, ENST00000228811, ../Ntranos_Rotation/ESM-SaProt/AF-Q16378-F1-model_v4.pdb.gz
INFO:2025-10-30 14:30:09,600:Successfully computed HSC for Q16378.
INFO:2025-10-30 14:30:09,600:Processing Q16384 with model AF-Q16384-F1-model_v4.pdb
INFO:2025-10-30 14:30:09,661:Computing HSC features for: Q16384, ENST00000376919, ../Ntranos_Rotation/ESM-SaProt/AF-Q16384-F1-model_v4.pdb.gz
INFO:2025-10-30 14:30:22,778:Successfully computed HSC for Q16384.
INFO:2025-10-30 14:30:22,778:Processing Q16385 with model AF-Q16385-F1-model_v4.pdb
ERROR:2025-10-30 14:30:22,878:No transcript record found for Q16385 in gnomAD.
INFO:2025-10-30 14:30:22,878:Processing Q16394 with model AF-Q16394-F1-model_v4.pdb
INFO:2025-10-30 14:30:23,007:Computing HSC features for: Q16394, ENST00000378204, ../Ntranos_Rotation/ESM-SaProt/AF-Q16394-F1-model_v4.pdb.gz
INFO:2025-10-30 14:31:22,356:Successfully computed HSC for Q16394.
INFO:2025-10-30 14:31:22,356:Processing Q16401 with model AF-Q16401-F1-model_v4.pdb
INFO:2025-10-30 14:31:22,461:Computing HSC features for: Q16401, ENST00000210313, ../Ntranos_Rotation/ESM-SaProt/AF-Q16401-F1-model_v4.pdb.gz
INFO:2025-10-30 14:31:57,566:Successfully computed HSC for Q16401.
INFO:2025-10-30 14:31:57,566:Processing Q16445 with model AF-Q16445-F1-model_v4.pdb
INFO:2025-10-30 14:31:57,662:Computing HSC features for: Q16445, ENST00000274545, ../Ntranos_Rotation/ESM-SaProt/AF-Q16445-F1-model_v4.pdb.gz
INFO:2025-10-30 14:32:28,622:Successfully computed HSC for Q16445.
INFO:2025-10-30 14:32:28,622:Processing Q16473 with model AF-Q16473-F1-model_v4.pdb
ERROR:2025-10-30 14:32:28,699:No ENST transcript IDs were mapped to Q16473
INFO:2025-10-30 14:32:28,699:Processing Q16478 with model AF-Q16478-F1-model_v4.pdb
INFO:2025-10-30 14:32:28,941:Computing HSC features for: Q16478, ENST00000262895, ../Ntranos_Rotation/ESM-SaProt/AF-Q16478-F1-model_v4.pdb.gz
INFO:2025-10-30 14:34:22,167:Successfully computed HSC for Q16478.
INFO:2025-10-30 14:34:22,167:Processing Q16512 with model AF-Q16512-F1-model_v4.pdb
INFO:2025-10-30 14:34:22,312:Computing HSC features for: Q16512, ENST00000242783, ../Ntranos_Rotation/ESM-SaProt/AF-Q16512-F1-model_v4.pdb.gz
INFO:2025-10-30 14:36:02,180:Successfully computed HSC for Q16512.
INFO:2025-10-30 14:36:02,180:Processing Q16513 with model AF-Q16513-F1-model_v4.pdb
INFO:2025-10-30 14:36:02,347:Computing HSC features for: Q16513, ENST00000370521, ../Ntranos_Rotation/ESM-SaProt/AF-Q16513-F1-model_v4.pdb.gz
INFO:2025-10-30 14:37:02,974:Successfully computed HSC for Q16513.
INFO:2025-10-30 14:37:02,974:Processing Q16514 with model AF-Q16514-F1-model_v4.pdb
ERROR:2025-10-30 14:37:03,032:No transcript record found for Q16514 in gnomAD.
INFO:2025-10-30 14:37:03,032:Processing Q16515 with model AF-Q16515-F1-model_v4.pdb
INFO:2025-10-30 14:37:03,117:Computing HSC features for: Q16515, ENST00000359872, ../Ntranos_Rotation/ESM-SaProt/AF-Q16515-F1-model_v4.pdb.gz
INFO:2025-10-30 14:37:40,166:Successfully computed HSC for Q16515.
INFO:2025-10-30 14:37:40,166:Processing Q16517 with model AF-Q16517-F1-model_v4.pdb
ERROR:2025-10-30 14:37:40,214:No transcript record found for Q16517 in gnomAD.
INFO:2025-10-30 14:37:40,214:Processing Q16518 with model AF-Q16518-F1-model_v4.pdb
INFO:2025-10-30 14:37:40,368:Computing HSC features for: Q16518, ENST00000262340, ../Ntranos_Rotation/ESM-SaProt/AF-Q16518-F1-model_v4.pdb.gz
INFO:2025-10-30 14:38:15,309:Successfully computed HSC for Q16518.
INFO:2025-10-30 14:38:15,309:Processing Q16520 with model AF-Q16520-F1-model_v4.pdb
INFO:2025-10-30 14:38:15,337:Computing HSC features for: Q16520, ENST00000286639, ../Ntranos_Rotation/ESM-SaProt/AF-Q16520-F1-model_v4.pdb.gz
INFO:2025-10-30 14:38:28,093:Successfully computed HSC for Q16520.
INFO:2025-10-30 14:38:28,093:Processing Q16526 with model AF-Q16526-F1-model_v4.pdb
INFO:2025-10-30 14:38:28,170:Computing HSC features for: Q16526, ENST00000008527, ../Ntranos_Rotation/ESM-SaProt/AF-Q16526-F1-model_v4.pdb.gz
INFO:2025-10-30 14:39:09,915:Successfully computed HSC for Q16526.
INFO:2025-10-30 14:39:09,915:Processing Q16527 with model AF-Q16527-F1-model_v4.pdb
INFO:2025-10-30 14:39:09,981:Computing HSC features for: Q16527, ENST00000311083, ../Ntranos_Rotation/ESM-SaProt/AF-Q16527-F1-model_v4.pdb.gz
INFO:2025-10-30 14:39:29,980:Successfully computed HSC for Q16527.
INFO:2025-10-30 14:39:29,980:Processing Q16531 with model AF-Q16531-F1-model_v4.pdb
INFO:2025-10-30 14:39:30,105:Computing HSC features for: Q16531, ENST00000301764, ../Ntranos_Rotation/ESM-SaProt/AF-Q16531-F1-model_v4.pdb.gz
INFO:2025-10-30 14:40:59,441:Successfully computed HSC for Q16531.
INFO:2025-10-30 14:40:59,441:Processing Q16533 with model AF-Q16533-F1-model_v4.pdb
INFO:2025-10-30 14:40:59,495:Computing HSC features for: Q16533, ENST00000216294, ../Ntranos_Rotation/ESM-SaProt/AF-Q16533-F1-model_v4.pdb.gz
INFO:2025-10-30 14:41:23,394:Successfully computed HSC for Q16533.
INFO:2025-10-30 14:41:23,395:Processing Q16534 with model AF-Q16534-F1-model_v4.pdb
INFO:2025-10-30 14:41:23,443:Computing HSC features for: Q16534, ENST00000226067, ../Ntranos_Rotation/ESM-SaProt/AF-Q16534-F1-model_v4.pdb.gz
INFO:2025-10-30 14:41:48,046:Successfully computed HSC for Q16534.
INFO:2025-10-30 14:41:48,046:Processing Q16537 with model AF-Q16537-F1-model_v4.pdb
INFO:2025-10-30 14:41:48,158:Computing HSC features for: Q16537, ENST00000337537, ../Ntranos_Rotation/ESM-SaProt/AF-Q16537-F1-model_v4.pdb.gz
INFO:2025-10-30 14:42:18,574:Successfully computed HSC for Q16537.
INFO:2025-10-30 14:42:18,574:Processing Q16538 with model AF-Q16538-F1-model_v4.pdb
INFO:2025-10-30 14:42:18,656:Computing HSC features for: Q16538, ENST00000311268, ../Ntranos_Rotation/ESM-SaProt/AF-Q16538-F1-model_v4.pdb.gz
INFO:2025-10-30 14:43:12,363:Successfully computed HSC for Q16538.
INFO:2025-10-30 14:43:12,363:Processing Q16539 with model AF-Q16539-F1-model_v4.pdb
INFO:2025-10-30 14:43:12,435:Computing HSC features for: Q16539, ENST00000229795, ../Ntranos_Rotation/ESM-SaProt/AF-Q16539-F1-model_v4.pdb.gz
INFO:2025-10-30 14:43:37,798:Successfully computed HSC for Q16539.
INFO:2025-10-30 14:43:37,798:Processing Q16540 with model AF-Q16540-F1-model_v4.pdb
INFO:2025-10-30 14:43:37,847:Computing HSC features for: Q16540, ENST00000381519, ../Ntranos_Rotation/ESM-SaProt/AF-Q16540-F1-model_v4.pdb.gz
INFO:2025-10-30 14:43:54,659:Successfully computed HSC for Q16540.
INFO:2025-10-30 14:43:54,659:Processing Q16543 with model AF-Q16543-F1-model_v4.pdb
INFO:2025-10-30 14:43:54,752:Computing HSC features for: Q16543, ENST00000222005, ../Ntranos_Rotation/ESM-SaProt/AF-Q16543-F1-model_v4.pdb.gz
INFO:2025-10-30 14:44:36,179:Successfully computed HSC for Q16543.
INFO:2025-10-30 14:44:36,179:Processing Q16548 with model AF-Q16548-F1-model_v4.pdb
INFO:2025-10-30 14:44:36,233:Computing HSC features for: Q16548, ENST00000267953, ../Ntranos_Rotation/ESM-SaProt/AF-Q16548-F1-model_v4.pdb.gz
INFO:2025-10-30 14:44:47,982:Successfully computed HSC for Q16548.
INFO:2025-10-30 14:44:47,982:Processing Q16549 with model AF-Q16549-F1-model_v4.pdb
INFO:2025-10-30 14:44:48,096:Computing HSC features for: Q16549, ENST00000320934, ../Ntranos_Rotation/ESM-SaProt/AF-Q16549-F1-model_v4.pdb.gz
INFO:2025-10-30 14:46:00,886:Successfully computed HSC for Q16549.
INFO:2025-10-30 14:46:00,886:Processing Q16552 with model AF-Q16552-F1-model_v4.pdb
ERROR:2025-10-30 14:46:00,939:No transcript record found for Q16552 in gnomAD.
INFO:2025-10-30 14:46:00,939:Processing Q16553 with model AF-Q16553-F1-model_v4.pdb
INFO:2025-10-30 14:46:00,974:Computing HSC features for: Q16553, ENST00000292494, ../Ntranos_Rotation/ESM-SaProt/AF-Q16553-F1-model_v4.pdb.gz
INFO:2025-10-30 14:46:18,467:Successfully computed HSC for Q16553.
INFO:2025-10-30 14:46:18,467:Processing Q16555 with model AF-Q16555-F1-model_v4.pdb
INFO:2025-10-30 14:46:18,586:Computing HSC features for: Q16555, ENST00000311151, ../Ntranos_Rotation/ESM-SaProt/AF-Q16555-F1-model_v4.pdb.gz
INFO:2025-10-30 14:47:21,715:Successfully computed HSC for Q16555.
INFO:2025-10-30 14:47:21,715:Processing Q16557 with model AF-Q16557-F1-model_v4.pdb
INFO:2025-10-30 14:47:21,831:Computing HSC features for: Q16557, ENST00000327495, ../Ntranos_Rotation/ESM-SaProt/AF-Q16557-F1-model_v4.pdb.gz
INFO:2025-10-30 14:47:52,300:Successfully computed HSC for Q16557.
INFO:2025-10-30 14:47:52,300:Processing Q16558 with model AF-Q16558-F1-model_v4.pdb
INFO:2025-10-30 14:47:52,350:Computing HSC features for: Q16558, ENST00000274629, ../Ntranos_Rotation/ESM-SaProt/AF-Q16558-F1-model_v4.pdb.gz
INFO:2025-10-30 14:48:17,560:Successfully computed HSC for Q16558.
INFO:2025-10-30 14:48:17,560:Processing Q16559 with model AF-Q16559-F1-model_v4.pdb
INFO:2025-10-30 14:48:17,621:Computing HSC features for: Q16559, ENST00000334077, ../Ntranos_Rotation/ESM-SaProt/AF-Q16559-F1-model_v4.pdb.gz
INFO:2025-10-30 14:48:26,096:Successfully computed HSC for Q16559.
INFO:2025-10-30 14:48:26,096:Processing Q16560 with model AF-Q16560-F1-model_v4.pdb
INFO:2025-10-30 14:48:26,144:Computing HSC features for: Q16560, ENST00000350887, ../Ntranos_Rotation/ESM-SaProt/AF-Q16560-F1-model_v4.pdb.gz
INFO:2025-10-30 14:48:47,876:Successfully computed HSC for Q16560.
INFO:2025-10-30 14:48:47,876:Processing Q16563 with model AF-Q16563-F1-model_v4.pdb
INFO:2025-10-30 14:48:47,930:Computing HSC features for: Q16563, ENST00000011473, ../Ntranos_Rotation/ESM-SaProt/AF-Q16563-F1-model_v4.pdb.gz
INFO:2025-10-30 14:49:04,924:Successfully computed HSC for Q16563.
INFO:2025-10-30 14:49:04,924:Processing Q16566 with model AF-Q16566-F1-model_v4.pdb
INFO:2025-10-30 14:49:04,986:Computing HSC features for: Q16566, ENST00000282356, ../Ntranos_Rotation/ESM-SaProt/AF-Q16566-F1-model_v4.pdb.gz
INFO:2025-10-30 14:49:39,227:Successfully computed HSC for Q16566.
INFO:2025-10-30 14:49:39,228:Processing Q16568 with model AF-Q16568-F1-model_v4.pdb
INFO:2025-10-30 14:49:39,263:Computing HSC features for: Q16568, ENST00000296777, ../Ntranos_Rotation/ESM-SaProt/AF-Q16568-F1-model_v4.pdb.gz
INFO:2025-10-30 14:49:49,836:Successfully computed HSC for Q16568.
INFO:2025-10-30 14:49:49,836:Processing Q16570 with model AF-Q16570-F1-model_v4.pdb
INFO:2025-10-30 14:49:49,896:Computing HSC features for: Q16570, ENST00000368122, ../Ntranos_Rotation/ESM-SaProt/AF-Q16570-F1-model_v4.pdb.gz
INFO:2025-10-30 14:50:10,925:Successfully computed HSC for Q16570.
INFO:2025-10-30 14:50:10,925:Processing Q16572 with model AF-Q16572-F1-model_v4.pdb
INFO:2025-10-30 14:50:10,984:Computing HSC features for: Q16572, ENST00000374115, ../Ntranos_Rotation/ESM-SaProt/AF-Q16572-F1-model_v4.pdb.gz
INFO:2025-10-30 14:51:15,958:Successfully computed HSC for Q16572.
INFO:2025-10-30 14:51:15,958:Processing Q16576 with model AF-Q16576-F1-model_v4.pdb
INFO:2025-10-30 14:51:16,049:Computing HSC features for: Q16576, ENST00000380087, ../Ntranos_Rotation/ESM-SaProt/AF-Q16576-F1-model_v4.pdb.gz
INFO:2025-10-30 14:51:43,958:Successfully computed HSC for Q16576.
INFO:2025-10-30 14:51:43,958:Processing Q16581 with model AF-Q16581-F1-model_v4.pdb
INFO:2025-10-30 14:51:44,014:Computing HSC features for: Q16581, ENST00000307637, ../Ntranos_Rotation/ESM-SaProt/AF-Q16581-F1-model_v4.pdb.gz
INFO:2025-10-30 14:52:14,003:Successfully computed HSC for Q16581.
INFO:2025-10-30 14:52:14,003:Processing Q2TAK8 with model AF-Q2TAK8-F1-model_v4.pdb
INFO:2025-10-30 14:52:14,090:Computing HSC features for: Q2TAK8, ENST00000591806, ../Ntranos_Rotation/ESM-SaProt/AF-Q2TAK8-F1-model_v4.pdb.gz
INFO:2025-10-30 14:53:16,918:Successfully computed HSC for Q2TAK8.
INFO:2025-10-30 14:53:16,918:Processing Q2TAL5 with model AF-Q2TAL5-F1-model_v4.pdb
INFO:2025-10-30 14:53:17,107:Computing HSC features for: Q2TAL5, ENST00000389313, ../Ntranos_Rotation/ESM-SaProt/AF-Q2TAL5-F1-model_v4.pdb.gz
INFO:2025-10-30 14:54:16,512:Successfully computed HSC for Q2TAL5.
INFO:2025-10-30 14:54:16,512:Processing Q2TAL6 with model AF-Q2TAL6-F1-model_v4.pdb
INFO:2025-10-30 14:54:16,582:Computing HSC features for: Q2TAL6, ENST00000340652, ../Ntranos_Rotation/ESM-SaProt/AF-Q2TAL6-F1-model_v4.pdb.gz
INFO:2025-10-30 14:55:13,060:Successfully computed HSC for Q2TAL6.
INFO:2025-10-30 14:55:13,060:Processing Q2TAL8 with model AF-Q2TAL8-F1-model_v4.pdb
ERROR:2025-10-30 14:55:13,210:No transcript record found for Q2TAL8 in gnomAD.
INFO:2025-10-30 14:55:13,210:Pipeline completed.
INFO:2025-10-30 14:55:13,210:no_enst_for_uniprot: 1
INFO:2025-10-30 14:55:13,210:no_valid_cds: 1
INFO:2025-10-30 14:55:13,210:no_variant_data: 5
INFO:2025-10-30 14:55:13,210:bad_structure: 0
INFO:2025-10-30 14:55:13,210:no_enst_mp: 0
