INFO:2025-10-30 14:25:03,465:Starting HSC computation pipeline...
INFO:2025-10-30 14:26:00,853:Processing Q6JVE9 with model AF-Q6JVE9-F1-model_v4.pdb
ERROR:2025-10-30 14:26:00,912:No transcript record found for Q6JVE9 in gnomAD.
INFO:2025-10-30 14:26:00,912:Processing Q6K0P9 with model AF-Q6K0P9-F1-model_v4.pdb
INFO:2025-10-30 14:26:00,983:Computing HSC features for: Q6K0P9, ENST00000368140, ../Ntranos_Rotation/ESM-SaProt/AF-Q6K0P9-F1-model_v4.pdb.gz
INFO:2025-10-30 14:26:44,123:Successfully computed HSC for Q6K0P9.
INFO:2025-10-30 14:26:44,123:Processing Q6KB66 with model AF-Q6KB66-F1-model_v4.pdb
INFO:2025-10-30 14:26:44,206:Computing HSC features for: Q6KB66, ENST00000394815, ../Ntranos_Rotation/ESM-SaProt/AF-Q6KB66-F1-model_v4.pdb.gz
INFO:2025-10-30 14:27:26,698:Successfully computed HSC for Q6KB66.
INFO:2025-10-30 14:27:26,698:Processing Q02641 with model AF-Q02641-F1-model_v4.pdb
INFO:2025-10-30 14:27:26,754:Computing HSC features for: Q02641, ENST00000394303, ../Ntranos_Rotation/ESM-SaProt/AF-Q02641-F1-model_v4.pdb.gz
INFO:2025-10-30 14:28:18,755:Successfully computed HSC for Q02641.
INFO:2025-10-30 14:28:18,755:Processing Q02643 with model AF-Q02643-F1-model_v4.pdb
INFO:2025-10-30 14:28:18,849:Computing HSC features for: Q02643, ENST00000326139, ../Ntranos_Rotation/ESM-SaProt/AF-Q02643-F1-model_v4.pdb.gz
INFO:2025-10-30 14:28:49,446:Successfully computed HSC for Q02643.
INFO:2025-10-30 14:28:49,446:Processing Q02742 with model AF-Q02742-F1-model_v4.pdb
INFO:2025-10-30 14:28:49,554:Computing HSC features for: Q02742, ENST00000376730, ../Ntranos_Rotation/ESM-SaProt/AF-Q02742-F1-model_v4.pdb.gz
INFO:2025-10-30 14:29:16,903:Successfully computed HSC for Q02742.
INFO:2025-10-30 14:29:16,903:Processing Q02747 with model AF-Q02747-F1-model_v4.pdb
INFO:2025-10-30 14:29:17,060:Computing HSC features for: Q02747, ENST00000357001, ../Ntranos_Rotation/ESM-SaProt/AF-Q02747-F1-model_v4.pdb.gz
INFO:2025-10-30 14:29:24,713:Successfully computed HSC for Q02747.
INFO:2025-10-30 14:29:24,713:Processing Q02750 with model AF-Q02750-F1-model_v4.pdb
INFO:2025-10-30 14:29:24,820:Computing HSC features for: Q02750, ENST00000307102, ../Ntranos_Rotation/ESM-SaProt/AF-Q02750-F1-model_v4.pdb.gz
INFO:2025-10-30 14:29:51,658:Successfully computed HSC for Q02750.
INFO:2025-10-30 14:29:51,658:Processing Q02763 with model AF-Q02763-F1-model_v4.pdb
INFO:2025-10-30 14:29:51,810:Computing HSC features for: Q02763, ENST00000380036, ../Ntranos_Rotation/ESM-SaProt/AF-Q02763-F1-model_v4.pdb.gz
INFO:2025-10-30 14:31:00,053:Successfully computed HSC for Q02763.
INFO:2025-10-30 14:31:00,053:Processing Q08499 with model AF-Q08499-F1-model_v4.pdb
INFO:2025-10-30 14:31:00,219:Computing HSC features for: Q08499, ENST00000340635, ../Ntranos_Rotation/ESM-SaProt/AF-Q08499-F1-model_v4.pdb.gz
INFO:2025-10-30 14:32:20,005:Successfully computed HSC for Q08499.
INFO:2025-10-30 14:32:20,005:Processing Q08554 with model AF-Q08554-F1-model_v4.pdb
INFO:2025-10-30 14:32:20,149:Computing HSC features for: Q08554, ENST00000257198, ../Ntranos_Rotation/ESM-SaProt/AF-Q08554-F1-model_v4.pdb.gz
INFO:2025-10-30 14:33:13,473:Successfully computed HSC for Q08554.
INFO:2025-10-30 14:33:13,473:Processing Q08623 with model AF-Q08623-F1-model_v4.pdb
INFO:2025-10-30 14:33:13,611:Computing HSC features for: Q08623, ENST00000381077, ../Ntranos_Rotation/ESM-SaProt/AF-Q08623-F1-model_v4.pdb.gz
INFO:2025-10-30 14:33:32,020:Successfully computed HSC for Q08623.
INFO:2025-10-30 14:33:32,020:Processing Q6GV28 with model AF-Q6GV28-F1-model_v4.pdb
INFO:2025-10-30 14:33:32,064:Computing HSC features for: Q6GV28, ENST00000375026, ../Ntranos_Rotation/ESM-SaProt/AF-Q6GV28-F1-model_v4.pdb.gz
INFO:2025-10-30 14:33:45,944:Successfully computed HSC for Q6GV28.
INFO:2025-10-30 14:33:45,944:Processing Q6GYQ0 with model AF-Q6GYQ0-F1-model_v4.pdb
INFO:2025-10-30 14:33:46,253:Computing HSC features for: Q6GYQ0, ENST00000389698, ../Ntranos_Rotation/ESM-SaProt/AF-Q6GYQ0-F1-model_v4.pdb.gz
INFO:2025-10-30 14:35:42,993:Successfully computed HSC for Q6GYQ0.
INFO:2025-10-30 14:35:42,993:Processing Q6H3X3 with model AF-Q6H3X3-F1-model_v4.pdb
INFO:2025-10-30 14:35:43,081:Computing HSC features for: Q6H3X3, ENST00000367360, ../Ntranos_Rotation/ESM-SaProt/AF-Q6H3X3-F1-model_v4.pdb.gz
INFO:2025-10-30 14:36:09,678:Successfully computed HSC for Q6H3X3.
INFO:2025-10-30 14:36:09,678:Processing Q6H8Q1 with model AF-Q6H8Q1-F1-model_v4.pdb
INFO:2025-10-30 14:36:10,109:Computing HSC features for: Q6H8Q1, ENST00000341937, ../Ntranos_Rotation/ESM-SaProt/AF-Q6H8Q1-F1-model_v4.pdb.gz
INFO:2025-10-30 14:37:20,559:Successfully computed HSC for Q6H8Q1.
INFO:2025-10-30 14:37:20,559:Processing Q6H9L7 with model AF-Q6H9L7-F1-model_v4.pdb
INFO:2025-10-30 14:37:20,634:Computing HSC features for: Q6H9L7, ENST00000342219, ../Ntranos_Rotation/ESM-SaProt/AF-Q6H9L7-F1-model_v4.pdb.gz
INFO:2025-10-30 14:38:09,444:Successfully computed HSC for Q6H9L7.
INFO:2025-10-30 14:38:09,444:Processing Q6HA08 with model AF-Q6HA08-F1-model_v4.pdb
INFO:2025-10-30 14:38:09,524:Computing HSC features for: Q6HA08, ENST00000342380, ../Ntranos_Rotation/ESM-SaProt/AF-Q6HA08-F1-model_v4.pdb.gz
INFO:2025-10-30 14:38:54,643:Successfully computed HSC for Q6HA08.
INFO:2025-10-30 14:38:54,643:Processing Q6I9Y2 with model AF-Q6I9Y2-F1-model_v4.pdb
INFO:2025-10-30 14:38:54,717:Computing HSC features for: Q6I9Y2, ENST00000295899, ../Ntranos_Rotation/ESM-SaProt/AF-Q6I9Y2-F1-model_v4.pdb.gz
INFO:2025-10-30 14:39:07,190:Successfully computed HSC for Q6I9Y2.
INFO:2025-10-30 14:39:07,190:Processing Q6IA17 with model AF-Q6IA17-F1-model_v4.pdb
INFO:2025-10-30 14:39:07,288:Computing HSC features for: Q6IA17, ENST00000332725, ../Ntranos_Rotation/ESM-SaProt/AF-Q6IA17-F1-model_v4.pdb.gz
INFO:2025-10-30 14:40:03,842:Successfully computed HSC for Q6IA17.
INFO:2025-10-30 14:40:03,842:Processing Q6IA69 with model AF-Q6IA69-F1-model_v4.pdb
INFO:2025-10-30 14:40:03,983:Computing HSC features for: Q6IA69, ENST00000319023, ../Ntranos_Rotation/ESM-SaProt/AF-Q6IA69-F1-model_v4.pdb.gz
INFO:2025-10-30 14:41:10,530:Successfully computed HSC for Q6IA69.
INFO:2025-10-30 14:41:10,530:Processing Q6IA86 with model AF-Q6IA86-F1-model_v4.pdb
INFO:2025-10-30 14:41:10,669:Computing HSC features for: Q6IA86, ENST00000358232, ../Ntranos_Rotation/ESM-SaProt/AF-Q6IA86-F1-model_v4.pdb.gz
INFO:2025-10-30 14:42:06,873:Successfully computed HSC for Q6IA86.
INFO:2025-10-30 14:42:06,873:Processing Q6IAA8 with model AF-Q6IAA8-F1-model_v4.pdb
INFO:2025-10-30 14:42:06,921:Computing HSC features for: Q6IAA8, ENST00000278671, ../Ntranos_Rotation/ESM-SaProt/AF-Q6IAA8-F1-model_v4.pdb.gz
INFO:2025-10-30 14:42:18,588:Successfully computed HSC for Q6IAA8.
INFO:2025-10-30 14:42:18,588:Processing Q6IAN0 with model AF-Q6IAN0-F1-model_v4.pdb
INFO:2025-10-30 14:42:18,669:Computing HSC features for: Q6IAN0, ENST00000395511, ../Ntranos_Rotation/ESM-SaProt/AF-Q6IAN0-F1-model_v4.pdb.gz
INFO:2025-10-30 14:42:41,288:Successfully computed HSC for Q6IAN0.
INFO:2025-10-30 14:42:41,288:Processing Q6IB77 with model AF-Q6IB77-F1-model_v4.pdb
INFO:2025-10-30 14:42:41,337:Computing HSC features for: Q6IB77, ENST00000344743, ../Ntranos_Rotation/ESM-SaProt/AF-Q6IB77-F1-model_v4.pdb.gz
INFO:2025-10-30 14:42:57,847:Successfully computed HSC for Q6IB77.
INFO:2025-10-30 14:42:57,847:Processing Q6IBS0 with model AF-Q6IBS0-F1-model_v4.pdb
INFO:2025-10-30 14:42:57,896:Computing HSC features for: Q6IBS0, ENST00000305533, ../Ntranos_Rotation/ESM-SaProt/AF-Q6IBS0-F1-model_v4.pdb.gz
INFO:2025-10-30 14:43:27,714:Successfully computed HSC for Q6IBS0.
INFO:2025-10-30 14:43:27,714:Processing Q6IBW4 with model AF-Q6IBW4-F1-model_v4.pdb
INFO:2025-10-30 14:43:27,781:Computing HSC features for: Q6IBW4, ENST00000420993, ../Ntranos_Rotation/ESM-SaProt/AF-Q6IBW4-F1-model_v4.pdb.gz
INFO:2025-10-30 14:44:24,830:Successfully computed HSC for Q6IBW4.
INFO:2025-10-30 14:44:24,830:Processing Q6IC83 with model AF-Q6IC83-F1-model_v4.pdb
INFO:2025-10-30 14:44:24,898:Computing HSC features for: Q6IC83, ENST00000382097, ../Ntranos_Rotation/ESM-SaProt/AF-Q6IC83-F1-model_v4.pdb.gz
INFO:2025-10-30 14:44:42,657:Successfully computed HSC for Q6IC83.
INFO:2025-10-30 14:44:42,657:Processing Q6IC98 with model AF-Q6IC98-F1-model_v4.pdb
INFO:2025-10-30 14:44:42,728:Computing HSC features for: Q6IC98, ENST00000361034, ../Ntranos_Rotation/ESM-SaProt/AF-Q6IC98-F1-model_v4.pdb.gz
INFO:2025-10-30 14:45:43,471:Successfully computed HSC for Q6IC98.
INFO:2025-10-30 14:45:43,472:Processing Q6ICB0 with model AF-Q6ICB0-F1-model_v4.pdb
INFO:2025-10-30 14:45:43,512:Computing HSC features for: Q6ICB0, ENST00000263256, ../Ntranos_Rotation/ESM-SaProt/AF-Q6ICB0-F1-model_v4.pdb.gz
INFO:2025-10-30 14:45:55,569:Successfully computed HSC for Q6ICB0.
INFO:2025-10-30 14:45:55,569:Processing Q6ICB4 with model AF-Q6ICB4-F1-model_v4.pdb
INFO:2025-10-30 14:45:55,638:Computing HSC features for: Q6ICB4, ENST00000321753, ../Ntranos_Rotation/ESM-SaProt/AF-Q6ICB4-F1-model_v4.pdb.gz
INFO:2025-10-30 14:46:16,145:Successfully computed HSC for Q6ICB4.
INFO:2025-10-30 14:46:16,146:Processing Q6ICC9 with model AF-Q6ICC9-F1-model_v4.pdb
INFO:2025-10-30 14:46:16,202:Computing HSC features for: Q6ICC9, ENST00000341255, ../Ntranos_Rotation/ESM-SaProt/AF-Q6ICC9-F1-model_v4.pdb.gz
INFO:2025-10-30 14:46:38,121:Successfully computed HSC for Q6ICC9.
INFO:2025-10-30 14:46:38,122:Processing Q6ICG6 with model AF-Q6ICG6-F1-model_v4.pdb
INFO:2025-10-30 14:46:38,204:Computing HSC features for: Q6ICG6, ENST00000336156, ../Ntranos_Rotation/ESM-SaProt/AF-Q6ICG6-F1-model_v4.pdb.gz
INFO:2025-10-30 14:47:20,993:Successfully computed HSC for Q6ICG6.
INFO:2025-10-30 14:47:20,993:Processing Q6ICG8 with model AF-Q6ICG8-F1-model_v4.pdb
INFO:2025-10-30 14:47:21,036:Computing HSC features for: Q6ICG8, ENST00000328823, ../Ntranos_Rotation/ESM-SaProt/AF-Q6ICG8-F1-model_v4.pdb.gz
INFO:2025-10-30 14:47:41,664:Successfully computed HSC for Q6ICG8.
INFO:2025-10-30 14:47:41,664:Processing Q6ICH7 with model AF-Q6ICH7-F1-model_v4.pdb
INFO:2025-10-30 14:47:41,715:Computing HSC features for: Q6ICH7, ENST00000215906, ../Ntranos_Rotation/ESM-SaProt/AF-Q6ICH7-F1-model_v4.pdb.gz
INFO:2025-10-30 14:48:14,031:Successfully computed HSC for Q6ICH7.
INFO:2025-10-30 14:48:14,031:Processing Q6ICI0 with model AF-Q6ICI0-F1-model_v4.pdb
INFO:2025-10-30 14:48:14,077:Computing HSC features for: Q6ICI0, ENST00000423535, ../Ntranos_Rotation/ESM-SaProt/AF-Q6ICI0-F1-model_v4.pdb.gz
ERROR:2025-10-30 14:48:14,115:Missing ENST record in counts: ENST00000423535
INFO:2025-10-30 14:48:14,115:Processing Q6ICL3 with model AF-Q6ICL3-F1-model_v4.pdb
INFO:2025-10-30 14:48:14,214:Computing HSC features for: Q6ICL3, ENST00000327374, ../Ntranos_Rotation/ESM-SaProt/AF-Q6ICL3-F1-model_v4.pdb.gz
INFO:2025-10-30 14:48:35,485:Successfully computed HSC for Q6ICL3.
INFO:2025-10-30 14:48:35,485:Processing Q6ICL7 with model AF-Q6ICL7-F1-model_v4.pdb
INFO:2025-10-30 14:48:35,534:Computing HSC features for: Q6ICL7, ENST00000343605, ../Ntranos_Rotation/ESM-SaProt/AF-Q6ICL7-F1-model_v4.pdb.gz
INFO:2025-10-30 14:49:06,124:Successfully computed HSC for Q6ICL7.
INFO:2025-10-30 14:49:06,124:Processing Q6IE36 with model AF-Q6IE36-F1-model_v4.pdb
ERROR:2025-10-30 14:49:06,262:No ENST transcript IDs were mapped to Q6IE36
INFO:2025-10-30 14:49:06,262:Processing Q6IE37 with model AF-Q6IE37-F1-model_v4.pdb
ERROR:2025-10-30 14:49:06,424:No ENST transcript IDs were mapped to Q6IE37
INFO:2025-10-30 14:49:06,424:Processing Q6IE38 with model AF-Q6IE38-F1-model_v4.pdb
INFO:2025-10-30 14:49:06,464:Computing HSC features for: Q6IE38, ENST00000356972, ../Ntranos_Rotation/ESM-SaProt/AF-Q6IE38-F1-model_v4.pdb.gz
INFO:2025-10-30 14:49:17,293:Successfully computed HSC for Q6IE38.
INFO:2025-10-30 14:49:17,293:Processing Q6IE81 with model AF-Q6IE81-F1-model_v4.pdb
INFO:2025-10-30 14:49:17,441:Computing HSC features for: Q6IE81, ENST00000226319, ../Ntranos_Rotation/ESM-SaProt/AF-Q6IE81-F1-model_v4.pdb.gz
INFO:2025-10-30 14:50:57,244:Successfully computed HSC for Q6IE81.
INFO:2025-10-30 14:50:57,245:Processing Q6IED9 with model AF-Q6IED9-F1-model_v4.pdb
ERROR:2025-10-30 14:50:57,324:No ENST transcript IDs were mapped to Q6IED9
INFO:2025-10-30 14:50:57,325:Processing Q6IEE7 with model AF-Q6IEE7-F1-model_v4.pdb
ERROR:2025-10-30 14:50:57,520:No transcript record found for Q6IEE7 in gnomAD.
INFO:2025-10-30 14:50:57,520:Processing Q6IEE8 with model AF-Q6IEE8-F1-model_v4.pdb
ERROR:2025-10-30 14:50:57,650:No ENST transcript IDs were mapped to Q6IEE8
INFO:2025-10-30 14:50:57,650:Processing Q6IEG0 with model AF-Q6IEG0-F1-model_v4.pdb
INFO:2025-10-30 14:50:57,746:Computing HSC features for: Q6IEG0, ENST00000342415, ../Ntranos_Rotation/ESM-SaProt/AF-Q6IEG0-F1-model_v4.pdb.gz
INFO:2025-10-30 14:51:23,676:Successfully computed HSC for Q6IEG0.
INFO:2025-10-30 14:51:23,676:Processing Q6IEU7 with model AF-Q6IEU7-F1-model_v4.pdb
INFO:2025-10-30 14:51:23,724:Computing HSC features for: Q6IEU7, ENST00000526538, ../Ntranos_Rotation/ESM-SaProt/AF-Q6IEU7-F1-model_v4.pdb.gz
INFO:2025-10-30 14:51:41,449:Successfully computed HSC for Q6IEU7.
INFO:2025-10-30 14:51:41,449:Processing Q6IEV9 with model AF-Q6IEV9-F1-model_v4.pdb
ERROR:2025-10-30 14:51:41,503:No transcript record found for Q6IEV9 in gnomAD.
INFO:2025-10-30 14:51:41,503:Processing Q6IEY1 with model AF-Q6IEY1-F1-model_v4.pdb
ERROR:2025-10-30 14:51:41,591:No transcript record found for Q6IEY1 in gnomAD.
INFO:2025-10-30 14:51:41,591:Processing Q6IEZ7 with model AF-Q6IEZ7-F1-model_v4.pdb
ERROR:2025-10-30 14:51:41,664:No transcript record found for Q6IEZ7 in gnomAD.
INFO:2025-10-30 14:51:41,664:Pipeline completed.
INFO:2025-10-30 14:51:41,664:no_enst_for_uniprot: 4
INFO:2025-10-30 14:51:41,664:no_valid_cds: 0
INFO:2025-10-30 14:51:41,664:no_variant_data: 5
INFO:2025-10-30 14:51:41,664:bad_structure: 0
INFO:2025-10-30 14:51:41,664:no_enst_mp: 1
