INFO:2025-10-30 14:26:03,177:Starting HSC computation pipeline...
INFO:2025-10-30 14:26:57,114:Processing Q7Z7H5 with model AF-Q7Z7H5-F1-model_v4.pdb
INFO:2025-10-30 14:26:57,160:Computing HSC features for: Q7Z7H5, ENST00000457408, ../Ntranos_Rotation/ESM-SaProt/AF-Q7Z7H5-F1-model_v4.pdb.gz
INFO:2025-10-30 14:27:20,301:Successfully computed HSC for Q7Z7H5.
INFO:2025-10-30 14:27:20,301:Processing Q7Z7H8 with model AF-Q7Z7H8-F1-model_v4.pdb
INFO:2025-10-30 14:27:20,403:Computing HSC features for: Q7Z7H8, ENST00000351111, ../Ntranos_Rotation/ESM-SaProt/AF-Q7Z7H8-F1-model_v4.pdb.gz
INFO:2025-10-30 14:27:40,231:Successfully computed HSC for Q7Z7H8.
INFO:2025-10-30 14:27:40,231:Processing Q7Z7J5 with model AF-Q7Z7J5-F1-model_v4.pdb
INFO:2025-10-30 14:27:40,302:Computing HSC features for: Q7Z7J5, ENST00000478945, ../Ntranos_Rotation/ESM-SaProt/AF-Q7Z7J5-F1-model_v4.pdb.gz
INFO:2025-10-30 14:28:00,420:Successfully computed HSC for Q7Z7J5.
INFO:2025-10-30 14:28:00,420:Processing Q7Z7J9 with model AF-Q7Z7J9-F1-model_v4.pdb
INFO:2025-10-30 14:28:00,501:Computing HSC features for: Q7Z7J9, ENST00000375078, ../Ntranos_Rotation/ESM-SaProt/AF-Q7Z7J9-F1-model_v4.pdb.gz
INFO:2025-10-30 14:28:10,991:Successfully computed HSC for Q7Z7J9.
INFO:2025-10-30 14:28:10,991:Processing Q7Z7K0 with model AF-Q7Z7K0-F1-model_v4.pdb
INFO:2025-10-30 14:28:11,060:Computing HSC features for: Q7Z7K0, ENST00000466830, ../Ntranos_Rotation/ESM-SaProt/AF-Q7Z7K0-F1-model_v4.pdb.gz
INFO:2025-10-30 14:28:21,192:Successfully computed HSC for Q7Z7K0.
INFO:2025-10-30 14:28:21,192:Processing Q7Z7K2 with model AF-Q7Z7K2-F1-model_v4.pdb
INFO:2025-10-30 14:28:21,301:Computing HSC features for: Q7Z7K2, ENST00000302017, ../Ntranos_Rotation/ESM-SaProt/AF-Q7Z7K2-F1-model_v4.pdb.gz
INFO:2025-10-30 14:29:39,639:Successfully computed HSC for Q7Z7K2.
INFO:2025-10-30 14:29:39,639:Processing Q7Z7K6 with model AF-Q7Z7K6-F1-model_v4.pdb
ERROR:2025-10-30 14:29:39,724:No valid CDS found for Q7Z7K6
INFO:2025-10-30 14:29:39,724:Processing Q7Z7L1 with model AF-Q7Z7L1-F1-model_v4.pdb
ERROR:2025-10-30 14:29:39,857:No transcript record found for Q7Z7L1 in gnomAD.
INFO:2025-10-30 14:29:39,857:Processing Q7Z7L7 with model AF-Q7Z7L7-F1-model_v4.pdb
INFO:2025-10-30 14:29:40,001:Computing HSC features for: Q7Z7L7, ENST00000291900, ../Ntranos_Rotation/ESM-SaProt/AF-Q7Z7L7-F1-model_v4.pdb.gz
INFO:2025-10-30 14:30:45,910:Successfully computed HSC for Q7Z7L7.
INFO:2025-10-30 14:30:45,910:Processing Q7Z7L8 with model AF-Q7Z7L8-F1-model_v4.pdb
ERROR:2025-10-30 14:30:46,017:No ENST transcript IDs were mapped to Q7Z7L8
INFO:2025-10-30 14:30:46,017:Processing Q7Z7L9 with model AF-Q7Z7L9-F1-model_v4.pdb
ERROR:2025-10-30 14:30:46,203:No transcript record found for Q7Z7L9 in gnomAD.
INFO:2025-10-30 14:30:46,203:Processing Q7Z7M0 with model AF-Q7Z7M0-F1-model_v4.pdb
ERROR:2025-10-30 14:30:46,424:No valid CDS found for Q7Z7M0
INFO:2025-10-30 14:30:46,424:Processing Q7Z7M1 with model AF-Q7Z7M1-F1-model_v4.pdb
ERROR:2025-10-30 14:30:46,573:No ENST transcript IDs were mapped to Q7Z7M1
INFO:2025-10-30 14:30:46,574:Processing Q7Z7M8 with model AF-Q7Z7M8-F1-model_v4.pdb
ERROR:2025-10-30 14:30:46,673:No transcript record found for Q7Z7M8 in gnomAD.
INFO:2025-10-30 14:30:46,673:Processing Q7Z7M9 with model AF-Q7Z7M9-F1-model_v4.pdb
INFO:2025-10-30 14:30:46,835:Computing HSC features for: Q7Z7M9, ENST00000259056, ../Ntranos_Rotation/ESM-SaProt/AF-Q7Z7M9-F1-model_v4.pdb.gz
INFO:2025-10-30 14:31:52,778:Successfully computed HSC for Q7Z7M9.
INFO:2025-10-30 14:31:52,779:Processing Q7Z7N9 with model AF-Q7Z7N9-F1-model_v4.pdb
INFO:2025-10-30 14:31:52,879:Computing HSC features for: Q7Z7N9, ENST00000333449, ../Ntranos_Rotation/ESM-SaProt/AF-Q7Z7N9-F1-model_v4.pdb.gz
INFO:2025-10-30 14:32:11,631:Successfully computed HSC for Q7Z7N9.
INFO:2025-10-30 14:32:11,632:Processing Q86SE5 with model AF-Q86SE5-F1-model_v4.pdb
INFO:2025-10-30 14:32:11,722:Computing HSC features for: Q86SE5, ENST00000521268, ../Ntranos_Rotation/ESM-SaProt/AF-Q86SE5-F1-model_v4.pdb.gz
INFO:2025-10-30 14:32:35,265:Successfully computed HSC for Q86SE5.
INFO:2025-10-30 14:32:35,265:Processing Q86SE8 with model AF-Q86SE8-F1-model_v4.pdb
INFO:2025-10-30 14:32:35,323:Computing HSC features for: Q86SE8, ENST00000289820, ../Ntranos_Rotation/ESM-SaProt/AF-Q86SE8-F1-model_v4.pdb.gz
INFO:2025-10-30 14:32:50,116:Successfully computed HSC for Q86SE8.
INFO:2025-10-30 14:32:50,116:Processing Q86SE9 with model AF-Q86SE9-F1-model_v4.pdb
INFO:2025-10-30 14:32:50,178:Computing HSC features for: Q86SE9, ENST00000336126, ../Ntranos_Rotation/ESM-SaProt/AF-Q86SE9-F1-model_v4.pdb.gz
INFO:2025-10-30 14:33:08,891:Successfully computed HSC for Q86SE9.
INFO:2025-10-30 14:33:08,891:Processing Q86SF2 with model AF-Q86SF2-F1-model_v4.pdb
INFO:2025-10-30 14:33:08,981:Computing HSC features for: Q86SF2, ENST00000265000, ../Ntranos_Rotation/ESM-SaProt/AF-Q86SF2-F1-model_v4.pdb.gz
INFO:2025-10-30 14:33:51,889:Successfully computed HSC for Q86SF2.
INFO:2025-10-30 14:33:51,889:Processing Q86SG2 with model AF-Q86SG2-F1-model_v4.pdb
INFO:2025-10-30 14:33:51,964:Computing HSC features for: Q86SG2, ENST00000318357, ../Ntranos_Rotation/ESM-SaProt/AF-Q86SG2-F1-model_v4.pdb.gz
INFO:2025-10-30 14:34:19,600:Successfully computed HSC for Q86SG2.
INFO:2025-10-30 14:34:19,600:Processing Q86SG3 with model AF-Q86SG3-F1-model_v4.pdb
ERROR:2025-10-30 14:34:19,733:No transcript record found for Q86SG3 in gnomAD.
INFO:2025-10-30 14:34:19,733:Processing Q86SG4 with model AF-Q86SG4-F1-model_v4.pdb
ERROR:2025-10-30 14:34:19,778:No ENST transcript IDs were mapped to Q86SG4
INFO:2025-10-30 14:34:19,778:Processing Q86SG5 with model AF-Q86SG5-F1-model_v4.pdb
INFO:2025-10-30 14:34:19,861:Computing HSC features for: Q86SG5, ENST00000329256, ../Ntranos_Rotation/ESM-SaProt/AF-Q86SG5-F1-model_v4.pdb.gz
INFO:2025-10-30 14:34:28,377:Successfully computed HSC for Q86SG5.
INFO:2025-10-30 14:34:28,377:Processing Q86SG6 with model AF-Q86SG6-F1-model_v4.pdb
INFO:2025-10-30 14:34:28,508:Computing HSC features for: Q86SG6, ENST00000268766, ../Ntranos_Rotation/ESM-SaProt/AF-Q86SG6-F1-model_v4.pdb.gz
INFO:2025-10-30 14:35:22,063:Successfully computed HSC for Q86SG6.
INFO:2025-10-30 14:35:22,063:Processing Q86SG7 with model AF-Q86SG7-F1-model_v4.pdb
INFO:2025-10-30 14:35:22,120:Computing HSC features for: Q86SG7, ENST00000333017, ../Ntranos_Rotation/ESM-SaProt/AF-Q86SG7-F1-model_v4.pdb.gz
INFO:2025-10-30 14:35:49,753:Successfully computed HSC for Q86SG7.
INFO:2025-10-30 14:35:49,753:Processing Q86SH2 with model AF-Q86SH2-F1-model_v4.pdb
INFO:2025-10-30 14:35:49,907:Computing HSC features for: Q86SH2, ENST00000327939, ../Ntranos_Rotation/ESM-SaProt/AF-Q86SH2-F1-model_v4.pdb.gz
INFO:2025-10-30 14:36:46,802:Successfully computed HSC for Q86SH2.
INFO:2025-10-30 14:36:46,802:Processing Q86SH4 with model AF-Q86SH4-F1-model_v4.pdb
ERROR:2025-10-30 14:36:46,854:No ENST transcript IDs were mapped to Q86SH4
INFO:2025-10-30 14:36:46,854:Processing Q86SI9 with model AF-Q86SI9-F1-model_v4.pdb
ERROR:2025-10-30 14:36:46,918:No ENST transcript IDs were mapped to Q86SI9
INFO:2025-10-30 14:36:46,919:Processing Q86SJ2 with model AF-Q86SJ2-F1-model_v4.pdb
INFO:2025-10-30 14:36:47,037:Computing HSC features for: Q86SJ2, ENST00000266581, ../Ntranos_Rotation/ESM-SaProt/AF-Q86SJ2-F1-model_v4.pdb.gz
INFO:2025-10-30 14:37:29,953:Successfully computed HSC for Q86SJ2.
INFO:2025-10-30 14:37:29,954:Processing Q86SJ6 with model AF-Q86SJ6-F1-model_v4.pdb
INFO:2025-10-30 14:37:30,137:Computing HSC features for: Q86SJ6, ENST00000308128, ../Ntranos_Rotation/ESM-SaProt/AF-Q86SJ6-F1-model_v4.pdb.gz
INFO:2025-10-30 14:38:35,806:Successfully computed HSC for Q86SJ6.
INFO:2025-10-30 14:38:35,806:Processing Q86SK9 with model AF-Q86SK9-F1-model_v4.pdb
INFO:2025-10-30 14:38:35,917:Computing HSC features for: Q86SK9, ENST00000319540, ../Ntranos_Rotation/ESM-SaProt/AF-Q86SK9-F1-model_v4.pdb.gz
INFO:2025-10-30 14:39:05,043:Successfully computed HSC for Q86SK9.
INFO:2025-10-30 14:39:05,043:Processing Q86SM5 with model AF-Q86SM5-F1-model_v4.pdb
INFO:2025-10-30 14:39:05,094:Computing HSC features for: Q86SM5, ENST00000332314, ../Ntranos_Rotation/ESM-SaProt/AF-Q86SM5-F1-model_v4.pdb.gz
INFO:2025-10-30 14:39:36,483:Successfully computed HSC for Q86SM5.
INFO:2025-10-30 14:39:36,483:Processing Q86SM8 with model AF-Q86SM8-F1-model_v4.pdb
INFO:2025-10-30 14:39:36,561:Computing HSC features for: Q86SM8, ENST00000389832, ../Ntranos_Rotation/ESM-SaProt/AF-Q86SM8-F1-model_v4.pdb.gz
INFO:2025-10-30 14:40:08,417:Successfully computed HSC for Q86SM8.
INFO:2025-10-30 14:40:08,417:Processing Q86SP6 with model AF-Q86SP6-F1-model_v4.pdb
INFO:2025-10-30 14:40:08,506:Computing HSC features for: Q86SP6, ENST00000389740, ../Ntranos_Rotation/ESM-SaProt/AF-Q86SP6-F1-model_v4.pdb.gz
INFO:2025-10-30 14:41:03,096:Successfully computed HSC for Q86SP6.
INFO:2025-10-30 14:41:03,096:Processing Q86SQ0 with model AF-Q86SQ0-F1-model_v4.pdb
INFO:2025-10-30 14:41:03,321:Computing HSC features for: Q86SQ0, ENST00000393925, ../Ntranos_Rotation/ESM-SaProt/AF-Q86SQ0-F1-model_v4.pdb.gz
INFO:2025-10-30 14:42:20,981:Successfully computed HSC for Q86SQ0.
INFO:2025-10-30 14:42:20,981:Processing Q86SQ3 with model AF-Q86SQ3-F1-model_v4.pdb
ERROR:2025-10-30 14:42:21,108:No ENST transcript IDs were mapped to Q86SQ3
INFO:2025-10-30 14:42:21,108:Processing Q86SQ4 with model AF-Q86SQ4-F1-model_v4.pdb
INFO:2025-10-30 14:42:21,302:Computing HSC features for: Q86SQ4, ENST00000230173, ../Ntranos_Rotation/ESM-SaProt/AF-Q86SQ4-F1-model_v4.pdb.gz
INFO:2025-10-30 14:43:33,872:Successfully computed HSC for Q86SQ4.
INFO:2025-10-30 14:43:33,872:Processing Q86SQ6 with model AF-Q86SQ6-F1-model_v4.pdb
INFO:2025-10-30 14:43:33,974:Computing HSC features for: Q86SQ6, ENST00000392607, ../Ntranos_Rotation/ESM-SaProt/AF-Q86SQ6-F1-model_v4.pdb.gz
INFO:2025-10-30 14:44:37,364:Successfully computed HSC for Q86SQ6.
INFO:2025-10-30 14:44:37,364:Processing Q86SQ7 with model AF-Q86SQ7-F1-model_v4.pdb
INFO:2025-10-30 14:44:37,503:Computing HSC features for: Q86SQ7, ENST00000366541, ../Ntranos_Rotation/ESM-SaProt/AF-Q86SQ7-F1-model_v4.pdb.gz
INFO:2025-10-30 14:45:20,958:Successfully computed HSC for Q86SQ7.
INFO:2025-10-30 14:45:20,958:Processing Q86U17 with model AF-Q86U17-F1-model_v4.pdb
INFO:2025-10-30 14:45:21,033:Computing HSC features for: Q86U17, ENST00000334708, ../Ntranos_Rotation/ESM-SaProt/AF-Q86U17-F1-model_v4.pdb.gz
INFO:2025-10-30 14:45:48,684:Successfully computed HSC for Q86U17.
INFO:2025-10-30 14:45:48,684:Processing Q86U28 with model AF-Q86U28-F1-model_v4.pdb
INFO:2025-10-30 14:45:48,734:Computing HSC features for: Q86U28, ENST00000556816, ../Ntranos_Rotation/ESM-SaProt/AF-Q86U28-F1-model_v4.pdb.gz
INFO:2025-10-30 14:46:03,233:Successfully computed HSC for Q86U28.
INFO:2025-10-30 14:46:03,233:Processing Q86U37 with model AF-Q86U37-F1-model_v4.pdb
ERROR:2025-10-30 14:46:03,288:No ENST transcript IDs were mapped to Q86U37
INFO:2025-10-30 14:46:03,288:Processing Q86U38 with model AF-Q86U38-F1-model_v4.pdb
INFO:2025-10-30 14:46:03,367:Computing HSC features for: Q86U38, ENST00000267425, ../Ntranos_Rotation/ESM-SaProt/AF-Q86U38-F1-model_v4.pdb.gz
INFO:2025-10-30 14:46:53,029:Successfully computed HSC for Q86U38.
INFO:2025-10-30 14:46:53,029:Processing Q86U42 with model AF-Q86U42-F1-model_v4.pdb
INFO:2025-10-30 14:46:53,114:Computing HSC features for: Q86U42, ENST00000216727, ../Ntranos_Rotation/ESM-SaProt/AF-Q86U42-F1-model_v4.pdb.gz
INFO:2025-10-30 14:47:29,044:Successfully computed HSC for Q86U42.
INFO:2025-10-30 14:47:29,044:Processing Q86U44 with model AF-Q86U44-F1-model_v4.pdb
INFO:2025-10-30 14:47:29,118:Computing HSC features for: Q86U44, ENST00000298717, ../Ntranos_Rotation/ESM-SaProt/AF-Q86U44-F1-model_v4.pdb.gz
INFO:2025-10-30 14:48:08,363:Successfully computed HSC for Q86U44.
INFO:2025-10-30 14:48:08,363:Processing Q86U70 with model AF-Q86U70-F1-model_v4.pdb
ERROR:2025-10-30 14:48:08,457:No transcript record found for Q86U70 in gnomAD.
INFO:2025-10-30 14:48:08,457:Processing Q86U86 with model AF-Q86U86-F1-model_v4.pdb
INFO:2025-10-30 14:48:08,741:Computing HSC features for: Q86U86, ENST00000296302, ../Ntranos_Rotation/ESM-SaProt/AF-Q86U86-F1-model_v4.pdb.gz
INFO:2025-10-30 14:49:47,224:Successfully computed HSC for Q86U86.
INFO:2025-10-30 14:49:47,224:Processing Q86U90 with model AF-Q86U90-F1-model_v4.pdb
INFO:2025-10-30 14:49:47,418:Computing HSC features for: Q86U90, ENST00000373044, ../Ntranos_Rotation/ESM-SaProt/AF-Q86U90-F1-model_v4.pdb.gz
INFO:2025-10-30 14:50:25,272:Successfully computed HSC for Q86U90.
INFO:2025-10-30 14:50:25,273:Processing Q86UA1 with model AF-Q86UA1-F1-model_v4.pdb
INFO:2025-10-30 14:50:25,393:Computing HSC features for: Q86UA1, ENST00000355765, ../Ntranos_Rotation/ESM-SaProt/AF-Q86UA1-F1-model_v4.pdb.gz
INFO:2025-10-30 14:51:08,626:Successfully computed HSC for Q86UA1.
INFO:2025-10-30 14:51:08,626:Pipeline completed.
INFO:2025-10-30 14:51:08,626:no_enst_for_uniprot: 7
INFO:2025-10-30 14:51:08,626:no_valid_cds: 2
INFO:2025-10-30 14:51:08,626:no_variant_data: 5
INFO:2025-10-30 14:51:08,626:bad_structure: 0
INFO:2025-10-30 14:51:08,626:no_enst_mp: 0
