INFO:2025-10-30 14:47:01,723:Starting HSC computation pipeline...
INFO:2025-10-30 14:47:53,102:Processing Q9NQV7 with model AF-Q9NQV7-F1-model_v4.pdb
INFO:2025-10-30 14:47:53,291:Computing HSC features for: Q9NQV7, ENST00000296682, ../Ntranos_Rotation/ESM-SaProt/AF-Q9NQV7-F1-model_v4.pdb.gz
INFO:2025-10-30 14:49:48,743:Successfully computed HSC for Q9NQV7.
INFO:2025-10-30 14:49:48,743:Processing Q9NQV8 with model AF-Q9NQV8-F1-model_v4.pdb
INFO:2025-10-30 14:49:48,919:Computing HSC features for: Q9NQV8, ENST00000339711, ../Ntranos_Rotation/ESM-SaProt/AF-Q9NQV8-F1-model_v4.pdb.gz
INFO:2025-10-30 14:51:54,397:Successfully computed HSC for Q9NQV8.
INFO:2025-10-30 14:51:54,397:Processing Q9NQW1 with model AF-Q9NQW1-F1-model_v4.pdb
INFO:2025-10-30 14:51:54,631:Computing HSC features for: Q9NQW1, ENST00000370345, ../Ntranos_Rotation/ESM-SaProt/AF-Q9NQW1-F1-model_v4.pdb.gz
INFO:2025-10-30 14:54:21,519:Successfully computed HSC for Q9NQW1.
INFO:2025-10-30 14:54:21,519:Processing Q9NQW5 with model AF-Q9NQW5-F1-model_v4.pdb
INFO:2025-10-30 14:54:21,650:Computing HSC features for: Q9NQW5, ENST00000449207, ../Ntranos_Rotation/ESM-SaProt/AF-Q9NQW5-F1-model_v4.pdb.gz
INFO:2025-10-30 14:55:23,743:Successfully computed HSC for Q9NQW5.
INFO:2025-10-30 14:55:23,743:Processing Q9NQW6 with model AF-Q9NQW6-F1-model_v4.pdb
INFO:2025-10-30 14:55:24,167:Computing HSC features for: Q9NQW6, ENST00000265748, ../Ntranos_Rotation/ESM-SaProt/AF-Q9NQW6-F1-model_v4.pdb.gz
INFO:2025-10-30 14:57:10,519:Successfully computed HSC for Q9NQW6.
INFO:2025-10-30 14:57:10,519:Processing Q9NQW7 with model AF-Q9NQW7-F1-model_v4.pdb
ERROR:2025-10-30 14:57:10,642:No valid CDS found for Q9NQW7
INFO:2025-10-30 14:57:10,642:Processing Q9NQW8 with model AF-Q9NQW8-F1-model_v4.pdb
INFO:2025-10-30 14:57:10,755:Computing HSC features for: Q9NQW8, ENST00000320005, ../Ntranos_Rotation/ESM-SaProt/AF-Q9NQW8-F1-model_v4.pdb.gz
INFO:2025-10-30 14:58:10,039:Successfully computed HSC for Q9NQW8.
INFO:2025-10-30 14:58:10,039:Processing Q9NQX0 with model AF-Q9NQX0-F1-model_v4.pdb
INFO:2025-10-30 14:58:10,125:Computing HSC features for: Q9NQX0, ENST00000407847, ../Ntranos_Rotation/ESM-SaProt/AF-Q9NQX0-F1-model_v4.pdb.gz
INFO:2025-10-30 14:59:27,692:Successfully computed HSC for Q9NQX0.
INFO:2025-10-30 14:59:27,692:Processing Q9NQX1 with model AF-Q9NQX1-F1-model_v4.pdb
INFO:2025-10-30 14:59:27,804:Computing HSC features for: Q9NQX1, ENST00000264808, ../Ntranos_Rotation/ESM-SaProt/AF-Q9NQX1-F1-model_v4.pdb.gz
INFO:2025-10-30 15:00:27,649:Successfully computed HSC for Q9NQX1.
INFO:2025-10-30 15:00:27,649:Processing Q9NQX3 with model AF-Q9NQX3-F1-model_v4.pdb
INFO:2025-10-30 15:00:27,760:Computing HSC features for: Q9NQX3, ENST00000315266, ../Ntranos_Rotation/ESM-SaProt/AF-Q9NQX3-F1-model_v4.pdb.gz
INFO:2025-10-30 15:01:27,135:Successfully computed HSC for Q9NQX3.
INFO:2025-10-30 15:01:27,136:Processing Q9NQX4 with model AF-Q9NQX4-F1-model_v4.pdb
INFO:2025-10-30 15:01:27,346:Computing HSC features for: Q9NQX4, ENST00000261839, ../Ntranos_Rotation/ESM-SaProt/AF-Q9NQX4-F1-model_v4.pdb.gz
INFO:2025-10-30 15:05:08,729:Successfully computed HSC for Q9NQX4.
INFO:2025-10-30 15:05:08,729:Processing Q9NQX5 with model AF-Q9NQX5-F1-model_v4.pdb
INFO:2025-10-30 15:05:08,791:Computing HSC features for: Q9NQX5, ENST00000371601, ../Ntranos_Rotation/ESM-SaProt/AF-Q9NQX5-F1-model_v4.pdb.gz
INFO:2025-10-30 15:05:53,170:Successfully computed HSC for Q9NQX5.
INFO:2025-10-30 15:05:53,171:Processing Q9NQX6 with model AF-Q9NQX6-F1-model_v4.pdb
INFO:2025-10-30 15:05:53,259:Computing HSC features for: Q9NQX6, ENST00000253144, ../Ntranos_Rotation/ESM-SaProt/AF-Q9NQX6-F1-model_v4.pdb.gz
INFO:2025-10-30 15:06:34,829:Successfully computed HSC for Q9NQX6.
INFO:2025-10-30 15:06:34,829:Processing Q9NQX7 with model AF-Q9NQX7-F1-model_v4.pdb
INFO:2025-10-30 15:06:34,925:Computing HSC features for: Q9NQX7, ENST00000326427, ../Ntranos_Rotation/ESM-SaProt/AF-Q9NQX7-F1-model_v4.pdb.gz
INFO:2025-10-30 15:07:38,073:Successfully computed HSC for Q9NQX7.
INFO:2025-10-30 15:07:38,073:Processing Q9NQY0 with model AF-Q9NQY0-F1-model_v4.pdb
INFO:2025-10-30 15:07:38,161:Computing HSC features for: Q9NQY0, ENST00000276416, ../Ntranos_Rotation/ESM-SaProt/AF-Q9NQY0-F1-model_v4.pdb.gz
INFO:2025-10-30 15:08:23,508:Successfully computed HSC for Q9NQY0.
INFO:2025-10-30 15:08:23,508:Processing Q9NQZ2 with model AF-Q9NQZ2-F1-model_v4.pdb
INFO:2025-10-30 15:08:23,656:Computing HSC features for: Q9NQZ2, ENST00000254803, ../Ntranos_Rotation/ESM-SaProt/AF-Q9NQZ2-F1-model_v4.pdb.gz
INFO:2025-10-30 15:09:23,049:Successfully computed HSC for Q9NQZ2.
INFO:2025-10-30 15:09:23,049:Processing Q9NQZ3 with model AF-Q9NQZ3-F1-model_v4.pdb
ERROR:2025-10-30 15:09:23,219:No transcript record found for Q9NQZ3 in gnomAD.
INFO:2025-10-30 15:09:23,219:Processing Q9NQZ5 with model AF-Q9NQZ5-F1-model_v4.pdb
INFO:2025-10-30 15:09:23,319:Computing HSC features for: Q9NQZ5, ENST00000337288, ../Ntranos_Rotation/ESM-SaProt/AF-Q9NQZ5-F1-model_v4.pdb.gz
INFO:2025-10-30 15:10:31,153:Successfully computed HSC for Q9NQZ5.
INFO:2025-10-30 15:10:31,153:Processing Q9NQZ6 with model AF-Q9NQZ6-F1-model_v4.pdb
ERROR:2025-10-30 15:10:31,229:No transcript record found for Q9NQZ6 in gnomAD.
INFO:2025-10-30 15:10:31,229:Processing Q9NQZ7 with model AF-Q9NQZ7-F1-model_v4.pdb
INFO:2025-10-30 15:10:31,386:Computing HSC features for: Q9NQZ7, ENST00000370489, ../Ntranos_Rotation/ESM-SaProt/AF-Q9NQZ7-F1-model_v4.pdb.gz
INFO:2025-10-30 15:11:46,531:Successfully computed HSC for Q9NQZ7.
INFO:2025-10-30 15:11:46,531:Processing Q9NQZ8 with model AF-Q9NQZ8-F1-model_v4.pdb
INFO:2025-10-30 15:11:46,599:Computing HSC features for: Q9NQZ8, ENST00000328070, ../Ntranos_Rotation/ESM-SaProt/AF-Q9NQZ8-F1-model_v4.pdb.gz
INFO:2025-10-30 15:12:51,834:Successfully computed HSC for Q9NQZ8.
INFO:2025-10-30 15:12:51,834:Processing Q9NR00 with model AF-Q9NR00-F1-model_v4.pdb
INFO:2025-10-30 15:12:51,864:Computing HSC features for: Q9NR00, ENST00000315792, ../Ntranos_Rotation/ESM-SaProt/AF-Q9NR00-F1-model_v4.pdb.gz
INFO:2025-10-30 15:13:01,903:Successfully computed HSC for Q9NR00.
INFO:2025-10-30 15:13:01,903:Processing Q9NR09 with model AF-Q9NR09-F1-model_v4.pdb
ERROR:2025-10-30 15:13:02,070:No valid CDS found for Q9NR09
INFO:2025-10-30 15:13:02,071:Processing Q9NQ55 with model AF-Q9NQ55-F1-model_v4.pdb
INFO:2025-10-30 15:13:02,276:Computing HSC features for: Q9NQ55, ENST00000253107, ../Ntranos_Rotation/ESM-SaProt/AF-Q9NQ55-F1-model_v4.pdb.gz
INFO:2025-10-30 15:14:02,161:Successfully computed HSC for Q9NQ55.
INFO:2025-10-30 15:14:02,161:Processing Q9NQ60 with model AF-Q9NQ60-F1-model_v4.pdb
INFO:2025-10-30 15:14:02,209:Computing HSC features for: Q9NQ60, ENST00000380032, ../Ntranos_Rotation/ESM-SaProt/AF-Q9NQ60-F1-model_v4.pdb.gz
INFO:2025-10-30 15:14:22,980:Successfully computed HSC for Q9NQ60.
INFO:2025-10-30 15:14:22,980:Processing Q9NQ66 with model AF-Q9NQ66-F1-model_v4.pdb
INFO:2025-10-30 15:14:23,116:Computing HSC features for: Q9NQ66, ENST00000338037, ../Ntranos_Rotation/ESM-SaProt/AF-Q9NQ66-F1-model_v4.pdb.gz
INFO:2025-10-30 15:16:05,616:Successfully computed HSC for Q9NQ66.
INFO:2025-10-30 15:16:05,616:Processing Q9NQ69 with model AF-Q9NQ69-F1-model_v4.pdb
INFO:2025-10-30 15:16:05,671:Computing HSC features for: Q9NQ69, ENST00000367387, ../Ntranos_Rotation/ESM-SaProt/AF-Q9NQ69-F1-model_v4.pdb.gz
INFO:2025-10-30 15:16:56,740:Successfully computed HSC for Q9NQ69.
INFO:2025-10-30 15:16:56,740:Processing Q9NQ75 with model AF-Q9NQ75-F1-model_v4.pdb
INFO:2025-10-30 15:16:56,851:Computing HSC features for: Q9NQ75, ENST00000360314, ../Ntranos_Rotation/ESM-SaProt/AF-Q9NQ75-F1-model_v4.pdb.gz
INFO:2025-10-30 15:18:58,510:Successfully computed HSC for Q9NQ75.
INFO:2025-10-30 15:18:58,511:Processing Q9NQ76 with model AF-Q9NQ76-F1-model_v4.pdb
INFO:2025-10-30 15:18:58,618:Computing HSC features for: Q9NQ76, ENST00000361056, ../Ntranos_Rotation/ESM-SaProt/AF-Q9NQ76-F1-model_v4.pdb.gz
INFO:2025-10-30 15:19:58,903:Successfully computed HSC for Q9NQ76.
INFO:2025-10-30 15:19:58,903:Processing Q9NQ79 with model AF-Q9NQ79-F1-model_v4.pdb
INFO:2025-10-30 15:19:59,037:Computing HSC features for: Q9NQ79, ENST00000370597, ../Ntranos_Rotation/ESM-SaProt/AF-Q9NQ79-F1-model_v4.pdb.gz
INFO:2025-10-30 15:22:08,704:Successfully computed HSC for Q9NQ79.
INFO:2025-10-30 15:22:08,705:Processing Q9NQ84 with model AF-Q9NQ84-F1-model_v4.pdb
ERROR:2025-10-30 15:22:08,802:No transcript record found for Q9NQ84 in gnomAD.
INFO:2025-10-30 15:22:08,802:Processing Q9NQ86 with model AF-Q9NQ86-F1-model_v4.pdb
INFO:2025-10-30 15:22:08,968:Computing HSC features for: Q9NQ86, ENST00000282369, ../Ntranos_Rotation/ESM-SaProt/AF-Q9NQ86-F1-model_v4.pdb.gz
INFO:2025-10-30 15:23:08,897:Successfully computed HSC for Q9NQ86.
INFO:2025-10-30 15:23:08,897:Processing Q9NQ87 with model AF-Q9NQ87-F1-model_v4.pdb
INFO:2025-10-30 15:23:08,964:Computing HSC features for: Q9NQ87, ENST00000372852, ../Ntranos_Rotation/ESM-SaProt/AF-Q9NQ87-F1-model_v4.pdb.gz
INFO:2025-10-30 15:23:43,866:Successfully computed HSC for Q9NQ87.
INFO:2025-10-30 15:23:43,866:Processing Q9NQ88 with model AF-Q9NQ88-F1-model_v4.pdb
INFO:2025-10-30 15:23:44,214:Computing HSC features for: Q9NQ88, ENST00000179259, ../Ntranos_Rotation/ESM-SaProt/AF-Q9NQ88-F1-model_v4.pdb.gz
INFO:2025-10-30 15:24:11,341:Successfully computed HSC for Q9NQ88.
INFO:2025-10-30 15:24:11,342:Processing Q9NQ89 with model AF-Q9NQ89-F1-model_v4.pdb
INFO:2025-10-30 15:24:11,421:Computing HSC features for: Q9NQ89, ENST00000261250, ../Ntranos_Rotation/ESM-SaProt/AF-Q9NQ89-F1-model_v4.pdb.gz
INFO:2025-10-30 15:25:20,634:Successfully computed HSC for Q9NQ89.
INFO:2025-10-30 15:25:20,634:Processing Q9NQ90 with model AF-Q9NQ90-F1-model_v4.pdb
ERROR:2025-10-30 15:25:20,874:No transcript record found for Q9NQ90 in gnomAD.
INFO:2025-10-30 15:25:20,875:Processing Q9NQ92 with model AF-Q9NQ92-F1-model_v4.pdb
INFO:2025-10-30 15:25:20,933:Computing HSC features for: Q9NQ92, ENST00000302362, ../Ntranos_Rotation/ESM-SaProt/AF-Q9NQ92-F1-model_v4.pdb.gz
INFO:2025-10-30 15:25:59,057:Successfully computed HSC for Q9NQ92.
INFO:2025-10-30 15:25:59,057:Processing Q9NQ94 with model AF-Q9NQ94-F1-model_v4.pdb
INFO:2025-10-30 15:25:59,205:Computing HSC features for: Q9NQ94, ENST00000373993, ../Ntranos_Rotation/ESM-SaProt/AF-Q9NQ94-F1-model_v4.pdb.gz
INFO:2025-10-30 15:27:21,045:Successfully computed HSC for Q9NQ94.
INFO:2025-10-30 15:27:21,046:Processing Q9NQA3 with model AF-Q9NQA3-F1-model_v4.pdb
ERROR:2025-10-30 15:27:21,224:No ENST transcript IDs were mapped to Q9NQA3
INFO:2025-10-30 15:27:21,224:Processing Q9NQA5 with model AF-Q9NQA5-F1-model_v4.pdb
INFO:2025-10-30 15:27:21,369:Computing HSC features for: Q9NQA5, ENST00000265310, ../Ntranos_Rotation/ESM-SaProt/AF-Q9NQA5-F1-model_v4.pdb.gz
INFO:2025-10-30 15:28:46,008:Successfully computed HSC for Q9NQA5.
INFO:2025-10-30 15:28:46,009:Processing Q9NQB0 with model AF-Q9NQB0-F1-model_v4.pdb
INFO:2025-10-30 15:28:46,091:Computing HSC features for: Q9NQB0, ENST00000355995, ../Ntranos_Rotation/ESM-SaProt/AF-Q9NQB0-F1-model_v4.pdb.gz
INFO:2025-10-30 15:29:57,707:Successfully computed HSC for Q9NQB0.
INFO:2025-10-30 15:29:57,707:Processing Q9NQC1 with model AF-Q9NQC1-F1-model_v4.pdb
INFO:2025-10-30 15:29:57,857:Computing HSC features for: Q9NQC1, ENST00000395003, ../Ntranos_Rotation/ESM-SaProt/AF-Q9NQC1-F1-model_v4.pdb.gz
INFO:2025-10-30 15:32:16,712:Successfully computed HSC for Q9NQC1.
INFO:2025-10-30 15:32:16,712:Processing Q9NQC3 with model AF-Q9NQC3-F1-model_v4.pdb
INFO:2025-10-30 15:32:16,925:Computing HSC features for: Q9NQC3, ENST00000337526, ../Ntranos_Rotation/ESM-SaProt/AF-Q9NQC3-F1-model_v4.pdb.gz
INFO:2025-10-30 15:34:26,322:Successfully computed HSC for Q9NQC3.
INFO:2025-10-30 15:34:26,322:Processing Q9NQC7 with model AF-Q9NQC7-F1-model_v4.pdb
INFO:2025-10-30 15:34:26,433:Computing HSC features for: Q9NQC7, ENST00000311559, ../Ntranos_Rotation/ESM-SaProt/AF-Q9NQC7-F1-model_v4.pdb.gz
INFO:2025-10-30 15:35:39,030:Successfully computed HSC for Q9NQC7.
INFO:2025-10-30 15:35:39,030:Processing Q9NQC8 with model AF-Q9NQC8-F1-model_v4.pdb
INFO:2025-10-30 15:35:39,107:Computing HSC features for: Q9NQC8, ENST00000264021, ../Ntranos_Rotation/ESM-SaProt/AF-Q9NQC8-F1-model_v4.pdb.gz
INFO:2025-10-30 15:36:18,394:Successfully computed HSC for Q9NQC8.
INFO:2025-10-30 15:36:18,394:Processing Q9NQE7 with model AF-Q9NQE7-F1-model_v4.pdb
INFO:2025-10-30 15:36:18,511:Computing HSC features for: Q9NQE7, ENST00000230582, ../Ntranos_Rotation/ESM-SaProt/AF-Q9NQE7-F1-model_v4.pdb.gz
INFO:2025-10-30 15:37:38,187:Successfully computed HSC for Q9NQE7.
INFO:2025-10-30 15:37:38,187:Processing Q9NQE9 with model AF-Q9NQE9-F1-model_v4.pdb
INFO:2025-10-30 15:37:38,237:Computing HSC features for: Q9NQE9, ENST00000229633, ../Ntranos_Rotation/ESM-SaProt/AF-Q9NQE9-F1-model_v4.pdb.gz
INFO:2025-10-30 15:37:56,161:Successfully computed HSC for Q9NQE9.
INFO:2025-10-30 15:37:56,161:Processing Q9NQF3 with model AF-Q9NQF3-F1-model_v4.pdb
ERROR:2025-10-30 15:37:56,211:No ENST transcript IDs were mapped to Q9NQF3
INFO:2025-10-30 15:37:56,211:Processing Q9NQG1 with model AF-Q9NQG1-F1-model_v4.pdb
ERROR:2025-10-30 15:37:56,248:No transcript record found for Q9NQG1 in gnomAD.
INFO:2025-10-30 15:37:56,249:Processing Q9NQG5 with model AF-Q9NQG5-F1-model_v4.pdb
INFO:2025-10-30 15:37:56,334:Computing HSC features for: Q9NQG5, ENST00000373433, ../Ntranos_Rotation/ESM-SaProt/AF-Q9NQG5-F1-model_v4.pdb.gz
INFO:2025-10-30 15:38:52,089:Successfully computed HSC for Q9NQG5.
INFO:2025-10-30 15:38:52,090:Pipeline completed.
INFO:2025-10-30 15:38:52,090:no_enst_for_uniprot: 2
INFO:2025-10-30 15:38:52,090:no_valid_cds: 2
INFO:2025-10-30 15:38:52,090:no_variant_data: 5
INFO:2025-10-30 15:38:52,090:bad_structure: 0
INFO:2025-10-30 15:38:52,090:no_enst_mp: 0
