INFO:2025-10-30 14:26:02,898:Starting HSC computation pipeline...
INFO:2025-10-30 14:27:02,792:Processing Q6ZMP0 with model AF-Q6ZMP0-F1-model_v4.pdb
INFO:2025-10-30 14:27:03,044:Computing HSC features for: Q6ZMP0, ENST00000355327, ../Ntranos_Rotation/ESM-SaProt/AF-Q6ZMP0-F1-model_v4.pdb.gz
INFO:2025-10-30 14:29:20,734:Successfully computed HSC for Q6ZMP0.
INFO:2025-10-30 14:29:20,735:Processing Q6ZMQ8 with model AF-Q6ZMQ8-F1-model_v4.pdb
INFO:2025-10-30 14:29:21,039:Computing HSC features for: Q6ZMQ8, ENST00000326724, ../Ntranos_Rotation/ESM-SaProt/AF-Q6ZMQ8-F1-model_v4.pdb.gz
INFO:2025-10-30 14:33:05,646:Successfully computed HSC for Q6ZMQ8.
INFO:2025-10-30 14:33:05,646:Processing Q6ZMR3 with model AF-Q6ZMR3-F1-model_v4.pdb
INFO:2025-10-30 14:33:05,764:Computing HSC features for: Q6ZMR3, ENST00000280706, ../Ntranos_Rotation/ESM-SaProt/AF-Q6ZMR3-F1-model_v4.pdb.gz
INFO:2025-10-30 14:33:35,280:Successfully computed HSC for Q6ZMR3.
INFO:2025-10-30 14:33:35,281:Processing Q6ZMR5 with model AF-Q6ZMR5-F1-model_v4.pdb
INFO:2025-10-30 14:33:35,403:Computing HSC features for: Q6ZMR5, ENST00000334830, ../Ntranos_Rotation/ESM-SaProt/AF-Q6ZMR5-F1-model_v4.pdb.gz
INFO:2025-10-30 14:34:17,747:Successfully computed HSC for Q6ZMR5.
INFO:2025-10-30 14:34:17,748:Processing Q6ZMS4 with model AF-Q6ZMS4-F1-model_v4.pdb
ERROR:2025-10-30 14:34:17,887:No transcript record found for Q6ZMS4 in gnomAD.
INFO:2025-10-30 14:34:17,887:Processing Q6ZMS7 with model AF-Q6ZMS7-F1-model_v4.pdb
ERROR:2025-10-30 14:34:17,970:No transcript record found for Q6ZMS7 in gnomAD.
INFO:2025-10-30 14:34:17,970:Processing Q6ZMT1 with model AF-Q6ZMT1-F1-model_v4.pdb
INFO:2025-10-30 14:34:18,101:Computing HSC features for: Q6ZMT1, ENST00000333461, ../Ntranos_Rotation/ESM-SaProt/AF-Q6ZMT1-F1-model_v4.pdb.gz
INFO:2025-10-30 14:35:14,603:Successfully computed HSC for Q6ZMT1.
INFO:2025-10-30 14:35:14,603:Processing Q6ZMT4 with model AF-Q6ZMT4-F1-model_v4.pdb
INFO:2025-10-30 14:35:14,804:Computing HSC features for: Q6ZMT4, ENST00000397560, ../Ntranos_Rotation/ESM-SaProt/AF-Q6ZMT4-F1-model_v4.pdb.gz
INFO:2025-10-30 14:36:46,774:Successfully computed HSC for Q6ZMT4.
INFO:2025-10-30 14:36:46,774:Processing Q6ZMT9 with model AF-Q6ZMT9-F1-model_v4.pdb
INFO:2025-10-30 14:36:47,070:Computing HSC features for: Q6ZMT9, ENST00000456874, ../Ntranos_Rotation/ESM-SaProt/AF-Q6ZMT9-F1-model_v4.pdb.gz
INFO:2025-10-30 14:37:53,679:Successfully computed HSC for Q6ZMT9.
INFO:2025-10-30 14:37:53,679:Processing Q6ZMU1 with model AF-Q6ZMU1-F1-model_v4.pdb
ERROR:2025-10-30 14:37:53,743:No ENST transcript IDs were mapped to Q6ZMU1
INFO:2025-10-30 14:37:53,743:Processing Q6ZMU5 with model AF-Q6ZMU5-F1-model_v4.pdb
INFO:2025-10-30 14:37:53,842:Computing HSC features for: Q6ZMU5, ENST00000322122, ../Ntranos_Rotation/ESM-SaProt/AF-Q6ZMU5-F1-model_v4.pdb.gz
INFO:2025-10-30 14:39:17,375:Successfully computed HSC for Q6ZMU5.
INFO:2025-10-30 14:39:17,375:Processing Q6ZMV5 with model AF-Q6ZMV5-F1-model_v4.pdb
ERROR:2025-10-30 14:39:17,573:No transcript record found for Q6ZMV5 in gnomAD.
INFO:2025-10-30 14:39:17,573:Processing Q6ZMV7 with model AF-Q6ZMV7-F1-model_v4.pdb
ERROR:2025-10-30 14:39:17,675:No valid CDS found for Q6ZMV7
INFO:2025-10-30 14:39:17,676:Processing Q6ZMV8 with model AF-Q6ZMV8-F1-model_v4.pdb
INFO:2025-10-30 14:39:17,871:Computing HSC features for: Q6ZMV8, ENST00000597761, ../Ntranos_Rotation/ESM-SaProt/AF-Q6ZMV8-F1-model_v4.pdb.gz
INFO:2025-10-30 14:40:18,972:Successfully computed HSC for Q6ZMV8.
INFO:2025-10-30 14:40:18,972:Processing Q6ZMV9 with model AF-Q6ZMV9-F1-model_v4.pdb
INFO:2025-10-30 14:40:19,168:Computing HSC features for: Q6ZMV9, ENST00000287152, ../Ntranos_Rotation/ESM-SaProt/AF-Q6ZMV9-F1-model_v4.pdb.gz
INFO:2025-10-30 14:41:49,971:Successfully computed HSC for Q6ZMV9.
INFO:2025-10-30 14:41:49,972:Processing Q6ZMW2 with model AF-Q6ZMW2-F1-model_v4.pdb
INFO:2025-10-30 14:41:50,075:Computing HSC features for: Q6ZMW2, ENST00000481138, ../Ntranos_Rotation/ESM-SaProt/AF-Q6ZMW2-F1-model_v4.pdb.gz
INFO:2025-10-30 14:42:45,919:Successfully computed HSC for Q6ZMW2.
INFO:2025-10-30 14:42:45,920:Processing Q6ZMW3 with model AF-Q6ZMW3-F1-model_v4.pdb
INFO:2025-10-30 14:42:46,437:Computing HSC features for: Q6ZMW3, ENST00000356458, ../Ntranos_Rotation/ESM-SaProt/AF-Q6ZMW3-F1-model_v4.pdb.gz
INFO:2025-10-30 14:48:10,534:Successfully computed HSC for Q6ZMW3.
INFO:2025-10-30 14:48:10,534:Processing Q6ZMY3 with model AF-Q6ZMY3-F1-model_v4.pdb
INFO:2025-10-30 14:48:10,860:Computing HSC features for: Q6ZMY3, ENST00000360482, ../Ntranos_Rotation/ESM-SaProt/AF-Q6ZMY3-F1-model_v4.pdb.gz
INFO:2025-10-30 14:51:02,952:Successfully computed HSC for Q6ZMY3.
INFO:2025-10-30 14:51:02,952:Processing Q6ZMY6 with model AF-Q6ZMY6-F1-model_v4.pdb
INFO:2025-10-30 14:51:03,026:Computing HSC features for: Q6ZMY6, ENST00000355868, ../Ntranos_Rotation/ESM-SaProt/AF-Q6ZMY6-F1-model_v4.pdb.gz
INFO:2025-10-30 14:52:11,980:Successfully computed HSC for Q6ZMY6.
INFO:2025-10-30 14:52:11,981:Processing Q6ZMY9 with model AF-Q6ZMY9-F1-model_v4.pdb
INFO:2025-10-30 14:52:12,063:Computing HSC features for: Q6ZMY9, ENST00000359971, ../Ntranos_Rotation/ESM-SaProt/AF-Q6ZMY9-F1-model_v4.pdb.gz
INFO:2025-10-30 14:53:25,288:Successfully computed HSC for Q6ZMY9.
INFO:2025-10-30 14:53:25,288:Processing Q6ZMZ0 with model AF-Q6ZMZ0-F1-model_v4.pdb
INFO:2025-10-30 14:53:25,386:Computing HSC features for: Q6ZMZ0, ENST00000373456, ../Ntranos_Rotation/ESM-SaProt/AF-Q6ZMZ0-F1-model_v4.pdb.gz
INFO:2025-10-30 14:55:28,842:Successfully computed HSC for Q6ZMZ0.
INFO:2025-10-30 14:55:28,842:Processing Q6ZMZ3 with model AF-Q6ZMZ3-F1-model_v4.pdb
INFO:2025-10-30 14:55:29,286:Computing HSC features for: Q6ZMZ3, ENST00000334258, ../Ntranos_Rotation/ESM-SaProt/AF-Q6ZMZ3-F1-model_v4.pdb.gz
INFO:2025-10-30 14:58:05,337:Successfully computed HSC for Q6ZMZ3.
INFO:2025-10-30 14:58:05,337:Processing Q6ZN01 with model AF-Q6ZN01-F1-model_v4.pdb
INFO:2025-10-30 14:58:05,411:Computing HSC features for: Q6ZN01, ENST00000318083, ../Ntranos_Rotation/ESM-SaProt/AF-Q6ZN01-F1-model_v4.pdb.gz
INFO:2025-10-30 14:59:06,526:Successfully computed HSC for Q6ZN01.
INFO:2025-10-30 14:59:06,526:Processing Q6ZN03 with model AF-Q6ZN03-F1-model_v4.pdb
ERROR:2025-10-30 14:59:06,622:No ENST transcript IDs were mapped to Q6ZN03
INFO:2025-10-30 14:59:06,622:Processing Q6ZN04 with model AF-Q6ZN04-F1-model_v4.pdb
INFO:2025-10-30 14:59:06,764:Computing HSC features for: Q6ZN04, ENST00000329713, ../Ntranos_Rotation/ESM-SaProt/AF-Q6ZN04-F1-model_v4.pdb.gz
INFO:2025-10-30 15:02:02,904:Successfully computed HSC for Q6ZN04.
INFO:2025-10-30 15:02:02,904:Processing Q6ZN06 with model AF-Q6ZN06-F1-model_v4.pdb
INFO:2025-10-30 15:02:03,098:Computing HSC features for: Q6ZN06, ENST00000396403, ../Ntranos_Rotation/ESM-SaProt/AF-Q6ZN06-F1-model_v4.pdb.gz
INFO:2025-10-30 15:03:29,048:Successfully computed HSC for Q6ZN06.
INFO:2025-10-30 15:03:29,048:Processing Q6ZN08 with model AF-Q6ZN08-F1-model_v4.pdb
INFO:2025-10-30 15:03:29,161:Computing HSC features for: Q6ZN08, ENST00000344519, ../Ntranos_Rotation/ESM-SaProt/AF-Q6ZN08-F1-model_v4.pdb.gz
ERROR:2025-10-30 15:03:29,296:Missing ENST record in counts: ENST00000344519
INFO:2025-10-30 15:03:29,296:Processing Q6ZN11 with model AF-Q6ZN11-F1-model_v4.pdb
INFO:2025-10-30 15:03:29,422:Computing HSC features for: Q6ZN11, ENST00000445217, ../Ntranos_Rotation/ESM-SaProt/AF-Q6ZN11-F1-model_v4.pdb.gz
INFO:2025-10-30 15:04:14,496:Successfully computed HSC for Q6ZN11.
INFO:2025-10-30 15:04:14,496:Processing Q6ZN16 with model AF-Q6ZN16-F1-model_v4.pdb
INFO:2025-10-30 15:04:14,655:Computing HSC features for: Q6ZN16, ENST00000338883, ../Ntranos_Rotation/ESM-SaProt/AF-Q6ZN16-F1-model_v4.pdb.gz
INFO:2025-10-30 15:06:38,226:Successfully computed HSC for Q6ZN16.
INFO:2025-10-30 15:06:38,226:Processing Q6ZN17 with model AF-Q6ZN17-F1-model_v4.pdb
INFO:2025-10-30 15:06:38,285:Computing HSC features for: Q6ZN17, ENST00000345080, ../Ntranos_Rotation/ESM-SaProt/AF-Q6ZN17-F1-model_v4.pdb.gz
INFO:2025-10-30 15:07:01,232:Successfully computed HSC for Q6ZN17.
INFO:2025-10-30 15:07:01,232:Processing Q6ZN18 with model AF-Q6ZN18-F1-model_v4.pdb
INFO:2025-10-30 15:07:01,308:Computing HSC features for: Q6ZN18, ENST00000398864, ../Ntranos_Rotation/ESM-SaProt/AF-Q6ZN18-F1-model_v4.pdb.gz
INFO:2025-10-30 15:08:05,226:Successfully computed HSC for Q6ZN18.
INFO:2025-10-30 15:08:05,226:Processing Q6ZN19 with model AF-Q6ZN19-F1-model_v4.pdb
INFO:2025-10-30 15:08:05,328:Computing HSC features for: Q6ZN19, ENST00000426391, ../Ntranos_Rotation/ESM-SaProt/AF-Q6ZN19-F1-model_v4.pdb.gz
INFO:2025-10-30 15:09:12,888:Successfully computed HSC for Q6ZN19.
INFO:2025-10-30 15:09:12,889:Processing Q6ZN28 with model AF-Q6ZN28-F1-model_v4.pdb
INFO:2025-10-30 15:09:13,087:Computing HSC features for: Q6ZN28, ENST00000332878, ../Ntranos_Rotation/ESM-SaProt/AF-Q6ZN28-F1-model_v4.pdb.gz
INFO:2025-10-30 15:10:16,019:Successfully computed HSC for Q6ZN28.
INFO:2025-10-30 15:10:16,019:Processing Q6ZN30 with model AF-Q6ZN30-F1-model_v4.pdb
INFO:2025-10-30 15:10:16,633:Computing HSC features for: Q6ZN30, ENST00000380672, ../Ntranos_Rotation/ESM-SaProt/AF-Q6ZN30-F1-model_v4.pdb.gz
INFO:2025-10-30 15:12:27,765:Successfully computed HSC for Q6ZN30.
INFO:2025-10-30 15:12:27,766:Processing Q6ZN32 with model AF-Q6ZN32-F1-model_v4.pdb
INFO:2025-10-30 15:12:27,827:Computing HSC features for: Q6ZN32, ENST00000454449, ../Ntranos_Rotation/ESM-SaProt/AF-Q6ZN32-F1-model_v4.pdb.gz
INFO:2025-10-30 15:13:03,364:Successfully computed HSC for Q6ZN32.
INFO:2025-10-30 15:13:03,364:Processing Q6ZN44 with model AF-Q6ZN44-F1-model_v4.pdb
INFO:2025-10-30 15:13:03,517:Computing HSC features for: Q6ZN44, ENST00000329542, ../Ntranos_Rotation/ESM-SaProt/AF-Q6ZN44-F1-model_v4.pdb.gz
INFO:2025-10-30 15:15:13,016:Successfully computed HSC for Q6ZN44.
INFO:2025-10-30 15:15:13,016:Processing Q6ZN54 with model AF-Q6ZN54-F1-model_v4.pdb
INFO:2025-10-30 15:15:13,095:Computing HSC features for: Q6ZN54, ENST00000268676, ../Ntranos_Rotation/ESM-SaProt/AF-Q6ZN54-F1-model_v4.pdb.gz
INFO:2025-10-30 15:16:17,948:Successfully computed HSC for Q6ZN54.
INFO:2025-10-30 15:16:17,948:Processing Q6ZN55 with model AF-Q6ZN55-F1-model_v4.pdb
INFO:2025-10-30 15:16:18,097:Computing HSC features for: Q6ZN55, ENST00000359044, ../Ntranos_Rotation/ESM-SaProt/AF-Q6ZN55-F1-model_v4.pdb.gz
INFO:2025-10-30 15:17:58,545:Successfully computed HSC for Q6ZN55.
INFO:2025-10-30 15:17:58,545:Processing Q6ZN57 with model AF-Q6ZN57-F1-model_v4.pdb
INFO:2025-10-30 15:17:58,650:Computing HSC features for: Q6ZN57, ENST00000361362, ../Ntranos_Rotation/ESM-SaProt/AF-Q6ZN57-F1-model_v4.pdb.gz
INFO:2025-10-30 15:18:34,257:Successfully computed HSC for Q6ZN57.
INFO:2025-10-30 15:18:34,257:Processing Q6ZN66 with model AF-Q6ZN66-F1-model_v4.pdb
INFO:2025-10-30 15:18:34,348:Computing HSC features for: Q6ZN66, ENST00000370456, ../Ntranos_Rotation/ESM-SaProt/AF-Q6ZN66-F1-model_v4.pdb.gz
INFO:2025-10-30 15:19:29,431:Successfully computed HSC for Q6ZN66.
INFO:2025-10-30 15:19:29,431:Processing Q6ZN68 with model AF-Q6ZN68-F1-model_v4.pdb
ERROR:2025-10-30 15:19:29,497:No ENST transcript IDs were mapped to Q6ZN68
INFO:2025-10-30 15:19:29,497:Processing Q6ZN79 with model AF-Q6ZN79-F1-model_v4.pdb
INFO:2025-10-30 15:19:29,570:Computing HSC features for: Q6ZN79, ENST00000359286, ../Ntranos_Rotation/ESM-SaProt/AF-Q6ZN79-F1-model_v4.pdb.gz
INFO:2025-10-30 15:19:58,443:Successfully computed HSC for Q6ZN79.
INFO:2025-10-30 15:19:58,444:Processing Q6ZN84 with model AF-Q6ZN84-F1-model_v4.pdb
INFO:2025-10-30 15:19:58,810:Computing HSC features for: Q6ZN84, ENST00000445632, ../Ntranos_Rotation/ESM-SaProt/AF-Q6ZN84-F1-model_v4.pdb.gz
INFO:2025-10-30 15:21:04,993:Successfully computed HSC for Q6ZN84.
INFO:2025-10-30 15:21:04,993:Processing Q6ZN92 with model AF-Q6ZN92-F1-model_v4.pdb
ERROR:2025-10-30 15:21:05,035:No ENST transcript IDs were mapped to Q6ZN92
INFO:2025-10-30 15:21:05,035:Processing Q6ZNA1 with model AF-Q6ZNA1-F1-model_v4.pdb
INFO:2025-10-30 15:21:05,164:Computing HSC features for: Q6ZNA1, ENST00000597252, ../Ntranos_Rotation/ESM-SaProt/AF-Q6ZNA1-F1-model_v4.pdb.gz
INFO:2025-10-30 15:22:45,352:Successfully computed HSC for Q6ZNA1.
INFO:2025-10-30 15:22:45,353:Processing Q6ZNA4 with model AF-Q6ZNA4-F1-model_v4.pdb
INFO:2025-10-30 15:22:45,483:Computing HSC features for: Q6ZNA4, ENST00000557998, ../Ntranos_Rotation/ESM-SaProt/AF-Q6ZNA4-F1-model_v4.pdb.gz
INFO:2025-10-30 15:24:22,749:Successfully computed HSC for Q6ZNA4.
INFO:2025-10-30 15:24:22,749:Processing Q6ZNA5 with model AF-Q6ZNA5-F1-model_v4.pdb
ERROR:2025-10-30 15:24:22,884:No transcript record found for Q6ZNA5 in gnomAD.
INFO:2025-10-30 15:24:22,885:Processing Q6ZNB5 with model AF-Q6ZNB5-F1-model_v4.pdb
INFO:2025-10-30 15:24:22,951:Computing HSC features for: Q6ZNB5, ENST00000529844, ../Ntranos_Rotation/ESM-SaProt/AF-Q6ZNB5-F1-model_v4.pdb.gz
INFO:2025-10-30 15:24:43,963:Successfully computed HSC for Q6ZNB5.
INFO:2025-10-30 15:24:43,963:Processing Q6ZNB6 with model AF-Q6ZNB6-F1-model_v4.pdb
INFO:2025-10-30 15:24:44,168:Computing HSC features for: Q6ZNB6, ENST00000381538, ../Ntranos_Rotation/ESM-SaProt/AF-Q6ZNB6-F1-model_v4.pdb.gz
INFO:2025-10-30 15:26:37,599:Successfully computed HSC for Q6ZNB6.
INFO:2025-10-30 15:26:37,599:Processing Q6ZNB7 with model AF-Q6ZNB7-F1-model_v4.pdb
INFO:2025-10-30 15:26:37,678:Computing HSC features for: Q6ZNB7, ENST00000342526, ../Ntranos_Rotation/ESM-SaProt/AF-Q6ZNB7-F1-model_v4.pdb.gz
INFO:2025-10-30 15:27:41,997:Successfully computed HSC for Q6ZNB7.
INFO:2025-10-30 15:27:41,997:Pipeline completed.
INFO:2025-10-30 15:27:41,997:no_enst_for_uniprot: 4
INFO:2025-10-30 15:27:41,997:no_valid_cds: 1
INFO:2025-10-30 15:27:41,997:no_variant_data: 4
INFO:2025-10-30 15:27:41,997:bad_structure: 0
INFO:2025-10-30 15:27:41,997:no_enst_mp: 1
