INFO:2025-10-30 14:25:03,390:Starting HSC computation pipeline...
INFO:2025-10-30 14:26:01,992:Processing Q5VT97 with model AF-Q5VT97-F1-model_v4.pdb
INFO:2025-10-30 14:26:02,173:Computing HSC features for: Q5VT97, ENST00000341460, ../Ntranos_Rotation/ESM-SaProt/AF-Q5VT97-F1-model_v4.pdb.gz
INFO:2025-10-30 14:27:35,441:Successfully computed HSC for Q5VT97.
INFO:2025-10-30 14:27:35,441:Processing Q5VT98 with model AF-Q5VT98-F1-model_v4.pdb
INFO:2025-10-30 14:27:35,514:Computing HSC features for: Q5VT98, ENST00000602960, ../Ntranos_Rotation/ESM-SaProt/AF-Q5VT98-F1-model_v4.pdb.gz
INFO:2025-10-30 14:28:15,659:Successfully computed HSC for Q5VT98.
INFO:2025-10-30 14:28:15,659:Processing Q5VT99 with model AF-Q5VT99-F1-model_v4.pdb
INFO:2025-10-30 14:28:15,746:Computing HSC features for: Q5VT99, ENST00000376085, ../Ntranos_Rotation/ESM-SaProt/AF-Q5VT99-F1-model_v4.pdb.gz
INFO:2025-10-30 14:29:08,842:Successfully computed HSC for Q5VT99.
INFO:2025-10-30 14:29:08,842:Processing Q5VTA0 with model AF-Q5VTA0-F1-model_v4.pdb
INFO:2025-10-30 14:29:08,967:Computing HSC features for: Q5VTA0, ENST00000376098, ../Ntranos_Rotation/ESM-SaProt/AF-Q5VTA0-F1-model_v4.pdb.gz
INFO:2025-10-30 14:29:41,044:Successfully computed HSC for Q5VTA0.
INFO:2025-10-30 14:29:41,044:Processing Q5VTB9 with model AF-Q5VTB9-F1-model_v4.pdb
INFO:2025-10-30 14:29:41,121:Computing HSC features for: Q5VTB9, ENST00000355387, ../Ntranos_Rotation/ESM-SaProt/AF-Q5VTB9-F1-model_v4.pdb.gz
INFO:2025-10-30 14:30:27,911:Successfully computed HSC for Q5VTB9.
INFO:2025-10-30 14:30:27,911:Processing Q5VTD9 with model AF-Q5VTD9-F1-model_v4.pdb
INFO:2025-10-30 14:30:28,021:Computing HSC features for: Q5VTD9, ENST00000339463, ../Ntranos_Rotation/ESM-SaProt/AF-Q5VTD9-F1-model_v4.pdb.gz
INFO:2025-10-30 14:31:00,227:Successfully computed HSC for Q5VTD9.
INFO:2025-10-30 14:31:00,227:Processing Q5VTE0 with model AF-Q5VTE0-F1-model_v4.pdb
ERROR:2025-10-30 14:31:00,348:No ENST transcript IDs were mapped to Q5VTE0
INFO:2025-10-30 14:31:00,348:Processing Q5VTE6 with model AF-Q5VTE6-F1-model_v4.pdb
INFO:2025-10-30 14:31:00,475:Computing HSC features for: Q5VTE6, ENST00000366962, ../Ntranos_Rotation/ESM-SaProt/AF-Q5VTE6-F1-model_v4.pdb.gz
INFO:2025-10-30 14:31:32,577:Successfully computed HSC for Q5VTE6.
INFO:2025-10-30 14:31:32,577:Processing Q5VTH2 with model AF-Q5VTH2-F1-model_v4.pdb
INFO:2025-10-30 14:31:32,637:Computing HSC features for: Q5VTH2, ENST00000367974, ../Ntranos_Rotation/ESM-SaProt/AF-Q5VTH2-F1-model_v4.pdb.gz
INFO:2025-10-30 14:31:43,348:Successfully computed HSC for Q5VTH2.
INFO:2025-10-30 14:31:43,348:Processing Q5VTH9 with model AF-Q5VTH9-F1-model_v4.pdb
INFO:2025-10-30 14:31:43,513:Computing HSC features for: Q5VTH9, ENST00000371026, ../Ntranos_Rotation/ESM-SaProt/AF-Q5VTH9-F1-model_v4.pdb.gz
INFO:2025-10-30 14:32:33,383:Successfully computed HSC for Q5VTH9.
INFO:2025-10-30 14:32:33,384:Processing Q5VTJ3 with model AF-Q5VTJ3-F1-model_v4.pdb
INFO:2025-10-30 14:32:33,824:Computing HSC features for: Q5VTJ3, ENST00000400664, ../Ntranos_Rotation/ESM-SaProt/AF-Q5VTJ3-F1-model_v4.pdb.gz
INFO:2025-10-30 14:33:48,836:Successfully computed HSC for Q5VTJ3.
INFO:2025-10-30 14:33:48,836:Processing Q5VTL7 with model AF-Q5VTL7-F1-model_v4.pdb
INFO:2025-10-30 14:33:48,964:Computing HSC features for: Q5VTL7, ENST00000370017, ../Ntranos_Rotation/ESM-SaProt/AF-Q5VTL7-F1-model_v4.pdb.gz
INFO:2025-10-30 14:34:34,280:Successfully computed HSC for Q5VTL7.
INFO:2025-10-30 14:34:34,280:Processing Q5VTL8 with model AF-Q5VTL8-F1-model_v4.pdb
INFO:2025-10-30 14:34:34,386:Computing HSC features for: Q5VTL8, ENST00000370025, ../Ntranos_Rotation/ESM-SaProt/AF-Q5VTL8-F1-model_v4.pdb.gz
INFO:2025-10-30 14:35:17,618:Successfully computed HSC for Q5VTL8.
INFO:2025-10-30 14:35:17,618:Processing Q5VTM2 with model AF-Q5VTM2-F1-model_v4.pdb
ERROR:2025-10-30 14:35:17,785:No valid CDS found for Q5VTM2
INFO:2025-10-30 14:35:17,786:Processing Q5TZA2 with model AF-Q5TZA2-F1-model_v4.pdb
INFO:2025-10-30 14:35:18,099:Computing HSC features for: Q5TZA2, ENST00000375541, ../Ntranos_Rotation/ESM-SaProt/AF-Q5TZA2-F1-model_v4.pdb.gz
INFO:2025-10-30 14:38:32,265:Successfully computed HSC for Q5TZA2.
INFO:2025-10-30 14:38:32,265:Processing Q5TZF3 with model AF-Q5TZF3-F1-model_v4.pdb
INFO:2025-10-30 14:38:32,329:Computing HSC features for: Q5TZF3, ENST00000333279, ../Ntranos_Rotation/ESM-SaProt/AF-Q5TZF3-F1-model_v4.pdb.gz
INFO:2025-10-30 14:38:46,189:Successfully computed HSC for Q5TZF3.
INFO:2025-10-30 14:38:46,190:Processing Q5TZJ5 with model AF-Q5TZJ5-F1-model_v4.pdb
INFO:2025-10-30 14:38:46,473:Computing HSC features for: Q5TZJ5, ENST00000377647, ../Ntranos_Rotation/ESM-SaProt/AF-Q5TZJ5-F1-model_v4.pdb.gz
INFO:2025-10-30 14:40:09,485:Successfully computed HSC for Q5TZJ5.
INFO:2025-10-30 14:40:09,485:Processing Q5TZK3 with model AF-Q5TZK3-F1-model_v4.pdb
ERROR:2025-10-30 14:40:09,553:No ENST transcript IDs were mapped to Q5TZK3
INFO:2025-10-30 14:40:09,553:Processing Q5U3C3 with model AF-Q5U3C3-F1-model_v4.pdb
INFO:2025-10-30 14:40:09,618:Computing HSC features for: Q5U3C3, ENST00000372068, ../Ntranos_Rotation/ESM-SaProt/AF-Q5U3C3-F1-model_v4.pdb.gz
INFO:2025-10-30 14:40:34,359:Successfully computed HSC for Q5U3C3.
INFO:2025-10-30 14:40:34,359:Processing Q5U4N7 with model AF-Q5U4N7-F1-model_v4.pdb
ERROR:2025-10-30 14:40:34,406:No ENST transcript IDs were mapped to Q5U4N7
INFO:2025-10-30 14:40:34,407:Processing Q5U4P2 with model AF-Q5U4P2-F1-model_v4.pdb
INFO:2025-10-30 14:40:34,787:Computing HSC features for: Q5U4P2, ENST00000308748, ../Ntranos_Rotation/ESM-SaProt/AF-Q5U4P2-F1-model_v4.pdb.gz
INFO:2025-10-30 14:41:11,007:Successfully computed HSC for Q5U4P2.
INFO:2025-10-30 14:41:11,007:Processing Q5U5Q3 with model AF-Q5U5Q3-F1-model_v4.pdb
INFO:2025-10-30 14:41:11,083:Computing HSC features for: Q5U5Q3, ENST00000406189, ../Ntranos_Rotation/ESM-SaProt/AF-Q5U5Q3-F1-model_v4.pdb.gz
INFO:2025-10-30 14:42:15,962:Successfully computed HSC for Q5U5Q3.
INFO:2025-10-30 14:42:15,962:Processing Q5U5R9 with model AF-Q5U5R9-F1-model_v4.pdb
INFO:2025-10-30 14:42:16,087:Computing HSC features for: Q5U5R9, ENST00000298068, ../Ntranos_Rotation/ESM-SaProt/AF-Q5U5R9-F1-model_v4.pdb.gz
INFO:2025-10-30 14:43:05,332:Successfully computed HSC for Q5U5R9.
INFO:2025-10-30 14:43:05,332:Processing Q5U5X0 with model AF-Q5U5X0-F1-model_v4.pdb
INFO:2025-10-30 14:43:05,385:Computing HSC features for: Q5U5X0, ENST00000379380, ../Ntranos_Rotation/ESM-SaProt/AF-Q5U5X0-F1-model_v4.pdb.gz
INFO:2025-10-30 14:43:10,753:Successfully computed HSC for Q5U5X0.
INFO:2025-10-30 14:43:10,753:Processing Q5U5X8 with model AF-Q5U5X8-F1-model_v4.pdb
INFO:2025-10-30 14:43:10,860:Computing HSC features for: Q5U5X8, ENST00000358906, ../Ntranos_Rotation/ESM-SaProt/AF-Q5U5X8-F1-model_v4.pdb.gz
INFO:2025-10-30 14:43:56,184:Successfully computed HSC for Q5U5X8.
INFO:2025-10-30 14:43:56,184:Processing Q5U5Z8 with model AF-Q5U5Z8-F1-model_v4.pdb
INFO:2025-10-30 14:43:56,284:Computing HSC features for: Q5U5Z8, ENST00000525123, ../Ntranos_Rotation/ESM-SaProt/AF-Q5U5Z8-F1-model_v4.pdb.gz
INFO:2025-10-30 14:44:45,420:Successfully computed HSC for Q5U5Z8.
INFO:2025-10-30 14:44:45,420:Processing Q5U623 with model AF-Q5U623-F1-model_v4.pdb
INFO:2025-10-30 14:44:45,525:Computing HSC features for: Q5U623, ENST00000356427, ../Ntranos_Rotation/ESM-SaProt/AF-Q5U623-F1-model_v4.pdb.gz
INFO:2025-10-30 14:45:24,374:Successfully computed HSC for Q5U623.
INFO:2025-10-30 14:45:24,374:Processing Q5U649 with model AF-Q5U649-F1-model_v4.pdb
INFO:2025-10-30 14:45:24,443:Computing HSC features for: Q5U649, ENST00000330828, ../Ntranos_Rotation/ESM-SaProt/AF-Q5U649-F1-model_v4.pdb.gz
INFO:2025-10-30 14:45:36,962:Successfully computed HSC for Q5U649.
INFO:2025-10-30 14:45:36,962:Processing Q5U651 with model AF-Q5U651-F1-model_v4.pdb
INFO:2025-10-30 14:45:37,079:Computing HSC features for: Q5U651, ENST00000222145, ../Ntranos_Rotation/ESM-SaProt/AF-Q5U651-F1-model_v4.pdb.gz
INFO:2025-10-30 14:47:34,596:Successfully computed HSC for Q5U651.
INFO:2025-10-30 14:47:34,596:Processing Q5UAW9 with model AF-Q5UAW9-F1-model_v4.pdb
INFO:2025-10-30 14:47:34,683:Computing HSC features for: Q5UAW9, ENST00000377411, ../Ntranos_Rotation/ESM-SaProt/AF-Q5UAW9-F1-model_v4.pdb.gz
INFO:2025-10-30 14:48:12,889:Successfully computed HSC for Q5UAW9.
INFO:2025-10-30 14:48:12,889:Processing Q5UCC4 with model AF-Q5UCC4-F1-model_v4.pdb
INFO:2025-10-30 14:48:12,961:Computing HSC features for: Q5UCC4, ENST00000334976, ../Ntranos_Rotation/ESM-SaProt/AF-Q5UCC4-F1-model_v4.pdb.gz
INFO:2025-10-30 14:48:38,230:Successfully computed HSC for Q5UCC4.
INFO:2025-10-30 14:48:38,230:Processing Q5UE93 with model AF-Q5UE93-F1-model_v4.pdb
ERROR:2025-10-30 14:48:38,402:No transcript record found for Q5UE93 in gnomAD.
INFO:2025-10-30 14:48:38,402:Processing Q5UIP0 with model AF-Q5UIP0-F1-model_v4.pdb
INFO:2025-10-30 14:48:38,728:Computing HSC features for: Q5UIP0, ENST00000243326, ../Ntranos_Rotation/ESM-SaProt/AF-Q5UIP0-F1-model_v4.pdb.gz
INFO:2025-10-30 14:50:51,197:Successfully computed HSC for Q5UIP0.
INFO:2025-10-30 14:50:51,197:Processing Q5VIR6 with model AF-Q5VIR6-F1-model_v4.pdb
INFO:2025-10-30 14:50:51,289:Computing HSC features for: Q5VIR6, ENST00000437048, ../Ntranos_Rotation/ESM-SaProt/AF-Q5VIR6-F1-model_v4.pdb.gz
INFO:2025-10-30 14:51:54,525:Successfully computed HSC for Q5VIR6.
INFO:2025-10-30 14:51:54,525:Processing Q5VIY5 with model AF-Q5VIY5-F1-model_v4.pdb
INFO:2025-10-30 14:51:54,594:Computing HSC features for: Q5VIY5, ENST00000595646, ../Ntranos_Rotation/ESM-SaProt/AF-Q5VIY5-F1-model_v4.pdb.gz
INFO:2025-10-30 14:52:31,803:Successfully computed HSC for Q5VIY5.
INFO:2025-10-30 14:52:31,804:Processing Q5VSD8 with model AF-Q5VSD8-F1-model_v4.pdb
ERROR:2025-10-30 14:52:31,830:No ENST transcript IDs were mapped to Q5VSD8
INFO:2025-10-30 14:52:31,830:Processing Q5VSG8 with model AF-Q5VSG8-F1-model_v4.pdb
INFO:2025-10-30 14:52:31,915:Computing HSC features for: Q5VSG8, ENST00000373045, ../Ntranos_Rotation/ESM-SaProt/AF-Q5VSG8-F1-model_v4.pdb.gz
INFO:2025-10-30 14:53:20,865:Successfully computed HSC for Q5VSG8.
INFO:2025-10-30 14:53:20,866:Processing Q5VSL9 with model AF-Q5VSL9-F1-model_v4.pdb
INFO:2025-10-30 14:53:21,376:Computing HSC features for: Q5VSL9, ENST00000369795, ../Ntranos_Rotation/ESM-SaProt/AF-Q5VSL9-F1-model_v4.pdb.gz
INFO:2025-10-30 14:54:26,101:Successfully computed HSC for Q5VSL9.
INFO:2025-10-30 14:54:26,102:Processing Q5VSP4 with model AF-Q5VSP4-F1-model_v4.pdb
ERROR:2025-10-30 14:54:26,176:No ENST transcript IDs were mapped to Q5VSP4
INFO:2025-10-30 14:54:26,176:Processing Q5VSR9 with model AF-Q5VSR9-F1-model_v4.pdb
INFO:2025-10-30 14:54:26,245:Computing HSC features for: Q5VSR9, ENST00000370493, ../Ntranos_Rotation/ESM-SaProt/AF-Q5VSR9-F1-model_v4.pdb.gz
INFO:2025-10-30 14:54:30,885:Successfully computed HSC for Q5VSR9.
INFO:2025-10-30 14:54:30,885:Processing Q5VST6 with model AF-Q5VST6-F1-model_v4.pdb
INFO:2025-10-30 14:54:30,936:Computing HSC features for: Q5VST6, ENST00000333421, ../Ntranos_Rotation/ESM-SaProt/AF-Q5VST6-F1-model_v4.pdb.gz
INFO:2025-10-30 14:54:49,099:Successfully computed HSC for Q5VST6.
INFO:2025-10-30 14:54:49,100:Processing Q13509 with model AF-Q13509-F1-model_v4.pdb
INFO:2025-10-30 14:54:49,168:Computing HSC features for: Q13509, ENST00000315491, ../Ntranos_Rotation/ESM-SaProt/AF-Q13509-F1-model_v4.pdb.gz
INFO:2025-10-30 14:55:36,780:Successfully computed HSC for Q13509.
INFO:2025-10-30 14:55:36,780:Processing Q13510 with model AF-Q13510-F1-model_v4.pdb
ERROR:2025-10-30 14:55:36,862:No transcript record found for Q13510 in gnomAD.
INFO:2025-10-30 14:55:36,862:Processing Q13515 with model AF-Q13515-F1-model_v4.pdb
INFO:2025-10-30 14:55:36,955:Computing HSC features for: Q13515, ENST00000302334, ../Ntranos_Rotation/ESM-SaProt/AF-Q13515-F1-model_v4.pdb.gz
INFO:2025-10-30 14:56:08,925:Successfully computed HSC for Q13515.
INFO:2025-10-30 14:56:08,925:Processing Q13516 with model AF-Q13516-F1-model_v4.pdb
INFO:2025-10-30 14:56:08,998:Computing HSC features for: Q13516, ENST00000333337, ../Ntranos_Rotation/ESM-SaProt/AF-Q13516-F1-model_v4.pdb.gz
INFO:2025-10-30 14:56:50,534:Successfully computed HSC for Q13516.
INFO:2025-10-30 14:56:50,535:Processing Q13519 with model AF-Q13519-F1-model_v4.pdb
INFO:2025-10-30 14:56:50,587:Computing HSC features for: Q13519, ENST00000301908, ../Ntranos_Rotation/ESM-SaProt/AF-Q13519-F1-model_v4.pdb.gz
INFO:2025-10-30 14:57:03,602:Successfully computed HSC for Q13519.
INFO:2025-10-30 14:57:03,602:Processing Q13520 with model AF-Q13520-F1-model_v4.pdb
INFO:2025-10-30 14:57:03,665:Computing HSC features for: Q13520, ENST00000315520, ../Ntranos_Rotation/ESM-SaProt/AF-Q13520-F1-model_v4.pdb.gz
INFO:2025-10-30 14:57:26,815:Successfully computed HSC for Q13520.
INFO:2025-10-30 14:57:26,815:Processing Q13522 with model AF-Q13522-F1-model_v4.pdb
INFO:2025-10-30 14:57:26,869:Computing HSC features for: Q13522, ENST00000257905, ../Ntranos_Rotation/ESM-SaProt/AF-Q13522-F1-model_v4.pdb.gz
INFO:2025-10-30 14:57:50,970:Successfully computed HSC for Q13522.
INFO:2025-10-30 14:57:50,970:Processing Q13523 with model AF-Q13523-F1-model_v4.pdb
INFO:2025-10-30 14:57:51,108:Computing HSC features for: Q13523, ENST00000337659, ../Ntranos_Rotation/ESM-SaProt/AF-Q13523-F1-model_v4.pdb.gz
INFO:2025-10-30 14:58:58,274:Successfully computed HSC for Q13523.
INFO:2025-10-30 14:58:58,274:Processing Q13526 with model AF-Q13526-F1-model_v4.pdb
INFO:2025-10-30 14:58:58,324:Computing HSC features for: Q13526, ENST00000247970, ../Ntranos_Rotation/ESM-SaProt/AF-Q13526-F1-model_v4.pdb.gz
INFO:2025-10-30 14:59:18,571:Successfully computed HSC for Q13526.
INFO:2025-10-30 14:59:18,571:Pipeline completed.
INFO:2025-10-30 14:59:18,571:no_enst_for_uniprot: 5
INFO:2025-10-30 14:59:18,571:no_valid_cds: 1
INFO:2025-10-30 14:59:18,571:no_variant_data: 2
INFO:2025-10-30 14:59:18,571:bad_structure: 0
INFO:2025-10-30 14:59:18,571:no_enst_mp: 0
