INFO:2025-10-30 15:01:00,919:Starting HSC computation pipeline...
INFO:2025-10-30 15:01:51,108:Processing P0CL82 with model AF-P0CL82-F1-model_v4.pdb
ERROR:2025-10-30 15:01:51,176:No ENST transcript IDs were mapped to P0CL82
INFO:2025-10-30 15:01:51,176:Processing P0CL83 with model AF-P0CL83-F1-model_v4.pdb
ERROR:2025-10-30 15:01:51,258:No ENST transcript IDs were mapped to P0CL83
INFO:2025-10-30 15:01:51,259:Processing P0CL84 with model AF-P0CL84-F1-model_v4.pdb
ERROR:2025-10-30 15:01:51,337:No ENST transcript IDs were mapped to P0CL84
INFO:2025-10-30 15:01:51,337:Processing P0CL85 with model AF-P0CL85-F1-model_v4.pdb
ERROR:2025-10-30 15:01:51,424:No ENST transcript IDs were mapped to P0CL85
INFO:2025-10-30 15:01:51,424:Processing P0CV98 with model AF-P0CV98-F1-model_v4.pdb
INFO:2025-10-30 15:01:51,541:Computing HSC features for: P0CV98, ENST00000457222, ../Ntranos_Rotation/ESM-SaProt/AF-P0CV98-F1-model_v4.pdb.gz
ERROR:2025-10-30 15:01:51,682:Missing ENST record in counts: ENST00000457222
INFO:2025-10-30 15:01:51,682:Processing P0CV99 with model AF-P0CV99-F1-model_v4.pdb
ERROR:2025-10-30 15:01:51,790:No transcript record found for P0CV99 in gnomAD.
INFO:2025-10-30 15:01:51,790:Processing P0CW00 with model AF-P0CW00-F1-model_v4.pdb
ERROR:2025-10-30 15:01:51,912:No transcript record found for P0CW00 in gnomAD.
INFO:2025-10-30 15:01:51,912:Processing P0CW01 with model AF-P0CW01-F1-model_v4.pdb
ERROR:2025-10-30 15:01:52,013:No transcript record found for P0CW01 in gnomAD.
INFO:2025-10-30 15:01:52,013:Processing P0CW18 with model AF-P0CW18-F1-model_v4.pdb
ERROR:2025-10-30 15:01:52,164:No transcript record found for P0CW18 in gnomAD.
INFO:2025-10-30 15:01:52,164:Processing P0CW19 with model AF-P0CW19-F1-model_v4.pdb
ERROR:2025-10-30 15:01:52,237:No transcript record found for P0CW19 in gnomAD.
INFO:2025-10-30 15:01:52,237:Processing P0CW20 with model AF-P0CW20-F1-model_v4.pdb
ERROR:2025-10-30 15:01:52,316:No transcript record found for P0CW20 in gnomAD.
INFO:2025-10-30 15:01:52,316:Processing P0CW21 with model AF-P0CW21-F1-model_v4.pdb
ERROR:2025-10-30 15:01:52,368:No ENST transcript IDs were mapped to P0CW21
INFO:2025-10-30 15:01:52,368:Processing P0CW23 with model AF-P0CW23-F1-model_v4.pdb
INFO:2025-10-30 15:01:52,542:Computing HSC features for: P0CW23, ENST00000434239, ../Ntranos_Rotation/ESM-SaProt/AF-P0CW23-F1-model_v4.pdb.gz
INFO:2025-10-30 15:02:01,050:Successfully computed HSC for P0CW23.
INFO:2025-10-30 15:02:01,050:Processing P0CW24 with model AF-P0CW24-F1-model_v4.pdb
ERROR:2025-10-30 15:02:01,130:No transcript record found for P0CW24 in gnomAD.
INFO:2025-10-30 15:02:01,130:Processing P0CW27 with model AF-P0CW27-F1-model_v4.pdb
INFO:2025-10-30 15:02:01,228:Computing HSC features for: P0CW27, ENST00000542437, ../Ntranos_Rotation/ESM-SaProt/AF-P0CW27-F1-model_v4.pdb.gz
INFO:2025-10-30 15:03:18,542:Successfully computed HSC for P0CW27.
INFO:2025-10-30 15:03:18,542:Processing P0CZ25 with model AF-P0CZ25-F1-model_v4.pdb
ERROR:2025-10-30 15:03:18,584:No ENST transcript IDs were mapped to P0CZ25
INFO:2025-10-30 15:03:18,584:Processing P0DH78 with model AF-P0DH78-F1-model_v4.pdb
INFO:2025-10-30 15:03:18,636:Computing HSC features for: P0DH78, ENST00000445101, ../Ntranos_Rotation/ESM-SaProt/AF-P0DH78-F1-model_v4.pdb.gz
INFO:2025-10-30 15:03:37,556:Successfully computed HSC for P0DH78.
INFO:2025-10-30 15:03:37,556:Processing P0DI80 with model AF-P0DI80-F1-model_v4.pdb
INFO:2025-10-30 15:03:37,595:Computing HSC features for: P0DI80, ENST00000556126, ../Ntranos_Rotation/ESM-SaProt/AF-P0DI80-F1-model_v4.pdb.gz
INFO:2025-10-30 15:03:43,045:Successfully computed HSC for P0DI80.
INFO:2025-10-30 15:03:43,045:Processing P0DI81 with model AF-P0DI81-F1-model_v4.pdb
INFO:2025-10-30 15:03:43,331:Computing HSC features for: P0DI81, ENST00000458511, ../Ntranos_Rotation/ESM-SaProt/AF-P0DI81-F1-model_v4.pdb.gz
INFO:2025-10-30 15:04:04,728:Successfully computed HSC for P0DI81.
INFO:2025-10-30 15:04:04,728:Processing P0DI82 with model AF-P0DI82-F1-model_v4.pdb
INFO:2025-10-30 15:04:05,039:Computing HSC features for: P0DI82, ENST00000543226, ../Ntranos_Rotation/ESM-SaProt/AF-P0DI82-F1-model_v4.pdb.gz
INFO:2025-10-30 15:04:26,884:Successfully computed HSC for P0DI82.
INFO:2025-10-30 15:04:26,884:Processing P0DJ07 with model AF-P0DJ07-F1-model_v4.pdb
INFO:2025-10-30 15:04:26,937:Computing HSC features for: P0DJ07, ENST00000594797, ../Ntranos_Rotation/ESM-SaProt/AF-P0DJ07-F1-model_v4.pdb.gz
INFO:2025-10-30 15:04:41,754:Successfully computed HSC for P0DJ07.
INFO:2025-10-30 15:04:41,754:Processing P0DJ93 with model AF-P0DJ93-F1-model_v4.pdb
INFO:2025-10-30 15:04:41,818:Computing HSC features for: P0DJ93, ENST00000416247, ../Ntranos_Rotation/ESM-SaProt/AF-P0DJ93-F1-model_v4.pdb.gz
INFO:2025-10-30 15:04:58,121:Successfully computed HSC for P0DJ93.
INFO:2025-10-30 15:04:58,122:Processing P0DJD0 with model AF-P0DJD0-F1-model_v4.pdb
ERROR:2025-10-30 15:04:58,518:No ENST transcript IDs were mapped to P0DJD0
INFO:2025-10-30 15:04:58,518:Processing P0DJD1 with model AF-P0DJD1-F1-model_v4.pdb
INFO:2025-10-30 15:04:58,930:Computing HSC features for: P0DJD1, ENST00000398146, ../Ntranos_Rotation/ESM-SaProt/AF-P0DJD1-F1-model_v4.pdb.gz
INFO:2025-10-30 15:07:46,651:Successfully computed HSC for P0DJD1.
INFO:2025-10-30 15:07:46,651:Processing P0DJD3 with model AF-P0DJD3-F1-model_v4.pdb
ERROR:2025-10-30 15:07:46,728:No transcript record found for P0DJD3 in gnomAD.
INFO:2025-10-30 15:07:46,728:Processing P0DJD4 with model AF-P0DJD4-F1-model_v4.pdb
ERROR:2025-10-30 15:07:46,913:No ENST transcript IDs were mapped to P0DJD4
INFO:2025-10-30 15:07:46,913:Processing P0DJD7 with model AF-P0DJD7-F1-model_v4.pdb
INFO:2025-10-30 15:07:47,009:Computing HSC features for: P0DJD7, ENST00000378149, ../Ntranos_Rotation/ESM-SaProt/AF-P0DJD7-F1-model_v4.pdb.gz
ERROR:2025-10-30 15:07:47,187:Missing ENST record in counts: ENST00000378149
INFO:2025-10-30 15:07:47,187:Processing P0DJD8 with model AF-P0DJD8-F1-model_v4.pdb
INFO:2025-10-30 15:07:47,287:Computing HSC features for: P0DJD8, ENST00000325558, ../Ntranos_Rotation/ESM-SaProt/AF-P0DJD8-F1-model_v4.pdb.gz
INFO:2025-10-30 15:08:46,112:Successfully computed HSC for P0DJD8.
INFO:2025-10-30 15:08:46,112:Processing P0DJD9 with model AF-P0DJD9-F1-model_v4.pdb
INFO:2025-10-30 15:08:46,172:Computing HSC features for: P0DJD9, ENST00000312403, ../Ntranos_Rotation/ESM-SaProt/AF-P0DJD9-F1-model_v4.pdb.gz
INFO:2025-10-30 15:09:26,108:Successfully computed HSC for P0DJD9.
INFO:2025-10-30 15:09:26,108:Processing P0DJG4 with model AF-P0DJG4-F1-model_v4.pdb
INFO:2025-10-30 15:09:26,190:Computing HSC features for: P0DJG4, ENST00000512175, ../Ntranos_Rotation/ESM-SaProt/AF-P0DJG4-F1-model_v4.pdb.gz
INFO:2025-10-30 15:10:08,704:Successfully computed HSC for P0DJG4.
INFO:2025-10-30 15:10:08,704:Processing P0DJH9 with model AF-P0DJH9-F1-model_v4.pdb
INFO:2025-10-30 15:10:08,805:Computing HSC features for: P0DJH9, ENST00000557640, ../Ntranos_Rotation/ESM-SaProt/AF-P0DJH9-F1-model_v4.pdb.gz
INFO:2025-10-30 15:10:22,962:Successfully computed HSC for P0DJH9.
INFO:2025-10-30 15:10:22,963:Processing P0DJI8 with model AF-P0DJI8-F1-model_v4.pdb
INFO:2025-10-30 15:10:22,996:Computing HSC features for: P0DJI8, ENST00000356524, ../Ntranos_Rotation/ESM-SaProt/AF-P0DJI8-F1-model_v4.pdb.gz
INFO:2025-10-30 15:10:45,382:Successfully computed HSC for P0DJI8.
INFO:2025-10-30 15:10:45,382:Processing P0DJI9 with model AF-P0DJI9-F1-model_v4.pdb
INFO:2025-10-30 15:10:45,445:Computing HSC features for: P0DJI9, ENST00000256733, ../Ntranos_Rotation/ESM-SaProt/AF-P0DJI9-F1-model_v4.pdb.gz
INFO:2025-10-30 15:11:07,673:Successfully computed HSC for P0DJI9.
INFO:2025-10-30 15:11:07,674:Processing P0DJJ0 with model AF-P0DJJ0-F1-model_v4.pdb
ERROR:2025-10-30 15:11:07,797:No transcript record found for P0DJJ0 in gnomAD.
INFO:2025-10-30 15:11:07,797:Processing P0DJR0 with model AF-P0DJR0-F1-model_v4.pdb
ERROR:2025-10-30 15:11:07,853:No transcript record found for P0DJR0 in gnomAD.
INFO:2025-10-30 15:11:07,853:Processing P0DKB5 with model AF-P0DKB5-F1-model_v4.pdb
INFO:2025-10-30 15:11:08,041:Computing HSC features for: P0DKB5, ENST00000562197, ../Ntranos_Rotation/ESM-SaProt/AF-P0DKB5-F1-model_v4.pdb.gz
INFO:2025-10-30 15:13:13,445:Successfully computed HSC for P0DKB5.
INFO:2025-10-30 15:13:13,445:Processing P0DKB6 with model AF-P0DKB6-F1-model_v4.pdb
ERROR:2025-10-30 15:13:13,486:No transcript record found for P0DKB6 in gnomAD.
INFO:2025-10-30 15:13:13,486:Processing P0DKL9 with model AF-P0DKL9-F1-model_v4.pdb
ERROR:2025-10-30 15:13:13,877:No transcript record found for P0DKL9 in gnomAD.
INFO:2025-10-30 15:13:13,877:Processing P0DKV0 with model AF-P0DKV0-F1-model_v4.pdb
ERROR:2025-10-30 15:13:14,131:No transcript record found for P0DKV0 in gnomAD.
INFO:2025-10-30 15:13:14,131:Processing P0DKX0 with model AF-P0DKX0-F1-model_v4.pdb
INFO:2025-10-30 15:13:14,286:Computing HSC features for: P0DKX0, ENST00000594710, ../Ntranos_Rotation/ESM-SaProt/AF-P0DKX0-F1-model_v4.pdb.gz
INFO:2025-10-30 15:14:13,092:Successfully computed HSC for P0DKX0.
INFO:2025-10-30 15:14:13,092:Processing P0DKX4 with model AF-P0DKX4-F1-model_v4.pdb
INFO:2025-10-30 15:14:13,156:Computing HSC features for: P0DKX4, ENST00000517349, ../Ntranos_Rotation/ESM-SaProt/AF-P0DKX4-F1-model_v4.pdb.gz
INFO:2025-10-30 15:14:20,919:Successfully computed HSC for P0DKX4.
INFO:2025-10-30 15:14:20,919:Processing P0DL12 with model AF-P0DL12-F1-model_v4.pdb
INFO:2025-10-30 15:14:20,957:Computing HSC features for: P0DL12, ENST00000598409, ../Ntranos_Rotation/ESM-SaProt/AF-P0DL12-F1-model_v4.pdb.gz
INFO:2025-10-30 15:14:37,018:Successfully computed HSC for P0DL12.
INFO:2025-10-30 15:14:37,018:Processing P0DM35 with model AF-P0DM35-F1-model_v4.pdb
INFO:2025-10-30 15:14:37,048:Computing HSC features for: P0DM35, ENST00000464121, ../Ntranos_Rotation/ESM-SaProt/AF-P0DM35-F1-model_v4.pdb.gz
INFO:2025-10-30 15:14:46,252:Successfully computed HSC for P0DM35.
INFO:2025-10-30 15:14:46,252:Processing P0DM63 with model AF-P0DM63-F1-model_v4.pdb
INFO:2025-10-30 15:14:46,438:Computing HSC features for: P0DM63, ENST00000525596, ../Ntranos_Rotation/ESM-SaProt/AF-P0DM63-F1-model_v4.pdb.gz
ERROR:2025-10-30 15:14:46,521:Missing ENST record in counts: ENST00000525596
INFO:2025-10-30 15:14:46,521:Processing P0DMB1 with model AF-P0DMB1-F1-model_v4.pdb
INFO:2025-10-30 15:14:46,567:Computing HSC features for: P0DMB1, ENST00000528972, ../Ntranos_Rotation/ESM-SaProt/AF-P0DMB1-F1-model_v4.pdb.gz
ERROR:2025-10-30 15:14:46,628:Missing ENST record in counts: ENST00000528972
INFO:2025-10-30 15:14:46,629:Processing P0DMB2 with model AF-P0DMB2-F1-model_v4.pdb
INFO:2025-10-30 15:14:46,659:Computing HSC features for: P0DMB2, ENST00000517562, ../Ntranos_Rotation/ESM-SaProt/AF-P0DMB2-F1-model_v4.pdb.gz
INFO:2025-10-30 15:14:56,274:Successfully computed HSC for P0DMB2.
INFO:2025-10-30 15:14:56,274:Processing P0DMC3 with model AF-P0DMC3-F1-model_v4.pdb
ERROR:2025-10-30 15:14:56,312:No transcript record found for P0DMC3 in gnomAD.
INFO:2025-10-30 15:14:56,312:Processing P0DME0 with model AF-P0DME0-F1-model_v4.pdb
ERROR:2025-10-30 15:14:56,401:No transcript record found for P0DME0 in gnomAD.
INFO:2025-10-30 15:14:56,401:Processing P0DML2 with model AF-P0DML2-F1-model_v4.pdb
INFO:2025-10-30 15:14:56,491:Computing HSC features for: P0DML2, ENST00000316193, ../Ntranos_Rotation/ESM-SaProt/AF-P0DML2-F1-model_v4.pdb.gz
INFO:2025-10-30 15:15:21,220:Successfully computed HSC for P0DML2.
INFO:2025-10-30 15:15:21,220:Processing P0DML3 with model AF-P0DML3-F1-model_v4.pdb
INFO:2025-10-30 15:15:21,290:Computing HSC features for: P0DML3, ENST00000392886, ../Ntranos_Rotation/ESM-SaProt/AF-P0DML3-F1-model_v4.pdb.gz
INFO:2025-10-30 15:15:47,165:Successfully computed HSC for P0DML3.
INFO:2025-10-30 15:15:47,166:Pipeline completed.
INFO:2025-10-30 15:15:47,166:no_enst_for_uniprot: 8
INFO:2025-10-30 15:15:47,166:no_valid_cds: 0
INFO:2025-10-30 15:15:47,166:no_variant_data: 15
INFO:2025-10-30 15:15:47,166:bad_structure: 0
INFO:2025-10-30 15:15:47,166:no_enst_mp: 4
