INFO:2025-10-30 14:59:03,865:Starting HSC computation pipeline...
INFO:2025-10-30 15:00:04,521:Processing Q9UMQ3 with model AF-Q9UMQ3-F1-model_v4.pdb
INFO:2025-10-30 15:00:04,656:Computing HSC features for: Q9UMQ3, ENST00000281437, ../Ntranos_Rotation/ESM-SaProt/AF-Q9UMQ3-F1-model_v4.pdb.gz
INFO:2025-10-30 15:00:59,661:Successfully computed HSC for Q9UMQ3.
INFO:2025-10-30 15:00:59,661:Processing Q9UMQ6 with model AF-Q9UMQ6-F1-model_v4.pdb
INFO:2025-10-30 15:00:59,849:Computing HSC features for: Q9UMQ6, ENST00000398776, ../Ntranos_Rotation/ESM-SaProt/AF-Q9UMQ6-F1-model_v4.pdb.gz
INFO:2025-10-30 15:02:16,945:Successfully computed HSC for Q9UMQ6.
INFO:2025-10-30 15:02:16,945:Processing Q9UMR2 with model AF-Q9UMR2-F1-model_v4.pdb
INFO:2025-10-30 15:02:17,077:Computing HSC features for: Q9UMR2, ENST00000288071, ../Ntranos_Rotation/ESM-SaProt/AF-Q9UMR2-F1-model_v4.pdb.gz
INFO:2025-10-30 15:03:14,099:Successfully computed HSC for Q9UMR2.
INFO:2025-10-30 15:03:14,099:Processing Q9UMR3 with model AF-Q9UMR3-F1-model_v4.pdb
INFO:2025-10-30 15:03:14,274:Computing HSC features for: Q9UMR3, ENST00000408931, ../Ntranos_Rotation/ESM-SaProt/AF-Q9UMR3-F1-model_v4.pdb.gz
INFO:2025-10-30 15:04:11,504:Successfully computed HSC for Q9UMR3.
INFO:2025-10-30 15:04:11,504:Processing Q9UMR5 with model AF-Q9UMR5-F1-model_v4.pdb
INFO:2025-10-30 15:04:11,575:Computing HSC features for: Q9UMR5, ENST00000324816, ../Ntranos_Rotation/ESM-SaProt/AF-Q9UMR5-F1-model_v4.pdb.gz
INFO:2025-10-30 15:04:47,715:Successfully computed HSC for Q9UMR5.
INFO:2025-10-30 15:04:47,715:Processing Q9UMR7 with model AF-Q9UMR7-F1-model_v4.pdb
INFO:2025-10-30 15:04:47,777:Computing HSC features for: Q9UMR7, ENST00000229332, ../Ntranos_Rotation/ESM-SaProt/AF-Q9UMR7-F1-model_v4.pdb.gz
INFO:2025-10-30 15:05:05,499:Successfully computed HSC for Q9UMR7.
INFO:2025-10-30 15:05:05,499:Processing Q9UMS0 with model AF-Q9UMS0-F1-model_v4.pdb
INFO:2025-10-30 15:05:05,602:Computing HSC features for: Q9UMS0, ENST00000410022, ../Ntranos_Rotation/ESM-SaProt/AF-Q9UMS0-F1-model_v4.pdb.gz
INFO:2025-10-30 15:05:26,398:Successfully computed HSC for Q9UMS0.
INFO:2025-10-30 15:05:26,398:Processing Q9UMS4 with model AF-Q9UMS4-F1-model_v4.pdb
INFO:2025-10-30 15:05:26,542:Computing HSC features for: Q9UMS4, ENST00000227524, ../Ntranos_Rotation/ESM-SaProt/AF-Q9UMS4-F1-model_v4.pdb.gz
INFO:2025-10-30 15:06:24,304:Successfully computed HSC for Q9UMS4.
INFO:2025-10-30 15:06:24,304:Processing Q9UMS5 with model AF-Q9UMS5-F1-model_v4.pdb
INFO:2025-10-30 15:06:24,485:Computing HSC features for: Q9UMS5, ENST00000369604, ../Ntranos_Rotation/ESM-SaProt/AF-Q9UMS5-F1-model_v4.pdb.gz
INFO:2025-10-30 15:07:26,266:Successfully computed HSC for Q9UMS5.
INFO:2025-10-30 15:07:26,266:Processing Q9UMS6 with model AF-Q9UMS6-F1-model_v4.pdb
INFO:2025-10-30 15:07:26,466:Computing HSC features for: Q9UMS6, ENST00000429713, ../Ntranos_Rotation/ESM-SaProt/AF-Q9UMS6-F1-model_v4.pdb.gz
INFO:2025-10-30 15:09:05,555:Successfully computed HSC for Q9UMS6.
INFO:2025-10-30 15:09:05,555:Processing Q9UMW8 with model AF-Q9UMW8-F1-model_v4.pdb
INFO:2025-10-30 15:09:05,664:Computing HSC features for: Q9UMW8, ENST00000215794, ../Ntranos_Rotation/ESM-SaProt/AF-Q9UMW8-F1-model_v4.pdb.gz
INFO:2025-10-30 15:09:39,821:Successfully computed HSC for Q9UMW8.
INFO:2025-10-30 15:09:39,821:Processing Q9UMX0 with model AF-Q9UMX0-F1-model_v4.pdb
INFO:2025-10-30 15:09:39,929:Computing HSC features for: Q9UMX0, ENST00000376395, ../Ntranos_Rotation/ESM-SaProt/AF-Q9UMX0-F1-model_v4.pdb.gz
INFO:2025-10-30 15:10:42,065:Successfully computed HSC for Q9UMX0.
INFO:2025-10-30 15:10:42,066:Processing Q9UMX1 with model AF-Q9UMX1-F1-model_v4.pdb
INFO:2025-10-30 15:10:42,173:Computing HSC features for: Q9UMX1, ENST00000369902, ../Ntranos_Rotation/ESM-SaProt/AF-Q9UMX1-F1-model_v4.pdb.gz
INFO:2025-10-30 15:11:36,028:Successfully computed HSC for Q9UMX1.
INFO:2025-10-30 15:11:36,028:Processing Q9UMX2 with model AF-Q9UMX2-F1-model_v4.pdb
ERROR:2025-10-30 15:11:36,116:No valid CDS found for Q9UMX2
INFO:2025-10-30 15:11:36,116:Processing Q9UMX3 with model AF-Q9UMX3-F1-model_v4.pdb
INFO:2025-10-30 15:11:36,187:Computing HSC features for: Q9UMX3, ENST00000318407, ../Ntranos_Rotation/ESM-SaProt/AF-Q9UMX3-F1-model_v4.pdb.gz
INFO:2025-10-30 15:12:24,302:Successfully computed HSC for Q9UMX3.
INFO:2025-10-30 15:12:24,303:Processing Q9UMX5 with model AF-Q9UMX5-F1-model_v4.pdb
INFO:2025-10-30 15:12:24,384:Computing HSC features for: Q9UMX5, ENST00000366988, ../Ntranos_Rotation/ESM-SaProt/AF-Q9UMX5-F1-model_v4.pdb.gz
INFO:2025-10-30 15:12:57,346:Successfully computed HSC for Q9UMX5.
INFO:2025-10-30 15:12:57,347:Processing Q9UMX6 with model AF-Q9UMX6-F1-model_v4.pdb
INFO:2025-10-30 15:12:57,419:Computing HSC features for: Q9UMX6, ENST00000230361, ../Ntranos_Rotation/ESM-SaProt/AF-Q9UMX6-F1-model_v4.pdb.gz
INFO:2025-10-30 15:13:29,294:Successfully computed HSC for Q9UMX6.
INFO:2025-10-30 15:13:29,294:Processing Q9UMX9 with model AF-Q9UMX9-F1-model_v4.pdb
INFO:2025-10-30 15:13:29,408:Computing HSC features for: Q9UMX9, ENST00000296589, ../Ntranos_Rotation/ESM-SaProt/AF-Q9UMX9-F1-model_v4.pdb.gz
INFO:2025-10-30 15:14:19,593:Successfully computed HSC for Q9UMX9.
INFO:2025-10-30 15:14:19,593:Processing Q9UMY1 with model AF-Q9UMY1-F1-model_v4.pdb
INFO:2025-10-30 15:14:19,677:Computing HSC features for: Q9UMY1, ENST00000451315, ../Ntranos_Rotation/ESM-SaProt/AF-Q9UMY1-F1-model_v4.pdb.gz
INFO:2025-10-30 15:14:56,276:Successfully computed HSC for Q9UMY1.
INFO:2025-10-30 15:14:56,277:Processing Q9UMY4 with model AF-Q9UMY4-F1-model_v4.pdb
INFO:2025-10-30 15:14:56,335:Computing HSC features for: Q9UMY4, ENST00000374274, ../Ntranos_Rotation/ESM-SaProt/AF-Q9UMY4-F1-model_v4.pdb.gz
INFO:2025-10-30 15:15:25,433:Successfully computed HSC for Q9UMY4.
INFO:2025-10-30 15:15:25,433:Processing Q9UMZ2 with model AF-Q9UMZ2-F1-model_v4.pdb
ERROR:2025-10-30 15:15:25,569:No transcript record found for Q9UMZ2 in gnomAD.
INFO:2025-10-30 15:15:25,569:Processing Q9UMZ3 with model AF-Q9UMZ3-F1-model_v4.pdb
ERROR:2025-10-30 15:15:25,967:No ENST transcript IDs were mapped to Q9UMZ3
INFO:2025-10-30 15:15:25,967:Processing Q9UN19 with model AF-Q9UN19-F1-model_v4.pdb
INFO:2025-10-30 15:15:26,023:Computing HSC features for: Q9UN19, ENST00000512369, ../Ntranos_Rotation/ESM-SaProt/AF-Q9UN19-F1-model_v4.pdb.gz
INFO:2025-10-30 15:15:58,068:Successfully computed HSC for Q9UN19.
INFO:2025-10-30 15:15:58,068:Processing Q9UN30 with model AF-Q9UN30-F1-model_v4.pdb
INFO:2025-10-30 15:15:58,310:Computing HSC features for: Q9UN30, ENST00000380041, ../Ntranos_Rotation/ESM-SaProt/AF-Q9UN30-F1-model_v4.pdb.gz
INFO:2025-10-30 15:16:32,374:Successfully computed HSC for Q9UN30.
INFO:2025-10-30 15:16:32,375:Processing Q9UN36 with model AF-Q9UN36-F1-model_v4.pdb
INFO:2025-10-30 15:16:32,471:Computing HSC features for: Q9UN36, ENST00000298687, ../Ntranos_Rotation/ESM-SaProt/AF-Q9UN36-F1-model_v4.pdb.gz
INFO:2025-10-30 15:17:09,881:Successfully computed HSC for Q9UN36.
INFO:2025-10-30 15:17:09,882:Processing Q9UN37 with model AF-Q9UN37-F1-model_v4.pdb
INFO:2025-10-30 15:17:10,120:Computing HSC features for: Q9UN37, ENST00000254950, ../Ntranos_Rotation/ESM-SaProt/AF-Q9UN37-F1-model_v4.pdb.gz
INFO:2025-10-30 15:17:59,613:Successfully computed HSC for Q9UN37.
INFO:2025-10-30 15:17:59,614:Processing Q9UN42 with model AF-Q9UN42-F1-model_v4.pdb
INFO:2025-10-30 15:17:59,679:Computing HSC features for: Q9UN42, ENST00000218008, ../Ntranos_Rotation/ESM-SaProt/AF-Q9UN42-F1-model_v4.pdb.gz
INFO:2025-10-30 15:18:34,315:Successfully computed HSC for Q9UN42.
INFO:2025-10-30 15:18:34,315:Processing Q9UN66 with model AF-Q9UN66-F1-model_v4.pdb
ERROR:2025-10-30 15:18:34,556:No transcript record found for Q9UN66 in gnomAD.
INFO:2025-10-30 15:18:34,556:Processing Q9UN67 with model AF-Q9UN67-F1-model_v4.pdb
ERROR:2025-10-30 15:18:34,742:No transcript record found for Q9UN67 in gnomAD.
INFO:2025-10-30 15:18:34,742:Processing Q9UN70 with model AF-Q9UN70-F1-model_v4.pdb
INFO:2025-10-30 15:18:34,948:Computing HSC features for: Q9UN70, ENST00000308177, ../Ntranos_Rotation/ESM-SaProt/AF-Q9UN70-F1-model_v4.pdb.gz
INFO:2025-10-30 15:20:26,628:Successfully computed HSC for Q9UN70.
INFO:2025-10-30 15:20:26,628:Processing Q9UN71 with model AF-Q9UN71-F1-model_v4.pdb
INFO:2025-10-30 15:20:26,739:Computing HSC features for: Q9UN71, ENST00000519479, ../Ntranos_Rotation/ESM-SaProt/AF-Q9UN71-F1-model_v4.pdb.gz
INFO:2025-10-30 15:22:12,343:Successfully computed HSC for Q9UN71.
INFO:2025-10-30 15:22:12,343:Processing Q9UN72 with model AF-Q9UN72-F1-model_v4.pdb
ERROR:2025-10-30 15:22:12,476:No transcript record found for Q9UN72 in gnomAD.
INFO:2025-10-30 15:22:12,476:Processing Q9UN73 with model AF-Q9UN73-F1-model_v4.pdb
ERROR:2025-10-30 15:22:12,710:No transcript record found for Q9UN73 in gnomAD.
INFO:2025-10-30 15:22:12,710:Processing Q9UN74 with model AF-Q9UN74-F1-model_v4.pdb
ERROR:2025-10-30 15:22:12,911:No transcript record found for Q9UN74 in gnomAD.
INFO:2025-10-30 15:22:12,912:Processing Q9UN75 with model AF-Q9UN75-F1-model_v4.pdb
ERROR:2025-10-30 15:22:13,118:No transcript record found for Q9UN75 in gnomAD.
INFO:2025-10-30 15:22:13,118:Processing Q9UN76 with model AF-Q9UN76-F1-model_v4.pdb
ERROR:2025-10-30 15:22:13,249:No transcript record found for Q9UN76 in gnomAD.
INFO:2025-10-30 15:22:13,249:Processing Q9UN79 with model AF-Q9UN79-F1-model_v4.pdb
INFO:2025-10-30 15:22:13,325:Computing HSC features for: Q9UN79, ENST00000367204, ../Ntranos_Rotation/ESM-SaProt/AF-Q9UN79-F1-model_v4.pdb.gz
INFO:2025-10-30 15:23:26,513:Successfully computed HSC for Q9UN79.
INFO:2025-10-30 15:23:26,513:Processing Q9UN81 with model AF-Q9UN81-F1-model_v4.pdb
ERROR:2025-10-30 15:23:26,579:No ENST transcript IDs were mapped to Q9UN81
INFO:2025-10-30 15:23:26,579:Processing Q9UN86 with model AF-Q9UN86-F1-model_v4.pdb
INFO:2025-10-30 15:23:26,644:Computing HSC features for: Q9UN86, ENST00000359707, ../Ntranos_Rotation/ESM-SaProt/AF-Q9UN86-F1-model_v4.pdb.gz
INFO:2025-10-30 15:24:24,788:Successfully computed HSC for Q9UN86.
INFO:2025-10-30 15:24:24,788:Processing Q9UN88 with model AF-Q9UN88-F1-model_v4.pdb
ERROR:2025-10-30 15:24:25,034:No transcript record found for Q9UN88 in gnomAD.
INFO:2025-10-30 15:24:25,034:Processing Q9UNA0 with model AF-Q9UNA0-F1-model_v4.pdb
INFO:2025-10-30 15:24:25,214:Computing HSC features for: Q9UNA0, ENST00000284987, ../Ntranos_Rotation/ESM-SaProt/AF-Q9UNA0-F1-model_v4.pdb.gz
INFO:2025-10-30 15:26:24,966:Successfully computed HSC for Q9UNA0.
INFO:2025-10-30 15:26:24,967:Processing Q9UNA1 with model AF-Q9UNA1-F1-model_v4.pdb
INFO:2025-10-30 15:26:25,180:Computing HSC features for: Q9UNA1, ENST00000274498, ../Ntranos_Rotation/ESM-SaProt/AF-Q9UNA1-F1-model_v4.pdb.gz
INFO:2025-10-30 15:27:40,277:Successfully computed HSC for Q9UNA1.
INFO:2025-10-30 15:27:40,277:Processing Q9UNA3 with model AF-Q9UNA3-F1-model_v4.pdb
INFO:2025-10-30 15:27:40,372:Computing HSC features for: Q9UNA3, ENST00000236709, ../Ntranos_Rotation/ESM-SaProt/AF-Q9UNA3-F1-model_v4.pdb.gz
INFO:2025-10-30 15:28:29,428:Successfully computed HSC for Q9UNA3.
INFO:2025-10-30 15:28:29,429:Processing Q9UNA4 with model AF-Q9UNA4-F1-model_v4.pdb
INFO:2025-10-30 15:28:29,590:Computing HSC features for: Q9UNA4, ENST00000579534, ../Ntranos_Rotation/ESM-SaProt/AF-Q9UNA4-F1-model_v4.pdb.gz
INFO:2025-10-30 15:29:46,302:Successfully computed HSC for Q9UNA4.
INFO:2025-10-30 15:29:46,302:Processing Q9UND3 with model AF-Q9UND3-F1-model_v4.pdb
INFO:2025-10-30 15:29:46,411:Computing HSC features for: Q9UND3, ENST00000328085, ../Ntranos_Rotation/ESM-SaProt/AF-Q9UND3-F1-model_v4.pdb.gz
INFO:2025-10-30 15:30:27,053:Successfully computed HSC for Q9UND3.
INFO:2025-10-30 15:30:27,053:Processing Q9UNE0 with model AF-Q9UNE0-F1-model_v4.pdb
INFO:2025-10-30 15:30:27,153:Computing HSC features for: Q9UNE0, ENST00000258443, ../Ntranos_Rotation/ESM-SaProt/AF-Q9UNE0-F1-model_v4.pdb.gz
INFO:2025-10-30 15:31:18,764:Successfully computed HSC for Q9UNE0.
INFO:2025-10-30 15:31:18,764:Processing Q9UNE2 with model AF-Q9UNE2-F1-model_v4.pdb
INFO:2025-10-30 15:31:18,842:Computing HSC features for: Q9UNE2, ENST00000331302, ../Ntranos_Rotation/ESM-SaProt/AF-Q9UNE2-F1-model_v4.pdb.gz
INFO:2025-10-30 15:31:54,930:Successfully computed HSC for Q9UNE2.
INFO:2025-10-30 15:31:54,931:Processing Q9UNE7 with model AF-Q9UNE7-F1-model_v4.pdb
INFO:2025-10-30 15:31:54,983:Computing HSC features for: Q9UNE7, ENST00000219548, ../Ntranos_Rotation/ESM-SaProt/AF-Q9UNE7-F1-model_v4.pdb.gz
INFO:2025-10-30 15:32:35,838:Successfully computed HSC for Q9UNE7.
INFO:2025-10-30 15:32:35,838:Processing Q9UNF0 with model AF-Q9UNF0-F1-model_v4.pdb
INFO:2025-10-30 15:32:35,902:Computing HSC features for: Q9UNF0, ENST00000263246, ../Ntranos_Rotation/ESM-SaProt/AF-Q9UNF0-F1-model_v4.pdb.gz
INFO:2025-10-30 15:33:30,257:Successfully computed HSC for Q9UNF0.
INFO:2025-10-30 15:33:30,257:Processing Q9UNF1 with model AF-Q9UNF1-F1-model_v4.pdb
INFO:2025-10-30 15:33:30,571:Computing HSC features for: Q9UNF1, ENST00000218439, ../Ntranos_Rotation/ESM-SaProt/AF-Q9UNF1-F1-model_v4.pdb.gz
INFO:2025-10-30 15:34:26,578:Successfully computed HSC for Q9UNF1.
INFO:2025-10-30 15:34:26,578:Pipeline completed.
INFO:2025-10-30 15:34:26,578:no_enst_for_uniprot: 2
INFO:2025-10-30 15:34:26,578:no_valid_cds: 1
INFO:2025-10-30 15:34:26,578:no_variant_data: 9
INFO:2025-10-30 15:34:26,578:bad_structure: 0
INFO:2025-10-30 15:34:26,578:no_enst_mp: 0
