INFO:2025-10-30 14:27:03,950:Starting HSC computation pipeline...
INFO:2025-10-30 14:28:03,178:Processing Q96JQ2 with model AF-Q96JQ2-F1-model_v4.pdb
INFO:2025-10-30 14:28:03,363:Computing HSC features for: Q96JQ2, ENST00000298912, ../Ntranos_Rotation/ESM-SaProt/AF-Q96JQ2-F1-model_v4.pdb.gz
INFO:2025-10-30 14:29:09,484:Successfully computed HSC for Q96JQ2.
INFO:2025-10-30 14:29:09,484:Processing Q96JQ5 with model AF-Q96JQ5-F1-model_v4.pdb
INFO:2025-10-30 14:29:09,851:Computing HSC features for: Q96JQ5, ENST00000337908, ../Ntranos_Rotation/ESM-SaProt/AF-Q96JQ5-F1-model_v4.pdb.gz
INFO:2025-10-30 14:29:30,136:Successfully computed HSC for Q96JQ5.
INFO:2025-10-30 14:29:30,136:Processing Q96JS3 with model AF-Q96JS3-F1-model_v4.pdb
INFO:2025-10-30 14:29:30,275:Computing HSC features for: Q96JS3, ENST00000259883, ../Ntranos_Rotation/ESM-SaProt/AF-Q96JS3-F1-model_v4.pdb.gz
INFO:2025-10-30 14:30:37,839:Successfully computed HSC for Q96JS3.
INFO:2025-10-30 14:30:37,839:Processing Q96JT2 with model AF-Q96JT2-F1-model_v4.pdb
INFO:2025-10-30 14:30:37,973:Computing HSC features for: Q96JT2, ENST00000367145, ../Ntranos_Rotation/ESM-SaProt/AF-Q96JT2-F1-model_v4.pdb.gz
INFO:2025-10-30 14:31:34,835:Successfully computed HSC for Q96JT2.
INFO:2025-10-30 14:31:34,836:Processing Q96JW4 with model AF-Q96JW4-F1-model_v4.pdb
INFO:2025-10-30 14:31:35,293:Computing HSC features for: Q96JW4, ENST00000258538, ../Ntranos_Rotation/ESM-SaProt/AF-Q96JW4-F1-model_v4.pdb.gz
INFO:2025-10-30 14:32:07,277:Successfully computed HSC for Q96JW4.
INFO:2025-10-30 14:32:07,277:Processing Q96JX3 with model AF-Q96JX3-F1-model_v4.pdb
ERROR:2025-10-30 14:32:07,376:No transcript record found for Q96JX3 in gnomAD.
INFO:2025-10-30 14:32:07,376:Processing Q96JY0 with model AF-Q96JY0-F1-model_v4.pdb
INFO:2025-10-30 14:32:07,482:Computing HSC features for: Q96JY0, ENST00000367872, ../Ntranos_Rotation/ESM-SaProt/AF-Q96JY0-F1-model_v4.pdb.gz
INFO:2025-10-30 14:32:45,326:Successfully computed HSC for Q96JY0.
INFO:2025-10-30 14:32:45,326:Processing Q96JY6 with model AF-Q96JY6-F1-model_v4.pdb
INFO:2025-10-30 14:32:45,415:Computing HSC features for: Q96JY6, ENST00000397760, ../Ntranos_Rotation/ESM-SaProt/AF-Q96JY6-F1-model_v4.pdb.gz
INFO:2025-10-30 14:33:23,257:Successfully computed HSC for Q96JY6.
INFO:2025-10-30 14:33:23,257:Processing Q96JZ2 with model AF-Q96JZ2-F1-model_v4.pdb
ERROR:2025-10-30 14:33:23,347:No transcript record found for Q96JZ2 in gnomAD.
INFO:2025-10-30 14:33:23,347:Processing Q96K12 with model AF-Q96K12-F1-model_v4.pdb
ERROR:2025-10-30 14:33:23,458:No transcript record found for Q96K12 in gnomAD.
INFO:2025-10-30 14:33:23,458:Processing Q96K17 with model AF-Q96K17-F1-model_v4.pdb
INFO:2025-10-30 14:33:23,504:Computing HSC features for: Q96K17, ENST00000313334, ../Ntranos_Rotation/ESM-SaProt/AF-Q96K17-F1-model_v4.pdb.gz
INFO:2025-10-30 14:33:32,915:Successfully computed HSC for Q96K17.
INFO:2025-10-30 14:33:32,915:Processing Q96K19 with model AF-Q96K19-F1-model_v4.pdb
INFO:2025-10-30 14:33:32,987:Computing HSC features for: Q96K19, ENST00000527424, ../Ntranos_Rotation/ESM-SaProt/AF-Q96K19-F1-model_v4.pdb.gz
INFO:2025-10-30 14:33:48,238:Successfully computed HSC for Q96K19.
INFO:2025-10-30 14:33:48,238:Processing Q96K21 with model AF-Q96K21-F1-model_v4.pdb
INFO:2025-10-30 14:33:48,299:Computing HSC features for: Q96K21, ENST00000355341, ../Ntranos_Rotation/ESM-SaProt/AF-Q96K21-F1-model_v4.pdb.gz
INFO:2025-10-30 14:34:26,674:Successfully computed HSC for Q96K21.
INFO:2025-10-30 14:34:26,675:Processing Q96K30 with model AF-Q96K30-F1-model_v4.pdb
INFO:2025-10-30 14:34:26,738:Computing HSC features for: Q96K30, ENST00000548278, ../Ntranos_Rotation/ESM-SaProt/AF-Q96K30-F1-model_v4.pdb.gz
INFO:2025-10-30 14:34:51,194:Successfully computed HSC for Q96K30.
INFO:2025-10-30 14:34:51,194:Processing Q96K31 with model AF-Q96K31-F1-model_v4.pdb
INFO:2025-10-30 14:34:51,288:Computing HSC features for: Q96K31, ENST00000276704, ../Ntranos_Rotation/ESM-SaProt/AF-Q96K31-F1-model_v4.pdb.gz
INFO:2025-10-30 14:35:17,107:Successfully computed HSC for Q96K31.
INFO:2025-10-30 14:35:17,107:Processing Q96K37 with model AF-Q96K37-F1-model_v4.pdb
INFO:2025-10-30 14:35:17,201:Computing HSC features for: Q96K37, ENST00000595753, ../Ntranos_Rotation/ESM-SaProt/AF-Q96K37-F1-model_v4.pdb.gz
INFO:2025-10-30 14:36:03,114:Successfully computed HSC for Q96K37.
INFO:2025-10-30 14:36:03,114:Processing Q96K49 with model AF-Q96K49-F1-model_v4.pdb
INFO:2025-10-30 14:36:03,182:Computing HSC features for: Q96K49, ENST00000283206, ../Ntranos_Rotation/ESM-SaProt/AF-Q96K49-F1-model_v4.pdb.gz
INFO:2025-10-30 14:36:56,918:Successfully computed HSC for Q96K49.
INFO:2025-10-30 14:36:56,918:Processing Q96K58 with model AF-Q96K58-F1-model_v4.pdb
INFO:2025-10-30 14:36:57,022:Computing HSC features for: Q96K58, ENST00000300849, ../Ntranos_Rotation/ESM-SaProt/AF-Q96K58-F1-model_v4.pdb.gz
INFO:2025-10-30 14:38:24,064:Successfully computed HSC for Q96K58.
INFO:2025-10-30 14:38:24,064:Processing Q96K62 with model AF-Q96K62-F1-model_v4.pdb
INFO:2025-10-30 14:38:24,155:Computing HSC features for: Q96K62, ENST00000354590, ../Ntranos_Rotation/ESM-SaProt/AF-Q96K62-F1-model_v4.pdb.gz
INFO:2025-10-30 14:39:30,569:Successfully computed HSC for Q96K62.
INFO:2025-10-30 14:39:30,569:Processing Q96K75 with model AF-Q96K75-F1-model_v4.pdb
ERROR:2025-10-30 14:39:30,648:No transcript record found for Q96K75 in gnomAD.
INFO:2025-10-30 14:39:30,648:Processing Q96K76 with model AF-Q96K76-F1-model_v4.pdb
INFO:2025-10-30 14:39:30,857:Computing HSC features for: Q96K76, ENST00000399455, ../Ntranos_Rotation/ESM-SaProt/AF-Q96K76-F1-model_v4.pdb.gz
INFO:2025-10-30 14:41:07,005:Successfully computed HSC for Q96K76.
INFO:2025-10-30 14:41:07,005:Processing Q96K78 with model AF-Q96K78-F1-model_v4.pdb
INFO:2025-10-30 14:41:07,147:Computing HSC features for: Q96K78, ENST00000273352, ../Ntranos_Rotation/ESM-SaProt/AF-Q96K78-F1-model_v4.pdb.gz
INFO:2025-10-30 14:42:21,162:Successfully computed HSC for Q96K78.
INFO:2025-10-30 14:42:21,162:Processing Q96K80 with model AF-Q96K80-F1-model_v4.pdb
INFO:2025-10-30 14:42:21,255:Computing HSC features for: Q96K80, ENST00000257940, ../Ntranos_Rotation/ESM-SaProt/AF-Q96K80-F1-model_v4.pdb.gz
INFO:2025-10-30 14:42:58,290:Successfully computed HSC for Q96K80.
INFO:2025-10-30 14:42:58,290:Processing Q96K83 with model AF-Q96K83-F1-model_v4.pdb
INFO:2025-10-30 14:42:58,425:Computing HSC features for: Q96K83, ENST00000361524, ../Ntranos_Rotation/ESM-SaProt/AF-Q96K83-F1-model_v4.pdb.gz
INFO:2025-10-30 14:44:28,341:Successfully computed HSC for Q96K83.
INFO:2025-10-30 14:44:28,341:Processing Q96KA5 with model AF-Q96KA5-F1-model_v4.pdb
INFO:2025-10-30 14:44:28,416:Computing HSC features for: Q96KA5, ENST00000320895, ../Ntranos_Rotation/ESM-SaProt/AF-Q96KA5-F1-model_v4.pdb.gz
INFO:2025-10-30 14:45:16,719:Successfully computed HSC for Q96KA5.
INFO:2025-10-30 14:45:16,719:Processing Q96KB5 with model AF-Q96KB5-F1-model_v4.pdb
INFO:2025-10-30 14:45:16,767:Computing HSC features for: Q96KB5, ENST00000301905, ../Ntranos_Rotation/ESM-SaProt/AF-Q96KB5-F1-model_v4.pdb.gz
INFO:2025-10-30 14:45:35,137:Successfully computed HSC for Q96KB5.
INFO:2025-10-30 14:45:35,137:Processing Q96KC2 with model AF-Q96KC2-F1-model_v4.pdb
INFO:2025-10-30 14:45:35,189:Computing HSC features for: Q96KC2, ENST00000377275, ../Ntranos_Rotation/ESM-SaProt/AF-Q96KC2-F1-model_v4.pdb.gz
INFO:2025-10-30 14:45:46,247:Successfully computed HSC for Q96KC2.
INFO:2025-10-30 14:45:46,247:Processing Q96KC8 with model AF-Q96KC8-F1-model_v4.pdb
INFO:2025-10-30 14:45:46,330:Computing HSC features for: Q96KC8, ENST00000376980, ../Ntranos_Rotation/ESM-SaProt/AF-Q96KC8-F1-model_v4.pdb.gz
INFO:2025-10-30 14:46:28,343:Successfully computed HSC for Q96KC8.
INFO:2025-10-30 14:46:28,343:Processing Q96KC9 with model AF-Q96KC9-F1-model_v4.pdb
INFO:2025-10-30 14:46:28,444:Computing HSC features for: Q96KC9, ENST00000273936, ../Ntranos_Rotation/ESM-SaProt/AF-Q96KC9-F1-model_v4.pdb.gz
INFO:2025-10-30 14:47:03,149:Successfully computed HSC for Q96KC9.
INFO:2025-10-30 14:47:03,150:Processing Q96KD3 with model AF-Q96KD3-F1-model_v4.pdb
INFO:2025-10-30 14:47:03,238:Computing HSC features for: Q96KD3, ENST00000315184, ../Ntranos_Rotation/ESM-SaProt/AF-Q96KD3-F1-model_v4.pdb.gz
INFO:2025-10-30 14:47:28,698:Successfully computed HSC for Q96KD3.
INFO:2025-10-30 14:47:28,698:Processing Q96KE9 with model AF-Q96KE9-F1-model_v4.pdb
INFO:2025-10-30 14:47:28,803:Computing HSC features for: Q96KE9, ENST00000536364, ../Ntranos_Rotation/ESM-SaProt/AF-Q96KE9-F1-model_v4.pdb.gz
INFO:2025-10-30 14:48:20,659:Successfully computed HSC for Q96KE9.
INFO:2025-10-30 14:48:20,660:Processing Q96KF2 with model AF-Q96KF2-F1-model_v4.pdb
INFO:2025-10-30 14:48:20,684:Computing HSC features for: Q96KF2, ENST00000290294, ../Ntranos_Rotation/ESM-SaProt/AF-Q96KF2-F1-model_v4.pdb.gz
INFO:2025-10-30 14:48:25,268:Successfully computed HSC for Q96KF2.
INFO:2025-10-30 14:48:25,269:Processing Q96KF7 with model AF-Q96KF7-F1-model_v4.pdb
INFO:2025-10-30 14:48:25,298:Computing HSC features for: Q96KF7, ENST00000229570, ../Ntranos_Rotation/ESM-SaProt/AF-Q96KF7-F1-model_v4.pdb.gz
INFO:2025-10-30 14:48:31,680:Successfully computed HSC for Q96KF7.
INFO:2025-10-30 14:48:31,680:Processing Q96KG7 with model AF-Q96KG7-F1-model_v4.pdb
ERROR:2025-10-30 14:48:31,807:No valid CDS found for Q96KG7
INFO:2025-10-30 14:48:31,807:Processing Q99698 with model AF-Q99698-F6-model_v4.pdb
ERROR:2025-10-30 14:48:31,947:No transcript record found for Q99698 in gnomAD.
INFO:2025-10-30 14:48:31,947:Processing Q99700 with model AF-Q99700-F1-model_v4.pdb
INFO:2025-10-30 14:48:32,105:Computing HSC features for: Q99700, ENST00000550104, ../Ntranos_Rotation/ESM-SaProt/AF-Q99700-F1-model_v4.pdb.gz
INFO:2025-10-30 14:50:32,816:Successfully computed HSC for Q99700.
INFO:2025-10-30 14:50:32,817:Processing Q99704 with model AF-Q99704-F1-model_v4.pdb
INFO:2025-10-30 14:50:32,904:Computing HSC features for: Q99704, ENST00000233668, ../Ntranos_Rotation/ESM-SaProt/AF-Q99704-F1-model_v4.pdb.gz
INFO:2025-10-30 14:51:15,603:Successfully computed HSC for Q99704.
INFO:2025-10-30 14:51:15,603:Processing Q99705 with model AF-Q99705-F1-model_v4.pdb
INFO:2025-10-30 14:51:15,663:Computing HSC features for: Q99705, ENST00000249016, ../Ntranos_Rotation/ESM-SaProt/AF-Q99705-F1-model_v4.pdb.gz
INFO:2025-10-30 14:51:52,300:Successfully computed HSC for Q99705.
INFO:2025-10-30 14:51:52,300:Processing Q99706 with model AF-Q99706-F1-model_v4.pdb
ERROR:2025-10-30 14:51:52,353:No transcript record found for Q99706 in gnomAD.
INFO:2025-10-30 14:51:52,354:Processing Q99707 with model AF-Q99707-F1-model_v4.pdb
INFO:2025-10-30 14:51:52,477:Computing HSC features for: Q99707, ENST00000366577, ../Ntranos_Rotation/ESM-SaProt/AF-Q99707-F1-model_v4.pdb.gz
INFO:2025-10-30 14:53:19,074:Successfully computed HSC for Q99707.
INFO:2025-10-30 14:53:19,074:Processing Q99708 with model AF-Q99708-F1-model_v4.pdb
INFO:2025-10-30 14:53:19,276:Computing HSC features for: Q99708, ENST00000327155, ../Ntranos_Rotation/ESM-SaProt/AF-Q99708-F1-model_v4.pdb.gz
INFO:2025-10-30 14:54:27,429:Successfully computed HSC for Q99708.
INFO:2025-10-30 14:54:27,429:Processing Q99712 with model AF-Q99712-F1-model_v4.pdb
INFO:2025-10-30 14:54:27,664:Computing HSC features for: Q99712, ENST00000328656, ../Ntranos_Rotation/ESM-SaProt/AF-Q99712-F1-model_v4.pdb.gz
INFO:2025-10-30 14:55:01,117:Successfully computed HSC for Q99712.
INFO:2025-10-30 14:55:01,118:Processing Q99714 with model AF-Q99714-F1-model_v4.pdb
INFO:2025-10-30 14:55:01,174:Computing HSC features for: Q99714, ENST00000168216, ../Ntranos_Rotation/ESM-SaProt/AF-Q99714-F1-model_v4.pdb.gz
INFO:2025-10-30 14:55:28,972:Successfully computed HSC for Q99714.
INFO:2025-10-30 14:55:28,972:Processing Q99715 with model AF-Q99715-F1-model_v4.pdb
ERROR:2025-10-30 14:55:29,193:No valid CDS found for Q99715
INFO:2025-10-30 14:55:29,193:Processing Q99798 with model AF-Q99798-F1-model_v4.pdb
INFO:2025-10-30 14:55:29,330:Computing HSC features for: Q99798, ENST00000216254, ../Ntranos_Rotation/ESM-SaProt/AF-Q99798-F1-model_v4.pdb.gz
INFO:2025-10-30 14:56:36,042:Successfully computed HSC for Q99798.
INFO:2025-10-30 14:56:36,042:Processing Q9BPU9 with model AF-Q9BPU9-F1-model_v4.pdb
INFO:2025-10-30 14:56:36,090:Computing HSC features for: Q9BPU9, ENST00000243578, ../Ntranos_Rotation/ESM-SaProt/AF-Q9BPU9-F1-model_v4.pdb.gz
INFO:2025-10-30 14:56:55,696:Successfully computed HSC for Q9BPU9.
INFO:2025-10-30 14:56:55,696:Processing Q9BPV8 with model AF-Q9BPV8-F1-model_v4.pdb
INFO:2025-10-30 14:56:55,870:Computing HSC features for: Q9BPV8, ENST00000325602, ../Ntranos_Rotation/ESM-SaProt/AF-Q9BPV8-F1-model_v4.pdb.gz
INFO:2025-10-30 14:57:27,294:Successfully computed HSC for Q9BPV8.
INFO:2025-10-30 14:57:27,294:Processing Q9BPW4 with model AF-Q9BPW4-F1-model_v4.pdb
INFO:2025-10-30 14:57:27,533:Computing HSC features for: Q9BPW4, ENST00000352371, ../Ntranos_Rotation/ESM-SaProt/AF-Q9BPW4-F1-model_v4.pdb.gz
INFO:2025-10-30 14:57:57,364:Successfully computed HSC for Q9BPW4.
INFO:2025-10-30 14:57:57,364:Processing Q9BPW5 with model AF-Q9BPW5-F1-model_v4.pdb
INFO:2025-10-30 14:57:57,421:Computing HSC features for: Q9BPW5, ENST00000248706, ../Ntranos_Rotation/ESM-SaProt/AF-Q9BPW5-F1-model_v4.pdb.gz
INFO:2025-10-30 14:58:18,985:Successfully computed HSC for Q9BPW5.
INFO:2025-10-30 14:58:18,985:Processing Q9BPW8 with model AF-Q9BPW8-F1-model_v4.pdb
INFO:2025-10-30 14:58:19,028:Computing HSC features for: Q9BPW8, ENST00000216121, ../Ntranos_Rotation/ESM-SaProt/AF-Q9BPW8-F1-model_v4.pdb.gz
INFO:2025-10-30 14:58:42,690:Successfully computed HSC for Q9BPW8.
INFO:2025-10-30 14:58:42,691:Pipeline completed.
INFO:2025-10-30 14:58:42,691:no_enst_for_uniprot: 0
INFO:2025-10-30 14:58:42,691:no_valid_cds: 2
INFO:2025-10-30 14:58:42,691:no_variant_data: 6
INFO:2025-10-30 14:58:42,691:bad_structure: 0
INFO:2025-10-30 14:58:42,691:no_enst_mp: 0
