INFO:2025-10-30 14:25:03,430:Starting HSC computation pipeline...
INFO:2025-10-30 14:26:08,709:Processing Q00056 with model AF-Q00056-F1-model_v4.pdb
INFO:2025-10-30 14:26:08,751:Computing HSC features for: Q00056, ENST00000360046, ../Ntranos_Rotation/ESM-SaProt/AF-Q00056-F1-model_v4.pdb.gz
INFO:2025-10-30 14:27:00,022:Successfully computed HSC for Q00056.
INFO:2025-10-30 14:27:00,022:Processing Q00059 with model AF-Q00059-F1-model_v4.pdb
INFO:2025-10-30 14:27:00,071:Computing HSC features for: Q00059, ENST00000487519, ../Ntranos_Rotation/ESM-SaProt/AF-Q00059-F1-model_v4.pdb.gz
INFO:2025-10-30 14:27:21,388:Successfully computed HSC for Q00059.
INFO:2025-10-30 14:27:21,388:Processing Q00169 with model AF-Q00169-F1-model_v4.pdb
INFO:2025-10-30 14:27:21,416:Computing HSC features for: Q00169, ENST00000313486, ../Ntranos_Rotation/ESM-SaProt/AF-Q00169-F1-model_v4.pdb.gz
INFO:2025-10-30 14:27:45,970:Successfully computed HSC for Q00169.
INFO:2025-10-30 14:27:45,970:Processing Q00266 with model AF-Q00266-F1-model_v4.pdb
INFO:2025-10-30 14:27:46,082:Computing HSC features for: Q00266, ENST00000372213, ../Ntranos_Rotation/ESM-SaProt/AF-Q00266-F1-model_v4.pdb.gz
INFO:2025-10-30 14:28:31,382:Successfully computed HSC for Q00266.
INFO:2025-10-30 14:28:31,382:Processing Q00325 with model AF-Q00325-F1-model_v4.pdb
INFO:2025-10-30 14:28:31,494:Computing HSC features for: Q00325, ENST00000228318, ../Ntranos_Rotation/ESM-SaProt/AF-Q00325-F1-model_v4.pdb.gz
INFO:2025-10-30 14:29:07,319:Successfully computed HSC for Q00325.
INFO:2025-10-30 14:29:07,319:Processing Q00341 with model AF-Q00341-F1-model_v4.pdb
INFO:2025-10-30 14:29:07,586:Computing HSC features for: Q00341, ENST00000310931, ../Ntranos_Rotation/ESM-SaProt/AF-Q00341-F1-model_v4.pdb.gz
INFO:2025-10-30 14:31:10,652:Successfully computed HSC for Q00341.
INFO:2025-10-30 14:31:10,653:Processing Q00403 with model AF-Q00403-F1-model_v4.pdb
INFO:2025-10-30 14:31:10,760:Computing HSC features for: Q00403, ENST00000370500, ../Ntranos_Rotation/ESM-SaProt/AF-Q00403-F1-model_v4.pdb.gz
INFO:2025-10-30 14:31:39,254:Successfully computed HSC for Q00403.
INFO:2025-10-30 14:31:39,254:Processing Q00444 with model AF-Q00444-F1-model_v4.pdb
INFO:2025-10-30 14:31:39,326:Computing HSC features for: Q00444, ENST00000312492, ../Ntranos_Rotation/ESM-SaProt/AF-Q00444-F1-model_v4.pdb.gz
INFO:2025-10-30 14:32:11,004:Successfully computed HSC for Q00444.
INFO:2025-10-30 14:32:11,004:Processing Q00526 with model AF-Q00526-F1-model_v4.pdb
INFO:2025-10-30 14:32:11,095:Computing HSC features for: Q00526, ENST00000425876, ../Ntranos_Rotation/ESM-SaProt/AF-Q00526-F1-model_v4.pdb.gz
INFO:2025-10-30 14:32:43,085:Successfully computed HSC for Q00526.
INFO:2025-10-30 14:32:43,085:Processing Q00532 with model AF-Q00532-F1-model_v4.pdb
ERROR:2025-10-30 14:32:43,215:No valid CDS found for Q00532
INFO:2025-10-30 14:32:43,215:Processing Q00534 with model AF-Q00534-F1-model_v4.pdb
INFO:2025-10-30 14:32:43,300:Computing HSC features for: Q00534, ENST00000265734, ../Ntranos_Rotation/ESM-SaProt/AF-Q00534-F1-model_v4.pdb.gz
INFO:2025-10-30 14:33:19,508:Successfully computed HSC for Q00534.
INFO:2025-10-30 14:33:19,508:Processing Q00535 with model AF-Q00535-F1-model_v4.pdb
INFO:2025-10-30 14:33:20,000:Computing HSC features for: Q00535, ENST00000485972, ../Ntranos_Rotation/ESM-SaProt/AF-Q00535-F1-model_v4.pdb.gz
INFO:2025-10-30 14:33:51,769:Successfully computed HSC for Q00535.
INFO:2025-10-30 14:33:51,769:Processing Q00536 with model AF-Q00536-F1-model_v4.pdb
INFO:2025-10-30 14:33:51,880:Computing HSC features for: Q00536, ENST00000357227, ../Ntranos_Rotation/ESM-SaProt/AF-Q00536-F1-model_v4.pdb.gz
INFO:2025-10-30 14:34:48,557:Successfully computed HSC for Q00536.
INFO:2025-10-30 14:34:48,558:Processing Q00537 with model AF-Q00537-F1-model_v4.pdb
INFO:2025-10-30 14:34:48,629:Computing HSC features for: Q00537, ENST00000543119, ../Ntranos_Rotation/ESM-SaProt/AF-Q00537-F1-model_v4.pdb.gz
INFO:2025-10-30 14:35:30,163:Successfully computed HSC for Q00537.
INFO:2025-10-30 14:35:30,163:Processing Q00577 with model AF-Q00577-F1-model_v4.pdb
INFO:2025-10-30 14:35:30,257:Computing HSC features for: Q00577, ENST00000331327, ../Ntranos_Rotation/ESM-SaProt/AF-Q00577-F1-model_v4.pdb.gz
INFO:2025-10-30 14:36:19,966:Successfully computed HSC for Q00577.
INFO:2025-10-30 14:36:19,966:Processing Q00587 with model AF-Q00587-F1-model_v4.pdb
INFO:2025-10-30 14:36:20,080:Computing HSC features for: Q00587, ENST00000249014, ../Ntranos_Rotation/ESM-SaProt/AF-Q00587-F1-model_v4.pdb.gz
INFO:2025-10-30 14:37:05,657:Successfully computed HSC for Q00587.
INFO:2025-10-30 14:37:05,657:Processing Q00597 with model AF-Q00597-F1-model_v4.pdb
INFO:2025-10-30 14:37:05,846:Computing HSC features for: Q00597, ENST00000289081, ../Ntranos_Rotation/ESM-SaProt/AF-Q00597-F1-model_v4.pdb.gz
INFO:2025-10-30 14:37:54,429:Successfully computed HSC for Q00597.
INFO:2025-10-30 14:37:54,429:Processing Q00604 with model AF-Q00604-F1-model_v4.pdb
ERROR:2025-10-30 14:37:54,504:No transcript record found for Q00604 in gnomAD.
INFO:2025-10-30 14:37:54,504:Processing Q00610 with model AF-Q00610-F1-model_v4.pdb
ERROR:2025-10-30 14:37:54,729:No transcript record found for Q00610 in gnomAD.
INFO:2025-10-30 14:37:54,729:Processing Q00613 with model AF-Q00613-F1-model_v4.pdb
INFO:2025-10-30 14:37:54,851:Computing HSC features for: Q00613, ENST00000528838, ../Ntranos_Rotation/ESM-SaProt/AF-Q00613-F1-model_v4.pdb.gz
INFO:2025-10-30 14:38:59,850:Successfully computed HSC for Q00613.
INFO:2025-10-30 14:38:59,850:Processing Q00653 with model AF-Q00653-F1-model_v4.pdb
INFO:2025-10-30 14:39:00,051:Computing HSC features for: Q00653, ENST00000369966, ../Ntranos_Rotation/ESM-SaProt/AF-Q00653-F1-model_v4.pdb.gz
INFO:2025-10-30 14:40:43,065:Successfully computed HSC for Q00653.
INFO:2025-10-30 14:40:43,066:Processing Q00688 with model AF-Q00688-F1-model_v4.pdb
INFO:2025-10-30 14:40:43,156:Computing HSC features for: Q00688, ENST00000216330, ../Ntranos_Rotation/ESM-SaProt/AF-Q00688-F1-model_v4.pdb.gz
INFO:2025-10-30 14:41:06,443:Successfully computed HSC for Q00688.
INFO:2025-10-30 14:41:06,443:Processing Q00722 with model AF-Q00722-F1-model_v4.pdb
INFO:2025-10-30 14:41:06,663:Computing HSC features for: Q00722, ENST00000260402, ../Ntranos_Rotation/ESM-SaProt/AF-Q00722-F1-model_v4.pdb.gz
INFO:2025-10-30 14:43:16,570:Successfully computed HSC for Q00722.
INFO:2025-10-30 14:43:16,570:Processing Q00765 with model AF-Q00765-F1-model_v4.pdb
INFO:2025-10-30 14:43:16,617:Computing HSC features for: Q00765, ENST00000379638, ../Ntranos_Rotation/ESM-SaProt/AF-Q00765-F1-model_v4.pdb.gz
INFO:2025-10-30 14:43:35,310:Successfully computed HSC for Q00765.
INFO:2025-10-30 14:43:35,310:Processing Q00796 with model AF-Q00796-F1-model_v4.pdb
INFO:2025-10-30 14:43:35,390:Computing HSC features for: Q00796, ENST00000267814, ../Ntranos_Rotation/ESM-SaProt/AF-Q00796-F1-model_v4.pdb.gz
INFO:2025-10-30 14:44:20,903:Successfully computed HSC for Q00796.
INFO:2025-10-30 14:44:20,904:Processing Q00839 with model AF-Q00839-F1-model_v4.pdb
ERROR:2025-10-30 14:44:21,064:No transcript record found for Q00839 in gnomAD.
INFO:2025-10-30 14:44:21,064:Processing Q00872 with model AF-Q00872-F1-model_v4.pdb
INFO:2025-10-30 14:44:21,348:Computing HSC features for: Q00872, ENST00000550270, ../Ntranos_Rotation/ESM-SaProt/AF-Q00872-F1-model_v4.pdb.gz
INFO:2025-10-30 14:45:57,895:Successfully computed HSC for Q00872.
INFO:2025-10-30 14:45:57,895:Processing Q00887 with model AF-Q00887-F1-model_v4.pdb
INFO:2025-10-30 14:45:57,978:Computing HSC features for: Q00887, ENST00000270077, ../Ntranos_Rotation/ESM-SaProt/AF-Q00887-F1-model_v4.pdb.gz
INFO:2025-10-30 14:46:39,013:Successfully computed HSC for Q00887.
INFO:2025-10-30 14:46:39,013:Processing Q00888 with model AF-Q00888-F1-model_v4.pdb
INFO:2025-10-30 14:46:39,186:Computing HSC features for: Q00888, ENST00000405312, ../Ntranos_Rotation/ESM-SaProt/AF-Q00888-F1-model_v4.pdb.gz
INFO:2025-10-30 14:47:20,542:Successfully computed HSC for Q00888.
INFO:2025-10-30 14:47:20,542:Processing Q00889 with model AF-Q00889-F1-model_v4.pdb
INFO:2025-10-30 14:47:20,655:Computing HSC features for: Q00889, ENST00000292125, ../Ntranos_Rotation/ESM-SaProt/AF-Q00889-F1-model_v4.pdb.gz
INFO:2025-10-30 14:47:58,892:Successfully computed HSC for Q00889.
INFO:2025-10-30 14:47:58,892:Processing Q008S8 with model AF-Q008S8-F1-model_v4.pdb
INFO:2025-10-30 14:47:59,024:Computing HSC features for: Q008S8, ENST00000367682, ../Ntranos_Rotation/ESM-SaProt/AF-Q008S8-F1-model_v4.pdb.gz
INFO:2025-10-30 14:49:15,704:Successfully computed HSC for Q008S8.
INFO:2025-10-30 14:49:15,705:Processing Q00973 with model AF-Q00973-F1-model_v4.pdb
INFO:2025-10-30 14:49:15,862:Computing HSC features for: Q00973, ENST00000341156, ../Ntranos_Rotation/ESM-SaProt/AF-Q00973-F1-model_v4.pdb.gz
INFO:2025-10-30 14:50:37,260:Successfully computed HSC for Q00973.
INFO:2025-10-30 14:50:37,260:Processing Q00975 with model AF-Q00975-F1-model_v4.pdb
INFO:2025-10-30 14:50:37,743:Computing HSC features for: Q00975, ENST00000371372, ../Ntranos_Rotation/ESM-SaProt/AF-Q00975-F1-model_v4.pdb.gz
INFO:2025-10-30 14:55:54,304:Successfully computed HSC for Q00975.
INFO:2025-10-30 14:55:54,304:Processing Q00978 with model AF-Q00978-F1-model_v4.pdb
ERROR:2025-10-30 14:55:54,419:No transcript record found for Q00978 in gnomAD.
INFO:2025-10-30 14:55:54,420:Processing Q00987 with model AF-Q00987-F1-model_v4.pdb
INFO:2025-10-30 14:55:54,568:Computing HSC features for: Q00987, ENST00000539479, ../Ntranos_Rotation/ESM-SaProt/AF-Q00987-F1-model_v4.pdb.gz
INFO:2025-10-30 14:56:29,046:Successfully computed HSC for Q00987.
INFO:2025-10-30 14:56:29,046:Processing Q00994 with model AF-Q00994-F1-model_v4.pdb
INFO:2025-10-30 14:56:29,090:Computing HSC features for: Q00994, ENST00000372635, ../Ntranos_Rotation/ESM-SaProt/AF-Q00994-F1-model_v4.pdb.gz
INFO:2025-10-30 14:56:38,817:Successfully computed HSC for Q00994.
INFO:2025-10-30 14:56:38,817:Processing Q00G26 with model AF-Q00G26-F1-model_v4.pdb
INFO:2025-10-30 14:56:38,905:Computing HSC features for: Q00G26, ENST00000381848, ../Ntranos_Rotation/ESM-SaProt/AF-Q00G26-F1-model_v4.pdb.gz
INFO:2025-10-30 14:57:44,854:Successfully computed HSC for Q00G26.
INFO:2025-10-30 14:57:44,854:Processing Q00LT1 with model AF-Q00LT1-F1-model_v4.pdb
INFO:2025-10-30 14:57:44,922:Computing HSC features for: Q00LT1, ENST00000586148, ../Ntranos_Rotation/ESM-SaProt/AF-Q00LT1-F1-model_v4.pdb.gz
INFO:2025-10-30 14:57:50,936:Successfully computed HSC for Q00LT1.
INFO:2025-10-30 14:57:50,937:Processing Q01064 with model AF-Q01064-F1-model_v4.pdb
INFO:2025-10-30 14:57:51,011:Computing HSC features for: Q01064, ENST00000243052, ../Ntranos_Rotation/ESM-SaProt/AF-Q01064-F1-model_v4.pdb.gz
INFO:2025-10-30 14:58:44,597:Successfully computed HSC for Q01064.
INFO:2025-10-30 14:58:44,597:Processing Q01081 with model AF-Q01081-F1-model_v4.pdb
INFO:2025-10-30 14:58:44,678:Computing HSC features for: Q01081, ENST00000291552, ../Ntranos_Rotation/ESM-SaProt/AF-Q01081-F1-model_v4.pdb.gz
INFO:2025-10-30 14:59:32,022:Successfully computed HSC for Q01081.
INFO:2025-10-30 14:59:32,022:Processing Q01082 with model AF-Q01082-F1-model_v4.pdb
INFO:2025-10-30 14:59:32,310:Computing HSC features for: Q01082, ENST00000356805, ../Ntranos_Rotation/ESM-SaProt/AF-Q01082-F1-model_v4.pdb.gz
INFO:2025-10-30 15:03:19,688:Successfully computed HSC for Q01082.
INFO:2025-10-30 15:03:19,688:Processing Q01085 with model AF-Q01085-F1-model_v4.pdb
INFO:2025-10-30 15:03:19,771:Computing HSC features for: Q01085, ENST00000436547, ../Ntranos_Rotation/ESM-SaProt/AF-Q01085-F1-model_v4.pdb.gz
INFO:2025-10-30 15:03:49,710:Successfully computed HSC for Q01085.
INFO:2025-10-30 15:03:49,710:Processing Q01094 with model AF-Q01094-F1-model_v4.pdb
INFO:2025-10-30 15:03:49,808:Computing HSC features for: Q01094, ENST00000343380, ../Ntranos_Rotation/ESM-SaProt/AF-Q01094-F1-model_v4.pdb.gz
INFO:2025-10-30 15:05:32,587:Successfully computed HSC for Q01094.
INFO:2025-10-30 15:05:32,588:Processing Q01101 with model AF-Q01101-F1-model_v4.pdb
INFO:2025-10-30 15:05:32,720:Computing HSC features for: Q01101, ENST00000310227, ../Ntranos_Rotation/ESM-SaProt/AF-Q01101-F1-model_v4.pdb.gz
INFO:2025-10-30 15:08:21,122:Successfully computed HSC for Q01101.
INFO:2025-10-30 15:08:21,122:Processing Q01105 with model AF-Q01105-F1-model_v4.pdb
ERROR:2025-10-30 15:08:21,222:No transcript record found for Q01105 in gnomAD.
INFO:2025-10-30 15:08:21,223:Processing Q01113 with model AF-Q01113-F1-model_v4.pdb
ERROR:2025-10-30 15:08:21,363:No transcript record found for Q01113 in gnomAD.
INFO:2025-10-30 15:08:21,363:Processing Q01118 with model AF-Q01118-F1-model_v4.pdb
INFO:2025-10-30 15:08:21,660:Computing HSC features for: Q01118, ENST00000441411, ../Ntranos_Rotation/ESM-SaProt/AF-Q01118-F1-model_v4.pdb.gz
INFO:2025-10-30 15:11:17,166:Successfully computed HSC for Q01118.
INFO:2025-10-30 15:11:17,167:Processing Q6PI25 with model AF-Q6PI25-F1-model_v4.pdb
INFO:2025-10-30 15:11:17,217:Computing HSC features for: Q6PI25, ENST00000311445, ../Ntranos_Rotation/ESM-SaProt/AF-Q6PI25-F1-model_v4.pdb.gz
INFO:2025-10-30 15:11:36,991:Successfully computed HSC for Q6PI25.
INFO:2025-10-30 15:11:36,991:Processing Q6PI26 with model AF-Q6PI26-F1-model_v4.pdb
INFO:2025-10-30 15:11:37,107:Computing HSC features for: Q6PI26, ENST00000325599, ../Ntranos_Rotation/ESM-SaProt/AF-Q6PI26-F1-model_v4.pdb.gz
INFO:2025-10-30 15:12:31,886:Successfully computed HSC for Q6PI26.
INFO:2025-10-30 15:12:31,886:Processing Q6PI47 with model AF-Q6PI47-F1-model_v4.pdb
INFO:2025-10-30 15:12:31,950:Computing HSC features for: Q6PI47, ENST00000359878, ../Ntranos_Rotation/ESM-SaProt/AF-Q6PI47-F1-model_v4.pdb.gz
INFO:2025-10-30 15:13:12,302:Successfully computed HSC for Q6PI47.
INFO:2025-10-30 15:13:12,302:Pipeline completed.
INFO:2025-10-30 15:13:12,302:no_enst_for_uniprot: 0
INFO:2025-10-30 15:13:12,302:no_valid_cds: 1
INFO:2025-10-30 15:13:12,302:no_variant_data: 6
INFO:2025-10-30 15:13:12,302:bad_structure: 0
INFO:2025-10-30 15:13:12,302:no_enst_mp: 0
