INFO:2025-10-30 14:26:03,404:Starting HSC computation pipeline...
INFO:2025-10-30 14:27:09,829:Processing Q8N6Q8 with model AF-Q8N6Q8-F1-model_v4.pdb
INFO:2025-10-30 14:27:09,944:Computing HSC features for: Q8N6Q8, ENST00000248306, ../Ntranos_Rotation/ESM-SaProt/AF-Q8N6Q8-F1-model_v4.pdb.gz
INFO:2025-10-30 14:27:54,079:Successfully computed HSC for Q8N6Q8.
INFO:2025-10-30 14:27:54,079:Processing Q8N6R0 with model AF-Q8N6R0-F1-model_v4.pdb
INFO:2025-10-30 14:27:54,242:Computing HSC features for: Q8N6R0, ENST00000361735, ../Ntranos_Rotation/ESM-SaProt/AF-Q8N6R0-F1-model_v4.pdb.gz
INFO:2025-10-30 14:28:59,473:Successfully computed HSC for Q8N6R0.
INFO:2025-10-30 14:28:59,473:Processing Q8N6R1 with model AF-Q8N6R1-F1-model_v4.pdb
INFO:2025-10-30 14:28:59,513:Computing HSC features for: Q8N6R1, ENST00000379179, ../Ntranos_Rotation/ESM-SaProt/AF-Q8N6R1-F1-model_v4.pdb.gz
INFO:2025-10-30 14:29:06,652:Successfully computed HSC for Q8N6R1.
INFO:2025-10-30 14:29:06,652:Processing Q8N6S4 with model AF-Q8N6S4-F1-model_v4.pdb
INFO:2025-10-30 14:29:06,798:Computing HSC features for: Q8N6S4, ENST00000370944, ../Ntranos_Rotation/ESM-SaProt/AF-Q8N6S4-F1-model_v4.pdb.gz
INFO:2025-10-30 14:29:53,756:Successfully computed HSC for Q8N6S4.
INFO:2025-10-30 14:29:53,756:Processing Q8N6S5 with model AF-Q8N6S5-F1-model_v4.pdb
INFO:2025-10-30 14:29:53,820:Computing HSC features for: Q8N6S5, ENST00000326446, ../Ntranos_Rotation/ESM-SaProt/AF-Q8N6S5-F1-model_v4.pdb.gz
INFO:2025-10-30 14:30:23,777:Successfully computed HSC for Q8N6S5.
INFO:2025-10-30 14:30:23,777:Processing Q8N6T0 with model AF-Q8N6T0-F1-model_v4.pdb
ERROR:2025-10-30 14:30:23,939:No valid CDS found for Q8N6T0
INFO:2025-10-30 14:30:23,939:Processing Q8N6T3 with model AF-Q8N6T3-F1-model_v4.pdb
INFO:2025-10-30 14:30:24,048:Computing HSC features for: Q8N6T3, ENST00000370283, ../Ntranos_Rotation/ESM-SaProt/AF-Q8N6T3-F1-model_v4.pdb.gz
INFO:2025-10-30 14:31:11,445:Successfully computed HSC for Q8N6T3.
INFO:2025-10-30 14:31:11,445:Processing Q8N6T7 with model AF-Q8N6T7-F1-model_v4.pdb
INFO:2025-10-30 14:31:11,529:Computing HSC features for: Q8N6T7, ENST00000337491, ../Ntranos_Rotation/ESM-SaProt/AF-Q8N6T7-F1-model_v4.pdb.gz
INFO:2025-10-30 14:31:56,874:Successfully computed HSC for Q8N6T7.
INFO:2025-10-30 14:31:56,874:Processing Q8N6U2 with model AF-Q8N6U2-F1-model_v4.pdb
ERROR:2025-10-30 14:31:56,939:No ENST transcript IDs were mapped to Q8N6U2
INFO:2025-10-30 14:31:56,939:Processing Q8N6U8 with model AF-Q8N6U8-F1-model_v4.pdb
INFO:2025-10-30 14:31:57,079:Computing HSC features for: Q8N6U8, ENST00000367835, ../Ntranos_Rotation/ESM-SaProt/AF-Q8N6U8-F1-model_v4.pdb.gz
INFO:2025-10-30 14:32:54,104:Successfully computed HSC for Q8N6U8.
INFO:2025-10-30 14:32:54,104:Processing Q8N6V4 with model AF-Q8N6V4-F1-model_v4.pdb
INFO:2025-10-30 14:32:54,163:Computing HSC features for: Q8N6V4, ENST00000374111, ../Ntranos_Rotation/ESM-SaProt/AF-Q8N6V4-F1-model_v4.pdb.gz
INFO:2025-10-30 14:33:03,809:Successfully computed HSC for Q8N6V4.
INFO:2025-10-30 14:33:03,809:Processing Q8N6V9 with model AF-Q8N6V9-F1-model_v4.pdb
ERROR:2025-10-30 14:33:03,922:No transcript record found for Q8N6V9 in gnomAD.
INFO:2025-10-30 14:33:03,922:Processing Q8N6W0 with model AF-Q8N6W0-F1-model_v4.pdb
INFO:2025-10-30 14:33:04,035:Computing HSC features for: Q8N6W0, ENST00000292672, ../Ntranos_Rotation/ESM-SaProt/AF-Q8N6W0-F1-model_v4.pdb.gz
INFO:2025-10-30 14:34:06,140:Successfully computed HSC for Q8N6W0.
INFO:2025-10-30 14:34:06,140:Processing Q8N6Y0 with model AF-Q8N6Y0-F1-model_v4.pdb
INFO:2025-10-30 14:34:06,298:Computing HSC features for: Q8N6Y0, ENST00000252597, ../Ntranos_Rotation/ESM-SaProt/AF-Q8N6Y0-F1-model_v4.pdb.gz
INFO:2025-10-30 14:35:10,302:Successfully computed HSC for Q8N6Y0.
INFO:2025-10-30 14:35:10,303:Processing Q8N6Y1 with model AF-Q8N6Y1-F1-model_v4.pdb
INFO:2025-10-30 14:35:10,491:Computing HSC features for: Q8N6Y1, ENST00000409204, ../Ntranos_Rotation/ESM-SaProt/AF-Q8N6Y1-F1-model_v4.pdb.gz
INFO:2025-10-30 14:36:29,769:Successfully computed HSC for Q8N6Y1.
INFO:2025-10-30 14:36:29,769:Processing Q8N6Y2 with model AF-Q8N6Y2-F1-model_v4.pdb
INFO:2025-10-30 14:36:29,849:Computing HSC features for: Q8N6Y2, ENST00000339431, ../Ntranos_Rotation/ESM-SaProt/AF-Q8N6Y2-F1-model_v4.pdb.gz
INFO:2025-10-30 14:37:03,227:Successfully computed HSC for Q8N6Y2.
INFO:2025-10-30 14:37:03,227:Processing Q8N715 with model AF-Q8N715-F1-model_v4.pdb
INFO:2025-10-30 14:37:03,377:Computing HSC features for: Q8N715, ENST00000366875, ../Ntranos_Rotation/ESM-SaProt/AF-Q8N715-F1-model_v4.pdb.gz
INFO:2025-10-30 14:38:20,862:Successfully computed HSC for Q8N715.
INFO:2025-10-30 14:38:20,863:Processing Q8N720 with model AF-Q8N720-F1-model_v4.pdb
INFO:2025-10-30 14:38:20,979:Computing HSC features for: Q8N720, ENST00000252713, ../Ntranos_Rotation/ESM-SaProt/AF-Q8N720-F1-model_v4.pdb.gz
INFO:2025-10-30 14:38:51,459:Successfully computed HSC for Q8N720.
INFO:2025-10-30 14:38:51,460:Processing Q8N729 with model AF-Q8N729-F1-model_v4.pdb
ERROR:2025-10-30 14:38:51,512:No transcript record found for Q8N729 in gnomAD.
INFO:2025-10-30 14:38:51,512:Processing Q8N743 with model AF-Q8N743-F1-model_v4.pdb
ERROR:2025-10-30 14:38:51,609:No transcript record found for Q8N743 in gnomAD.
INFO:2025-10-30 14:38:51,609:Processing Q8N752 with model AF-Q8N752-F1-model_v4.pdb
INFO:2025-10-30 14:38:51,698:Computing HSC features for: Q8N752, ENST00000379800, ../Ntranos_Rotation/ESM-SaProt/AF-Q8N752-F1-model_v4.pdb.gz
INFO:2025-10-30 14:39:19,617:Successfully computed HSC for Q8N752.
INFO:2025-10-30 14:39:19,618:Processing Q8N755 with model AF-Q8N755-F1-model_v4.pdb
INFO:2025-10-30 14:39:19,681:Computing HSC features for: Q8N755, ENST00000295083, ../Ntranos_Rotation/ESM-SaProt/AF-Q8N755-F1-model_v4.pdb.gz
INFO:2025-10-30 14:39:40,454:Successfully computed HSC for Q8N755.
INFO:2025-10-30 14:39:40,454:Processing Q8N766 with model AF-Q8N766-F1-model_v4.pdb
INFO:2025-10-30 14:39:40,645:Computing HSC features for: Q8N766, ENST00000477853, ../Ntranos_Rotation/ESM-SaProt/AF-Q8N766-F1-model_v4.pdb.gz
INFO:2025-10-30 14:41:07,038:Successfully computed HSC for Q8N766.
INFO:2025-10-30 14:41:07,038:Processing Q8N769 with model AF-Q8N769-F1-model_v4.pdb
ERROR:2025-10-30 14:41:07,078:No ENST transcript IDs were mapped to Q8N769
INFO:2025-10-30 14:41:07,079:Processing Q8N782 with model AF-Q8N782-F1-model_v4.pdb
ERROR:2025-10-30 14:41:07,136:No valid CDS found for Q8N782
INFO:2025-10-30 14:41:07,136:Processing Q8N7A1 with model AF-Q8N7A1-F1-model_v4.pdb
INFO:2025-10-30 14:41:07,240:Computing HSC features for: Q8N7A1, ENST00000359332, ../Ntranos_Rotation/ESM-SaProt/AF-Q8N7A1-F1-model_v4.pdb.gz
INFO:2025-10-30 14:41:37,608:Successfully computed HSC for Q8N7A1.
INFO:2025-10-30 14:41:37,608:Processing Q8N7B1 with model AF-Q8N7B1-F1-model_v4.pdb
INFO:2025-10-30 14:41:37,680:Computing HSC features for: Q8N7B1, ENST00000336726, ../Ntranos_Rotation/ESM-SaProt/AF-Q8N7B1-F1-model_v4.pdb.gz
INFO:2025-10-30 14:41:58,908:Successfully computed HSC for Q8N7B1.
INFO:2025-10-30 14:41:58,908:Processing Q8N7B6 with model AF-Q8N7B6-F1-model_v4.pdb
INFO:2025-10-30 14:41:58,970:Computing HSC features for: Q8N7B6, ENST00000503585, ../Ntranos_Rotation/ESM-SaProt/AF-Q8N7B6-F1-model_v4.pdb.gz
INFO:2025-10-30 14:42:15,009:Successfully computed HSC for Q8N7B6.
INFO:2025-10-30 14:42:15,009:Processing Q8N7B9 with model AF-Q8N7B9-F1-model_v4.pdb
INFO:2025-10-30 14:42:15,213:Computing HSC features for: Q8N7B9, ENST00000305286, ../Ntranos_Rotation/ESM-SaProt/AF-Q8N7B9-F1-model_v4.pdb.gz
INFO:2025-10-30 14:42:42,697:Successfully computed HSC for Q8N7B9.
INFO:2025-10-30 14:42:42,697:Processing Q8N7C0 with model AF-Q8N7C0-F1-model_v4.pdb
INFO:2025-10-30 14:42:42,785:Computing HSC features for: Q8N7C0, ENST00000294818, ../Ntranos_Rotation/ESM-SaProt/AF-Q8N7C0-F1-model_v4.pdb.gz
INFO:2025-10-30 14:43:11,547:Successfully computed HSC for Q8N7C0.
INFO:2025-10-30 14:43:11,547:Processing Q8N7C3 with model AF-Q8N7C3-F1-model_v4.pdb
ERROR:2025-10-30 14:43:11,715:No valid CDS found for Q8N7C3
INFO:2025-10-30 14:43:11,716:Processing Q8N7C4 with model AF-Q8N7C4-F1-model_v4.pdb
INFO:2025-10-30 14:43:11,778:Computing HSC features for: Q8N7C4, ENST00000336655, ../Ntranos_Rotation/ESM-SaProt/AF-Q8N7C4-F1-model_v4.pdb.gz
INFO:2025-10-30 14:43:31,671:Successfully computed HSC for Q8N7C4.
INFO:2025-10-30 14:43:31,672:Processing Q8N7C7 with model AF-Q8N7C7-F1-model_v4.pdb
INFO:2025-10-30 14:43:31,745:Computing HSC features for: Q8N7C7, ENST00000434824, ../Ntranos_Rotation/ESM-SaProt/AF-Q8N7C7-F1-model_v4.pdb.gz
INFO:2025-10-30 14:43:54,576:Successfully computed HSC for Q8N7C7.
INFO:2025-10-30 14:43:54,576:Processing Q8N7E2 with model AF-Q8N7E2-F1-model_v4.pdb
INFO:2025-10-30 14:43:54,675:Computing HSC features for: Q8N7E2, ENST00000323684, ../Ntranos_Rotation/ESM-SaProt/AF-Q8N7E2-F1-model_v4.pdb.gz
INFO:2025-10-30 14:44:31,856:Successfully computed HSC for Q8N7E2.
INFO:2025-10-30 14:44:31,856:Processing Q8N7F7 with model AF-Q8N7F7-F1-model_v4.pdb
INFO:2025-10-30 14:44:31,993:Computing HSC features for: Q8N7F7, ENST00000334179, ../Ntranos_Rotation/ESM-SaProt/AF-Q8N7F7-F1-model_v4.pdb.gz
INFO:2025-10-30 14:44:47,367:Successfully computed HSC for Q8N7F7.
INFO:2025-10-30 14:44:47,367:Processing Q8N7G0 with model AF-Q8N7G0-F1-model_v4.pdb
ERROR:2025-10-30 14:44:47,456:No transcript record found for Q8N7G0 in gnomAD.
INFO:2025-10-30 14:44:47,456:Processing Q8N7H1 with model AF-Q8N7H1-F1-model_v4.pdb
ERROR:2025-10-30 14:44:47,538:No ENST transcript IDs were mapped to Q8N7H1
INFO:2025-10-30 14:44:47,538:Processing Q8N7H5 with model AF-Q8N7H5-F1-model_v4.pdb
INFO:2025-10-30 14:44:47,623:Computing HSC features for: Q8N7H5, ENST00000221265, ../Ntranos_Rotation/ESM-SaProt/AF-Q8N7H5-F1-model_v4.pdb.gz
INFO:2025-10-30 14:45:34,392:Successfully computed HSC for Q8N7H5.
INFO:2025-10-30 14:45:34,393:Processing Q8N7I0 with model AF-Q8N7I0-F1-model_v4.pdb
ERROR:2025-10-30 14:45:34,450:No ENST transcript IDs were mapped to Q8N7I0
INFO:2025-10-30 14:45:34,450:Processing Q8N7J2 with model AF-Q8N7J2-F1-model_v4.pdb
INFO:2025-10-30 14:45:34,560:Computing HSC features for: Q8N7J2, ENST00000515384, ../Ntranos_Rotation/ESM-SaProt/AF-Q8N7J2-F1-model_v4.pdb.gz
INFO:2025-10-30 14:47:21,456:Successfully computed HSC for Q8N7J2.
INFO:2025-10-30 14:47:21,456:Processing Q8N7K0 with model AF-Q8N7K0-F1-model_v4.pdb
INFO:2025-10-30 14:47:21,557:Computing HSC features for: Q8N7K0, ENST00000344980, ../Ntranos_Rotation/ESM-SaProt/AF-Q8N7K0-F1-model_v4.pdb.gz
INFO:2025-10-30 14:48:12,822:Successfully computed HSC for Q8N7K0.
INFO:2025-10-30 14:48:12,822:Processing Q8N7L0 with model AF-Q8N7L0-F1-model_v4.pdb
INFO:2025-10-30 14:48:12,870:Computing HSC features for: Q8N7L0, ENST00000313851, ../Ntranos_Rotation/ESM-SaProt/AF-Q8N7L0-F1-model_v4.pdb.gz
INFO:2025-10-30 14:48:23,398:Successfully computed HSC for Q8N7L0.
INFO:2025-10-30 14:48:23,398:Processing Q8N7M0 with model AF-Q8N7M0-F1-model_v4.pdb
INFO:2025-10-30 14:48:23,445:Computing HSC features for: Q8N7M0, ENST00000282670, ../Ntranos_Rotation/ESM-SaProt/AF-Q8N7M0-F1-model_v4.pdb.gz
INFO:2025-10-30 14:48:36,892:Successfully computed HSC for Q8N7M0.
INFO:2025-10-30 14:48:36,892:Processing Q8N7M2 with model AF-Q8N7M2-F1-model_v4.pdb
INFO:2025-10-30 14:48:36,992:Computing HSC features for: Q8N7M2, ENST00000324461, ../Ntranos_Rotation/ESM-SaProt/AF-Q8N7M2-F1-model_v4.pdb.gz
INFO:2025-10-30 14:49:23,418:Successfully computed HSC for Q8N7M2.
INFO:2025-10-30 14:49:23,418:Processing Q8N7N1 with model AF-Q8N7N1-F1-model_v4.pdb
INFO:2025-10-30 14:49:23,493:Computing HSC features for: Q8N7N1, ENST00000448228, ../Ntranos_Rotation/ESM-SaProt/AF-Q8N7N1-F1-model_v4.pdb.gz
INFO:2025-10-30 14:49:55,673:Successfully computed HSC for Q8N7N1.
INFO:2025-10-30 14:49:55,673:Processing Q8N7P1 with model AF-Q8N7P1-F1-model_v4.pdb
INFO:2025-10-30 14:49:55,755:Computing HSC features for: Q8N7P1, ENST00000536534, ../Ntranos_Rotation/ESM-SaProt/AF-Q8N7P1-F1-model_v4.pdb.gz
INFO:2025-10-30 14:50:39,304:Successfully computed HSC for Q8N7P1.
INFO:2025-10-30 14:50:39,304:Processing Q8N7P3 with model AF-Q8N7P3-F1-model_v4.pdb
INFO:2025-10-30 14:50:39,368:Computing HSC features for: Q8N7P3, ENST00000323319, ../Ntranos_Rotation/ESM-SaProt/AF-Q8N7P3-F1-model_v4.pdb.gz
INFO:2025-10-30 14:50:56,131:Successfully computed HSC for Q8N7P3.
INFO:2025-10-30 14:50:56,131:Processing Q8N7P7 with model AF-Q8N7P7-F1-model_v4.pdb
ERROR:2025-10-30 14:50:56,246:No ENST transcript IDs were mapped to Q8N7P7
INFO:2025-10-30 14:50:56,246:Processing Q8N7Q2 with model AF-Q8N7Q2-F1-model_v4.pdb
ERROR:2025-10-30 14:50:56,322:No ENST transcript IDs were mapped to Q8N7Q2
INFO:2025-10-30 14:50:56,322:Processing Q8N7Q3 with model AF-Q8N7Q3-F1-model_v4.pdb
INFO:2025-10-30 14:50:56,511:Computing HSC features for: Q8N7Q3, ENST00000397121, ../Ntranos_Rotation/ESM-SaProt/AF-Q8N7Q3-F1-model_v4.pdb.gz
INFO:2025-10-30 14:51:34,154:Successfully computed HSC for Q8N7Q3.
INFO:2025-10-30 14:51:34,154:Pipeline completed.
INFO:2025-10-30 14:51:34,154:no_enst_for_uniprot: 6
INFO:2025-10-30 14:51:34,155:no_valid_cds: 3
INFO:2025-10-30 14:51:34,155:no_variant_data: 4
INFO:2025-10-30 14:51:34,155:bad_structure: 0
INFO:2025-10-30 14:51:34,155:no_enst_mp: 0
