INFO:2025-10-30 14:25:03,648:Starting HSC computation pipeline...
INFO:2025-10-30 14:26:10,696:Processing P49848 with model AF-P49848-F1-model_v4.pdb
ERROR:2025-10-30 14:26:10,831:No transcript record found for P49848 in gnomAD.
INFO:2025-10-30 14:26:10,831:Processing P49862 with model AF-P49862-F1-model_v4.pdb
INFO:2025-10-30 14:26:10,878:Computing HSC features for: P49862, ENST00000391807, ../Ntranos_Rotation/ESM-SaProt/AF-P49862-F1-model_v4.pdb.gz
INFO:2025-10-30 14:26:33,406:Successfully computed HSC for P49862.
INFO:2025-10-30 14:26:33,406:Processing P49863 with model AF-P49863-F1-model_v4.pdb
INFO:2025-10-30 14:26:33,448:Computing HSC features for: P49863, ENST00000231009, ../Ntranos_Rotation/ESM-SaProt/AF-P49863-F1-model_v4.pdb.gz
INFO:2025-10-30 14:26:50,761:Successfully computed HSC for P49863.
INFO:2025-10-30 14:26:50,761:Processing P49888 with model AF-P49888-F1-model_v4.pdb
INFO:2025-10-30 14:26:50,813:Computing HSC features for: P49888, ENST00000226444, ../Ntranos_Rotation/ESM-SaProt/AF-P49888-F1-model_v4.pdb.gz
INFO:2025-10-30 14:27:07,348:Successfully computed HSC for P49888.
INFO:2025-10-30 14:27:07,348:Processing P49901 with model AF-P49901-F1-model_v4.pdb
INFO:2025-10-30 14:27:07,363:Computing HSC features for: P49901, ENST00000368765, ../Ntranos_Rotation/ESM-SaProt/AF-P49901-F1-model_v4.pdb.gz
INFO:2025-10-30 14:27:14,117:Successfully computed HSC for P49901.
INFO:2025-10-30 14:27:14,117:Processing P49902 with model AF-P49902-F1-model_v4.pdb
INFO:2025-10-30 14:27:14,251:Computing HSC features for: P49902, ENST00000343289, ../Ntranos_Rotation/ESM-SaProt/AF-P49902-F1-model_v4.pdb.gz
INFO:2025-10-30 14:27:53,702:Successfully computed HSC for P49902.
INFO:2025-10-30 14:27:53,702:Processing P49903 with model AF-P49903-F1-model_v4.pdb
INFO:2025-10-30 14:27:53,769:Computing HSC features for: P49903, ENST00000327347, ../Ntranos_Rotation/ESM-SaProt/AF-P49903-F1-model_v4.pdb.gz
INFO:2025-10-30 14:28:26,497:Successfully computed HSC for P49903.
INFO:2025-10-30 14:28:26,497:Processing P49910 with model AF-P49910-F1-model_v4.pdb
INFO:2025-10-30 14:28:26,597:Computing HSC features for: P49910, ENST00000377325, ../Ntranos_Rotation/ESM-SaProt/AF-P49910-F1-model_v4.pdb.gz
INFO:2025-10-30 14:28:55,545:Successfully computed HSC for P49910.
INFO:2025-10-30 14:28:55,545:Processing P49913 with model AF-P49913-F1-model_v4.pdb
ERROR:2025-10-30 14:28:55,583:No transcript record found for P49913 in gnomAD.
INFO:2025-10-30 14:28:55,583:Processing P49914 with model AF-P49914-F1-model_v4.pdb
INFO:2025-10-30 14:28:55,642:Computing HSC features for: P49914, ENST00000258874, ../Ntranos_Rotation/ESM-SaProt/AF-P49914-F1-model_v4.pdb.gz
INFO:2025-10-30 14:29:13,358:Successfully computed HSC for P49914.
INFO:2025-10-30 14:29:13,358:Processing P49915 with model AF-P49915-F1-model_v4.pdb
INFO:2025-10-30 14:29:13,467:Computing HSC features for: P49915, ENST00000496455, ../Ntranos_Rotation/ESM-SaProt/AF-P49915-F1-model_v4.pdb.gz
INFO:2025-10-30 14:29:55,782:Successfully computed HSC for P49915.
INFO:2025-10-30 14:29:55,782:Processing P49916 with model AF-P49916-F1-model_v4.pdb
INFO:2025-10-30 14:29:56,004:Computing HSC features for: P49916, ENST00000378526, ../Ntranos_Rotation/ESM-SaProt/AF-P49916-F1-model_v4.pdb.gz
INFO:2025-10-30 14:31:17,409:Successfully computed HSC for P49916.
INFO:2025-10-30 14:31:17,409:Processing P49917 with model AF-P49917-F1-model_v4.pdb
ERROR:2025-10-30 14:31:17,578:No transcript record found for P49917 in gnomAD.
INFO:2025-10-30 14:31:17,578:Processing P49918 with model AF-P49918-F1-model_v4.pdb
INFO:2025-10-30 14:31:17,651:Computing HSC features for: P49918, ENST00000414822, ../Ntranos_Rotation/ESM-SaProt/AF-P49918-F1-model_v4.pdb.gz
INFO:2025-10-30 14:32:22,810:Successfully computed HSC for P49918.
INFO:2025-10-30 14:32:22,810:Processing P49959 with model AF-P49959-F1-model_v4.pdb
INFO:2025-10-30 14:32:22,901:Computing HSC features for: P49959, ENST00000323929, ../Ntranos_Rotation/ESM-SaProt/AF-P49959-F1-model_v4.pdb.gz
INFO:2025-10-30 14:33:11,650:Successfully computed HSC for P49959.
INFO:2025-10-30 14:33:11,651:Processing P49961 with model AF-P49961-F1-model_v4.pdb
INFO:2025-10-30 14:33:11,720:Computing HSC features for: P49961, ENST00000371205, ../Ntranos_Rotation/ESM-SaProt/AF-P49961-F1-model_v4.pdb.gz
INFO:2025-10-30 14:33:51,050:Successfully computed HSC for P49961.
INFO:2025-10-30 14:33:51,051:Processing P50052 with model AF-P50052-F1-model_v4.pdb
INFO:2025-10-30 14:33:51,116:Computing HSC features for: P50052, ENST00000371906, ../Ntranos_Rotation/ESM-SaProt/AF-P50052-F1-model_v4.pdb.gz
INFO:2025-10-30 14:34:16,555:Successfully computed HSC for P50052.
INFO:2025-10-30 14:34:16,555:Processing P50053 with model AF-P50053-F1-model_v4.pdb
INFO:2025-10-30 14:34:16,633:Computing HSC features for: P50053, ENST00000260598, ../Ntranos_Rotation/ESM-SaProt/AF-P50053-F1-model_v4.pdb.gz
INFO:2025-10-30 14:34:49,977:Successfully computed HSC for P50053.
INFO:2025-10-30 14:34:49,977:Processing P50120 with model AF-P50120-F1-model_v4.pdb
INFO:2025-10-30 14:34:50,022:Computing HSC features for: P50120, ENST00000232217, ../Ntranos_Rotation/ESM-SaProt/AF-P50120-F1-model_v4.pdb.gz
INFO:2025-10-30 14:35:03,699:Successfully computed HSC for P50120.
INFO:2025-10-30 14:35:03,699:Processing P50135 with model AF-P50135-F1-model_v4.pdb
INFO:2025-10-30 14:35:03,779:Computing HSC features for: P50135, ENST00000280097, ../Ntranos_Rotation/ESM-SaProt/AF-P50135-F1-model_v4.pdb.gz
INFO:2025-10-30 14:35:22,221:Successfully computed HSC for P50135.
INFO:2025-10-30 14:35:22,221:Processing P50148 with model AF-P50148-F1-model_v4.pdb
INFO:2025-10-30 14:35:22,337:Computing HSC features for: P50148, ENST00000286548, ../Ntranos_Rotation/ESM-SaProt/AF-P50148-F1-model_v4.pdb.gz
INFO:2025-10-30 14:35:48,528:Successfully computed HSC for P50148.
INFO:2025-10-30 14:35:48,528:Processing P50150 with model AF-P50150-F1-model_v4.pdb
INFO:2025-10-30 14:35:48,582:Computing HSC features for: P50150, ENST00000366597, ../Ntranos_Rotation/ESM-SaProt/AF-P50150-F1-model_v4.pdb.gz
INFO:2025-10-30 14:35:53,782:Successfully computed HSC for P50150.
INFO:2025-10-30 14:35:53,782:Processing P50151 with model AF-P50151-F1-model_v4.pdb
INFO:2025-10-30 14:35:53,877:Computing HSC features for: P50151, ENST00000374293, ../Ntranos_Rotation/ESM-SaProt/AF-P50151-F1-model_v4.pdb.gz
INFO:2025-10-30 14:36:00,197:Successfully computed HSC for P50151.
INFO:2025-10-30 14:36:00,197:Processing P50213 with model AF-P50213-F1-model_v4.pdb
INFO:2025-10-30 14:36:00,364:Computing HSC features for: P50213, ENST00000299518, ../Ntranos_Rotation/ESM-SaProt/AF-P50213-F1-model_v4.pdb.gz
INFO:2025-10-30 14:36:27,479:Successfully computed HSC for P50213.
INFO:2025-10-30 14:36:27,479:Processing P50219 with model AF-P50219-F1-model_v4.pdb
INFO:2025-10-30 14:36:27,951:Computing HSC features for: P50219, ENST00000252971, ../Ntranos_Rotation/ESM-SaProt/AF-P50219-F1-model_v4.pdb.gz
INFO:2025-10-30 14:37:28,902:Successfully computed HSC for P50219.
INFO:2025-10-30 14:37:28,902:Processing P50221 with model AF-P50221-F1-model_v4.pdb
INFO:2025-10-30 14:37:28,951:Computing HSC features for: P50221, ENST00000318579, ../Ntranos_Rotation/ESM-SaProt/AF-P50221-F1-model_v4.pdb.gz
INFO:2025-10-30 14:37:48,605:Successfully computed HSC for P50221.
INFO:2025-10-30 14:37:48,606:Processing P50222 with model AF-P50222-F1-model_v4.pdb
INFO:2025-10-30 14:37:48,687:Computing HSC features for: P50222, ENST00000262041, ../Ntranos_Rotation/ESM-SaProt/AF-P50222-F1-model_v4.pdb.gz
INFO:2025-10-30 14:38:13,301:Successfully computed HSC for P50222.
INFO:2025-10-30 14:38:13,301:Processing P50225 with model AF-P50225-F1-model_v4.pdb
INFO:2025-10-30 14:38:13,382:Computing HSC features for: P50225, ENST00000314752, ../Ntranos_Rotation/ESM-SaProt/AF-P50225-F1-model_v4.pdb.gz
INFO:2025-10-30 14:38:35,778:Successfully computed HSC for P50225.
INFO:2025-10-30 14:38:35,779:Processing P50226 with model AF-P50226-F1-model_v4.pdb
INFO:2025-10-30 14:38:35,831:Computing HSC features for: P50226, ENST00000335715, ../Ntranos_Rotation/ESM-SaProt/AF-P50226-F1-model_v4.pdb.gz
INFO:2025-10-30 14:38:57,340:Successfully computed HSC for P50226.
INFO:2025-10-30 14:38:57,341:Processing P50238 with model AF-P50238-F1-model_v4.pdb
INFO:2025-10-30 14:38:57,367:Computing HSC features for: P50238, ENST00000330233, ../Ntranos_Rotation/ESM-SaProt/AF-P50238-F1-model_v4.pdb.gz
INFO:2025-10-30 14:39:06,745:Successfully computed HSC for P50238.
INFO:2025-10-30 14:39:06,745:Processing P50281 with model AF-P50281-F1-model_v4.pdb
INFO:2025-10-30 14:39:06,845:Computing HSC features for: P50281, ENST00000311852, ../Ntranos_Rotation/ESM-SaProt/AF-P50281-F1-model_v4.pdb.gz
INFO:2025-10-30 14:40:05,063:Successfully computed HSC for P50281.
INFO:2025-10-30 14:40:05,063:Processing P50336 with model AF-P50336-F1-model_v4.pdb
INFO:2025-10-30 14:40:05,155:Computing HSC features for: P50336, ENST00000352210, ../Ntranos_Rotation/ESM-SaProt/AF-P50336-F1-model_v4.pdb.gz
INFO:2025-10-30 14:40:43,789:Successfully computed HSC for P50336.
INFO:2025-10-30 14:40:43,790:Processing P50391 with model AF-P50391-F1-model_v4.pdb
INFO:2025-10-30 14:40:43,891:Computing HSC features for: P50391, ENST00000374312, ../Ntranos_Rotation/ESM-SaProt/AF-P50391-F1-model_v4.pdb.gz
INFO:2025-10-30 14:41:16,084:Successfully computed HSC for P50391.
INFO:2025-10-30 14:41:16,084:Processing P50395 with model AF-P50395-F1-model_v4.pdb
INFO:2025-10-30 14:41:16,165:Computing HSC features for: P50395, ENST00000380191, ../Ntranos_Rotation/ESM-SaProt/AF-P50395-F1-model_v4.pdb.gz
INFO:2025-10-30 14:41:56,238:Successfully computed HSC for P50395.
INFO:2025-10-30 14:41:56,238:Processing P50402 with model AF-P50402-F1-model_v4.pdb
INFO:2025-10-30 14:41:56,307:Computing HSC features for: P50402, ENST00000369842, ../Ntranos_Rotation/ESM-SaProt/AF-P50402-F1-model_v4.pdb.gz
INFO:2025-10-30 14:42:19,217:Successfully computed HSC for P50402.
INFO:2025-10-30 14:42:19,218:Processing P50406 with model AF-P50406-F1-model_v4.pdb
INFO:2025-10-30 14:42:19,314:Computing HSC features for: P50406, ENST00000289753, ../Ntranos_Rotation/ESM-SaProt/AF-P50406-F1-model_v4.pdb.gz
INFO:2025-10-30 14:43:11,668:Successfully computed HSC for P50406.
INFO:2025-10-30 14:43:11,668:Processing P50416 with model AF-P50416-F1-model_v4.pdb
INFO:2025-10-30 14:43:11,814:Computing HSC features for: P50416, ENST00000265641, ../Ntranos_Rotation/ESM-SaProt/AF-P50416-F1-model_v4.pdb.gz
INFO:2025-10-30 14:44:19,398:Successfully computed HSC for P50416.
INFO:2025-10-30 14:44:19,399:Processing P50440 with model AF-P50440-F1-model_v4.pdb
INFO:2025-10-30 14:44:19,487:Computing HSC features for: P50440, ENST00000396659, ../Ntranos_Rotation/ESM-SaProt/AF-P50440-F1-model_v4.pdb.gz
INFO:2025-10-30 14:44:51,367:Successfully computed HSC for P50440.
INFO:2025-10-30 14:44:51,367:Processing P50443 with model AF-P50443-F1-model_v4.pdb
INFO:2025-10-30 14:44:51,517:Computing HSC features for: P50443, ENST00000286298, ../Ntranos_Rotation/ESM-SaProt/AF-P50443-F1-model_v4.pdb.gz
INFO:2025-10-30 14:45:33,015:Successfully computed HSC for P50443.
INFO:2025-10-30 14:45:33,015:Processing P50452 with model AF-P50452-F1-model_v4.pdb
INFO:2025-10-30 14:45:33,113:Computing HSC features for: P50452, ENST00000353706, ../Ntranos_Rotation/ESM-SaProt/AF-P50452-F1-model_v4.pdb.gz
INFO:2025-10-30 14:45:58,291:Successfully computed HSC for P50452.
INFO:2025-10-30 14:45:58,291:Processing P50453 with model AF-P50453-F1-model_v4.pdb
INFO:2025-10-30 14:45:58,381:Computing HSC features for: P50453, ENST00000380698, ../Ntranos_Rotation/ESM-SaProt/AF-P50453-F1-model_v4.pdb.gz
INFO:2025-10-30 14:46:29,729:Successfully computed HSC for P50453.
INFO:2025-10-30 14:46:29,729:Processing P50454 with model AF-P50454-F1-model_v4.pdb
INFO:2025-10-30 14:46:29,813:Computing HSC features for: P50454, ENST00000358171, ../Ntranos_Rotation/ESM-SaProt/AF-P50454-F1-model_v4.pdb.gz
INFO:2025-10-30 14:47:18,795:Successfully computed HSC for P50454.
INFO:2025-10-30 14:47:18,795:Processing P50458 with model AF-P50458-F1-model_v4.pdb
INFO:2025-10-30 14:47:18,860:Computing HSC features for: P50458, ENST00000373615, ../Ntranos_Rotation/ESM-SaProt/AF-P50458-F1-model_v4.pdb.gz
INFO:2025-10-30 14:48:03,835:Successfully computed HSC for P50458.
INFO:2025-10-30 14:48:03,835:Processing P50461 with model AF-P50461-F1-model_v4.pdb
INFO:2025-10-30 14:48:03,884:Computing HSC features for: P50461, ENST00000265968, ../Ntranos_Rotation/ESM-SaProt/AF-P50461-F1-model_v4.pdb.gz
INFO:2025-10-30 14:48:18,927:Successfully computed HSC for P50461.
INFO:2025-10-30 14:48:18,927:Processing P50479 with model AF-P50479-F1-model_v4.pdb
INFO:2025-10-30 14:48:19,021:Computing HSC features for: P50479, ENST00000253754, ../Ntranos_Rotation/ESM-SaProt/AF-P50479-F1-model_v4.pdb.gz
INFO:2025-10-30 14:48:51,682:Successfully computed HSC for P50479.
INFO:2025-10-30 14:48:51,682:Processing P50502 with model AF-P50502-F1-model_v4.pdb
INFO:2025-10-30 14:48:51,789:Computing HSC features for: P50502, ENST00000216218, ../Ntranos_Rotation/ESM-SaProt/AF-P50502-F1-model_v4.pdb.gz
INFO:2025-10-30 14:49:15,816:Successfully computed HSC for P50502.
INFO:2025-10-30 14:49:15,816:Processing P50539 with model AF-P50539-F1-model_v4.pdb
INFO:2025-10-30 14:49:15,868:Computing HSC features for: P50539, ENST00000239007, ../Ntranos_Rotation/ESM-SaProt/AF-P50539-F1-model_v4.pdb.gz
INFO:2025-10-30 14:49:33,452:Successfully computed HSC for P50539.
INFO:2025-10-30 14:49:33,453:Processing P50542 with model AF-P50542-F1-model_v4.pdb
INFO:2025-10-30 14:49:33,543:Computing HSC features for: P50542, ENST00000420616, ../Ntranos_Rotation/ESM-SaProt/AF-P50542-F1-model_v4.pdb.gz
INFO:2025-10-30 14:50:20,193:Successfully computed HSC for P50542.
INFO:2025-10-30 14:50:20,193:Processing P50548 with model AF-P50548-F1-model_v4.pdb
INFO:2025-10-30 14:50:20,290:Computing HSC features for: P50548, ENST00000222329, ../Ntranos_Rotation/ESM-SaProt/AF-P50548-F1-model_v4.pdb.gz
INFO:2025-10-30 14:51:12,950:Successfully computed HSC for P50548.
INFO:2025-10-30 14:51:12,950:Processing P50549 with model AF-P50549-F1-model_v4.pdb
INFO:2025-10-30 14:51:13,027:Computing HSC features for: P50549, ENST00000405218, ../Ntranos_Rotation/ESM-SaProt/AF-P50549-F1-model_v4.pdb.gz
INFO:2025-10-30 14:51:44,333:Successfully computed HSC for P50549.
INFO:2025-10-30 14:51:44,333:Pipeline completed.
INFO:2025-10-30 14:51:44,333:no_enst_for_uniprot: 0
INFO:2025-10-30 14:51:44,333:no_valid_cds: 0
INFO:2025-10-30 14:51:44,333:no_variant_data: 3
INFO:2025-10-30 14:51:44,333:bad_structure: 0
INFO:2025-10-30 14:51:44,334:no_enst_mp: 0
