INFO:2025-10-30 14:25:03,503:Starting HSC computation pipeline...
INFO:2025-10-30 14:26:01,226:Processing Q6GMV3 with model AF-Q6GMV3-F1-model_v4.pdb
INFO:2025-10-30 14:26:01,276:Computing HSC features for: Q6GMV3, ENST00000328379, ../Ntranos_Rotation/ESM-SaProt/AF-Q6GMV3-F1-model_v4.pdb.gz
INFO:2025-10-30 14:26:17,870:Successfully computed HSC for Q6GMV3.
INFO:2025-10-30 14:26:17,870:Processing Q6GPH4 with model AF-Q6GPH4-F1-model_v4.pdb
INFO:2025-10-30 14:26:18,053:Computing HSC features for: Q6GPH4, ENST00000361842, ../Ntranos_Rotation/ESM-SaProt/AF-Q6GPH4-F1-model_v4.pdb.gz
INFO:2025-10-30 14:26:39,540:Successfully computed HSC for Q6GPH4.
INFO:2025-10-30 14:26:39,540:Processing Q6GPH6 with model AF-Q6GPH6-F1-model_v4.pdb
INFO:2025-10-30 14:26:39,592:Computing HSC features for: Q6GPH6, ENST00000439118, ../Ntranos_Rotation/ESM-SaProt/AF-Q6GPH6-F1-model_v4.pdb.gz
INFO:2025-10-30 14:27:23,618:Successfully computed HSC for Q6GPH6.
INFO:2025-10-30 14:27:23,618:Processing Q6GPI1 with model AF-Q6GPI1-F1-model_v4.pdb
INFO:2025-10-30 14:27:23,700:Computing HSC features for: Q6GPI1, ENST00000303037, ../Ntranos_Rotation/ESM-SaProt/AF-Q6GPI1-F1-model_v4.pdb.gz
INFO:2025-10-30 14:27:50,825:Successfully computed HSC for Q6GPI1.
INFO:2025-10-30 14:27:50,825:Processing Q6GQQ9 with model AF-Q6GQQ9-F1-model_v4.pdb
ERROR:2025-10-30 14:27:50,933:No transcript record found for Q6GQQ9 in gnomAD.
INFO:2025-10-30 14:27:50,933:Processing Q6GTS8 with model AF-Q6GTS8-F1-model_v4.pdb
INFO:2025-10-30 14:27:51,085:Computing HSC features for: Q6GTS8, ENST00000367136, ../Ntranos_Rotation/ESM-SaProt/AF-Q6GTS8-F1-model_v4.pdb.gz
INFO:2025-10-30 14:28:31,518:Successfully computed HSC for Q6GTS8.
INFO:2025-10-30 14:28:31,519:Processing Q6GTX8 with model AF-Q6GTX8-F1-model_v4.pdb
INFO:2025-10-30 14:28:31,575:Computing HSC features for: Q6GTX8, ENST00000391742, ../Ntranos_Rotation/ESM-SaProt/AF-Q6GTX8-F1-model_v4.pdb.gz
INFO:2025-10-30 14:28:58,356:Successfully computed HSC for Q6GTX8.
INFO:2025-10-30 14:28:58,356:Processing Q08629 with model AF-Q08629-F1-model_v4.pdb
INFO:2025-10-30 14:28:58,481:Computing HSC features for: Q08629, ENST00000394945, ../Ntranos_Rotation/ESM-SaProt/AF-Q08629-F1-model_v4.pdb.gz
INFO:2025-10-30 14:29:36,122:Successfully computed HSC for Q08629.
INFO:2025-10-30 14:29:36,122:Processing Q08648 with model AF-Q08648-F1-model_v4.pdb
ERROR:2025-10-30 14:29:36,158:No transcript record found for Q08648 in gnomAD.
INFO:2025-10-30 14:29:36,158:Processing Q0VDD8 with model AF-Q0VDD8-F4-model_v4.pdb
ERROR:2025-10-30 14:29:36,393:No valid CDS found for Q0VDD8
INFO:2025-10-30 14:29:36,393:Processing Q0VDE8 with model AF-Q0VDE8-F1-model_v4.pdb
INFO:2025-10-30 14:29:36,478:Computing HSC features for: Q0VDE8, ENST00000537425, ../Ntranos_Rotation/ESM-SaProt/AF-Q0VDE8-F1-model_v4.pdb.gz
INFO:2025-10-30 14:29:42,692:Successfully computed HSC for Q0VDE8.
INFO:2025-10-30 14:29:42,692:Processing Q0VDF9 with model AF-Q0VDF9-F1-model_v4.pdb
INFO:2025-10-30 14:29:42,784:Computing HSC features for: Q0VDF9, ENST00000378372, ../Ntranos_Rotation/ESM-SaProt/AF-Q0VDF9-F1-model_v4.pdb.gz
INFO:2025-10-30 14:30:16,967:Successfully computed HSC for Q0VDF9.
INFO:2025-10-30 14:30:16,968:Processing Q0VDG4 with model AF-Q0VDG4-F1-model_v4.pdb
INFO:2025-10-30 14:30:17,076:Computing HSC features for: Q0VDG4, ENST00000272732, ../Ntranos_Rotation/ESM-SaProt/AF-Q0VDG4-F1-model_v4.pdb.gz
INFO:2025-10-30 14:30:49,954:Successfully computed HSC for Q0VDG4.
INFO:2025-10-30 14:30:49,955:Processing Q0VDI3 with model AF-Q0VDI3-F1-model_v4.pdb
INFO:2025-10-30 14:30:50,051:Computing HSC features for: Q0VDI3, ENST00000397080, ../Ntranos_Rotation/ESM-SaProt/AF-Q0VDI3-F1-model_v4.pdb.gz
INFO:2025-10-30 14:31:05,605:Successfully computed HSC for Q0VDI3.
INFO:2025-10-30 14:31:05,605:Processing Q0VF49 with model AF-Q0VF49-F1-model_v4.pdb
ERROR:2025-10-30 14:31:05,812:No ENST transcript IDs were mapped to Q0VF49
INFO:2025-10-30 14:31:05,812:Processing Q0VF96 with model AF-Q0VF96-F1-model_v4.pdb
INFO:2025-10-30 14:31:06,074:Computing HSC features for: Q0VF96, ENST00000281282, ../Ntranos_Rotation/ESM-SaProt/AF-Q0VF96-F1-model_v4.pdb.gz
INFO:2025-10-30 14:32:59,528:Successfully computed HSC for Q0VF96.
INFO:2025-10-30 14:32:59,528:Processing Q0VFX4 with model AF-Q0VFX4-F1-model_v4.pdb
ERROR:2025-10-30 14:32:59,626:No ENST transcript IDs were mapped to Q0VFX4
INFO:2025-10-30 14:32:59,626:Processing Q0VFZ6 with model AF-Q0VFZ6-F1-model_v4.pdb
INFO:2025-10-30 14:32:59,741:Computing HSC features for: Q0VFZ6, ENST00000447353, ../Ntranos_Rotation/ESM-SaProt/AF-Q0VFZ6-F1-model_v4.pdb.gz
INFO:2025-10-30 14:33:36,831:Successfully computed HSC for Q0VFZ6.
INFO:2025-10-30 14:33:36,831:Processing Q0VG06 with model AF-Q0VG06-F1-model_v4.pdb
INFO:2025-10-30 14:33:36,938:Computing HSC features for: Q0VG06, ENST00000327787, ../Ntranos_Rotation/ESM-SaProt/AF-Q0VG06-F1-model_v4.pdb.gz
INFO:2025-10-30 14:35:18,026:Successfully computed HSC for Q0VG06.
INFO:2025-10-30 14:35:18,026:Processing Q0VG73 with model AF-Q0VG73-F1-model_v4.pdb
ERROR:2025-10-30 14:35:18,078:No ENST transcript IDs were mapped to Q0VG73
INFO:2025-10-30 14:35:18,078:Processing Q0VG99 with model AF-Q0VG99-F1-model_v4.pdb
INFO:2025-10-30 14:35:18,149:Computing HSC features for: Q0VG99, ENST00000341735, ../Ntranos_Rotation/ESM-SaProt/AF-Q0VG99-F1-model_v4.pdb.gz
INFO:2025-10-30 14:36:14,648:Successfully computed HSC for Q0VG99.
INFO:2025-10-30 14:36:14,648:Processing Q0VGE8 with model AF-Q0VGE8-F1-model_v4.pdb
INFO:2025-10-30 14:36:14,799:Computing HSC features for: Q0VGE8, ENST00000357666, ../Ntranos_Rotation/ESM-SaProt/AF-Q0VGE8-F1-model_v4.pdb.gz
INFO:2025-10-30 14:37:11,386:Successfully computed HSC for Q0VGE8.
INFO:2025-10-30 14:37:11,386:Processing Q0VGL1 with model AF-Q0VGL1-F1-model_v4.pdb
INFO:2025-10-30 14:37:11,414:Computing HSC features for: Q0VGL1, ENST00000341942, ../Ntranos_Rotation/ESM-SaProt/AF-Q0VGL1-F1-model_v4.pdb.gz
INFO:2025-10-30 14:37:20,731:Successfully computed HSC for Q0VGL1.
INFO:2025-10-30 14:37:20,731:Processing Q0WX57 with model AF-Q0WX57-F1-model_v4.pdb
INFO:2025-10-30 14:37:20,848:Computing HSC features for: Q0WX57, ENST00000509660, ../Ntranos_Rotation/ESM-SaProt/AF-Q0WX57-F1-model_v4.pdb.gz
ERROR:2025-10-30 14:37:21,020:Missing ENST record in counts: ENST00000509660
INFO:2025-10-30 14:37:21,020:Processing Q0Z7S8 with model AF-Q0Z7S8-F1-model_v4.pdb
INFO:2025-10-30 14:37:21,059:Computing HSC features for: Q0Z7S8, ENST00000379071, ../Ntranos_Rotation/ESM-SaProt/AF-Q0Z7S8-F1-model_v4.pdb.gz
INFO:2025-10-30 14:37:34,190:Successfully computed HSC for Q0Z7S8.
INFO:2025-10-30 14:37:34,190:Processing Q0ZGT2 with model AF-Q0ZGT2-F1-model_v4.pdb
INFO:2025-10-30 14:37:34,327:Computing HSC features for: Q0ZGT2, ENST00000334785, ../Ntranos_Rotation/ESM-SaProt/AF-Q0ZGT2-F1-model_v4.pdb.gz
INFO:2025-10-30 14:38:29,604:Successfully computed HSC for Q0ZGT2.
INFO:2025-10-30 14:38:29,604:Processing Q0ZLH3 with model AF-Q0ZLH3-F1-model_v4.pdb
INFO:2025-10-30 14:38:29,676:Computing HSC features for: Q0ZLH3, ENST00000375129, ../Ntranos_Rotation/ESM-SaProt/AF-Q0ZLH3-F1-model_v4.pdb.gz
INFO:2025-10-30 14:38:56,636:Successfully computed HSC for Q0ZLH3.
INFO:2025-10-30 14:38:56,636:Processing Q10469 with model AF-Q10469-F1-model_v4.pdb
INFO:2025-10-30 14:38:56,765:Computing HSC features for: Q10469, ENST00000305386, ../Ntranos_Rotation/ESM-SaProt/AF-Q10469-F1-model_v4.pdb.gz
INFO:2025-10-30 14:39:47,362:Successfully computed HSC for Q10469.
INFO:2025-10-30 14:39:47,362:Processing Q10471 with model AF-Q10471-F1-model_v4.pdb
INFO:2025-10-30 14:39:47,439:Computing HSC features for: Q10471, ENST00000366672, ../Ntranos_Rotation/ESM-SaProt/AF-Q10471-F1-model_v4.pdb.gz
INFO:2025-10-30 14:40:43,225:Successfully computed HSC for Q10471.
INFO:2025-10-30 14:40:43,225:Processing Q10472 with model AF-Q10472-F1-model_v4.pdb
INFO:2025-10-30 14:40:43,357:Computing HSC features for: Q10472, ENST00000269195, ../Ntranos_Rotation/ESM-SaProt/AF-Q10472-F1-model_v4.pdb.gz
INFO:2025-10-30 14:41:20,889:Successfully computed HSC for Q10472.
INFO:2025-10-30 14:41:20,890:Processing Q10567 with model AF-Q10567-F1-model_v4.pdb
INFO:2025-10-30 14:41:21,066:Computing HSC features for: Q10567, ENST00000357586, ../Ntranos_Rotation/ESM-SaProt/AF-Q10567-F1-model_v4.pdb.gz
INFO:2025-10-30 14:42:44,426:Successfully computed HSC for Q10567.
INFO:2025-10-30 14:42:44,426:Processing Q10570 with model AF-Q10570-F1-model_v4.pdb
ERROR:2025-10-30 14:42:44,648:No transcript record found for Q10570 in gnomAD.
INFO:2025-10-30 14:42:44,648:Processing Q10571 with model AF-Q10571-F1-model_v4.pdb
INFO:2025-10-30 14:42:44,866:Computing HSC features for: Q10571, ENST00000302326, ../Ntranos_Rotation/ESM-SaProt/AF-Q10571-F1-model_v4.pdb.gz
INFO:2025-10-30 14:45:45,915:Successfully computed HSC for Q10571.
INFO:2025-10-30 14:45:45,916:Processing Q10586 with model AF-Q10586-F1-model_v4.pdb
INFO:2025-10-30 14:45:46,014:Computing HSC features for: Q10586, ENST00000222122, ../Ntranos_Rotation/ESM-SaProt/AF-Q10586-F1-model_v4.pdb.gz
INFO:2025-10-30 14:46:44,986:Successfully computed HSC for Q10586.
INFO:2025-10-30 14:46:44,986:Processing Q10587 with model AF-Q10587-F1-model_v4.pdb
INFO:2025-10-30 14:46:45,073:Computing HSC features for: Q10587, ENST00000266304, ../Ntranos_Rotation/ESM-SaProt/AF-Q10587-F1-model_v4.pdb.gz
INFO:2025-10-30 14:47:25,126:Successfully computed HSC for Q10587.
INFO:2025-10-30 14:47:25,126:Processing Q10588 with model AF-Q10588-F1-model_v4.pdb
INFO:2025-10-30 14:47:25,201:Computing HSC features for: Q10588, ENST00000265016, ../Ntranos_Rotation/ESM-SaProt/AF-Q10588-F1-model_v4.pdb.gz
INFO:2025-10-30 14:48:12,444:Successfully computed HSC for Q10588.
INFO:2025-10-30 14:48:12,444:Processing Q10589 with model AF-Q10589-F1-model_v4.pdb
INFO:2025-10-30 14:48:12,498:Computing HSC features for: Q10589, ENST00000252593, ../Ntranos_Rotation/ESM-SaProt/AF-Q10589-F1-model_v4.pdb.gz
INFO:2025-10-30 14:48:28,318:Successfully computed HSC for Q10589.
INFO:2025-10-30 14:48:28,318:Processing Q10713 with model AF-Q10713-F1-model_v4.pdb
ERROR:2025-10-30 14:48:28,540:No transcript record found for Q10713 in gnomAD.
INFO:2025-10-30 14:48:28,541:Processing Q107X0 with model AF-Q107X0-F1-model_v4.pdb
ERROR:2025-10-30 14:48:28,579:No ENST transcript IDs were mapped to Q107X0
INFO:2025-10-30 14:48:28,579:Processing Q10981 with model AF-Q10981-F1-model_v4.pdb
INFO:2025-10-30 14:48:28,662:Computing HSC features for: Q10981, ENST00000425340, ../Ntranos_Rotation/ESM-SaProt/AF-Q10981-F1-model_v4.pdb.gz
INFO:2025-10-30 14:49:03,984:Successfully computed HSC for Q10981.
INFO:2025-10-30 14:49:03,984:Processing Q11128 with model AF-Q11128-F1-model_v4.pdb
INFO:2025-10-30 14:49:04,072:Computing HSC features for: Q11128, ENST00000252675, ../Ntranos_Rotation/ESM-SaProt/AF-Q11128-F1-model_v4.pdb.gz
INFO:2025-10-30 14:49:48,773:Successfully computed HSC for Q11128.
INFO:2025-10-30 14:49:48,773:Processing Q11130 with model AF-Q11130-F1-model_v4.pdb
INFO:2025-10-30 14:49:48,834:Computing HSC features for: Q11130, ENST00000314412, ../Ntranos_Rotation/ESM-SaProt/AF-Q11130-F1-model_v4.pdb.gz
INFO:2025-10-30 14:50:27,596:Successfully computed HSC for Q11130.
INFO:2025-10-30 14:50:27,596:Processing Q11201 with model AF-Q11201-F1-model_v4.pdb
INFO:2025-10-30 14:50:27,649:Computing HSC features for: Q11201, ENST00000521180, ../Ntranos_Rotation/ESM-SaProt/AF-Q11201-F1-model_v4.pdb.gz
INFO:2025-10-30 14:50:58,240:Successfully computed HSC for Q11201.
INFO:2025-10-30 14:50:58,240:Processing Q11203 with model AF-Q11203-F1-model_v4.pdb
INFO:2025-10-30 14:50:58,295:Computing HSC features for: Q11203, ENST00000347631, ../Ntranos_Rotation/ESM-SaProt/AF-Q11203-F1-model_v4.pdb.gz
INFO:2025-10-30 14:51:31,681:Successfully computed HSC for Q11203.
INFO:2025-10-30 14:51:31,682:Processing Q11206 with model AF-Q11206-F1-model_v4.pdb
INFO:2025-10-30 14:51:31,739:Computing HSC features for: Q11206, ENST00000392669, ../Ntranos_Rotation/ESM-SaProt/AF-Q11206-F1-model_v4.pdb.gz
INFO:2025-10-30 14:51:59,599:Successfully computed HSC for Q11206.
INFO:2025-10-30 14:51:59,599:Processing Q12756 with model AF-Q12756-F1-model_v4.pdb
ERROR:2025-10-30 14:51:59,791:No transcript record found for Q12756 in gnomAD.
INFO:2025-10-30 14:51:59,791:Processing Q12765 with model AF-Q12765-F1-model_v4.pdb
INFO:2025-10-30 14:51:59,865:Computing HSC features for: Q12765, ENST00000242059, ../Ntranos_Rotation/ESM-SaProt/AF-Q12765-F1-model_v4.pdb.gz
INFO:2025-10-30 14:52:33,637:Successfully computed HSC for Q12765.
INFO:2025-10-30 14:52:33,637:Processing Q12766 with model AF-Q12766-F1-model_v4.pdb
ERROR:2025-10-30 14:52:33,786:No valid CDS found for Q12766
INFO:2025-10-30 14:52:33,787:Processing Q12767 with model AF-Q12767-F1-model_v4.pdb
INFO:2025-10-30 14:52:33,923:Computing HSC features for: Q12767, ENST00000314256, ../Ntranos_Rotation/ESM-SaProt/AF-Q12767-F1-model_v4.pdb.gz
INFO:2025-10-30 14:54:43,147:Successfully computed HSC for Q12767.
INFO:2025-10-30 14:54:43,147:Processing Q12768 with model AF-Q12768-F1-model_v4.pdb
INFO:2025-10-30 14:54:43,299:Computing HSC features for: Q12768, ENST00000318410, ../Ntranos_Rotation/ESM-SaProt/AF-Q12768-F1-model_v4.pdb.gz
INFO:2025-10-30 14:56:03,196:Successfully computed HSC for Q12768.
INFO:2025-10-30 14:56:03,196:Pipeline completed.
INFO:2025-10-30 14:56:03,196:no_enst_for_uniprot: 4
INFO:2025-10-30 14:56:03,196:no_valid_cds: 2
INFO:2025-10-30 14:56:03,196:no_variant_data: 5
INFO:2025-10-30 14:56:03,196:bad_structure: 0
INFO:2025-10-30 14:56:03,196:no_enst_mp: 1
