INFO:2025-10-30 14:59:05,818:Starting HSC computation pipeline...
INFO:2025-10-30 15:00:21,094:Processing O00165 with model AF-O00165-F1-model_v4.pdb
ERROR:2025-10-30 15:00:21,276:No transcript record found for O00165 in gnomAD.
INFO:2025-10-30 15:00:21,276:Processing O00167 with model AF-O00167-F1-model_v4.pdb
INFO:2025-10-30 15:00:21,425:Computing HSC features for: O00167, ENST00000327619, ../Ntranos_Rotation/ESM-SaProt/AF-O00167-F1-model_v4.pdb.gz
INFO:2025-10-30 15:01:21,178:Successfully computed HSC for O00167.
INFO:2025-10-30 15:01:21,179:Processing O00168 with model AF-O00168-F1-model_v4.pdb
INFO:2025-10-30 15:01:21,245:Computing HSC features for: O00168, ENST00000351325, ../Ntranos_Rotation/ESM-SaProt/AF-O00168-F1-model_v4.pdb.gz
INFO:2025-10-30 15:01:38,590:Successfully computed HSC for O00168.
INFO:2025-10-30 15:01:38,590:Processing O00170 with model AF-O00170-F1-model_v4.pdb
INFO:2025-10-30 15:01:38,684:Computing HSC features for: O00170, ENST00000279146, ../Ntranos_Rotation/ESM-SaProt/AF-O00170-F1-model_v4.pdb.gz
INFO:2025-10-30 15:02:15,641:Successfully computed HSC for O00170.
INFO:2025-10-30 15:02:15,641:Processing O00175 with model AF-O00175-F1-model_v4.pdb
INFO:2025-10-30 15:02:15,693:Computing HSC features for: O00175, ENST00000222902, ../Ntranos_Rotation/ESM-SaProt/AF-O00175-F1-model_v4.pdb.gz
INFO:2025-10-30 15:02:24,748:Successfully computed HSC for O00175.
INFO:2025-10-30 15:02:24,748:Processing O00178 with model AF-O00178-F1-model_v4.pdb
INFO:2025-10-30 15:02:24,833:Computing HSC features for: O00178, ENST00000216044, ../Ntranos_Rotation/ESM-SaProt/AF-O00178-F1-model_v4.pdb.gz
INFO:2025-10-30 15:03:34,826:Successfully computed HSC for O00178.
INFO:2025-10-30 15:03:34,826:Processing O00180 with model AF-O00180-F1-model_v4.pdb
INFO:2025-10-30 15:03:34,891:Computing HSC features for: O00180, ENST00000366621, ../Ntranos_Rotation/ESM-SaProt/AF-O00180-F1-model_v4.pdb.gz
INFO:2025-10-30 15:04:08,579:Successfully computed HSC for O00180.
INFO:2025-10-30 15:04:08,580:Processing O00182 with model AF-O00182-F1-model_v4.pdb
INFO:2025-10-30 15:04:08,657:Computing HSC features for: O00182, ENST00000395473, ../Ntranos_Rotation/ESM-SaProt/AF-O00182-F1-model_v4.pdb.gz
INFO:2025-10-30 15:04:42,000:Successfully computed HSC for O00182.
INFO:2025-10-30 15:04:42,000:Processing O00186 with model AF-O00186-F1-model_v4.pdb
INFO:2025-10-30 15:04:42,093:Computing HSC features for: O00186, ENST00000370008, ../Ntranos_Rotation/ESM-SaProt/AF-O00186-F1-model_v4.pdb.gz
INFO:2025-10-30 15:05:23,864:Successfully computed HSC for O00186.
INFO:2025-10-30 15:05:23,864:Processing O00187 with model AF-O00187-F1-model_v4.pdb
INFO:2025-10-30 15:05:23,973:Computing HSC features for: O00187, ENST00000400897, ../Ntranos_Rotation/ESM-SaProt/AF-O00187-F1-model_v4.pdb.gz
INFO:2025-10-30 15:06:30,033:Successfully computed HSC for O00187.
INFO:2025-10-30 15:06:30,033:Processing O00189 with model AF-O00189-F1-model_v4.pdb
ERROR:2025-10-30 15:06:30,164:No transcript record found for O00189 in gnomAD.
INFO:2025-10-30 15:06:30,164:Processing O00192 with model AF-O00192-F1-model_v4.pdb
INFO:2025-10-30 15:06:30,336:Computing HSC features for: O00192, ENST00000263207, ../Ntranos_Rotation/ESM-SaProt/AF-O00192-F1-model_v4.pdb.gz
INFO:2025-10-30 15:08:28,893:Successfully computed HSC for O00192.
INFO:2025-10-30 15:08:28,893:Processing O00193 with model AF-O00193-F1-model_v4.pdb
INFO:2025-10-30 15:08:29,058:Computing HSC features for: O00193, ENST00000228136, ../Ntranos_Rotation/ESM-SaProt/AF-O00193-F1-model_v4.pdb.gz
INFO:2025-10-30 15:08:51,882:Successfully computed HSC for O00193.
INFO:2025-10-30 15:08:51,882:Processing O00194 with model AF-O00194-F1-model_v4.pdb
INFO:2025-10-30 15:08:52,002:Computing HSC features for: O00194, ENST00000262094, ../Ntranos_Rotation/ESM-SaProt/AF-O00194-F1-model_v4.pdb.gz
INFO:2025-10-30 15:09:18,958:Successfully computed HSC for O00194.
INFO:2025-10-30 15:09:18,958:Processing O00198 with model AF-O00198-F1-model_v4.pdb
INFO:2025-10-30 15:09:18,995:Computing HSC features for: O00198, ENST00000257572, ../Ntranos_Rotation/ESM-SaProt/AF-O00198-F1-model_v4.pdb.gz
INFO:2025-10-30 15:09:49,534:Successfully computed HSC for O00198.
INFO:2025-10-30 15:09:49,534:Processing O00203 with model AF-O00203-F1-model_v4.pdb
INFO:2025-10-30 15:09:49,782:Computing HSC features for: O00203, ENST00000255194, ../Ntranos_Rotation/ESM-SaProt/AF-O00203-F1-model_v4.pdb.gz
INFO:2025-10-30 15:11:50,683:Successfully computed HSC for O00203.
INFO:2025-10-30 15:11:50,683:Processing O00204 with model AF-O00204-F1-model_v4.pdb
INFO:2025-10-30 15:11:50,852:Computing HSC features for: O00204, ENST00000201586, ../Ntranos_Rotation/ESM-SaProt/AF-O00204-F1-model_v4.pdb.gz
INFO:2025-10-30 15:12:56,274:Successfully computed HSC for O00204.
INFO:2025-10-30 15:12:56,274:Processing O00206 with model AF-O00206-F1-model_v4.pdb
INFO:2025-10-30 15:12:56,370:Computing HSC features for: O00206, ENST00000355622, ../Ntranos_Rotation/ESM-SaProt/AF-O00206-F1-model_v4.pdb.gz
INFO:2025-10-30 15:13:53,490:Successfully computed HSC for O00206.
INFO:2025-10-30 15:13:53,491:Processing O00212 with model AF-O00212-F1-model_v4.pdb
INFO:2025-10-30 15:13:53,544:Computing HSC features for: O00212, ENST00000308831, ../Ntranos_Rotation/ESM-SaProt/AF-O00212-F1-model_v4.pdb.gz
INFO:2025-10-30 15:14:22,536:Successfully computed HSC for O00212.
INFO:2025-10-30 15:14:22,537:Processing O00213 with model AF-O00213-F1-model_v4.pdb
INFO:2025-10-30 15:14:22,625:Computing HSC features for: O00213, ENST00000609360, ../Ntranos_Rotation/ESM-SaProt/AF-O00213-F1-model_v4.pdb.gz
INFO:2025-10-30 15:15:33,841:Successfully computed HSC for O00213.
INFO:2025-10-30 15:15:33,841:Processing O00214 with model AF-O00214-F1-model_v4.pdb
INFO:2025-10-30 15:15:33,894:Computing HSC features for: O00214, ENST00000341872, ../Ntranos_Rotation/ESM-SaProt/AF-O00214-F1-model_v4.pdb.gz
INFO:2025-10-30 15:16:01,449:Successfully computed HSC for O00214.
INFO:2025-10-30 15:16:01,449:Processing O00217 with model AF-O00217-F1-model_v4.pdb
INFO:2025-10-30 15:16:01,516:Computing HSC features for: O00217, ENST00000313468, ../Ntranos_Rotation/ESM-SaProt/AF-O00217-F1-model_v4.pdb.gz
INFO:2025-10-30 15:16:26,960:Successfully computed HSC for O00217.
INFO:2025-10-30 15:16:26,961:Processing O00219 with model AF-O00219-F1-model_v4.pdb
INFO:2025-10-30 15:16:27,031:Computing HSC features for: O00219, ENST00000306560, ../Ntranos_Rotation/ESM-SaProt/AF-O00219-F1-model_v4.pdb.gz
INFO:2025-10-30 15:17:25,670:Successfully computed HSC for O00219.
INFO:2025-10-30 15:17:25,670:Processing O00220 with model AF-O00220-F1-model_v4.pdb
INFO:2025-10-30 15:17:25,742:Computing HSC features for: O00220, ENST00000221132, ../Ntranos_Rotation/ESM-SaProt/AF-O00220-F1-model_v4.pdb.gz
INFO:2025-10-30 15:18:32,896:Successfully computed HSC for O00220.
INFO:2025-10-30 15:18:32,896:Processing O00221 with model AF-O00221-F1-model_v4.pdb
INFO:2025-10-30 15:18:33,000:Computing HSC features for: O00221, ENST00000275015, ../Ntranos_Rotation/ESM-SaProt/AF-O00221-F1-model_v4.pdb.gz
INFO:2025-10-30 15:19:35,783:Successfully computed HSC for O00221.
INFO:2025-10-30 15:19:35,784:Processing O00222 with model AF-O00222-F1-model_v4.pdb
ERROR:2025-10-30 15:19:35,907:No transcript record found for O00222 in gnomAD.
INFO:2025-10-30 15:19:35,907:Processing O00230 with model AF-O00230-F1-model_v4.pdb
INFO:2025-10-30 15:19:35,941:Computing HSC features for: O00230, ENST00000377049, ../Ntranos_Rotation/ESM-SaProt/AF-O00230-F1-model_v4.pdb.gz
INFO:2025-10-30 15:19:47,791:Successfully computed HSC for O00230.
INFO:2025-10-30 15:19:47,791:Processing O00231 with model AF-O00231-F1-model_v4.pdb
INFO:2025-10-30 15:19:47,862:Computing HSC features for: O00231, ENST00000261712, ../Ntranos_Rotation/ESM-SaProt/AF-O00231-F1-model_v4.pdb.gz
INFO:2025-10-30 15:20:23,691:Successfully computed HSC for O00231.
INFO:2025-10-30 15:20:23,691:Processing O00232 with model AF-O00232-F1-model_v4.pdb
INFO:2025-10-30 15:20:23,775:Computing HSC features for: O00232, ENST00000356126, ../Ntranos_Rotation/ESM-SaProt/AF-O00232-F1-model_v4.pdb.gz
INFO:2025-10-30 15:21:01,100:Successfully computed HSC for O00232.
INFO:2025-10-30 15:21:01,100:Processing O00233 with model AF-O00233-F1-model_v4.pdb
INFO:2025-10-30 15:21:01,164:Computing HSC features for: O00233, ENST00000541212, ../Ntranos_Rotation/ESM-SaProt/AF-O00233-F1-model_v4.pdb.gz
INFO:2025-10-30 15:21:39,514:Successfully computed HSC for O00233.
INFO:2025-10-30 15:21:39,514:Processing O00237 with model AF-O00237-F1-model_v4.pdb
INFO:2025-10-30 15:21:39,656:Computing HSC features for: O00237, ENST00000237455, ../Ntranos_Rotation/ESM-SaProt/AF-O00237-F1-model_v4.pdb.gz
INFO:2025-10-30 15:22:37,919:Successfully computed HSC for O00237.
INFO:2025-10-30 15:22:37,919:Processing O00238 with model AF-O00238-F1-model_v4.pdb
INFO:2025-10-30 15:22:37,997:Computing HSC features for: O00238, ENST00000264568, ../Ntranos_Rotation/ESM-SaProt/AF-O00238-F1-model_v4.pdb.gz
INFO:2025-10-30 15:23:15,221:Successfully computed HSC for O00238.
INFO:2025-10-30 15:23:15,221:Processing O00241 with model AF-O00241-F1-model_v4.pdb
INFO:2025-10-30 15:23:15,308:Computing HSC features for: O00241, ENST00000381605, ../Ntranos_Rotation/ESM-SaProt/AF-O00241-F1-model_v4.pdb.gz
INFO:2025-10-30 15:24:13,085:Successfully computed HSC for O00241.
INFO:2025-10-30 15:24:13,085:Processing O00244 with model AF-O00244-F1-model_v4.pdb
INFO:2025-10-30 15:24:13,110:Computing HSC features for: O00244, ENST00000313115, ../Ntranos_Rotation/ESM-SaProt/AF-O00244-F1-model_v4.pdb.gz
INFO:2025-10-30 15:24:21,748:Successfully computed HSC for O00244.
INFO:2025-10-30 15:24:21,748:Processing O00253 with model AF-O00253-F1-model_v4.pdb
INFO:2025-10-30 15:24:21,795:Computing HSC features for: O00253, ENST00000290953, ../Ntranos_Rotation/ESM-SaProt/AF-O00253-F1-model_v4.pdb.gz
INFO:2025-10-30 15:24:43,170:Successfully computed HSC for O00253.
INFO:2025-10-30 15:24:43,170:Processing O00254 with model AF-O00254-F1-model_v4.pdb
INFO:2025-10-30 15:24:43,289:Computing HSC features for: O00254, ENST00000296641, ../Ntranos_Rotation/ESM-SaProt/AF-O00254-F1-model_v4.pdb.gz
INFO:2025-10-30 15:25:26,105:Successfully computed HSC for O00254.
INFO:2025-10-30 15:25:26,106:Processing O00255 with model AF-O00255-F1-model_v4.pdb
ERROR:2025-10-30 15:25:26,249:No transcript record found for O00255 in gnomAD.
INFO:2025-10-30 15:25:26,249:Processing O00257 with model AF-O00257-F1-model_v4.pdb
INFO:2025-10-30 15:25:26,359:Computing HSC features for: O00257, ENST00000269397, ../Ntranos_Rotation/ESM-SaProt/AF-O00257-F1-model_v4.pdb.gz
INFO:2025-10-30 15:27:25,901:Successfully computed HSC for O00257.
INFO:2025-10-30 15:27:25,901:Processing O00258 with model AF-O00258-F1-model_v4.pdb
ERROR:2025-10-30 15:27:25,982:No transcript record found for O00258 in gnomAD.
INFO:2025-10-30 15:27:25,983:Processing O00264 with model AF-O00264-F1-model_v4.pdb
INFO:2025-10-30 15:27:26,303:Computing HSC features for: O00264, ENST00000217971, ../Ntranos_Rotation/ESM-SaProt/AF-O00264-F1-model_v4.pdb.gz
INFO:2025-10-30 15:28:06,418:Successfully computed HSC for O00264.
INFO:2025-10-30 15:28:06,418:Processing O00267 with model AF-O00267-F1-model_v4.pdb
INFO:2025-10-30 15:28:06,609:Computing HSC features for: O00267, ENST00000432763, ../Ntranos_Rotation/ESM-SaProt/AF-O00267-F1-model_v4.pdb.gz
INFO:2025-10-30 15:30:37,269:Successfully computed HSC for O00267.
INFO:2025-10-30 15:30:37,269:Processing O00268 with model AF-O00268-F1-model_v4.pdb
INFO:2025-10-30 15:30:37,409:Computing HSC features for: O00268, ENST00000252996, ../Ntranos_Rotation/ESM-SaProt/AF-O00268-F1-model_v4.pdb.gz
INFO:2025-10-30 15:33:54,833:Successfully computed HSC for O00268.
INFO:2025-10-30 15:33:54,833:Processing O00270 with model AF-O00270-F1-model_v4.pdb
INFO:2025-10-30 15:33:54,910:Computing HSC features for: O00270, ENST00000366834, ../Ntranos_Rotation/ESM-SaProt/AF-O00270-F1-model_v4.pdb.gz
INFO:2025-10-30 15:34:38,057:Successfully computed HSC for O00270.
INFO:2025-10-30 15:34:38,057:Processing O00273 with model AF-O00273-F1-model_v4.pdb
INFO:2025-10-30 15:34:38,121:Computing HSC features for: O00273, ENST00000377038, ../Ntranos_Rotation/ESM-SaProt/AF-O00273-F1-model_v4.pdb.gz
INFO:2025-10-30 15:35:08,091:Successfully computed HSC for O00273.
INFO:2025-10-30 15:35:08,091:Processing O00287 with model AF-O00287-F1-model_v4.pdb
INFO:2025-10-30 15:35:08,174:Computing HSC features for: O00287, ENST00000255476, ../Ntranos_Rotation/ESM-SaProt/AF-O00287-F1-model_v4.pdb.gz
INFO:2025-10-30 15:35:46,971:Successfully computed HSC for O00287.
INFO:2025-10-30 15:35:46,971:Processing O00291 with model AF-O00291-F1-model_v4.pdb
INFO:2025-10-30 15:35:47,081:Computing HSC features for: O00291, ENST00000336926, ../Ntranos_Rotation/ESM-SaProt/AF-O00291-F1-model_v4.pdb.gz
INFO:2025-10-30 15:37:18,051:Successfully computed HSC for O00291.
INFO:2025-10-30 15:37:18,051:Processing O00292 with model AF-O00292-F1-model_v4.pdb
INFO:2025-10-30 15:37:18,140:Computing HSC features for: O00292, ENST00000366820, ../Ntranos_Rotation/ESM-SaProt/AF-O00292-F1-model_v4.pdb.gz
INFO:2025-10-30 15:38:34,218:Successfully computed HSC for O00292.
INFO:2025-10-30 15:38:34,219:Processing O00294 with model AF-O00294-F1-model_v4.pdb
INFO:2025-10-30 15:38:34,331:Computing HSC features for: O00294, ENST00000229771, ../Ntranos_Rotation/ESM-SaProt/AF-O00294-F1-model_v4.pdb.gz
INFO:2025-10-30 15:40:03,313:Successfully computed HSC for O00294.
INFO:2025-10-30 15:40:03,313:Processing O00295 with model AF-O00295-F1-model_v4.pdb
INFO:2025-10-30 15:40:03,422:Computing HSC features for: O00295, ENST00000221399, ../Ntranos_Rotation/ESM-SaProt/AF-O00295-F1-model_v4.pdb.gz
INFO:2025-10-30 15:41:03,476:Successfully computed HSC for O00295.
INFO:2025-10-30 15:41:03,476:Processing O00299 with model AF-O00299-F1-model_v4.pdb
INFO:2025-10-30 15:41:03,540:Computing HSC features for: O00299, ENST00000375779, ../Ntranos_Rotation/ESM-SaProt/AF-O00299-F1-model_v4.pdb.gz
INFO:2025-10-30 15:41:26,618:Successfully computed HSC for O00299.
INFO:2025-10-30 15:41:26,618:Pipeline completed.
INFO:2025-10-30 15:41:26,618:no_enst_for_uniprot: 0
INFO:2025-10-30 15:41:26,618:no_valid_cds: 0
INFO:2025-10-30 15:41:26,618:no_variant_data: 5
INFO:2025-10-30 15:41:26,618:bad_structure: 0
INFO:2025-10-30 15:41:26,618:no_enst_mp: 0
