INFO:2025-10-30 14:25:03,696:Starting HSC computation pipeline...
INFO:2025-10-30 14:26:08,313:Processing Q5T8P6 with model AF-Q5T8P6-F1-model_v4.pdb
INFO:2025-10-30 14:26:08,510:Computing HSC features for: Q5T8P6, ENST00000438737, ../Ntranos_Rotation/ESM-SaProt/AF-Q5T8P6-F1-model_v4.pdb.gz
INFO:2025-10-30 14:27:24,696:Successfully computed HSC for Q5T8P6.
INFO:2025-10-30 14:27:24,696:Processing Q5T8R8 with model AF-Q5T8R8-F1-model_v4.pdb
ERROR:2025-10-30 14:27:24,764:No ENST transcript IDs were mapped to Q5T8R8
INFO:2025-10-30 14:27:24,765:Processing Q5T953 with model AF-Q5T953-F1-model_v4.pdb
INFO:2025-10-30 14:27:24,947:Computing HSC features for: Q5T953, ENST00000372491, ../Ntranos_Rotation/ESM-SaProt/AF-Q5T953-F1-model_v4.pdb.gz
INFO:2025-10-30 14:29:07,628:Successfully computed HSC for Q5T953.
INFO:2025-10-30 14:29:07,629:Processing Q5T9A4 with model AF-Q5T9A4-F1-model_v4.pdb
ERROR:2025-10-30 14:29:07,739:No transcript record found for Q5T9A4 in gnomAD.
INFO:2025-10-30 14:29:07,739:Processing Q5T9C2 with model AF-Q5T9C2-F1-model_v4.pdb
INFO:2025-10-30 14:29:07,823:Computing HSC features for: Q5T9C2, ENST00000373095, ../Ntranos_Rotation/ESM-SaProt/AF-Q5T9C2-F1-model_v4.pdb.gz
INFO:2025-10-30 14:30:18,873:Successfully computed HSC for Q5T9C2.
INFO:2025-10-30 14:30:18,873:Processing Q5T9C9 with model AF-Q5T9C9-F1-model_v4.pdb
INFO:2025-10-30 14:30:18,977:Computing HSC features for: Q5T9C9, ENST00000388747, ../Ntranos_Rotation/ESM-SaProt/AF-Q5T9C9-F1-model_v4.pdb.gz
INFO:2025-10-30 14:31:24,227:Successfully computed HSC for Q5T9C9.
INFO:2025-10-30 14:31:24,227:Processing Q5T9G4 with model AF-Q5T9G4-F1-model_v4.pdb
INFO:2025-10-30 14:31:24,323:Computing HSC features for: Q5T9G4, ENST00000373866, ../Ntranos_Rotation/ESM-SaProt/AF-Q5T9G4-F1-model_v4.pdb.gz
INFO:2025-10-30 14:31:56,559:Successfully computed HSC for Q5T9G4.
INFO:2025-10-30 14:31:56,559:Processing Q5T9L3 with model AF-Q5T9L3-F1-model_v4.pdb
INFO:2025-10-30 14:31:56,695:Computing HSC features for: Q5T9L3, ENST00000262348, ../Ntranos_Rotation/ESM-SaProt/AF-Q5T9L3-F1-model_v4.pdb.gz
INFO:2025-10-30 14:33:25,636:Successfully computed HSC for Q5T9L3.
INFO:2025-10-30 14:33:25,636:Processing Q5T9S5 with model AF-Q5T9S5-F1-model_v4.pdb
INFO:2025-10-30 14:33:25,893:Computing HSC features for: Q5T9S5, ENST00000343253, ../Ntranos_Rotation/ESM-SaProt/AF-Q5T9S5-F1-model_v4.pdb.gz
INFO:2025-10-30 14:35:04,765:Successfully computed HSC for Q5T9S5.
INFO:2025-10-30 14:35:04,765:Processing Q5T9Z0 with model AF-Q5T9Z0-F1-model_v4.pdb
INFO:2025-10-30 14:35:04,849:Computing HSC features for: Q5T9Z0, ENST00000367565, ../Ntranos_Rotation/ESM-SaProt/AF-Q5T9Z0-F1-model_v4.pdb.gz
INFO:2025-10-30 14:35:36,428:Successfully computed HSC for Q5T9Z0.
INFO:2025-10-30 14:35:36,428:Processing Q5TA31 with model AF-Q5TA31-F1-model_v4.pdb
ERROR:2025-10-30 14:35:36,494:No valid CDS found for Q5TA31
INFO:2025-10-30 14:35:36,494:Processing Q5TA45 with model AF-Q5TA45-F1-model_v4.pdb
INFO:2025-10-30 14:35:36,660:Computing HSC features for: Q5TA45, ENST00000435064, ../Ntranos_Rotation/ESM-SaProt/AF-Q5TA45-F1-model_v4.pdb.gz
INFO:2025-10-30 14:36:47,992:Successfully computed HSC for Q5TA45.
INFO:2025-10-30 14:36:47,992:Processing Q5TA50 with model AF-Q5TA50-F1-model_v4.pdb
INFO:2025-10-30 14:36:48,064:Computing HSC features for: Q5TA50, ENST00000343938, ../Ntranos_Rotation/ESM-SaProt/AF-Q5TA50-F1-model_v4.pdb.gz
INFO:2025-10-30 14:37:22,098:Successfully computed HSC for Q5TA50.
INFO:2025-10-30 14:37:22,098:Processing Q5TA76 with model AF-Q5TA76-F1-model_v4.pdb
INFO:2025-10-30 14:37:22,372:Computing HSC features for: Q5TA76, ENST00000335674, ../Ntranos_Rotation/ESM-SaProt/AF-Q5TA76-F1-model_v4.pdb.gz
INFO:2025-10-30 14:37:31,347:Successfully computed HSC for Q5TA76.
INFO:2025-10-30 14:37:31,347:Processing Q5TA77 with model AF-Q5TA77-F1-model_v4.pdb
INFO:2025-10-30 14:37:31,395:Computing HSC features for: Q5TA77, ENST00000335633, ../Ntranos_Rotation/ESM-SaProt/AF-Q5TA77-F1-model_v4.pdb.gz
INFO:2025-10-30 14:37:39,999:Successfully computed HSC for Q5TA77.
INFO:2025-10-30 14:37:39,999:Processing Q5TA78 with model AF-Q5TA78-F1-model_v4.pdb
INFO:2025-10-30 14:37:40,044:Computing HSC features for: Q5TA78, ENST00000368777, ../Ntranos_Rotation/ESM-SaProt/AF-Q5TA78-F1-model_v4.pdb.gz
INFO:2025-10-30 14:37:47,179:Successfully computed HSC for Q5TA78.
INFO:2025-10-30 14:37:47,179:Processing Q13619 with model AF-Q13619-F1-model_v4.pdb
INFO:2025-10-30 14:37:47,344:Computing HSC features for: Q13619, ENST00000375440, ../Ntranos_Rotation/ESM-SaProt/AF-Q13619-F1-model_v4.pdb.gz
INFO:2025-10-30 14:39:02,131:Successfully computed HSC for Q13619.
INFO:2025-10-30 14:39:02,131:Processing Q13620 with model AF-Q13620-F1-model_v4.pdb
ERROR:2025-10-30 14:39:02,277:No transcript record found for Q13620 in gnomAD.
INFO:2025-10-30 14:39:02,277:Processing Q13621 with model AF-Q13621-F1-model_v4.pdb
INFO:2025-10-30 14:39:02,486:Computing HSC features for: Q13621, ENST00000380993, ../Ntranos_Rotation/ESM-SaProt/AF-Q13621-F1-model_v4.pdb.gz
INFO:2025-10-30 14:41:03,322:Successfully computed HSC for Q13621.
INFO:2025-10-30 14:41:03,322:Processing Q13625 with model AF-Q13625-F1-model_v4.pdb
ERROR:2025-10-30 14:41:03,535:No valid CDS found for Q13625
INFO:2025-10-30 14:41:03,535:Processing Q13627 with model AF-Q13627-F1-model_v4.pdb
INFO:2025-10-30 14:41:03,680:Computing HSC features for: Q13627, ENST00000398960, ../Ntranos_Rotation/ESM-SaProt/AF-Q13627-F1-model_v4.pdb.gz
INFO:2025-10-30 14:42:19,376:Successfully computed HSC for Q13627.
INFO:2025-10-30 14:42:19,376:Processing Q13630 with model AF-Q13630-F1-model_v4.pdb
INFO:2025-10-30 14:42:19,433:Computing HSC features for: Q13630, ENST00000425753, ../Ntranos_Rotation/ESM-SaProt/AF-Q13630-F1-model_v4.pdb.gz
INFO:2025-10-30 14:42:54,150:Successfully computed HSC for Q13630.
INFO:2025-10-30 14:42:54,150:Processing Q13634 with model AF-Q13634-F1-model_v4.pdb
INFO:2025-10-30 14:42:54,246:Computing HSC features for: Q13634, ENST00000274170, ../Ntranos_Rotation/ESM-SaProt/AF-Q13634-F1-model_v4.pdb.gz
INFO:2025-10-30 14:43:55,654:Successfully computed HSC for Q13634.
INFO:2025-10-30 14:43:55,654:Processing Q13635 with model AF-Q13635-F1-model_v4.pdb
ERROR:2025-10-30 14:43:55,841:No transcript record found for Q13635 in gnomAD.
INFO:2025-10-30 14:43:55,841:Processing Q13636 with model AF-Q13636-F1-model_v4.pdb
ERROR:2025-10-30 14:43:55,882:No valid CDS found for Q13636
INFO:2025-10-30 14:43:55,882:Processing Q13637 with model AF-Q13637-F1-model_v4.pdb
INFO:2025-10-30 14:43:55,960:Computing HSC features for: Q13637, ENST00000367495, ../Ntranos_Rotation/ESM-SaProt/AF-Q13637-F1-model_v4.pdb.gz
INFO:2025-10-30 14:44:30,685:Successfully computed HSC for Q13637.
INFO:2025-10-30 14:44:30,685:Processing Q5T4S7 with model AF-Q5T4S7-F19-model_v4.pdb
ERROR:2025-10-30 14:44:30,877:No valid CDS found for Q5T4S7
INFO:2025-10-30 14:44:30,877:Processing Q5T4T1 with model AF-Q5T4T1-F1-model_v4.pdb
INFO:2025-10-30 14:44:30,907:Computing HSC features for: Q5T4T1, ENST00000379426, ../Ntranos_Rotation/ESM-SaProt/AF-Q5T4T1-F1-model_v4.pdb.gz
INFO:2025-10-30 14:44:43,272:Successfully computed HSC for Q5T4T1.
INFO:2025-10-30 14:44:43,272:Processing Q5T4T6 with model AF-Q5T4T6-F1-model_v4.pdb
INFO:2025-10-30 14:44:43,371:Computing HSC features for: Q5T4T6, ENST00000283141, ../Ntranos_Rotation/ESM-SaProt/AF-Q5T4T6-F1-model_v4.pdb.gz
INFO:2025-10-30 14:45:58,568:Successfully computed HSC for Q5T4T6.
INFO:2025-10-30 14:45:58,568:Processing Q5T4W7 with model AF-Q5T4W7-F1-model_v4.pdb
INFO:2025-10-30 14:45:58,669:Computing HSC features for: Q5T4W7, ENST00000372354, ../Ntranos_Rotation/ESM-SaProt/AF-Q5T4W7-F1-model_v4.pdb.gz
INFO:2025-10-30 14:47:13,267:Successfully computed HSC for Q5T4W7.
INFO:2025-10-30 14:47:13,267:Processing Q5T5A4 with model AF-Q5T5A4-F1-model_v4.pdb
INFO:2025-10-30 14:47:13,328:Computing HSC features for: Q5T5A4, ENST00000369948, ../Ntranos_Rotation/ESM-SaProt/AF-Q5T5A4-F1-model_v4.pdb.gz
INFO:2025-10-30 14:47:27,570:Successfully computed HSC for Q5T5A4.
INFO:2025-10-30 14:47:27,571:Processing Q5T5A8 with model AF-Q5T5A8-F1-model_v4.pdb
INFO:2025-10-30 14:47:27,602:Computing HSC features for: Q5T5A8, ENST00000333881, ../Ntranos_Rotation/ESM-SaProt/AF-Q5T5A8-F1-model_v4.pdb.gz
INFO:2025-10-30 14:47:35,805:Successfully computed HSC for Q5T5A8.
INFO:2025-10-30 14:47:35,805:Processing Q5T5B0 with model AF-Q5T5B0-F1-model_v4.pdb
INFO:2025-10-30 14:47:35,833:Computing HSC features for: Q5T5B0, ENST00000368789, ../Ntranos_Rotation/ESM-SaProt/AF-Q5T5B0-F1-model_v4.pdb.gz
INFO:2025-10-30 14:47:44,740:Successfully computed HSC for Q5T5B0.
INFO:2025-10-30 14:47:44,741:Processing Q5T5C0 with model AF-Q5T5C0-F1-model_v4.pdb
ERROR:2025-10-30 14:47:44,975:No transcript record found for Q5T5C0 in gnomAD.
INFO:2025-10-30 14:47:44,976:Processing Q5T5D7 with model AF-Q5T5D7-F1-model_v4.pdb
INFO:2025-10-30 14:47:45,060:Computing HSC features for: Q5T5D7, ENST00000372699, ../Ntranos_Rotation/ESM-SaProt/AF-Q5T5D7-F1-model_v4.pdb.gz
INFO:2025-10-30 14:48:21,736:Successfully computed HSC for Q5T5D7.
INFO:2025-10-30 14:48:21,736:Processing Q5T5F5 with model AF-Q5T5F5-F1-model_v4.pdb
ERROR:2025-10-30 14:48:21,780:No ENST transcript IDs were mapped to Q5T5F5
INFO:2025-10-30 14:48:21,780:Processing Q5T5J6 with model AF-Q5T5J6-F1-model_v4.pdb
INFO:2025-10-30 14:48:21,956:Computing HSC features for: Q5T5J6, ENST00000367500, ../Ntranos_Rotation/ESM-SaProt/AF-Q5T5J6-F1-model_v4.pdb.gz
INFO:2025-10-30 14:49:23,676:Successfully computed HSC for Q5T5J6.
INFO:2025-10-30 14:49:23,677:Processing Q5T5M9 with model AF-Q5T5M9-F1-model_v4.pdb
INFO:2025-10-30 14:49:23,758:Computing HSC features for: Q5T5M9, ENST00000265992, ../Ntranos_Rotation/ESM-SaProt/AF-Q5T5M9-F1-model_v4.pdb.gz
INFO:2025-10-30 14:49:54,585:Successfully computed HSC for Q5T5M9.
INFO:2025-10-30 14:49:54,585:Processing Q5T5N4 with model AF-Q5T5N4-F1-model_v4.pdb
INFO:2025-10-30 14:49:54,710:Computing HSC features for: Q5T5N4, ENST00000230301, ../Ntranos_Rotation/ESM-SaProt/AF-Q5T5N4-F1-model_v4.pdb.gz
INFO:2025-10-30 14:50:38,912:Successfully computed HSC for Q5T5N4.
INFO:2025-10-30 14:50:38,912:Processing Q5T5P2 with model AF-Q5T5P2-F1-model_v4.pdb
INFO:2025-10-30 14:50:39,416:Computing HSC features for: Q5T5P2, ENST00000376454, ../Ntranos_Rotation/ESM-SaProt/AF-Q5T5P2-F1-model_v4.pdb.gz
INFO:2025-10-30 14:53:33,663:Successfully computed HSC for Q5T5P2.
INFO:2025-10-30 14:53:33,663:Processing Q5T5S1 with model AF-Q5T5S1-F1-model_v4.pdb
INFO:2025-10-30 14:53:33,743:Computing HSC features for: Q5T5S1, ENST00000338005, ../Ntranos_Rotation/ESM-SaProt/AF-Q5T5S1-F1-model_v4.pdb.gz
INFO:2025-10-30 14:54:33,761:Successfully computed HSC for Q5T5S1.
INFO:2025-10-30 14:54:33,761:Processing Q5T5U3 with model AF-Q5T5U3-F1-model_v4.pdb
INFO:2025-10-30 14:54:33,974:Computing HSC features for: Q5T5U3, ENST00000396432, ../Ntranos_Rotation/ESM-SaProt/AF-Q5T5U3-F1-model_v4.pdb.gz
INFO:2025-10-30 14:57:16,127:Successfully computed HSC for Q5T5U3.
INFO:2025-10-30 14:57:16,127:Processing Q5T5X7 with model AF-Q5T5X7-F1-model_v4.pdb
INFO:2025-10-30 14:57:16,287:Computing HSC features for: Q5T5X7, ENST00000369042, ../Ntranos_Rotation/ESM-SaProt/AF-Q5T5X7-F1-model_v4.pdb.gz
INFO:2025-10-30 14:59:19,309:Successfully computed HSC for Q5T5X7.
INFO:2025-10-30 14:59:19,309:Processing Q5T5Y3 with model AF-Q5T5Y3-F1-model_v4.pdb
INFO:2025-10-30 14:59:19,496:Computing HSC features for: Q5T5Y3, ENST00000389532, ../Ntranos_Rotation/ESM-SaProt/AF-Q5T5Y3-F1-model_v4.pdb.gz
INFO:2025-10-30 15:02:11,676:Successfully computed HSC for Q5T5Y3.
INFO:2025-10-30 15:02:11,676:Processing Q5T601 with model AF-Q5T601-F1-model_v4.pdb
INFO:2025-10-30 15:02:11,785:Computing HSC features for: Q5T601, ENST00000371253, ../Ntranos_Rotation/ESM-SaProt/AF-Q5T601-F1-model_v4.pdb.gz
INFO:2025-10-30 15:03:19,521:Successfully computed HSC for Q5T601.
INFO:2025-10-30 15:03:19,521:Processing Q5T619 with model AF-Q5T619-F1-model_v4.pdb
INFO:2025-10-30 15:03:19,601:Computing HSC features for: Q5T619, ENST00000339948, ../Ntranos_Rotation/ESM-SaProt/AF-Q5T619-F1-model_v4.pdb.gz
INFO:2025-10-30 15:04:30,478:Successfully computed HSC for Q5T619.
INFO:2025-10-30 15:04:30,478:Processing Q5T653 with model AF-Q5T653-F1-model_v4.pdb
INFO:2025-10-30 15:04:30,531:Computing HSC features for: Q5T653, ENST00000388752, ../Ntranos_Rotation/ESM-SaProt/AF-Q5T653-F1-model_v4.pdb.gz
INFO:2025-10-30 15:05:03,392:Successfully computed HSC for Q5T653.
INFO:2025-10-30 15:05:03,393:Processing Q5T655 with model AF-Q5T655-F1-model_v4.pdb
INFO:2025-10-30 15:05:03,496:Computing HSC features for: Q5T655, ENST00000369704, ../Ntranos_Rotation/ESM-SaProt/AF-Q5T655-F1-model_v4.pdb.gz
INFO:2025-10-30 15:06:07,962:Successfully computed HSC for Q5T655.
INFO:2025-10-30 15:06:07,962:Processing Q5T681 with model AF-Q5T681-F1-model_v4.pdb
INFO:2025-10-30 15:06:08,134:Computing HSC features for: Q5T681, ENST00000370640, ../Ntranos_Rotation/ESM-SaProt/AF-Q5T681-F1-model_v4.pdb.gz
INFO:2025-10-30 15:06:29,817:Successfully computed HSC for Q5T681.
INFO:2025-10-30 15:06:29,817:Processing Q5T686 with model AF-Q5T686-F1-model_v4.pdb
INFO:2025-10-30 15:06:29,850:Computing HSC features for: Q5T686, ENST00000370626, ../Ntranos_Rotation/ESM-SaProt/AF-Q5T686-F1-model_v4.pdb.gz
INFO:2025-10-30 15:06:44,694:Successfully computed HSC for Q5T686.
INFO:2025-10-30 15:06:44,694:Pipeline completed.
INFO:2025-10-30 15:06:44,694:no_enst_for_uniprot: 2
INFO:2025-10-30 15:06:44,695:no_valid_cds: 4
INFO:2025-10-30 15:06:44,695:no_variant_data: 4
INFO:2025-10-30 15:06:44,695:bad_structure: 0
INFO:2025-10-30 15:06:44,695:no_enst_mp: 0
