INFO:2025-10-30 14:26:02,586:Starting HSC computation pipeline...
INFO:2025-10-30 14:26:59,587:Processing Q8IZP1 with model AF-Q8IZP1-F1-model_v4.pdb
ERROR:2025-10-30 14:26:59,672:No transcript record found for Q8IZP1 in gnomAD.
INFO:2025-10-30 14:26:59,672:Processing Q8IZP2 with model AF-Q8IZP2-F1-model_v4.pdb
ERROR:2025-10-30 14:26:59,735:No ENST transcript IDs were mapped to Q8IZP2
INFO:2025-10-30 14:26:59,736:Processing Q8IZP6 with model AF-Q8IZP6-F1-model_v4.pdb
INFO:2025-10-30 14:27:00,090:Computing HSC features for: Q8IZP6, ENST00000267291, ../Ntranos_Rotation/ESM-SaProt/AF-Q8IZP6-F1-model_v4.pdb.gz
INFO:2025-10-30 14:27:36,626:Successfully computed HSC for Q8IZP6.
INFO:2025-10-30 14:27:36,626:Processing Q8IZP7 with model AF-Q8IZP7-F1-model_v4.pdb
INFO:2025-10-30 14:27:36,754:Computing HSC features for: Q8IZP7, ENST00000376705, ../Ntranos_Rotation/ESM-SaProt/AF-Q8IZP7-F1-model_v4.pdb.gz
INFO:2025-10-30 14:28:27,625:Successfully computed HSC for Q8IZP7.
INFO:2025-10-30 14:28:27,625:Processing Q8IZP9 with model AF-Q8IZP9-F1-model_v4.pdb
INFO:2025-10-30 14:28:27,774:Computing HSC features for: Q8IZP9, ENST00000379869, ../Ntranos_Rotation/ESM-SaProt/AF-Q8IZP9-F1-model_v4.pdb.gz
INFO:2025-10-30 14:29:33,782:Successfully computed HSC for Q8IZP9.
INFO:2025-10-30 14:29:33,782:Processing Q8IWF2 with model AF-Q8IWF2-F1-model_v4.pdb
ERROR:2025-10-30 14:29:33,933:No transcript record found for Q8IWF2 in gnomAD.
INFO:2025-10-30 14:29:33,933:Processing Q8IWF6 with model AF-Q8IWF6-F1-model_v4.pdb
INFO:2025-10-30 14:29:34,050:Computing HSC features for: Q8IWF6, ENST00000311128, ../Ntranos_Rotation/ESM-SaProt/AF-Q8IWF6-F1-model_v4.pdb.gz
INFO:2025-10-30 14:30:15,661:Successfully computed HSC for Q8IWF6.
INFO:2025-10-30 14:30:15,661:Processing Q8IWF7 with model AF-Q8IWF7-F1-model_v4.pdb
ERROR:2025-10-30 14:30:15,701:No ENST transcript IDs were mapped to Q8IWF7
INFO:2025-10-30 14:30:15,701:Processing Q8IWF9 with model AF-Q8IWF9-F1-model_v4.pdb
INFO:2025-10-30 14:30:15,896:Computing HSC features for: Q8IWF9, ENST00000342404, ../Ntranos_Rotation/ESM-SaProt/AF-Q8IWF9-F1-model_v4.pdb.gz
INFO:2025-10-30 14:30:39,381:Successfully computed HSC for Q8IWF9.
INFO:2025-10-30 14:30:39,381:Processing Q8IWG1 with model AF-Q8IWG1-F1-model_v4.pdb
INFO:2025-10-30 14:30:39,577:Computing HSC features for: Q8IWG1, ENST00000294664, ../Ntranos_Rotation/ESM-SaProt/AF-Q8IWG1-F1-model_v4.pdb.gz
INFO:2025-10-30 14:31:41,971:Successfully computed HSC for Q8IWG1.
INFO:2025-10-30 14:31:41,971:Processing Q8IWI9 with model AF-Q8IWI9-F1-model_v4.pdb
ERROR:2025-10-30 14:31:42,245:No valid CDS found for Q8IWI9
INFO:2025-10-30 14:31:42,246:Processing Q8IYX0 with model AF-Q8IYX0-F1-model_v4.pdb
INFO:2025-10-30 14:31:42,354:Computing HSC features for: Q8IYX0, ENST00000255746, ../Ntranos_Rotation/ESM-SaProt/AF-Q8IYX0-F1-model_v4.pdb.gz
INFO:2025-10-30 14:32:09,048:Successfully computed HSC for Q8IYX0.
INFO:2025-10-30 14:32:09,048:Processing Q8IYX1 with model AF-Q8IYX1-F1-model_v4.pdb
INFO:2025-10-30 14:32:09,117:Computing HSC features for: Q8IYX1, ENST00000300504, ../Ntranos_Rotation/ESM-SaProt/AF-Q8IYX1-F1-model_v4.pdb.gz
INFO:2025-10-30 14:32:34,240:Successfully computed HSC for Q8IYX1.
INFO:2025-10-30 14:32:34,240:Processing Q8IYX3 with model AF-Q8IYX3-F1-model_v4.pdb
INFO:2025-10-30 14:32:34,386:Computing HSC features for: Q8IYX3, ENST00000292779, ../Ntranos_Rotation/ESM-SaProt/AF-Q8IYX3-F1-model_v4.pdb.gz
INFO:2025-10-30 14:33:25,475:Successfully computed HSC for Q8IYX3.
INFO:2025-10-30 14:33:25,476:Processing Q8IYX4 with model AF-Q8IYX4-F1-model_v4.pdb
INFO:2025-10-30 14:33:25,980:Computing HSC features for: Q8IYX4, ENST00000542735, ../Ntranos_Rotation/ESM-SaProt/AF-Q8IYX4-F1-model_v4.pdb.gz
INFO:2025-10-30 14:34:03,592:Successfully computed HSC for Q8IYX4.
INFO:2025-10-30 14:34:03,592:Processing Q8IYX7 with model AF-Q8IYX7-F1-model_v4.pdb
INFO:2025-10-30 14:34:03,709:Computing HSC features for: Q8IYX7, ENST00000380534, ../Ntranos_Rotation/ESM-SaProt/AF-Q8IYX7-F1-model_v4.pdb.gz
INFO:2025-10-30 14:34:37,711:Successfully computed HSC for Q8IYX7.
INFO:2025-10-30 14:34:37,711:Processing Q8IYX8 with model AF-Q8IYX8-F1-model_v4.pdb
INFO:2025-10-30 14:34:37,799:Computing HSC features for: Q8IYX8, ENST00000359793, ../Ntranos_Rotation/ESM-SaProt/AF-Q8IYX8-F1-model_v4.pdb.gz
INFO:2025-10-30 14:35:03,878:Successfully computed HSC for Q8IYX8.
INFO:2025-10-30 14:35:03,878:Processing Q8IYY4 with model AF-Q8IYY4-F1-model_v4.pdb
INFO:2025-10-30 14:35:04,050:Computing HSC features for: Q8IYY4, ENST00000327532, ../Ntranos_Rotation/ESM-SaProt/AF-Q8IYY4-F1-model_v4.pdb.gz
INFO:2025-10-30 14:36:05,202:Successfully computed HSC for Q8IYY4.
INFO:2025-10-30 14:36:05,202:Processing Q8IZ02 with model AF-Q8IZ02-F1-model_v4.pdb
INFO:2025-10-30 14:36:05,314:Computing HSC features for: Q8IZ02, ENST00000446859, ../Ntranos_Rotation/ESM-SaProt/AF-Q8IZ02-F1-model_v4.pdb.gz
INFO:2025-10-30 14:36:39,870:Successfully computed HSC for Q8IZ02.
INFO:2025-10-30 14:36:39,870:Processing Q8IZ07 with model AF-Q8IZ07-F1-model_v4.pdb
INFO:2025-10-30 14:36:40,006:Computing HSC features for: Q8IZ07, ENST00000261739, ../Ntranos_Rotation/ESM-SaProt/AF-Q8IZ07-F1-model_v4.pdb.gz
INFO:2025-10-30 14:37:27,085:Successfully computed HSC for Q8IZ07.
INFO:2025-10-30 14:37:27,085:Processing Q8IZ08 with model AF-Q8IZ08-F1-model_v4.pdb
INFO:2025-10-30 14:37:27,155:Computing HSC features for: Q8IZ08, ENST00000395116, ../Ntranos_Rotation/ESM-SaProt/AF-Q8IZ08-F1-model_v4.pdb.gz
INFO:2025-10-30 14:38:33,724:Successfully computed HSC for Q8IZ08.
INFO:2025-10-30 14:38:33,724:Processing Q8IZ13 with model AF-Q8IZ13-F1-model_v4.pdb
INFO:2025-10-30 14:38:33,858:Computing HSC features for: Q8IZ13, ENST00000408953, ../Ntranos_Rotation/ESM-SaProt/AF-Q8IZ13-F1-model_v4.pdb.gz
INFO:2025-10-30 14:39:11,977:Successfully computed HSC for Q8IZ13.
INFO:2025-10-30 14:39:11,977:Processing Q8IZ16 with model AF-Q8IZ16-F1-model_v4.pdb
INFO:2025-10-30 14:39:12,032:Computing HSC features for: Q8IZ16, ENST00000332375, ../Ntranos_Rotation/ESM-SaProt/AF-Q8IZ16-F1-model_v4.pdb.gz
INFO:2025-10-30 14:39:31,549:Successfully computed HSC for Q8IZ16.
INFO:2025-10-30 14:39:31,549:Processing Q8IZ20 with model AF-Q8IZ20-F1-model_v4.pdb
INFO:2025-10-30 14:39:31,620:Computing HSC features for: Q8IZ20, ENST00000403843, ../Ntranos_Rotation/ESM-SaProt/AF-Q8IZ20-F1-model_v4.pdb.gz
INFO:2025-10-30 14:40:09,672:Successfully computed HSC for Q8IZ20.
INFO:2025-10-30 14:40:09,672:Processing Q8IZ21 with model AF-Q8IZ21-F1-model_v4.pdb
INFO:2025-10-30 14:40:09,807:Computing HSC features for: Q8IZ21, ENST00000373839, ../Ntranos_Rotation/ESM-SaProt/AF-Q8IZ21-F1-model_v4.pdb.gz
INFO:2025-10-30 14:41:02,102:Successfully computed HSC for Q8IZ21.
INFO:2025-10-30 14:41:02,102:Processing Q8IZ26 with model AF-Q8IZ26-F1-model_v4.pdb
INFO:2025-10-30 14:41:02,225:Computing HSC features for: Q8IZ26, ENST00000343459, ../Ntranos_Rotation/ESM-SaProt/AF-Q8IZ26-F1-model_v4.pdb.gz
INFO:2025-10-30 14:41:41,932:Successfully computed HSC for Q8IZ26.
INFO:2025-10-30 14:41:41,932:Processing Q8IZ40 with model AF-Q8IZ40-F1-model_v4.pdb
INFO:2025-10-30 14:41:42,062:Computing HSC features for: Q8IZ40, ENST00000301459, ../Ntranos_Rotation/ESM-SaProt/AF-Q8IZ40-F1-model_v4.pdb.gz
INFO:2025-10-30 14:42:30,258:Successfully computed HSC for Q8IZ40.
INFO:2025-10-30 14:42:30,259:Processing Q8IZ41 with model AF-Q8IZ41-F1-model_v4.pdb
INFO:2025-10-30 14:42:30,471:Computing HSC features for: Q8IZ41, ENST00000376447, ../Ntranos_Rotation/ESM-SaProt/AF-Q8IZ41-F1-model_v4.pdb.gz
INFO:2025-10-30 14:43:29,680:Successfully computed HSC for Q8IZ41.
INFO:2025-10-30 14:43:29,680:Processing Q8IZ52 with model AF-Q8IZ52-F1-model_v4.pdb
INFO:2025-10-30 14:43:30,011:Computing HSC features for: Q8IZ52, ENST00000243776, ../Ntranos_Rotation/ESM-SaProt/AF-Q8IZ52-F1-model_v4.pdb.gz
INFO:2025-10-30 14:44:55,256:Successfully computed HSC for Q8IZ52.
INFO:2025-10-30 14:44:55,257:Processing Q8IZ57 with model AF-Q8IZ57-F1-model_v4.pdb
INFO:2025-10-30 14:44:55,306:Computing HSC features for: Q8IZ57, ENST00000378491, ../Ntranos_Rotation/ESM-SaProt/AF-Q8IZ57-F1-model_v4.pdb.gz
INFO:2025-10-30 14:45:09,663:Successfully computed HSC for Q8IZ57.
INFO:2025-10-30 14:45:09,663:Processing Q8IZ63 with model AF-Q8IZ63-F1-model_v4.pdb
INFO:2025-10-30 14:45:09,738:Computing HSC features for: Q8IZ63, ENST00000419421, ../Ntranos_Rotation/ESM-SaProt/AF-Q8IZ63-F1-model_v4.pdb.gz
INFO:2025-10-30 14:45:47,139:Successfully computed HSC for Q8IZ63.
INFO:2025-10-30 14:45:47,139:Processing Q8IZ69 with model AF-Q8IZ69-F1-model_v4.pdb
INFO:2025-10-30 14:45:47,228:Computing HSC features for: Q8IZ69, ENST00000252136, ../Ntranos_Rotation/ESM-SaProt/AF-Q8IZ69-F1-model_v4.pdb.gz
INFO:2025-10-30 14:46:48,489:Successfully computed HSC for Q8IZ69.
INFO:2025-10-30 14:46:48,489:Processing Q8IZ73 with model AF-Q8IZ73-F1-model_v4.pdb
INFO:2025-10-30 14:46:48,598:Computing HSC features for: Q8IZ73, ENST00000315616, ../Ntranos_Rotation/ESM-SaProt/AF-Q8IZ73-F1-model_v4.pdb.gz
INFO:2025-10-30 14:47:46,585:Successfully computed HSC for Q8IZ73.
INFO:2025-10-30 14:47:46,585:Processing Q8IZ81 with model AF-Q8IZ81-F1-model_v4.pdb
INFO:2025-10-30 14:47:46,649:Computing HSC features for: Q8IZ81, ENST00000323570, ../Ntranos_Rotation/ESM-SaProt/AF-Q8IZ81-F1-model_v4.pdb.gz
INFO:2025-10-30 14:48:16,727:Successfully computed HSC for Q8IZ81.
INFO:2025-10-30 14:48:16,727:Processing Q8IZ83 with model AF-Q8IZ83-F1-model_v4.pdb
INFO:2025-10-30 14:48:16,864:Computing HSC features for: Q8IZ83, ENST00000293350, ../Ntranos_Rotation/ESM-SaProt/AF-Q8IZ83-F1-model_v4.pdb.gz
INFO:2025-10-30 14:49:45,658:Successfully computed HSC for Q8IZ83.
INFO:2025-10-30 14:49:45,658:Processing Q8IZ96 with model AF-Q8IZ96-F1-model_v4.pdb
INFO:2025-10-30 14:49:45,714:Computing HSC features for: Q8IZ96, ENST00000457188, ../Ntranos_Rotation/ESM-SaProt/AF-Q8IZ96-F1-model_v4.pdb.gz
INFO:2025-10-30 14:50:00,408:Successfully computed HSC for Q8IZ96.
INFO:2025-10-30 14:50:00,408:Processing Q8IZA0 with model AF-Q8IZA0-F1-model_v4.pdb
INFO:2025-10-30 14:50:00,580:Computing HSC features for: Q8IZA0, ENST00000325722, ../Ntranos_Rotation/ESM-SaProt/AF-Q8IZA0-F1-model_v4.pdb.gz
INFO:2025-10-30 14:51:06,935:Successfully computed HSC for Q8IZA0.
INFO:2025-10-30 14:51:06,935:Processing Q8IZA3 with model AF-Q8IZA3-F1-model_v4.pdb
INFO:2025-10-30 14:51:07,008:Computing HSC features for: Q8IZA3, ENST00000324382, ../Ntranos_Rotation/ESM-SaProt/AF-Q8IZA3-F1-model_v4.pdb.gz
INFO:2025-10-30 14:51:41,640:Successfully computed HSC for Q8IZA3.
INFO:2025-10-30 14:51:41,640:Processing Q8IZC4 with model AF-Q8IZC4-F1-model_v4.pdb
INFO:2025-10-30 14:51:41,747:Computing HSC features for: Q8IZC4, ENST00000373789, ../Ntranos_Rotation/ESM-SaProt/AF-Q8IZC4-F1-model_v4.pdb.gz
INFO:2025-10-30 14:52:18,510:Successfully computed HSC for Q8IZC4.
INFO:2025-10-30 14:52:18,510:Processing Q8IZC6 with model AF-Q8IZC6-F1-model_v4.pdb
INFO:2025-10-30 14:52:18,768:Computing HSC features for: Q8IZC6, ENST00000356083, ../Ntranos_Rotation/ESM-SaProt/AF-Q8IZC6-F1-model_v4.pdb.gz
INFO:2025-10-30 14:55:05,050:Successfully computed HSC for Q8IZC6.
INFO:2025-10-30 14:55:05,050:Processing Q8IZC7 with model AF-Q8IZC7-F1-model_v4.pdb
INFO:2025-10-30 14:55:05,434:Computing HSC features for: Q8IZC7, ENST00000592502, ../Ntranos_Rotation/ESM-SaProt/AF-Q8IZC7-F1-model_v4.pdb.gz
INFO:2025-10-30 14:55:41,454:Successfully computed HSC for Q8IZC7.
INFO:2025-10-30 14:55:41,454:Processing Q8IZD0 with model AF-Q8IZD0-F1-model_v4.pdb
INFO:2025-10-30 14:55:41,533:Computing HSC features for: Q8IZD0, ENST00000330175, ../Ntranos_Rotation/ESM-SaProt/AF-Q8IZD0-F1-model_v4.pdb.gz
INFO:2025-10-30 14:56:25,838:Successfully computed HSC for Q8IZD0.
INFO:2025-10-30 14:56:25,838:Processing Q8IZD2 with model AF-Q8IZD2-F1-model_v4.pdb
INFO:2025-10-30 14:56:26,105:Computing HSC features for: Q8IZD2, ENST00000311117, ../Ntranos_Rotation/ESM-SaProt/AF-Q8IZD2-F1-model_v4.pdb.gz
INFO:2025-10-30 14:58:17,503:Successfully computed HSC for Q8IZD2.
INFO:2025-10-30 14:58:17,504:Processing Q8IZD4 with model AF-Q8IZD4-F1-model_v4.pdb
INFO:2025-10-30 14:58:17,616:Computing HSC features for: Q8IZD4, ENST00000280665, ../Ntranos_Rotation/ESM-SaProt/AF-Q8IZD4-F1-model_v4.pdb.gz
INFO:2025-10-30 14:59:10,577:Successfully computed HSC for Q8IZD4.
INFO:2025-10-30 14:59:10,577:Processing Q8IZD6 with model AF-Q8IZD6-F1-model_v4.pdb
INFO:2025-10-30 14:59:10,698:Computing HSC features for: Q8IZD6, ENST00000369503, ../Ntranos_Rotation/ESM-SaProt/AF-Q8IZD6-F1-model_v4.pdb.gz
INFO:2025-10-30 14:59:54,769:Successfully computed HSC for Q8IZD6.
INFO:2025-10-30 14:59:54,770:Processing Q8IZD9 with model AF-Q8IZD9-F1-model_v4.pdb
INFO:2025-10-30 14:59:55,069:Computing HSC features for: Q8IZD9, ENST00000266037, ../Ntranos_Rotation/ESM-SaProt/AF-Q8IZD9-F1-model_v4.pdb.gz
INFO:2025-10-30 15:02:21,564:Successfully computed HSC for Q8IZD9.
INFO:2025-10-30 15:02:21,564:Processing Q8IZE3 with model AF-Q8IZE3-F1-model_v4.pdb
INFO:2025-10-30 15:02:21,677:Computing HSC features for: Q8IZE3, ENST00000367770, ../Ntranos_Rotation/ESM-SaProt/AF-Q8IZE3-F1-model_v4.pdb.gz
INFO:2025-10-30 15:03:03,207:Successfully computed HSC for Q8IZE3.
INFO:2025-10-30 15:03:03,207:Processing Q8IYI6 with model AF-Q8IYI6-F1-model_v4.pdb
INFO:2025-10-30 15:03:03,295:Computing HSC features for: Q8IYI6, ENST00000366645, ../Ntranos_Rotation/ESM-SaProt/AF-Q8IYI6-F1-model_v4.pdb.gz
INFO:2025-10-30 15:03:59,821:Successfully computed HSC for Q8IYI6.
INFO:2025-10-30 15:03:59,821:Processing Q8IYI8 with model AF-Q8IYI8-F1-model_v4.pdb
INFO:2025-10-30 15:03:59,911:Computing HSC features for: Q8IYI8, ENST00000304060, ../Ntranos_Rotation/ESM-SaProt/AF-Q8IYI8-F1-model_v4.pdb.gz
INFO:2025-10-30 15:04:32,928:Successfully computed HSC for Q8IYI8.
INFO:2025-10-30 15:04:32,928:Processing Q8IYJ0 with model AF-Q8IYJ0-F1-model_v4.pdb
INFO:2025-10-30 15:04:32,972:Computing HSC features for: Q8IYJ0, ENST00000320591, ../Ntranos_Rotation/ESM-SaProt/AF-Q8IYJ0-F1-model_v4.pdb.gz
INFO:2025-10-30 15:04:59,531:Successfully computed HSC for Q8IYJ0.
INFO:2025-10-30 15:04:59,531:Pipeline completed.
INFO:2025-10-30 15:04:59,531:no_enst_for_uniprot: 2
INFO:2025-10-30 15:04:59,532:no_valid_cds: 1
INFO:2025-10-30 15:04:59,532:no_variant_data: 2
INFO:2025-10-30 15:04:59,532:bad_structure: 0
INFO:2025-10-30 15:04:59,532:no_enst_mp: 0
