INFO:2025-10-30 14:26:02,613:Starting HSC computation pipeline...
INFO:2025-10-30 14:27:14,502:Processing Q8NE01 with model AF-Q8NE01-F1-model_v4.pdb
INFO:2025-10-30 14:27:14,903:Computing HSC features for: Q8NE01, ENST00000305510, ../Ntranos_Rotation/ESM-SaProt/AF-Q8NE01-F1-model_v4.pdb.gz
INFO:2025-10-30 14:29:02,356:Successfully computed HSC for Q8NE01.
INFO:2025-10-30 14:29:02,356:Processing Q8NE09 with model AF-Q8NE09-F1-model_v4.pdb
INFO:2025-10-30 14:29:02,600:Computing HSC features for: Q8NE09, ENST00000360863, ../Ntranos_Rotation/ESM-SaProt/AF-Q8NE09-F1-model_v4.pdb.gz
INFO:2025-10-30 14:30:57,477:Successfully computed HSC for Q8NE09.
INFO:2025-10-30 14:30:57,477:Processing Q8NE18 with model AF-Q8NE18-F1-model_v4.pdb
INFO:2025-10-30 14:30:57,595:Computing HSC features for: Q8NE18, ENST00000381782, ../Ntranos_Rotation/ESM-SaProt/AF-Q8NE18-F1-model_v4.pdb.gz
INFO:2025-10-30 14:32:01,712:Successfully computed HSC for Q8NE18.
INFO:2025-10-30 14:32:01,713:Processing Q8NE22 with model AF-Q8NE22-F1-model_v4.pdb
INFO:2025-10-30 14:32:01,788:Computing HSC features for: Q8NE22, ENST00000285947, ../Ntranos_Rotation/ESM-SaProt/AF-Q8NE22-F1-model_v4.pdb.gz
INFO:2025-10-30 14:32:25,780:Successfully computed HSC for Q8NE22.
INFO:2025-10-30 14:32:25,781:Processing Q8NE28 with model AF-Q8NE28-F1-model_v4.pdb
INFO:2025-10-30 14:32:25,910:Computing HSC features for: Q8NE28, ENST00000371957, ../Ntranos_Rotation/ESM-SaProt/AF-Q8NE28-F1-model_v4.pdb.gz
INFO:2025-10-30 14:33:26,367:Successfully computed HSC for Q8NE28.
INFO:2025-10-30 14:33:26,367:Processing Q8NE31 with model AF-Q8NE31-F1-model_v4.pdb
ERROR:2025-10-30 14:33:26,511:No transcript record found for Q8NE31 in gnomAD.
INFO:2025-10-30 14:33:26,512:Processing Q8NE35 with model AF-Q8NE35-F1-model_v4.pdb
INFO:2025-10-30 14:33:26,619:Computing HSC features for: Q8NE35, ENST00000265997, ../Ntranos_Rotation/ESM-SaProt/AF-Q8NE35-F1-model_v4.pdb.gz
INFO:2025-10-30 14:34:48,787:Successfully computed HSC for Q8NE35.
INFO:2025-10-30 14:34:48,788:Processing Q8NE62 with model AF-Q8NE62-F1-model_v4.pdb
INFO:2025-10-30 14:34:48,903:Computing HSC features for: Q8NE62, ENST00000315251, ../Ntranos_Rotation/ESM-SaProt/AF-Q8NE62-F1-model_v4.pdb.gz
INFO:2025-10-30 14:36:18,389:Successfully computed HSC for Q8NE62.
INFO:2025-10-30 14:36:18,389:Processing Q8NE63 with model AF-Q8NE63-F1-model_v4.pdb
INFO:2025-10-30 14:36:18,516:Computing HSC features for: Q8NE63, ENST00000291823, ../Ntranos_Rotation/ESM-SaProt/AF-Q8NE63-F1-model_v4.pdb.gz
INFO:2025-10-30 14:37:27,106:Successfully computed HSC for Q8NE63.
INFO:2025-10-30 14:37:27,106:Processing Q8NE65 with model AF-Q8NE65-F1-model_v4.pdb
INFO:2025-10-30 14:37:27,170:Computing HSC features for: Q8NE65, ENST00000311015, ../Ntranos_Rotation/ESM-SaProt/AF-Q8NE65-F1-model_v4.pdb.gz
ERROR:2025-10-30 14:37:27,224:Missing ENST record in counts: ENST00000311015
INFO:2025-10-30 14:37:27,225:Processing Q8NE71 with model AF-Q8NE71-F1-model_v4.pdb
INFO:2025-10-30 14:37:27,568:Computing HSC features for: Q8NE71, ENST00000326195, ../Ntranos_Rotation/ESM-SaProt/AF-Q8NE71-F1-model_v4.pdb.gz
INFO:2025-10-30 14:38:41,666:Successfully computed HSC for Q8NE71.
INFO:2025-10-30 14:38:41,666:Processing Q8NE79 with model AF-Q8NE79-F1-model_v4.pdb
INFO:2025-10-30 14:38:41,948:Computing HSC features for: Q8NE79, ENST00000314641, ../Ntranos_Rotation/ESM-SaProt/AF-Q8NE79-F1-model_v4.pdb.gz
INFO:2025-10-30 14:39:09,929:Successfully computed HSC for Q8NE79.
INFO:2025-10-30 14:39:09,929:Processing Q8NE86 with model AF-Q8NE86-F1-model_v4.pdb
INFO:2025-10-30 14:39:10,011:Computing HSC features for: Q8NE86, ENST00000373053, ../Ntranos_Rotation/ESM-SaProt/AF-Q8NE86-F1-model_v4.pdb.gz
INFO:2025-10-30 14:39:42,640:Successfully computed HSC for Q8NE86.
INFO:2025-10-30 14:39:42,641:Processing Q8NEA4 with model AF-Q8NEA4-F1-model_v4.pdb
INFO:2025-10-30 14:39:42,688:Computing HSC features for: Q8NEA4, ENST00000283946, ../Ntranos_Rotation/ESM-SaProt/AF-Q8NEA4-F1-model_v4.pdb.gz
INFO:2025-10-30 14:39:58,930:Successfully computed HSC for Q8NEA4.
INFO:2025-10-30 14:39:58,930:Processing Q8NEA5 with model AF-Q8NEA5-F1-model_v4.pdb
INFO:2025-10-30 14:39:59,012:Computing HSC features for: Q8NEA5, ENST00000314391, ../Ntranos_Rotation/ESM-SaProt/AF-Q8NEA5-F1-model_v4.pdb.gz
INFO:2025-10-30 14:40:17,265:Successfully computed HSC for Q8NEA5.
INFO:2025-10-30 14:40:17,265:Processing Q8NEA6 with model AF-Q8NEA6-F1-model_v4.pdb
INFO:2025-10-30 14:40:17,436:Computing HSC features for: Q8NEA6, ENST00000324333, ../Ntranos_Rotation/ESM-SaProt/AF-Q8NEA6-F1-model_v4.pdb.gz
INFO:2025-10-30 14:41:39,366:Successfully computed HSC for Q8NEA6.
INFO:2025-10-30 14:41:39,366:Processing Q8NEA9 with model AF-Q8NEA9-F1-model_v4.pdb
ERROR:2025-10-30 14:41:39,521:No transcript record found for Q8NEA9 in gnomAD.
INFO:2025-10-30 14:41:39,522:Processing Q8NEB5 with model AF-Q8NEB5-F1-model_v4.pdb
INFO:2025-10-30 14:41:39,615:Computing HSC features for: Q8NEB5, ENST00000424479, ../Ntranos_Rotation/ESM-SaProt/AF-Q8NEB5-F1-model_v4.pdb.gz
INFO:2025-10-30 14:42:12,540:Successfully computed HSC for Q8NEB5.
INFO:2025-10-30 14:42:12,540:Processing Q8NEB7 with model AF-Q8NEB7-F1-model_v4.pdb
INFO:2025-10-30 14:42:12,670:Computing HSC features for: Q8NEB7, ENST00000229243, ../Ntranos_Rotation/ESM-SaProt/AF-Q8NEB7-F1-model_v4.pdb.gz
INFO:2025-10-30 14:42:59,171:Successfully computed HSC for Q8NEB7.
INFO:2025-10-30 14:42:59,171:Processing Q8NEB9 with model AF-Q8NEB9-F1-model_v4.pdb
INFO:2025-10-30 14:42:59,353:Computing HSC features for: Q8NEB9, ENST00000262039, ../Ntranos_Rotation/ESM-SaProt/AF-Q8NEB9-F1-model_v4.pdb.gz
INFO:2025-10-30 14:44:02,865:Successfully computed HSC for Q8NEB9.
INFO:2025-10-30 14:44:02,865:Processing Q8NEC5 with model AF-Q8NEC5-F1-model_v4.pdb
INFO:2025-10-30 14:44:02,986:Computing HSC features for: Q8NEC5, ENST00000312106, ../Ntranos_Rotation/ESM-SaProt/AF-Q8NEC5-F1-model_v4.pdb.gz
INFO:2025-10-30 14:45:19,937:Successfully computed HSC for Q8NEC5.
INFO:2025-10-30 14:45:19,937:Processing Q8NEC7 with model AF-Q8NEC7-F1-model_v4.pdb
INFO:2025-10-30 14:45:20,059:Computing HSC features for: Q8NEC7, ENST00000360505, ../Ntranos_Rotation/ESM-SaProt/AF-Q8NEC7-F1-model_v4.pdb.gz
INFO:2025-10-30 14:46:02,533:Successfully computed HSC for Q8NEC7.
INFO:2025-10-30 14:46:02,533:Processing Q8NEE0 with model AF-Q8NEE0-F1-model_v4.pdb
ERROR:2025-10-30 14:46:02,614:No ENST transcript IDs were mapped to Q8NEE0
INFO:2025-10-30 14:46:02,614:Processing Q8NEE6 with model AF-Q8NEE6-F1-model_v4.pdb
INFO:2025-10-30 14:46:02,766:Computing HSC features for: Q8NEE6, ENST00000313221, ../Ntranos_Rotation/ESM-SaProt/AF-Q8NEE6-F1-model_v4.pdb.gz
INFO:2025-10-30 14:46:54,280:Successfully computed HSC for Q8NEE6.
INFO:2025-10-30 14:46:54,281:Processing Q8NEE8 with model AF-Q8NEE8-F1-model_v4.pdb
INFO:2025-10-30 14:46:54,477:Computing HSC features for: Q8NEE8, ENST00000373289, ../Ntranos_Rotation/ESM-SaProt/AF-Q8NEE8-F1-model_v4.pdb.gz
INFO:2025-10-30 14:48:25,834:Successfully computed HSC for Q8NEE8.
INFO:2025-10-30 14:48:25,834:Processing Q8NEF3 with model AF-Q8NEF3-F1-model_v4.pdb
INFO:2025-10-30 14:48:25,919:Computing HSC features for: Q8NEF3, ENST00000395557, ../Ntranos_Rotation/ESM-SaProt/AF-Q8NEF3-F1-model_v4.pdb.gz
INFO:2025-10-30 14:48:53,548:Successfully computed HSC for Q8NEF3.
INFO:2025-10-30 14:48:53,548:Processing Q8NEF9 with model AF-Q8NEF9-F1-model_v4.pdb
INFO:2025-10-30 14:48:53,624:Computing HSC features for: Q8NEF9, ENST00000339397, ../Ntranos_Rotation/ESM-SaProt/AF-Q8NEF9-F1-model_v4.pdb.gz
INFO:2025-10-30 14:49:21,256:Successfully computed HSC for Q8NEF9.
INFO:2025-10-30 14:49:21,256:Processing Q8NEG0 with model AF-Q8NEG0-F1-model_v4.pdb
INFO:2025-10-30 14:49:21,331:Computing HSC features for: Q8NEG0, ENST00000324341, ../Ntranos_Rotation/ESM-SaProt/AF-Q8NEG0-F1-model_v4.pdb.gz
INFO:2025-10-30 14:49:45,331:Successfully computed HSC for Q8NEG0.
INFO:2025-10-30 14:49:45,331:Processing Q8NEG2 with model AF-Q8NEG2-F1-model_v4.pdb
INFO:2025-10-30 14:49:45,397:Computing HSC features for: Q8NEG2, ENST00000348904, ../Ntranos_Rotation/ESM-SaProt/AF-Q8NEG2-F1-model_v4.pdb.gz
INFO:2025-10-30 14:50:10,427:Successfully computed HSC for Q8NEG2.
INFO:2025-10-30 14:50:10,427:Processing Q8NEG4 with model AF-Q8NEG4-F1-model_v4.pdb
INFO:2025-10-30 14:50:10,538:Computing HSC features for: Q8NEG4, ENST00000333407, ../Ntranos_Rotation/ESM-SaProt/AF-Q8NEG4-F1-model_v4.pdb.gz
INFO:2025-10-30 14:51:11,847:Successfully computed HSC for Q8NEG4.
INFO:2025-10-30 14:51:11,847:Processing Q8NEG5 with model AF-Q8NEG5-F1-model_v4.pdb
INFO:2025-10-30 14:51:11,972:Computing HSC features for: Q8NEG5, ENST00000295131, ../Ntranos_Rotation/ESM-SaProt/AF-Q8NEG5-F1-model_v4.pdb.gz
INFO:2025-10-30 14:52:03,546:Successfully computed HSC for Q8NEG5.
INFO:2025-10-30 14:52:03,546:Processing Q8NEG7 with model AF-Q8NEG7-F1-model_v4.pdb
INFO:2025-10-30 14:52:03,669:Computing HSC features for: Q8NEG7, ENST00000413817, ../Ntranos_Rotation/ESM-SaProt/AF-Q8NEG7-F1-model_v4.pdb.gz
INFO:2025-10-30 14:53:06,616:Successfully computed HSC for Q8NEG7.
INFO:2025-10-30 14:53:06,616:Processing Q8NEH6 with model AF-Q8NEH6-F1-model_v4.pdb
INFO:2025-10-30 14:53:06,727:Computing HSC features for: Q8NEH6, ENST00000260453, ../Ntranos_Rotation/ESM-SaProt/AF-Q8NEH6-F1-model_v4.pdb.gz
INFO:2025-10-30 14:53:47,966:Successfully computed HSC for Q8NEH6.
INFO:2025-10-30 14:53:47,967:Processing Q8NEJ0 with model AF-Q8NEJ0-F1-model_v4.pdb
INFO:2025-10-30 14:53:48,048:Computing HSC features for: Q8NEJ0, ENST00000334679, ../Ntranos_Rotation/ESM-SaProt/AF-Q8NEJ0-F1-model_v4.pdb.gz
INFO:2025-10-30 14:54:06,238:Successfully computed HSC for Q8NEJ0.
INFO:2025-10-30 14:54:06,239:Processing Q8NEJ9 with model AF-Q8NEJ9-F1-model_v4.pdb
INFO:2025-10-30 14:54:06,324:Computing HSC features for: Q8NEJ9, ENST00000408901, ../Ntranos_Rotation/ESM-SaProt/AF-Q8NEJ9-F1-model_v4.pdb.gz
INFO:2025-10-30 14:54:32,853:Successfully computed HSC for Q8NEJ9.
INFO:2025-10-30 14:54:32,854:Processing Q8NEK5 with model AF-Q8NEK5-F1-model_v4.pdb
INFO:2025-10-30 14:54:33,244:Computing HSC features for: Q8NEK5, ENST00000366197, ../Ntranos_Rotation/ESM-SaProt/AF-Q8NEK5-F1-model_v4.pdb.gz
INFO:2025-10-30 14:55:15,606:Successfully computed HSC for Q8NEK5.
INFO:2025-10-30 14:55:15,607:Processing Q8NEK8 with model AF-Q8NEK8-F1-model_v4.pdb
INFO:2025-10-30 14:55:15,672:Computing HSC features for: Q8NEK8, ENST00000308293, ../Ntranos_Rotation/ESM-SaProt/AF-Q8NEK8-F1-model_v4.pdb.gz
INFO:2025-10-30 14:55:42,628:Successfully computed HSC for Q8NEK8.
INFO:2025-10-30 14:55:42,628:Processing Q8NEL0 with model AF-Q8NEL0-F1-model_v4.pdb
INFO:2025-10-30 14:55:42,685:Computing HSC features for: Q8NEL0, ENST00000261058, ../Ntranos_Rotation/ESM-SaProt/AF-Q8NEL0-F1-model_v4.pdb.gz
INFO:2025-10-30 14:56:05,151:Successfully computed HSC for Q8NEL0.
INFO:2025-10-30 14:56:05,151:Processing Q8NDA2 with model AF-Q8NDA2-F17-model_v4.pdb
ERROR:2025-10-30 14:56:05,343:No valid CDS found for Q8NDA2
INFO:2025-10-30 14:56:05,343:Processing Q8NDA8 with model AF-Q8NDA8-F1-model_v4.pdb
INFO:2025-10-30 14:56:05,620:Computing HSC features for: Q8NDA8, ENST00000326134, ../Ntranos_Rotation/ESM-SaProt/AF-Q8NDA8-F1-model_v4.pdb.gz
INFO:2025-10-30 14:58:57,957:Successfully computed HSC for Q8NDA8.
INFO:2025-10-30 14:58:57,957:Processing Q8NDB2 with model AF-Q8NDB2-F1-model_v4.pdb
INFO:2025-10-30 14:58:58,116:Computing HSC features for: Q8NDB2, ENST00000322953, ../Ntranos_Rotation/ESM-SaProt/AF-Q8NDB2-F1-model_v4.pdb.gz
INFO:2025-10-30 15:00:31,868:Successfully computed HSC for Q8NDB2.
INFO:2025-10-30 15:00:31,869:Processing Q8NDB6 with model AF-Q8NDB6-F1-model_v4.pdb
INFO:2025-10-30 15:00:31,936:Computing HSC features for: Q8NDB6, ENST00000416841, ../Ntranos_Rotation/ESM-SaProt/AF-Q8NDB6-F1-model_v4.pdb.gz
ERROR:2025-10-30 15:00:32,025:Missing ENST record in counts: ENST00000416841
INFO:2025-10-30 15:00:32,025:Processing Q8NDC0 with model AF-Q8NDC0-F1-model_v4.pdb
INFO:2025-10-30 15:00:32,096:Computing HSC features for: Q8NDC0, ENST00000395468, ../Ntranos_Rotation/ESM-SaProt/AF-Q8NDC0-F1-model_v4.pdb.gz
INFO:2025-10-30 15:01:02,772:Successfully computed HSC for Q8NDC0.
INFO:2025-10-30 15:01:02,772:Processing Q8NDC4 with model AF-Q8NDC4-F1-model_v4.pdb
INFO:2025-10-30 15:01:02,821:Computing HSC features for: Q8NDC4, ENST00000307450, ../Ntranos_Rotation/ESM-SaProt/AF-Q8NDC4-F1-model_v4.pdb.gz
INFO:2025-10-30 15:01:15,778:Successfully computed HSC for Q8NDC4.
INFO:2025-10-30 15:01:15,778:Processing Q8NDD1 with model AF-Q8NDD1-F1-model_v4.pdb
INFO:2025-10-30 15:01:15,835:Computing HSC features for: Q8NDD1, ENST00000366649, ../Ntranos_Rotation/ESM-SaProt/AF-Q8NDD1-F1-model_v4.pdb.gz
INFO:2025-10-30 15:01:38,226:Successfully computed HSC for Q8NDD1.
INFO:2025-10-30 15:01:38,226:Processing Q8NDF8 with model AF-Q8NDF8-F1-model_v4.pdb
ERROR:2025-10-30 15:01:38,346:No valid CDS found for Q8NDF8
INFO:2025-10-30 15:01:38,346:Processing Q8NDG6 with model AF-Q8NDG6-F1-model_v4.pdb
INFO:2025-10-30 15:01:38,542:Computing HSC features for: Q8NDG6, ENST00000409874, ../Ntranos_Rotation/ESM-SaProt/AF-Q8NDG6-F1-model_v4.pdb.gz
INFO:2025-10-30 15:03:39,256:Successfully computed HSC for Q8NDG6.
INFO:2025-10-30 15:03:39,256:Processing Q8NDH2 with model AF-Q8NDH2-F1-model_v4.pdb
ERROR:2025-10-30 15:03:39,534:No valid CDS found for Q8NDH2
INFO:2025-10-30 15:03:39,534:Processing Q8NDH3 with model AF-Q8NDH3-F1-model_v4.pdb
INFO:2025-10-30 15:03:39,654:Computing HSC features for: Q8NDH3, ENST00000356091, ../Ntranos_Rotation/ESM-SaProt/AF-Q8NDH3-F1-model_v4.pdb.gz
INFO:2025-10-30 15:04:38,790:Successfully computed HSC for Q8NDH3.
INFO:2025-10-30 15:04:38,790:Processing Q8NDH6 with model AF-Q8NDH6-F1-model_v4.pdb
INFO:2025-10-30 15:04:38,902:Computing HSC features for: Q8NDH6, ENST00000358299, ../Ntranos_Rotation/ESM-SaProt/AF-Q8NDH6-F1-model_v4.pdb.gz
INFO:2025-10-30 15:05:14,205:Successfully computed HSC for Q8NDH6.
INFO:2025-10-30 15:05:14,205:Pipeline completed.
INFO:2025-10-30 15:05:14,205:no_enst_for_uniprot: 1
INFO:2025-10-30 15:05:14,205:no_valid_cds: 3
INFO:2025-10-30 15:05:14,205:no_variant_data: 2
INFO:2025-10-30 15:05:14,205:bad_structure: 0
INFO:2025-10-30 15:05:14,205:no_enst_mp: 2
