INFO:2025-10-30 14:26:02,777:Starting HSC computation pipeline...
INFO:2025-10-30 14:26:59,587:Processing Q7Z392 with model AF-Q7Z392-F1-model_v4.pdb
INFO:2025-10-30 14:26:59,819:Computing HSC features for: Q7Z392, ENST00000334690, ../Ntranos_Rotation/ESM-SaProt/AF-Q7Z392-F1-model_v4.pdb.gz
INFO:2025-10-30 14:29:14,387:Successfully computed HSC for Q7Z392.
INFO:2025-10-30 14:29:14,387:Processing Q7Z398 with model AF-Q7Z398-F1-model_v4.pdb
ERROR:2025-10-30 14:29:14,484:No transcript record found for Q7Z398 in gnomAD.
INFO:2025-10-30 14:29:14,484:Processing Q7Z3B0 with model AF-Q7Z3B0-F1-model_v4.pdb
INFO:2025-10-30 14:29:14,522:Computing HSC features for: Q7Z3B0, ENST00000339020, ../Ntranos_Rotation/ESM-SaProt/AF-Q7Z3B0-F1-model_v4.pdb.gz
INFO:2025-10-30 14:29:22,283:Successfully computed HSC for Q7Z3B0.
INFO:2025-10-30 14:29:22,283:Processing Q7Z3B1 with model AF-Q7Z3B1-F1-model_v4.pdb
INFO:2025-10-30 14:29:22,388:Computing HSC features for: Q7Z3B1, ENST00000357731, ../Ntranos_Rotation/ESM-SaProt/AF-Q7Z3B1-F1-model_v4.pdb.gz
INFO:2025-10-30 14:30:06,179:Successfully computed HSC for Q7Z3B1.
INFO:2025-10-30 14:30:06,179:Processing Q7Z3B3 with model AF-Q7Z3B3-F1-model_v4.pdb
INFO:2025-10-30 14:30:06,459:Computing HSC features for: Q7Z3B3, ENST00000262419, ../Ntranos_Rotation/ESM-SaProt/AF-Q7Z3B3-F1-model_v4.pdb.gz
INFO:2025-10-30 14:32:21,987:Successfully computed HSC for Q7Z3B3.
INFO:2025-10-30 14:32:21,987:Processing Q7Z3B4 with model AF-Q7Z3B4-F1-model_v4.pdb
INFO:2025-10-30 14:32:22,154:Computing HSC features for: Q7Z3B4, ENST00000264883, ../Ntranos_Rotation/ESM-SaProt/AF-Q7Z3B4-F1-model_v4.pdb.gz
INFO:2025-10-30 14:33:14,298:Successfully computed HSC for Q7Z3B4.
INFO:2025-10-30 14:33:14,299:Processing Q7Z3C6 with model AF-Q7Z3C6-F1-model_v4.pdb
INFO:2025-10-30 14:33:14,558:Computing HSC features for: Q7Z3C6, ENST00000361242, ../Ntranos_Rotation/ESM-SaProt/AF-Q7Z3C6-F1-model_v4.pdb.gz
INFO:2025-10-30 14:35:06,399:Successfully computed HSC for Q7Z3C6.
INFO:2025-10-30 14:35:06,399:Processing Q7Z3D4 with model AF-Q7Z3D4-F1-model_v4.pdb
INFO:2025-10-30 14:35:06,484:Computing HSC features for: Q7Z3D4, ENST00000315948, ../Ntranos_Rotation/ESM-SaProt/AF-Q7Z3D4-F1-model_v4.pdb.gz
INFO:2025-10-30 14:35:36,556:Successfully computed HSC for Q7Z3D4.
INFO:2025-10-30 14:35:36,556:Processing Q7Z3D6 with model AF-Q7Z3D6-F1-model_v4.pdb
INFO:2025-10-30 14:35:36,653:Computing HSC features for: Q7Z3D6, ENST00000428926, ../Ntranos_Rotation/ESM-SaProt/AF-Q7Z3D6-F1-model_v4.pdb.gz
INFO:2025-10-30 14:36:53,501:Successfully computed HSC for Q7Z3D6.
INFO:2025-10-30 14:36:53,501:Processing Q7Z3E1 with model AF-Q7Z3E1-F1-model_v4.pdb
INFO:2025-10-30 14:36:53,655:Computing HSC features for: Q7Z3E1, ENST00000295924, ../Ntranos_Rotation/ESM-SaProt/AF-Q7Z3E1-F1-model_v4.pdb.gz
INFO:2025-10-30 14:37:56,434:Successfully computed HSC for Q7Z3E1.
INFO:2025-10-30 14:37:56,434:Processing Q7Z3E2 with model AF-Q7Z3E2-F1-model_v4.pdb
INFO:2025-10-30 14:37:56,645:Computing HSC features for: Q7Z3E2, ENST00000369287, ../Ntranos_Rotation/ESM-SaProt/AF-Q7Z3E2-F1-model_v4.pdb.gz
INFO:2025-10-30 14:39:20,946:Successfully computed HSC for Q7Z3E2.
INFO:2025-10-30 14:39:20,946:Processing Q7Z3E5 with model AF-Q7Z3E5-F1-model_v4.pdb
ERROR:2025-10-30 14:39:21,056:No transcript record found for Q7Z3E5 in gnomAD.
INFO:2025-10-30 14:39:21,056:Processing Q7Z3F1 with model AF-Q7Z3F1-F1-model_v4.pdb
INFO:2025-10-30 14:39:21,181:Computing HSC features for: Q7Z3F1, ENST00000295500, ../Ntranos_Rotation/ESM-SaProt/AF-Q7Z3F1-F1-model_v4.pdb.gz
INFO:2025-10-30 14:40:42,317:Successfully computed HSC for Q7Z3F1.
INFO:2025-10-30 14:40:42,317:Processing Q7Z3G6 with model AF-Q7Z3G6-F1-model_v4.pdb
INFO:2025-10-30 14:40:42,437:Computing HSC features for: Q7Z3G6, ENST00000564377, ../Ntranos_Rotation/ESM-SaProt/AF-Q7Z3G6-F1-model_v4.pdb.gz
INFO:2025-10-30 14:42:31,212:Successfully computed HSC for Q7Z3G6.
INFO:2025-10-30 14:42:31,212:Processing Q7Z3H0 with model AF-Q7Z3H0-F1-model_v4.pdb
INFO:2025-10-30 14:42:31,343:Computing HSC features for: Q7Z3H0, ENST00000301190, ../Ntranos_Rotation/ESM-SaProt/AF-Q7Z3H0-F1-model_v4.pdb.gz
INFO:2025-10-30 14:43:29,644:Successfully computed HSC for Q7Z3H0.
INFO:2025-10-30 14:43:29,644:Processing Q7Z3H4 with model AF-Q7Z3H4-F1-model_v4.pdb
INFO:2025-10-30 14:43:29,722:Computing HSC features for: Q7Z3H4, ENST00000335556, ../Ntranos_Rotation/ESM-SaProt/AF-Q7Z3H4-F1-model_v4.pdb.gz
INFO:2025-10-30 14:44:15,214:Successfully computed HSC for Q7Z3H4.
INFO:2025-10-30 14:44:15,214:Processing Q7Z3I7 with model AF-Q7Z3I7-F1-model_v4.pdb
INFO:2025-10-30 14:44:15,343:Computing HSC features for: Q7Z3I7, ENST00000319286, ../Ntranos_Rotation/ESM-SaProt/AF-Q7Z3I7-F1-model_v4.pdb.gz
INFO:2025-10-30 14:45:30,607:Successfully computed HSC for Q7Z3I7.
INFO:2025-10-30 14:45:30,607:Processing Q7Z3J2 with model AF-Q7Z3J2-F1-model_v4.pdb
INFO:2025-10-30 14:45:30,822:Computing HSC features for: Q7Z3J2, ENST00000417362, ../Ntranos_Rotation/ESM-SaProt/AF-Q7Z3J2-F1-model_v4.pdb.gz
INFO:2025-10-30 14:47:52,709:Successfully computed HSC for Q7Z3J2.
INFO:2025-10-30 14:47:52,709:Processing Q7Z3J3 with model AF-Q7Z3J3-F1-model_v4.pdb
INFO:2025-10-30 14:47:52,924:Computing HSC features for: Q7Z3J3, ENST00000408999, ../Ntranos_Rotation/ESM-SaProt/AF-Q7Z3J3-F1-model_v4.pdb.gz
INFO:2025-10-30 14:51:02,966:Successfully computed HSC for Q7Z3J3.
INFO:2025-10-30 14:51:02,966:Processing Q7Z3K3 with model AF-Q7Z3K3-F1-model_v4.pdb
INFO:2025-10-30 14:51:03,309:Computing HSC features for: Q7Z3K3, ENST00000271715, ../Ntranos_Rotation/ESM-SaProt/AF-Q7Z3K3-F1-model_v4.pdb.gz
INFO:2025-10-30 14:53:56,083:Successfully computed HSC for Q7Z3K3.
INFO:2025-10-30 14:53:56,083:Processing Q7Z3K6 with model AF-Q7Z3K6-F1-model_v4.pdb
INFO:2025-10-30 14:53:56,211:Computing HSC features for: Q7Z3K6, ENST00000381199, ../Ntranos_Rotation/ESM-SaProt/AF-Q7Z3K6-F1-model_v4.pdb.gz
INFO:2025-10-30 14:55:42,457:Successfully computed HSC for Q7Z3K6.
INFO:2025-10-30 14:55:42,457:Processing Q7Z3Q1 with model AF-Q7Z3Q1-F1-model_v4.pdb
INFO:2025-10-30 14:55:42,596:Computing HSC features for: Q7Z3Q1, ENST00000266943, ../Ntranos_Rotation/ESM-SaProt/AF-Q7Z3Q1-F1-model_v4.pdb.gz
INFO:2025-10-30 14:56:41,846:Successfully computed HSC for Q7Z3Q1.
INFO:2025-10-30 14:56:41,847:Processing Q7Z3S7 with model AF-Q7Z3S7-F1-model_v4.pdb
INFO:2025-10-30 14:56:42,284:Computing HSC features for: Q7Z3S7, ENST00000382722, ../Ntranos_Rotation/ESM-SaProt/AF-Q7Z3S7-F1-model_v4.pdb.gz
INFO:2025-10-30 14:59:34,012:Successfully computed HSC for Q7Z3S7.
INFO:2025-10-30 14:59:34,013:Processing Q7Z3S9 with model AF-Q7Z3S9-F1-model_v4.pdb
ERROR:2025-10-30 14:59:34,056:No transcript record found for Q7Z3S9 in gnomAD.
INFO:2025-10-30 14:59:34,056:Processing Q7Z3T1 with model AF-Q7Z3T1-F1-model_v4.pdb
INFO:2025-10-30 14:59:34,196:Computing HSC features for: Q7Z3T1, ENST00000360358, ../Ntranos_Rotation/ESM-SaProt/AF-Q7Z3T1-F1-model_v4.pdb.gz
INFO:2025-10-30 15:00:54,618:Successfully computed HSC for Q7Z3T1.
INFO:2025-10-30 15:00:54,618:Processing Q7Z3T8 with model AF-Q7Z3T8-F1-model_v4.pdb
INFO:2025-10-30 15:00:55,025:Computing HSC features for: Q7Z3T8, ENST00000338008, ../Ntranos_Rotation/ESM-SaProt/AF-Q7Z3T8-F1-model_v4.pdb.gz
INFO:2025-10-30 15:05:44,156:Successfully computed HSC for Q7Z3T8.
INFO:2025-10-30 15:05:44,157:Processing Q7Z3U7 with model AF-Q7Z3U7-F1-model_v4.pdb
INFO:2025-10-30 15:05:44,569:Computing HSC features for: Q7Z3U7, ENST00000393630, ../Ntranos_Rotation/ESM-SaProt/AF-Q7Z3U7-F1-model_v4.pdb.gz
INFO:2025-10-30 15:08:58,894:Successfully computed HSC for Q7Z3U7.
INFO:2025-10-30 15:08:58,894:Processing Q7Z3V4 with model AF-Q7Z3V4-F1-model_v4.pdb
INFO:2025-10-30 15:08:59,037:Computing HSC features for: Q7Z3V4, ENST00000342494, ../Ntranos_Rotation/ESM-SaProt/AF-Q7Z3V4-F1-model_v4.pdb.gz
INFO:2025-10-30 15:13:38,235:Successfully computed HSC for Q7Z3V4.
INFO:2025-10-30 15:13:38,235:Processing Q7Z3V5 with model AF-Q7Z3V5-F1-model_v4.pdb
INFO:2025-10-30 15:13:38,380:Computing HSC features for: Q7Z3V5, ENST00000358744, ../Ntranos_Rotation/ESM-SaProt/AF-Q7Z3V5-F1-model_v4.pdb.gz
INFO:2025-10-30 15:14:50,963:Successfully computed HSC for Q7Z3V5.
INFO:2025-10-30 15:14:50,963:Processing Q7Z3Y7 with model AF-Q7Z3Y7-F1-model_v4.pdb
INFO:2025-10-30 15:14:51,052:Computing HSC features for: Q7Z3Y7, ENST00000306658, ../Ntranos_Rotation/ESM-SaProt/AF-Q7Z3Y7-F1-model_v4.pdb.gz
INFO:2025-10-30 15:15:51,801:Successfully computed HSC for Q7Z3Y7.
INFO:2025-10-30 15:15:51,801:Processing Q7Z3Y8 with model AF-Q7Z3Y8-F1-model_v4.pdb
INFO:2025-10-30 15:15:51,913:Computing HSC features for: Q7Z3Y8, ENST00000301656, ../Ntranos_Rotation/ESM-SaProt/AF-Q7Z3Y8-F1-model_v4.pdb.gz
INFO:2025-10-30 15:16:48,059:Successfully computed HSC for Q7Z3Y8.
INFO:2025-10-30 15:16:48,059:Processing Q7Z3Y9 with model AF-Q7Z3Y9-F1-model_v4.pdb
INFO:2025-10-30 15:16:48,149:Computing HSC features for: Q7Z3Y9, ENST00000335552, ../Ntranos_Rotation/ESM-SaProt/AF-Q7Z3Y9-F1-model_v4.pdb.gz
INFO:2025-10-30 15:17:42,075:Successfully computed HSC for Q7Z3Y9.
INFO:2025-10-30 15:17:42,075:Processing Q7Z3Z0 with model AF-Q7Z3Z0-F1-model_v4.pdb
INFO:2025-10-30 15:17:42,291:Computing HSC features for: Q7Z3Z0, ENST00000312150, ../Ntranos_Rotation/ESM-SaProt/AF-Q7Z3Z0-F1-model_v4.pdb.gz
INFO:2025-10-30 15:19:01,128:Successfully computed HSC for Q7Z3Z0.
INFO:2025-10-30 15:19:01,128:Processing Q7Z3Z2 with model AF-Q7Z3Z2-F1-model_v4.pdb
INFO:2025-10-30 15:19:01,222:Computing HSC features for: Q7Z3Z2, ENST00000367002, ../Ntranos_Rotation/ESM-SaProt/AF-Q7Z3Z2-F1-model_v4.pdb.gz
INFO:2025-10-30 15:19:57,369:Successfully computed HSC for Q7Z3Z2.
INFO:2025-10-30 15:19:57,369:Processing Q7Z3Z3 with model AF-Q7Z3Z3-F1-model_v4.pdb
INFO:2025-10-30 15:19:57,578:Computing HSC features for: Q7Z3Z3, ENST00000332271, ../Ntranos_Rotation/ESM-SaProt/AF-Q7Z3Z3-F1-model_v4.pdb.gz
INFO:2025-10-30 15:21:32,688:Successfully computed HSC for Q7Z3Z3.
INFO:2025-10-30 15:21:32,688:Processing Q7Z3Z4 with model AF-Q7Z3Z4-F1-model_v4.pdb
INFO:2025-10-30 15:21:32,931:Computing HSC features for: Q7Z3Z4, ENST00000299001, ../Ntranos_Rotation/ESM-SaProt/AF-Q7Z3Z4-F1-model_v4.pdb.gz
INFO:2025-10-30 15:23:16,558:Successfully computed HSC for Q7Z3Z4.
INFO:2025-10-30 15:23:16,558:Processing Q7Z401 with model AF-Q7Z401-F1-model_v4.pdb
INFO:2025-10-30 15:23:16,833:Computing HSC features for: Q7Z401, ENST00000431932, ../Ntranos_Rotation/ESM-SaProt/AF-Q7Z401-F1-model_v4.pdb.gz
INFO:2025-10-30 15:27:44,463:Successfully computed HSC for Q7Z401.
INFO:2025-10-30 15:27:44,463:Processing Q7Z402 with model AF-Q7Z402-F1-model_v4.pdb
INFO:2025-10-30 15:27:44,648:Computing HSC features for: Q7Z402, ENST00000304381, ../Ntranos_Rotation/ESM-SaProt/AF-Q7Z402-F1-model_v4.pdb.gz
INFO:2025-10-30 15:29:25,905:Successfully computed HSC for Q7Z402.
INFO:2025-10-30 15:29:25,905:Processing Q7Z403 with model AF-Q7Z403-F1-model_v4.pdb
ERROR:2025-10-30 15:29:26,094:No transcript record found for Q7Z403 in gnomAD.
INFO:2025-10-30 15:29:26,094:Processing Q7Z404 with model AF-Q7Z404-F1-model_v4.pdb
ERROR:2025-10-30 15:29:26,276:No transcript record found for Q7Z404 in gnomAD.
INFO:2025-10-30 15:29:26,276:Processing Q7Z406 with model AF-Q7Z406-F1-model_v4.pdb
INFO:2025-10-30 15:29:26,736:Computing HSC features for: Q7Z406, ENST00000376970, ../Ntranos_Rotation/ESM-SaProt/AF-Q7Z406-F1-model_v4.pdb.gz
INFO:2025-10-30 15:34:14,750:Successfully computed HSC for Q7Z406.
INFO:2025-10-30 15:34:14,751:Processing Q7Z407 with model AF-Q7Z407-F1-model_v4.pdb
ERROR:2025-10-30 15:34:15,041:No valid CDS found for Q7Z407
INFO:2025-10-30 15:34:15,041:Processing Q7Z408 with model AF-Q7Z408-F1-model_v4.pdb
ERROR:2025-10-30 15:34:15,345:No valid CDS found for Q7Z408
INFO:2025-10-30 15:34:15,345:Processing Q7Z410 with model AF-Q7Z410-F1-model_v4.pdb
ERROR:2025-10-30 15:34:15,571:No transcript record found for Q7Z410 in gnomAD.
INFO:2025-10-30 15:34:15,571:Processing Q7Z412 with model AF-Q7Z412-F1-model_v4.pdb
INFO:2025-10-30 15:34:15,658:Computing HSC features for: Q7Z412, ENST00000329627, ../Ntranos_Rotation/ESM-SaProt/AF-Q7Z412-F1-model_v4.pdb.gz
INFO:2025-10-30 15:35:03,590:Successfully computed HSC for Q7Z412.
INFO:2025-10-30 15:35:03,591:Processing Q7Z417 with model AF-Q7Z417-F1-model_v4.pdb
INFO:2025-10-30 15:35:03,704:Computing HSC features for: Q7Z417, ENST00000225388, ../Ntranos_Rotation/ESM-SaProt/AF-Q7Z417-F1-model_v4.pdb.gz
INFO:2025-10-30 15:36:10,696:Successfully computed HSC for Q7Z417.
INFO:2025-10-30 15:36:10,697:Processing Q7Z418 with model AF-Q7Z418-F1-model_v4.pdb
INFO:2025-10-30 15:36:10,828:Computing HSC features for: Q7Z418, ENST00000334549, ../Ntranos_Rotation/ESM-SaProt/AF-Q7Z418-F1-model_v4.pdb.gz
INFO:2025-10-30 15:36:49,546:Successfully computed HSC for Q7Z418.
INFO:2025-10-30 15:36:49,547:Processing Q7Z419 with model AF-Q7Z419-F1-model_v4.pdb
INFO:2025-10-30 15:36:49,790:Computing HSC features for: Q7Z419, ENST00000259939, ../Ntranos_Rotation/ESM-SaProt/AF-Q7Z419-F1-model_v4.pdb.gz
INFO:2025-10-30 15:37:35,891:Successfully computed HSC for Q7Z419.
INFO:2025-10-30 15:37:35,891:Processing Q7Z422 with model AF-Q7Z422-F1-model_v4.pdb
ERROR:2025-10-30 15:37:35,959:No transcript record found for Q7Z422 in gnomAD.
INFO:2025-10-30 15:37:35,959:Processing Q7Z429 with model AF-Q7Z429-F1-model_v4.pdb
INFO:2025-10-30 15:37:36,063:Computing HSC features for: Q7Z429, ENST00000313269, ../Ntranos_Rotation/ESM-SaProt/AF-Q7Z429-F1-model_v4.pdb.gz
INFO:2025-10-30 15:38:24,688:Successfully computed HSC for Q7Z429.
INFO:2025-10-30 15:38:24,688:Pipeline completed.
INFO:2025-10-30 15:38:24,688:no_enst_for_uniprot: 0
INFO:2025-10-30 15:38:24,688:no_valid_cds: 2
INFO:2025-10-30 15:38:24,688:no_variant_data: 7
INFO:2025-10-30 15:38:24,688:bad_structure: 0
INFO:2025-10-30 15:38:24,688:no_enst_mp: 0
