INFO:2025-10-30 14:25:03,864:Starting HSC computation pipeline...
INFO:2025-10-30 14:26:14,862:Processing Q14203 with model AF-Q14203-F1-model_v4.pdb
ERROR:2025-10-30 14:26:15,098:No transcript record found for Q14203 in gnomAD.
INFO:2025-10-30 14:26:15,098:Processing Q14204 with model AF-Q14204-F1-model_v4.pdb
ERROR:2025-10-30 14:26:15,383:No valid CDS found for Q14204
INFO:2025-10-30 14:26:15,383:Processing Q14206 with model AF-Q14206-F1-model_v4.pdb
INFO:2025-10-30 14:26:15,439:Computing HSC features for: Q14206, ENST00000330430, ../Ntranos_Rotation/ESM-SaProt/AF-Q14206-F1-model_v4.pdb.gz
INFO:2025-10-30 14:26:38,615:Successfully computed HSC for Q14206.
INFO:2025-10-30 14:26:38,615:Processing Q14207 with model AF-Q14207-F1-model_v4.pdb
INFO:2025-10-30 14:26:38,868:Computing HSC features for: Q14207, ENST00000278612, ../Ntranos_Rotation/ESM-SaProt/AF-Q14207-F1-model_v4.pdb.gz
INFO:2025-10-30 14:28:20,623:Successfully computed HSC for Q14207.
INFO:2025-10-30 14:28:20,623:Processing Q14209 with model AF-Q14209-F1-model_v4.pdb
INFO:2025-10-30 14:28:20,717:Computing HSC features for: Q14209, ENST00000361729, ../Ntranos_Rotation/ESM-SaProt/AF-Q14209-F1-model_v4.pdb.gz
INFO:2025-10-30 14:29:02,461:Successfully computed HSC for Q14209.
INFO:2025-10-30 14:29:02,462:Processing Q14210 with model AF-Q14210-F1-model_v4.pdb
INFO:2025-10-30 14:29:02,538:Computing HSC features for: Q14210, ENST00000301263, ../Ntranos_Rotation/ESM-SaProt/AF-Q14210-F1-model_v4.pdb.gz
INFO:2025-10-30 14:29:14,541:Successfully computed HSC for Q14210.
INFO:2025-10-30 14:29:14,541:Processing Q14213 with model AF-Q14213-F1-model_v4.pdb
INFO:2025-10-30 14:29:14,659:Computing HSC features for: Q14213, ENST00000221847, ../Ntranos_Rotation/ESM-SaProt/AF-Q14213-F1-model_v4.pdb.gz
INFO:2025-10-30 14:29:41,792:Successfully computed HSC for Q14213.
INFO:2025-10-30 14:29:41,793:Processing Q14232 with model AF-Q14232-F1-model_v4.pdb
INFO:2025-10-30 14:29:41,893:Computing HSC features for: Q14232, ENST00000424014, ../Ntranos_Rotation/ESM-SaProt/AF-Q14232-F1-model_v4.pdb.gz
INFO:2025-10-30 14:30:06,914:Successfully computed HSC for Q14232.
INFO:2025-10-30 14:30:06,914:Processing Q14236 with model AF-Q14236-F1-model_v4.pdb
ERROR:2025-10-30 14:30:06,992:No ENST transcript IDs were mapped to Q14236
INFO:2025-10-30 14:30:06,992:Processing Q14240 with model AF-Q14240-F1-model_v4.pdb
INFO:2025-10-30 14:30:07,106:Computing HSC features for: Q14240, ENST00000323963, ../Ntranos_Rotation/ESM-SaProt/AF-Q14240-F1-model_v4.pdb.gz
INFO:2025-10-30 14:30:37,758:Successfully computed HSC for Q14240.
INFO:2025-10-30 14:30:37,758:Processing Q14241 with model AF-Q14241-F1-model_v4.pdb
ERROR:2025-10-30 14:30:37,970:No transcript record found for Q14241 in gnomAD.
INFO:2025-10-30 14:30:37,970:Processing Q14242 with model AF-Q14242-F1-model_v4.pdb
INFO:2025-10-30 14:30:38,054:Computing HSC features for: Q14242, ENST00000550948, ../Ntranos_Rotation/ESM-SaProt/AF-Q14242-F1-model_v4.pdb.gz
INFO:2025-10-30 14:31:17,188:Successfully computed HSC for Q14242.
INFO:2025-10-30 14:31:17,189:Processing Q14244 with model AF-Q14244-F1-model_v4.pdb
INFO:2025-10-30 14:31:17,369:Computing HSC features for: Q14244, ENST00000354570, ../Ntranos_Rotation/ESM-SaProt/AF-Q14244-F1-model_v4.pdb.gz
INFO:2025-10-30 14:32:27,932:Successfully computed HSC for Q14244.
INFO:2025-10-30 14:32:27,933:Processing Q14246 with model AF-Q14246-F1-model_v4.pdb
INFO:2025-10-30 14:32:28,057:Computing HSC features for: Q14246, ENST00000312053, ../Ntranos_Rotation/ESM-SaProt/AF-Q14246-F1-model_v4.pdb.gz
INFO:2025-10-30 14:33:37,526:Successfully computed HSC for Q14246.
INFO:2025-10-30 14:33:37,526:Processing Q14247 with model AF-Q14247-F1-model_v4.pdb
INFO:2025-10-30 14:33:37,653:Computing HSC features for: Q14247, ENST00000301843, ../Ntranos_Rotation/ESM-SaProt/AF-Q14247-F1-model_v4.pdb.gz
INFO:2025-10-30 14:34:34,371:Successfully computed HSC for Q14247.
INFO:2025-10-30 14:34:34,371:Processing Q14249 with model AF-Q14249-F1-model_v4.pdb
INFO:2025-10-30 14:34:34,460:Computing HSC features for: Q14249, ENST00000372642, ../Ntranos_Rotation/ESM-SaProt/AF-Q14249-F1-model_v4.pdb.gz
INFO:2025-10-30 14:35:25,974:Successfully computed HSC for Q14249.
INFO:2025-10-30 14:35:25,975:Processing Q14254 with model AF-Q14254-F1-model_v4.pdb
INFO:2025-10-30 14:35:26,153:Computing HSC features for: Q14254, ENST00000394908, ../Ntranos_Rotation/ESM-SaProt/AF-Q14254-F1-model_v4.pdb.gz
INFO:2025-10-30 14:36:23,201:Successfully computed HSC for Q14254.
INFO:2025-10-30 14:36:23,201:Processing Q14257 with model AF-Q14257-F1-model_v4.pdb
INFO:2025-10-30 14:36:23,295:Computing HSC features for: Q14257, ENST00000394885, ../Ntranos_Rotation/ESM-SaProt/AF-Q14257-F1-model_v4.pdb.gz
INFO:2025-10-30 14:36:55,841:Successfully computed HSC for Q14257.
INFO:2025-10-30 14:36:55,841:Processing Q14258 with model AF-Q14258-F1-model_v4.pdb
INFO:2025-10-30 14:36:56,005:Computing HSC features for: Q14258, ENST00000316881, ../Ntranos_Rotation/ESM-SaProt/AF-Q14258-F1-model_v4.pdb.gz
INFO:2025-10-30 14:38:09,033:Successfully computed HSC for Q14258.
INFO:2025-10-30 14:38:09,034:Processing Q14264 with model AF-Q14264-F1-model_v4.pdb
INFO:2025-10-30 14:38:09,167:Computing HSC features for: Q14264, ENST00000394323, ../Ntranos_Rotation/ESM-SaProt/AF-Q14264-F1-model_v4.pdb.gz
ERROR:2025-10-30 14:38:09,413:Missing ENST record in counts: ENST00000394323
INFO:2025-10-30 14:38:09,413:Processing Q14289 with model AF-Q14289-F1-model_v4.pdb
INFO:2025-10-30 14:38:09,632:Computing HSC features for: Q14289, ENST00000346049, ../Ntranos_Rotation/ESM-SaProt/AF-Q14289-F1-model_v4.pdb.gz
INFO:2025-10-30 14:39:51,669:Successfully computed HSC for Q14289.
INFO:2025-10-30 14:39:51,669:Processing Q14296 with model AF-Q14296-F1-model_v4.pdb
INFO:2025-10-30 14:39:51,802:Computing HSC features for: Q14296, ENST00000297532, ../Ntranos_Rotation/ESM-SaProt/AF-Q14296-F1-model_v4.pdb.gz
INFO:2025-10-30 14:40:48,230:Successfully computed HSC for Q14296.
INFO:2025-10-30 14:40:48,230:Processing Q14314 with model AF-Q14314-F1-model_v4.pdb
INFO:2025-10-30 14:40:48,298:Computing HSC features for: Q14314, ENST00000248598, ../Ntranos_Rotation/ESM-SaProt/AF-Q14314-F1-model_v4.pdb.gz
INFO:2025-10-30 14:41:28,067:Successfully computed HSC for Q14314.
INFO:2025-10-30 14:41:28,068:Processing Q5M9Q1 with model AF-Q5M9Q1-F1-model_v4.pdb
INFO:2025-10-30 14:41:28,189:Computing HSC features for: Q5M9Q1, ENST00000343684, ../Ntranos_Rotation/ESM-SaProt/AF-Q5M9Q1-F1-model_v4.pdb.gz
INFO:2025-10-30 14:42:13,606:Successfully computed HSC for Q5M9Q1.
INFO:2025-10-30 14:42:13,606:Processing Q5MAI5 with model AF-Q5MAI5-F1-model_v4.pdb
INFO:2025-10-30 14:42:13,703:Computing HSC features for: Q5MAI5, ENST00000395035, ../Ntranos_Rotation/ESM-SaProt/AF-Q5MAI5-F1-model_v4.pdb.gz
INFO:2025-10-30 14:42:43,617:Successfully computed HSC for Q5MAI5.
INFO:2025-10-30 14:42:43,617:Processing Q5MCW4 with model AF-Q5MCW4-F1-model_v4.pdb
INFO:2025-10-30 14:42:43,720:Computing HSC features for: Q5MCW4, ENST00000316950, ../Ntranos_Rotation/ESM-SaProt/AF-Q5MCW4-F1-model_v4.pdb.gz
INFO:2025-10-30 14:43:27,194:Successfully computed HSC for Q5MCW4.
INFO:2025-10-30 14:43:27,194:Processing Q5MIZ7 with model AF-Q5MIZ7-F1-model_v4.pdb
ERROR:2025-10-30 14:43:27,371:No transcript record found for Q5MIZ7 in gnomAD.
INFO:2025-10-30 14:43:27,372:Processing Q5MJ07 with model AF-Q5MJ07-F1-model_v4.pdb
INFO:2025-10-30 14:43:27,420:Computing HSC features for: Q5MJ07, ENST00000375511, ../Ntranos_Rotation/ESM-SaProt/AF-Q5MJ07-F1-model_v4.pdb.gz
INFO:2025-10-30 14:43:33,002:Successfully computed HSC for Q5MJ07.
INFO:2025-10-30 14:43:33,002:Processing Q5MJ08 with model AF-Q5MJ08-F1-model_v4.pdb
INFO:2025-10-30 14:43:33,037:Computing HSC features for: Q5MJ08, ENST00000446864, ../Ntranos_Rotation/ESM-SaProt/AF-Q5MJ08-F1-model_v4.pdb.gz
INFO:2025-10-30 14:43:39,728:Successfully computed HSC for Q5MJ08.
INFO:2025-10-30 14:43:39,728:Processing Q5MJ09 with model AF-Q5MJ09-F1-model_v4.pdb
INFO:2025-10-30 14:43:39,781:Computing HSC features for: Q5MJ09, ENST00000370503, ../Ntranos_Rotation/ESM-SaProt/AF-Q5MJ09-F1-model_v4.pdb.gz
INFO:2025-10-30 14:43:49,457:Successfully computed HSC for Q5MJ09.
INFO:2025-10-30 14:43:49,457:Processing Q5MJ10 with model AF-Q5MJ10-F1-model_v4.pdb
ERROR:2025-10-30 14:43:49,515:No transcript record found for Q5MJ10 in gnomAD.
INFO:2025-10-30 14:43:49,515:Processing Q5MJ68 with model AF-Q5MJ68-F1-model_v4.pdb
INFO:2025-10-30 14:43:49,747:Computing HSC features for: Q5MJ68, ENST00000377185, ../Ntranos_Rotation/ESM-SaProt/AF-Q5MJ68-F1-model_v4.pdb.gz
INFO:2025-10-30 14:44:18,781:Successfully computed HSC for Q5MJ68.
INFO:2025-10-30 14:44:18,781:Processing Q5MJ70 with model AF-Q5MJ70-F1-model_v4.pdb
INFO:2025-10-30 14:44:18,836:Computing HSC features for: Q5MJ70, ENST00000334056, ../Ntranos_Rotation/ESM-SaProt/AF-Q5MJ70-F1-model_v4.pdb.gz
INFO:2025-10-30 14:44:40,077:Successfully computed HSC for Q5MJ70.
INFO:2025-10-30 14:44:40,077:Processing Q5MNV8 with model AF-Q5MNV8-F1-model_v4.pdb
INFO:2025-10-30 14:44:40,188:Computing HSC features for: Q5MNV8, ENST00000378079, ../Ntranos_Rotation/ESM-SaProt/AF-Q5MNV8-F1-model_v4.pdb.gz
INFO:2025-10-30 14:45:14,283:Successfully computed HSC for Q5MNV8.
INFO:2025-10-30 14:45:14,283:Processing Q5MNZ6 with model AF-Q5MNZ6-F1-model_v4.pdb
INFO:2025-10-30 14:45:14,367:Computing HSC features for: Q5MNZ6, ENST00000392325, ../Ntranos_Rotation/ESM-SaProt/AF-Q5MNZ6-F1-model_v4.pdb.gz
INFO:2025-10-30 14:45:45,090:Successfully computed HSC for Q5MNZ6.
INFO:2025-10-30 14:45:45,090:Processing Q5MNZ9 with model AF-Q5MNZ9-F1-model_v4.pdb
INFO:2025-10-30 14:45:45,187:Computing HSC features for: Q5MNZ9, ENST00000262139, ../Ntranos_Rotation/ESM-SaProt/AF-Q5MNZ9-F1-model_v4.pdb.gz
INFO:2025-10-30 14:46:25,939:Successfully computed HSC for Q5MNZ9.
INFO:2025-10-30 14:46:25,939:Processing Q5MY95 with model AF-Q5MY95-F1-model_v4.pdb
INFO:2025-10-30 14:46:26,539:Computing HSC features for: Q5MY95, ENST00000371506, ../Ntranos_Rotation/ESM-SaProt/AF-Q5MY95-F1-model_v4.pdb.gz
INFO:2025-10-30 14:47:24,769:Successfully computed HSC for Q5MY95.
INFO:2025-10-30 14:47:24,770:Processing Q5NDL2 with model AF-Q5NDL2-F1-model_v4.pdb
INFO:2025-10-30 14:47:24,905:Computing HSC features for: Q5NDL2, ENST00000383701, ../Ntranos_Rotation/ESM-SaProt/AF-Q5NDL2-F1-model_v4.pdb.gz
INFO:2025-10-30 14:48:03,217:Successfully computed HSC for Q5NDL2.
INFO:2025-10-30 14:48:03,217:Processing Q5NE16 with model AF-Q5NE16-F1-model_v4.pdb
ERROR:2025-10-30 14:48:03,274:No ENST transcript IDs were mapped to Q5NE16
INFO:2025-10-30 14:48:03,274:Processing Q5NUL3 with model AF-Q5NUL3-F1-model_v4.pdb
INFO:2025-10-30 14:48:03,357:Computing HSC features for: Q5NUL3, ENST00000371481, ../Ntranos_Rotation/ESM-SaProt/AF-Q5NUL3-F1-model_v4.pdb.gz
INFO:2025-10-30 14:48:48,134:Successfully computed HSC for Q5NUL3.
INFO:2025-10-30 14:48:48,135:Processing Q5PR19 with model AF-Q5PR19-F1-model_v4.pdb
ERROR:2025-10-30 14:48:48,216:No ENST transcript IDs were mapped to Q5PR19
INFO:2025-10-30 14:48:48,216:Processing Q5PRF9 with model AF-Q5PRF9-F1-model_v4.pdb
INFO:2025-10-30 14:48:48,355:Computing HSC features for: Q5PRF9, ENST00000314471, ../Ntranos_Rotation/ESM-SaProt/AF-Q5PRF9-F1-model_v4.pdb.gz
INFO:2025-10-30 14:49:54,965:Successfully computed HSC for Q5PRF9.
INFO:2025-10-30 14:49:54,966:Processing Q5PSV4 with model AF-Q5PSV4-F1-model_v4.pdb
INFO:2025-10-30 14:49:55,053:Computing HSC features for: Q5PSV4, ENST00000216807, ../Ntranos_Rotation/ESM-SaProt/AF-Q5PSV4-F1-model_v4.pdb.gz
INFO:2025-10-30 14:50:19,601:Successfully computed HSC for Q5PSV4.
INFO:2025-10-30 14:50:19,601:Processing Q5PT55 with model AF-Q5PT55-F1-model_v4.pdb
INFO:2025-10-30 14:50:19,678:Computing HSC features for: Q5PT55, ENST00000518568, ../Ntranos_Rotation/ESM-SaProt/AF-Q5PT55-F1-model_v4.pdb.gz
INFO:2025-10-30 14:50:48,551:Successfully computed HSC for Q5PT55.
INFO:2025-10-30 14:50:48,551:Processing Q5QFB9 with model AF-Q5QFB9-F1-model_v4.pdb
ERROR:2025-10-30 14:50:48,665:No ENST transcript IDs were mapped to Q5QFB9
INFO:2025-10-30 14:50:48,665:Processing Q5QGS0 with model AF-Q5QGS0-F1-model_v4.pdb
INFO:2025-10-30 14:50:48,829:Computing HSC features for: Q5QGS0, ENST00000055682, ../Ntranos_Rotation/ESM-SaProt/AF-Q5QGS0-F1-model_v4.pdb.gz
INFO:2025-10-30 14:52:27,985:Successfully computed HSC for Q5QGS0.
INFO:2025-10-30 14:52:27,986:Processing Q5QGT7 with model AF-Q5QGT7-F1-model_v4.pdb
INFO:2025-10-30 14:52:28,033:Computing HSC features for: Q5QGT7, ENST00000358241, ../Ntranos_Rotation/ESM-SaProt/AF-Q5QGT7-F1-model_v4.pdb.gz
INFO:2025-10-30 14:52:50,837:Successfully computed HSC for Q5QGT7.
INFO:2025-10-30 14:52:50,838:Processing Q5QGZ9 with model AF-Q5QGZ9-F1-model_v4.pdb
INFO:2025-10-30 14:52:50,906:Computing HSC features for: Q5QGZ9, ENST00000304361, ../Ntranos_Rotation/ESM-SaProt/AF-Q5QGZ9-F1-model_v4.pdb.gz
INFO:2025-10-30 14:53:08,272:Successfully computed HSC for Q5QGZ9.
INFO:2025-10-30 14:53:08,272:Processing Q5QJ38 with model AF-Q5QJ38-F1-model_v4.pdb
INFO:2025-10-30 14:53:08,406:Computing HSC features for: Q5QJ38, ENST00000368806, ../Ntranos_Rotation/ESM-SaProt/AF-Q5QJ38-F1-model_v4.pdb.gz
INFO:2025-10-30 14:54:08,082:Successfully computed HSC for Q5QJ38.
INFO:2025-10-30 14:54:08,082:Processing Q5QJ74 with model AF-Q5QJ74-F1-model_v4.pdb
INFO:2025-10-30 14:54:08,218:Computing HSC features for: Q5QJ74, ENST00000422003, ../Ntranos_Rotation/ESM-SaProt/AF-Q5QJ74-F1-model_v4.pdb.gz
INFO:2025-10-30 14:54:39,368:Successfully computed HSC for Q5QJ74.
INFO:2025-10-30 14:54:39,368:Pipeline completed.
INFO:2025-10-30 14:54:39,368:no_enst_for_uniprot: 4
INFO:2025-10-30 14:54:39,368:no_valid_cds: 1
INFO:2025-10-30 14:54:39,368:no_variant_data: 4
INFO:2025-10-30 14:54:39,368:bad_structure: 0
INFO:2025-10-30 14:54:39,368:no_enst_mp: 1
