INFO:2025-10-30 14:26:03,604:Starting HSC computation pipeline...
INFO:2025-10-30 14:27:08,725:Processing Q15326 with model AF-Q15326-F1-model_v4.pdb
ERROR:2025-10-30 14:27:08,858:No transcript record found for Q15326 in gnomAD.
INFO:2025-10-30 14:27:08,858:Processing Q15327 with model AF-Q15327-F1-model_v4.pdb
INFO:2025-10-30 14:27:08,915:Computing HSC features for: Q15327, ENST00000371697, ../Ntranos_Rotation/ESM-SaProt/AF-Q15327-F1-model_v4.pdb.gz
INFO:2025-10-30 14:27:41,721:Successfully computed HSC for Q15327.
INFO:2025-10-30 14:27:41,721:Processing Q15329 with model AF-Q15329-F1-model_v4.pdb
INFO:2025-10-30 14:27:41,792:Computing HSC features for: Q15329, ENST00000416274, ../Ntranos_Rotation/ESM-SaProt/AF-Q15329-F1-model_v4.pdb.gz
INFO:2025-10-30 14:28:14,322:Successfully computed HSC for Q15329.
INFO:2025-10-30 14:28:14,322:Processing Q15334 with model AF-Q15334-F1-model_v4.pdb
INFO:2025-10-30 14:28:14,452:Computing HSC features for: Q15334, ENST00000316843, ../Ntranos_Rotation/ESM-SaProt/AF-Q15334-F1-model_v4.pdb.gz
INFO:2025-10-30 14:30:17,333:Successfully computed HSC for Q15334.
INFO:2025-10-30 14:30:17,333:Processing Q15345 with model AF-Q15345-F1-model_v4.pdb
INFO:2025-10-30 14:30:17,504:Computing HSC features for: Q15345, ENST00000343304, ../Ntranos_Rotation/ESM-SaProt/AF-Q15345-F1-model_v4.pdb.gz
INFO:2025-10-30 14:31:38,093:Successfully computed HSC for Q15345.
INFO:2025-10-30 14:31:38,093:Processing Q15349 with model AF-Q15349-F1-model_v4.pdb
INFO:2025-10-30 14:31:38,206:Computing HSC features for: Q15349, ENST00000265678, ../Ntranos_Rotation/ESM-SaProt/AF-Q15349-F1-model_v4.pdb.gz
INFO:2025-10-30 14:32:59,983:Successfully computed HSC for Q15349.
INFO:2025-10-30 14:32:59,983:Processing Q15361 with model AF-Q15361-F1-model_v4.pdb
INFO:2025-10-30 14:33:00,482:Computing HSC features for: Q15361, ENST00000334270, ../Ntranos_Rotation/ESM-SaProt/AF-Q15361-F1-model_v4.pdb.gz
INFO:2025-10-30 14:34:08,100:Successfully computed HSC for Q15361.
INFO:2025-10-30 14:34:08,101:Processing Q15363 with model AF-Q15363-F1-model_v4.pdb
INFO:2025-10-30 14:34:08,146:Computing HSC features for: Q15363, ENST00000262225, ../Ntranos_Rotation/ESM-SaProt/AF-Q15363-F1-model_v4.pdb.gz
INFO:2025-10-30 14:34:28,176:Successfully computed HSC for Q15363.
INFO:2025-10-30 14:34:28,176:Processing Q15365 with model AF-Q15365-F1-model_v4.pdb
INFO:2025-10-30 14:34:28,280:Computing HSC features for: Q15365, ENST00000303577, ../Ntranos_Rotation/ESM-SaProt/AF-Q15365-F1-model_v4.pdb.gz
INFO:2025-10-30 14:35:27,851:Successfully computed HSC for Q15365.
INFO:2025-10-30 14:35:27,851:Processing Q15366 with model AF-Q15366-F1-model_v4.pdb
INFO:2025-10-30 14:35:27,948:Computing HSC features for: Q15366, ENST00000439930, ../Ntranos_Rotation/ESM-SaProt/AF-Q15366-F1-model_v4.pdb.gz
INFO:2025-10-30 14:36:01,213:Successfully computed HSC for Q15366.
INFO:2025-10-30 14:36:01,213:Processing Q15369 with model AF-Q15369-F1-model_v4.pdb
ERROR:2025-10-30 14:36:01,271:No transcript record found for Q15369 in gnomAD.
INFO:2025-10-30 14:36:01,271:Processing Q15370 with model AF-Q15370-F1-model_v4.pdb
INFO:2025-10-30 14:36:01,344:Computing HSC features for: Q15370, ENST00000409906, ../Ntranos_Rotation/ESM-SaProt/AF-Q15370-F1-model_v4.pdb.gz
INFO:2025-10-30 14:36:17,254:Successfully computed HSC for Q15370.
INFO:2025-10-30 14:36:17,254:Processing Q15375 with model AF-Q15375-F1-model_v4.pdb
INFO:2025-10-30 14:36:17,382:Computing HSC features for: Q15375, ENST00000369303, ../Ntranos_Rotation/ESM-SaProt/AF-Q15375-F1-model_v4.pdb.gz
INFO:2025-10-30 14:37:31,001:Successfully computed HSC for Q15375.
INFO:2025-10-30 14:37:31,001:Processing Q15382 with model AF-Q15382-F1-model_v4.pdb
INFO:2025-10-30 14:37:31,048:Computing HSC features for: Q15382, ENST00000262187, ../Ntranos_Rotation/ESM-SaProt/AF-Q15382-F1-model_v4.pdb.gz
INFO:2025-10-30 14:37:45,693:Successfully computed HSC for Q15382.
INFO:2025-10-30 14:37:45,693:Processing Q15386 with model AF-Q15386-F1-model_v4.pdb
INFO:2025-10-30 14:37:45,938:Computing HSC features for: Q15386, ENST00000348165, ../Ntranos_Rotation/ESM-SaProt/AF-Q15386-F1-model_v4.pdb.gz
INFO:2025-10-30 14:39:44,857:Successfully computed HSC for Q15386.
INFO:2025-10-30 14:39:44,857:Processing Q15388 with model AF-Q15388-F1-model_v4.pdb
INFO:2025-10-30 14:39:44,902:Computing HSC features for: Q15388, ENST00000366607, ../Ntranos_Rotation/ESM-SaProt/AF-Q15388-F1-model_v4.pdb.gz
INFO:2025-10-30 14:39:58,356:Successfully computed HSC for Q15388.
INFO:2025-10-30 14:39:58,356:Processing Q15389 with model AF-Q15389-F1-model_v4.pdb
INFO:2025-10-30 14:39:58,457:Computing HSC features for: Q15389, ENST00000517746, ../Ntranos_Rotation/ESM-SaProt/AF-Q15389-F1-model_v4.pdb.gz
INFO:2025-10-30 14:40:35,625:Successfully computed HSC for Q15389.
INFO:2025-10-30 14:40:35,625:Processing Q15390 with model AF-Q15390-F1-model_v4.pdb
INFO:2025-10-30 14:40:35,746:Computing HSC features for: Q15390, ENST00000262146, ../Ntranos_Rotation/ESM-SaProt/AF-Q15390-F1-model_v4.pdb.gz
INFO:2025-10-30 14:41:00,715:Successfully computed HSC for Q15390.
INFO:2025-10-30 14:41:00,715:Processing Q15391 with model AF-Q15391-F1-model_v4.pdb
INFO:2025-10-30 14:41:00,800:Computing HSC features for: Q15391, ENST00000309170, ../Ntranos_Rotation/ESM-SaProt/AF-Q15391-F1-model_v4.pdb.gz
INFO:2025-10-30 14:41:36,026:Successfully computed HSC for Q15391.
INFO:2025-10-30 14:41:36,026:Processing Q15392 with model AF-Q15392-F1-model_v4.pdb
INFO:2025-10-30 14:41:36,133:Computing HSC features for: Q15392, ENST00000371269, ../Ntranos_Rotation/ESM-SaProt/AF-Q15392-F1-model_v4.pdb.gz
INFO:2025-10-30 14:42:30,729:Successfully computed HSC for Q15392.
INFO:2025-10-30 14:42:30,729:Processing Q15393 with model AF-Q15393-F1-model_v4.pdb
INFO:2025-10-30 14:42:30,898:Computing HSC features for: Q15393, ENST00000302516, ../Ntranos_Rotation/ESM-SaProt/AF-Q15393-F1-model_v4.pdb.gz
INFO:2025-10-30 14:44:18,511:Successfully computed HSC for Q15393.
INFO:2025-10-30 14:44:18,511:Processing Q15397 with model AF-Q15397-F1-model_v4.pdb
INFO:2025-10-30 14:44:18,679:Computing HSC features for: Q15397, ENST00000397885, ../Ntranos_Rotation/ESM-SaProt/AF-Q15397-F1-model_v4.pdb.gz
INFO:2025-10-30 14:45:05,807:Successfully computed HSC for Q15397.
INFO:2025-10-30 14:45:05,807:Processing Q15398 with model AF-Q15398-F1-model_v4.pdb
INFO:2025-10-30 14:45:05,930:Computing HSC features for: Q15398, ENST00000247191, ../Ntranos_Rotation/ESM-SaProt/AF-Q15398-F1-model_v4.pdb.gz
INFO:2025-10-30 14:46:02,971:Successfully computed HSC for Q15398.
INFO:2025-10-30 14:46:02,971:Processing Q52LC2 with model AF-Q52LC2-F1-model_v4.pdb
ERROR:2025-10-30 14:46:03,036:No ENST transcript IDs were mapped to Q52LC2
INFO:2025-10-30 14:46:03,036:Processing Q52LD8 with model AF-Q52LD8-F1-model_v4.pdb
INFO:2025-10-30 14:46:03,134:Computing HSC features for: Q52LD8, ENST00000295049, ../Ntranos_Rotation/ESM-SaProt/AF-Q52LD8-F1-model_v4.pdb.gz
INFO:2025-10-30 14:46:41,176:Successfully computed HSC for Q52LD8.
INFO:2025-10-30 14:46:41,176:Processing Q52LG2 with model AF-Q52LG2-F1-model_v4.pdb
INFO:2025-10-30 14:46:41,219:Computing HSC features for: Q52LG2, ENST00000399889, ../Ntranos_Rotation/ESM-SaProt/AF-Q52LG2-F1-model_v4.pdb.gz
INFO:2025-10-30 14:46:55,205:Successfully computed HSC for Q52LG2.
INFO:2025-10-30 14:46:55,205:Processing Q52LJ0 with model AF-Q52LJ0-F1-model_v4.pdb
INFO:2025-10-30 14:46:55,310:Computing HSC features for: Q52LJ0, ENST00000397609, ../Ntranos_Rotation/ESM-SaProt/AF-Q52LJ0-F1-model_v4.pdb.gz
INFO:2025-10-30 14:47:37,954:Successfully computed HSC for Q52LJ0.
INFO:2025-10-30 14:47:37,954:Processing Q52LR7 with model AF-Q52LR7-F1-model_v4.pdb
INFO:2025-10-30 14:47:38,087:Computing HSC features for: Q52LR7, ENST00000258484, ../Ntranos_Rotation/ESM-SaProt/AF-Q52LR7-F1-model_v4.pdb.gz
INFO:2025-10-30 14:48:49,268:Successfully computed HSC for Q52LR7.
INFO:2025-10-30 14:48:49,268:Processing Q52LW3 with model AF-Q52LW3-F1-model_v4.pdb
INFO:2025-10-30 14:48:49,434:Computing HSC features for: Q52LW3, ENST00000260526, ../Ntranos_Rotation/ESM-SaProt/AF-Q52LW3-F1-model_v4.pdb.gz
INFO:2025-10-30 14:50:10,861:Successfully computed HSC for Q52LW3.
INFO:2025-10-30 14:50:10,861:Processing Q52M58 with model AF-Q52M58-F1-model_v4.pdb
ERROR:2025-10-30 14:50:10,898:No ENST transcript IDs were mapped to Q52M58
INFO:2025-10-30 14:50:10,898:Processing Q52M75 with model AF-Q52M75-F1-model_v4.pdb
ERROR:2025-10-30 14:50:10,979:No ENST transcript IDs were mapped to Q52M75
INFO:2025-10-30 14:50:10,979:Processing Q52M93 with model AF-Q52M93-F1-model_v4.pdb
INFO:2025-10-30 14:50:11,078:Computing HSC features for: Q52M93, ENST00000532828, ../Ntranos_Rotation/ESM-SaProt/AF-Q52M93-F1-model_v4.pdb.gz
INFO:2025-10-30 14:51:04,431:Successfully computed HSC for Q52M93.
INFO:2025-10-30 14:51:04,431:Processing Q52MB2 with model AF-Q52MB2-F1-model_v4.pdb
INFO:2025-10-30 14:51:04,476:Computing HSC features for: Q52MB2, ENST00000316554, ../Ntranos_Rotation/ESM-SaProt/AF-Q52MB2-F1-model_v4.pdb.gz
INFO:2025-10-30 14:51:29,095:Successfully computed HSC for Q52MB2.
INFO:2025-10-30 14:51:29,095:Processing Q52WX2 with model AF-Q52WX2-F1-model_v4.pdb
INFO:2025-10-30 14:51:29,187:Computing HSC features for: Q52WX2, ENST00000341901, ../Ntranos_Rotation/ESM-SaProt/AF-Q52WX2-F1-model_v4.pdb.gz
INFO:2025-10-30 14:52:33,840:Successfully computed HSC for Q52WX2.
INFO:2025-10-30 14:52:33,840:Processing Q537H7 with model AF-Q537H7-F1-model_v4.pdb
INFO:2025-10-30 14:52:33,862:Computing HSC features for: Q537H7, ENST00000332912, ../Ntranos_Rotation/ESM-SaProt/AF-Q537H7-F1-model_v4.pdb.gz
INFO:2025-10-30 14:52:40,768:Successfully computed HSC for Q537H7.
INFO:2025-10-30 14:52:40,768:Processing Q538Z0 with model AF-Q538Z0-F1-model_v4.pdb
ERROR:2025-10-30 14:52:40,816:No ENST transcript IDs were mapped to Q538Z0
INFO:2025-10-30 14:52:40,816:Processing Q53EL6 with model AF-Q53EL6-F1-model_v4.pdb
INFO:2025-10-30 14:52:40,939:Computing HSC features for: Q53EL6, ENST00000280154, ../Ntranos_Rotation/ESM-SaProt/AF-Q53EL6-F1-model_v4.pdb.gz
INFO:2025-10-30 14:53:14,582:Successfully computed HSC for Q53EL6.
INFO:2025-10-30 14:53:14,582:Processing Q53EL9 with model AF-Q53EL9-F1-model_v4.pdb
INFO:2025-10-30 14:53:14,794:Computing HSC features for: Q53EL9, ENST00000317338, ../Ntranos_Rotation/ESM-SaProt/AF-Q53EL9-F1-model_v4.pdb.gz
INFO:2025-10-30 14:55:05,996:Successfully computed HSC for Q53EL9.
INFO:2025-10-30 14:55:05,996:Processing Q53EP0 with model AF-Q53EP0-F1-model_v4.pdb
INFO:2025-10-30 14:55:06,236:Computing HSC features for: Q53EP0, ENST00000336824, ../Ntranos_Rotation/ESM-SaProt/AF-Q53EP0-F1-model_v4.pdb.gz
INFO:2025-10-30 14:56:44,750:Successfully computed HSC for Q53EP0.
INFO:2025-10-30 14:56:44,750:Processing Q53EQ6 with model AF-Q53EQ6-F1-model_v4.pdb
INFO:2025-10-30 14:56:44,837:Computing HSC features for: Q53EQ6, ENST00000321385, ../Ntranos_Rotation/ESM-SaProt/AF-Q53EQ6-F1-model_v4.pdb.gz
ERROR:2025-10-30 14:56:44,984:Missing ENST record in counts: ENST00000321385
INFO:2025-10-30 14:56:44,984:Processing Q53ET0 with model AF-Q53ET0-F1-model_v4.pdb
INFO:2025-10-30 14:56:45,075:Computing HSC features for: Q53ET0, ENST00000368633, ../Ntranos_Rotation/ESM-SaProt/AF-Q53ET0-F1-model_v4.pdb.gz
INFO:2025-10-30 14:57:46,709:Successfully computed HSC for Q53ET0.
INFO:2025-10-30 14:57:46,709:Processing Q53EU6 with model AF-Q53EU6-F1-model_v4.pdb
INFO:2025-10-30 14:57:46,836:Computing HSC features for: Q53EU6, ENST00000264409, ../Ntranos_Rotation/ESM-SaProt/AF-Q53EU6-F1-model_v4.pdb.gz
INFO:2025-10-30 14:58:21,682:Successfully computed HSC for Q53EU6.
INFO:2025-10-30 14:58:21,682:Processing Q53EV4 with model AF-Q53EV4-F1-model_v4.pdb
INFO:2025-10-30 14:58:21,749:Computing HSC features for: Q53EV4, ENST00000007969, ../Ntranos_Rotation/ESM-SaProt/AF-Q53EV4-F1-model_v4.pdb.gz
INFO:2025-10-30 14:58:49,230:Successfully computed HSC for Q53EV4.
INFO:2025-10-30 14:58:49,230:Processing Q53EZ4 with model AF-Q53EZ4-F1-model_v4.pdb
INFO:2025-10-30 14:58:49,303:Computing HSC features for: Q53EZ4, ENST00000371485, ../Ntranos_Rotation/ESM-SaProt/AF-Q53EZ4-F1-model_v4.pdb.gz
INFO:2025-10-30 14:59:22,204:Successfully computed HSC for Q53EZ4.
INFO:2025-10-30 14:59:22,204:Processing Q53F19 with model AF-Q53F19-F1-model_v4.pdb
INFO:2025-10-30 14:59:22,359:Computing HSC features for: Q53F19, ENST00000389005, ../Ntranos_Rotation/ESM-SaProt/AF-Q53F19-F1-model_v4.pdb.gz
INFO:2025-10-30 15:00:38,637:Successfully computed HSC for Q53F19.
INFO:2025-10-30 15:00:38,637:Processing Q53F39 with model AF-Q53F39-F1-model_v4.pdb
INFO:2025-10-30 15:00:38,701:Computing HSC features for: Q53F39, ENST00000588072, ../Ntranos_Rotation/ESM-SaProt/AF-Q53F39-F1-model_v4.pdb.gz
INFO:2025-10-30 15:01:13,111:Successfully computed HSC for Q53F39.
INFO:2025-10-30 15:01:13,111:Processing Q53FA7 with model AF-Q53FA7-F1-model_v4.pdb
INFO:2025-10-30 15:01:13,171:Computing HSC features for: Q53FA7, ENST00000238721, ../Ntranos_Rotation/ESM-SaProt/AF-Q53FA7-F1-model_v4.pdb.gz
INFO:2025-10-30 15:01:43,130:Successfully computed HSC for Q53FA7.
INFO:2025-10-30 15:01:43,130:Processing Q53FD0 with model AF-Q53FD0-F1-model_v4.pdb
INFO:2025-10-30 15:01:43,197:Computing HSC features for: Q53FD0, ENST00000524913, ../Ntranos_Rotation/ESM-SaProt/AF-Q53FD0-F1-model_v4.pdb.gz
INFO:2025-10-30 15:02:21,906:Successfully computed HSC for Q53FD0.
INFO:2025-10-30 15:02:21,906:Processing Q53FE4 with model AF-Q53FE4-F1-model_v4.pdb
INFO:2025-10-30 15:02:21,965:Computing HSC features for: Q53FE4, ENST00000326581, ../Ntranos_Rotation/ESM-SaProt/AF-Q53FE4-F1-model_v4.pdb.gz
INFO:2025-10-30 15:02:45,183:Successfully computed HSC for Q53FE4.
INFO:2025-10-30 15:02:45,183:Processing Q15528 with model AF-Q15528-F1-model_v4.pdb
INFO:2025-10-30 15:02:45,225:Computing HSC features for: Q15528, ENST00000343730, ../Ntranos_Rotation/ESM-SaProt/AF-Q15528-F1-model_v4.pdb.gz
INFO:2025-10-30 15:03:08,221:Successfully computed HSC for Q15528.
INFO:2025-10-30 15:03:08,221:Pipeline completed.
INFO:2025-10-30 15:03:08,221:no_enst_for_uniprot: 4
INFO:2025-10-30 15:03:08,221:no_valid_cds: 0
INFO:2025-10-30 15:03:08,221:no_variant_data: 2
INFO:2025-10-30 15:03:08,221:bad_structure: 0
INFO:2025-10-30 15:03:08,221:no_enst_mp: 1
