INFO:2025-10-30 14:26:03,354:Starting HSC computation pipeline...
INFO:2025-10-30 14:27:08,900:Processing Q15404 with model AF-Q15404-F1-model_v4.pdb
INFO:2025-10-30 14:27:08,959:Computing HSC features for: Q15404, ENST00000345264, ../Ntranos_Rotation/ESM-SaProt/AF-Q15404-F1-model_v4.pdb.gz
INFO:2025-10-30 14:27:37,656:Successfully computed HSC for Q15404.
INFO:2025-10-30 14:27:37,656:Processing Q15406 with model AF-Q15406-F1-model_v4.pdb
INFO:2025-10-30 14:27:37,764:Computing HSC features for: Q15406, ENST00000487099, ../Ntranos_Rotation/ESM-SaProt/AF-Q15406-F1-model_v4.pdb.gz
INFO:2025-10-30 14:28:28,230:Successfully computed HSC for Q15406.
INFO:2025-10-30 14:28:28,230:Processing Q15413 with model AF-Q15413-F1-model_v4.pdb
ERROR:2025-10-30 14:28:28,416:No valid CDS found for Q15413
INFO:2025-10-30 14:28:28,416:Processing Q15415 with model AF-Q15415-F1-model_v4.pdb
INFO:2025-10-30 14:28:28,548:Computing HSC features for: Q15415, ENST00000250831, ../Ntranos_Rotation/ESM-SaProt/AF-Q15415-F1-model_v4.pdb.gz
ERROR:2025-10-30 14:28:28,729:Missing ENST record in counts: ENST00000250831
INFO:2025-10-30 14:28:28,729:Processing Q15417 with model AF-Q15417-F1-model_v4.pdb
INFO:2025-10-30 14:28:28,831:Computing HSC features for: Q15417, ENST00000370206, ../Ntranos_Rotation/ESM-SaProt/AF-Q15417-F1-model_v4.pdb.gz
INFO:2025-10-30 14:29:11,160:Successfully computed HSC for Q15417.
INFO:2025-10-30 14:29:11,160:Processing Q15418 with model AF-Q15418-F1-model_v4.pdb
INFO:2025-10-30 14:29:11,305:Computing HSC features for: Q15418, ENST00000374168, ../Ntranos_Rotation/ESM-SaProt/AF-Q15418-F1-model_v4.pdb.gz
INFO:2025-10-30 14:30:30,346:Successfully computed HSC for Q15418.
INFO:2025-10-30 14:30:30,346:Processing Q15424 with model AF-Q15424-F1-model_v4.pdb
INFO:2025-10-30 14:30:30,717:Computing HSC features for: Q15424, ENST00000292123, ../Ntranos_Rotation/ESM-SaProt/AF-Q15424-F1-model_v4.pdb.gz
INFO:2025-10-30 14:33:22,751:Successfully computed HSC for Q15424.
INFO:2025-10-30 14:33:22,751:Processing Q15427 with model AF-Q15427-F1-model_v4.pdb
INFO:2025-10-30 14:33:22,983:Computing HSC features for: Q15427, ENST00000271628, ../Ntranos_Rotation/ESM-SaProt/AF-Q15427-F1-model_v4.pdb.gz
INFO:2025-10-30 14:34:10,076:Successfully computed HSC for Q15427.
INFO:2025-10-30 14:34:10,076:Processing Q15428 with model AF-Q15428-F1-model_v4.pdb
INFO:2025-10-30 14:34:10,174:Computing HSC features for: Q15428, ENST00000221494, ../Ntranos_Rotation/ESM-SaProt/AF-Q15428-F1-model_v4.pdb.gz
INFO:2025-10-30 14:35:04,140:Successfully computed HSC for Q15428.
INFO:2025-10-30 14:35:04,140:Processing Q15431 with model AF-Q15431-F1-model_v4.pdb
INFO:2025-10-30 14:35:04,345:Computing HSC features for: Q15431, ENST00000369518, ../Ntranos_Rotation/ESM-SaProt/AF-Q15431-F1-model_v4.pdb.gz
INFO:2025-10-30 14:36:06,705:Successfully computed HSC for Q15431.
INFO:2025-10-30 14:36:06,705:Processing Q15434 with model AF-Q15434-F1-model_v4.pdb
INFO:2025-10-30 14:36:06,795:Computing HSC features for: Q15434, ENST00000262031, ../Ntranos_Rotation/ESM-SaProt/AF-Q15434-F1-model_v4.pdb.gz
INFO:2025-10-30 14:36:39,764:Successfully computed HSC for Q15434.
INFO:2025-10-30 14:36:39,765:Processing Q15435 with model AF-Q15435-F1-model_v4.pdb
INFO:2025-10-30 14:36:39,824:Computing HSC features for: Q15435, ENST00000234038, ../Ntranos_Rotation/ESM-SaProt/AF-Q15435-F1-model_v4.pdb.gz
INFO:2025-10-30 14:37:16,141:Successfully computed HSC for Q15435.
INFO:2025-10-30 14:37:16,141:Processing Q15436 with model AF-Q15436-F1-model_v4.pdb
INFO:2025-10-30 14:37:16,271:Computing HSC features for: Q15436, ENST00000307712, ../Ntranos_Rotation/ESM-SaProt/AF-Q15436-F1-model_v4.pdb.gz
INFO:2025-10-30 14:38:13,491:Successfully computed HSC for Q15436.
INFO:2025-10-30 14:38:13,491:Processing Q15437 with model AF-Q15437-F1-model_v4.pdb
INFO:2025-10-30 14:38:13,595:Computing HSC features for: Q15437, ENST00000262544, ../Ntranos_Rotation/ESM-SaProt/AF-Q15437-F1-model_v4.pdb.gz
INFO:2025-10-30 14:39:44,295:Successfully computed HSC for Q15437.
INFO:2025-10-30 14:39:44,295:Processing Q15438 with model AF-Q15438-F1-model_v4.pdb
INFO:2025-10-30 14:39:44,391:Computing HSC features for: Q15438, ENST00000446868, ../Ntranos_Rotation/ESM-SaProt/AF-Q15438-F1-model_v4.pdb.gz
INFO:2025-10-30 14:40:36,409:Successfully computed HSC for Q15438.
INFO:2025-10-30 14:40:36,409:Processing Q15459 with model AF-Q15459-F1-model_v4.pdb
INFO:2025-10-30 14:40:36,509:Computing HSC features for: Q15459, ENST00000215793, ../Ntranos_Rotation/ESM-SaProt/AF-Q15459-F1-model_v4.pdb.gz
INFO:2025-10-30 14:41:51,277:Successfully computed HSC for Q15459.
INFO:2025-10-30 14:41:51,277:Processing Q15464 with model AF-Q15464-F1-model_v4.pdb
INFO:2025-10-30 14:41:51,371:Computing HSC features for: Q15464, ENST00000377707, ../Ntranos_Rotation/ESM-SaProt/AF-Q15464-F1-model_v4.pdb.gz
INFO:2025-10-30 14:43:03,367:Successfully computed HSC for Q15464.
INFO:2025-10-30 14:43:03,367:Processing Q15465 with model AF-Q15465-F1-model_v4.pdb
INFO:2025-10-30 14:43:03,438:Computing HSC features for: Q15465, ENST00000297261, ../Ntranos_Rotation/ESM-SaProt/AF-Q15465-F1-model_v4.pdb.gz
INFO:2025-10-30 14:44:23,237:Successfully computed HSC for Q15465.
INFO:2025-10-30 14:44:23,237:Processing Q15466 with model AF-Q15466-F1-model_v4.pdb
INFO:2025-10-30 14:44:23,299:Computing HSC features for: Q15466, ENST00000254227, ../Ntranos_Rotation/ESM-SaProt/AF-Q15466-F1-model_v4.pdb.gz
INFO:2025-10-30 14:45:03,362:Successfully computed HSC for Q15466.
INFO:2025-10-30 14:45:03,362:Processing Q15468 with model AF-Q15468-F1-model_v4.pdb
INFO:2025-10-30 14:45:03,601:Computing HSC features for: Q15468, ENST00000360380, ../Ntranos_Rotation/ESM-SaProt/AF-Q15468-F1-model_v4.pdb.gz
INFO:2025-10-30 14:47:10,114:Successfully computed HSC for Q15468.
INFO:2025-10-30 14:47:10,114:Processing Q15475 with model AF-Q15475-F1-model_v4.pdb
ERROR:2025-10-30 14:47:10,238:No transcript record found for Q15475 in gnomAD.
INFO:2025-10-30 14:47:10,238:Processing Q15477 with model AF-Q15477-F1-model_v4.pdb
INFO:2025-10-30 14:47:10,520:Computing HSC features for: Q15477, ENST00000375394, ../Ntranos_Rotation/ESM-SaProt/AF-Q15477-F1-model_v4.pdb.gz
INFO:2025-10-30 14:49:12,064:Successfully computed HSC for Q15477.
INFO:2025-10-30 14:49:12,064:Processing Q15485 with model AF-Q15485-F1-model_v4.pdb
INFO:2025-10-30 14:49:12,257:Computing HSC features for: Q15485, ENST00000291744, ../Ntranos_Rotation/ESM-SaProt/AF-Q15485-F1-model_v4.pdb.gz
INFO:2025-10-30 14:50:22,049:Successfully computed HSC for Q15485.
INFO:2025-10-30 14:50:22,049:Processing Q15486 with model AF-Q15486-F1-model_v4.pdb
ERROR:2025-10-30 14:50:22,123:No ENST transcript IDs were mapped to Q15486
INFO:2025-10-30 14:50:22,123:Processing Q15493 with model AF-Q15493-F1-model_v4.pdb
INFO:2025-10-30 14:50:22,251:Computing HSC features for: Q15493, ENST00000336169, ../Ntranos_Rotation/ESM-SaProt/AF-Q15493-F1-model_v4.pdb.gz
INFO:2025-10-30 14:51:18,223:Successfully computed HSC for Q15493.
INFO:2025-10-30 14:51:18,223:Processing Q15506 with model AF-Q15506-F1-model_v4.pdb
INFO:2025-10-30 14:51:18,281:Computing HSC features for: Q15506, ENST00000227135, ../Ntranos_Rotation/ESM-SaProt/AF-Q15506-F1-model_v4.pdb.gz
INFO:2025-10-30 14:51:33,876:Successfully computed HSC for Q15506.
INFO:2025-10-30 14:51:33,876:Processing Q15517 with model AF-Q15517-F1-model_v4.pdb
INFO:2025-10-30 14:51:33,973:Computing HSC features for: Q15517, ENST00000376288, ../Ntranos_Rotation/ESM-SaProt/AF-Q15517-F1-model_v4.pdb.gz
INFO:2025-10-30 14:52:50,564:Successfully computed HSC for Q15517.
INFO:2025-10-30 14:52:50,564:Processing Q15526 with model AF-Q15526-F1-model_v4.pdb
INFO:2025-10-30 14:52:50,636:Computing HSC features for: Q15526, ENST00000371974, ../Ntranos_Rotation/ESM-SaProt/AF-Q15526-F1-model_v4.pdb.gz
INFO:2025-10-30 14:53:37,113:Successfully computed HSC for Q15526.
INFO:2025-10-30 14:53:37,114:Processing Q15527 with model AF-Q15527-F1-model_v4.pdb
INFO:2025-10-30 14:53:37,185:Computing HSC features for: Q15527, ENST00000371964, ../Ntranos_Rotation/ESM-SaProt/AF-Q15527-F1-model_v4.pdb.gz
INFO:2025-10-30 14:54:13,757:Successfully computed HSC for Q15527.
INFO:2025-10-30 14:54:13,757:Processing Q15751 with model AF-Q15751-F19-model_v4.pdb
ERROR:2025-10-30 14:54:13,933:No valid CDS found for Q15751
INFO:2025-10-30 14:54:13,933:Processing Q4KMQ1 with model AF-Q4KMQ1-F1-model_v4.pdb
INFO:2025-10-30 14:54:14,406:Computing HSC features for: Q4KMQ1, ENST00000409012, ../Ntranos_Rotation/ESM-SaProt/AF-Q4KMQ1-F1-model_v4.pdb.gz
INFO:2025-10-30 14:56:15,350:Successfully computed HSC for Q4KMQ1.
INFO:2025-10-30 14:56:15,350:Processing Q4KMQ2 with model AF-Q4KMQ2-F1-model_v4.pdb
INFO:2025-10-30 14:56:15,484:Computing HSC features for: Q4KMQ2, ENST00000320560, ../Ntranos_Rotation/ESM-SaProt/AF-Q4KMQ2-F1-model_v4.pdb.gz
INFO:2025-10-30 14:57:34,647:Successfully computed HSC for Q4KMQ2.
INFO:2025-10-30 14:57:34,648:Processing Q4KMX7 with model AF-Q4KMX7-F1-model_v4.pdb
ERROR:2025-10-30 14:57:34,742:No ENST transcript IDs were mapped to Q4KMX7
INFO:2025-10-30 14:57:34,742:Processing Q4KMZ1 with model AF-Q4KMZ1-F1-model_v4.pdb
INFO:2025-10-30 14:57:34,885:Computing HSC features for: Q4KMZ1, ENST00000291358, ../Ntranos_Rotation/ESM-SaProt/AF-Q4KMZ1-F1-model_v4.pdb.gz
INFO:2025-10-30 14:58:14,240:Successfully computed HSC for Q4KMZ1.
INFO:2025-10-30 14:58:14,240:Processing Q4KMZ8 with model AF-Q4KMZ8-F1-model_v4.pdb
INFO:2025-10-30 14:58:14,304:Computing HSC features for: Q4KMZ8, ENST00000373736, ../Ntranos_Rotation/ESM-SaProt/AF-Q4KMZ8-F1-model_v4.pdb.gz
INFO:2025-10-30 14:58:36,141:Successfully computed HSC for Q4KMZ8.
INFO:2025-10-30 14:58:36,141:Processing Q4KWH8 with model AF-Q4KWH8-F1-model_v4.pdb
INFO:2025-10-30 14:58:36,564:Computing HSC features for: Q4KWH8, ENST00000340059, ../Ntranos_Rotation/ESM-SaProt/AF-Q4KWH8-F1-model_v4.pdb.gz
INFO:2025-10-30 15:01:28,186:Successfully computed HSC for Q4KWH8.
INFO:2025-10-30 15:01:28,186:Processing Q4L180 with model AF-Q4L180-F1-model_v4.pdb
INFO:2025-10-30 15:01:28,406:Computing HSC features for: Q4L180, ENST00000354552, ../Ntranos_Rotation/ESM-SaProt/AF-Q4L180-F1-model_v4.pdb.gz
INFO:2025-10-30 15:02:56,488:Successfully computed HSC for Q4L180.
INFO:2025-10-30 15:02:56,488:Processing Q4L235 with model AF-Q4L235-F1-model_v4.pdb
INFO:2025-10-30 15:02:56,613:Computing HSC features for: Q4L235, ENST00000205214, ../Ntranos_Rotation/ESM-SaProt/AF-Q4L235-F1-model_v4.pdb.gz
INFO:2025-10-30 15:04:21,292:Successfully computed HSC for Q4L235.
INFO:2025-10-30 15:04:21,292:Processing Q4LDE5 with model AF-Q4LDE5-F1-model_v4.pdb
ERROR:2025-10-30 15:04:21,538:No valid CDS found for Q4LDE5
INFO:2025-10-30 15:04:21,538:Processing Q4LDG9 with model AF-Q4LDG9-F1-model_v4.pdb
INFO:2025-10-30 15:04:21,697:Computing HSC features for: Q4LDG9, ENST00000553645, ../Ntranos_Rotation/ESM-SaProt/AF-Q4LDG9-F1-model_v4.pdb.gz
INFO:2025-10-30 15:04:37,324:Successfully computed HSC for Q4LDG9.
INFO:2025-10-30 15:04:37,324:Processing Q4LDR2 with model AF-Q4LDR2-F1-model_v4.pdb
INFO:2025-10-30 15:04:37,363:Computing HSC features for: Q4LDR2, ENST00000379445, ../Ntranos_Rotation/ESM-SaProt/AF-Q4LDR2-F1-model_v4.pdb.gz
INFO:2025-10-30 15:04:45,464:Successfully computed HSC for Q4LDR2.
INFO:2025-10-30 15:04:45,464:Processing Q4LE39 with model AF-Q4LE39-F1-model_v4.pdb
INFO:2025-10-30 15:04:45,704:Computing HSC features for: Q4LE39, ENST00000264183, ../Ntranos_Rotation/ESM-SaProt/AF-Q4LE39-F1-model_v4.pdb.gz
INFO:2025-10-30 15:06:31,974:Successfully computed HSC for Q4LE39.
INFO:2025-10-30 15:06:31,975:Processing Q4LEZ3 with model AF-Q4LEZ3-F1-model_v4.pdb
INFO:2025-10-30 15:06:32,016:Computing HSC features for: Q4LEZ3, ENST00000378279, ../Ntranos_Rotation/ESM-SaProt/AF-Q4LEZ3-F1-model_v4.pdb.gz
INFO:2025-10-30 15:06:54,128:Successfully computed HSC for Q4LEZ3.
INFO:2025-10-30 15:06:54,128:Processing Q4QY38 with model AF-Q4QY38-F1-model_v4.pdb
INFO:2025-10-30 15:06:54,150:Computing HSC features for: Q4QY38, ENST00000382205, ../Ntranos_Rotation/ESM-SaProt/AF-Q4QY38-F1-model_v4.pdb.gz
INFO:2025-10-30 15:06:58,883:Successfully computed HSC for Q4QY38.
INFO:2025-10-30 15:06:58,883:Processing Q4U2R6 with model AF-Q4U2R6-F1-model_v4.pdb
INFO:2025-10-30 15:06:58,925:Computing HSC features for: Q4U2R6, ENST00000229238, ../Ntranos_Rotation/ESM-SaProt/AF-Q4U2R6-F1-model_v4.pdb.gz
INFO:2025-10-30 15:07:12,449:Successfully computed HSC for Q4U2R6.
INFO:2025-10-30 15:07:12,449:Processing Q4U2R8 with model AF-Q4U2R8-F1-model_v4.pdb
INFO:2025-10-30 15:07:12,552:Computing HSC features for: Q4U2R8, ENST00000377871, ../Ntranos_Rotation/ESM-SaProt/AF-Q4U2R8-F1-model_v4.pdb.gz
INFO:2025-10-30 15:08:46,247:Successfully computed HSC for Q4U2R8.
INFO:2025-10-30 15:08:46,247:Processing Q4UJ75 with model AF-Q4UJ75-F1-model_v4.pdb
ERROR:2025-10-30 15:08:46,459:No ENST transcript IDs were mapped to Q4UJ75
INFO:2025-10-30 15:08:46,459:Processing Q4V321 with model AF-Q4V321-F1-model_v4.pdb
ERROR:2025-10-30 15:08:46,501:No transcript record found for Q4V321 in gnomAD.
INFO:2025-10-30 15:08:46,501:Processing Q4V326 with model AF-Q4V326-F1-model_v4.pdb
ERROR:2025-10-30 15:08:46,548:No valid CDS found for Q4V326
INFO:2025-10-30 15:08:46,548:Processing Q4V328 with model AF-Q4V328-F1-model_v4.pdb
ERROR:2025-10-30 15:08:46,903:No transcript record found for Q4V328 in gnomAD.
INFO:2025-10-30 15:08:46,903:Pipeline completed.
INFO:2025-10-30 15:08:46,903:no_enst_for_uniprot: 3
INFO:2025-10-30 15:08:46,903:no_valid_cds: 4
INFO:2025-10-30 15:08:46,903:no_variant_data: 3
INFO:2025-10-30 15:08:46,903:bad_structure: 0
INFO:2025-10-30 15:08:46,903:no_enst_mp: 1
