INFO:2025-10-30 14:59:03,864:Starting HSC computation pipeline...
INFO:2025-10-30 15:00:15,519:Processing Q9UPN7 with model AF-Q9UPN7-F1-model_v4.pdb
INFO:2025-10-30 15:00:15,762:Computing HSC features for: Q9UPN7, ENST00000412770, ../Ntranos_Rotation/ESM-SaProt/AF-Q9UPN7-F1-model_v4.pdb.gz
INFO:2025-10-30 15:02:01,824:Successfully computed HSC for Q9UPN7.
INFO:2025-10-30 15:02:01,824:Processing Q9UPN9 with model AF-Q9UPN9-F1-model_v4.pdb
INFO:2025-10-30 15:02:02,032:Computing HSC features for: Q9UPN9, ENST00000358465, ../Ntranos_Rotation/ESM-SaProt/AF-Q9UPN9-F1-model_v4.pdb.gz
INFO:2025-10-30 15:03:45,524:Successfully computed HSC for Q9UPN9.
INFO:2025-10-30 15:03:45,525:Processing Q9UPP1 with model AF-Q9UPP1-F1-model_v4.pdb
INFO:2025-10-30 15:03:45,696:Computing HSC features for: Q9UPP1, ENST00000357988, ../Ntranos_Rotation/ESM-SaProt/AF-Q9UPP1-F1-model_v4.pdb.gz
INFO:2025-10-30 15:05:17,102:Successfully computed HSC for Q9UPP1.
INFO:2025-10-30 15:05:17,102:Processing Q9UPP2 with model AF-Q9UPP2-F1-model_v4.pdb
INFO:2025-10-30 15:05:17,349:Computing HSC features for: Q9UPP2, ENST00000538872, ../Ntranos_Rotation/ESM-SaProt/AF-Q9UPP2-F1-model_v4.pdb.gz
INFO:2025-10-30 15:07:47,438:Successfully computed HSC for Q9UPP2.
INFO:2025-10-30 15:07:47,439:Processing Q9UPP5 with model AF-Q9UPP5-F1-model_v4.pdb
ERROR:2025-10-30 15:07:47,606:No valid CDS found for Q9UPP5
INFO:2025-10-30 15:07:47,607:Processing Q9UPQ0 with model AF-Q9UPQ0-F1-model_v4.pdb
INFO:2025-10-30 15:07:47,752:Computing HSC features for: Q9UPQ0, ENST00000313860, ../Ntranos_Rotation/ESM-SaProt/AF-Q9UPQ0-F1-model_v4.pdb.gz
INFO:2025-10-30 15:09:18,715:Successfully computed HSC for Q9UPQ0.
INFO:2025-10-30 15:09:18,715:Processing Q9UPQ3 with model AF-Q9UPQ3-F1-model_v4.pdb
INFO:2025-10-30 15:09:18,915:Computing HSC features for: Q9UPQ3, ENST00000304032, ../Ntranos_Rotation/ESM-SaProt/AF-Q9UPQ3-F1-model_v4.pdb.gz
INFO:2025-10-30 15:11:13,187:Successfully computed HSC for Q9UPQ3.
INFO:2025-10-30 15:11:13,187:Processing Q9UPQ4 with model AF-Q9UPQ4-F1-model_v4.pdb
INFO:2025-10-30 15:11:13,298:Computing HSC features for: Q9UPQ4, ENST00000305364, ../Ntranos_Rotation/ESM-SaProt/AF-Q9UPQ4-F1-model_v4.pdb.gz
INFO:2025-10-30 15:12:42,908:Successfully computed HSC for Q9UPQ4.
INFO:2025-10-30 15:12:42,908:Processing Q9UPQ7 with model AF-Q9UPQ7-F1-model_v4.pdb
INFO:2025-10-30 15:12:43,259:Computing HSC features for: Q9UPQ7, ENST00000263666, ../Ntranos_Rotation/ESM-SaProt/AF-Q9UPQ7-F1-model_v4.pdb.gz
INFO:2025-10-30 15:15:09,248:Successfully computed HSC for Q9UPQ7.
INFO:2025-10-30 15:15:09,249:Processing Q9UPQ8 with model AF-Q9UPQ8-F1-model_v4.pdb
INFO:2025-10-30 15:15:09,332:Computing HSC features for: Q9UPQ8, ENST00000372586, ../Ntranos_Rotation/ESM-SaProt/AF-Q9UPQ8-F1-model_v4.pdb.gz
INFO:2025-10-30 15:15:58,570:Successfully computed HSC for Q9UPQ8.
INFO:2025-10-30 15:15:58,570:Processing Q9UPQ9 with model AF-Q9UPQ9-F1-model_v4.pdb
INFO:2025-10-30 15:15:58,839:Computing HSC features for: Q9UPQ9, ENST00000454349, ../Ntranos_Rotation/ESM-SaProt/AF-Q9UPQ9-F1-model_v4.pdb.gz
INFO:2025-10-30 15:18:27,981:Successfully computed HSC for Q9UPQ9.
INFO:2025-10-30 15:18:27,981:Processing Q9UPR0 with model AF-Q9UPR0-F1-model_v4.pdb
ERROR:2025-10-30 15:18:28,208:No transcript record found for Q9UPR0 in gnomAD.
INFO:2025-10-30 15:18:28,208:Processing Q9UPR3 with model AF-Q9UPR3-F1-model_v4.pdb
INFO:2025-10-30 15:18:28,399:Computing HSC features for: Q9UPR3, ENST00000361813, ../Ntranos_Rotation/ESM-SaProt/AF-Q9UPR3-F1-model_v4.pdb.gz
INFO:2025-10-30 15:19:53,840:Successfully computed HSC for Q9UPR3.
INFO:2025-10-30 15:19:53,840:Processing Q9UPR5 with model AF-Q9UPR5-F1-model_v4.pdb
INFO:2025-10-30 15:19:53,998:Computing HSC features for: Q9UPR5, ENST00000236877, ../Ntranos_Rotation/ESM-SaProt/AF-Q9UPR5-F1-model_v4.pdb.gz
INFO:2025-10-30 15:22:05,053:Successfully computed HSC for Q9UPR5.
INFO:2025-10-30 15:22:05,053:Processing Q9UPR6 with model AF-Q9UPR6-F1-model_v4.pdb
INFO:2025-10-30 15:22:05,183:Computing HSC features for: Q9UPR6, ENST00000262961, ../Ntranos_Rotation/ESM-SaProt/AF-Q9UPR6-F1-model_v4.pdb.gz
INFO:2025-10-30 15:24:03,251:Successfully computed HSC for Q9UPR6.
INFO:2025-10-30 15:24:03,251:Processing Q9UPS6 with model AF-Q9UPS6-F1-model_v4.pdb
INFO:2025-10-30 15:24:03,497:Computing HSC features for: Q9UPS6, ENST00000604567, ../Ntranos_Rotation/ESM-SaProt/AF-Q9UPS6-F1-model_v4.pdb.gz
INFO:2025-10-30 15:27:59,196:Successfully computed HSC for Q9UPS6.
INFO:2025-10-30 15:27:59,196:Processing Q9UPS8 with model AF-Q9UPS8-F1-model_v4.pdb
INFO:2025-10-30 15:27:59,498:Computing HSC features for: Q9UPS8, ENST00000376087, ../Ntranos_Rotation/ESM-SaProt/AF-Q9UPS8-F1-model_v4.pdb.gz
INFO:2025-10-30 15:29:50,993:Successfully computed HSC for Q9UPS8.
INFO:2025-10-30 15:29:50,993:Processing Q9UPT5 with model AF-Q9UPT5-F1-model_v4.pdb
INFO:2025-10-30 15:29:51,095:Computing HSC features for: Q9UPT5, ENST00000335146, ../Ntranos_Rotation/ESM-SaProt/AF-Q9UPT5-F1-model_v4.pdb.gz
INFO:2025-10-30 15:31:03,877:Successfully computed HSC for Q9UPT5.
INFO:2025-10-30 15:31:03,877:Processing Q9UPT6 with model AF-Q9UPT6-F1-model_v4.pdb
INFO:2025-10-30 15:31:04,071:Computing HSC features for: Q9UPT6, ENST00000250894, ../Ntranos_Rotation/ESM-SaProt/AF-Q9UPT6-F1-model_v4.pdb.gz
INFO:2025-10-30 15:33:57,772:Successfully computed HSC for Q9UPT6.
INFO:2025-10-30 15:33:57,773:Processing Q9UPT8 with model AF-Q9UPT8-F1-model_v4.pdb
INFO:2025-10-30 15:33:58,015:Computing HSC features for: Q9UPT8, ENST00000253048, ../Ntranos_Rotation/ESM-SaProt/AF-Q9UPT8-F1-model_v4.pdb.gz
INFO:2025-10-30 15:36:47,357:Successfully computed HSC for Q9UPT8.
INFO:2025-10-30 15:36:47,357:Processing Q9UPT9 with model AF-Q9UPT9-F1-model_v4.pdb
INFO:2025-10-30 15:36:47,438:Computing HSC features for: Q9UPT9, ENST00000261497, ../Ntranos_Rotation/ESM-SaProt/AF-Q9UPT9-F1-model_v4.pdb.gz
INFO:2025-10-30 15:37:41,728:Successfully computed HSC for Q9UPT9.
INFO:2025-10-30 15:37:41,728:Processing Q9UPU3 with model AF-Q9UPU3-F1-model_v4.pdb
INFO:2025-10-30 15:37:42,235:Computing HSC features for: Q9UPU3, ENST00000369701, ../Ntranos_Rotation/ESM-SaProt/AF-Q9UPU3-F1-model_v4.pdb.gz
INFO:2025-10-30 15:40:04,979:Successfully computed HSC for Q9UPU3.
INFO:2025-10-30 15:40:04,979:Processing Q9UPU5 with model AF-Q9UPU5-F1-model_v4.pdb
INFO:2025-10-30 15:40:05,451:Computing HSC features for: Q9UPU5, ENST00000294383, ../Ntranos_Rotation/ESM-SaProt/AF-Q9UPU5-F1-model_v4.pdb.gz
INFO:2025-10-30 15:43:32,894:Successfully computed HSC for Q9UPU5.
INFO:2025-10-30 15:43:32,894:Processing Q9UPU7 with model AF-Q9UPU7-F1-model_v4.pdb
INFO:2025-10-30 15:43:33,068:Computing HSC features for: Q9UPU7, ENST00000300584, ../Ntranos_Rotation/ESM-SaProt/AF-Q9UPU7-F1-model_v4.pdb.gz
INFO:2025-10-30 15:45:06,994:Successfully computed HSC for Q9UPU7.
INFO:2025-10-30 15:45:06,994:Processing Q9UPU9 with model AF-Q9UPU9-F1-model_v4.pdb
INFO:2025-10-30 15:45:07,089:Computing HSC features for: Q9UPU9, ENST00000392067, ../Ntranos_Rotation/ESM-SaProt/AF-Q9UPU9-F1-model_v4.pdb.gz
INFO:2025-10-30 15:46:18,202:Successfully computed HSC for Q9UPU9.
INFO:2025-10-30 15:46:18,203:Processing Q9UPV0 with model AF-Q9UPV0-F1-model_v4.pdb
INFO:2025-10-30 15:46:18,486:Computing HSC features for: Q9UPV0, ENST00000278935, ../Ntranos_Rotation/ESM-SaProt/AF-Q9UPV0-F1-model_v4.pdb.gz
INFO:2025-10-30 15:48:16,779:Successfully computed HSC for Q9UPV0.
INFO:2025-10-30 15:48:16,779:Processing Q9UPV7 with model AF-Q9UPV7-F1-model_v4.pdb
INFO:2025-10-30 15:48:16,912:Computing HSC features for: Q9UPV7, ENST00000242315, ../Ntranos_Rotation/ESM-SaProt/AF-Q9UPV7-F1-model_v4.pdb.gz
INFO:2025-10-30 15:48:59,826:Successfully computed HSC for Q9UPV7.
INFO:2025-10-30 15:48:59,827:Processing Q9UPV9 with model AF-Q9UPV9-F1-model_v4.pdb
INFO:2025-10-30 15:49:00,029:Computing HSC features for: Q9UPV9, ENST00000327628, ../Ntranos_Rotation/ESM-SaProt/AF-Q9UPV9-F1-model_v4.pdb.gz
INFO:2025-10-30 15:51:09,148:Successfully computed HSC for Q9UPV9.
INFO:2025-10-30 15:51:09,148:Processing Q9UPW0 with model AF-Q9UPW0-F1-model_v4.pdb
INFO:2025-10-30 15:51:09,270:Computing HSC features for: Q9UPW0, ENST00000361346, ../Ntranos_Rotation/ESM-SaProt/AF-Q9UPW0-F1-model_v4.pdb.gz
INFO:2025-10-30 15:52:04,983:Successfully computed HSC for Q9UPW0.
INFO:2025-10-30 15:52:04,983:Processing Q9UPW5 with model AF-Q9UPW5-F1-model_v4.pdb
INFO:2025-10-30 15:52:05,228:Computing HSC features for: Q9UPW5, ENST00000357081, ../Ntranos_Rotation/ESM-SaProt/AF-Q9UPW5-F1-model_v4.pdb.gz
INFO:2025-10-30 15:53:54,490:Successfully computed HSC for Q9UPW5.
INFO:2025-10-30 15:53:54,490:Processing Q9UPW6 with model AF-Q9UPW6-F1-model_v4.pdb
ERROR:2025-10-30 15:53:54,657:No transcript record found for Q9UPW6 in gnomAD.
INFO:2025-10-30 15:53:54,657:Processing Q9UPW8 with model AF-Q9UPW8-F1-model_v4.pdb
INFO:2025-10-30 15:53:54,977:Computing HSC features for: Q9UPW8, ENST00000519716, ../Ntranos_Rotation/ESM-SaProt/AF-Q9UPW8-F1-model_v4.pdb.gz
INFO:2025-10-30 15:57:28,290:Successfully computed HSC for Q9UPW8.
INFO:2025-10-30 15:57:28,290:Processing Q9UPX0 with model AF-Q9UPX0-F1-model_v4.pdb
INFO:2025-10-30 15:57:28,588:Computing HSC features for: Q9UPX0, ENST00000321016, ../Ntranos_Rotation/ESM-SaProt/AF-Q9UPX0-F1-model_v4.pdb.gz
INFO:2025-10-30 16:00:21,801:Successfully computed HSC for Q9UPX0.
INFO:2025-10-30 16:00:21,801:Processing Q9UPX6 with model AF-Q9UPX6-F1-model_v4.pdb
INFO:2025-10-30 16:00:21,925:Computing HSC features for: Q9UPX6, ENST00000305428, ../Ntranos_Rotation/ESM-SaProt/AF-Q9UPX6-F1-model_v4.pdb.gz
INFO:2025-10-30 16:01:38,746:Successfully computed HSC for Q9UPX6.
INFO:2025-10-30 16:01:38,746:Processing Q9UPX8 with model AF-Q9UPX8-F1-model_v4.pdb
ERROR:2025-10-30 16:01:39,351:No transcript record found for Q9UPX8 in gnomAD.
INFO:2025-10-30 16:01:39,352:Processing Q9UPY3 with model AF-Q9UPY3-F1-model_v4.pdb
INFO:2025-10-30 16:01:39,826:Computing HSC features for: Q9UPY3, ENST00000343455, ../Ntranos_Rotation/ESM-SaProt/AF-Q9UPY3-F1-model_v4.pdb.gz
INFO:2025-10-30 16:03:59,815:Successfully computed HSC for Q9UPY3.
INFO:2025-10-30 16:03:59,816:Processing Q9UPY5 with model AF-Q9UPY5-F1-model_v4.pdb
INFO:2025-10-30 16:03:59,930:Computing HSC features for: Q9UPY5, ENST00000280612, ../Ntranos_Rotation/ESM-SaProt/AF-Q9UPY5-F1-model_v4.pdb.gz
INFO:2025-10-30 16:04:37,957:Successfully computed HSC for Q9UPY5.
INFO:2025-10-30 16:04:37,957:Processing Q9UPY6 with model AF-Q9UPY6-F1-model_v4.pdb
INFO:2025-10-30 16:04:38,085:Computing HSC features for: Q9UPY6, ENST00000335327, ../Ntranos_Rotation/ESM-SaProt/AF-Q9UPY6-F1-model_v4.pdb.gz
INFO:2025-10-30 16:05:31,632:Successfully computed HSC for Q9UPY6.
INFO:2025-10-30 16:05:31,633:Processing Q9UPY8 with model AF-Q9UPY8-F1-model_v4.pdb
INFO:2025-10-30 16:05:31,688:Computing HSC features for: Q9UPY8, ENST00000233121, ../Ntranos_Rotation/ESM-SaProt/AF-Q9UPY8-F1-model_v4.pdb.gz
INFO:2025-10-30 16:05:56,437:Successfully computed HSC for Q9UPY8.
INFO:2025-10-30 16:05:56,437:Processing Q9UPZ3 with model AF-Q9UPZ3-F1-model_v4.pdb
INFO:2025-10-30 16:05:56,939:Computing HSC features for: Q9UPZ3, ENST00000349215, ../Ntranos_Rotation/ESM-SaProt/AF-Q9UPZ3-F1-model_v4.pdb.gz
INFO:2025-10-30 16:07:14,092:Successfully computed HSC for Q9UPZ3.
INFO:2025-10-30 16:07:14,093:Processing Q9UPZ6 with model AF-Q9UPZ6-F1-model_v4.pdb
INFO:2025-10-30 16:07:14,277:Computing HSC features for: Q9UPZ6, ENST00000423059, ../Ntranos_Rotation/ESM-SaProt/AF-Q9UPZ6-F1-model_v4.pdb.gz
INFO:2025-10-30 16:09:31,874:Successfully computed HSC for Q9UPZ6.
INFO:2025-10-30 16:09:31,875:Processing Q9UPZ9 with model AF-Q9UPZ9-F1-model_v4.pdb
INFO:2025-10-30 16:09:32,143:Computing HSC features for: Q9UPZ9, ENST00000356971, ../Ntranos_Rotation/ESM-SaProt/AF-Q9UPZ9-F1-model_v4.pdb.gz
INFO:2025-10-30 16:10:18,733:Successfully computed HSC for Q9UPZ9.
INFO:2025-10-30 16:10:18,733:Processing Q9UQ03 with model AF-Q9UQ03-F1-model_v4.pdb
INFO:2025-10-30 16:10:18,841:Computing HSC features for: Q9UQ03, ENST00000261861, ../Ntranos_Rotation/ESM-SaProt/AF-Q9UQ03-F1-model_v4.pdb.gz
INFO:2025-10-30 16:11:08,263:Successfully computed HSC for Q9UQ03.
INFO:2025-10-30 16:11:08,263:Processing Q9UQ05 with model AF-Q9UQ05-F1-model_v4.pdb
INFO:2025-10-30 16:11:08,466:Computing HSC features for: Q9UQ05, ENST00000264661, ../Ntranos_Rotation/ESM-SaProt/AF-Q9UQ05-F1-model_v4.pdb.gz
INFO:2025-10-30 16:13:04,504:Successfully computed HSC for Q9UQ05.
INFO:2025-10-30 16:13:04,504:Processing Q9UQ07 with model AF-Q9UQ07-F1-model_v4.pdb
INFO:2025-10-30 16:13:04,634:Computing HSC features for: Q9UQ07, ENST00000361847, ../Ntranos_Rotation/ESM-SaProt/AF-Q9UQ07-F1-model_v4.pdb.gz
INFO:2025-10-30 16:13:46,373:Successfully computed HSC for Q9UQ07.
INFO:2025-10-30 16:13:46,373:Processing Q9UQ10 with model AF-Q9UQ10-F1-model_v4.pdb
INFO:2025-10-30 16:13:46,469:Computing HSC features for: Q9UQ10, ENST00000221403, ../Ntranos_Rotation/ESM-SaProt/AF-Q9UQ10-F1-model_v4.pdb.gz
INFO:2025-10-30 16:14:29,454:Successfully computed HSC for Q9UQ10.
INFO:2025-10-30 16:14:29,454:Processing Q9UQ13 with model AF-Q9UQ13-F1-model_v4.pdb
ERROR:2025-10-30 16:14:29,627:No transcript record found for Q9UQ13 in gnomAD.
INFO:2025-10-30 16:14:29,627:Processing Q9UQ16 with model AF-Q9UQ16-F1-model_v4.pdb
INFO:2025-10-30 16:14:29,864:Computing HSC features for: Q9UQ16, ENST00000355305, ../Ntranos_Rotation/ESM-SaProt/AF-Q9UQ16-F1-model_v4.pdb.gz
INFO:2025-10-30 16:15:51,052:Successfully computed HSC for Q9UQ16.
INFO:2025-10-30 16:15:51,052:Processing Q9UQ26 with model AF-Q9UQ26-F1-model_v4.pdb
ERROR:2025-10-30 16:15:51,227:No valid CDS found for Q9UQ26
INFO:2025-10-30 16:15:51,227:Processing Q9UQ35 with model AF-Q9UQ35-F1-model_v4.pdb
ERROR:2025-10-30 16:15:51,552:No valid CDS found for Q9UQ35
INFO:2025-10-30 16:15:51,552:Pipeline completed.
INFO:2025-10-30 16:15:51,552:no_enst_for_uniprot: 0
INFO:2025-10-30 16:15:51,553:no_valid_cds: 3
INFO:2025-10-30 16:15:51,553:no_variant_data: 4
INFO:2025-10-30 16:15:51,553:bad_structure: 0
INFO:2025-10-30 16:15:51,553:no_enst_mp: 0
