INFO:2025-10-30 14:27:03,788:Starting HSC computation pipeline...
INFO:2025-10-30 14:28:06,287:Processing Q9BZA7 with model AF-Q9BZA7-F1-model_v4.pdb
INFO:2025-10-30 14:28:06,565:Computing HSC features for: Q9BZA7, ENST00000373094, ../Ntranos_Rotation/ESM-SaProt/AF-Q9BZA7-F1-model_v4.pdb.gz
INFO:2025-10-30 14:30:04,976:Successfully computed HSC for Q9BZA7.
INFO:2025-10-30 14:30:04,976:Processing Q9BZA8 with model AF-Q9BZA8-F1-model_v4.pdb
INFO:2025-10-30 14:30:05,339:Computing HSC features for: Q9BZA8, ENST00000400457, ../Ntranos_Rotation/ESM-SaProt/AF-Q9BZA8-F1-model_v4.pdb.gz
ERROR:2025-10-30 14:30:05,791:Missing ENST record in counts: ENST00000400457
INFO:2025-10-30 14:30:05,791:Processing Q9BZB8 with model AF-Q9BZB8-F1-model_v4.pdb
ERROR:2025-10-30 14:30:05,928:No valid CDS found for Q9BZB8
INFO:2025-10-30 14:30:05,928:Processing Q9BZC1 with model AF-Q9BZC1-F1-model_v4.pdb
INFO:2025-10-30 14:30:06,042:Computing HSC features for: Q9BZC1, ENST00000420428, ../Ntranos_Rotation/ESM-SaProt/AF-Q9BZC1-F1-model_v4.pdb.gz
INFO:2025-10-30 14:31:10,524:Successfully computed HSC for Q9BZC1.
INFO:2025-10-30 14:31:10,524:Processing Q9BZC5 with model AF-Q9BZC5-F1-model_v4.pdb
ERROR:2025-10-30 14:31:10,578:No valid CDS found for Q9BZC5
INFO:2025-10-30 14:31:10,578:Processing Q9BZC7 with model AF-Q9BZC7-F1-model_v4.pdb
INFO:2025-10-30 14:31:11,024:Computing HSC features for: Q9BZC7, ENST00000371605, ../Ntranos_Rotation/ESM-SaProt/AF-Q9BZC7-F1-model_v4.pdb.gz
INFO:2025-10-30 14:36:43,095:Successfully computed HSC for Q9BZC7.
INFO:2025-10-30 14:36:43,095:Processing Q9BZD2 with model AF-Q9BZD2-F1-model_v4.pdb
INFO:2025-10-30 14:36:43,163:Computing HSC features for: Q9BZD2, ENST00000373189, ../Ntranos_Rotation/ESM-SaProt/AF-Q9BZD2-F1-model_v4.pdb.gz
INFO:2025-10-30 14:37:31,431:Successfully computed HSC for Q9BZD2.
INFO:2025-10-30 14:37:31,431:Processing Q9BZD4 with model AF-Q9BZD4-F1-model_v4.pdb
INFO:2025-10-30 14:37:31,514:Computing HSC features for: Q9BZD4, ENST00000271452, ../Ntranos_Rotation/ESM-SaProt/AF-Q9BZD4-F1-model_v4.pdb.gz
INFO:2025-10-30 14:38:05,836:Successfully computed HSC for Q9BZD4.
INFO:2025-10-30 14:38:05,837:Processing Q9BZD6 with model AF-Q9BZD6-F1-model_v4.pdb
INFO:2025-10-30 14:38:05,885:Computing HSC features for: Q9BZD6, ENST00000257836, ../Ntranos_Rotation/ESM-SaProt/AF-Q9BZD6-F1-model_v4.pdb.gz
INFO:2025-10-30 14:38:28,359:Successfully computed HSC for Q9BZD6.
INFO:2025-10-30 14:38:28,359:Processing Q9BZD7 with model AF-Q9BZD7-F1-model_v4.pdb
INFO:2025-10-30 14:38:28,433:Computing HSC features for: Q9BZD7, ENST00000370353, ../Ntranos_Rotation/ESM-SaProt/AF-Q9BZD7-F1-model_v4.pdb.gz
INFO:2025-10-30 14:39:06,747:Successfully computed HSC for Q9BZD7.
INFO:2025-10-30 14:39:06,747:Processing Q9BZE0 with model AF-Q9BZE0-F1-model_v4.pdb
INFO:2025-10-30 14:39:07,057:Computing HSC features for: Q9BZE0, ENST00000262366, ../Ntranos_Rotation/ESM-SaProt/AF-Q9BZE0-F1-model_v4.pdb.gz
INFO:2025-10-30 14:40:39,727:Successfully computed HSC for Q9BZE0.
INFO:2025-10-30 14:40:39,727:Processing Q9BYD5 with model AF-Q9BYD5-F1-model_v4.pdb
INFO:2025-10-30 14:40:39,768:Computing HSC features for: Q9BYD5, ENST00000222032, ../Ntranos_Rotation/ESM-SaProt/AF-Q9BYD5-F1-model_v4.pdb.gz
INFO:2025-10-30 14:41:01,876:Successfully computed HSC for Q9BYD5.
INFO:2025-10-30 14:41:01,876:Processing Q9BYD6 with model AF-Q9BYD6-F1-model_v4.pdb
INFO:2025-10-30 14:41:01,929:Computing HSC features for: Q9BYD6, ENST00000315567, ../Ntranos_Rotation/ESM-SaProt/AF-Q9BYD6-F1-model_v4.pdb.gz
INFO:2025-10-30 14:41:27,665:Successfully computed HSC for Q9BYD6.
INFO:2025-10-30 14:41:27,665:Processing Q9BYD9 with model AF-Q9BYD9-F1-model_v4.pdb
INFO:2025-10-30 14:41:27,728:Computing HSC features for: Q9BYD9, ENST00000330368, ../Ntranos_Rotation/ESM-SaProt/AF-Q9BYD9-F1-model_v4.pdb.gz
INFO:2025-10-30 14:42:21,074:Successfully computed HSC for Q9BYD9.
INFO:2025-10-30 14:42:21,074:Processing Q9BYE0 with model AF-Q9BYE0-F1-model_v4.pdb
INFO:2025-10-30 14:42:21,147:Computing HSC features for: Q9BYE0, ENST00000317814, ../Ntranos_Rotation/ESM-SaProt/AF-Q9BYE0-F1-model_v4.pdb.gz
INFO:2025-10-30 14:43:31,534:Successfully computed HSC for Q9BYE0.
INFO:2025-10-30 14:43:31,535:Processing Q9BYE2 with model AF-Q9BYE2-F1-model_v4.pdb
INFO:2025-10-30 14:43:31,702:Computing HSC features for: Q9BYE2, ENST00000445164, ../Ntranos_Rotation/ESM-SaProt/AF-Q9BYE2-F1-model_v4.pdb.gz
INFO:2025-10-30 14:45:12,464:Successfully computed HSC for Q9BYE2.
INFO:2025-10-30 14:45:12,464:Processing Q9BYE3 with model AF-Q9BYE3-F1-model_v4.pdb
INFO:2025-10-30 14:45:12,736:Computing HSC features for: Q9BYE3, ENST00000368787, ../Ntranos_Rotation/ESM-SaProt/AF-Q9BYE3-F1-model_v4.pdb.gz
INFO:2025-10-30 14:45:27,363:Successfully computed HSC for Q9BYE3.
INFO:2025-10-30 14:45:27,363:Processing Q9BYE4 with model AF-Q9BYE4-F1-model_v4.pdb
INFO:2025-10-30 14:45:27,469:Computing HSC features for: Q9BYE4, ENST00000368748, ../Ntranos_Rotation/ESM-SaProt/AF-Q9BYE4-F1-model_v4.pdb.gz
INFO:2025-10-30 14:45:37,136:Successfully computed HSC for Q9BYE4.
INFO:2025-10-30 14:45:37,136:Processing Q9BYE7 with model AF-Q9BYE7-F1-model_v4.pdb
INFO:2025-10-30 14:45:37,231:Computing HSC features for: Q9BYE7, ENST00000369847, ../Ntranos_Rotation/ESM-SaProt/AF-Q9BYE7-F1-model_v4.pdb.gz
INFO:2025-10-30 14:46:16,139:Successfully computed HSC for Q9BYE7.
INFO:2025-10-30 14:46:16,139:Processing Q9BYE9 with model AF-Q9BYE9-F1-model_v4.pdb
INFO:2025-10-30 14:46:16,515:Computing HSC features for: Q9BYE9, ENST00000261944, ../Ntranos_Rotation/ESM-SaProt/AF-Q9BYE9-F1-model_v4.pdb.gz
INFO:2025-10-30 14:49:24,104:Successfully computed HSC for Q9BYE9.
INFO:2025-10-30 14:49:24,104:Processing Q9BYF1 with model AF-Q9BYF1-F1-model_v4.pdb
INFO:2025-10-30 14:49:24,255:Computing HSC features for: Q9BYF1, ENST00000252519, ../Ntranos_Rotation/ESM-SaProt/AF-Q9BYF1-F1-model_v4.pdb.gz
INFO:2025-10-30 14:50:55,605:Successfully computed HSC for Q9BYF1.
INFO:2025-10-30 14:50:55,606:Processing Q9BYG0 with model AF-Q9BYG0-F1-model_v4.pdb
INFO:2025-10-30 14:50:55,685:Computing HSC features for: Q9BYG0, ENST00000326505, ../Ntranos_Rotation/ESM-SaProt/AF-Q9BYG0-F1-model_v4.pdb.gz
INFO:2025-10-30 14:51:41,875:Successfully computed HSC for Q9BYG0.
INFO:2025-10-30 14:51:41,875:Processing Q9BYG3 with model AF-Q9BYG3-F1-model_v4.pdb
INFO:2025-10-30 14:51:41,951:Computing HSC features for: Q9BYG3, ENST00000285814, ../Ntranos_Rotation/ESM-SaProt/AF-Q9BYG3-F1-model_v4.pdb.gz
INFO:2025-10-30 14:52:21,163:Successfully computed HSC for Q9BYG3.
INFO:2025-10-30 14:52:21,163:Processing Q9BYG4 with model AF-Q9BYG4-F1-model_v4.pdb
INFO:2025-10-30 14:52:21,244:Computing HSC features for: Q9BYG4, ENST00000353265, ../Ntranos_Rotation/ESM-SaProt/AF-Q9BYG4-F1-model_v4.pdb.gz
INFO:2025-10-30 14:53:51,933:Successfully computed HSC for Q9BYG4.
INFO:2025-10-30 14:53:51,933:Processing Q9BYG5 with model AF-Q9BYG5-F1-model_v4.pdb
INFO:2025-10-30 14:53:52,016:Computing HSC features for: Q9BYG5, ENST00000371610, ../Ntranos_Rotation/ESM-SaProt/AF-Q9BYG5-F1-model_v4.pdb.gz
INFO:2025-10-30 14:54:23,154:Successfully computed HSC for Q9BYG5.
INFO:2025-10-30 14:54:23,154:Processing Q9BYG7 with model AF-Q9BYG7-F1-model_v4.pdb
INFO:2025-10-30 14:54:23,207:Computing HSC features for: Q9BYG7, ENST00000256425, ../Ntranos_Rotation/ESM-SaProt/AF-Q9BYG7-F1-model_v4.pdb.gz
INFO:2025-10-30 14:54:53,454:Successfully computed HSC for Q9BYG7.
INFO:2025-10-30 14:54:53,454:Processing Q9BYG8 with model AF-Q9BYG8-F1-model_v4.pdb
INFO:2025-10-30 14:54:53,601:Computing HSC features for: Q9BYG8, ENST00000276708, ../Ntranos_Rotation/ESM-SaProt/AF-Q9BYG8-F1-model_v4.pdb.gz
INFO:2025-10-30 14:55:52,863:Successfully computed HSC for Q9BYG8.
INFO:2025-10-30 14:55:52,863:Processing Q9BYH1 with model AF-Q9BYH1-F1-model_v4.pdb
INFO:2025-10-30 14:55:53,063:Computing HSC features for: Q9BYH1, ENST00000248933, ../Ntranos_Rotation/ESM-SaProt/AF-Q9BYH1-F1-model_v4.pdb.gz
INFO:2025-10-30 14:58:38,725:Successfully computed HSC for Q9BYH1.
INFO:2025-10-30 14:58:38,725:Processing Q9BYH8 with model AF-Q9BYH8-F1-model_v4.pdb
INFO:2025-10-30 14:58:38,897:Computing HSC features for: Q9BYH8, ENST00000326172, ../Ntranos_Rotation/ESM-SaProt/AF-Q9BYH8-F1-model_v4.pdb.gz
INFO:2025-10-30 14:59:47,808:Successfully computed HSC for Q9BYH8.
INFO:2025-10-30 14:59:47,808:Processing Q9BYI3 with model AF-Q9BYI3-F1-model_v4.pdb
INFO:2025-10-30 14:59:47,872:Computing HSC features for: Q9BYI3, ENST00000432176, ../Ntranos_Rotation/ESM-SaProt/AF-Q9BYI3-F1-model_v4.pdb.gz
INFO:2025-10-30 15:00:24,719:Successfully computed HSC for Q9BYI3.
INFO:2025-10-30 15:00:24,719:Processing Q9BYJ0 with model AF-Q9BYJ0-F1-model_v4.pdb
INFO:2025-10-30 15:00:24,792:Computing HSC features for: Q9BYJ0, ENST00000259989, ../Ntranos_Rotation/ESM-SaProt/AF-Q9BYJ0-F1-model_v4.pdb.gz
INFO:2025-10-30 15:00:49,136:Successfully computed HSC for Q9BYJ0.
INFO:2025-10-30 15:00:49,136:Processing Q9BYJ1 with model AF-Q9BYJ1-F1-model_v4.pdb
INFO:2025-10-30 15:00:49,223:Computing HSC features for: Q9BYJ1, ENST00000380149, ../Ntranos_Rotation/ESM-SaProt/AF-Q9BYJ1-F1-model_v4.pdb.gz
INFO:2025-10-30 15:02:01,634:Successfully computed HSC for Q9BYJ1.
INFO:2025-10-30 15:02:01,634:Processing Q9BYJ4 with model AF-Q9BYJ4-F1-model_v4.pdb
INFO:2025-10-30 15:02:01,746:Computing HSC features for: Q9BYJ4, ENST00000429814, ../Ntranos_Rotation/ESM-SaProt/AF-Q9BYJ4-F1-model_v4.pdb.gz
INFO:2025-10-30 15:02:36,092:Successfully computed HSC for Q9BYJ4.
INFO:2025-10-30 15:02:36,092:Processing Q9BYJ9 with model AF-Q9BYJ9-F1-model_v4.pdb
INFO:2025-10-30 15:02:36,168:Computing HSC features for: Q9BYJ9, ENST00000370339, ../Ntranos_Rotation/ESM-SaProt/AF-Q9BYJ9-F1-model_v4.pdb.gz
INFO:2025-10-30 15:03:31,896:Successfully computed HSC for Q9BYJ9.
INFO:2025-10-30 15:03:31,896:Processing Q9BYK8 with model AF-Q9BYK8-F1-model_v4.pdb
ERROR:2025-10-30 15:03:32,160:No valid CDS found for Q9BYK8
INFO:2025-10-30 15:03:32,160:Processing Q9BYL1 with model AF-Q9BYL1-F1-model_v4.pdb
INFO:2025-10-30 15:03:32,229:Computing HSC features for: Q9BYL1, ENST00000369886, ../Ntranos_Rotation/ESM-SaProt/AF-Q9BYL1-F1-model_v4.pdb.gz
INFO:2025-10-30 15:03:56,761:Successfully computed HSC for Q9BYL1.
INFO:2025-10-30 15:03:56,761:Processing Q9BYM8 with model AF-Q9BYM8-F1-model_v4.pdb
INFO:2025-10-30 15:03:56,824:Computing HSC features for: Q9BYM8, ENST00000356286, ../Ntranos_Rotation/ESM-SaProt/AF-Q9BYM8-F1-model_v4.pdb.gz
INFO:2025-10-30 15:04:52,932:Successfully computed HSC for Q9BYM8.
INFO:2025-10-30 15:04:52,932:Processing Q9BYN0 with model AF-Q9BYN0-F1-model_v4.pdb
INFO:2025-10-30 15:04:52,997:Computing HSC features for: Q9BYN0, ENST00000381962, ../Ntranos_Rotation/ESM-SaProt/AF-Q9BYN0-F1-model_v4.pdb.gz
INFO:2025-10-30 15:05:13,411:Successfully computed HSC for Q9BYN0.
INFO:2025-10-30 15:05:13,411:Processing Q9BYN7 with model AF-Q9BYN7-F1-model_v4.pdb
INFO:2025-10-30 15:05:13,517:Computing HSC features for: Q9BYN7, ENST00000375200, ../Ntranos_Rotation/ESM-SaProt/AF-Q9BYN7-F1-model_v4.pdb.gz
INFO:2025-10-30 15:06:40,172:Successfully computed HSC for Q9BYN7.
INFO:2025-10-30 15:06:40,173:Processing Q9BYN8 with model AF-Q9BYN8-F1-model_v4.pdb
INFO:2025-10-30 15:06:40,225:Computing HSC features for: Q9BYN8, ENST00000380325, ../Ntranos_Rotation/ESM-SaProt/AF-Q9BYN8-F1-model_v4.pdb.gz
INFO:2025-10-30 15:07:11,458:Successfully computed HSC for Q9BYN8.
INFO:2025-10-30 15:07:11,458:Processing Q9BYP7 with model AF-Q9BYP7-F1-model_v4.pdb
INFO:2025-10-30 15:07:11,645:Computing HSC features for: Q9BYP7, ENST00000354646, ../Ntranos_Rotation/ESM-SaProt/AF-Q9BYP7-F1-model_v4.pdb.gz
INFO:2025-10-30 15:09:19,021:Successfully computed HSC for Q9BYP7.
INFO:2025-10-30 15:09:19,021:Processing Q9BYP8 with model AF-Q9BYP8-F1-model_v4.pdb
ERROR:2025-10-30 15:09:19,062:No transcript record found for Q9BYP8 in gnomAD.
INFO:2025-10-30 15:09:19,062:Processing Q9BYP9 with model AF-Q9BYP9-F1-model_v4.pdb
ERROR:2025-10-30 15:09:19,114:No valid CDS found for Q9BYP9
INFO:2025-10-30 15:09:19,114:Processing Q9BYQ0 with model AF-Q9BYQ0-F1-model_v4.pdb
INFO:2025-10-30 15:09:19,157:Computing HSC features for: Q9BYQ0, ENST00000254072, ../Ntranos_Rotation/ESM-SaProt/AF-Q9BYQ0-F1-model_v4.pdb.gz
INFO:2025-10-30 15:09:31,369:Successfully computed HSC for Q9BYQ0.
INFO:2025-10-30 15:09:31,369:Processing Q9BYQ2 with model AF-Q9BYQ2-F1-model_v4.pdb
INFO:2025-10-30 15:09:31,403:Computing HSC features for: Q9BYQ2, ENST00000334109, ../Ntranos_Rotation/ESM-SaProt/AF-Q9BYQ2-F1-model_v4.pdb.gz
INFO:2025-10-30 15:09:42,554:Successfully computed HSC for Q9BYQ2.
INFO:2025-10-30 15:09:42,554:Processing Q9BYQ3 with model AF-Q9BYQ3-F1-model_v4.pdb
ERROR:2025-10-30 15:09:42,588:No transcript record found for Q9BYQ3 in gnomAD.
INFO:2025-10-30 15:09:42,589:Processing Q9BYQ4 with model AF-Q9BYQ4-F1-model_v4.pdb
INFO:2025-10-30 15:09:42,616:Computing HSC features for: Q9BYQ4, ENST00000377721, ../Ntranos_Rotation/ESM-SaProt/AF-Q9BYQ4-F1-model_v4.pdb.gz
INFO:2025-10-30 15:09:55,820:Successfully computed HSC for Q9BYQ4.
INFO:2025-10-30 15:09:55,820:Processing Q9BYQ5 with model AF-Q9BYQ5-F1-model_v4.pdb
ERROR:2025-10-30 15:09:55,883:No transcript record found for Q9BYQ5 in gnomAD.
INFO:2025-10-30 15:09:55,883:Processing Q9BYQ6 with model AF-Q9BYQ6-F1-model_v4.pdb
ERROR:2025-10-30 15:09:55,932:No transcript record found for Q9BYQ6 in gnomAD.
INFO:2025-10-30 15:09:55,932:Processing Q9BYQ7 with model AF-Q9BYQ7-F1-model_v4.pdb
INFO:2025-10-30 15:09:55,974:Computing HSC features for: Q9BYQ7, ENST00000398472, ../Ntranos_Rotation/ESM-SaProt/AF-Q9BYQ7-F1-model_v4.pdb.gz
INFO:2025-10-30 15:10:16,754:Successfully computed HSC for Q9BYQ7.
INFO:2025-10-30 15:10:16,754:Pipeline completed.
INFO:2025-10-30 15:10:16,754:no_enst_for_uniprot: 0
INFO:2025-10-30 15:10:16,754:no_valid_cds: 4
INFO:2025-10-30 15:10:16,754:no_variant_data: 4
INFO:2025-10-30 15:10:16,754:bad_structure: 0
INFO:2025-10-30 15:10:16,754:no_enst_mp: 1
