INFO:2025-10-30 14:59:03,795:Starting HSC computation pipeline...
INFO:2025-10-30 15:00:19,712:Processing A6NNP5 with model AF-A6NNP5-F1-model_v4.pdb
INFO:2025-10-30 15:00:19,814:Computing HSC features for: A6NNP5, ENST00000239859, ../Ntranos_Rotation/ESM-SaProt/AF-A6NNP5-F1-model_v4.pdb.gz
INFO:2025-10-30 15:00:43,601:Successfully computed HSC for A6NNP5.
INFO:2025-10-30 15:00:43,601:Processing A6NNS2 with model AF-A6NNS2-F1-model_v4.pdb
INFO:2025-10-30 15:00:43,691:Computing HSC features for: A6NNS2, ENST00000330255, ../Ntranos_Rotation/ESM-SaProt/AF-A6NNS2-F1-model_v4.pdb.gz
INFO:2025-10-30 15:01:14,869:Successfully computed HSC for A6NNS2.
INFO:2025-10-30 15:01:14,869:Processing A6NNT2 with model AF-A6NNT2-F1-model_v4.pdb
INFO:2025-10-30 15:01:15,118:Computing HSC features for: A6NNT2, ENST00000444310, ../Ntranos_Rotation/ESM-SaProt/AF-A6NNT2-F1-model_v4.pdb.gz
INFO:2025-10-30 15:02:54,974:Successfully computed HSC for A6NNT2.
INFO:2025-10-30 15:02:54,974:Processing A6NNV3 with model AF-A6NNV3-F1-model_v4.pdb
ERROR:2025-10-30 15:02:55,062:No transcript record found for A6NNV3 in gnomAD.
INFO:2025-10-30 15:02:55,062:Processing A6NNW6 with model AF-A6NNW6-F1-model_v4.pdb
INFO:2025-10-30 15:02:55,190:Computing HSC features for: A6NNW6, ENST00000341276, ../Ntranos_Rotation/ESM-SaProt/AF-A6NNW6-F1-model_v4.pdb.gz
INFO:2025-10-30 15:03:43,161:Successfully computed HSC for A6NNW6.
INFO:2025-10-30 15:03:43,161:Processing A6NNX1 with model AF-A6NNX1-F1-model_v4.pdb
INFO:2025-10-30 15:03:43,250:Computing HSC features for: A6NNX1, ENST00000479191, ../Ntranos_Rotation/ESM-SaProt/AF-A6NNX1-F1-model_v4.pdb.gz
INFO:2025-10-30 15:03:57,348:Successfully computed HSC for A6NNX1.
INFO:2025-10-30 15:03:57,348:Processing A6NNY8 with model AF-A6NNY8-F1-model_v4.pdb
ERROR:2025-10-30 15:03:57,449:No transcript record found for A6NNY8 in gnomAD.
INFO:2025-10-30 15:03:57,449:Processing A6NNZ2 with model AF-A6NNZ2-F1-model_v4.pdb
INFO:2025-10-30 15:03:57,578:Computing HSC features for: A6NNZ2, ENST00000308911, ../Ntranos_Rotation/ESM-SaProt/AF-A6NNZ2-F1-model_v4.pdb.gz
ERROR:2025-10-30 15:03:57,753:Missing ENST record in counts: ENST00000308911
INFO:2025-10-30 15:03:57,753:Processing A6NP11 with model AF-A6NP11-F1-model_v4.pdb
INFO:2025-10-30 15:03:57,881:Computing HSC features for: A6NP11, ENST00000420713, ../Ntranos_Rotation/ESM-SaProt/AF-A6NP11-F1-model_v4.pdb.gz
INFO:2025-10-30 15:04:47,632:Successfully computed HSC for A6NP11.
INFO:2025-10-30 15:04:47,632:Processing A6NP61 with model AF-A6NP61-F1-model_v4.pdb
INFO:2025-10-30 15:04:47,758:Computing HSC features for: A6NP61, ENST00000345108, ../Ntranos_Rotation/ESM-SaProt/AF-A6NP61-F1-model_v4.pdb.gz
INFO:2025-10-30 15:05:27,204:Successfully computed HSC for A6NP61.
INFO:2025-10-30 15:05:27,204:Processing A6PVC2 with model AF-A6PVC2-F1-model_v4.pdb
ERROR:2025-10-30 15:05:27,399:No ENST transcript IDs were mapped to A6PVC2
INFO:2025-10-30 15:05:27,399:Processing A6PVI3 with model AF-A6PVI3-F1-model_v4.pdb
INFO:2025-10-30 15:05:27,508:Computing HSC features for: A6PVI3, ENST00000509000, ../Ntranos_Rotation/ESM-SaProt/AF-A6PVI3-F1-model_v4.pdb.gz
INFO:2025-10-30 15:05:45,426:Successfully computed HSC for A6PVI3.
INFO:2025-10-30 15:05:45,426:Processing A6PVL3 with model AF-A6PVL3-F1-model_v4.pdb
INFO:2025-10-30 15:05:45,467:Computing HSC features for: A6PVL3, ENST00000481882, ../Ntranos_Rotation/ESM-SaProt/AF-A6PVL3-F1-model_v4.pdb.gz
INFO:2025-10-30 15:06:04,841:Successfully computed HSC for A6PVL3.
INFO:2025-10-30 15:06:04,842:Processing A6PVS8 with model AF-A6PVS8-F1-model_v4.pdb
INFO:2025-10-30 15:06:05,008:Computing HSC features for: A6PVS8, ENST00000354431, ../Ntranos_Rotation/ESM-SaProt/AF-A6PVS8-F1-model_v4.pdb.gz
INFO:2025-10-30 15:07:04,309:Successfully computed HSC for A6PVS8.
INFO:2025-10-30 15:07:04,309:Processing A6PVY3 with model AF-A6PVY3-F1-model_v4.pdb
INFO:2025-10-30 15:07:04,384:Computing HSC features for: A6PVY3, ENST00000360827, ../Ntranos_Rotation/ESM-SaProt/AF-A6PVY3-F1-model_v4.pdb.gz
INFO:2025-10-30 15:07:21,848:Successfully computed HSC for A6PVY3.
INFO:2025-10-30 15:07:21,848:Processing A6QL63 with model AF-A6QL63-F1-model_v4.pdb
INFO:2025-10-30 15:07:22,078:Computing HSC features for: A6QL63, ENST00000280758, ../Ntranos_Rotation/ESM-SaProt/AF-A6QL63-F1-model_v4.pdb.gz
INFO:2025-10-30 15:10:25,618:Successfully computed HSC for A6QL63.
INFO:2025-10-30 15:10:25,618:Processing A6QL64 with model AF-A6QL64-F1-model_v4.pdb
ERROR:2025-10-30 15:10:25,849:No transcript record found for A6QL64 in gnomAD.
INFO:2025-10-30 15:10:25,849:Processing A6XGL0 with model AF-A6XGL0-F1-model_v4.pdb
INFO:2025-10-30 15:10:25,903:Computing HSC features for: A6XGL0, ENST00000514277, ../Ntranos_Rotation/ESM-SaProt/AF-A6XGL0-F1-model_v4.pdb.gz
INFO:2025-10-30 15:11:04,887:Successfully computed HSC for A6XGL0.
INFO:2025-10-30 15:11:04,888:Processing A7E2F4 with model AF-A7E2F4-F1-model_v4.pdb
ERROR:2025-10-30 15:11:05,026:No valid CDS found for A7E2F4
INFO:2025-10-30 15:11:05,026:Processing A7E2S9 with model AF-A7E2S9-F1-model_v4.pdb
INFO:2025-10-30 15:11:05,151:Computing HSC features for: A7E2S9, ENST00000409867, ../Ntranos_Rotation/ESM-SaProt/AF-A7E2S9-F1-model_v4.pdb.gz
ERROR:2025-10-30 15:11:05,252:Missing ENST record in counts: ENST00000409867
INFO:2025-10-30 15:11:05,252:Processing A7E2U8 with model AF-A7E2U8-F1-model_v4.pdb
INFO:2025-10-30 15:11:05,343:Computing HSC features for: A7E2U8, ENST00000378850, ../Ntranos_Rotation/ESM-SaProt/AF-A7E2U8-F1-model_v4.pdb.gz
INFO:2025-10-30 15:11:40,807:Successfully computed HSC for A7E2U8.
INFO:2025-10-30 15:11:40,807:Processing A7E2V4 with model AF-A7E2V4-F1-model_v4.pdb
INFO:2025-10-30 15:11:41,120:Computing HSC features for: A7E2V4, ENST00000605216, ../Ntranos_Rotation/ESM-SaProt/AF-A7E2V4-F1-model_v4.pdb.gz
INFO:2025-10-30 15:15:26,218:Successfully computed HSC for A7E2V4.
INFO:2025-10-30 15:15:26,218:Processing A7E2Y1 with model AF-A7E2Y1-F1-model_v4.pdb
ERROR:2025-10-30 15:15:26,447:No valid CDS found for A7E2Y1
INFO:2025-10-30 15:15:26,447:Processing A7KAX9 with model AF-A7KAX9-F1-model_v4.pdb
INFO:2025-10-30 15:15:26,765:Computing HSC features for: A7KAX9, ENST00000310343, ../Ntranos_Rotation/ESM-SaProt/AF-A7KAX9-F1-model_v4.pdb.gz
INFO:2025-10-30 15:18:12,742:Successfully computed HSC for A7KAX9.
INFO:2025-10-30 15:18:12,742:Processing A7MBM2 with model AF-A7MBM2-F1-model_v4.pdb
INFO:2025-10-30 15:18:12,913:Computing HSC features for: A7MBM2, ENST00000267889, ../Ntranos_Rotation/ESM-SaProt/AF-A7MBM2-F1-model_v4.pdb.gz
INFO:2025-10-30 15:20:26,461:Successfully computed HSC for A7MBM2.
INFO:2025-10-30 15:20:26,461:Processing A7MCY6 with model AF-A7MCY6-F1-model_v4.pdb
INFO:2025-10-30 15:20:26,546:Computing HSC features for: A7MCY6, ENST00000361722, ../Ntranos_Rotation/ESM-SaProt/AF-A7MCY6-F1-model_v4.pdb.gz
INFO:2025-10-30 15:21:43,397:Successfully computed HSC for A7MCY6.
INFO:2025-10-30 15:21:43,397:Processing A7MD48 with model AF-A7MD48-F1-model_v4.pdb
INFO:2025-10-30 15:21:43,493:Computing HSC features for: A7MD48, ENST00000267260, ../Ntranos_Rotation/ESM-SaProt/AF-A7MD48-F1-model_v4.pdb.gz
INFO:2025-10-30 15:22:46,707:Successfully computed HSC for A7MD48.
INFO:2025-10-30 15:22:46,707:Processing A7XYQ1 with model AF-A7XYQ1-F1-model_v4.pdb
INFO:2025-10-30 15:22:46,995:Computing HSC features for: A7XYQ1, ENST00000317357, ../Ntranos_Rotation/ESM-SaProt/AF-A7XYQ1-F1-model_v4.pdb.gz
INFO:2025-10-30 15:25:38,809:Successfully computed HSC for A7XYQ1.
INFO:2025-10-30 15:25:38,809:Processing A8CG34 with model AF-A8CG34-F1-model_v4.pdb
ERROR:2025-10-30 15:25:39,028:No transcript record found for A8CG34 in gnomAD.
INFO:2025-10-30 15:25:39,028:Processing A8K010 with model AF-A8K010-F1-model_v4.pdb
ERROR:2025-10-30 15:25:39,085:No ENST transcript IDs were mapped to A8K010
INFO:2025-10-30 15:25:39,085:Processing A8K0R7 with model AF-A8K0R7-F1-model_v4.pdb
INFO:2025-10-30 15:25:39,264:Computing HSC features for: A8K0R7, ENST00000558850, ../Ntranos_Rotation/ESM-SaProt/AF-A8K0R7-F1-model_v4.pdb.gz
INFO:2025-10-30 15:27:31,271:Successfully computed HSC for A8K0R7.
INFO:2025-10-30 15:27:31,271:Processing A8K0S8 with model AF-A8K0S8-F1-model_v4.pdb
ERROR:2025-10-30 15:27:31,354:No ENST transcript IDs were mapped to A8K0S8
INFO:2025-10-30 15:27:31,354:Processing A8K0Z3 with model AF-A8K0Z3-F1-model_v4.pdb
ERROR:2025-10-30 15:27:31,453:No transcript record found for A8K0Z3 in gnomAD.
INFO:2025-10-30 15:27:31,453:Processing A8K2U0 with model AF-A8K2U0-F1-model_v4.pdb
INFO:2025-10-30 15:27:31,727:Computing HSC features for: A8K2U0, ENST00000299698, ../Ntranos_Rotation/ESM-SaProt/AF-A8K2U0-F1-model_v4.pdb.gz
INFO:2025-10-30 15:30:33,574:Successfully computed HSC for A8K2U0.
INFO:2025-10-30 15:30:33,574:Processing A8K4G0 with model AF-A8K4G0-F1-model_v4.pdb
ERROR:2025-10-30 15:30:33,654:No transcript record found for A8K4G0 in gnomAD.
INFO:2025-10-30 15:30:33,654:Processing A8K554 with model AF-A8K554-F1-model_v4.pdb
ERROR:2025-10-30 15:30:33,918:No ENST transcript IDs were mapped to A8K554
INFO:2025-10-30 15:30:33,918:Processing A8K5M9 with model AF-A8K5M9-F1-model_v4.pdb
INFO:2025-10-30 15:30:33,984:Computing HSC features for: A8K5M9, ENST00000344320, ../Ntranos_Rotation/ESM-SaProt/AF-A8K5M9-F1-model_v4.pdb.gz
INFO:2025-10-30 15:31:01,294:Successfully computed HSC for A8K5M9.
INFO:2025-10-30 15:31:01,294:Processing A8K7I4 with model AF-A8K7I4-F1-model_v4.pdb
INFO:2025-10-30 15:31:01,409:Computing HSC features for: A8K7I4, ENST00000234701, ../Ntranos_Rotation/ESM-SaProt/AF-A8K7I4-F1-model_v4.pdb.gz
INFO:2025-10-30 15:32:03,476:Successfully computed HSC for A8K7I4.
INFO:2025-10-30 15:32:03,476:Processing A8K830 with model AF-A8K830-F1-model_v4.pdb
INFO:2025-10-30 15:32:03,639:Computing HSC features for: A8K830, ENST00000398035, ../Ntranos_Rotation/ESM-SaProt/AF-A8K830-F1-model_v4.pdb.gz
INFO:2025-10-30 15:32:22,567:Successfully computed HSC for A8K830.
INFO:2025-10-30 15:32:22,567:Processing A8K855 with model AF-A8K855-F1-model_v4.pdb
INFO:2025-10-30 15:32:22,698:Computing HSC features for: A8K855, ENST00000371088, ../Ntranos_Rotation/ESM-SaProt/AF-A8K855-F1-model_v4.pdb.gz
INFO:2025-10-30 15:33:27,632:Successfully computed HSC for A8K855.
INFO:2025-10-30 15:33:27,633:Processing A8K8P3 with model AF-A8K8P3-F1-model_v4.pdb
INFO:2025-10-30 15:33:27,873:Computing HSC features for: A8K8P3, ENST00000400288, ../Ntranos_Rotation/ESM-SaProt/AF-A8K8P3-F1-model_v4.pdb.gz
INFO:2025-10-30 15:36:01,827:Successfully computed HSC for A8K8P3.
INFO:2025-10-30 15:36:01,827:Processing A8K8V0 with model AF-A8K8V0-F1-model_v4.pdb
INFO:2025-10-30 15:36:01,924:Computing HSC features for: A8K8V0, ENST00000395216, ../Ntranos_Rotation/ESM-SaProt/AF-A8K8V0-F1-model_v4.pdb.gz
INFO:2025-10-30 15:36:49,079:Successfully computed HSC for A8K8V0.
INFO:2025-10-30 15:36:49,080:Processing A8K979 with model AF-A8K979-F1-model_v4.pdb
INFO:2025-10-30 15:36:49,173:Computing HSC features for: A8K979, ENST00000357967, ../Ntranos_Rotation/ESM-SaProt/AF-A8K979-F1-model_v4.pdb.gz
INFO:2025-10-30 15:37:31,128:Successfully computed HSC for A8K979.
INFO:2025-10-30 15:37:31,128:Processing A8MPP1 with model AF-A8MPP1-F1-model_v4.pdb
ERROR:2025-10-30 15:37:31,330:No ENST transcript IDs were mapped to A8MPP1
INFO:2025-10-30 15:37:31,330:Processing A8MPS7 with model AF-A8MPS7-F1-model_v4.pdb
INFO:2025-10-30 15:37:31,411:Computing HSC features for: A8MPS7, ENST00000292778, ../Ntranos_Rotation/ESM-SaProt/AF-A8MPS7-F1-model_v4.pdb.gz
INFO:2025-10-30 15:38:59,831:Successfully computed HSC for A8MPS7.
INFO:2025-10-30 15:38:59,831:Processing A8MPX8 with model AF-A8MPX8-F1-model_v4.pdb
INFO:2025-10-30 15:38:59,987:Computing HSC features for: A8MPX8, ENST00000389050, ../Ntranos_Rotation/ESM-SaProt/AF-A8MPX8-F1-model_v4.pdb.gz
INFO:2025-10-30 15:40:13,280:Successfully computed HSC for A8MPX8.
INFO:2025-10-30 15:40:13,281:Processing A8MPY1 with model AF-A8MPY1-F1-model_v4.pdb
ERROR:2025-10-30 15:40:13,386:No transcript record found for A8MPY1 in gnomAD.
INFO:2025-10-30 15:40:13,387:Processing A8MQ03 with model AF-A8MQ03-F1-model_v4.pdb
ERROR:2025-10-30 15:40:13,455:No transcript record found for A8MQ03 in gnomAD.
INFO:2025-10-30 15:40:13,455:Processing A8MQ11 with model AF-A8MQ11-F1-model_v4.pdb
ERROR:2025-10-30 15:40:13,664:No ENST transcript IDs were mapped to A8MQ11
INFO:2025-10-30 15:40:13,664:Processing A8MQ14 with model AF-A8MQ14-F1-model_v4.pdb
INFO:2025-10-30 15:40:13,905:Computing HSC features for: A8MQ14, ENST00000591344, ../Ntranos_Rotation/ESM-SaProt/AF-A8MQ14-F1-model_v4.pdb.gz
INFO:2025-10-30 15:42:33,010:Successfully computed HSC for A8MQ14.
INFO:2025-10-30 15:42:33,010:Pipeline completed.
INFO:2025-10-30 15:42:33,010:no_enst_for_uniprot: 6
INFO:2025-10-30 15:42:33,010:no_valid_cds: 2
INFO:2025-10-30 15:42:33,010:no_variant_data: 8
INFO:2025-10-30 15:42:33,010:bad_structure: 0
INFO:2025-10-30 15:42:33,010:no_enst_mp: 2
