INFO:2025-10-30 14:59:04,085:Starting HSC computation pipeline...
INFO:2025-10-30 15:00:05,332:Processing O94916 with model AF-O94916-F1-model_v4.pdb
INFO:2025-10-30 15:00:05,600:Computing HSC features for: O94916, ENST00000354436, ../Ntranos_Rotation/ESM-SaProt/AF-O94916-F1-model_v4.pdb.gz
INFO:2025-10-30 15:01:53,768:Successfully computed HSC for O94916.
INFO:2025-10-30 15:01:53,768:Processing O94919 with model AF-O94919-F1-model_v4.pdb
INFO:2025-10-30 15:01:53,922:Computing HSC features for: O94919, ENST00000278505, ../Ntranos_Rotation/ESM-SaProt/AF-O94919-F1-model_v4.pdb.gz
INFO:2025-10-30 15:02:31,740:Successfully computed HSC for O94919.
INFO:2025-10-30 15:02:31,740:Processing O94921 with model AF-O94921-F1-model_v4.pdb
INFO:2025-10-30 15:02:31,809:Computing HSC features for: O94921, ENST00000380050, ../Ntranos_Rotation/ESM-SaProt/AF-O94921-F1-model_v4.pdb.gz
INFO:2025-10-30 15:03:17,272:Successfully computed HSC for O94921.
INFO:2025-10-30 15:03:17,272:Processing O94923 with model AF-O94923-F1-model_v4.pdb
INFO:2025-10-30 15:03:17,407:Computing HSC features for: O94923, ENST00000261858, ../Ntranos_Rotation/ESM-SaProt/AF-O94923-F1-model_v4.pdb.gz
INFO:2025-10-30 15:04:13,108:Successfully computed HSC for O94923.
INFO:2025-10-30 15:04:13,108:Processing O94925 with model AF-O94925-F1-model_v4.pdb
INFO:2025-10-30 15:04:13,240:Computing HSC features for: O94925, ENST00000320717, ../Ntranos_Rotation/ESM-SaProt/AF-O94925-F1-model_v4.pdb.gz
INFO:2025-10-30 15:05:28,887:Successfully computed HSC for O94925.
INFO:2025-10-30 15:05:28,887:Processing O94927 with model AF-O94927-F1-model_v4.pdb
INFO:2025-10-30 15:05:29,028:Computing HSC features for: O94927, ENST00000203166, ../Ntranos_Rotation/ESM-SaProt/AF-O94927-F1-model_v4.pdb.gz
INFO:2025-10-30 15:06:39,935:Successfully computed HSC for O94927.
INFO:2025-10-30 15:06:39,935:Processing O94929 with model AF-O94929-F1-model_v4.pdb
INFO:2025-10-30 15:06:40,079:Computing HSC features for: O94929, ENST00000309868, ../Ntranos_Rotation/ESM-SaProt/AF-O94929-F1-model_v4.pdb.gz
INFO:2025-10-30 15:07:53,003:Successfully computed HSC for O94929.
INFO:2025-10-30 15:07:53,004:Processing O94933 with model AF-O94933-F1-model_v4.pdb
INFO:2025-10-30 15:07:53,176:Computing HSC features for: O94933, ENST00000241274, ../Ntranos_Rotation/ESM-SaProt/AF-O94933-F1-model_v4.pdb.gz
INFO:2025-10-30 15:09:25,050:Successfully computed HSC for O94933.
INFO:2025-10-30 15:09:25,050:Processing O94941 with model AF-O94941-F1-model_v4.pdb
INFO:2025-10-30 15:09:25,156:Computing HSC features for: O94941, ENST00000217173, ../Ntranos_Rotation/ESM-SaProt/AF-O94941-F1-model_v4.pdb.gz
INFO:2025-10-30 15:10:17,599:Successfully computed HSC for O94941.
INFO:2025-10-30 15:10:17,599:Processing O94952 with model AF-O94952-F1-model_v4.pdb
INFO:2025-10-30 15:10:17,732:Computing HSC features for: O94952, ENST00000330622, ../Ntranos_Rotation/ESM-SaProt/AF-O94952-F1-model_v4.pdb.gz
INFO:2025-10-30 15:11:25,997:Successfully computed HSC for O94952.
INFO:2025-10-30 15:11:25,997:Processing O94953 with model AF-O94953-F1-model_v4.pdb
ERROR:2025-10-30 15:11:26,251:No valid CDS found for O94953
INFO:2025-10-30 15:11:26,251:Processing O94955 with model AF-O94955-F1-model_v4.pdb
INFO:2025-10-30 15:11:26,336:Computing HSC features for: O94955, ENST00000379982, ../Ntranos_Rotation/ESM-SaProt/AF-O94955-F1-model_v4.pdb.gz
INFO:2025-10-30 15:12:06,368:Successfully computed HSC for O94955.
INFO:2025-10-30 15:12:06,368:Processing O94956 with model AF-O94956-F1-model_v4.pdb
INFO:2025-10-30 15:12:06,470:Computing HSC features for: O94956, ENST00000289575, ../Ntranos_Rotation/ESM-SaProt/AF-O94956-F1-model_v4.pdb.gz
INFO:2025-10-30 15:12:57,660:Successfully computed HSC for O94956.
INFO:2025-10-30 15:12:57,660:Processing O94964 with model AF-O94964-F1-model_v4.pdb
ERROR:2025-10-30 15:12:57,804:No valid CDS found for O94964
INFO:2025-10-30 15:12:57,804:Processing O94966 with model AF-O94966-F1-model_v4.pdb
INFO:2025-10-30 15:12:57,943:Computing HSC features for: O94966, ENST00000398888, ../Ntranos_Rotation/ESM-SaProt/AF-O94966-F1-model_v4.pdb.gz
INFO:2025-10-30 15:14:46,965:Successfully computed HSC for O94966.
INFO:2025-10-30 15:14:46,965:Processing O94967 with model AF-O94967-F1-model_v4.pdb
INFO:2025-10-30 15:14:47,066:Computing HSC features for: O94967, ENST00000369962, ../Ntranos_Rotation/ESM-SaProt/AF-O94967-F1-model_v4.pdb.gz
INFO:2025-10-30 15:15:35,538:Successfully computed HSC for O94967.
INFO:2025-10-30 15:15:35,538:Processing O94972 with model AF-O94972-F1-model_v4.pdb
INFO:2025-10-30 15:15:35,998:Computing HSC features for: O94972, ENST00000262294, ../Ntranos_Rotation/ESM-SaProt/AF-O94972-F1-model_v4.pdb.gz
INFO:2025-10-30 15:16:43,258:Successfully computed HSC for O94972.
INFO:2025-10-30 15:16:43,258:Processing O94973 with model AF-O94973-F1-model_v4.pdb
INFO:2025-10-30 15:16:43,414:Computing HSC features for: O94973, ENST00000448903, ../Ntranos_Rotation/ESM-SaProt/AF-O94973-F1-model_v4.pdb.gz
INFO:2025-10-30 15:18:06,870:Successfully computed HSC for O94973.
INFO:2025-10-30 15:18:06,871:Processing O94979 with model AF-O94979-F1-model_v4.pdb
INFO:2025-10-30 15:18:07,002:Computing HSC features for: O94979, ENST00000355196, ../Ntranos_Rotation/ESM-SaProt/AF-O94979-F1-model_v4.pdb.gz
INFO:2025-10-30 15:19:14,747:Successfully computed HSC for O94979.
INFO:2025-10-30 15:19:14,747:Processing O94983 with model AF-O94983-F1-model_v4.pdb
INFO:2025-10-30 15:19:14,870:Computing HSC features for: O94983, ENST00000348066, ../Ntranos_Rotation/ESM-SaProt/AF-O94983-F1-model_v4.pdb.gz
INFO:2025-10-30 15:20:49,438:Successfully computed HSC for O94983.
INFO:2025-10-30 15:20:49,438:Processing O94985 with model AF-O94985-F1-model_v4.pdb
INFO:2025-10-30 15:20:49,552:Computing HSC features for: O94985, ENST00000377298, ../Ntranos_Rotation/ESM-SaProt/AF-O94985-F1-model_v4.pdb.gz
INFO:2025-10-30 15:22:11,547:Successfully computed HSC for O94985.
INFO:2025-10-30 15:22:11,547:Processing O94986 with model AF-O94986-F1-model_v4.pdb
INFO:2025-10-30 15:22:11,806:Computing HSC features for: O94986, ENST00000380950, ../Ntranos_Rotation/ESM-SaProt/AF-O94986-F1-model_v4.pdb.gz
INFO:2025-10-30 15:23:50,550:Successfully computed HSC for O94986.
INFO:2025-10-30 15:23:50,550:Processing O94988 with model AF-O94988-F1-model_v4.pdb
INFO:2025-10-30 15:23:50,713:Computing HSC features for: O94988, ENST00000264344, ../Ntranos_Rotation/ESM-SaProt/AF-O94988-F1-model_v4.pdb.gz
INFO:2025-10-30 15:24:53,642:Successfully computed HSC for O94988.
INFO:2025-10-30 15:24:53,642:Processing O94989 with model AF-O94989-F1-model_v4.pdb
INFO:2025-10-30 15:24:53,735:Computing HSC features for: O94989, ENST00000361926, ../Ntranos_Rotation/ESM-SaProt/AF-O94989-F1-model_v4.pdb.gz
INFO:2025-10-30 15:26:16,243:Successfully computed HSC for O94989.
INFO:2025-10-30 15:26:16,243:Processing O94991 with model AF-O94991-F1-model_v4.pdb
INFO:2025-10-30 15:26:16,349:Computing HSC features for: O94991, ENST00000325089, ../Ntranos_Rotation/ESM-SaProt/AF-O94991-F1-model_v4.pdb.gz
INFO:2025-10-30 15:27:34,462:Successfully computed HSC for O94991.
INFO:2025-10-30 15:27:34,462:Processing O94992 with model AF-O94992-F1-model_v4.pdb
INFO:2025-10-30 15:27:34,565:Computing HSC features for: O94992, ENST00000332499, ../Ntranos_Rotation/ESM-SaProt/AF-O94992-F1-model_v4.pdb.gz
INFO:2025-10-30 15:28:11,395:Successfully computed HSC for O94992.
INFO:2025-10-30 15:28:11,395:Processing O94993 with model AF-O94993-F1-model_v4.pdb
INFO:2025-10-30 15:28:11,478:Computing HSC features for: O94993, ENST00000265007, ../Ntranos_Rotation/ESM-SaProt/AF-O94993-F1-model_v4.pdb.gz
INFO:2025-10-30 15:29:09,719:Successfully computed HSC for O94993.
INFO:2025-10-30 15:29:09,719:Processing O95006 with model AF-O95006-F1-model_v4.pdb
INFO:2025-10-30 15:29:09,783:Computing HSC features for: O95006, ENST00000408955, ../Ntranos_Rotation/ESM-SaProt/AF-O95006-F1-model_v4.pdb.gz
INFO:2025-10-30 15:29:28,153:Successfully computed HSC for O95006.
INFO:2025-10-30 15:29:28,153:Processing O95007 with model AF-O95007-F1-model_v4.pdb
INFO:2025-10-30 15:29:28,205:Computing HSC features for: O95007, ENST00000408922, ../Ntranos_Rotation/ESM-SaProt/AF-O95007-F1-model_v4.pdb.gz
INFO:2025-10-30 15:29:46,294:Successfully computed HSC for O95007.
INFO:2025-10-30 15:29:46,294:Processing O95013 with model AF-O95013-F1-model_v4.pdb
INFO:2025-10-30 15:29:46,355:Computing HSC features for: O95013, ENST00000320901, ../Ntranos_Rotation/ESM-SaProt/AF-O95013-F1-model_v4.pdb.gz
ERROR:2025-10-30 15:29:46,416:Missing ENST record in counts: ENST00000320901
INFO:2025-10-30 15:29:46,416:Processing O95025 with model AF-O95025-F1-model_v4.pdb
INFO:2025-10-30 15:29:46,629:Computing HSC features for: O95025, ENST00000284136, ../Ntranos_Rotation/ESM-SaProt/AF-O95025-F1-model_v4.pdb.gz
INFO:2025-10-30 15:30:39,122:Successfully computed HSC for O95025.
INFO:2025-10-30 15:30:39,122:Processing O95045 with model AF-O95045-F1-model_v4.pdb
INFO:2025-10-30 15:30:39,546:Computing HSC features for: O95045, ENST00000005756, ../Ntranos_Rotation/ESM-SaProt/AF-O95045-F1-model_v4.pdb.gz
INFO:2025-10-30 15:30:58,654:Successfully computed HSC for O95045.
INFO:2025-10-30 15:30:58,654:Processing O95047 with model AF-O95047-F1-model_v4.pdb
INFO:2025-10-30 15:30:58,706:Computing HSC features for: O95047, ENST00000315453, ../Ntranos_Rotation/ESM-SaProt/AF-O95047-F1-model_v4.pdb.gz
INFO:2025-10-30 15:31:18,774:Successfully computed HSC for O95047.
INFO:2025-10-30 15:31:18,775:Processing O95049 with model AF-O95049-F1-model_v4.pdb
INFO:2025-10-30 15:31:19,038:Computing HSC features for: O95049, ENST00000541714, ../Ntranos_Rotation/ESM-SaProt/AF-O95049-F1-model_v4.pdb.gz
INFO:2025-10-30 15:32:49,418:Successfully computed HSC for O95049.
INFO:2025-10-30 15:32:49,418:Processing O95050 with model AF-O95050-F1-model_v4.pdb
INFO:2025-10-30 15:32:49,468:Computing HSC features for: O95050, ENST00000013222, ../Ntranos_Rotation/ESM-SaProt/AF-O95050-F1-model_v4.pdb.gz
INFO:2025-10-30 15:33:09,802:Successfully computed HSC for O95050.
INFO:2025-10-30 15:33:09,803:Processing O95057 with model AF-O95057-F1-model_v4.pdb
INFO:2025-10-30 15:33:09,855:Computing HSC features for: O95057, ENST00000323469, ../Ntranos_Rotation/ESM-SaProt/AF-O95057-F1-model_v4.pdb.gz
INFO:2025-10-30 15:33:42,338:Successfully computed HSC for O95057.
INFO:2025-10-30 15:33:42,338:Processing O95059 with model AF-O95059-F1-model_v4.pdb
INFO:2025-10-30 15:33:42,375:Computing HSC features for: O95059, ENST00000295959, ../Ntranos_Rotation/ESM-SaProt/AF-O95059-F1-model_v4.pdb.gz
INFO:2025-10-30 15:33:50,337:Successfully computed HSC for O95059.
INFO:2025-10-30 15:33:50,337:Processing O95067 with model AF-O95067-F1-model_v4.pdb
INFO:2025-10-30 15:33:50,406:Computing HSC features for: O95067, ENST00000288207, ../Ntranos_Rotation/ESM-SaProt/AF-O95067-F1-model_v4.pdb.gz
INFO:2025-10-30 15:34:13,922:Successfully computed HSC for O95067.
INFO:2025-10-30 15:34:13,922:Processing O95069 with model AF-O95069-F1-model_v4.pdb
INFO:2025-10-30 15:34:14,008:Computing HSC features for: O95069, ENST00000444842, ../Ntranos_Rotation/ESM-SaProt/AF-O95069-F1-model_v4.pdb.gz
INFO:2025-10-30 15:34:46,696:Successfully computed HSC for O95069.
INFO:2025-10-30 15:34:46,696:Processing O95070 with model AF-O95070-F1-model_v4.pdb
INFO:2025-10-30 15:34:46,750:Computing HSC features for: O95070, ENST00000376901, ../Ntranos_Rotation/ESM-SaProt/AF-O95070-F1-model_v4.pdb.gz
INFO:2025-10-30 15:35:11,472:Successfully computed HSC for O95070.
INFO:2025-10-30 15:35:11,472:Processing O95071 with model AF-O95071-F1-model_v4.pdb
ERROR:2025-10-30 15:35:11,617:No valid CDS found for O95071
INFO:2025-10-30 15:35:11,617:Processing O95072 with model AF-O95072-F1-model_v4.pdb
ERROR:2025-10-30 15:35:11,741:No transcript record found for O95072 in gnomAD.
INFO:2025-10-30 15:35:11,742:Processing O95073 with model AF-O95073-F1-model_v4.pdb
INFO:2025-10-30 15:35:11,811:Computing HSC features for: O95073, ENST00000481490, ../Ntranos_Rotation/ESM-SaProt/AF-O95073-F1-model_v4.pdb.gz
INFO:2025-10-30 15:35:36,469:Successfully computed HSC for O95073.
INFO:2025-10-30 15:35:36,469:Processing O95076 with model AF-O95076-F1-model_v4.pdb
ERROR:2025-10-30 15:35:36,539:No transcript record found for O95076 in gnomAD.
INFO:2025-10-30 15:35:36,539:Processing O95081 with model AF-O95081-F1-model_v4.pdb
INFO:2025-10-30 15:35:36,638:Computing HSC features for: O95081, ENST00000300176, ../Ntranos_Rotation/ESM-SaProt/AF-O95081-F1-model_v4.pdb.gz
INFO:2025-10-30 15:36:25,297:Successfully computed HSC for O95081.
INFO:2025-10-30 15:36:25,297:Processing O95084 with model AF-O95084-F1-model_v4.pdb
INFO:2025-10-30 15:36:25,405:Computing HSC features for: O95084, ENST00000280258, ../Ntranos_Rotation/ESM-SaProt/AF-O95084-F1-model_v4.pdb.gz
INFO:2025-10-30 15:36:52,474:Successfully computed HSC for O95084.
INFO:2025-10-30 15:36:52,474:Processing O95096 with model AF-O95096-F1-model_v4.pdb
INFO:2025-10-30 15:36:52,548:Computing HSC features for: O95096, ENST00000377142, ../Ntranos_Rotation/ESM-SaProt/AF-O95096-F1-model_v4.pdb.gz
INFO:2025-10-30 15:37:22,132:Successfully computed HSC for O95096.
INFO:2025-10-30 15:37:22,132:Processing O95104 with model AF-O95104-F1-model_v4.pdb
INFO:2025-10-30 15:37:22,253:Computing HSC features for: O95104, ENST00000286835, ../Ntranos_Rotation/ESM-SaProt/AF-O95104-F1-model_v4.pdb.gz
INFO:2025-10-30 15:38:38,960:Successfully computed HSC for O95104.
INFO:2025-10-30 15:38:38,960:Processing O95125 with model AF-O95125-F1-model_v4.pdb
INFO:2025-10-30 15:38:39,082:Computing HSC features for: O95125, ENST00000336139, ../Ntranos_Rotation/ESM-SaProt/AF-O95125-F1-model_v4.pdb.gz
INFO:2025-10-30 15:39:24,723:Successfully computed HSC for O95125.
INFO:2025-10-30 15:39:24,723:Processing O95136 with model AF-O95136-F1-model_v4.pdb
ERROR:2025-10-30 15:39:24,783:No transcript record found for O95136 in gnomAD.
INFO:2025-10-30 15:39:24,783:Pipeline completed.
INFO:2025-10-30 15:39:24,783:no_enst_for_uniprot: 0
INFO:2025-10-30 15:39:24,783:no_valid_cds: 3
INFO:2025-10-30 15:39:24,783:no_variant_data: 3
INFO:2025-10-30 15:39:24,783:bad_structure: 0
INFO:2025-10-30 15:39:24,783:no_enst_mp: 1
