INFO:2025-10-30 14:27:03,887:Starting HSC computation pipeline...
INFO:2025-10-30 14:27:56,592:Processing Q8WXI8 with model AF-Q8WXI8-F1-model_v4.pdb
INFO:2025-10-30 14:27:56,653:Computing HSC features for: Q8WXI8, ENST00000299665, ../Ntranos_Rotation/ESM-SaProt/AF-Q8WXI8-F1-model_v4.pdb.gz
INFO:2025-10-30 14:28:11,841:Successfully computed HSC for Q8WXI8.
INFO:2025-10-30 14:28:11,841:Processing Q8WXI9 with model AF-Q8WXI9-F1-model_v4.pdb
INFO:2025-10-30 14:28:11,995:Computing HSC features for: Q8WXI9, ENST00000368655, ../Ntranos_Rotation/ESM-SaProt/AF-Q8WXI9-F1-model_v4.pdb.gz
INFO:2025-10-30 14:28:52,659:Successfully computed HSC for Q8WXI9.
INFO:2025-10-30 14:28:52,659:Processing Q8WXJ9 with model AF-Q8WXJ9-F1-model_v4.pdb
INFO:2025-10-30 14:28:52,734:Computing HSC features for: Q8WXJ9, ENST00000284142, ../Ntranos_Rotation/ESM-SaProt/AF-Q8WXJ9-F1-model_v4.pdb.gz
INFO:2025-10-30 14:29:08,583:Successfully computed HSC for Q8WXJ9.
INFO:2025-10-30 14:29:08,583:Processing Q8WXK1 with model AF-Q8WXK1-F1-model_v4.pdb
INFO:2025-10-30 14:29:08,693:Computing HSC features for: Q8WXK1, ENST00000275699, ../Ntranos_Rotation/ESM-SaProt/AF-Q8WXK1-F1-model_v4.pdb.gz
INFO:2025-10-30 14:30:06,352:Successfully computed HSC for Q8WXK1.
INFO:2025-10-30 14:30:06,352:Processing Q8WXK3 with model AF-Q8WXK3-F1-model_v4.pdb
INFO:2025-10-30 14:30:06,424:Computing HSC features for: Q8WXK3, ENST00000357700, ../Ntranos_Rotation/ESM-SaProt/AF-Q8WXK3-F1-model_v4.pdb.gz
INFO:2025-10-30 14:30:36,687:Successfully computed HSC for Q8WXK3.
INFO:2025-10-30 14:30:36,687:Processing Q8WXK4 with model AF-Q8WXK4-F1-model_v4.pdb
ERROR:2025-10-30 14:30:36,753:No valid CDS found for Q8WXK4
INFO:2025-10-30 14:30:36,753:Processing Q8WXQ3 with model AF-Q8WXQ3-F1-model_v4.pdb
ERROR:2025-10-30 14:30:36,809:No ENST transcript IDs were mapped to Q8WXQ3
INFO:2025-10-30 14:30:36,810:Processing Q8WXQ8 with model AF-Q8WXQ8-F1-model_v4.pdb
INFO:2025-10-30 14:30:36,897:Computing HSC features for: Q8WXQ8, ENST00000393213, ../Ntranos_Rotation/ESM-SaProt/AF-Q8WXQ8-F1-model_v4.pdb.gz
INFO:2025-10-30 14:31:09,847:Successfully computed HSC for Q8WXQ8.
INFO:2025-10-30 14:31:09,847:Processing Q8WXR4 with model AF-Q8WXR4-F1-model_v4.pdb
INFO:2025-10-30 14:31:09,982:Computing HSC features for: Q8WXR4, ENST00000408978, ../Ntranos_Rotation/ESM-SaProt/AF-Q8WXR4-F1-model_v4.pdb.gz
INFO:2025-10-30 14:32:40,285:Successfully computed HSC for Q8WXR4.
INFO:2025-10-30 14:32:40,285:Processing Q8WXS3 with model AF-Q8WXS3-F1-model_v4.pdb
INFO:2025-10-30 14:32:40,339:Computing HSC features for: Q8WXS3, ENST00000309982, ../Ntranos_Rotation/ESM-SaProt/AF-Q8WXS3-F1-model_v4.pdb.gz
INFO:2025-10-30 14:32:54,242:Successfully computed HSC for Q8WXS3.
INFO:2025-10-30 14:32:54,242:Processing Q8WXS4 with model AF-Q8WXS4-F1-model_v4.pdb
INFO:2025-10-30 14:32:54,296:Computing HSC features for: Q8WXS4, ENST00000306406, ../Ntranos_Rotation/ESM-SaProt/AF-Q8WXS4-F1-model_v4.pdb.gz
INFO:2025-10-30 14:33:11,756:Successfully computed HSC for Q8WXS4.
INFO:2025-10-30 14:33:11,757:Processing Q8WXS5 with model AF-Q8WXS5-F1-model_v4.pdb
ERROR:2025-10-30 14:33:11,840:No valid CDS found for Q8WXS5
INFO:2025-10-30 14:33:11,840:Processing Q8WXS8 with model AF-Q8WXS8-F1-model_v4.pdb
INFO:2025-10-30 14:33:12,073:Computing HSC features for: Q8WXS8, ENST00000373207, ../Ntranos_Rotation/ESM-SaProt/AF-Q8WXS8-F1-model_v4.pdb.gz
INFO:2025-10-30 14:34:58,667:Successfully computed HSC for Q8WXS8.
INFO:2025-10-30 14:34:58,667:Processing Q8WXT5 with model AF-Q8WXT5-F1-model_v4.pdb
ERROR:2025-10-30 14:34:58,762:No transcript record found for Q8WXT5 in gnomAD.
INFO:2025-10-30 14:34:58,762:Processing Q8WXU2 with model AF-Q8WXU2-F1-model_v4.pdb
INFO:2025-10-30 14:34:58,851:Computing HSC features for: Q8WXU2, ENST00000321149, ../Ntranos_Rotation/ESM-SaProt/AF-Q8WXU2-F1-model_v4.pdb.gz
INFO:2025-10-30 14:35:24,972:Successfully computed HSC for Q8WXU2.
INFO:2025-10-30 14:35:24,972:Processing Q8WXW3 with model AF-Q8WXW3-F1-model_v4.pdb
INFO:2025-10-30 14:35:25,142:Computing HSC features for: Q8WXW3, ENST00000326291, ../Ntranos_Rotation/ESM-SaProt/AF-Q8WXW3-F1-model_v4.pdb.gz
INFO:2025-10-30 14:36:08,853:Successfully computed HSC for Q8WXW3.
INFO:2025-10-30 14:36:08,854:Processing Q8WXX0 with model AF-Q8WXX0-F1-model_v4.pdb
ERROR:2025-10-30 14:36:09,083:No valid CDS found for Q8WXX0
INFO:2025-10-30 14:36:09,084:Processing Q96E52 with model AF-Q96E52-F1-model_v4.pdb
INFO:2025-10-30 14:36:09,206:Computing HSC features for: Q96E52, ENST00000371226, ../Ntranos_Rotation/ESM-SaProt/AF-Q96E52-F1-model_v4.pdb.gz
INFO:2025-10-30 14:36:44,607:Successfully computed HSC for Q96E52.
INFO:2025-10-30 14:36:44,607:Processing Q96E93 with model AF-Q96E93-F1-model_v4.pdb
INFO:2025-10-30 14:36:44,726:Computing HSC features for: Q96E93, ENST00000266551, ../Ntranos_Rotation/ESM-SaProt/AF-Q96E93-F1-model_v4.pdb.gz
INFO:2025-10-30 14:37:01,061:Successfully computed HSC for Q96E93.
INFO:2025-10-30 14:37:01,062:Processing Q96EA4 with model AF-Q96EA4-F1-model_v4.pdb
INFO:2025-10-30 14:37:01,183:Computing HSC features for: Q96EA4, ENST00000265295, ../Ntranos_Rotation/ESM-SaProt/AF-Q96EA4-F1-model_v4.pdb.gz
INFO:2025-10-30 14:37:47,075:Successfully computed HSC for Q96EA4.
INFO:2025-10-30 14:37:47,075:Processing Q96EB1 with model AF-Q96EB1-F1-model_v4.pdb
ERROR:2025-10-30 14:37:47,132:No transcript record found for Q96EB1 in gnomAD.
INFO:2025-10-30 14:37:47,132:Processing Q96EB6 with model AF-Q96EB6-F1-model_v4.pdb
INFO:2025-10-30 14:37:47,268:Computing HSC features for: Q96EB6, ENST00000212015, ../Ntranos_Rotation/ESM-SaProt/AF-Q96EB6-F1-model_v4.pdb.gz
INFO:2025-10-30 14:39:07,603:Successfully computed HSC for Q96EB6.
INFO:2025-10-30 14:39:07,603:Processing Q96EC8 with model AF-Q96EC8-F1-model_v4.pdb
INFO:2025-10-30 14:39:07,646:Computing HSC features for: Q96EC8, ENST00000462683, ../Ntranos_Rotation/ESM-SaProt/AF-Q96EC8-F1-model_v4.pdb.gz
INFO:2025-10-30 14:39:27,745:Successfully computed HSC for Q96EC8.
INFO:2025-10-30 14:39:27,745:Processing Q96ED9 with model AF-Q96ED9-F1-model_v4.pdb
INFO:2025-10-30 14:39:27,896:Computing HSC features for: Q96ED9, ENST00000397668, ../Ntranos_Rotation/ESM-SaProt/AF-Q96ED9-F1-model_v4.pdb.gz
INFO:2025-10-30 14:40:38,221:Successfully computed HSC for Q96ED9.
INFO:2025-10-30 14:40:38,221:Processing Q96EE3 with model AF-Q96EE3-F1-model_v4.pdb
INFO:2025-10-30 14:40:38,315:Computing HSC features for: Q96EE3, ENST00000262124, ../Ntranos_Rotation/ESM-SaProt/AF-Q96EE3-F1-model_v4.pdb.gz
INFO:2025-10-30 14:41:02,776:Successfully computed HSC for Q96EE3.
INFO:2025-10-30 14:41:02,776:Processing Q96EE4 with model AF-Q96EE4-F1-model_v4.pdb
INFO:2025-10-30 14:41:02,853:Computing HSC features for: Q96EE4, ENST00000307471, ../Ntranos_Rotation/ESM-SaProt/AF-Q96EE4-F1-model_v4.pdb.gz
INFO:2025-10-30 14:41:12,217:Successfully computed HSC for Q96EE4.
INFO:2025-10-30 14:41:12,217:Processing Q96EF0 with model AF-Q96EF0-F1-model_v4.pdb
INFO:2025-10-30 14:41:12,356:Computing HSC features for: Q96EF0, ENST00000374852, ../Ntranos_Rotation/ESM-SaProt/AF-Q96EF0-F1-model_v4.pdb.gz
INFO:2025-10-30 14:42:07,390:Successfully computed HSC for Q96EF0.
INFO:2025-10-30 14:42:07,390:Processing Q96EF6 with model AF-Q96EF6-F1-model_v4.pdb
INFO:2025-10-30 14:42:07,494:Computing HSC features for: Q96EF6, ENST00000292852, ../Ntranos_Rotation/ESM-SaProt/AF-Q96EF6-F1-model_v4.pdb.gz
INFO:2025-10-30 14:42:38,298:Successfully computed HSC for Q96EF6.
INFO:2025-10-30 14:42:38,298:Processing Q96EF9 with model AF-Q96EF9-F1-model_v4.pdb
INFO:2025-10-30 14:42:38,349:Computing HSC features for: Q96EF9, ENST00000357082, ../Ntranos_Rotation/ESM-SaProt/AF-Q96EF9-F1-model_v4.pdb.gz
ERROR:2025-10-30 14:42:38,404:Missing ENST record in counts: ENST00000357082
INFO:2025-10-30 14:42:38,404:Processing Q96EG1 with model AF-Q96EG1-F1-model_v4.pdb
INFO:2025-10-30 14:42:38,472:Computing HSC features for: Q96EG1, ENST00000448504, ../Ntranos_Rotation/ESM-SaProt/AF-Q96EG1-F1-model_v4.pdb.gz
INFO:2025-10-30 14:43:20,323:Successfully computed HSC for Q96EG1.
INFO:2025-10-30 14:43:20,323:Processing Q96EG3 with model AF-Q96EG3-F1-model_v4.pdb
INFO:2025-10-30 14:43:20,424:Computing HSC features for: Q96EG3, ENST00000427624, ../Ntranos_Rotation/ESM-SaProt/AF-Q96EG3-F1-model_v4.pdb.gz
INFO:2025-10-30 14:44:31,334:Successfully computed HSC for Q96EG3.
INFO:2025-10-30 14:44:31,334:Processing Q96EH3 with model AF-Q96EH3-F1-model_v4.pdb
INFO:2025-10-30 14:44:31,380:Computing HSC features for: Q96EH3, ENST00000466681, ../Ntranos_Rotation/ESM-SaProt/AF-Q96EH3-F1-model_v4.pdb.gz
INFO:2025-10-30 14:44:51,912:Successfully computed HSC for Q96EH3.
INFO:2025-10-30 14:44:51,912:Processing Q96EH5 with model AF-Q96EH5-F1-model_v4.pdb
INFO:2025-10-30 14:44:51,940:Computing HSC features for: Q96EH5, ENST00000296277, ../Ntranos_Rotation/ESM-SaProt/AF-Q96EH5-F1-model_v4.pdb.gz
INFO:2025-10-30 14:44:55,172:Successfully computed HSC for Q96EH5.
INFO:2025-10-30 14:44:55,172:Processing Q96EH8 with model AF-Q96EH8-F1-model_v4.pdb
ERROR:2025-10-30 14:44:55,233:No transcript record found for Q96EH8 in gnomAD.
INFO:2025-10-30 14:44:55,234:Processing Q96EI5 with model AF-Q96EI5-F1-model_v4.pdb
INFO:2025-10-30 14:44:55,281:Computing HSC features for: Q96EI5, ENST00000415568, ../Ntranos_Rotation/ESM-SaProt/AF-Q96EI5-F1-model_v4.pdb.gz
INFO:2025-10-30 14:45:07,113:Successfully computed HSC for Q96EI5.
INFO:2025-10-30 14:45:07,113:Processing Q96EK2 with model AF-Q96EK2-F1-model_v4.pdb
INFO:2025-10-30 14:45:07,179:Computing HSC features for: Q96EK2, ENST00000313237, ../Ntranos_Rotation/ESM-SaProt/AF-Q96EK2-F1-model_v4.pdb.gz
INFO:2025-10-30 14:45:57,136:Successfully computed HSC for Q96EK2.
INFO:2025-10-30 14:45:57,136:Processing Q96EK4 with model AF-Q96EK4-F1-model_v4.pdb
INFO:2025-10-30 14:45:57,186:Computing HSC features for: Q96EK4, ENST00000303596, ../Ntranos_Rotation/ESM-SaProt/AF-Q96EK4-F1-model_v4.pdb.gz
INFO:2025-10-30 14:46:31,820:Successfully computed HSC for Q96EK4.
INFO:2025-10-30 14:46:31,820:Processing Q96EK5 with model AF-Q96EK5-F1-model_v4.pdb
INFO:2025-10-30 14:46:31,994:Computing HSC features for: Q96EK5, ENST00000361983, ../Ntranos_Rotation/ESM-SaProt/AF-Q96EK5-F1-model_v4.pdb.gz
INFO:2025-10-30 14:47:19,630:Successfully computed HSC for Q96EK5.
INFO:2025-10-30 14:47:19,631:Processing Q96EK6 with model AF-Q96EK6-F1-model_v4.pdb
INFO:2025-10-30 14:47:19,698:Computing HSC features for: Q96EK6, ENST00000216410, ../Ntranos_Rotation/ESM-SaProt/AF-Q96EK6-F1-model_v4.pdb.gz
INFO:2025-10-30 14:47:34,293:Successfully computed HSC for Q96EK6.
INFO:2025-10-30 14:47:34,293:Processing Q96EK7 with model AF-Q96EK7-F1-model_v4.pdb
INFO:2025-10-30 14:47:34,450:Computing HSC features for: Q96EK7, ENST00000476287, ../Ntranos_Rotation/ESM-SaProt/AF-Q96EK7-F1-model_v4.pdb.gz
INFO:2025-10-30 14:48:59,562:Successfully computed HSC for Q96EK7.
INFO:2025-10-30 14:48:59,562:Processing Q96EK9 with model AF-Q96EK9-F1-model_v4.pdb
INFO:2025-10-30 14:48:59,620:Computing HSC features for: Q96EK9, ENST00000371614, ../Ntranos_Rotation/ESM-SaProt/AF-Q96EK9-F1-model_v4.pdb.gz
INFO:2025-10-30 14:49:38,282:Successfully computed HSC for Q96EK9.
INFO:2025-10-30 14:49:38,282:Processing Q96EL1 with model AF-Q96EL1-F1-model_v4.pdb
ERROR:2025-10-30 14:49:38,337:No ENST transcript IDs were mapped to Q96EL1
INFO:2025-10-30 14:49:38,337:Processing Q96EL2 with model AF-Q96EL2-F1-model_v4.pdb
INFO:2025-10-30 14:49:38,382:Computing HSC features for: Q96EL2, ENST00000317534, ../Ntranos_Rotation/ESM-SaProt/AF-Q96EL2-F1-model_v4.pdb.gz
INFO:2025-10-30 14:49:55,018:Successfully computed HSC for Q96EL2.
INFO:2025-10-30 14:49:55,018:Processing Q96EL3 with model AF-Q96EL3-F1-model_v4.pdb
INFO:2025-10-30 14:49:55,071:Computing HSC features for: Q96EL3, ENST00000258105, ../Ntranos_Rotation/ESM-SaProt/AF-Q96EL3-F1-model_v4.pdb.gz
INFO:2025-10-30 14:50:09,237:Successfully computed HSC for Q96EL3.
INFO:2025-10-30 14:50:09,237:Processing Q96DR7 with model AF-Q96DR7-F1-model_v4.pdb
INFO:2025-10-30 14:50:09,655:Computing HSC features for: Q96DR7, ENST00000356448, ../Ntranos_Rotation/ESM-SaProt/AF-Q96DR7-F1-model_v4.pdb.gz
INFO:2025-10-30 14:51:28,066:Successfully computed HSC for Q96DR7.
INFO:2025-10-30 14:51:28,066:Processing Q96DR8 with model AF-Q96DR8-F1-model_v4.pdb
INFO:2025-10-30 14:51:28,099:Computing HSC features for: Q96DR8, ENST00000308796, ../Ntranos_Rotation/ESM-SaProt/AF-Q96DR8-F1-model_v4.pdb.gz
INFO:2025-10-30 14:51:34,227:Successfully computed HSC for Q96DR8.
INFO:2025-10-30 14:51:34,227:Processing Q96DS6 with model AF-Q96DS6-F1-model_v4.pdb
INFO:2025-10-30 14:51:34,274:Computing HSC features for: Q96DS6, ENST00000300182, ../Ntranos_Rotation/ESM-SaProt/AF-Q96DS6-F1-model_v4.pdb.gz
INFO:2025-10-30 14:51:47,474:Successfully computed HSC for Q96DS6.
INFO:2025-10-30 14:51:47,474:Processing Q96DT0 with model AF-Q96DT0-F1-model_v4.pdb
ERROR:2025-10-30 14:51:47,547:No valid CDS found for Q96DT0
INFO:2025-10-30 14:51:47,547:Processing Q96DT5 with model AF-Q96DT5-F1-model_v4.pdb
ERROR:2025-10-30 14:51:47,775:No valid CDS found for Q96DT5
INFO:2025-10-30 14:51:47,775:Processing Q96DT6 with model AF-Q96DT6-F1-model_v4.pdb
INFO:2025-10-30 14:51:47,859:Computing HSC features for: Q96DT6, ENST00000317868, ../Ntranos_Rotation/ESM-SaProt/AF-Q96DT6-F1-model_v4.pdb.gz
INFO:2025-10-30 14:52:24,285:Successfully computed HSC for Q96DT6.
INFO:2025-10-30 14:52:24,285:Pipeline completed.
INFO:2025-10-30 14:52:24,285:no_enst_for_uniprot: 2
INFO:2025-10-30 14:52:24,286:no_valid_cds: 5
INFO:2025-10-30 14:52:24,286:no_variant_data: 3
INFO:2025-10-30 14:52:24,286:bad_structure: 0
INFO:2025-10-30 14:52:24,286:no_enst_mp: 1
