INFO:2025-10-30 14:26:03,229:Starting HSC computation pipeline...
INFO:2025-10-30 14:27:05,661:Processing Q494V2 with model AF-Q494V2-F1-model_v4.pdb
INFO:2025-10-30 14:27:05,720:Computing HSC features for: Q494V2, ENST00000352312, ../Ntranos_Rotation/ESM-SaProt/AF-Q494V2-F1-model_v4.pdb.gz
INFO:2025-10-30 14:28:01,370:Successfully computed HSC for Q494V2.
INFO:2025-10-30 14:28:01,370:Processing Q494W8 with model AF-Q494W8-F1-model_v4.pdb
INFO:2025-10-30 14:28:01,463:Computing HSC features for: Q494W8, ENST00000299847, ../Ntranos_Rotation/ESM-SaProt/AF-Q494W8-F1-model_v4.pdb.gz
INFO:2025-10-30 14:29:13,168:Successfully computed HSC for Q494W8.
INFO:2025-10-30 14:29:13,168:Processing Q494X3 with model AF-Q494X3-F1-model_v4.pdb
INFO:2025-10-30 14:29:13,465:Computing HSC features for: Q494X3, ENST00000587539, ../Ntranos_Rotation/ESM-SaProt/AF-Q494X3-F1-model_v4.pdb.gz
INFO:2025-10-30 14:29:49,994:Successfully computed HSC for Q494X3.
INFO:2025-10-30 14:29:49,994:Processing Q495A1 with model AF-Q495A1-F1-model_v4.pdb
INFO:2025-10-30 14:29:50,075:Computing HSC features for: Q495A1, ENST00000383671, ../Ntranos_Rotation/ESM-SaProt/AF-Q495A1-F1-model_v4.pdb.gz
INFO:2025-10-30 14:30:09,935:Successfully computed HSC for Q495A1.
INFO:2025-10-30 14:30:09,935:Processing Q495B1 with model AF-Q495B1-F1-model_v4.pdb
INFO:2025-10-30 14:30:10,066:Computing HSC features for: Q495B1, ENST00000319580, ../Ntranos_Rotation/ESM-SaProt/AF-Q495B1-F1-model_v4.pdb.gz
INFO:2025-10-30 14:30:56,081:Successfully computed HSC for Q495B1.
INFO:2025-10-30 14:30:56,081:Processing Q495C1 with model AF-Q495C1-F1-model_v4.pdb
INFO:2025-10-30 14:30:56,286:Computing HSC features for: Q495C1, ENST00000433731, ../Ntranos_Rotation/ESM-SaProt/AF-Q495C1-F1-model_v4.pdb.gz
INFO:2025-10-30 14:31:20,311:Successfully computed HSC for Q495C1.
INFO:2025-10-30 14:31:20,311:Processing Q495D7 with model AF-Q495D7-F1-model_v4.pdb
ERROR:2025-10-30 14:31:20,381:No ENST transcript IDs were mapped to Q495D7
INFO:2025-10-30 14:31:20,382:Processing Q495M3 with model AF-Q495M3-F1-model_v4.pdb
INFO:2025-10-30 14:31:20,480:Computing HSC features for: Q495M3, ENST00000335244, ../Ntranos_Rotation/ESM-SaProt/AF-Q495M3-F1-model_v4.pdb.gz
INFO:2025-10-30 14:31:57,376:Successfully computed HSC for Q495M3.
INFO:2025-10-30 14:31:57,376:Processing Q495M9 with model AF-Q495M9-F1-model_v4.pdb
ERROR:2025-10-30 14:31:57,442:No transcript record found for Q495M9 in gnomAD.
INFO:2025-10-30 14:31:57,442:Processing Q495N2 with model AF-Q495N2-F1-model_v4.pdb
INFO:2025-10-30 14:31:57,616:Computing HSC features for: Q495N2, ENST00000335230, ../Ntranos_Rotation/ESM-SaProt/AF-Q495N2-F1-model_v4.pdb.gz
INFO:2025-10-30 14:32:37,338:Successfully computed HSC for Q495N2.
INFO:2025-10-30 14:32:37,338:Processing Q495T6 with model AF-Q495T6-F1-model_v4.pdb
INFO:2025-10-30 14:32:37,488:Computing HSC features for: Q495T6, ENST00000378412, ../Ntranos_Rotation/ESM-SaProt/AF-Q495T6-F1-model_v4.pdb.gz
INFO:2025-10-30 14:33:53,515:Successfully computed HSC for Q495T6.
INFO:2025-10-30 14:33:53,515:Processing Q495W5 with model AF-Q495W5-F1-model_v4.pdb
INFO:2025-10-30 14:33:53,718:Computing HSC features for: Q495W5, ENST00000372841, ../Ntranos_Rotation/ESM-SaProt/AF-Q495W5-F1-model_v4.pdb.gz
INFO:2025-10-30 14:34:58,253:Successfully computed HSC for Q495W5.
INFO:2025-10-30 14:34:58,253:Processing Q495X7 with model AF-Q495X7-F1-model_v4.pdb
INFO:2025-10-30 14:34:58,327:Computing HSC features for: Q495X7, ENST00000341062, ../Ntranos_Rotation/ESM-SaProt/AF-Q495X7-F1-model_v4.pdb.gz
INFO:2025-10-30 14:35:26,790:Successfully computed HSC for Q495X7.
INFO:2025-10-30 14:35:26,790:Processing Q495Y7 with model AF-Q495Y7-F1-model_v4.pdb
ERROR:2025-10-30 14:35:26,835:No ENST transcript IDs were mapped to Q495Y7
INFO:2025-10-30 14:35:26,835:Processing Q495Y8 with model AF-Q495Y8-F1-model_v4.pdb
ERROR:2025-10-30 14:35:26,897:No transcript record found for Q495Y8 in gnomAD.
INFO:2025-10-30 14:35:26,897:Processing Q495Z4 with model AF-Q495Z4-F1-model_v4.pdb
ERROR:2025-10-30 14:35:26,946:No ENST transcript IDs were mapped to Q495Z4
INFO:2025-10-30 14:35:26,946:Processing Q496A3 with model AF-Q496A3-F1-model_v4.pdb
INFO:2025-10-30 14:35:26,993:Computing HSC features for: Q496A3, ENST00000288390, ../Ntranos_Rotation/ESM-SaProt/AF-Q496A3-F1-model_v4.pdb.gz
INFO:2025-10-30 14:35:47,443:Successfully computed HSC for Q496A3.
INFO:2025-10-30 14:35:47,443:Processing Q15773 with model AF-Q15773-F1-model_v4.pdb
INFO:2025-10-30 14:35:47,531:Computing HSC features for: Q15773, ENST00000203630, ../Ntranos_Rotation/ESM-SaProt/AF-Q15773-F1-model_v4.pdb.gz
INFO:2025-10-30 14:36:23,196:Successfully computed HSC for Q15773.
INFO:2025-10-30 14:36:23,196:Processing Q15776 with model AF-Q15776-F1-model_v4.pdb
INFO:2025-10-30 14:36:23,278:Computing HSC features for: Q15776, ENST00000330236, ../Ntranos_Rotation/ESM-SaProt/AF-Q15776-F1-model_v4.pdb.gz
INFO:2025-10-30 14:36:59,263:Successfully computed HSC for Q15776.
INFO:2025-10-30 14:36:59,263:Processing Q15777 with model AF-Q15777-F1-model_v4.pdb
INFO:2025-10-30 14:36:59,330:Computing HSC features for: Q15777, ENST00000358117, ../Ntranos_Rotation/ESM-SaProt/AF-Q15777-F1-model_v4.pdb.gz
INFO:2025-10-30 14:37:21,547:Successfully computed HSC for Q15777.
INFO:2025-10-30 14:37:21,547:Processing Q15782 with model AF-Q15782-F1-model_v4.pdb
INFO:2025-10-30 14:37:21,671:Computing HSC features for: Q15782, ENST00000369748, ../Ntranos_Rotation/ESM-SaProt/AF-Q15782-F1-model_v4.pdb.gz
INFO:2025-10-30 14:37:55,155:Successfully computed HSC for Q15782.
INFO:2025-10-30 14:37:55,155:Processing Q15784 with model AF-Q15784-F1-model_v4.pdb
INFO:2025-10-30 14:37:55,233:Computing HSC features for: Q15784, ENST00000302584, ../Ntranos_Rotation/ESM-SaProt/AF-Q15784-F1-model_v4.pdb.gz
INFO:2025-10-30 14:38:59,117:Successfully computed HSC for Q15784.
INFO:2025-10-30 14:38:59,118:Processing Q15785 with model AF-Q15785-F1-model_v4.pdb
INFO:2025-10-30 14:38:59,176:Computing HSC features for: Q15785, ENST00000372813, ../Ntranos_Rotation/ESM-SaProt/AF-Q15785-F1-model_v4.pdb.gz
INFO:2025-10-30 14:39:26,098:Successfully computed HSC for Q15785.
INFO:2025-10-30 14:39:26,098:Processing Q15788 with model AF-Q15788-F1-model_v4.pdb
INFO:2025-10-30 14:39:26,240:Computing HSC features for: Q15788, ENST00000348332, ../Ntranos_Rotation/ESM-SaProt/AF-Q15788-F1-model_v4.pdb.gz
INFO:2025-10-30 14:40:50,864:Successfully computed HSC for Q15788.
INFO:2025-10-30 14:40:50,864:Processing Q15796 with model AF-Q15796-F1-model_v4.pdb
INFO:2025-10-30 14:40:50,926:Computing HSC features for: Q15796, ENST00000262160, ../Ntranos_Rotation/ESM-SaProt/AF-Q15796-F1-model_v4.pdb.gz
INFO:2025-10-30 14:41:18,844:Successfully computed HSC for Q15796.
INFO:2025-10-30 14:41:18,845:Processing Q15797 with model AF-Q15797-F1-model_v4.pdb
INFO:2025-10-30 14:41:18,936:Computing HSC features for: Q15797, ENST00000302085, ../Ntranos_Rotation/ESM-SaProt/AF-Q15797-F1-model_v4.pdb.gz
INFO:2025-10-30 14:41:49,576:Successfully computed HSC for Q15797.
INFO:2025-10-30 14:41:49,577:Processing Q15800 with model AF-Q15800-F1-model_v4.pdb
INFO:2025-10-30 14:41:49,627:Computing HSC features for: Q15800, ENST00000261507, ../Ntranos_Rotation/ESM-SaProt/AF-Q15800-F1-model_v4.pdb.gz
INFO:2025-10-30 14:42:04,831:Successfully computed HSC for Q15800.
INFO:2025-10-30 14:42:04,831:Processing Q15811 with model AF-Q15811-F1-model_v4.pdb
INFO:2025-10-30 14:42:05,017:Computing HSC features for: Q15811, ENST00000381318, ../Ntranos_Rotation/ESM-SaProt/AF-Q15811-F1-model_v4.pdb.gz
INFO:2025-10-30 14:43:58,346:Successfully computed HSC for Q15811.
INFO:2025-10-30 14:43:58,346:Processing Q15813 with model AF-Q15813-F1-model_v4.pdb
INFO:2025-10-30 14:43:58,453:Computing HSC features for: Q15813, ENST00000406207, ../Ntranos_Rotation/ESM-SaProt/AF-Q15813-F1-model_v4.pdb.gz
INFO:2025-10-30 14:44:49,584:Successfully computed HSC for Q15813.
INFO:2025-10-30 14:44:49,584:Processing Q15814 with model AF-Q15814-F1-model_v4.pdb
INFO:2025-10-30 14:44:49,640:Computing HSC features for: Q15814, ENST00000372876, ../Ntranos_Rotation/ESM-SaProt/AF-Q15814-F1-model_v4.pdb.gz
INFO:2025-10-30 14:45:22,523:Successfully computed HSC for Q15814.
INFO:2025-10-30 14:45:22,524:Processing Q15818 with model AF-Q15818-F1-model_v4.pdb
INFO:2025-10-30 14:45:22,604:Computing HSC features for: Q15818, ENST00000306773, ../Ntranos_Rotation/ESM-SaProt/AF-Q15818-F1-model_v4.pdb.gz
INFO:2025-10-30 14:46:29,046:Successfully computed HSC for Q15818.
INFO:2025-10-30 14:46:29,046:Processing Q15819 with model AF-Q15819-F1-model_v4.pdb
INFO:2025-10-30 14:46:29,093:Computing HSC features for: Q15819, ENST00000523111, ../Ntranos_Rotation/ESM-SaProt/AF-Q15819-F1-model_v4.pdb.gz
INFO:2025-10-30 14:46:40,631:Successfully computed HSC for Q15819.
INFO:2025-10-30 14:46:40,631:Processing Q15822 with model AF-Q15822-F1-model_v4.pdb
INFO:2025-10-30 14:46:40,765:Computing HSC features for: Q15822, ENST00000407991, ../Ntranos_Rotation/ESM-SaProt/AF-Q15822-F1-model_v4.pdb.gz
INFO:2025-10-30 14:47:33,289:Successfully computed HSC for Q15822.
INFO:2025-10-30 14:47:33,289:Processing Q15825 with model AF-Q15825-F1-model_v4.pdb
INFO:2025-10-30 14:47:33,397:Computing HSC features for: Q15825, ENST00000276410, ../Ntranos_Rotation/ESM-SaProt/AF-Q15825-F1-model_v4.pdb.gz
INFO:2025-10-30 14:48:17,678:Successfully computed HSC for Q15825.
INFO:2025-10-30 14:48:17,678:Processing Q15828 with model AF-Q15828-F1-model_v4.pdb
INFO:2025-10-30 14:48:17,744:Computing HSC features for: Q15828, ENST00000312134, ../Ntranos_Rotation/ESM-SaProt/AF-Q15828-F1-model_v4.pdb.gz
INFO:2025-10-30 14:48:34,052:Successfully computed HSC for Q15828.
INFO:2025-10-30 14:48:34,052:Processing Q15831 with model AF-Q15831-F1-model_v4.pdb
INFO:2025-10-30 14:48:34,166:Computing HSC features for: Q15831, ENST00000326873, ../Ntranos_Rotation/ESM-SaProt/AF-Q15831-F1-model_v4.pdb.gz
INFO:2025-10-30 14:49:54,828:Successfully computed HSC for Q15831.
INFO:2025-10-30 14:49:54,829:Processing Q15833 with model AF-Q15833-F1-model_v4.pdb
INFO:2025-10-30 14:49:54,968:Computing HSC features for: Q15833, ENST00000221283, ../Ntranos_Rotation/ESM-SaProt/AF-Q15833-F1-model_v4.pdb.gz
INFO:2025-10-30 14:50:56,347:Successfully computed HSC for Q15833.
INFO:2025-10-30 14:50:56,347:Processing Q15834 with model AF-Q15834-F1-model_v4.pdb
INFO:2025-10-30 14:50:56,397:Computing HSC features for: Q15834, ENST00000312579, ../Ntranos_Rotation/ESM-SaProt/AF-Q15834-F1-model_v4.pdb.gz
INFO:2025-10-30 14:51:21,125:Successfully computed HSC for Q15834.
INFO:2025-10-30 14:51:21,125:Processing Q15835 with model AF-Q15835-F1-model_v4.pdb
INFO:2025-10-30 14:51:21,197:Computing HSC features for: Q15835, ENST00000335678, ../Ntranos_Rotation/ESM-SaProt/AF-Q15835-F1-model_v4.pdb.gz
INFO:2025-10-30 14:52:06,538:Successfully computed HSC for Q15835.
INFO:2025-10-30 14:52:06,538:Processing Q15836 with model AF-Q15836-F1-model_v4.pdb
INFO:2025-10-30 14:52:06,672:Computing HSC features for: Q15836, ENST00000054666, ../Ntranos_Rotation/ESM-SaProt/AF-Q15836-F1-model_v4.pdb.gz
INFO:2025-10-30 14:52:14,434:Successfully computed HSC for Q15836.
INFO:2025-10-30 14:52:14,435:Processing Q15842 with model AF-Q15842-F1-model_v4.pdb
INFO:2025-10-30 14:52:14,491:Computing HSC features for: Q15842, ENST00000240662, ../Ntranos_Rotation/ESM-SaProt/AF-Q15842-F1-model_v4.pdb.gz
INFO:2025-10-30 14:52:42,998:Successfully computed HSC for Q15842.
INFO:2025-10-30 14:52:42,998:Processing Q15843 with model AF-Q15843-F1-model_v4.pdb
INFO:2025-10-30 14:52:43,031:Computing HSC features for: Q15843, ENST00000250495, ../Ntranos_Rotation/ESM-SaProt/AF-Q15843-F1-model_v4.pdb.gz
INFO:2025-10-30 14:52:48,398:Successfully computed HSC for Q15843.
INFO:2025-10-30 14:52:48,398:Processing Q15846 with model AF-Q15846-F1-model_v4.pdb
ERROR:2025-10-30 14:52:48,459:No transcript record found for Q15846 in gnomAD.
INFO:2025-10-30 14:52:48,459:Processing Q15847 with model AF-Q15847-F1-model_v4.pdb
INFO:2025-10-30 14:52:48,485:Computing HSC features for: Q15847, ENST00000372013, ../Ntranos_Rotation/ESM-SaProt/AF-Q15847-F1-model_v4.pdb.gz
INFO:2025-10-30 14:52:54,744:Successfully computed HSC for Q15847.
INFO:2025-10-30 14:52:54,744:Processing Q15848 with model AF-Q15848-F1-model_v4.pdb
INFO:2025-10-30 14:52:54,810:Computing HSC features for: Q15848, ENST00000320741, ../Ntranos_Rotation/ESM-SaProt/AF-Q15848-F1-model_v4.pdb.gz
INFO:2025-10-30 14:53:13,118:Successfully computed HSC for Q15848.
INFO:2025-10-30 14:53:13,118:Processing Q15849 with model AF-Q15849-F1-model_v4.pdb
INFO:2025-10-30 14:53:13,295:Computing HSC features for: Q15849, ENST00000255226, ../Ntranos_Rotation/ESM-SaProt/AF-Q15849-F1-model_v4.pdb.gz
INFO:2025-10-30 14:54:40,379:Successfully computed HSC for Q15849.
INFO:2025-10-30 14:54:40,379:Processing Q15853 with model AF-Q15853-F1-model_v4.pdb
INFO:2025-10-30 14:54:40,427:Computing HSC features for: Q15853, ENST00000222305, ../Ntranos_Rotation/ESM-SaProt/AF-Q15853-F1-model_v4.pdb.gz
INFO:2025-10-30 14:55:15,647:Successfully computed HSC for Q15853.
INFO:2025-10-30 14:55:15,647:Processing Q15858 with model AF-Q15858-F1-model_v4.pdb
INFO:2025-10-30 14:55:16,156:Computing HSC features for: Q15858, ENST00000303354, ../Ntranos_Rotation/ESM-SaProt/AF-Q15858-F1-model_v4.pdb.gz
INFO:2025-10-30 14:57:20,494:Successfully computed HSC for Q15858.
INFO:2025-10-30 14:57:20,494:Processing Q15878 with model AF-Q15878-F1-model_v4.pdb
ERROR:2025-10-30 14:57:20,852:No valid CDS found for Q15878
INFO:2025-10-30 14:57:20,852:Processing Q15884 with model AF-Q15884-F1-model_v4.pdb
INFO:2025-10-30 14:57:20,942:Computing HSC features for: Q15884, ENST00000257515, ../Ntranos_Rotation/ESM-SaProt/AF-Q15884-F1-model_v4.pdb.gz
INFO:2025-10-30 14:57:56,248:Successfully computed HSC for Q15884.
INFO:2025-10-30 14:57:56,248:Pipeline completed.
INFO:2025-10-30 14:57:56,248:no_enst_for_uniprot: 3
INFO:2025-10-30 14:57:56,248:no_valid_cds: 1
INFO:2025-10-30 14:57:56,248:no_variant_data: 3
INFO:2025-10-30 14:57:56,248:bad_structure: 0
INFO:2025-10-30 14:57:56,248:no_enst_mp: 0
