INFO:2025-10-30 14:59:04,000:Starting HSC computation pipeline...
INFO:2025-10-30 15:00:19,757:Processing B3EWG5 with model AF-B3EWG5-F1-model_v4.pdb
ERROR:2025-10-30 15:00:19,841:No transcript record found for B3EWG5 in gnomAD.
INFO:2025-10-30 15:00:19,841:Processing B3EWG6 with model AF-B3EWG6-F1-model_v4.pdb
ERROR:2025-10-30 15:00:19,893:No transcript record found for B3EWG6 in gnomAD.
INFO:2025-10-30 15:00:19,893:Processing B3GLJ2 with model AF-B3GLJ2-F1-model_v4.pdb
INFO:2025-10-30 15:00:19,941:Computing HSC features for: B3GLJ2, ENST00000445202, ../Ntranos_Rotation/ESM-SaProt/AF-B3GLJ2-F1-model_v4.pdb.gz
INFO:2025-10-30 15:00:33,252:Successfully computed HSC for B3GLJ2.
INFO:2025-10-30 15:00:33,252:Processing B3KNS4 with model AF-B3KNS4-F1-model_v4.pdb
ERROR:2025-10-30 15:00:33,305:No transcript record found for B3KNS4 in gnomAD.
INFO:2025-10-30 15:00:33,305:Processing B3KS81 with model AF-B3KS81-F1-model_v4.pdb
INFO:2025-10-30 15:00:33,477:Computing HSC features for: B3KS81, ENST00000417606, ../Ntranos_Rotation/ESM-SaProt/AF-B3KS81-F1-model_v4.pdb.gz
INFO:2025-10-30 15:02:04,610:Successfully computed HSC for B3KS81.
INFO:2025-10-30 15:02:04,610:Processing B3KU38 with model AF-B3KU38-F1-model_v4.pdb
INFO:2025-10-30 15:02:04,752:Computing HSC features for: B3KU38, ENST00000485419, ../Ntranos_Rotation/ESM-SaProt/AF-B3KU38-F1-model_v4.pdb.gz
ERROR:2025-10-30 15:02:04,953:Missing ENST record in counts: ENST00000485419
INFO:2025-10-30 15:02:04,953:Processing B3SHH9 with model AF-B3SHH9-F1-model_v4.pdb
ERROR:2025-10-30 15:02:05,033:No transcript record found for B3SHH9 in gnomAD.
INFO:2025-10-30 15:02:05,033:Processing B4DH59 with model AF-B4DH59-F1-model_v4.pdb
ERROR:2025-10-30 15:02:05,220:No ENST transcript IDs were mapped to B4DH59
INFO:2025-10-30 15:02:05,220:Processing B4DJY2 with model AF-B4DJY2-F1-model_v4.pdb
INFO:2025-10-30 15:02:05,292:Computing HSC features for: B4DJY2, ENST00000426426, ../Ntranos_Rotation/ESM-SaProt/AF-B4DJY2-F1-model_v4.pdb.gz
INFO:2025-10-30 15:02:24,141:Successfully computed HSC for B4DJY2.
INFO:2025-10-30 15:02:24,141:Processing B4DS77 with model AF-B4DS77-F1-model_v4.pdb
INFO:2025-10-30 15:02:24,230:Computing HSC features for: B4DS77, ENST00000558583, ../Ntranos_Rotation/ESM-SaProt/AF-B4DS77-F1-model_v4.pdb.gz
INFO:2025-10-30 15:03:47,230:Successfully computed HSC for B4DS77.
INFO:2025-10-30 15:03:47,231:Processing B4DU55 with model AF-B4DU55-F1-model_v4.pdb
INFO:2025-10-30 15:03:47,349:Computing HSC features for: B4DU55, ENST00000444149, ../Ntranos_Rotation/ESM-SaProt/AF-B4DU55-F1-model_v4.pdb.gz
INFO:2025-10-30 15:04:35,171:Successfully computed HSC for B4DU55.
INFO:2025-10-30 15:04:35,171:Processing B4DX44 with model AF-B4DX44-F1-model_v4.pdb
INFO:2025-10-30 15:04:35,254:Computing HSC features for: B4DX44, ENST00000355095, ../Ntranos_Rotation/ESM-SaProt/AF-B4DX44-F1-model_v4.pdb.gz
INFO:2025-10-30 15:05:02,766:Successfully computed HSC for B4DX44.
INFO:2025-10-30 15:05:02,766:Processing B4DXR9 with model AF-B4DXR9-F1-model_v4.pdb
INFO:2025-10-30 15:05:02,888:Computing HSC features for: B4DXR9, ENST00000419098, ../Ntranos_Rotation/ESM-SaProt/AF-B4DXR9-F1-model_v4.pdb.gz
INFO:2025-10-30 15:06:08,153:Successfully computed HSC for B4DXR9.
INFO:2025-10-30 15:06:08,153:Processing B4DYI2 with model AF-B4DYI2-F1-model_v4.pdb
ERROR:2025-10-30 15:06:08,397:No transcript record found for B4DYI2 in gnomAD.
INFO:2025-10-30 15:06:08,397:Processing B4DZS4 with model AF-B4DZS4-F1-model_v4.pdb
ERROR:2025-10-30 15:06:08,490:No valid CDS found for B4DZS4
INFO:2025-10-30 15:06:08,490:Processing B4E2M5 with model AF-B4E2M5-F1-model_v4.pdb
ERROR:2025-10-30 15:06:08,576:No valid CDS found for B4E2M5
INFO:2025-10-30 15:06:08,576:Processing B5MCN3 with model AF-B5MCN3-F1-model_v4.pdb
INFO:2025-10-30 15:06:08,683:Computing HSC features for: B5MCN3, ENST00000402034, ../Ntranos_Rotation/ESM-SaProt/AF-B5MCN3-F1-model_v4.pdb.gz
INFO:2025-10-30 15:07:10,319:Successfully computed HSC for B5MCN3.
INFO:2025-10-30 15:07:10,319:Processing B5MCY1 with model AF-B5MCY1-F1-model_v4.pdb
ERROR:2025-10-30 15:07:10,704:No transcript record found for B5MCY1 in gnomAD.
INFO:2025-10-30 15:07:10,704:Processing B5MD39 with model AF-B5MD39-F1-model_v4.pdb
ERROR:2025-10-30 15:07:10,794:No transcript record found for B5MD39 in gnomAD.
INFO:2025-10-30 15:07:10,794:Processing B5ME19 with model AF-B5ME19-F1-model_v4.pdb
INFO:2025-10-30 15:07:11,081:Computing HSC features for: B5ME19, ENST00000380876, ../Ntranos_Rotation/ESM-SaProt/AF-B5ME19-F1-model_v4.pdb.gz
INFO:2025-10-30 15:08:55,769:Successfully computed HSC for B5ME19.
INFO:2025-10-30 15:08:55,769:Processing B6A8C7 with model AF-B6A8C7-F1-model_v4.pdb
INFO:2025-10-30 15:08:55,837:Computing HSC features for: B6A8C7, ENST00000432826, ../Ntranos_Rotation/ESM-SaProt/AF-B6A8C7-F1-model_v4.pdb.gz
INFO:2025-10-30 15:09:21,255:Successfully computed HSC for B6A8C7.
INFO:2025-10-30 15:09:21,255:Processing B6SEH8 with model AF-B6SEH8-F1-model_v4.pdb
INFO:2025-10-30 15:09:21,398:Computing HSC features for: B6SEH8, ENST00000602168, ../Ntranos_Rotation/ESM-SaProt/AF-B6SEH8-F1-model_v4.pdb.gz
INFO:2025-10-30 15:10:01,824:Successfully computed HSC for B6SEH8.
INFO:2025-10-30 15:10:01,824:Processing B6SEH9 with model AF-B6SEH9-F1-model_v4.pdb
INFO:2025-10-30 15:10:02,180:Computing HSC features for: B6SEH9, ENST00000601417, ../Ntranos_Rotation/ESM-SaProt/AF-B6SEH9-F1-model_v4.pdb.gz
INFO:2025-10-30 15:11:02,249:Successfully computed HSC for B6SEH9.
INFO:2025-10-30 15:11:02,249:Processing B7U540 with model AF-B7U540-F1-model_v4.pdb
ERROR:2025-10-30 15:11:02,371:No transcript record found for B7U540 in gnomAD.
INFO:2025-10-30 15:11:02,372:Processing B7Z1M9 with model AF-B7Z1M9-F1-model_v4.pdb
ERROR:2025-10-30 15:11:02,455:No transcript record found for B7Z1M9 in gnomAD.
INFO:2025-10-30 15:11:02,455:Processing B7Z368 with model AF-B7Z368-F1-model_v4.pdb
ERROR:2025-10-30 15:11:02,494:No ENST transcript IDs were mapped to B7Z368
INFO:2025-10-30 15:11:02,494:Processing B7Z3J9 with model AF-B7Z3J9-F1-model_v4.pdb
ERROR:2025-10-30 15:11:02,538:No ENST transcript IDs were mapped to B7Z3J9
INFO:2025-10-30 15:11:02,538:Processing B7Z6K7 with model AF-B7Z6K7-F1-model_v4.pdb
INFO:2025-10-30 15:11:02,707:Computing HSC features for: B7Z6K7, ENST00000435989, ../Ntranos_Rotation/ESM-SaProt/AF-B7Z6K7-F1-model_v4.pdb.gz
INFO:2025-10-30 15:12:09,324:Successfully computed HSC for B7Z6K7.
INFO:2025-10-30 15:12:09,324:Processing B7Z8K6 with model AF-B7Z8K6-F1-model_v4.pdb
ERROR:2025-10-30 15:12:09,373:No ENST transcript IDs were mapped to B7Z8K6
INFO:2025-10-30 15:12:09,373:Processing B7ZAQ6 with model AF-B7ZAQ6-F1-model_v4.pdb
INFO:2025-10-30 15:12:09,472:Computing HSC features for: B7ZAQ6, ENST00000313835, ../Ntranos_Rotation/ESM-SaProt/AF-B7ZAQ6-F1-model_v4.pdb.gz
INFO:2025-10-30 15:12:57,079:Successfully computed HSC for B7ZAQ6.
INFO:2025-10-30 15:12:57,079:Processing B7ZBB8 with model AF-B7ZBB8-F1-model_v4.pdb
INFO:2025-10-30 15:12:57,165:Computing HSC features for: B7ZBB8, ENST00000405617, ../Ntranos_Rotation/ESM-SaProt/AF-B7ZBB8-F1-model_v4.pdb.gz
INFO:2025-10-30 15:13:59,931:Successfully computed HSC for B7ZBB8.
INFO:2025-10-30 15:13:59,931:Processing B7ZC32 with model AF-B7ZC32-F1-model_v4.pdb
ERROR:2025-10-30 15:14:00,115:No ENST transcript IDs were mapped to B7ZC32
INFO:2025-10-30 15:14:00,115:Processing B7ZLF3 with model AF-B7ZLF3-F1-model_v4.pdb
ERROR:2025-10-30 15:14:00,180:No transcript record found for B7ZLF3 in gnomAD.
INFO:2025-10-30 15:14:00,180:Processing B7ZW38 with model AF-B7ZW38-F1-model_v4.pdb
ERROR:2025-10-30 15:14:00,308:No transcript record found for B7ZW38 in gnomAD.
INFO:2025-10-30 15:14:00,309:Processing B8ZZ34 with model AF-B8ZZ34-F1-model_v4.pdb
ERROR:2025-10-30 15:14:00,397:No transcript record found for B8ZZ34 in gnomAD.
INFO:2025-10-30 15:14:00,397:Processing B9A014 with model AF-B9A014-F1-model_v4.pdb
INFO:2025-10-30 15:14:00,470:Computing HSC features for: B9A014, ENST00000410005, ../Ntranos_Rotation/ESM-SaProt/AF-B9A014-F1-model_v4.pdb.gz
ERROR:2025-10-30 15:14:00,577:Missing ENST record in counts: ENST00000410005
INFO:2025-10-30 15:14:00,578:Processing B9A064 with model AF-B9A064-F1-model_v4.pdb
INFO:2025-10-30 15:14:00,636:Computing HSC features for: B9A064, ENST00000526893, ../Ntranos_Rotation/ESM-SaProt/AF-B9A064-F1-model_v4.pdb.gz
INFO:2025-10-30 15:14:24,426:Successfully computed HSC for B9A064.
INFO:2025-10-30 15:14:24,426:Processing B9A6J9 with model AF-B9A6J9-F1-model_v4.pdb
ERROR:2025-10-30 15:14:24,555:No transcript record found for B9A6J9 in gnomAD.
INFO:2025-10-30 15:14:24,555:Processing B9EJG8 with model AF-B9EJG8-F1-model_v4.pdb
INFO:2025-10-30 15:14:24,629:Computing HSC features for: B9EJG8, ENST00000449862, ../Ntranos_Rotation/ESM-SaProt/AF-B9EJG8-F1-model_v4.pdb.gz
INFO:2025-10-30 15:14:56,123:Successfully computed HSC for B9EJG8.
INFO:2025-10-30 15:14:56,123:Processing C4AMC7 with model AF-C4AMC7-F1-model_v4.pdb
ERROR:2025-10-30 15:14:56,212:No ENST transcript IDs were mapped to C4AMC7
INFO:2025-10-30 15:14:56,212:Processing C9J069 with model AF-C9J069-F1-model_v4.pdb
INFO:2025-10-30 15:14:56,389:Computing HSC features for: C9J069, ENST00000436881, ../Ntranos_Rotation/ESM-SaProt/AF-C9J069-F1-model_v4.pdb.gz
INFO:2025-10-30 15:18:27,607:Successfully computed HSC for C9J069.
INFO:2025-10-30 15:18:27,607:Processing C9J1S8 with model AF-C9J1S8-F1-model_v4.pdb
INFO:2025-10-30 15:18:27,718:Computing HSC features for: C9J1S8, ENST00000420869, ../Ntranos_Rotation/ESM-SaProt/AF-C9J1S8-F1-model_v4.pdb.gz
ERROR:2025-10-30 15:18:27,835:Missing ENST record in counts: ENST00000420869
INFO:2025-10-30 15:18:27,835:Processing C9J202 with model AF-C9J202-F1-model_v4.pdb
ERROR:2025-10-30 15:18:27,887:No transcript record found for C9J202 in gnomAD.
INFO:2025-10-30 15:18:27,887:Processing C9J2P7 with model AF-C9J2P7-F1-model_v4.pdb
INFO:2025-10-30 15:18:27,973:Computing HSC features for: C9J2P7, ENST00000456464, ../Ntranos_Rotation/ESM-SaProt/AF-C9J2P7-F1-model_v4.pdb.gz
ERROR:2025-10-30 15:18:28,177:Missing ENST record in counts: ENST00000456464
INFO:2025-10-30 15:18:28,177:Processing C9J302 with model AF-C9J302-F1-model_v4.pdb
INFO:2025-10-30 15:18:28,239:Computing HSC features for: C9J302, ENST00000438731, ../Ntranos_Rotation/ESM-SaProt/AF-C9J302-F1-model_v4.pdb.gz
INFO:2025-10-30 15:18:55,290:Successfully computed HSC for C9J302.
INFO:2025-10-30 15:18:55,290:Processing C9J3I9 with model AF-C9J3I9-F1-model_v4.pdb
ERROR:2025-10-30 15:18:55,333:No valid CDS found for C9J3I9
INFO:2025-10-30 15:18:55,333:Processing C9J3V5 with model AF-C9J3V5-F1-model_v4.pdb
INFO:2025-10-30 15:18:55,381:Computing HSC features for: C9J3V5, ENST00000451127, ../Ntranos_Rotation/ESM-SaProt/AF-C9J3V5-F1-model_v4.pdb.gz
INFO:2025-10-30 15:19:21,082:Successfully computed HSC for C9J3V5.
INFO:2025-10-30 15:19:21,082:Processing C9J442 with model AF-C9J442-F1-model_v4.pdb
ERROR:2025-10-30 15:19:21,158:No ENST transcript IDs were mapped to C9J442
INFO:2025-10-30 15:19:21,158:Processing C9J6K1 with model AF-C9J6K1-F1-model_v4.pdb
INFO:2025-10-30 15:19:21,296:Computing HSC features for: C9J6K1, ENST00000425202, ../Ntranos_Rotation/ESM-SaProt/AF-C9J6K1-F1-model_v4.pdb.gz
INFO:2025-10-30 15:19:49,881:Successfully computed HSC for C9J6K1.
INFO:2025-10-30 15:19:49,881:Processing C9J798 with model AF-C9J798-F1-model_v4.pdb
INFO:2025-10-30 15:19:50,045:Computing HSC features for: C9J798, ENST00000465829, ../Ntranos_Rotation/ESM-SaProt/AF-C9J798-F1-model_v4.pdb.gz
INFO:2025-10-30 15:21:39,044:Successfully computed HSC for C9J798.
INFO:2025-10-30 15:21:39,044:Pipeline completed.
INFO:2025-10-30 15:21:39,044:no_enst_for_uniprot: 7
INFO:2025-10-30 15:21:39,044:no_valid_cds: 3
INFO:2025-10-30 15:21:39,044:no_variant_data: 14
INFO:2025-10-30 15:21:39,044:bad_structure: 0
INFO:2025-10-30 15:21:39,044:no_enst_mp: 4
