INFO:2025-10-30 14:27:03,927:Starting HSC computation pipeline...
INFO:2025-10-30 14:28:11,555:Processing Q9BXS0 with model AF-Q9BXS0-F1-model_v4.pdb
INFO:2025-10-30 14:28:11,739:Computing HSC features for: Q9BXS0, ENST00000399132, ../Ntranos_Rotation/ESM-SaProt/AF-Q9BXS0-F1-model_v4.pdb.gz
INFO:2025-10-30 14:29:38,287:Successfully computed HSC for Q9BXS0.
INFO:2025-10-30 14:29:38,288:Processing Q9BXS1 with model AF-Q9BXS1-F1-model_v4.pdb
INFO:2025-10-30 14:29:38,359:Computing HSC features for: Q9BXS1, ENST00000277517, ../Ntranos_Rotation/ESM-SaProt/AF-Q9BXS1-F1-model_v4.pdb.gz
INFO:2025-10-30 14:30:05,951:Successfully computed HSC for Q9BXS1.
INFO:2025-10-30 14:30:05,951:Processing Q9BXS4 with model AF-Q9BXS4-F1-model_v4.pdb
INFO:2025-10-30 14:30:06,072:Computing HSC features for: Q9BXS4, ENST00000234831, ../Ntranos_Rotation/ESM-SaProt/AF-Q9BXS4-F1-model_v4.pdb.gz
INFO:2025-10-30 14:30:59,388:Successfully computed HSC for Q9BXS4.
INFO:2025-10-30 14:30:59,389:Processing Q9BXS5 with model AF-Q9BXS5-F1-model_v4.pdb
INFO:2025-10-30 14:30:59,535:Computing HSC features for: Q9BXS5, ENST00000291439, ../Ntranos_Rotation/ESM-SaProt/AF-Q9BXS5-F1-model_v4.pdb.gz
INFO:2025-10-30 14:32:32,545:Successfully computed HSC for Q9BXS5.
INFO:2025-10-30 14:32:32,546:Processing Q9BXS6 with model AF-Q9BXS6-F1-model_v4.pdb
INFO:2025-10-30 14:32:32,651:Computing HSC features for: Q9BXS6, ENST00000559596, ../Ntranos_Rotation/ESM-SaProt/AF-Q9BXS6-F1-model_v4.pdb.gz
INFO:2025-10-30 14:33:19,769:Successfully computed HSC for Q9BXS6.
INFO:2025-10-30 14:33:19,769:Processing Q9BXS9 with model AF-Q9BXS9-F1-model_v4.pdb
INFO:2025-10-30 14:33:19,973:Computing HSC features for: Q9BXS9, ENST00000395550, ../Ntranos_Rotation/ESM-SaProt/AF-Q9BXS9-F1-model_v4.pdb.gz
INFO:2025-10-30 14:34:59,253:Successfully computed HSC for Q9BXS9.
INFO:2025-10-30 14:34:59,253:Processing Q9BXT2 with model AF-Q9BXT2-F1-model_v4.pdb
INFO:2025-10-30 14:34:59,308:Computing HSC features for: Q9BXT2, ENST00000252729, ../Ntranos_Rotation/ESM-SaProt/AF-Q9BXT2-F1-model_v4.pdb.gz
INFO:2025-10-30 14:35:50,938:Successfully computed HSC for Q9BXT2.
INFO:2025-10-30 14:35:50,938:Processing Q9BXT4 with model AF-Q9BXT4-F1-model_v4.pdb
ERROR:2025-10-30 14:35:51,124:No transcript record found for Q9BXT4 in gnomAD.
INFO:2025-10-30 14:35:51,125:Processing Q9BXT5 with model AF-Q9BXT5-F1-model_v4.pdb
ERROR:2025-10-30 14:35:51,329:No valid CDS found for Q9BXT5
INFO:2025-10-30 14:35:51,330:Processing Q9BXT6 with model AF-Q9BXT6-F1-model_v4.pdb
INFO:2025-10-30 14:35:51,493:Computing HSC features for: Q9BXT6, ENST00000262794, ../Ntranos_Rotation/ESM-SaProt/AF-Q9BXT6-F1-model_v4.pdb.gz
INFO:2025-10-30 14:38:37,843:Successfully computed HSC for Q9BXT6.
INFO:2025-10-30 14:38:37,843:Processing Q9BXT8 with model AF-Q9BXT8-F1-model_v4.pdb
INFO:2025-10-30 14:38:38,206:Computing HSC features for: Q9BXT8, ENST00000255324, ../Ntranos_Rotation/ESM-SaProt/AF-Q9BXT8-F1-model_v4.pdb.gz
INFO:2025-10-30 14:41:27,307:Successfully computed HSC for Q9BXT8.
INFO:2025-10-30 14:41:27,307:Processing Q9BXU0 with model AF-Q9BXU0-F1-model_v4.pdb
INFO:2025-10-30 14:41:27,362:Computing HSC features for: Q9BXU0, ENST00000280358, ../Ntranos_Rotation/ESM-SaProt/AF-Q9BXU0-F1-model_v4.pdb.gz
INFO:2025-10-30 14:41:38,167:Successfully computed HSC for Q9BXU0.
INFO:2025-10-30 14:41:38,167:Processing Q9BXU1 with model AF-Q9BXU1-F1-model_v4.pdb
INFO:2025-10-30 14:41:38,319:Computing HSC features for: Q9BXU1, ENST00000355870, ../Ntranos_Rotation/ESM-SaProt/AF-Q9BXU1-F1-model_v4.pdb.gz
INFO:2025-10-30 14:43:12,779:Successfully computed HSC for Q9BXU1.
INFO:2025-10-30 14:43:12,779:Processing Q9BXU2 with model AF-Q9BXU2-F1-model_v4.pdb
INFO:2025-10-30 14:43:12,850:Computing HSC features for: Q9BXU2, ENST00000302917, ../Ntranos_Rotation/ESM-SaProt/AF-Q9BXU2-F1-model_v4.pdb.gz
INFO:2025-10-30 14:43:50,416:Successfully computed HSC for Q9BXU2.
INFO:2025-10-30 14:43:50,416:Processing Q9BXU3 with model AF-Q9BXU3-F1-model_v4.pdb
ERROR:2025-10-30 14:43:50,486:No transcript record found for Q9BXU3 in gnomAD.
INFO:2025-10-30 14:43:50,486:Processing Q9BXU7 with model AF-Q9BXU7-F1-model_v4.pdb
INFO:2025-10-30 14:43:50,635:Computing HSC features for: Q9BXU7, ENST00000370832, ../Ntranos_Rotation/ESM-SaProt/AF-Q9BXU7-F1-model_v4.pdb.gz
INFO:2025-10-30 14:45:28,010:Successfully computed HSC for Q9BXU7.
INFO:2025-10-30 14:45:28,011:Processing Q9BXU8 with model AF-Q9BXU8-F1-model_v4.pdb
INFO:2025-10-30 14:45:28,098:Computing HSC features for: Q9BXU8, ENST00000359202, ../Ntranos_Rotation/ESM-SaProt/AF-Q9BXU8-F1-model_v4.pdb.gz
INFO:2025-10-30 14:45:57,338:Successfully computed HSC for Q9BXU8.
INFO:2025-10-30 14:45:57,338:Processing Q9BXU9 with model AF-Q9BXU9-F1-model_v4.pdb
INFO:2025-10-30 14:45:57,424:Computing HSC features for: Q9BXU9, ENST00000395275, ../Ntranos_Rotation/ESM-SaProt/AF-Q9BXU9-F1-model_v4.pdb.gz
INFO:2025-10-30 14:46:47,801:Successfully computed HSC for Q9BXU9.
INFO:2025-10-30 14:46:47,801:Processing Q9BXV9 with model AF-Q9BXV9-F1-model_v4.pdb
INFO:2025-10-30 14:46:47,867:Computing HSC features for: Q9BXV9, ENST00000306954, ../Ntranos_Rotation/ESM-SaProt/AF-Q9BXV9-F1-model_v4.pdb.gz
INFO:2025-10-30 14:47:15,137:Successfully computed HSC for Q9BXV9.
INFO:2025-10-30 14:47:15,137:Processing Q9BXW3 with model AF-Q9BXW3-F1-model_v4.pdb
ERROR:2025-10-30 14:47:15,174:No ENST transcript IDs were mapped to Q9BXW3
INFO:2025-10-30 14:47:15,174:Processing Q9BXW4 with model AF-Q9BXW4-F1-model_v4.pdb
INFO:2025-10-30 14:47:15,234:Computing HSC features for: Q9BXW4, ENST00000357246, ../Ntranos_Rotation/ESM-SaProt/AF-Q9BXW4-F1-model_v4.pdb.gz
INFO:2025-10-30 14:47:38,237:Successfully computed HSC for Q9BXW4.
INFO:2025-10-30 14:47:38,237:Processing Q9BXW6 with model AF-Q9BXW6-F1-model_v4.pdb
INFO:2025-10-30 14:47:38,370:Computing HSC features for: Q9BXW6, ENST00000319481, ../Ntranos_Rotation/ESM-SaProt/AF-Q9BXW6-F1-model_v4.pdb.gz
INFO:2025-10-30 14:49:17,891:Successfully computed HSC for Q9BXW6.
INFO:2025-10-30 14:49:17,891:Processing Q9BXW7 with model AF-Q9BXW7-F1-model_v4.pdb
INFO:2025-10-30 14:49:18,005:Computing HSC features for: Q9BXW7, ENST00000336737, ../Ntranos_Rotation/ESM-SaProt/AF-Q9BXW7-F1-model_v4.pdb.gz
INFO:2025-10-30 14:50:20,587:Successfully computed HSC for Q9BXW7.
INFO:2025-10-30 14:50:20,587:Processing Q9BXW9 with model AF-Q9BXW9-F1-model_v4.pdb
INFO:2025-10-30 14:50:20,901:Computing HSC features for: Q9BXW9, ENST00000419585, ../Ntranos_Rotation/ESM-SaProt/AF-Q9BXW9-F1-model_v4.pdb.gz
INFO:2025-10-30 14:53:37,610:Successfully computed HSC for Q9BXW9.
INFO:2025-10-30 14:53:37,610:Processing Q9BXX0 with model AF-Q9BXX0-F1-model_v4.pdb
INFO:2025-10-30 14:53:37,842:Computing HSC features for: Q9BXX0, ENST00000254528, ../Ntranos_Rotation/ESM-SaProt/AF-Q9BXX0-F1-model_v4.pdb.gz
INFO:2025-10-30 14:55:59,646:Successfully computed HSC for Q9BXX0.
INFO:2025-10-30 14:55:59,646:Processing Q9BXX2 with model AF-Q9BXX2-F1-model_v4.pdb
INFO:2025-10-30 14:56:00,046:Computing HSC features for: Q9BXX2, ENST00000358984, ../Ntranos_Rotation/ESM-SaProt/AF-Q9BXX2-F1-model_v4.pdb.gz
INFO:2025-10-30 14:58:05,544:Successfully computed HSC for Q9BXX2.
INFO:2025-10-30 14:58:05,544:Processing Q9BXX3 with model AF-Q9BXX3-F1-model_v4.pdb
INFO:2025-10-30 14:58:05,736:Computing HSC features for: Q9BXX3, ENST00000361713, ../Ntranos_Rotation/ESM-SaProt/AF-Q9BXX3-F1-model_v4.pdb.gz
INFO:2025-10-30 15:00:57,570:Successfully computed HSC for Q9BXX3.
INFO:2025-10-30 15:00:57,570:Processing Q9BXY0 with model AF-Q9BXY0-F1-model_v4.pdb
INFO:2025-10-30 15:00:57,644:Computing HSC features for: Q9BXY0, ENST00000360128, ../Ntranos_Rotation/ESM-SaProt/AF-Q9BXY0-F1-model_v4.pdb.gz
INFO:2025-10-30 15:01:30,907:Successfully computed HSC for Q9BXY0.
INFO:2025-10-30 15:01:30,907:Processing Q9BXY4 with model AF-Q9BXY4-F1-model_v4.pdb
INFO:2025-10-30 15:01:30,962:Computing HSC features for: Q9BXY4, ENST00000356698, ../Ntranos_Rotation/ESM-SaProt/AF-Q9BXY4-F1-model_v4.pdb.gz
INFO:2025-10-30 15:01:58,473:Successfully computed HSC for Q9BXY4.
INFO:2025-10-30 15:01:58,473:Processing Q9BXY5 with model AF-Q9BXY5-F1-model_v4.pdb
ERROR:2025-10-30 15:01:58,555:No transcript record found for Q9BXY5 in gnomAD.
INFO:2025-10-30 15:01:58,556:Processing Q9BXY8 with model AF-Q9BXY8-F1-model_v4.pdb
INFO:2025-10-30 15:01:58,599:Computing HSC features for: Q9BXY8, ENST00000372674, ../Ntranos_Rotation/ESM-SaProt/AF-Q9BXY8-F1-model_v4.pdb.gz
INFO:2025-10-30 15:02:13,274:Successfully computed HSC for Q9BXY8.
INFO:2025-10-30 15:02:13,274:Processing Q9BY07 with model AF-Q9BY07-F1-model_v4.pdb
INFO:2025-10-30 15:02:13,452:Computing HSC features for: Q9BY07, ENST00000377634, ../Ntranos_Rotation/ESM-SaProt/AF-Q9BY07-F1-model_v4.pdb.gz
INFO:2025-10-30 15:04:36,293:Successfully computed HSC for Q9BY07.
INFO:2025-10-30 15:04:36,294:Processing Q9BY08 with model AF-Q9BY08-F1-model_v4.pdb
INFO:2025-10-30 15:04:36,342:Computing HSC features for: Q9BY08, ENST00000242827, ../Ntranos_Rotation/ESM-SaProt/AF-Q9BY08-F1-model_v4.pdb.gz
INFO:2025-10-30 15:05:06,220:Successfully computed HSC for Q9BY08.
INFO:2025-10-30 15:05:06,221:Processing Q9BY10 with model AF-Q9BY10-F1-model_v4.pdb
INFO:2025-10-30 15:05:06,299:Computing HSC features for: Q9BY10, ENST00000374228, ../Ntranos_Rotation/ESM-SaProt/AF-Q9BY10-F1-model_v4.pdb.gz
INFO:2025-10-30 15:06:13,642:Successfully computed HSC for Q9BY10.
INFO:2025-10-30 15:06:13,642:Processing Q9BY11 with model AF-Q9BY11-F1-model_v4.pdb
INFO:2025-10-30 15:06:13,724:Computing HSC features for: Q9BY11, ENST00000244458, ../Ntranos_Rotation/ESM-SaProt/AF-Q9BY11-F1-model_v4.pdb.gz
INFO:2025-10-30 15:07:24,814:Successfully computed HSC for Q9BY11.
INFO:2025-10-30 15:07:24,814:Processing Q9BY12 with model AF-Q9BY12-F1-model_v4.pdb
INFO:2025-10-30 15:07:24,994:Computing HSC features for: Q9BY12, ENST00000324767, ../Ntranos_Rotation/ESM-SaProt/AF-Q9BY12-F1-model_v4.pdb.gz
INFO:2025-10-30 15:09:47,002:Successfully computed HSC for Q9BY12.
INFO:2025-10-30 15:09:47,002:Processing Q9BY14 with model AF-Q9BY14-F1-model_v4.pdb
INFO:2025-10-30 15:09:47,062:Computing HSC features for: Q9BY14, ENST00000598265, ../Ntranos_Rotation/ESM-SaProt/AF-Q9BY14-F1-model_v4.pdb.gz
INFO:2025-10-30 15:10:13,529:Successfully computed HSC for Q9BY14.
INFO:2025-10-30 15:10:13,529:Processing Q9BY15 with model AF-Q9BY15-F1-model_v4.pdb
INFO:2025-10-30 15:10:13,623:Computing HSC features for: Q9BY15, ENST00000253673, ../Ntranos_Rotation/ESM-SaProt/AF-Q9BY15-F1-model_v4.pdb.gz
INFO:2025-10-30 15:11:23,381:Successfully computed HSC for Q9BY15.
INFO:2025-10-30 15:11:23,381:Processing Q9BY19 with model AF-Q9BY19-F1-model_v4.pdb
INFO:2025-10-30 15:11:23,450:Computing HSC features for: Q9BY19, ENST00000300226, ../Ntranos_Rotation/ESM-SaProt/AF-Q9BY19-F1-model_v4.pdb.gz
INFO:2025-10-30 15:11:53,140:Successfully computed HSC for Q9BY19.
INFO:2025-10-30 15:11:53,140:Processing Q9BY21 with model AF-Q9BY21-F1-model_v4.pdb
INFO:2025-10-30 15:11:53,205:Computing HSC features for: Q9BY21, ENST00000260843, ../Ntranos_Rotation/ESM-SaProt/AF-Q9BY21-F1-model_v4.pdb.gz
INFO:2025-10-30 15:12:30,371:Successfully computed HSC for Q9BY21.
INFO:2025-10-30 15:12:30,371:Processing Q9BY27 with model AF-Q9BY27-F1-model_v4.pdb
INFO:2025-10-30 15:12:30,438:Computing HSC features for: Q9BY27, ENST00000248879, ../Ntranos_Rotation/ESM-SaProt/AF-Q9BY27-F1-model_v4.pdb.gz
INFO:2025-10-30 15:13:05,949:Successfully computed HSC for Q9BY27.
INFO:2025-10-30 15:13:05,949:Processing Q9BY31 with model AF-Q9BY31-F1-model_v4.pdb
ERROR:2025-10-30 15:13:06,088:No valid CDS found for Q9BY31
INFO:2025-10-30 15:13:06,088:Processing Q9BY32 with model AF-Q9BY32-F1-model_v4.pdb
INFO:2025-10-30 15:13:06,170:Computing HSC features for: Q9BY32, ENST00000380113, ../Ntranos_Rotation/ESM-SaProt/AF-Q9BY32-F1-model_v4.pdb.gz
INFO:2025-10-30 15:13:48,679:Successfully computed HSC for Q9BY32.
INFO:2025-10-30 15:13:48,680:Processing Q9BY41 with model AF-Q9BY41-F1-model_v4.pdb
INFO:2025-10-30 15:13:48,787:Computing HSC features for: Q9BY41, ENST00000373573, ../Ntranos_Rotation/ESM-SaProt/AF-Q9BY41-F1-model_v4.pdb.gz
INFO:2025-10-30 15:14:41,546:Successfully computed HSC for Q9BY41.
INFO:2025-10-30 15:14:41,546:Processing Q9BY42 with model AF-Q9BY42-F1-model_v4.pdb
INFO:2025-10-30 15:14:41,645:Computing HSC features for: Q9BY42, ENST00000357348, ../Ntranos_Rotation/ESM-SaProt/AF-Q9BY42-F1-model_v4.pdb.gz
INFO:2025-10-30 15:15:37,095:Successfully computed HSC for Q9BY42.
INFO:2025-10-30 15:15:37,095:Processing Q9BY43 with model AF-Q9BY43-F1-model_v4.pdb
INFO:2025-10-30 15:15:37,157:Computing HSC features for: Q9BY43, ENST00000347519, ../Ntranos_Rotation/ESM-SaProt/AF-Q9BY43-F1-model_v4.pdb.gz
INFO:2025-10-30 15:16:13,132:Successfully computed HSC for Q9BY43.
INFO:2025-10-30 15:16:13,132:Processing Q9BY44 with model AF-Q9BY44-F1-model_v4.pdb
INFO:2025-10-30 15:16:13,266:Computing HSC features for: Q9BY44, ENST00000460851, ../Ntranos_Rotation/ESM-SaProt/AF-Q9BY44-F1-model_v4.pdb.gz
INFO:2025-10-30 15:17:24,075:Successfully computed HSC for Q9BY44.
INFO:2025-10-30 15:17:24,075:Processing Q9BY49 with model AF-Q9BY49-F1-model_v4.pdb
INFO:2025-10-30 15:17:24,134:Computing HSC features for: Q9BY49, ENST00000265322, ../Ntranos_Rotation/ESM-SaProt/AF-Q9BY49-F1-model_v4.pdb.gz
INFO:2025-10-30 15:17:58,477:Successfully computed HSC for Q9BY49.
INFO:2025-10-30 15:17:58,477:Processing Q9BY50 with model AF-Q9BY50-F1-model_v4.pdb
INFO:2025-10-30 15:17:58,519:Computing HSC features for: Q9BY50, ENST00000587834, ../Ntranos_Rotation/ESM-SaProt/AF-Q9BY50-F1-model_v4.pdb.gz
INFO:2025-10-30 15:18:22,829:Successfully computed HSC for Q9BY50.
INFO:2025-10-30 15:18:22,829:Processing Q9BY60 with model AF-Q9BY60-F1-model_v4.pdb
ERROR:2025-10-30 15:18:22,865:No ENST transcript IDs were mapped to Q9BY60
INFO:2025-10-30 15:18:22,865:Pipeline completed.
INFO:2025-10-30 15:18:22,865:no_enst_for_uniprot: 2
INFO:2025-10-30 15:18:22,865:no_valid_cds: 2
INFO:2025-10-30 15:18:22,865:no_variant_data: 3
INFO:2025-10-30 15:18:22,866:bad_structure: 0
INFO:2025-10-30 15:18:22,866:no_enst_mp: 0
