INFO:2025-10-30 14:25:03,906:Starting HSC computation pipeline...
INFO:2025-10-30 14:26:16,042:Processing P30084 with model AF-P30084-F1-model_v4.pdb
INFO:2025-10-30 14:26:16,097:Computing HSC features for: P30084, ENST00000368547, ../Ntranos_Rotation/ESM-SaProt/AF-P30084-F1-model_v4.pdb.gz
INFO:2025-10-30 14:26:46,595:Successfully computed HSC for P30084.
INFO:2025-10-30 14:26:46,595:Processing P30085 with model AF-P30085-F1-model_v4.pdb
ERROR:2025-10-30 14:26:46,645:No transcript record found for P30085 in gnomAD.
INFO:2025-10-30 14:26:46,645:Processing P30086 with model AF-P30086-F1-model_v4.pdb
INFO:2025-10-30 14:26:46,696:Computing HSC features for: P30086, ENST00000261313, ../Ntranos_Rotation/ESM-SaProt/AF-P30086-F1-model_v4.pdb.gz
INFO:2025-10-30 14:27:06,895:Successfully computed HSC for P30086.
INFO:2025-10-30 14:27:06,895:Processing P30101 with model AF-P30101-F1-model_v4.pdb
INFO:2025-10-30 14:27:06,985:Computing HSC features for: P30101, ENST00000300289, ../Ntranos_Rotation/ESM-SaProt/AF-P30101-F1-model_v4.pdb.gz
INFO:2025-10-30 14:27:59,310:Successfully computed HSC for P30101.
INFO:2025-10-30 14:27:59,310:Processing P30153 with model AF-P30153-F1-model_v4.pdb
INFO:2025-10-30 14:27:59,372:Computing HSC features for: P30153, ENST00000322088, ../Ntranos_Rotation/ESM-SaProt/AF-P30153-F1-model_v4.pdb.gz
INFO:2025-10-30 14:28:56,971:Successfully computed HSC for P30153.
INFO:2025-10-30 14:28:56,971:Processing P30154 with model AF-P30154-F1-model_v4.pdb
INFO:2025-10-30 14:28:57,108:Computing HSC features for: P30154, ENST00000527614, ../Ntranos_Rotation/ESM-SaProt/AF-P30154-F1-model_v4.pdb.gz
INFO:2025-10-30 14:29:48,653:Successfully computed HSC for P30154.
INFO:2025-10-30 14:29:48,653:Processing P30203 with model AF-P30203-F1-model_v4.pdb
INFO:2025-10-30 14:29:48,745:Computing HSC features for: P30203, ENST00000313421, ../Ntranos_Rotation/ESM-SaProt/AF-P30203-F1-model_v4.pdb.gz
INFO:2025-10-30 14:30:59,492:Successfully computed HSC for P30203.
INFO:2025-10-30 14:30:59,492:Processing P30260 with model AF-P30260-F1-model_v4.pdb
INFO:2025-10-30 14:30:59,619:Computing HSC features for: P30260, ENST00000066544, ../Ntranos_Rotation/ESM-SaProt/AF-P30260-F1-model_v4.pdb.gz
INFO:2025-10-30 14:31:58,512:Successfully computed HSC for P30260.
INFO:2025-10-30 14:31:58,512:Processing P30273 with model AF-P30273-F1-model_v4.pdb
INFO:2025-10-30 14:31:58,538:Computing HSC features for: P30273, ENST00000289902, ../Ntranos_Rotation/ESM-SaProt/AF-P30273-F1-model_v4.pdb.gz
INFO:2025-10-30 14:32:05,818:Successfully computed HSC for P30273.
INFO:2025-10-30 14:32:05,818:Processing P30279 with model AF-P30279-F1-model_v4.pdb
INFO:2025-10-30 14:32:05,896:Computing HSC features for: P30279, ENST00000261254, ../Ntranos_Rotation/ESM-SaProt/AF-P30279-F1-model_v4.pdb.gz
INFO:2025-10-30 14:32:35,873:Successfully computed HSC for P30279.
INFO:2025-10-30 14:32:35,873:Processing P30281 with model AF-P30281-F1-model_v4.pdb
INFO:2025-10-30 14:32:35,923:Computing HSC features for: P30281, ENST00000372991, ../Ntranos_Rotation/ESM-SaProt/AF-P30281-F1-model_v4.pdb.gz
INFO:2025-10-30 14:33:06,700:Successfully computed HSC for P30281.
INFO:2025-10-30 14:33:06,700:Processing P30291 with model AF-P30291-F1-model_v4.pdb
INFO:2025-10-30 14:33:06,830:Computing HSC features for: P30291, ENST00000450114, ../Ntranos_Rotation/ESM-SaProt/AF-P30291-F1-model_v4.pdb.gz
INFO:2025-10-30 14:34:22,628:Successfully computed HSC for P30291.
INFO:2025-10-30 14:34:22,628:Processing P30301 with model AF-P30301-F1-model_v4.pdb
ERROR:2025-10-30 14:34:22,677:No transcript record found for P30301 in gnomAD.
INFO:2025-10-30 14:34:22,677:Processing P30304 with model AF-P30304-F1-model_v4.pdb
INFO:2025-10-30 14:34:22,920:Computing HSC features for: P30304, ENST00000302506, ../Ntranos_Rotation/ESM-SaProt/AF-P30304-F1-model_v4.pdb.gz
INFO:2025-10-30 14:35:16,485:Successfully computed HSC for P30304.
INFO:2025-10-30 14:35:16,485:Processing P30305 with model AF-P30305-F1-model_v4.pdb
INFO:2025-10-30 14:35:16,577:Computing HSC features for: P30305, ENST00000245960, ../Ntranos_Rotation/ESM-SaProt/AF-P30305-F1-model_v4.pdb.gz
INFO:2025-10-30 14:36:20,527:Successfully computed HSC for P30305.
INFO:2025-10-30 14:36:20,527:Processing P30307 with model AF-P30307-F1-model_v4.pdb
INFO:2025-10-30 14:36:20,621:Computing HSC features for: P30307, ENST00000323760, ../Ntranos_Rotation/ESM-SaProt/AF-P30307-F1-model_v4.pdb.gz
INFO:2025-10-30 14:36:54,891:Successfully computed HSC for P30307.
INFO:2025-10-30 14:36:54,891:Processing P30405 with model AF-P30405-F1-model_v4.pdb
INFO:2025-10-30 14:36:54,981:Computing HSC features for: P30405, ENST00000225174, ../Ntranos_Rotation/ESM-SaProt/AF-P30405-F1-model_v4.pdb.gz
INFO:2025-10-30 14:37:20,288:Successfully computed HSC for P30405.
INFO:2025-10-30 14:37:20,288:Processing P30408 with model AF-P30408-F1-model_v4.pdb
INFO:2025-10-30 14:37:20,333:Computing HSC features for: P30408, ENST00000305366, ../Ntranos_Rotation/ESM-SaProt/AF-P30408-F1-model_v4.pdb.gz
INFO:2025-10-30 14:37:36,806:Successfully computed HSC for P30408.
INFO:2025-10-30 14:37:36,806:Processing P30411 with model AF-P30411-F1-model_v4.pdb
INFO:2025-10-30 14:37:37,068:Computing HSC features for: P30411, ENST00000554311, ../Ntranos_Rotation/ESM-SaProt/AF-P30411-F1-model_v4.pdb.gz
INFO:2025-10-30 14:38:16,559:Successfully computed HSC for P30411.
INFO:2025-10-30 14:38:16,559:Processing P30414 with model AF-P30414-F1-model_v4.pdb
INFO:2025-10-30 14:38:16,730:Computing HSC features for: P30414, ENST00000232978, ../Ntranos_Rotation/ESM-SaProt/AF-P30414-F1-model_v4.pdb.gz
INFO:2025-10-30 14:40:08,215:Successfully computed HSC for P30414.
INFO:2025-10-30 14:40:08,215:Processing P30419 with model AF-P30419-F1-model_v4.pdb
INFO:2025-10-30 14:40:08,334:Computing HSC features for: P30419, ENST00000258960, ../Ntranos_Rotation/ESM-SaProt/AF-P30419-F1-model_v4.pdb.gz
INFO:2025-10-30 14:41:04,975:Successfully computed HSC for P30419.
INFO:2025-10-30 14:41:04,976:Processing P30511 with model AF-P30511-F1-model_v4.pdb
INFO:2025-10-30 14:41:05,066:Computing HSC features for: P30511, ENST00000334668, ../Ntranos_Rotation/ESM-SaProt/AF-P30511-F1-model_v4.pdb.gz
INFO:2025-10-30 14:41:49,902:Successfully computed HSC for P30511.
INFO:2025-10-30 14:41:49,902:Processing P30518 with model AF-P30518-F1-model_v4.pdb
INFO:2025-10-30 14:41:49,982:Computing HSC features for: P30518, ENST00000337474, ../Ntranos_Rotation/ESM-SaProt/AF-P30518-F1-model_v4.pdb.gz
INFO:2025-10-30 14:42:31,749:Successfully computed HSC for P30518.
INFO:2025-10-30 14:42:31,749:Processing P30519 with model AF-P30519-F1-model_v4.pdb
INFO:2025-10-30 14:42:31,851:Computing HSC features for: P30519, ENST00000219700, ../Ntranos_Rotation/ESM-SaProt/AF-P30519-F1-model_v4.pdb.gz
INFO:2025-10-30 14:42:59,274:Successfully computed HSC for P30519.
INFO:2025-10-30 14:42:59,274:Processing P30520 with model AF-P30520-F1-model_v4.pdb
INFO:2025-10-30 14:42:59,352:Computing HSC features for: P30520, ENST00000366535, ../Ntranos_Rotation/ESM-SaProt/AF-P30520-F1-model_v4.pdb.gz
INFO:2025-10-30 14:43:35,130:Successfully computed HSC for P30520.
INFO:2025-10-30 14:43:35,130:Processing P30530 with model AF-P30530-F1-model_v4.pdb
INFO:2025-10-30 14:43:35,306:Computing HSC features for: P30530, ENST00000301178, ../Ntranos_Rotation/ESM-SaProt/AF-P30530-F1-model_v4.pdb.gz
INFO:2025-10-30 14:45:03,235:Successfully computed HSC for P30530.
INFO:2025-10-30 14:45:03,235:Processing P30531 with model AF-P30531-F1-model_v4.pdb
INFO:2025-10-30 14:45:03,362:Computing HSC features for: P30531, ENST00000287766, ../Ntranos_Rotation/ESM-SaProt/AF-P30531-F1-model_v4.pdb.gz
INFO:2025-10-30 14:46:00,711:Successfully computed HSC for P30531.
INFO:2025-10-30 14:46:00,711:Processing P30532 with model AF-P30532-F1-model_v4.pdb
INFO:2025-10-30 14:46:00,787:Computing HSC features for: P30532, ENST00000299565, ../Ntranos_Rotation/ESM-SaProt/AF-P30532-F1-model_v4.pdb.gz
INFO:2025-10-30 14:46:43,243:Successfully computed HSC for P30532.
INFO:2025-10-30 14:46:43,243:Processing P30533 with model AF-P30533-F1-model_v4.pdb
ERROR:2025-10-30 14:46:43,385:No transcript record found for P30533 in gnomAD.
INFO:2025-10-30 14:46:43,385:Processing P30536 with model AF-P30536-F1-model_v4.pdb
INFO:2025-10-30 14:46:43,470:Computing HSC features for: P30536, ENST00000329563, ../Ntranos_Rotation/ESM-SaProt/AF-P30536-F1-model_v4.pdb.gz
INFO:2025-10-30 14:47:08,148:Successfully computed HSC for P30536.
INFO:2025-10-30 14:47:08,148:Processing P30542 with model AF-P30542-F1-model_v4.pdb
INFO:2025-10-30 14:47:08,328:Computing HSC features for: P30542, ENST00000309502, ../Ntranos_Rotation/ESM-SaProt/AF-P30542-F1-model_v4.pdb.gz
INFO:2025-10-30 14:47:44,301:Successfully computed HSC for P30542.
INFO:2025-10-30 14:47:44,301:Processing P30550 with model AF-P30550-F1-model_v4.pdb
INFO:2025-10-30 14:47:44,367:Computing HSC features for: P30550, ENST00000380289, ../Ntranos_Rotation/ESM-SaProt/AF-P30550-F1-model_v4.pdb.gz
INFO:2025-10-30 14:48:32,833:Successfully computed HSC for P30550.
INFO:2025-10-30 14:48:32,833:Processing P30556 with model AF-P30556-F1-model_v4.pdb
INFO:2025-10-30 14:48:32,928:Computing HSC features for: P30556, ENST00000349243, ../Ntranos_Rotation/ESM-SaProt/AF-P30556-F1-model_v4.pdb.gz
INFO:2025-10-30 14:49:11,086:Successfully computed HSC for P30556.
INFO:2025-10-30 14:49:11,086:Processing P30559 with model AF-P30559-F1-model_v4.pdb
INFO:2025-10-30 14:49:11,185:Computing HSC features for: P30559, ENST00000316793, ../Ntranos_Rotation/ESM-SaProt/AF-P30559-F1-model_v4.pdb.gz
INFO:2025-10-30 14:50:23,894:Successfully computed HSC for P30559.
INFO:2025-10-30 14:50:23,895:Processing P30566 with model AF-P30566-F1-model_v4.pdb
ERROR:2025-10-30 14:50:24,004:No transcript record found for P30566 in gnomAD.
INFO:2025-10-30 14:50:24,005:Processing P30613 with model AF-P30613-F1-model_v4.pdb
INFO:2025-10-30 14:50:24,133:Computing HSC features for: P30613, ENST00000342741, ../Ntranos_Rotation/ESM-SaProt/AF-P30613-F1-model_v4.pdb.gz
INFO:2025-10-30 14:51:33,830:Successfully computed HSC for P30613.
INFO:2025-10-30 14:51:33,830:Processing P30622 with model AF-P30622-F1-model_v4.pdb
ERROR:2025-10-30 14:51:34,123:No transcript record found for P30622 in gnomAD.
INFO:2025-10-30 14:51:34,123:Processing P30626 with model AF-P30626-F1-model_v4.pdb
INFO:2025-10-30 14:51:34,172:Computing HSC features for: P30626, ENST00000265729, ../Ntranos_Rotation/ESM-SaProt/AF-P30626-F1-model_v4.pdb.gz
INFO:2025-10-30 14:52:06,945:Successfully computed HSC for P30626.
INFO:2025-10-30 14:52:06,945:Processing P30679 with model AF-P30679-F1-model_v4.pdb
INFO:2025-10-30 14:52:07,031:Computing HSC features for: P30679, ENST00000262958, ../Ntranos_Rotation/ESM-SaProt/AF-P30679-F1-model_v4.pdb.gz
INFO:2025-10-30 14:53:20,387:Successfully computed HSC for P30679.
INFO:2025-10-30 14:53:20,387:Processing P30711 with model AF-P30711-F1-model_v4.pdb
ERROR:2025-10-30 14:53:20,454:No transcript record found for P30711 in gnomAD.
INFO:2025-10-30 14:53:20,454:Processing P30740 with model AF-P30740-F1-model_v4.pdb
INFO:2025-10-30 14:53:20,540:Computing HSC features for: P30740, ENST00000380739, ../Ntranos_Rotation/ESM-SaProt/AF-P30740-F1-model_v4.pdb.gz
INFO:2025-10-30 14:54:02,464:Successfully computed HSC for P30740.
INFO:2025-10-30 14:54:02,464:Processing P30793 with model AF-P30793-F1-model_v4.pdb
INFO:2025-10-30 14:54:02,539:Computing HSC features for: P30793, ENST00000395514, ../Ntranos_Rotation/ESM-SaProt/AF-P30793-F1-model_v4.pdb.gz
INFO:2025-10-30 14:54:41,285:Successfully computed HSC for P30793.
INFO:2025-10-30 14:54:41,286:Processing P30825 with model AF-P30825-F1-model_v4.pdb
INFO:2025-10-30 14:54:41,426:Computing HSC features for: P30825, ENST00000380752, ../Ntranos_Rotation/ESM-SaProt/AF-P30825-F1-model_v4.pdb.gz
INFO:2025-10-30 14:55:42,156:Successfully computed HSC for P30825.
INFO:2025-10-30 14:55:42,157:Processing P30837 with model AF-P30837-F1-model_v4.pdb
INFO:2025-10-30 14:55:42,267:Computing HSC features for: P30837, ENST00000377698, ../Ntranos_Rotation/ESM-SaProt/AF-P30837-F1-model_v4.pdb.gz
INFO:2025-10-30 14:56:32,777:Successfully computed HSC for P30837.
INFO:2025-10-30 14:56:32,778:Processing P30838 with model AF-P30838-F1-model_v4.pdb
INFO:2025-10-30 14:56:32,896:Computing HSC features for: P30838, ENST00000225740, ../Ntranos_Rotation/ESM-SaProt/AF-P30838-F1-model_v4.pdb.gz
INFO:2025-10-30 14:57:24,044:Successfully computed HSC for P30838.
INFO:2025-10-30 14:57:24,044:Processing P30872 with model AF-P30872-F1-model_v4.pdb
INFO:2025-10-30 14:57:24,129:Computing HSC features for: P30872, ENST00000267377, ../Ntranos_Rotation/ESM-SaProt/AF-P30872-F1-model_v4.pdb.gz
INFO:2025-10-30 14:58:14,976:Successfully computed HSC for P30872.
INFO:2025-10-30 14:58:14,976:Processing P30874 with model AF-P30874-F1-model_v4.pdb
INFO:2025-10-30 14:58:15,063:Computing HSC features for: P30874, ENST00000357585, ../Ntranos_Rotation/ESM-SaProt/AF-P30874-F1-model_v4.pdb.gz
INFO:2025-10-30 14:58:44,241:Successfully computed HSC for P30874.
INFO:2025-10-30 14:58:44,241:Processing P30876 with model AF-P30876-F1-model_v4.pdb
INFO:2025-10-30 14:58:44,470:Computing HSC features for: P30876, ENST00000314595, ../Ntranos_Rotation/ESM-SaProt/AF-P30876-F1-model_v4.pdb.gz
INFO:2025-10-30 15:00:16,551:Successfully computed HSC for P30876.
INFO:2025-10-30 15:00:16,551:Processing P30926 with model AF-P30926-F1-model_v4.pdb
INFO:2025-10-30 15:00:16,632:Computing HSC features for: P30926, ENST00000261751, ../Ntranos_Rotation/ESM-SaProt/AF-P30926-F1-model_v4.pdb.gz
INFO:2025-10-30 15:01:08,198:Successfully computed HSC for P30926.
INFO:2025-10-30 15:01:08,198:Processing P30939 with model AF-P30939-F1-model_v4.pdb
INFO:2025-10-30 15:01:08,286:Computing HSC features for: P30939, ENST00000319595, ../Ntranos_Rotation/ESM-SaProt/AF-P30939-F1-model_v4.pdb.gz
INFO:2025-10-30 15:01:33,574:Successfully computed HSC for P30939.
INFO:2025-10-30 15:01:33,575:Pipeline completed.
INFO:2025-10-30 15:01:33,575:no_enst_for_uniprot: 0
INFO:2025-10-30 15:01:33,575:no_valid_cds: 0
INFO:2025-10-30 15:01:33,575:no_variant_data: 6
INFO:2025-10-30 15:01:33,575:bad_structure: 0
INFO:2025-10-30 15:01:33,575:no_enst_mp: 0
