INFO:2025-10-30 14:26:03,264:Starting HSC computation pipeline...
INFO:2025-10-30 14:27:04,327:Processing Q70Z53 with model AF-Q70Z53-F1-model_v4.pdb
INFO:2025-10-30 14:27:04,422:Computing HSC features for: Q70Z53, ENST00000359204, ../Ntranos_Rotation/ESM-SaProt/AF-Q70Z53-F1-model_v4.pdb.gz
INFO:2025-10-30 14:27:21,517:Successfully computed HSC for Q70Z53.
INFO:2025-10-30 14:27:21,517:Processing Q711Q0 with model AF-Q711Q0-F1-model_v4.pdb
INFO:2025-10-30 14:27:21,645:Computing HSC features for: Q711Q0, ENST00000374144, ../Ntranos_Rotation/ESM-SaProt/AF-Q711Q0-F1-model_v4.pdb.gz
INFO:2025-10-30 14:29:14,293:Successfully computed HSC for Q711Q0.
INFO:2025-10-30 14:29:14,293:Processing Q712K3 with model AF-Q712K3-F1-model_v4.pdb
INFO:2025-10-30 14:29:14,352:Computing HSC features for: Q712K3, ENST00000263228, ../Ntranos_Rotation/ESM-SaProt/AF-Q712K3-F1-model_v4.pdb.gz
INFO:2025-10-30 14:29:30,687:Successfully computed HSC for Q712K3.
INFO:2025-10-30 14:29:30,687:Processing Q717R9 with model AF-Q717R9-F1-model_v4.pdb
INFO:2025-10-30 14:29:30,736:Computing HSC features for: Q717R9, ENST00000381813, ../Ntranos_Rotation/ESM-SaProt/AF-Q717R9-F1-model_v4.pdb.gz
INFO:2025-10-30 14:29:55,051:Successfully computed HSC for Q717R9.
INFO:2025-10-30 14:29:55,051:Processing Q719H9 with model AF-Q719H9-F1-model_v4.pdb
INFO:2025-10-30 14:29:55,125:Computing HSC features for: Q719H9, ENST00000417602, ../Ntranos_Rotation/ESM-SaProt/AF-Q719H9-F1-model_v4.pdb.gz
INFO:2025-10-30 14:30:15,428:Successfully computed HSC for Q719H9.
INFO:2025-10-30 14:30:15,428:Processing Q719I0 with model AF-Q719I0-F1-model_v4.pdb
ERROR:2025-10-30 14:30:15,480:No ENST transcript IDs were mapped to Q719I0
INFO:2025-10-30 14:30:15,481:Processing Q71DI3 with model AF-Q71DI3-F1-model_v4.pdb
INFO:2025-10-30 14:30:15,566:Computing HSC features for: Q71DI3, ENST00000331491, ../Ntranos_Rotation/ESM-SaProt/AF-Q71DI3-F1-model_v4.pdb.gz
INFO:2025-10-30 14:30:33,724:Successfully computed HSC for Q71DI3.
INFO:2025-10-30 14:30:33,724:Processing Q71F23 with model AF-Q71F23-F1-model_v4.pdb
INFO:2025-10-30 14:30:33,802:Computing HSC features for: Q71F23, ENST00000281453, ../Ntranos_Rotation/ESM-SaProt/AF-Q71F23-F1-model_v4.pdb.gz
INFO:2025-10-30 14:31:00,179:Successfully computed HSC for Q71F23.
INFO:2025-10-30 14:31:00,179:Processing Q71F56 with model AF-Q71F56-F1-model_v4.pdb
INFO:2025-10-30 14:31:00,394:Computing HSC features for: Q71F56, ENST00000281928, ../Ntranos_Rotation/ESM-SaProt/AF-Q71F56-F1-model_v4.pdb.gz
INFO:2025-10-30 14:33:22,647:Successfully computed HSC for Q71F56.
INFO:2025-10-30 14:33:22,647:Processing Q71F78 with model AF-Q71F78-F1-model_v4.pdb
ERROR:2025-10-30 14:33:22,888:No ENST transcript IDs were mapped to Q71F78
INFO:2025-10-30 14:33:22,888:Processing Q71H61 with model AF-Q71H61-F1-model_v4.pdb
INFO:2025-10-30 14:33:23,008:Computing HSC features for: Q71H61, ENST00000271417, ../Ntranos_Rotation/ESM-SaProt/AF-Q71H61-F1-model_v4.pdb.gz
INFO:2025-10-30 14:34:29,664:Successfully computed HSC for Q71H61.
INFO:2025-10-30 14:34:29,664:Processing Q71RC1 with model AF-Q71RC1-F1-model_v4.pdb
ERROR:2025-10-30 14:34:29,722:No valid CDS found for Q71RC1
INFO:2025-10-30 14:34:29,722:Processing Q71RC2 with model AF-Q71RC2-F1-model_v4.pdb
INFO:2025-10-30 14:34:29,820:Computing HSC features for: Q71RC2, ENST00000398473, ../Ntranos_Rotation/ESM-SaProt/AF-Q71RC2-F1-model_v4.pdb.gz
INFO:2025-10-30 14:35:10,738:Successfully computed HSC for Q71RC2.
INFO:2025-10-30 14:35:10,738:Processing Q71RC9 with model AF-Q71RC9-F1-model_v4.pdb
INFO:2025-10-30 14:35:10,781:Computing HSC features for: Q71RC9, ENST00000375215, ../Ntranos_Rotation/ESM-SaProt/AF-Q71RC9-F1-model_v4.pdb.gz
INFO:2025-10-30 14:35:21,090:Successfully computed HSC for Q71RC9.
INFO:2025-10-30 14:35:21,090:Processing Q71RG4 with model AF-Q71RG4-F1-model_v4.pdb
INFO:2025-10-30 14:35:21,152:Computing HSC features for: Q71RG4, ENST00000538716, ../Ntranos_Rotation/ESM-SaProt/AF-Q71RG4-F1-model_v4.pdb.gz
INFO:2025-10-30 14:35:51,538:Successfully computed HSC for Q71RG4.
INFO:2025-10-30 14:35:51,538:Processing Q71RG6 with model AF-Q71RG6-F1-model_v4.pdb
ERROR:2025-10-30 14:35:51,617:No ENST transcript IDs were mapped to Q71RG6
INFO:2025-10-30 14:35:51,617:Processing Q71RH2 with model AF-Q71RH2-F1-model_v4.pdb
INFO:2025-10-30 14:35:51,691:Computing HSC features for: Q71RH2, ENST00000380495, ../Ntranos_Rotation/ESM-SaProt/AF-Q71RH2-F1-model_v4.pdb.gz
INFO:2025-10-30 14:36:19,702:Successfully computed HSC for Q71RH2.
INFO:2025-10-30 14:36:19,702:Processing Q71RS6 with model AF-Q71RS6-F1-model_v4.pdb
INFO:2025-10-30 14:36:19,801:Computing HSC features for: Q71RS6, ENST00000341459, ../Ntranos_Rotation/ESM-SaProt/AF-Q71RS6-F1-model_v4.pdb.gz
INFO:2025-10-30 14:36:55,228:Successfully computed HSC for Q71RS6.
INFO:2025-10-30 14:36:55,228:Processing Q71SY5 with model AF-Q71SY5-F1-model_v4.pdb
INFO:2025-10-30 14:36:55,414:Computing HSC features for: Q71SY5, ENST00000312865, ../Ntranos_Rotation/ESM-SaProt/AF-Q71SY5-F1-model_v4.pdb.gz
INFO:2025-10-30 14:37:59,185:Successfully computed HSC for Q71SY5.
INFO:2025-10-30 14:37:59,186:Processing Q71U36 with model AF-Q71U36-F1-model_v4.pdb
INFO:2025-10-30 14:37:59,261:Computing HSC features for: Q71U36, ENST00000295766, ../Ntranos_Rotation/ESM-SaProt/AF-Q71U36-F1-model_v4.pdb.gz
INFO:2025-10-30 14:38:29,247:Successfully computed HSC for Q71U36.
INFO:2025-10-30 14:38:29,247:Processing Q71UI9 with model AF-Q71UI9-F1-model_v4.pdb
INFO:2025-10-30 14:38:29,299:Computing HSC features for: Q71UI9, ENST00000308153, ../Ntranos_Rotation/ESM-SaProt/AF-Q71UI9-F1-model_v4.pdb.gz
INFO:2025-10-30 14:38:37,926:Successfully computed HSC for Q71UI9.
INFO:2025-10-30 14:38:37,926:Processing Q71UM5 with model AF-Q71UM5-F1-model_v4.pdb
INFO:2025-10-30 14:38:37,962:Computing HSC features for: Q71UM5, ENST00000330964, ../Ntranos_Rotation/ESM-SaProt/AF-Q71UM5-F1-model_v4.pdb.gz
INFO:2025-10-30 14:38:46,337:Successfully computed HSC for Q71UM5.
INFO:2025-10-30 14:38:46,337:Processing Q75L30 with model AF-Q75L30-F1-model_v4.pdb
ERROR:2025-10-30 14:38:46,371:No ENST transcript IDs were mapped to Q75L30
INFO:2025-10-30 14:38:46,371:Processing Q75LS8 with model AF-Q75LS8-F1-model_v4.pdb
ERROR:2025-10-30 14:38:46,412:No ENST transcript IDs were mapped to Q75LS8
INFO:2025-10-30 14:38:46,412:Processing Q75MW2 with model AF-Q75MW2-F1-model_v4.pdb
ERROR:2025-10-30 14:38:46,464:No ENST transcript IDs were mapped to Q75MW2
INFO:2025-10-30 14:38:46,464:Processing Q75N03 with model AF-Q75N03-F1-model_v4.pdb
INFO:2025-10-30 14:38:46,645:Computing HSC features for: Q75N03, ENST00000440859, ../Ntranos_Rotation/ESM-SaProt/AF-Q75N03-F1-model_v4.pdb.gz
INFO:2025-10-30 14:39:18,623:Successfully computed HSC for Q75N03.
INFO:2025-10-30 14:39:18,623:Processing Q75N90 with model AF-Q75N90-F1-model_v4.pdb
ERROR:2025-10-30 14:39:18,768:No valid CDS found for Q75N90
INFO:2025-10-30 14:39:18,769:Processing Q75NE6 with model AF-Q75NE6-F1-model_v4.pdb
ERROR:2025-10-30 14:39:18,817:No ENST transcript IDs were mapped to Q75NE6
INFO:2025-10-30 14:39:18,817:Processing Q75QN2 with model AF-Q75QN2-F1-model_v4.pdb
INFO:2025-10-30 14:39:18,952:Computing HSC features for: Q75QN2, ENST00000523731, ../Ntranos_Rotation/ESM-SaProt/AF-Q75QN2-F1-model_v4.pdb.gz
INFO:2025-10-30 14:40:14,930:Successfully computed HSC for Q75QN2.
INFO:2025-10-30 14:40:14,930:Processing Q75T13 with model AF-Q75T13-F1-model_v4.pdb
INFO:2025-10-30 14:40:15,046:Computing HSC features for: Q75T13, ENST00000354764, ../Ntranos_Rotation/ESM-SaProt/AF-Q75T13-F1-model_v4.pdb.gz
INFO:2025-10-30 14:41:05,139:Successfully computed HSC for Q75T13.
INFO:2025-10-30 14:41:05,139:Processing Q75V66 with model AF-Q75V66-F1-model_v4.pdb
INFO:2025-10-30 14:41:05,245:Computing HSC features for: Q75V66, ENST00000324559, ../Ntranos_Rotation/ESM-SaProt/AF-Q75V66-F1-model_v4.pdb.gz
INFO:2025-10-30 14:42:00,898:Successfully computed HSC for Q75V66.
INFO:2025-10-30 14:42:00,898:Processing Q75VX8 with model AF-Q75VX8-F1-model_v4.pdb
INFO:2025-10-30 14:42:01,265:Computing HSC features for: Q75VX8, ENST00000401533, ../Ntranos_Rotation/ESM-SaProt/AF-Q75VX8-F1-model_v4.pdb.gz
INFO:2025-10-30 14:44:02,914:Successfully computed HSC for Q75VX8.
INFO:2025-10-30 14:44:02,914:Processing Q75WM6 with model AF-Q75WM6-F1-model_v4.pdb
INFO:2025-10-30 14:44:02,962:Computing HSC features for: Q75WM6, ENST00000335017, ../Ntranos_Rotation/ESM-SaProt/AF-Q75WM6-F1-model_v4.pdb.gz
INFO:2025-10-30 14:44:33,555:Successfully computed HSC for Q75WM6.
INFO:2025-10-30 14:44:33,555:Processing Q765I0 with model AF-Q765I0-F1-model_v4.pdb
INFO:2025-10-30 14:44:33,617:Computing HSC features for: Q765I0, ENST00000340524, ../Ntranos_Rotation/ESM-SaProt/AF-Q765I0-F1-model_v4.pdb.gz
INFO:2025-10-30 14:44:44,706:Successfully computed HSC for Q765I0.
INFO:2025-10-30 14:44:44,706:Processing Q765P7 with model AF-Q765P7-F1-model_v4.pdb
INFO:2025-10-30 14:44:44,831:Computing HSC features for: Q765P7, ENST00000338779, ../Ntranos_Rotation/ESM-SaProt/AF-Q765P7-F1-model_v4.pdb.gz
INFO:2025-10-30 14:45:57,134:Successfully computed HSC for Q765P7.
INFO:2025-10-30 14:45:57,134:Processing Q76B58 with model AF-Q76B58-F1-model_v4.pdb
INFO:2025-10-30 14:45:57,577:Computing HSC features for: Q76B58, ENST00000367462, ../Ntranos_Rotation/ESM-SaProt/AF-Q76B58-F1-model_v4.pdb.gz
INFO:2025-10-30 14:47:21,572:Successfully computed HSC for Q76B58.
INFO:2025-10-30 14:47:21,572:Processing Q76EJ3 with model AF-Q76EJ3-F1-model_v4.pdb
INFO:2025-10-30 14:47:21,622:Computing HSC features for: Q76EJ3, ENST00000253270, ../Ntranos_Rotation/ESM-SaProt/AF-Q76EJ3-F1-model_v4.pdb.gz
INFO:2025-10-30 14:47:45,136:Successfully computed HSC for Q76EJ3.
INFO:2025-10-30 14:47:45,136:Processing Q76FK4 with model AF-Q76FK4-F1-model_v4.pdb
ERROR:2025-10-30 14:47:45,327:No transcript record found for Q76FK4 in gnomAD.
INFO:2025-10-30 14:47:45,327:Processing Q76G19 with model AF-Q76G19-F1-model_v4.pdb
INFO:2025-10-30 14:47:45,406:Computing HSC features for: Q76G19, ENST00000164640, ../Ntranos_Rotation/ESM-SaProt/AF-Q76G19-F1-model_v4.pdb.gz
INFO:2025-10-30 14:49:07,220:Successfully computed HSC for Q76G19.
INFO:2025-10-30 14:49:07,221:Processing Q76I76 with model AF-Q76I76-F1-model_v4.pdb
INFO:2025-10-30 14:49:07,406:Computing HSC features for: Q76I76, ENST00000269033, ../Ntranos_Rotation/ESM-SaProt/AF-Q76I76-F1-model_v4.pdb.gz
INFO:2025-10-30 14:50:28,405:Successfully computed HSC for Q76I76.
INFO:2025-10-30 14:50:28,405:Processing Q76KD6 with model AF-Q76KD6-F1-model_v4.pdb
INFO:2025-10-30 14:50:28,492:Computing HSC features for: Q76KD6, ENST00000377470, ../Ntranos_Rotation/ESM-SaProt/AF-Q76KD6-F1-model_v4.pdb.gz
INFO:2025-10-30 14:51:15,804:Successfully computed HSC for Q76KD6.
INFO:2025-10-30 14:51:15,804:Processing Q76KP1 with model AF-Q76KP1-F1-model_v4.pdb
INFO:2025-10-30 14:51:15,999:Computing HSC features for: Q76KP1, ENST00000329962, ../Ntranos_Rotation/ESM-SaProt/AF-Q76KP1-F1-model_v4.pdb.gz
INFO:2025-10-30 14:53:54,718:Successfully computed HSC for Q76KP1.
INFO:2025-10-30 14:53:54,718:Processing Q76KX8 with model AF-Q76KX8-F1-model_v4.pdb
INFO:2025-10-30 14:53:54,797:Computing HSC features for: Q76KX8, ENST00000332323, ../Ntranos_Rotation/ESM-SaProt/AF-Q76KX8-F1-model_v4.pdb.gz
INFO:2025-10-30 14:54:32,179:Successfully computed HSC for Q76KX8.
INFO:2025-10-30 14:54:32,179:Processing Q76L83 with model AF-Q76L83-F1-model_v4.pdb
INFO:2025-10-30 14:54:32,314:Computing HSC features for: Q76L83, ENST00000435504, ../Ntranos_Rotation/ESM-SaProt/AF-Q76L83-F1-model_v4.pdb.gz
INFO:2025-10-30 14:55:51,157:Successfully computed HSC for Q76L83.
INFO:2025-10-30 14:55:51,157:Processing Q76LX8 with model AF-Q76LX8-F1-model_v4.pdb
INFO:2025-10-30 14:55:51,368:Computing HSC features for: Q76LX8, ENST00000371929, ../Ntranos_Rotation/ESM-SaProt/AF-Q76LX8-F1-model_v4.pdb.gz
INFO:2025-10-30 14:58:26,653:Successfully computed HSC for Q76LX8.
INFO:2025-10-30 14:58:26,653:Processing Q76M96 with model AF-Q76M96-F1-model_v4.pdb
INFO:2025-10-30 14:58:26,779:Computing HSC features for: Q76M96, ENST00000206423, ../Ntranos_Rotation/ESM-SaProt/AF-Q76M96-F1-model_v4.pdb.gz
INFO:2025-10-30 14:59:54,295:Successfully computed HSC for Q76M96.
INFO:2025-10-30 14:59:54,295:Processing Q76MJ5 with model AF-Q76MJ5-F1-model_v4.pdb
INFO:2025-10-30 14:59:54,474:Computing HSC features for: Q76MJ5, ENST00000256797, ../Ntranos_Rotation/ESM-SaProt/AF-Q76MJ5-F1-model_v4.pdb.gz
INFO:2025-10-30 15:02:16,008:Successfully computed HSC for Q76MJ5.
INFO:2025-10-30 15:02:16,008:Processing Q76N32 with model AF-Q76N32-F1-model_v4.pdb
INFO:2025-10-30 15:02:16,163:Computing HSC features for: Q76N32, ENST00000377990, ../Ntranos_Rotation/ESM-SaProt/AF-Q76N32-F1-model_v4.pdb.gz
INFO:2025-10-30 15:03:52,520:Successfully computed HSC for Q76N32.
INFO:2025-10-30 15:03:52,520:Processing Q76N89 with model AF-Q76N89-F1-model_v4.pdb
INFO:2025-10-30 15:03:52,788:Computing HSC features for: Q76N89, ENST00000395891, ../Ntranos_Rotation/ESM-SaProt/AF-Q76N89-F1-model_v4.pdb.gz
INFO:2025-10-30 15:06:53,323:Successfully computed HSC for Q76N89.
INFO:2025-10-30 15:06:53,323:Processing Q76NI1 with model AF-Q76NI1-F1-model_v4.pdb
INFO:2025-10-30 15:06:53,488:Computing HSC features for: Q76NI1, ENST00000304613, ../Ntranos_Rotation/ESM-SaProt/AF-Q76NI1-F1-model_v4.pdb.gz
INFO:2025-10-30 15:09:36,706:Successfully computed HSC for Q76NI1.
INFO:2025-10-30 15:09:36,706:Pipeline completed.
INFO:2025-10-30 15:09:36,707:no_enst_for_uniprot: 7
INFO:2025-10-30 15:09:36,707:no_valid_cds: 2
INFO:2025-10-30 15:09:36,707:no_variant_data: 1
INFO:2025-10-30 15:09:36,707:bad_structure: 0
INFO:2025-10-30 15:09:36,707:no_enst_mp: 0
