INFO:2025-10-30 14:59:04,232:Starting HSC computation pipeline...
INFO:2025-10-30 15:00:17,217:Processing O94782 with model AF-O94782-F1-model_v4.pdb
INFO:2025-10-30 15:00:17,385:Computing HSC features for: O94782, ENST00000339950, ../Ntranos_Rotation/ESM-SaProt/AF-O94782-F1-model_v4.pdb.gz
INFO:2025-10-30 15:01:00,974:Successfully computed HSC for O94782.
INFO:2025-10-30 15:01:00,974:Processing O94788 with model AF-O94788-F1-model_v4.pdb
INFO:2025-10-30 15:01:01,049:Computing HSC features for: O94788, ENST00000249750, ../Ntranos_Rotation/ESM-SaProt/AF-O94788-F1-model_v4.pdb.gz
INFO:2025-10-30 15:01:36,346:Successfully computed HSC for O94788.
INFO:2025-10-30 15:01:36,346:Processing O94804 with model AF-O94804-F1-model_v4.pdb
INFO:2025-10-30 15:01:36,476:Computing HSC features for: O94804, ENST00000176763, ../Ntranos_Rotation/ESM-SaProt/AF-O94804-F1-model_v4.pdb.gz
INFO:2025-10-30 15:02:59,738:Successfully computed HSC for O94804.
INFO:2025-10-30 15:02:59,738:Processing O94805 with model AF-O94805-F1-model_v4.pdb
INFO:2025-10-30 15:02:59,838:Computing HSC features for: O94805, ENST00000160382, ../Ntranos_Rotation/ESM-SaProt/AF-O94805-F1-model_v4.pdb.gz
INFO:2025-10-30 15:03:56,277:Successfully computed HSC for O94805.
INFO:2025-10-30 15:03:56,277:Processing O94806 with model AF-O94806-F1-model_v4.pdb
INFO:2025-10-30 15:03:56,420:Computing HSC features for: O94806, ENST00000234179, ../Ntranos_Rotation/ESM-SaProt/AF-O94806-F1-model_v4.pdb.gz
INFO:2025-10-30 15:05:15,952:Successfully computed HSC for O94806.
INFO:2025-10-30 15:05:15,952:Processing O94808 with model AF-O94808-F1-model_v4.pdb
INFO:2025-10-30 15:05:16,109:Computing HSC features for: O94808, ENST00000253778, ../Ntranos_Rotation/ESM-SaProt/AF-O94808-F1-model_v4.pdb.gz
INFO:2025-10-30 15:06:40,957:Successfully computed HSC for O94808.
INFO:2025-10-30 15:06:40,957:Processing O94810 with model AF-O94810-F1-model_v4.pdb
INFO:2025-10-30 15:06:41,099:Computing HSC features for: O94810, ENST00000397770, ../Ntranos_Rotation/ESM-SaProt/AF-O94810-F1-model_v4.pdb.gz
INFO:2025-10-30 15:07:28,326:Successfully computed HSC for O94810.
INFO:2025-10-30 15:07:28,326:Processing O94811 with model AF-O94811-F1-model_v4.pdb
INFO:2025-10-30 15:07:28,594:Computing HSC features for: O94811, ENST00000360578, ../Ntranos_Rotation/ESM-SaProt/AF-O94811-F1-model_v4.pdb.gz
INFO:2025-10-30 15:08:01,530:Successfully computed HSC for O94811.
INFO:2025-10-30 15:08:01,530:Processing O94812 with model AF-O94812-F1-model_v4.pdb
INFO:2025-10-30 15:08:01,765:Computing HSC features for: O94812, ENST00000324385, ../Ntranos_Rotation/ESM-SaProt/AF-O94812-F1-model_v4.pdb.gz
INFO:2025-10-30 15:10:55,326:Successfully computed HSC for O94812.
INFO:2025-10-30 15:10:55,326:Processing O94813 with model AF-O94813-F1-model_v4.pdb
INFO:2025-10-30 15:10:55,565:Computing HSC features for: O94813, ENST00000504154, ../Ntranos_Rotation/ESM-SaProt/AF-O94813-F1-model_v4.pdb.gz
INFO:2025-10-30 15:12:39,745:Successfully computed HSC for O94813.
INFO:2025-10-30 15:12:39,745:Processing O94817 with model AF-O94817-F1-model_v4.pdb
INFO:2025-10-30 15:12:39,788:Computing HSC features for: O94817, ENST00000509910, ../Ntranos_Rotation/ESM-SaProt/AF-O94817-F1-model_v4.pdb.gz
INFO:2025-10-30 15:12:55,746:Successfully computed HSC for O94817.
INFO:2025-10-30 15:12:55,746:Processing O94818 with model AF-O94818-F1-model_v4.pdb
INFO:2025-10-30 15:12:55,912:Computing HSC features for: O94818, ENST00000261592, ../Ntranos_Rotation/ESM-SaProt/AF-O94818-F1-model_v4.pdb.gz
INFO:2025-10-30 15:14:04,795:Successfully computed HSC for O94818.
INFO:2025-10-30 15:14:04,795:Processing O94819 with model AF-O94819-F1-model_v4.pdb
INFO:2025-10-30 15:14:04,921:Computing HSC features for: O94819, ENST00000320248, ../Ntranos_Rotation/ESM-SaProt/AF-O94819-F1-model_v4.pdb.gz
INFO:2025-10-30 15:16:03,862:Successfully computed HSC for O94819.
INFO:2025-10-30 15:16:03,862:Processing O94822 with model AF-O94822-F1-model_v4.pdb
ERROR:2025-10-30 15:16:04,148:No transcript record found for O94822 in gnomAD.
INFO:2025-10-30 15:16:04,148:Processing O94823 with model AF-O94823-F1-model_v4.pdb
INFO:2025-10-30 15:16:04,820:Computing HSC features for: O94823, ENST00000327245, ../Ntranos_Rotation/ESM-SaProt/AF-O94823-F1-model_v4.pdb.gz
INFO:2025-10-30 15:17:49,437:Successfully computed HSC for O94823.
INFO:2025-10-30 15:17:49,437:Processing O94826 with model AF-O94826-F1-model_v4.pdb
INFO:2025-10-30 15:17:49,515:Computing HSC features for: O94826, ENST00000284320, ../Ntranos_Rotation/ESM-SaProt/AF-O94826-F1-model_v4.pdb.gz
INFO:2025-10-30 15:18:32,055:Successfully computed HSC for O94826.
INFO:2025-10-30 15:18:32,055:Processing O94827 with model AF-O94827-F1-model_v4.pdb
INFO:2025-10-30 15:18:32,217:Computing HSC features for: O94827, ENST00000340850, ../Ntranos_Rotation/ESM-SaProt/AF-O94827-F1-model_v4.pdb.gz
INFO:2025-10-30 15:20:11,486:Successfully computed HSC for O94827.
INFO:2025-10-30 15:20:11,486:Processing O94829 with model AF-O94829-F1-model_v4.pdb
INFO:2025-10-30 15:20:11,641:Computing HSC features for: O94829, ENST00000372343, ../Ntranos_Rotation/ESM-SaProt/AF-O94829-F1-model_v4.pdb.gz
INFO:2025-10-30 15:21:43,442:Successfully computed HSC for O94829.
INFO:2025-10-30 15:21:43,443:Processing O94830 with model AF-O94830-F1-model_v4.pdb
INFO:2025-10-30 15:21:43,600:Computing HSC features for: O94830, ENST00000397166, ../Ntranos_Rotation/ESM-SaProt/AF-O94830-F1-model_v4.pdb.gz
INFO:2025-10-30 15:22:45,038:Successfully computed HSC for O94830.
INFO:2025-10-30 15:22:45,038:Processing O94832 with model AF-O94832-F1-model_v4.pdb
INFO:2025-10-30 15:22:45,240:Computing HSC features for: O94832, ENST00000318217, ../Ntranos_Rotation/ESM-SaProt/AF-O94832-F1-model_v4.pdb.gz
INFO:2025-10-30 15:24:29,815:Successfully computed HSC for O94832.
INFO:2025-10-30 15:24:29,815:Processing O94842 with model AF-O94842-F1-model_v4.pdb
INFO:2025-10-30 15:24:29,918:Computing HSC features for: O94842, ENST00000448790, ../Ntranos_Rotation/ESM-SaProt/AF-O94842-F1-model_v4.pdb.gz
INFO:2025-10-30 15:25:23,234:Successfully computed HSC for O94842.
INFO:2025-10-30 15:25:23,234:Processing O94844 with model AF-O94844-F1-model_v4.pdb
INFO:2025-10-30 15:25:23,374:Computing HSC features for: O94844, ENST00000337910, ../Ntranos_Rotation/ESM-SaProt/AF-O94844-F1-model_v4.pdb.gz
INFO:2025-10-30 15:26:39,824:Successfully computed HSC for O94844.
INFO:2025-10-30 15:26:39,824:Processing O94850 with model AF-O94850-F1-model_v4.pdb
INFO:2025-10-30 15:26:40,107:Computing HSC features for: O94850, ENST00000421952, ../Ntranos_Rotation/ESM-SaProt/AF-O94850-F1-model_v4.pdb.gz
INFO:2025-10-30 15:28:31,273:Successfully computed HSC for O94850.
INFO:2025-10-30 15:28:31,274:Processing O94851 with model AF-O94851-F1-model_v4.pdb
ERROR:2025-10-30 15:28:31,461:No transcript record found for O94851 in gnomAD.
INFO:2025-10-30 15:28:31,461:Processing O94854 with model AF-O94854-F1-model_v4.pdb
ERROR:2025-10-30 15:28:31,667:No ENST transcript IDs were mapped to O94854
INFO:2025-10-30 15:28:31,667:Processing O94855 with model AF-O94855-F1-model_v4.pdb
INFO:2025-10-30 15:28:31,827:Computing HSC features for: O94855, ENST00000280551, ../Ntranos_Rotation/ESM-SaProt/AF-O94855-F1-model_v4.pdb.gz
INFO:2025-10-30 15:29:35,776:Successfully computed HSC for O94855.
INFO:2025-10-30 15:29:35,776:Processing O94856 with model AF-O94856-F1-model_v4.pdb
ERROR:2025-10-30 15:29:35,911:No valid CDS found for O94856
INFO:2025-10-30 15:29:35,911:Processing O94864 with model AF-O94864-F1-model_v4.pdb
INFO:2025-10-30 15:29:35,974:Computing HSC features for: O94864, ENST00000337768, ../Ntranos_Rotation/ESM-SaProt/AF-O94864-F1-model_v4.pdb.gz
INFO:2025-10-30 15:30:01,749:Successfully computed HSC for O94864.
INFO:2025-10-30 15:30:01,749:Processing O94868 with model AF-O94868-F1-model_v4.pdb
INFO:2025-10-30 15:30:01,907:Computing HSC features for: O94868, ENST00000409418, ../Ntranos_Rotation/ESM-SaProt/AF-O94868-F1-model_v4.pdb.gz
INFO:2025-10-30 15:31:12,887:Successfully computed HSC for O94868.
INFO:2025-10-30 15:31:12,887:Processing O94874 with model AF-O94874-F1-model_v4.pdb
INFO:2025-10-30 15:31:13,024:Computing HSC features for: O94874, ENST00000369278, ../Ntranos_Rotation/ESM-SaProt/AF-O94874-F1-model_v4.pdb.gz
INFO:2025-10-30 15:32:23,295:Successfully computed HSC for O94874.
INFO:2025-10-30 15:32:23,295:Processing O94875 with model AF-O94875-F1-model_v4.pdb
ERROR:2025-10-30 15:32:23,469:No transcript record found for O94875 in gnomAD.
INFO:2025-10-30 15:32:23,469:Processing O94876 with model AF-O94876-F1-model_v4.pdb
ERROR:2025-10-30 15:32:23,585:No transcript record found for O94876 in gnomAD.
INFO:2025-10-30 15:32:23,586:Processing O94880 with model AF-O94880-F1-model_v4.pdb
INFO:2025-10-30 15:32:23,771:Computing HSC features for: O94880, ENST00000403050, ../Ntranos_Rotation/ESM-SaProt/AF-O94880-F1-model_v4.pdb.gz
INFO:2025-10-30 15:33:38,860:Successfully computed HSC for O94880.
INFO:2025-10-30 15:33:38,860:Processing O94885 with model AF-O94885-F1-model_v4.pdb
INFO:2025-10-30 15:33:39,061:Computing HSC features for: O94885, ENST00000367467, ../Ntranos_Rotation/ESM-SaProt/AF-O94885-F1-model_v4.pdb.gz
INFO:2025-10-30 15:36:07,997:Successfully computed HSC for O94885.
INFO:2025-10-30 15:36:07,997:Processing O94886 with model AF-O94886-F1-model_v4.pdb
INFO:2025-10-30 15:36:08,133:Computing HSC features for: O94886, ENST00000366835, ../Ntranos_Rotation/ESM-SaProt/AF-O94886-F1-model_v4.pdb.gz
INFO:2025-10-30 15:37:31,983:Successfully computed HSC for O94886.
INFO:2025-10-30 15:37:31,983:Processing O94887 with model AF-O94887-F1-model_v4.pdb
INFO:2025-10-30 15:37:32,153:Computing HSC features for: O94887, ENST00000264042, ../Ntranos_Rotation/ESM-SaProt/AF-O94887-F1-model_v4.pdb.gz
INFO:2025-10-30 15:39:03,300:Successfully computed HSC for O94887.
INFO:2025-10-30 15:39:03,300:Processing O94888 with model AF-O94888-F1-model_v4.pdb
INFO:2025-10-30 15:39:03,690:Computing HSC features for: O94888, ENST00000296328, ../Ntranos_Rotation/ESM-SaProt/AF-O94888-F1-model_v4.pdb.gz
INFO:2025-10-30 15:39:50,570:Successfully computed HSC for O94888.
INFO:2025-10-30 15:39:50,570:Processing O94889 with model AF-O94889-F1-model_v4.pdb
INFO:2025-10-30 15:39:50,668:Computing HSC features for: O94889, ENST00000232766, ../Ntranos_Rotation/ESM-SaProt/AF-O94889-F1-model_v4.pdb.gz
INFO:2025-10-30 15:41:01,739:Successfully computed HSC for O94889.
INFO:2025-10-30 15:41:01,739:Processing O94892 with model AF-O94892-F1-model_v4.pdb
INFO:2025-10-30 15:41:01,853:Computing HSC features for: O94892, ENST00000221315, ../Ntranos_Rotation/ESM-SaProt/AF-O94892-F1-model_v4.pdb.gz
INFO:2025-10-30 15:41:55,565:Successfully computed HSC for O94892.
INFO:2025-10-30 15:41:55,566:Processing O94898 with model AF-O94898-F1-model_v4.pdb
INFO:2025-10-30 15:41:55,736:Computing HSC features for: O94898, ENST00000361127, ../Ntranos_Rotation/ESM-SaProt/AF-O94898-F1-model_v4.pdb.gz
INFO:2025-10-30 15:43:05,921:Successfully computed HSC for O94898.
INFO:2025-10-30 15:43:05,921:Processing O94900 with model AF-O94900-F1-model_v4.pdb
INFO:2025-10-30 15:43:06,012:Computing HSC features for: O94900, ENST00000361421, ../Ntranos_Rotation/ESM-SaProt/AF-O94900-F1-model_v4.pdb.gz
INFO:2025-10-30 15:43:58,154:Successfully computed HSC for O94900.
INFO:2025-10-30 15:43:58,154:Processing O94901 with model AF-O94901-F1-model_v4.pdb
ERROR:2025-10-30 15:43:58,290:No valid CDS found for O94901
INFO:2025-10-30 15:43:58,290:Processing O94903 with model AF-O94903-F1-model_v4.pdb
INFO:2025-10-30 15:43:58,342:Computing HSC features for: O94903, ENST00000328195, ../Ntranos_Rotation/ESM-SaProt/AF-O94903-F1-model_v4.pdb.gz
INFO:2025-10-30 15:44:27,467:Successfully computed HSC for O94903.
INFO:2025-10-30 15:44:27,467:Processing O94905 with model AF-O94905-F1-model_v4.pdb
INFO:2025-10-30 15:44:27,544:Computing HSC features for: O94905, ENST00000519638, ../Ntranos_Rotation/ESM-SaProt/AF-O94905-F1-model_v4.pdb.gz
INFO:2025-10-30 15:45:06,509:Successfully computed HSC for O94905.
INFO:2025-10-30 15:45:06,509:Processing O94906 with model AF-O94906-F1-model_v4.pdb
INFO:2025-10-30 15:45:06,696:Computing HSC features for: O94906, ENST00000266079, ../Ntranos_Rotation/ESM-SaProt/AF-O94906-F1-model_v4.pdb.gz
INFO:2025-10-30 15:46:35,820:Successfully computed HSC for O94906.
INFO:2025-10-30 15:46:35,820:Processing O94907 with model AF-O94907-F1-model_v4.pdb
INFO:2025-10-30 15:46:35,882:Computing HSC features for: O94907, ENST00000373970, ../Ntranos_Rotation/ESM-SaProt/AF-O94907-F1-model_v4.pdb.gz
INFO:2025-10-30 15:47:01,700:Successfully computed HSC for O94907.
INFO:2025-10-30 15:47:01,700:Processing O94910 with model AF-O94910-F1-model_v4.pdb
INFO:2025-10-30 15:47:01,863:Computing HSC features for: O94910, ENST00000340736, ../Ntranos_Rotation/ESM-SaProt/AF-O94910-F1-model_v4.pdb.gz
INFO:2025-10-30 15:49:52,316:Successfully computed HSC for O94910.
INFO:2025-10-30 15:49:52,316:Processing O94911 with model AF-O94911-F1-model_v4.pdb
INFO:2025-10-30 15:49:52,488:Computing HSC features for: O94911, ENST00000586539, ../Ntranos_Rotation/ESM-SaProt/AF-O94911-F1-model_v4.pdb.gz
INFO:2025-10-30 15:52:03,871:Successfully computed HSC for O94911.
INFO:2025-10-30 15:52:03,871:Processing O94913 with model AF-O94913-F1-model_v4.pdb
INFO:2025-10-30 15:52:04,109:Computing HSC features for: O94913, ENST00000298281, ../Ntranos_Rotation/ESM-SaProt/AF-O94913-F1-model_v4.pdb.gz
INFO:2025-10-30 15:53:54,101:Successfully computed HSC for O94913.
INFO:2025-10-30 15:53:54,101:Processing O94915 with model AF-O94915-F1-model_v4.pdb
ERROR:2025-10-30 15:53:54,245:No valid CDS found for O94915
INFO:2025-10-30 15:53:54,246:Pipeline completed.
INFO:2025-10-30 15:53:54,246:no_enst_for_uniprot: 1
INFO:2025-10-30 15:53:54,246:no_valid_cds: 3
INFO:2025-10-30 15:53:54,246:no_variant_data: 4
INFO:2025-10-30 15:53:54,246:bad_structure: 0
INFO:2025-10-30 15:53:54,246:no_enst_mp: 0
