INFO:2025-10-30 14:59:03,385:Starting HSC computation pipeline...
INFO:2025-10-30 14:59:59,330:Processing O95900 with model AF-O95900-F1-model_v4.pdb
INFO:2025-10-30 14:59:59,433:Computing HSC features for: O95900, ENST00000372890, ../Ntranos_Rotation/ESM-SaProt/AF-O95900-F1-model_v4.pdb.gz
INFO:2025-10-30 15:00:50,200:Successfully computed HSC for O95900.
INFO:2025-10-30 15:00:50,200:Processing O95905 with model AF-O95905-F1-model_v4.pdb
INFO:2025-10-30 15:00:50,330:Computing HSC features for: O95905, ENST00000372979, ../Ntranos_Rotation/ESM-SaProt/AF-O95905-F1-model_v4.pdb.gz
INFO:2025-10-30 15:01:58,450:Successfully computed HSC for O95905.
INFO:2025-10-30 15:01:58,450:Processing O95907 with model AF-O95907-F1-model_v4.pdb
INFO:2025-10-30 15:01:58,546:Computing HSC features for: O95907, ENST00000320521, ../Ntranos_Rotation/ESM-SaProt/AF-O95907-F1-model_v4.pdb.gz
INFO:2025-10-30 15:03:53,860:Successfully computed HSC for O95907.
INFO:2025-10-30 15:03:53,860:Processing O95918 with model AF-O95918-F1-model_v4.pdb
INFO:2025-10-30 15:03:53,940:Computing HSC features for: O95918, ENST00000383640, ../Ntranos_Rotation/ESM-SaProt/AF-O95918-F1-model_v4.pdb.gz
ERROR:2025-10-30 15:03:54,017:Missing ENST record in counts: ENST00000383640
INFO:2025-10-30 15:03:54,017:Processing O95922 with model AF-O95922-F1-model_v4.pdb
INFO:2025-10-30 15:03:54,145:Computing HSC features for: O95922, ENST00000266254, ../Ntranos_Rotation/ESM-SaProt/AF-O95922-F1-model_v4.pdb.gz
INFO:2025-10-30 15:04:54,726:Successfully computed HSC for O95922.
INFO:2025-10-30 15:04:54,727:Processing O95925 with model AF-O95925-F1-model_v4.pdb
INFO:2025-10-30 15:04:54,778:Computing HSC features for: O95925, ENST00000354280, ../Ntranos_Rotation/ESM-SaProt/AF-O95925-F1-model_v4.pdb.gz
INFO:2025-10-30 15:05:09,055:Successfully computed HSC for O95925.
INFO:2025-10-30 15:05:09,055:Processing O95926 with model AF-O95926-F1-model_v4.pdb
INFO:2025-10-30 15:05:09,136:Computing HSC features for: O95926, ENST00000236273, ../Ntranos_Rotation/ESM-SaProt/AF-O95926-F1-model_v4.pdb.gz
INFO:2025-10-30 15:05:51,216:Successfully computed HSC for O95926.
INFO:2025-10-30 15:05:51,216:Processing O95931 with model AF-O95931-F1-model_v4.pdb
INFO:2025-10-30 15:05:51,334:Computing HSC features for: O95931, ENST00000216133, ../Ntranos_Rotation/ESM-SaProt/AF-O95931-F1-model_v4.pdb.gz
INFO:2025-10-30 15:06:42,162:Successfully computed HSC for O95931.
INFO:2025-10-30 15:06:42,162:Processing O95932 with model AF-O95932-F1-model_v4.pdb
INFO:2025-10-30 15:06:42,285:Computing HSC features for: O95932, ENST00000202625, ../Ntranos_Rotation/ESM-SaProt/AF-O95932-F1-model_v4.pdb.gz
INFO:2025-10-30 15:08:20,691:Successfully computed HSC for O95932.
INFO:2025-10-30 15:08:20,692:Processing O95935 with model AF-O95935-F1-model_v4.pdb
INFO:2025-10-30 15:08:20,855:Computing HSC features for: O95935, ENST00000369663, ../Ntranos_Rotation/ESM-SaProt/AF-O95935-F1-model_v4.pdb.gz
INFO:2025-10-30 15:09:53,838:Successfully computed HSC for O95935.
INFO:2025-10-30 15:09:53,838:Processing O95936 with model AF-O95936-F1-model_v4.pdb
INFO:2025-10-30 15:09:53,962:Computing HSC features for: O95936, ENST00000295743, ../Ntranos_Rotation/ESM-SaProt/AF-O95936-F1-model_v4.pdb.gz
INFO:2025-10-30 15:12:42,423:Successfully computed HSC for O95936.
INFO:2025-10-30 15:12:42,423:Processing O95944 with model AF-O95944-F1-model_v4.pdb
INFO:2025-10-30 15:12:42,519:Computing HSC features for: O95944, ENST00000373089, ../Ntranos_Rotation/ESM-SaProt/AF-O95944-F1-model_v4.pdb.gz
INFO:2025-10-30 15:13:48,815:Successfully computed HSC for O95944.
INFO:2025-10-30 15:13:48,816:Processing O95947 with model AF-O95947-F1-model_v4.pdb
INFO:2025-10-30 15:13:48,931:Computing HSC features for: O95947, ENST00000279386, ../Ntranos_Rotation/ESM-SaProt/AF-O95947-F1-model_v4.pdb.gz
INFO:2025-10-30 15:15:35,508:Successfully computed HSC for O95947.
INFO:2025-10-30 15:15:35,508:Processing O95948 with model AF-O95948-F1-model_v4.pdb
INFO:2025-10-30 15:15:35,602:Computing HSC features for: O95948, ENST00000491143, ../Ntranos_Rotation/ESM-SaProt/AF-O95948-F1-model_v4.pdb.gz
INFO:2025-10-30 15:17:21,756:Successfully computed HSC for O95948.
INFO:2025-10-30 15:17:21,756:Processing O95954 with model AF-O95954-F1-model_v4.pdb
INFO:2025-10-30 15:17:21,884:Computing HSC features for: O95954, ENST00000291670, ../Ntranos_Rotation/ESM-SaProt/AF-O95954-F1-model_v4.pdb.gz
INFO:2025-10-30 15:18:54,431:Successfully computed HSC for O95954.
INFO:2025-10-30 15:18:54,431:Processing O95965 with model AF-O95965-F1-model_v4.pdb
INFO:2025-10-30 15:18:54,519:Computing HSC features for: O95965, ENST00000376180, ../Ntranos_Rotation/ESM-SaProt/AF-O95965-F1-model_v4.pdb.gz
INFO:2025-10-30 15:19:54,327:Successfully computed HSC for O95965.
INFO:2025-10-30 15:19:54,327:Processing O95967 with model AF-O95967-F1-model_v4.pdb
INFO:2025-10-30 15:19:54,399:Computing HSC features for: O95967, ENST00000307998, ../Ntranos_Rotation/ESM-SaProt/AF-O95967-F1-model_v4.pdb.gz
INFO:2025-10-30 15:21:04,548:Successfully computed HSC for O95967.
INFO:2025-10-30 15:21:04,548:Processing O95968 with model AF-O95968-F1-model_v4.pdb
INFO:2025-10-30 15:21:04,577:Computing HSC features for: O95968, ENST00000306238, ../Ntranos_Rotation/ESM-SaProt/AF-O95968-F1-model_v4.pdb.gz
INFO:2025-10-30 15:21:14,773:Successfully computed HSC for O95968.
INFO:2025-10-30 15:21:14,774:Processing O95969 with model AF-O95969-F1-model_v4.pdb
INFO:2025-10-30 15:21:14,803:Computing HSC features for: O95969, ENST00000244926, ../Ntranos_Rotation/ESM-SaProt/AF-O95969-F1-model_v4.pdb.gz
INFO:2025-10-30 15:21:26,702:Successfully computed HSC for O95969.
INFO:2025-10-30 15:21:26,703:Processing O95970 with model AF-O95970-F1-model_v4.pdb
INFO:2025-10-30 15:21:26,853:Computing HSC features for: O95970, ENST00000371418, ../Ntranos_Rotation/ESM-SaProt/AF-O95970-F1-model_v4.pdb.gz
INFO:2025-10-30 15:22:20,970:Successfully computed HSC for O95970.
INFO:2025-10-30 15:22:20,970:Processing O95971 with model AF-O95971-F1-model_v4.pdb
INFO:2025-10-30 15:22:21,020:Computing HSC features for: O95971, ENST00000235933, ../Ntranos_Rotation/ESM-SaProt/AF-O95971-F1-model_v4.pdb.gz
INFO:2025-10-30 15:22:38,050:Successfully computed HSC for O95971.
INFO:2025-10-30 15:22:38,050:Processing O95972 with model AF-O95972-F1-model_v4.pdb
INFO:2025-10-30 15:22:38,131:Computing HSC features for: O95972, ENST00000252677, ../Ntranos_Rotation/ESM-SaProt/AF-O95972-F1-model_v4.pdb.gz
INFO:2025-10-30 15:23:31,847:Successfully computed HSC for O95972.
INFO:2025-10-30 15:23:31,847:Processing O95976 with model AF-O95976-F1-model_v4.pdb
INFO:2025-10-30 15:23:31,939:Computing HSC features for: O95976, ENST00000268389, ../Ntranos_Rotation/ESM-SaProt/AF-O95976-F1-model_v4.pdb.gz
INFO:2025-10-30 15:24:08,015:Successfully computed HSC for O95976.
INFO:2025-10-30 15:24:08,015:Processing O95977 with model AF-O95977-F1-model_v4.pdb
INFO:2025-10-30 15:24:08,076:Computing HSC features for: O95977, ENST00000246115, ../Ntranos_Rotation/ESM-SaProt/AF-O95977-F1-model_v4.pdb.gz
INFO:2025-10-30 15:26:03,620:Successfully computed HSC for O95977.
INFO:2025-10-30 15:26:03,620:Processing O95980 with model AF-O95980-F1-model_v4.pdb
INFO:2025-10-30 15:26:03,865:Computing HSC features for: O95980, ENST00000377966, ../Ntranos_Rotation/ESM-SaProt/AF-O95980-F1-model_v4.pdb.gz
INFO:2025-10-30 15:27:42,508:Successfully computed HSC for O95980.
INFO:2025-10-30 15:27:42,508:Processing O95983 with model AF-O95983-F1-model_v4.pdb
INFO:2025-10-30 15:27:42,638:Computing HSC features for: O95983, ENST00000434436, ../Ntranos_Rotation/ESM-SaProt/AF-O95983-F1-model_v4.pdb.gz
INFO:2025-10-30 15:29:07,940:Successfully computed HSC for O95983.
INFO:2025-10-30 15:29:07,940:Processing O95985 with model AF-O95985-F1-model_v4.pdb
INFO:2025-10-30 15:29:08,059:Computing HSC features for: O95985, ENST00000357179, ../Ntranos_Rotation/ESM-SaProt/AF-O95985-F1-model_v4.pdb.gz
INFO:2025-10-30 15:31:04,615:Successfully computed HSC for O95985.
INFO:2025-10-30 15:31:04,615:Processing O95988 with model AF-O95988-F1-model_v4.pdb
INFO:2025-10-30 15:31:04,657:Computing HSC features for: O95988, ENST00000340722, ../Ntranos_Rotation/ESM-SaProt/AF-O95988-F1-model_v4.pdb.gz
INFO:2025-10-30 15:31:22,477:Successfully computed HSC for O95988.
INFO:2025-10-30 15:31:22,477:Processing O95989 with model AF-O95989-F1-model_v4.pdb
INFO:2025-10-30 15:31:22,554:Computing HSC features for: O95989, ENST00000607016, ../Ntranos_Rotation/ESM-SaProt/AF-O95989-F1-model_v4.pdb.gz
INFO:2025-10-30 15:31:55,643:Successfully computed HSC for O95989.
INFO:2025-10-30 15:31:55,644:Processing O95990 with model AF-O95990-F1-model_v4.pdb
INFO:2025-10-30 15:31:55,694:Computing HSC features for: O95990, ENST00000360997, ../Ntranos_Rotation/ESM-SaProt/AF-O95990-F1-model_v4.pdb.gz
INFO:2025-10-30 15:32:25,810:Successfully computed HSC for O95990.
INFO:2025-10-30 15:32:25,810:Processing O95992 with model AF-O95992-F1-model_v4.pdb
INFO:2025-10-30 15:32:25,906:Computing HSC features for: O95992, ENST00000371852, ../Ntranos_Rotation/ESM-SaProt/AF-O95992-F1-model_v4.pdb.gz
INFO:2025-10-30 15:33:10,797:Successfully computed HSC for O95992.
INFO:2025-10-30 15:33:10,797:Processing O95994 with model AF-O95994-F1-model_v4.pdb
INFO:2025-10-30 15:33:10,837:Computing HSC features for: O95994, ENST00000419304, ../Ntranos_Rotation/ESM-SaProt/AF-O95994-F1-model_v4.pdb.gz
INFO:2025-10-30 15:33:26,332:Successfully computed HSC for O95994.
INFO:2025-10-30 15:33:26,333:Processing O95995 with model AF-O95995-F1-model_v4.pdb
INFO:2025-10-30 15:33:26,417:Computing HSC features for: O95995, ENST00000268699, ../Ntranos_Rotation/ESM-SaProt/AF-O95995-F1-model_v4.pdb.gz
INFO:2025-10-30 15:34:30,697:Successfully computed HSC for O95995.
INFO:2025-10-30 15:34:30,697:Processing O95996 with model AF-O95996-F1-model_v4.pdb
INFO:2025-10-30 15:34:30,957:Computing HSC features for: O95996, ENST00000233607, ../Ntranos_Rotation/ESM-SaProt/AF-O95996-F1-model_v4.pdb.gz
INFO:2025-10-30 15:41:59,647:Successfully computed HSC for O95996.
INFO:2025-10-30 15:41:59,647:Processing O95997 with model AF-O95997-F1-model_v4.pdb
INFO:2025-10-30 15:41:59,707:Computing HSC features for: O95997, ENST00000352433, ../Ntranos_Rotation/ESM-SaProt/AF-O95997-F1-model_v4.pdb.gz
INFO:2025-10-30 15:42:19,528:Successfully computed HSC for O95997.
INFO:2025-10-30 15:42:19,528:Processing O95998 with model AF-O95998-F1-model_v4.pdb
ERROR:2025-10-30 15:42:19,580:No transcript record found for O95998 in gnomAD.
INFO:2025-10-30 15:42:19,580:Processing O95999 with model AF-O95999-F1-model_v4.pdb
ERROR:2025-10-30 15:42:19,673:No transcript record found for O95999 in gnomAD.
INFO:2025-10-30 15:42:19,673:Processing O96000 with model AF-O96000-F1-model_v4.pdb
ERROR:2025-10-30 15:42:19,742:No transcript record found for O96000 in gnomAD.
INFO:2025-10-30 15:42:19,742:Processing O96001 with model AF-O96001-F1-model_v4.pdb
INFO:2025-10-30 15:42:19,787:Computing HSC features for: O96001, ENST00000342032, ../Ntranos_Rotation/ESM-SaProt/AF-O96001-F1-model_v4.pdb.gz
INFO:2025-10-30 15:42:43,985:Successfully computed HSC for O96001.
INFO:2025-10-30 15:42:43,985:Processing O96002 with model AF-O96002-F1-model_v4.pdb
ERROR:2025-10-30 15:42:44,030:No ENST transcript IDs were mapped to O96002
INFO:2025-10-30 15:42:44,031:Processing O96004 with model AF-O96004-F1-model_v4.pdb
INFO:2025-10-30 15:42:44,094:Computing HSC features for: O96004, ENST00000231121, ../Ntranos_Rotation/ESM-SaProt/AF-O96004-F1-model_v4.pdb.gz
INFO:2025-10-30 15:43:44,258:Successfully computed HSC for O96004.
INFO:2025-10-30 15:43:44,258:Processing O96005 with model AF-O96005-F1-model_v4.pdb
INFO:2025-10-30 15:43:44,415:Computing HSC features for: O96005, ENST00000337392, ../Ntranos_Rotation/ESM-SaProt/AF-O96005-F1-model_v4.pdb.gz
INFO:2025-10-30 15:45:40,090:Successfully computed HSC for O96005.
INFO:2025-10-30 15:45:40,090:Processing O96006 with model AF-O96006-F1-model_v4.pdb
ERROR:2025-10-30 15:45:40,193:No transcript record found for O96006 in gnomAD.
INFO:2025-10-30 15:45:40,193:Processing O96007 with model AF-O96007-F1-model_v4.pdb
INFO:2025-10-30 15:45:40,286:Computing HSC features for: O96007, ENST00000396954, ../Ntranos_Rotation/ESM-SaProt/AF-O96007-F1-model_v4.pdb.gz
INFO:2025-10-30 15:45:58,080:Successfully computed HSC for O96007.
INFO:2025-10-30 15:45:58,080:Processing O96008 with model AF-O96008-F1-model_v4.pdb
INFO:2025-10-30 15:45:58,146:Computing HSC features for: O96008, ENST00000252487, ../Ntranos_Rotation/ESM-SaProt/AF-O96008-F1-model_v4.pdb.gz
INFO:2025-10-30 15:47:15,409:Successfully computed HSC for O96008.
INFO:2025-10-30 15:47:15,409:Processing O96009 with model AF-O96009-F1-model_v4.pdb
INFO:2025-10-30 15:47:15,554:Computing HSC features for: O96009, ENST00000253719, ../Ntranos_Rotation/ESM-SaProt/AF-O96009-F1-model_v4.pdb.gz
INFO:2025-10-30 15:48:35,457:Successfully computed HSC for O96009.
INFO:2025-10-30 15:48:35,457:Processing O96011 with model AF-O96011-F1-model_v4.pdb
INFO:2025-10-30 15:48:35,513:Computing HSC features for: O96011, ENST00000369306, ../Ntranos_Rotation/ESM-SaProt/AF-O96011-F1-model_v4.pdb.gz
INFO:2025-10-30 15:49:08,843:Successfully computed HSC for O96011.
INFO:2025-10-30 15:49:08,843:Processing O96013 with model AF-O96013-F1-model_v4.pdb
INFO:2025-10-30 15:49:08,938:Computing HSC features for: O96013, ENST00000358301, ../Ntranos_Rotation/ESM-SaProt/AF-O96013-F1-model_v4.pdb.gz
INFO:2025-10-30 15:50:46,585:Successfully computed HSC for O96013.
INFO:2025-10-30 15:50:46,586:Processing O96014 with model AF-O96014-F1-model_v4.pdb
INFO:2025-10-30 15:50:46,649:Computing HSC features for: O96014, ENST00000322563, ../Ntranos_Rotation/ESM-SaProt/AF-O96014-F1-model_v4.pdb.gz
INFO:2025-10-30 15:51:47,469:Successfully computed HSC for O96014.
INFO:2025-10-30 15:51:47,469:Processing O96015 with model AF-O96015-F1-model_v4.pdb
INFO:2025-10-30 15:51:47,524:Computing HSC features for: O96015, ENST00000216068, ../Ntranos_Rotation/ESM-SaProt/AF-O96015-F1-model_v4.pdb.gz
INFO:2025-10-30 15:52:04,063:Successfully computed HSC for O96015.
INFO:2025-10-30 15:52:04,063:Pipeline completed.
INFO:2025-10-30 15:52:04,063:no_enst_for_uniprot: 1
INFO:2025-10-30 15:52:04,063:no_valid_cds: 0
INFO:2025-10-30 15:52:04,063:no_variant_data: 4
INFO:2025-10-30 15:52:04,063:bad_structure: 0
INFO:2025-10-30 15:52:04,063:no_enst_mp: 1
