INFO:2025-10-30 14:27:03,555:Starting HSC computation pipeline...
INFO:2025-10-30 14:28:00,509:Processing Q969S2 with model AF-Q969S2-F1-model_v4.pdb
ERROR:2025-10-30 14:28:00,618:No transcript record found for Q969S2 in gnomAD.
INFO:2025-10-30 14:28:00,618:Processing Q969S3 with model AF-Q969S3-F1-model_v4.pdb
INFO:2025-10-30 14:28:00,748:Computing HSC features for: Q969S3, ENST00000308683, ../Ntranos_Rotation/ESM-SaProt/AF-Q969S3-F1-model_v4.pdb.gz
INFO:2025-10-30 14:28:52,511:Successfully computed HSC for Q969S3.
INFO:2025-10-30 14:28:52,511:Processing Q969S6 with model AF-Q969S6-F1-model_v4.pdb
INFO:2025-10-30 14:28:52,541:Computing HSC features for: Q969S6, ENST00000343666, ../Ntranos_Rotation/ESM-SaProt/AF-Q969S6-F1-model_v4.pdb.gz
INFO:2025-10-30 14:29:07,216:Successfully computed HSC for Q969S6.
INFO:2025-10-30 14:29:07,216:Processing Q969S8 with model AF-Q969S8-F1-model_v4.pdb
INFO:2025-10-30 14:29:07,332:Computing HSC features for: Q969S8, ENST00000216271, ../Ntranos_Rotation/ESM-SaProt/AF-Q969S8-F1-model_v4.pdb.gz
INFO:2025-10-30 14:30:08,702:Successfully computed HSC for Q969S8.
INFO:2025-10-30 14:30:08,702:Processing Q969S9 with model AF-Q969S9-F1-model_v4.pdb
INFO:2025-10-30 14:30:08,809:Computing HSC features for: Q969S9, ENST00000296805, ../Ntranos_Rotation/ESM-SaProt/AF-Q969S9-F1-model_v4.pdb.gz
INFO:2025-10-30 14:31:06,697:Successfully computed HSC for Q969S9.
INFO:2025-10-30 14:31:06,697:Processing Q969T3 with model AF-Q969T3-F1-model_v4.pdb
INFO:2025-10-30 14:31:06,779:Computing HSC features for: Q969T3, ENST00000491381, ../Ntranos_Rotation/ESM-SaProt/AF-Q969T3-F1-model_v4.pdb.gz
INFO:2025-10-30 14:31:45,493:Successfully computed HSC for Q969T3.
INFO:2025-10-30 14:31:45,493:Processing Q969T4 with model AF-Q969T4-F1-model_v4.pdb
INFO:2025-10-30 14:31:45,573:Computing HSC features for: Q969T4, ENST00000392415, ../Ntranos_Rotation/ESM-SaProt/AF-Q969T4-F1-model_v4.pdb.gz
INFO:2025-10-30 14:31:59,102:Successfully computed HSC for Q969T4.
INFO:2025-10-30 14:31:59,102:Processing Q969T7 with model AF-Q969T7-F1-model_v4.pdb
INFO:2025-10-30 14:31:59,188:Computing HSC features for: Q969T7, ENST00000435506, ../Ntranos_Rotation/ESM-SaProt/AF-Q969T7-F1-model_v4.pdb.gz
INFO:2025-10-30 14:32:22,151:Successfully computed HSC for Q969T7.
INFO:2025-10-30 14:32:22,151:Processing Q969T9 with model AF-Q969T9-F1-model_v4.pdb
INFO:2025-10-30 14:32:22,217:Computing HSC features for: Q969T9, ENST00000254806, ../Ntranos_Rotation/ESM-SaProt/AF-Q969T9-F1-model_v4.pdb.gz
INFO:2025-10-30 14:32:45,133:Successfully computed HSC for Q969T9.
INFO:2025-10-30 14:32:45,133:Processing Q969U6 with model AF-Q969U6-F1-model_v4.pdb
INFO:2025-10-30 14:32:45,223:Computing HSC features for: Q969U6, ENST00000325285, ../Ntranos_Rotation/ESM-SaProt/AF-Q969U6-F1-model_v4.pdb.gz
INFO:2025-10-30 14:33:49,856:Successfully computed HSC for Q969U6.
INFO:2025-10-30 14:33:49,856:Processing Q969U7 with model AF-Q969U7-F1-model_v4.pdb
ERROR:2025-10-30 14:33:49,931:No transcript record found for Q969U7 in gnomAD.
INFO:2025-10-30 14:33:49,931:Processing Q969V1 with model AF-Q969V1-F1-model_v4.pdb
INFO:2025-10-30 14:33:50,022:Computing HSC features for: Q969V1, ENST00000281806, ../Ntranos_Rotation/ESM-SaProt/AF-Q969V1-F1-model_v4.pdb.gz
INFO:2025-10-30 14:34:10,161:Successfully computed HSC for Q969V1.
INFO:2025-10-30 14:34:10,161:Processing Q969V3 with model AF-Q969V3-F1-model_v4.pdb
INFO:2025-10-30 14:34:10,254:Computing HSC features for: Q969V3, ENST00000246117, ../Ntranos_Rotation/ESM-SaProt/AF-Q969V3-F1-model_v4.pdb.gz
INFO:2025-10-30 14:35:10,825:Successfully computed HSC for Q969V3.
INFO:2025-10-30 14:35:10,825:Processing Q969V4 with model AF-Q969V4-F1-model_v4.pdb
INFO:2025-10-30 14:35:10,906:Computing HSC features for: Q969V4, ENST00000338694, ../Ntranos_Rotation/ESM-SaProt/AF-Q969V4-F1-model_v4.pdb.gz
INFO:2025-10-30 14:35:39,884:Successfully computed HSC for Q969V4.
INFO:2025-10-30 14:35:39,884:Processing Q969V5 with model AF-Q969V5-F1-model_v4.pdb
INFO:2025-10-30 14:35:39,976:Computing HSC features for: Q969V5, ENST00000264198, ../Ntranos_Rotation/ESM-SaProt/AF-Q969V5-F1-model_v4.pdb.gz
INFO:2025-10-30 14:36:09,169:Successfully computed HSC for Q969V5.
INFO:2025-10-30 14:36:09,169:Processing Q969V6 with model AF-Q969V6-F1-model_v4.pdb
INFO:2025-10-30 14:36:09,314:Computing HSC features for: Q969V6, ENST00000407029, ../Ntranos_Rotation/ESM-SaProt/AF-Q969V6-F1-model_v4.pdb.gz
INFO:2025-10-30 14:37:18,983:Successfully computed HSC for Q969V6.
INFO:2025-10-30 14:37:18,983:Processing Q969W0 with model AF-Q969W0-F1-model_v4.pdb
INFO:2025-10-30 14:37:19,018:Computing HSC features for: Q969W0, ENST00000298130, ../Ntranos_Rotation/ESM-SaProt/AF-Q969W0-F1-model_v4.pdb.gz
INFO:2025-10-30 14:37:25,843:Successfully computed HSC for Q969W0.
INFO:2025-10-30 14:37:25,843:Processing Q969W1 with model AF-Q969W1-F1-model_v4.pdb
INFO:2025-10-30 14:37:25,910:Computing HSC features for: Q969W1, ENST00000370854, ../Ntranos_Rotation/ESM-SaProt/AF-Q969W1-F1-model_v4.pdb.gz
INFO:2025-10-30 14:37:54,822:Successfully computed HSC for Q969W1.
INFO:2025-10-30 14:37:54,822:Processing Q969W3 with model AF-Q969W3-F1-model_v4.pdb
INFO:2025-10-30 14:37:54,872:Computing HSC features for: Q969W3, ENST00000403627, ../Ntranos_Rotation/ESM-SaProt/AF-Q969W3-F1-model_v4.pdb.gz
INFO:2025-10-30 14:38:23,020:Successfully computed HSC for Q969W3.
INFO:2025-10-30 14:38:23,021:Processing Q969W8 with model AF-Q969W8-F1-model_v4.pdb
INFO:2025-10-30 14:38:23,102:Computing HSC features for: Q969W8, ENST00000424129, ../Ntranos_Rotation/ESM-SaProt/AF-Q969W8-F1-model_v4.pdb.gz
INFO:2025-10-30 14:38:48,475:Successfully computed HSC for Q969W8.
INFO:2025-10-30 14:38:48,475:Processing Q969W9 with model AF-Q969W9-F1-model_v4.pdb
INFO:2025-10-30 14:38:48,519:Computing HSC features for: Q969W9, ENST00000341744, ../Ntranos_Rotation/ESM-SaProt/AF-Q969W9-F1-model_v4.pdb.gz
INFO:2025-10-30 14:39:18,071:Successfully computed HSC for Q969W9.
INFO:2025-10-30 14:39:18,071:Processing Q969X0 with model AF-Q969X0-F1-model_v4.pdb
INFO:2025-10-30 14:39:18,151:Computing HSC features for: Q969X0, ENST00000280571, ../Ntranos_Rotation/ESM-SaProt/AF-Q969X0-F1-model_v4.pdb.gz
INFO:2025-10-30 14:39:35,229:Successfully computed HSC for Q969X0.
INFO:2025-10-30 14:39:35,229:Processing Q969X1 with model AF-Q969X1-F1-model_v4.pdb
INFO:2025-10-30 14:39:35,291:Computing HSC features for: Q969X1, ENST00000258412, ../Ntranos_Rotation/ESM-SaProt/AF-Q969X1-F1-model_v4.pdb.gz
INFO:2025-10-30 14:40:04,897:Successfully computed HSC for Q969X1.
INFO:2025-10-30 14:40:04,898:Processing Q93009 with model AF-Q93009-F1-model_v4.pdb
INFO:2025-10-30 14:40:05,086:Computing HSC features for: Q93009, ENST00000344836, ../Ntranos_Rotation/ESM-SaProt/AF-Q93009-F1-model_v4.pdb.gz
INFO:2025-10-30 14:41:30,851:Successfully computed HSC for Q93009.
INFO:2025-10-30 14:41:30,851:Processing Q93015 with model AF-Q93015-F1-model_v4.pdb
INFO:2025-10-30 14:41:30,914:Computing HSC features for: Q93015, ENST00000417393, ../Ntranos_Rotation/ESM-SaProt/AF-Q93015-F1-model_v4.pdb.gz
INFO:2025-10-30 14:42:01,090:Successfully computed HSC for Q93015.
INFO:2025-10-30 14:42:01,090:Processing Q93033 with model AF-Q93033-F1-model_v4.pdb
INFO:2025-10-30 14:42:01,283:Computing HSC features for: Q93033, ENST00000256652, ../Ntranos_Rotation/ESM-SaProt/AF-Q93033-F1-model_v4.pdb.gz
INFO:2025-10-30 14:43:16,986:Successfully computed HSC for Q93033.
INFO:2025-10-30 14:43:16,986:Processing Q93034 with model AF-Q93034-F1-model_v4.pdb
INFO:2025-10-30 14:43:17,095:Computing HSC features for: Q93034, ENST00000393094, ../Ntranos_Rotation/ESM-SaProt/AF-Q93034-F1-model_v4.pdb.gz
INFO:2025-10-30 14:44:01,929:Successfully computed HSC for Q93034.
INFO:2025-10-30 14:44:01,929:Processing Q93038 with model AF-Q93038-F1-model_v4.pdb
INFO:2025-10-30 14:44:02,026:Computing HSC features for: Q93038, ENST00000356876, ../Ntranos_Rotation/ESM-SaProt/AF-Q93038-F1-model_v4.pdb.gz
INFO:2025-10-30 14:44:42,020:Successfully computed HSC for Q93038.
INFO:2025-10-30 14:44:42,021:Processing Q93045 with model AF-Q93045-F1-model_v4.pdb
INFO:2025-10-30 14:44:42,080:Computing HSC features for: Q93045, ENST00000220876, ../Ntranos_Rotation/ESM-SaProt/AF-Q93045-F1-model_v4.pdb.gz
INFO:2025-10-30 14:44:58,725:Successfully computed HSC for Q93045.
INFO:2025-10-30 14:44:58,725:Processing Q93050 with model AF-Q93050-F1-model_v4.pdb
ERROR:2025-10-30 14:44:58,863:No transcript record found for Q93050 in gnomAD.
INFO:2025-10-30 14:44:58,864:Processing Q93052 with model AF-Q93052-F1-model_v4.pdb
ERROR:2025-10-30 14:44:58,964:No transcript record found for Q93052 in gnomAD.
INFO:2025-10-30 14:44:58,964:Processing Q93062 with model AF-Q93062-F1-model_v4.pdb
INFO:2025-10-30 14:44:59,008:Computing HSC features for: Q93062, ENST00000320203, ../Ntranos_Rotation/ESM-SaProt/AF-Q93062-F1-model_v4.pdb.gz
INFO:2025-10-30 14:45:13,942:Successfully computed HSC for Q93062.
INFO:2025-10-30 14:45:13,943:Processing Q93063 with model AF-Q93063-F1-model_v4.pdb
INFO:2025-10-30 14:45:14,028:Computing HSC features for: Q93063, ENST00000395673, ../Ntranos_Rotation/ESM-SaProt/AF-Q93063-F1-model_v4.pdb.gz
INFO:2025-10-30 14:46:15,636:Successfully computed HSC for Q93063.
INFO:2025-10-30 14:46:15,636:Processing Q93070 with model AF-Q93070-F1-model_v4.pdb
INFO:2025-10-30 14:46:15,717:Computing HSC features for: Q93070, ENST00000228936, ../Ntranos_Rotation/ESM-SaProt/AF-Q93070-F1-model_v4.pdb.gz
INFO:2025-10-30 14:46:37,454:Successfully computed HSC for Q93070.
INFO:2025-10-30 14:46:37,454:Processing Q93073 with model AF-Q93073-F1-model_v4.pdb
INFO:2025-10-30 14:46:37,651:Computing HSC features for: Q93073, ENST00000559471, ../Ntranos_Rotation/ESM-SaProt/AF-Q93073-F1-model_v4.pdb.gz
INFO:2025-10-30 14:47:49,175:Successfully computed HSC for Q93073.
INFO:2025-10-30 14:47:49,175:Processing Q93074 with model AF-Q93074-F1-model_v4.pdb
ERROR:2025-10-30 14:47:49,391:No transcript record found for Q93074 in gnomAD.
INFO:2025-10-30 14:47:49,391:Processing Q93075 with model AF-Q93075-F1-model_v4.pdb
INFO:2025-10-30 14:47:49,518:Computing HSC features for: Q93075, ENST00000287652, ../Ntranos_Rotation/ESM-SaProt/AF-Q93075-F1-model_v4.pdb.gz
INFO:2025-10-30 14:48:58,612:Successfully computed HSC for Q93075.
INFO:2025-10-30 14:48:58,613:Processing Q93077 with model AF-Q93077-F1-model_v4.pdb
INFO:2025-10-30 14:48:58,659:Computing HSC features for: Q93077, ENST00000377791, ../Ntranos_Rotation/ESM-SaProt/AF-Q93077-F1-model_v4.pdb.gz
INFO:2025-10-30 14:49:17,411:Successfully computed HSC for Q93077.
INFO:2025-10-30 14:49:17,411:Processing Q93079 with model AF-Q93079-F1-model_v4.pdb
ERROR:2025-10-30 14:49:17,472:No transcript record found for Q93079 in gnomAD.
INFO:2025-10-30 14:49:17,472:Processing Q93083 with model AF-Q93083-F1-model_v4.pdb
ERROR:2025-10-30 14:49:17,506:No ENST transcript IDs were mapped to Q93083
INFO:2025-10-30 14:49:17,506:Processing Q93084 with model AF-Q93084-F1-model_v4.pdb
INFO:2025-10-30 14:49:17,638:Computing HSC features for: Q93084, ENST00000397041, ../Ntranos_Rotation/ESM-SaProt/AF-Q93084-F1-model_v4.pdb.gz
INFO:2025-10-30 14:51:02,280:Successfully computed HSC for Q93084.
INFO:2025-10-30 14:51:02,281:Processing Q93086 with model AF-Q93086-F1-model_v4.pdb
INFO:2025-10-30 14:51:02,347:Computing HSC features for: Q93086, ENST00000225328, ../Ntranos_Rotation/ESM-SaProt/AF-Q93086-F1-model_v4.pdb.gz
INFO:2025-10-30 14:51:39,345:Successfully computed HSC for Q93086.
INFO:2025-10-30 14:51:39,345:Processing Q93088 with model AF-Q93088-F1-model_v4.pdb
INFO:2025-10-30 14:51:39,403:Computing HSC features for: Q93088, ENST00000274353, ../Ntranos_Rotation/ESM-SaProt/AF-Q93088-F1-model_v4.pdb.gz
INFO:2025-10-30 14:52:05,451:Successfully computed HSC for Q93088.
INFO:2025-10-30 14:52:05,451:Processing Q93091 with model AF-Q93091-F1-model_v4.pdb
INFO:2025-10-30 14:52:05,497:Computing HSC features for: Q93091, ENST00000304677, ../Ntranos_Rotation/ESM-SaProt/AF-Q93091-F1-model_v4.pdb.gz
INFO:2025-10-30 14:52:22,568:Successfully computed HSC for Q93091.
INFO:2025-10-30 14:52:22,568:Processing Q93096 with model AF-Q93096-F1-model_v4.pdb
ERROR:2025-10-30 14:52:22,614:No transcript record found for Q93096 in gnomAD.
INFO:2025-10-30 14:52:22,614:Processing Q93097 with model AF-Q93097-F1-model_v4.pdb
INFO:2025-10-30 14:52:22,694:Computing HSC features for: Q93097, ENST00000369684, ../Ntranos_Rotation/ESM-SaProt/AF-Q93097-F1-model_v4.pdb.gz
INFO:2025-10-30 14:53:00,543:Successfully computed HSC for Q93097.
INFO:2025-10-30 14:53:00,543:Processing Q93098 with model AF-Q93098-F1-model_v4.pdb
INFO:2025-10-30 14:53:00,647:Computing HSC features for: Q93098, ENST00000343737, ../Ntranos_Rotation/ESM-SaProt/AF-Q93098-F1-model_v4.pdb.gz
INFO:2025-10-30 14:53:36,021:Successfully computed HSC for Q93098.
INFO:2025-10-30 14:53:36,021:Processing Q93099 with model AF-Q93099-F1-model_v4.pdb
INFO:2025-10-30 14:53:36,089:Computing HSC features for: Q93099, ENST00000283871, ../Ntranos_Rotation/ESM-SaProt/AF-Q93099-F1-model_v4.pdb.gz
INFO:2025-10-30 14:54:09,277:Successfully computed HSC for Q93099.
INFO:2025-10-30 14:54:09,277:Processing Q93100 with model AF-Q93100-F1-model_v4.pdb
INFO:2025-10-30 14:54:09,453:Computing HSC features for: Q93100, ENST00000323584, ../Ntranos_Rotation/ESM-SaProt/AF-Q93100-F1-model_v4.pdb.gz
INFO:2025-10-30 14:55:19,383:Successfully computed HSC for Q93100.
INFO:2025-10-30 14:55:19,383:Processing Q95460 with model AF-Q95460-F1-model_v4.pdb
INFO:2025-10-30 14:55:19,471:Computing HSC features for: Q95460, ENST00000367580, ../Ntranos_Rotation/ESM-SaProt/AF-Q95460-F1-model_v4.pdb.gz
INFO:2025-10-30 14:55:43,025:Successfully computed HSC for Q95460.
INFO:2025-10-30 14:55:43,025:Pipeline completed.
INFO:2025-10-30 14:55:43,025:no_enst_for_uniprot: 1
INFO:2025-10-30 14:55:43,025:no_valid_cds: 0
INFO:2025-10-30 14:55:43,025:no_variant_data: 7
INFO:2025-10-30 14:55:43,025:bad_structure: 0
INFO:2025-10-30 14:55:43,025:no_enst_mp: 0
