INFO:2025-10-30 14:25:03,462:Starting HSC computation pipeline...
INFO:2025-10-30 14:26:06,247:Processing P60880 with model AF-P60880-F1-model_v4.pdb
ERROR:2025-10-30 14:26:06,313:No transcript record found for P60880 in gnomAD.
INFO:2025-10-30 14:26:06,313:Processing P60891 with model AF-P60891-F1-model_v4.pdb
INFO:2025-10-30 14:26:06,396:Computing HSC features for: P60891, ENST00000372435, ../Ntranos_Rotation/ESM-SaProt/AF-P60891-F1-model_v4.pdb.gz
INFO:2025-10-30 14:26:49,220:Successfully computed HSC for P60891.
INFO:2025-10-30 14:26:49,220:Processing P60893 with model AF-P60893-F1-model_v4.pdb
INFO:2025-10-30 14:26:49,310:Computing HSC features for: P60893, ENST00000297146, ../Ntranos_Rotation/ESM-SaProt/AF-P60893-F1-model_v4.pdb.gz
INFO:2025-10-30 14:27:23,295:Successfully computed HSC for P60893.
INFO:2025-10-30 14:27:23,295:Processing P60900 with model AF-P60900-F1-model_v4.pdb
INFO:2025-10-30 14:27:23,360:Computing HSC features for: P60900, ENST00000261479, ../Ntranos_Rotation/ESM-SaProt/AF-P60900-F1-model_v4.pdb.gz
INFO:2025-10-30 14:27:43,020:Successfully computed HSC for P60900.
INFO:2025-10-30 14:27:43,021:Processing P60903 with model AF-P60903-F1-model_v4.pdb
INFO:2025-10-30 14:27:43,040:Computing HSC features for: P60903, ENST00000368809, ../Ntranos_Rotation/ESM-SaProt/AF-P60903-F1-model_v4.pdb.gz
INFO:2025-10-30 14:27:55,044:Successfully computed HSC for P60903.
INFO:2025-10-30 14:27:55,044:Processing P60953 with model AF-P60953-F1-model_v4.pdb
ERROR:2025-10-30 14:27:55,170:No transcript record found for P60953 in gnomAD.
INFO:2025-10-30 14:27:55,170:Processing P60981 with model AF-P60981-F1-model_v4.pdb
INFO:2025-10-30 14:27:55,221:Computing HSC features for: P60981, ENST00000246069, ../Ntranos_Rotation/ESM-SaProt/AF-P60981-F1-model_v4.pdb.gz
INFO:2025-10-30 14:28:12,380:Successfully computed HSC for P60981.
INFO:2025-10-30 14:28:12,380:Processing P60983 with model AF-P60983-F1-model_v4.pdb
INFO:2025-10-30 14:28:12,426:Computing HSC features for: P60983, ENST00000358056, ../Ntranos_Rotation/ESM-SaProt/AF-P60983-F1-model_v4.pdb.gz
INFO:2025-10-30 14:28:31,546:Successfully computed HSC for P60983.
INFO:2025-10-30 14:28:31,546:Processing P60985 with model AF-P60985-F1-model_v4.pdb
INFO:2025-10-30 14:28:31,581:Computing HSC features for: P60985, ENST00000338897, ../Ntranos_Rotation/ESM-SaProt/AF-P60985-F1-model_v4.pdb.gz
INFO:2025-10-30 14:28:42,569:Successfully computed HSC for P60985.
INFO:2025-10-30 14:28:42,570:Processing P61006 with model AF-P61006-F1-model_v4.pdb
INFO:2025-10-30 14:28:42,629:Computing HSC features for: P61006, ENST00000300935, ../Ntranos_Rotation/ESM-SaProt/AF-P61006-F1-model_v4.pdb.gz
INFO:2025-10-30 14:29:06,268:Successfully computed HSC for P61006.
INFO:2025-10-30 14:29:06,268:Processing P61009 with model AF-P61009-F1-model_v4.pdb
INFO:2025-10-30 14:29:06,328:Computing HSC features for: P61009, ENST00000503362, ../Ntranos_Rotation/ESM-SaProt/AF-P61009-F1-model_v4.pdb.gz
INFO:2025-10-30 14:29:25,656:Successfully computed HSC for P61009.
INFO:2025-10-30 14:29:25,656:Processing P61011 with model AF-P61011-F1-model_v4.pdb
INFO:2025-10-30 14:29:25,758:Computing HSC features for: P61011, ENST00000216774, ../Ntranos_Rotation/ESM-SaProt/AF-P61011-F1-model_v4.pdb.gz
INFO:2025-10-30 14:30:07,723:Successfully computed HSC for P61011.
INFO:2025-10-30 14:30:07,723:Processing P61018 with model AF-P61018-F1-model_v4.pdb
INFO:2025-10-30 14:30:07,776:Computing HSC features for: P61018, ENST00000357052, ../Ntranos_Rotation/ESM-SaProt/AF-P61018-F1-model_v4.pdb.gz
INFO:2025-10-30 14:30:33,858:Successfully computed HSC for P61018.
INFO:2025-10-30 14:30:33,858:Processing P61019 with model AF-P61019-F1-model_v4.pdb
INFO:2025-10-30 14:30:33,926:Computing HSC features for: P61019, ENST00000262646, ../Ntranos_Rotation/ESM-SaProt/AF-P61019-F1-model_v4.pdb.gz
INFO:2025-10-30 14:30:53,732:Successfully computed HSC for P61019.
INFO:2025-10-30 14:30:53,732:Processing P61020 with model AF-P61020-F1-model_v4.pdb
INFO:2025-10-30 14:30:53,776:Computing HSC features for: P61020, ENST00000360299, ../Ntranos_Rotation/ESM-SaProt/AF-P61020-F1-model_v4.pdb.gz
INFO:2025-10-30 14:31:13,929:Successfully computed HSC for P61020.
INFO:2025-10-30 14:31:13,929:Processing P61024 with model AF-P61024-F1-model_v4.pdb
INFO:2025-10-30 14:31:13,979:Computing HSC features for: P61024, ENST00000308987, ../Ntranos_Rotation/ESM-SaProt/AF-P61024-F1-model_v4.pdb.gz
INFO:2025-10-30 14:31:29,778:Successfully computed HSC for P61024.
INFO:2025-10-30 14:31:29,778:Processing P61026 with model AF-P61026-F1-model_v4.pdb
INFO:2025-10-30 14:31:29,849:Computing HSC features for: P61026, ENST00000264710, ../Ntranos_Rotation/ESM-SaProt/AF-P61026-F1-model_v4.pdb.gz
INFO:2025-10-30 14:31:50,332:Successfully computed HSC for P61026.
INFO:2025-10-30 14:31:50,332:Processing P61073 with model AF-P61073-F1-model_v4.pdb
INFO:2025-10-30 14:31:50,411:Computing HSC features for: P61073, ENST00000241393, ../Ntranos_Rotation/ESM-SaProt/AF-P61073-F1-model_v4.pdb.gz
INFO:2025-10-30 14:32:39,036:Successfully computed HSC for P61073.
INFO:2025-10-30 14:32:39,036:Processing P61077 with model AF-P61077-F1-model_v4.pdb
INFO:2025-10-30 14:32:39,099:Computing HSC features for: P61077, ENST00000321805, ../Ntranos_Rotation/ESM-SaProt/AF-P61077-F1-model_v4.pdb.gz
INFO:2025-10-30 14:32:59,922:Successfully computed HSC for P61077.
INFO:2025-10-30 14:32:59,922:Processing P61081 with model AF-P61081-F1-model_v4.pdb
INFO:2025-10-30 14:32:59,976:Computing HSC features for: P61081, ENST00000253023, ../Ntranos_Rotation/ESM-SaProt/AF-P61081-F1-model_v4.pdb.gz
INFO:2025-10-30 14:33:32,597:Successfully computed HSC for P61081.
INFO:2025-10-30 14:33:32,597:Processing P61086 with model AF-P61086-F1-model_v4.pdb
INFO:2025-10-30 14:33:32,672:Computing HSC features for: P61086, ENST00000261427, ../Ntranos_Rotation/ESM-SaProt/AF-P61086-F1-model_v4.pdb.gz
INFO:2025-10-30 14:33:55,059:Successfully computed HSC for P61086.
INFO:2025-10-30 14:33:55,059:Processing P61088 with model AF-P61088-F1-model_v4.pdb
INFO:2025-10-30 14:33:55,219:Computing HSC features for: P61088, ENST00000318066, ../Ntranos_Rotation/ESM-SaProt/AF-P61088-F1-model_v4.pdb.gz
INFO:2025-10-30 14:34:10,401:Successfully computed HSC for P61088.
INFO:2025-10-30 14:34:10,401:Processing P61106 with model AF-P61106-F1-model_v4.pdb
ERROR:2025-10-30 14:34:10,460:No transcript record found for P61106 in gnomAD.
INFO:2025-10-30 14:34:10,460:Processing P61129 with model AF-P61129-F1-model_v4.pdb
INFO:2025-10-30 14:34:10,710:Computing HSC features for: P61129, ENST00000409871, ../Ntranos_Rotation/ESM-SaProt/AF-P61129-F1-model_v4.pdb.gz
INFO:2025-10-30 14:35:51,591:Successfully computed HSC for P61129.
INFO:2025-10-30 14:35:51,591:Processing P61158 with model AF-P61158-F1-model_v4.pdb
INFO:2025-10-30 14:35:51,658:Computing HSC features for: P61158, ENST00000263238, ../Ntranos_Rotation/ESM-SaProt/AF-P61158-F1-model_v4.pdb.gz
INFO:2025-10-30 14:36:27,084:Successfully computed HSC for P61158.
INFO:2025-10-30 14:36:27,084:Processing P61160 with model AF-P61160-F1-model_v4.pdb
INFO:2025-10-30 14:36:27,170:Computing HSC features for: P61160, ENST00000260641, ../Ntranos_Rotation/ESM-SaProt/AF-P61160-F1-model_v4.pdb.gz
INFO:2025-10-30 14:37:05,328:Successfully computed HSC for P61160.
INFO:2025-10-30 14:37:05,328:Processing P61163 with model AF-P61163-F1-model_v4.pdb
INFO:2025-10-30 14:37:05,386:Computing HSC features for: P61163, ENST00000369905, ../Ntranos_Rotation/ESM-SaProt/AF-P61163-F1-model_v4.pdb.gz
INFO:2025-10-30 14:37:46,565:Successfully computed HSC for P61163.
INFO:2025-10-30 14:37:46,565:Processing P61165 with model AF-P61165-F1-model_v4.pdb
INFO:2025-10-30 14:37:46,595:Computing HSC features for: P61165, ENST00000537328, ../Ntranos_Rotation/ESM-SaProt/AF-P61165-F1-model_v4.pdb.gz
INFO:2025-10-30 14:37:54,984:Successfully computed HSC for P61165.
INFO:2025-10-30 14:37:54,984:Processing P61201 with model AF-P61201-F1-model_v4.pdb
INFO:2025-10-30 14:37:55,051:Computing HSC features for: P61201, ENST00000388901, ../Ntranos_Rotation/ESM-SaProt/AF-P61201-F1-model_v4.pdb.gz
INFO:2025-10-30 14:38:28,489:Successfully computed HSC for P61201.
INFO:2025-10-30 14:38:28,489:Processing P61204 with model AF-P61204-F1-model_v4.pdb
INFO:2025-10-30 14:38:28,534:Computing HSC features for: P61204, ENST00000256682, ../Ntranos_Rotation/ESM-SaProt/AF-P61204-F1-model_v4.pdb.gz
INFO:2025-10-30 14:38:47,198:Successfully computed HSC for P61204.
INFO:2025-10-30 14:38:47,198:Processing P61218 with model AF-P61218-F1-model_v4.pdb
INFO:2025-10-30 14:38:47,230:Computing HSC features for: P61218, ENST00000442738, ../Ntranos_Rotation/ESM-SaProt/AF-P61218-F1-model_v4.pdb.gz
INFO:2025-10-30 14:39:03,542:Successfully computed HSC for P61218.
INFO:2025-10-30 14:39:03,542:Processing P61221 with model AF-P61221-F1-model_v4.pdb
INFO:2025-10-30 14:39:03,623:Computing HSC features for: P61221, ENST00000296577, ../Ntranos_Rotation/ESM-SaProt/AF-P61221-F1-model_v4.pdb.gz
INFO:2025-10-30 14:39:50,692:Successfully computed HSC for P61221.
INFO:2025-10-30 14:39:50,692:Processing P61224 with model AF-P61224-F1-model_v4.pdb
INFO:2025-10-30 14:39:50,743:Computing HSC features for: P61224, ENST00000250559, ../Ntranos_Rotation/ESM-SaProt/AF-P61224-F1-model_v4.pdb.gz
INFO:2025-10-30 14:40:06,398:Successfully computed HSC for P61224.
INFO:2025-10-30 14:40:06,398:Processing P61225 with model AF-P61225-F1-model_v4.pdb
INFO:2025-10-30 14:40:06,467:Computing HSC features for: P61225, ENST00000323534, ../Ntranos_Rotation/ESM-SaProt/AF-P61225-F1-model_v4.pdb.gz
INFO:2025-10-30 14:40:39,562:Successfully computed HSC for P61225.
INFO:2025-10-30 14:40:39,563:Processing P61236 with model AF-P61236-F1-model_v4.pdb
INFO:2025-10-30 14:40:39,590:Computing HSC features for: P61236, ENST00000398838, ../Ntranos_Rotation/ESM-SaProt/AF-P61236-F1-model_v4.pdb.gz
INFO:2025-10-30 14:40:53,450:Successfully computed HSC for P61236.
INFO:2025-10-30 14:40:53,450:Processing P61244 with model AF-P61244-F1-model_v4.pdb
INFO:2025-10-30 14:40:53,544:Computing HSC features for: P61244, ENST00000358664, ../Ntranos_Rotation/ESM-SaProt/AF-P61244-F1-model_v4.pdb.gz
INFO:2025-10-30 14:41:12,414:Successfully computed HSC for P61244.
INFO:2025-10-30 14:41:12,414:Processing P61247 with model AF-P61247-F1-model_v4.pdb
ERROR:2025-10-30 14:41:12,484:No transcript record found for P61247 in gnomAD.
INFO:2025-10-30 14:41:12,484:Processing P61254 with model AF-P61254-F1-model_v4.pdb
INFO:2025-10-30 14:41:12,529:Computing HSC features for: P61254, ENST00000582556, ../Ntranos_Rotation/ESM-SaProt/AF-P61254-F1-model_v4.pdb.gz
INFO:2025-10-30 14:41:35,009:Successfully computed HSC for P61254.
INFO:2025-10-30 14:41:35,009:Processing P61266 with model AF-P61266-F1-model_v4.pdb
INFO:2025-10-30 14:41:35,075:Computing HSC features for: P61266, ENST00000215095, ../Ntranos_Rotation/ESM-SaProt/AF-P61266-F1-model_v4.pdb.gz
INFO:2025-10-30 14:42:15,827:Successfully computed HSC for P61266.
INFO:2025-10-30 14:42:15,827:Processing P61278 with model AF-P61278-F1-model_v4.pdb
INFO:2025-10-30 14:42:15,863:Computing HSC features for: P61278, ENST00000287641, ../Ntranos_Rotation/ESM-SaProt/AF-P61278-F1-model_v4.pdb.gz
INFO:2025-10-30 14:42:28,752:Successfully computed HSC for P61278.
INFO:2025-10-30 14:42:28,752:Processing P61289 with model AF-P61289-F1-model_v4.pdb
INFO:2025-10-30 14:42:28,807:Computing HSC features for: P61289, ENST00000590720, ../Ntranos_Rotation/ESM-SaProt/AF-P61289-F1-model_v4.pdb.gz
INFO:2025-10-30 14:42:50,337:Successfully computed HSC for P61289.
INFO:2025-10-30 14:42:50,337:Processing P61296 with model AF-P61296-F1-model_v4.pdb
INFO:2025-10-30 14:42:50,381:Computing HSC features for: P61296, ENST00000359562, ../Ntranos_Rotation/ESM-SaProt/AF-P61296-F1-model_v4.pdb.gz
INFO:2025-10-30 14:43:24,910:Successfully computed HSC for P61296.
INFO:2025-10-30 14:43:24,911:Processing P61313 with model AF-P61313-F1-model_v4.pdb
INFO:2025-10-30 14:43:24,952:Computing HSC features for: P61313, ENST00000307839, ../Ntranos_Rotation/ESM-SaProt/AF-P61313-F1-model_v4.pdb.gz
INFO:2025-10-30 14:43:47,655:Successfully computed HSC for P61313.
INFO:2025-10-30 14:43:47,655:Processing P61326 with model AF-P61326-F1-model_v4.pdb
INFO:2025-10-30 14:43:47,694:Computing HSC features for: P61326, ENST00000371470, ../Ntranos_Rotation/ESM-SaProt/AF-P61326-F1-model_v4.pdb.gz
INFO:2025-10-30 14:44:01,902:Successfully computed HSC for P61326.
INFO:2025-10-30 14:44:01,902:Processing P61328 with model AF-P61328-F1-model_v4.pdb
INFO:2025-10-30 14:44:01,963:Computing HSC features for: P61328, ENST00000454309, ../Ntranos_Rotation/ESM-SaProt/AF-P61328-F1-model_v4.pdb.gz
INFO:2025-10-30 14:44:27,159:Successfully computed HSC for P61328.
INFO:2025-10-30 14:44:27,159:Processing P61353 with model AF-P61353-F1-model_v4.pdb
INFO:2025-10-30 14:44:27,200:Computing HSC features for: P61353, ENST00000253788, ../Ntranos_Rotation/ESM-SaProt/AF-P61353-F1-model_v4.pdb.gz
INFO:2025-10-30 14:44:41,925:Successfully computed HSC for P61353.
INFO:2025-10-30 14:44:41,925:Processing P61366 with model AF-P61366-F1-model_v4.pdb
ERROR:2025-10-30 14:44:41,978:No transcript record found for P61366 in gnomAD.
INFO:2025-10-30 14:44:41,979:Processing P61371 with model AF-P61371-F1-model_v4.pdb
INFO:2025-10-30 14:44:42,033:Computing HSC features for: P61371, ENST00000230658, ../Ntranos_Rotation/ESM-SaProt/AF-P61371-F1-model_v4.pdb.gz
INFO:2025-10-30 14:45:25,832:Successfully computed HSC for P61371.
INFO:2025-10-30 14:45:25,833:Processing P61421 with model AF-P61421-F1-model_v4.pdb
INFO:2025-10-30 14:45:25,912:Computing HSC features for: P61421, ENST00000290949, ../Ntranos_Rotation/ESM-SaProt/AF-P61421-F1-model_v4.pdb.gz
INFO:2025-10-30 14:46:07,097:Successfully computed HSC for P61421.
INFO:2025-10-30 14:46:07,098:Processing P61457 with model AF-P61457-F1-model_v4.pdb
INFO:2025-10-30 14:46:07,126:Computing HSC features for: P61457, ENST00000299299, ../Ntranos_Rotation/ESM-SaProt/AF-P61457-F1-model_v4.pdb.gz
INFO:2025-10-30 14:46:17,313:Successfully computed HSC for P61457.
INFO:2025-10-30 14:46:17,314:Pipeline completed.
INFO:2025-10-30 14:46:17,314:no_enst_for_uniprot: 0
INFO:2025-10-30 14:46:17,314:no_valid_cds: 0
INFO:2025-10-30 14:46:17,314:no_variant_data: 5
INFO:2025-10-30 14:46:17,314:bad_structure: 0
INFO:2025-10-30 14:46:17,314:no_enst_mp: 0
