INFO:2025-10-30 14:24:57,377:Starting HSC computation pipeline...
INFO:2025-10-30 14:25:40,296:Processing P20061 with model AF-P20061-F1-model_v4.pdb
INFO:2025-10-30 14:25:40,341:Computing HSC features for: P20061, ENST00000257264, ../Ntranos_Rotation/ESM-SaProt/AF-P20061-F1-model_v4.pdb.gz
INFO:2025-10-30 14:26:07,225:Successfully computed HSC for P20061.
INFO:2025-10-30 14:26:07,225:Processing P20062 with model AF-P20062-F1-model_v4.pdb
INFO:2025-10-30 14:26:07,317:Computing HSC features for: P20062, ENST00000215838, ../Ntranos_Rotation/ESM-SaProt/AF-P20062-F1-model_v4.pdb.gz
INFO:2025-10-30 14:26:37,542:Successfully computed HSC for P20062.
INFO:2025-10-30 14:26:37,542:Processing P20073 with model AF-P20073-F1-model_v4.pdb
INFO:2025-10-30 14:26:37,600:Computing HSC features for: P20073, ENST00000372919, ../Ntranos_Rotation/ESM-SaProt/AF-P20073-F1-model_v4.pdb.gz
INFO:2025-10-30 14:27:11,541:Successfully computed HSC for P20073.
INFO:2025-10-30 14:27:11,541:Processing P20132 with model AF-P20132-F1-model_v4.pdb
INFO:2025-10-30 14:27:11,609:Computing HSC features for: P20132, ENST00000257549, ../Ntranos_Rotation/ESM-SaProt/AF-P20132-F1-model_v4.pdb.gz
INFO:2025-10-30 14:27:40,456:Successfully computed HSC for P20132.
INFO:2025-10-30 14:27:40,457:Processing P20138 with model AF-P20138-F1-model_v4.pdb
INFO:2025-10-30 14:27:40,532:Computing HSC features for: P20138, ENST00000262262, ../Ntranos_Rotation/ESM-SaProt/AF-P20138-F1-model_v4.pdb.gz
INFO:2025-10-30 14:28:04,956:Successfully computed HSC for P20138.
INFO:2025-10-30 14:28:04,956:Processing P20142 with model AF-P20142-F1-model_v4.pdb
INFO:2025-10-30 14:28:05,044:Computing HSC features for: P20142, ENST00000373025, ../Ntranos_Rotation/ESM-SaProt/AF-P20142-F1-model_v4.pdb.gz
INFO:2025-10-30 14:28:35,226:Successfully computed HSC for P20142.
INFO:2025-10-30 14:28:35,226:Processing P20151 with model AF-P20151-F1-model_v4.pdb
INFO:2025-10-30 14:28:35,281:Computing HSC features for: P20151, ENST00000325321, ../Ntranos_Rotation/ESM-SaProt/AF-P20151-F1-model_v4.pdb.gz
INFO:2025-10-30 14:28:52,710:Successfully computed HSC for P20151.
INFO:2025-10-30 14:28:52,710:Processing P20155 with model AF-P20155-F1-model_v4.pdb
INFO:2025-10-30 14:28:52,783:Computing HSC features for: P20155, ENST00000248701, ../Ntranos_Rotation/ESM-SaProt/AF-P20155-F1-model_v4.pdb.gz
INFO:2025-10-30 14:29:02,006:Successfully computed HSC for P20155.
INFO:2025-10-30 14:29:02,007:Processing P20160 with model AF-P20160-F1-model_v4.pdb
INFO:2025-10-30 14:29:02,084:Computing HSC features for: P20160, ENST00000233997, ../Ntranos_Rotation/ESM-SaProt/AF-P20160-F1-model_v4.pdb.gz
INFO:2025-10-30 14:29:35,696:Successfully computed HSC for P20160.
INFO:2025-10-30 14:29:35,696:Processing P20226 with model AF-P20226-F1-model_v4.pdb
INFO:2025-10-30 14:29:35,778:Computing HSC features for: P20226, ENST00000230354, ../Ntranos_Rotation/ESM-SaProt/AF-P20226-F1-model_v4.pdb.gz
INFO:2025-10-30 14:30:01,720:Successfully computed HSC for P20226.
INFO:2025-10-30 14:30:01,721:Processing P20231 with model AF-P20231-F1-model_v4.pdb
ERROR:2025-10-30 14:30:01,783:No transcript record found for P20231 in gnomAD.
INFO:2025-10-30 14:30:01,783:Processing P20248 with model AF-P20248-F1-model_v4.pdb
INFO:2025-10-30 14:30:01,858:Computing HSC features for: P20248, ENST00000274026, ../Ntranos_Rotation/ESM-SaProt/AF-P20248-F1-model_v4.pdb.gz
INFO:2025-10-30 14:30:32,840:Successfully computed HSC for P20248.
INFO:2025-10-30 14:30:32,840:Processing P20264 with model AF-P20264-F1-model_v4.pdb
INFO:2025-10-30 14:30:32,916:Computing HSC features for: P20264, ENST00000361360, ../Ntranos_Rotation/ESM-SaProt/AF-P20264-F1-model_v4.pdb.gz
INFO:2025-10-30 14:31:58,666:Successfully computed HSC for P20264.
INFO:2025-10-30 14:31:58,667:Processing P20265 with model AF-P20265-F1-model_v4.pdb
INFO:2025-10-30 14:31:58,776:Computing HSC features for: P20265, ENST00000328345, ../Ntranos_Rotation/ESM-SaProt/AF-P20265-F1-model_v4.pdb.gz
INFO:2025-10-30 14:32:58,092:Successfully computed HSC for P20265.
INFO:2025-10-30 14:32:58,092:Processing P20273 with model AF-P20273-F1-model_v4.pdb
INFO:2025-10-30 14:32:58,201:Computing HSC features for: P20273, ENST00000085219, ../Ntranos_Rotation/ESM-SaProt/AF-P20273-F1-model_v4.pdb.gz
INFO:2025-10-30 14:34:05,613:Successfully computed HSC for P20273.
INFO:2025-10-30 14:34:05,613:Processing P20290 with model AF-P20290-F1-model_v4.pdb
INFO:2025-10-30 14:34:05,923:Computing HSC features for: P20290, ENST00000380591, ../Ntranos_Rotation/ESM-SaProt/AF-P20290-F1-model_v4.pdb.gz
INFO:2025-10-30 14:34:22,946:Successfully computed HSC for P20290.
INFO:2025-10-30 14:34:22,946:Processing P20292 with model AF-P20292-F1-model_v4.pdb
INFO:2025-10-30 14:34:23,005:Computing HSC features for: P20292, ENST00000380490, ../Ntranos_Rotation/ESM-SaProt/AF-P20292-F1-model_v4.pdb.gz
INFO:2025-10-30 14:34:35,827:Successfully computed HSC for P20292.
INFO:2025-10-30 14:34:35,827:Processing P20309 with model AF-P20309-F1-model_v4.pdb
INFO:2025-10-30 14:34:35,907:Computing HSC features for: P20309, ENST00000255380, ../Ntranos_Rotation/ESM-SaProt/AF-P20309-F1-model_v4.pdb.gz
INFO:2025-10-30 14:35:23,471:Successfully computed HSC for P20309.
INFO:2025-10-30 14:35:23,471:Processing P20333 with model AF-P20333-F1-model_v4.pdb
INFO:2025-10-30 14:35:23,548:Computing HSC features for: P20333, ENST00000376259, ../Ntranos_Rotation/ESM-SaProt/AF-P20333-F1-model_v4.pdb.gz
INFO:2025-10-30 14:36:12,347:Successfully computed HSC for P20333.
INFO:2025-10-30 14:36:12,347:Processing P20336 with model AF-P20336-F1-model_v4.pdb
INFO:2025-10-30 14:36:12,400:Computing HSC features for: P20336, ENST00000222256, ../Ntranos_Rotation/ESM-SaProt/AF-P20336-F1-model_v4.pdb.gz
INFO:2025-10-30 14:36:37,378:Successfully computed HSC for P20336.
INFO:2025-10-30 14:36:37,378:Processing P20337 with model AF-P20337-F1-model_v4.pdb
INFO:2025-10-30 14:36:37,486:Computing HSC features for: P20337, ENST00000371655, ../Ntranos_Rotation/ESM-SaProt/AF-P20337-F1-model_v4.pdb.gz
INFO:2025-10-30 14:36:54,278:Successfully computed HSC for P20337.
INFO:2025-10-30 14:36:54,278:Processing P20338 with model AF-P20338-F1-model_v4.pdb
INFO:2025-10-30 14:36:54,552:Computing HSC features for: P20338, ENST00000366690, ../Ntranos_Rotation/ESM-SaProt/AF-P20338-F1-model_v4.pdb.gz
INFO:2025-10-30 14:37:14,362:Successfully computed HSC for P20338.
INFO:2025-10-30 14:37:14,362:Processing P20339 with model AF-P20339-F1-model_v4.pdb
INFO:2025-10-30 14:37:14,416:Computing HSC features for: P20339, ENST00000273047, ../Ntranos_Rotation/ESM-SaProt/AF-P20339-F1-model_v4.pdb.gz
INFO:2025-10-30 14:37:29,352:Successfully computed HSC for P20339.
INFO:2025-10-30 14:37:29,352:Processing P20340 with model AF-P20340-F1-model_v4.pdb
INFO:2025-10-30 14:37:29,413:Computing HSC features for: P20340, ENST00000310653, ../Ntranos_Rotation/ESM-SaProt/AF-P20340-F1-model_v4.pdb.gz
INFO:2025-10-30 14:37:46,049:Successfully computed HSC for P20340.
INFO:2025-10-30 14:37:46,049:Processing P20366 with model AF-P20366-F1-model_v4.pdb
INFO:2025-10-30 14:37:46,106:Computing HSC features for: P20366, ENST00000319273, ../Ntranos_Rotation/ESM-SaProt/AF-P20366-F1-model_v4.pdb.gz
INFO:2025-10-30 14:37:55,358:Successfully computed HSC for P20366.
INFO:2025-10-30 14:37:55,358:Processing P20382 with model AF-P20382-F1-model_v4.pdb
INFO:2025-10-30 14:37:55,410:Computing HSC features for: P20382, ENST00000329406, ../Ntranos_Rotation/ESM-SaProt/AF-P20382-F1-model_v4.pdb.gz
INFO:2025-10-30 14:38:11,880:Successfully computed HSC for P20382.
INFO:2025-10-30 14:38:11,880:Processing P20393 with model AF-P20393-F1-model_v4.pdb
INFO:2025-10-30 14:38:12,018:Computing HSC features for: P20393, ENST00000246672, ../Ntranos_Rotation/ESM-SaProt/AF-P20393-F1-model_v4.pdb.gz
INFO:2025-10-30 14:39:07,299:Successfully computed HSC for P20393.
INFO:2025-10-30 14:39:07,299:Processing P20396 with model AF-P20396-F1-model_v4.pdb
INFO:2025-10-30 14:39:07,598:Computing HSC features for: P20396, ENST00000302649, ../Ntranos_Rotation/ESM-SaProt/AF-P20396-F1-model_v4.pdb.gz
INFO:2025-10-30 14:39:27,752:Successfully computed HSC for P20396.
INFO:2025-10-30 14:39:27,753:Processing P20472 with model AF-P20472-F1-model_v4.pdb
INFO:2025-10-30 14:39:27,792:Computing HSC features for: P20472, ENST00000216200, ../Ntranos_Rotation/ESM-SaProt/AF-P20472-F1-model_v4.pdb.gz
INFO:2025-10-30 14:39:35,702:Successfully computed HSC for P20472.
INFO:2025-10-30 14:39:35,703:Processing P20585 with model AF-P20585-F1-model_v4.pdb
INFO:2025-10-30 14:39:35,822:Computing HSC features for: P20585, ENST00000265081, ../Ntranos_Rotation/ESM-SaProt/AF-P20585-F1-model_v4.pdb.gz
INFO:2025-10-30 14:40:43,815:Successfully computed HSC for P20585.
INFO:2025-10-30 14:40:43,815:Processing P20591 with model AF-P20591-F1-model_v4.pdb
INFO:2025-10-30 14:40:43,928:Computing HSC features for: P20591, ENST00000398598, ../Ntranos_Rotation/ESM-SaProt/AF-P20591-F1-model_v4.pdb.gz
INFO:2025-10-30 14:41:33,756:Successfully computed HSC for P20591.
INFO:2025-10-30 14:41:33,756:Processing P20592 with model AF-P20592-F1-model_v4.pdb
INFO:2025-10-30 14:41:33,879:Computing HSC features for: P20592, ENST00000330714, ../Ntranos_Rotation/ESM-SaProt/AF-P20592-F1-model_v4.pdb.gz
INFO:2025-10-30 14:42:30,877:Successfully computed HSC for P20592.
INFO:2025-10-30 14:42:30,877:Processing P20594 with model AF-P20594-F1-model_v4.pdb
INFO:2025-10-30 14:42:30,989:Computing HSC features for: P20594, ENST00000342694, ../Ntranos_Rotation/ESM-SaProt/AF-P20594-F1-model_v4.pdb.gz
INFO:2025-10-30 14:43:49,369:Successfully computed HSC for P20594.
INFO:2025-10-30 14:43:49,369:Processing P20618 with model AF-P20618-F1-model_v4.pdb
INFO:2025-10-30 14:43:49,434:Computing HSC features for: P20618, ENST00000262193, ../Ntranos_Rotation/ESM-SaProt/AF-P20618-F1-model_v4.pdb.gz
INFO:2025-10-30 14:44:06,239:Successfully computed HSC for P20618.
INFO:2025-10-30 14:44:06,239:Processing P20645 with model AF-P20645-F1-model_v4.pdb
INFO:2025-10-30 14:44:06,318:Computing HSC features for: P20645, ENST00000000412, ../Ntranos_Rotation/ESM-SaProt/AF-P20645-F1-model_v4.pdb.gz
INFO:2025-10-30 14:44:32,733:Successfully computed HSC for P20645.
INFO:2025-10-30 14:44:32,733:Processing P20648 with model AF-P20648-F1-model_v4.pdb
INFO:2025-10-30 14:44:32,905:Computing HSC features for: P20648, ENST00000262623, ../Ntranos_Rotation/ESM-SaProt/AF-P20648-F1-model_v4.pdb.gz
INFO:2025-10-30 14:46:10,566:Successfully computed HSC for P20648.
INFO:2025-10-30 14:46:10,566:Processing P20671 with model AF-P20671-F1-model_v4.pdb
INFO:2025-10-30 14:46:10,613:Computing HSC features for: P20671, ENST00000341023, ../Ntranos_Rotation/ESM-SaProt/AF-P20671-F1-model_v4.pdb.gz
INFO:2025-10-30 14:46:32,210:Successfully computed HSC for P20671.
INFO:2025-10-30 14:46:32,210:Processing P20674 with model AF-P20674-F1-model_v4.pdb
INFO:2025-10-30 14:46:32,267:Computing HSC features for: P20674, ENST00000322347, ../Ntranos_Rotation/ESM-SaProt/AF-P20674-F1-model_v4.pdb.gz
INFO:2025-10-30 14:46:45,109:Successfully computed HSC for P20674.
INFO:2025-10-30 14:46:45,109:Processing P20700 with model AF-P20700-F1-model_v4.pdb
INFO:2025-10-30 14:46:45,272:Computing HSC features for: P20700, ENST00000261366, ../Ntranos_Rotation/ESM-SaProt/AF-P20700-F1-model_v4.pdb.gz
INFO:2025-10-30 14:47:35,003:Successfully computed HSC for P20700.
INFO:2025-10-30 14:47:35,004:Processing P20701 with model AF-P20701-F1-model_v4.pdb
INFO:2025-10-30 14:47:35,147:Computing HSC features for: P20701, ENST00000356798, ../Ntranos_Rotation/ESM-SaProt/AF-P20701-F1-model_v4.pdb.gz
INFO:2025-10-30 14:49:02,661:Successfully computed HSC for P20701.
INFO:2025-10-30 14:49:02,661:Processing P20702 with model AF-P20702-F1-model_v4.pdb
INFO:2025-10-30 14:49:02,779:Computing HSC features for: P20702, ENST00000268296, ../Ntranos_Rotation/ESM-SaProt/AF-P20702-F1-model_v4.pdb.gz
INFO:2025-10-30 14:50:34,358:Successfully computed HSC for P20702.
INFO:2025-10-30 14:50:34,359:Processing P20711 with model AF-P20711-F1-model_v4.pdb
INFO:2025-10-30 14:50:34,441:Computing HSC features for: P20711, ENST00000357936, ../Ntranos_Rotation/ESM-SaProt/AF-P20711-F1-model_v4.pdb.gz
INFO:2025-10-30 14:51:10,588:Successfully computed HSC for P20711.
INFO:2025-10-30 14:51:10,588:Processing P20718 with model AF-P20718-F1-model_v4.pdb
INFO:2025-10-30 14:51:10,660:Computing HSC features for: P20718, ENST00000216338, ../Ntranos_Rotation/ESM-SaProt/AF-P20718-F1-model_v4.pdb.gz
INFO:2025-10-30 14:51:25,787:Successfully computed HSC for P20718.
INFO:2025-10-30 14:51:25,787:Processing P20719 with model AF-P20719-F1-model_v4.pdb
INFO:2025-10-30 14:51:25,864:Computing HSC features for: P20719, ENST00000222726, ../Ntranos_Rotation/ESM-SaProt/AF-P20719-F1-model_v4.pdb.gz
INFO:2025-10-30 14:51:55,230:Successfully computed HSC for P20719.
INFO:2025-10-30 14:51:55,230:Processing P20742 with model AF-P20742-F1-model_v4.pdb
INFO:2025-10-30 14:51:55,372:Computing HSC features for: P20742, ENST00000261336, ../Ntranos_Rotation/ESM-SaProt/AF-P20742-F1-model_v4.pdb.gz
INFO:2025-10-30 14:53:23,885:Successfully computed HSC for P20742.
INFO:2025-10-30 14:53:23,885:Processing P20749 with model AF-P20749-F1-model_v4.pdb
INFO:2025-10-30 14:53:23,967:Computing HSC features for: P20749, ENST00000164227, ../Ntranos_Rotation/ESM-SaProt/AF-P20749-F1-model_v4.pdb.gz
INFO:2025-10-30 14:54:16,216:Successfully computed HSC for P20749.
INFO:2025-10-30 14:54:16,217:Processing P20774 with model AF-P20774-F1-model_v4.pdb
ERROR:2025-10-30 14:54:16,272:No transcript record found for P20774 in gnomAD.
INFO:2025-10-30 14:54:16,272:Processing P20783 with model AF-P20783-F1-model_v4.pdb
INFO:2025-10-30 14:54:16,313:Computing HSC features for: P20783, ENST00000331010, ../Ntranos_Rotation/ESM-SaProt/AF-P20783-F1-model_v4.pdb.gz
INFO:2025-10-30 14:54:39,405:Successfully computed HSC for P20783.
INFO:2025-10-30 14:54:39,406:Processing P20794 with model AF-P20794-F1-model_v4.pdb
INFO:2025-10-30 14:54:39,476:Computing HSC features for: P20794, ENST00000313243, ../Ntranos_Rotation/ESM-SaProt/AF-P20794-F1-model_v4.pdb.gz
INFO:2025-10-30 14:55:16,263:Successfully computed HSC for P20794.
INFO:2025-10-30 14:55:16,263:Processing P20800 with model AF-P20800-F1-model_v4.pdb
INFO:2025-10-30 14:55:16,329:Computing HSC features for: P20800, ENST00000372587, ../Ntranos_Rotation/ESM-SaProt/AF-P20800-F1-model_v4.pdb.gz
INFO:2025-10-30 14:55:31,238:Successfully computed HSC for P20800.
INFO:2025-10-30 14:55:31,238:Pipeline completed.
INFO:2025-10-30 14:55:31,238:no_enst_for_uniprot: 0
INFO:2025-10-30 14:55:31,238:no_valid_cds: 0
INFO:2025-10-30 14:55:31,238:no_variant_data: 2
INFO:2025-10-30 14:55:31,238:bad_structure: 0
INFO:2025-10-30 14:55:31,238:no_enst_mp: 0
