INFO:2025-10-30 14:55:00,415:Starting HSC computation pipeline...
INFO:2025-10-30 14:55:41,808:Processing Q9NVM6 with model AF-Q9NVM6-F1-model_v4.pdb
INFO:2025-10-30 14:55:41,895:Computing HSC features for: Q9NVM6, ENST00000220496, ../Ntranos_Rotation/ESM-SaProt/AF-Q9NVM6-F1-model_v4.pdb.gz
INFO:2025-10-30 14:56:19,632:Successfully computed HSC for Q9NVM6.
INFO:2025-10-30 14:56:19,633:Processing Q9NVM9 with model AF-Q9NVM9-F1-model_v4.pdb
INFO:2025-10-30 14:56:19,766:Computing HSC features for: Q9NVM9, ENST00000261191, ../Ntranos_Rotation/ESM-SaProt/AF-Q9NVM9-F1-model_v4.pdb.gz
INFO:2025-10-30 14:57:27,679:Successfully computed HSC for Q9NVM9.
INFO:2025-10-30 14:57:27,679:Processing Q9NVN3 with model AF-Q9NVN3-F1-model_v4.pdb
INFO:2025-10-30 14:57:27,797:Computing HSC features for: Q9NVN3, ENST00000392839, ../Ntranos_Rotation/ESM-SaProt/AF-Q9NVN3-F1-model_v4.pdb.gz
INFO:2025-10-30 14:58:23,378:Successfully computed HSC for Q9NVN3.
INFO:2025-10-30 14:58:23,378:Processing Q9NVN8 with model AF-Q9NVN8-F1-model_v4.pdb
INFO:2025-10-30 14:58:23,492:Computing HSC features for: Q9NVN8, ENST00000336470, ../Ntranos_Rotation/ESM-SaProt/AF-Q9NVN8-F1-model_v4.pdb.gz
INFO:2025-10-30 14:59:29,725:Successfully computed HSC for Q9NVN8.
INFO:2025-10-30 14:59:29,725:Processing Q9NVP1 with model AF-Q9NVP1-F1-model_v4.pdb
INFO:2025-10-30 14:59:29,974:Computing HSC features for: Q9NVP1, ENST00000263239, ../Ntranos_Rotation/ESM-SaProt/AF-Q9NVP1-F1-model_v4.pdb.gz
INFO:2025-10-30 15:00:35,690:Successfully computed HSC for Q9NVP1.
INFO:2025-10-30 15:00:35,691:Processing Q9NVP2 with model AF-Q9NVP2-F1-model_v4.pdb
INFO:2025-10-30 15:00:35,766:Computing HSC features for: Q9NVP2, ENST00000263382, ../Ntranos_Rotation/ESM-SaProt/AF-Q9NVP2-F1-model_v4.pdb.gz
INFO:2025-10-30 15:01:09,853:Successfully computed HSC for Q9NVP2.
INFO:2025-10-30 15:01:09,853:Processing Q9NVP4 with model AF-Q9NVP4-F1-model_v4.pdb
INFO:2025-10-30 15:01:10,081:Computing HSC features for: Q9NVP4, ENST00000262547, ../Ntranos_Rotation/ESM-SaProt/AF-Q9NVP4-F1-model_v4.pdb.gz
INFO:2025-10-30 15:02:28,636:Successfully computed HSC for Q9NVP4.
INFO:2025-10-30 15:02:28,636:Processing Q9NVQ4 with model AF-Q9NVQ4-F1-model_v4.pdb
INFO:2025-10-30 15:02:28,860:Computing HSC features for: Q9NVQ4, ENST00000393034, ../Ntranos_Rotation/ESM-SaProt/AF-Q9NVQ4-F1-model_v4.pdb.gz
INFO:2025-10-30 15:02:49,609:Successfully computed HSC for Q9NVQ4.
INFO:2025-10-30 15:02:49,610:Processing Q9NVR0 with model AF-Q9NVR0-F1-model_v4.pdb
INFO:2025-10-30 15:02:49,747:Computing HSC features for: Q9NVR0, ENST00000319121, ../Ntranos_Rotation/ESM-SaProt/AF-Q9NVR0-F1-model_v4.pdb.gz
INFO:2025-10-30 15:04:33,919:Successfully computed HSC for Q9NVR0.
INFO:2025-10-30 15:04:33,919:Processing Q9NVR2 with model AF-Q9NVR2-F1-model_v4.pdb
INFO:2025-10-30 15:04:34,088:Computing HSC features for: Q9NVR2, ENST00000397977, ../Ntranos_Rotation/ESM-SaProt/AF-Q9NVR2-F1-model_v4.pdb.gz
INFO:2025-10-30 15:05:56,550:Successfully computed HSC for Q9NVR2.
INFO:2025-10-30 15:05:56,550:Processing Q9NU23 with model AF-Q9NU23-F1-model_v4.pdb
INFO:2025-10-30 15:05:56,616:Computing HSC features for: Q9NU23, ENST00000523377, ../Ntranos_Rotation/ESM-SaProt/AF-Q9NU23-F1-model_v4.pdb.gz
INFO:2025-10-30 15:06:07,180:Successfully computed HSC for Q9NU23.
INFO:2025-10-30 15:06:07,181:Processing Q9NU39 with model AF-Q9NU39-F1-model_v4.pdb
INFO:2025-10-30 15:06:07,451:Computing HSC features for: Q9NU39, ENST00000306507, ../Ntranos_Rotation/ESM-SaProt/AF-Q9NU39-F1-model_v4.pdb.gz
INFO:2025-10-30 15:07:30,356:Successfully computed HSC for Q9NU39.
INFO:2025-10-30 15:07:30,356:Processing Q9NU53 with model AF-Q9NU53-F1-model_v4.pdb
INFO:2025-10-30 15:07:30,425:Computing HSC features for: Q9NU53, ENST00000367419, ../Ntranos_Rotation/ESM-SaProt/AF-Q9NU53-F1-model_v4.pdb.gz
INFO:2025-10-30 15:08:08,166:Successfully computed HSC for Q9NU53.
INFO:2025-10-30 15:08:08,166:Processing Q9NU63 with model AF-Q9NU63-F1-model_v4.pdb
ERROR:2025-10-30 15:08:08,311:No transcript record found for Q9NU63 in gnomAD.
INFO:2025-10-30 15:08:08,311:Processing Q9NUA8 with model AF-Q9NUA8-F1-model_v4.pdb
INFO:2025-10-30 15:08:08,609:Computing HSC features for: Q9NUA8, ENST00000375647, ../Ntranos_Rotation/ESM-SaProt/AF-Q9NUA8-F1-model_v4.pdb.gz
INFO:2025-10-30 15:10:19,869:Successfully computed HSC for Q9NUA8.
INFO:2025-10-30 15:10:19,870:Processing Q9NUB1 with model AF-Q9NUB1-F1-model_v4.pdb
INFO:2025-10-30 15:10:20,030:Computing HSC features for: Q9NUB1, ENST00000323482, ../Ntranos_Rotation/ESM-SaProt/AF-Q9NUB1-F1-model_v4.pdb.gz
INFO:2025-10-30 15:12:04,030:Successfully computed HSC for Q9NUB1.
INFO:2025-10-30 15:12:04,030:Processing Q9NUB4 with model AF-Q9NUB4-F1-model_v4.pdb
INFO:2025-10-30 15:12:04,067:Computing HSC features for: Q9NUB4, ENST00000380589, ../Ntranos_Rotation/ESM-SaProt/AF-Q9NUB4-F1-model_v4.pdb.gz
INFO:2025-10-30 15:12:22,767:Successfully computed HSC for Q9NUB4.
INFO:2025-10-30 15:12:22,768:Processing Q9NUC0 with model AF-Q9NUC0-F1-model_v4.pdb
INFO:2025-10-30 15:12:22,827:Computing HSC features for: Q9NUC0, ENST00000367012, ../Ntranos_Rotation/ESM-SaProt/AF-Q9NUC0-F1-model_v4.pdb.gz
INFO:2025-10-30 15:12:58,198:Successfully computed HSC for Q9NUC0.
INFO:2025-10-30 15:12:58,198:Processing Q9NUD5 with model AF-Q9NUD5-F1-model_v4.pdb
ERROR:2025-10-30 15:12:58,263:No transcript record found for Q9NUD5 in gnomAD.
INFO:2025-10-30 15:12:58,263:Processing Q9NUD7 with model AF-Q9NUD7-F1-model_v4.pdb
INFO:2025-10-30 15:12:58,320:Computing HSC features for: Q9NUD7, ENST00000360321, ../Ntranos_Rotation/ESM-SaProt/AF-Q9NUD7-F1-model_v4.pdb.gz
INFO:2025-10-30 15:13:44,791:Successfully computed HSC for Q9NUD7.
INFO:2025-10-30 15:13:44,791:Processing Q9NUD9 with model AF-Q9NUD9-F1-model_v4.pdb
ERROR:2025-10-30 15:13:45,153:No transcript record found for Q9NUD9 in gnomAD.
INFO:2025-10-30 15:13:45,153:Processing Q9NUE0 with model AF-Q9NUE0-F1-model_v4.pdb
INFO:2025-10-30 15:13:45,282:Computing HSC features for: Q9NUE0, ENST00000374142, ../Ntranos_Rotation/ESM-SaProt/AF-Q9NUE0-F1-model_v4.pdb.gz
INFO:2025-10-30 15:14:59,151:Successfully computed HSC for Q9NUE0.
INFO:2025-10-30 15:14:59,151:Processing Q9NUG4 with model AF-Q9NUG4-F1-model_v4.pdb
INFO:2025-10-30 15:14:59,267:Computing HSC features for: Q9NUG4, ENST00000452892, ../Ntranos_Rotation/ESM-SaProt/AF-Q9NUG4-F1-model_v4.pdb.gz
INFO:2025-10-30 15:16:59,117:Successfully computed HSC for Q9NUG4.
INFO:2025-10-30 15:16:59,118:Processing Q9NUG6 with model AF-Q9NUG6-F1-model_v4.pdb
INFO:2025-10-30 15:16:59,166:Computing HSC features for: Q9NUG6, ENST00000202017, ../Ntranos_Rotation/ESM-SaProt/AF-Q9NUG6-F1-model_v4.pdb.gz
INFO:2025-10-30 15:17:19,140:Successfully computed HSC for Q9NUG6.
INFO:2025-10-30 15:17:19,141:Processing Q9NUH8 with model AF-Q9NUH8-F1-model_v4.pdb
INFO:2025-10-30 15:17:19,184:Computing HSC features for: Q9NUH8, ENST00000379542, ../Ntranos_Rotation/ESM-SaProt/AF-Q9NUH8-F1-model_v4.pdb.gz
INFO:2025-10-30 15:17:33,040:Successfully computed HSC for Q9NUH8.
INFO:2025-10-30 15:17:33,040:Processing Q9NUI1 with model AF-Q9NUI1-F1-model_v4.pdb
INFO:2025-10-30 15:17:33,105:Computing HSC features for: Q9NUI1, ENST00000219481, ../Ntranos_Rotation/ESM-SaProt/AF-Q9NUI1-F1-model_v4.pdb.gz
INFO:2025-10-30 15:18:29,954:Successfully computed HSC for Q9NUI1.
INFO:2025-10-30 15:18:29,954:Processing Q9NUJ1 with model AF-Q9NUJ1-F1-model_v4.pdb
INFO:2025-10-30 15:18:30,008:Computing HSC features for: Q9NUJ1, ENST00000273359, ../Ntranos_Rotation/ESM-SaProt/AF-Q9NUJ1-F1-model_v4.pdb.gz
INFO:2025-10-30 15:19:20,995:Successfully computed HSC for Q9NUJ1.
INFO:2025-10-30 15:19:20,995:Processing Q9NUJ3 with model AF-Q9NUJ3-F1-model_v4.pdb
INFO:2025-10-30 15:19:21,127:Computing HSC features for: Q9NUJ3, ENST00000334274, ../Ntranos_Rotation/ESM-SaProt/AF-Q9NUJ3-F1-model_v4.pdb.gz
INFO:2025-10-30 15:20:15,280:Successfully computed HSC for Q9NUJ3.
INFO:2025-10-30 15:20:15,280:Processing Q9NUJ7 with model AF-Q9NUJ7-F1-model_v4.pdb
ERROR:2025-10-30 15:20:15,347:No transcript record found for Q9NUJ7 in gnomAD.
INFO:2025-10-30 15:20:15,347:Processing Q9NUK0 with model AF-Q9NUK0-F1-model_v4.pdb
ERROR:2025-10-30 15:20:15,455:No transcript record found for Q9NUK0 in gnomAD.
INFO:2025-10-30 15:20:15,455:Processing Q9NUL3 with model AF-Q9NUL3-F1-model_v4.pdb
INFO:2025-10-30 15:20:15,610:Computing HSC features for: Q9NUL3, ENST00000524300, ../Ntranos_Rotation/ESM-SaProt/AF-Q9NUL3-F1-model_v4.pdb.gz
INFO:2025-10-30 15:21:14,323:Successfully computed HSC for Q9NUL3.
INFO:2025-10-30 15:21:14,323:Processing Q9NUL5 with model AF-Q9NUL5-F1-model_v4.pdb
INFO:2025-10-30 15:21:14,387:Computing HSC features for: Q9NUL5, ENST00000253110, ../Ntranos_Rotation/ESM-SaProt/AF-Q9NUL5-F1-model_v4.pdb.gz
INFO:2025-10-30 15:21:59,958:Successfully computed HSC for Q9NUL5.
INFO:2025-10-30 15:21:59,958:Processing Q9NUL7 with model AF-Q9NUL7-F1-model_v4.pdb
INFO:2025-10-30 15:22:00,078:Computing HSC features for: Q9NUL7, ENST00000332395, ../Ntranos_Rotation/ESM-SaProt/AF-Q9NUL7-F1-model_v4.pdb.gz
INFO:2025-10-30 15:23:25,426:Successfully computed HSC for Q9NUL7.
INFO:2025-10-30 15:23:25,426:Processing Q9NUM3 with model AF-Q9NUM3-F1-model_v4.pdb
INFO:2025-10-30 15:23:25,501:Computing HSC features for: Q9NUM3, ENST00000336643, ../Ntranos_Rotation/ESM-SaProt/AF-Q9NUM3-F1-model_v4.pdb.gz
INFO:2025-10-30 15:24:00,093:Successfully computed HSC for Q9NUM3.
INFO:2025-10-30 15:24:00,093:Processing Q9NUM4 with model AF-Q9NUM4-F1-model_v4.pdb
ERROR:2025-10-30 15:24:00,143:No transcript record found for Q9NUM4 in gnomAD.
INFO:2025-10-30 15:24:00,143:Processing Q9NUN5 with model AF-Q9NUN5-F1-model_v4.pdb
ERROR:2025-10-30 15:24:00,274:No transcript record found for Q9NUN5 in gnomAD.
INFO:2025-10-30 15:24:00,274:Processing Q9NUN7 with model AF-Q9NUN7-F1-model_v4.pdb
INFO:2025-10-30 15:24:00,332:Computing HSC features for: Q9NUN7, ENST00000532485, ../Ntranos_Rotation/ESM-SaProt/AF-Q9NUN7-F1-model_v4.pdb.gz
INFO:2025-10-30 15:24:31,210:Successfully computed HSC for Q9NUN7.
INFO:2025-10-30 15:24:31,211:Processing Q9NUP1 with model AF-Q9NUP1-F1-model_v4.pdb
INFO:2025-10-30 15:24:31,265:Computing HSC features for: Q9NUP1, ENST00000320776, ../Ntranos_Rotation/ESM-SaProt/AF-Q9NUP1-F1-model_v4.pdb.gz
INFO:2025-10-30 15:25:20,296:Successfully computed HSC for Q9NUP1.
INFO:2025-10-30 15:25:20,296:Processing Q9NUP7 with model AF-Q9NUP7-F1-model_v4.pdb
INFO:2025-10-30 15:25:20,410:Computing HSC features for: Q9NUP7, ENST00000370141, ../Ntranos_Rotation/ESM-SaProt/AF-Q9NUP7-F1-model_v4.pdb.gz
INFO:2025-10-30 15:26:09,705:Successfully computed HSC for Q9NUP7.
INFO:2025-10-30 15:26:09,705:Processing Q9NUP9 with model AF-Q9NUP9-F1-model_v4.pdb
INFO:2025-10-30 15:26:09,778:Computing HSC features for: Q9NUP9, ENST00000278193, ../Ntranos_Rotation/ESM-SaProt/AF-Q9NUP9-F1-model_v4.pdb.gz
INFO:2025-10-30 15:26:31,777:Successfully computed HSC for Q9NUP9.
INFO:2025-10-30 15:26:31,778:Processing Q9NUQ2 with model AF-Q9NUQ2-F1-model_v4.pdb
INFO:2025-10-30 15:26:31,839:Computing HSC features for: Q9NUQ2, ENST00000285518, ../Ntranos_Rotation/ESM-SaProt/AF-Q9NUQ2-F1-model_v4.pdb.gz
INFO:2025-10-30 15:27:18,635:Successfully computed HSC for Q9NUQ2.
INFO:2025-10-30 15:27:18,635:Processing Q9NUQ3 with model AF-Q9NUQ3-F1-model_v4.pdb
INFO:2025-10-30 15:27:18,720:Computing HSC features for: Q9NUQ3, ENST00000380122, ../Ntranos_Rotation/ESM-SaProt/AF-Q9NUQ3-F1-model_v4.pdb.gz
INFO:2025-10-30 15:28:19,506:Successfully computed HSC for Q9NUQ3.
INFO:2025-10-30 15:28:19,507:Processing Q9NUQ6 with model AF-Q9NUQ6-F1-model_v4.pdb
INFO:2025-10-30 15:28:19,673:Computing HSC features for: Q9NUQ6, ENST00000358677, ../Ntranos_Rotation/ESM-SaProt/AF-Q9NUQ6-F1-model_v4.pdb.gz
INFO:2025-10-30 15:29:23,040:Successfully computed HSC for Q9NUQ6.
INFO:2025-10-30 15:29:23,040:Processing Q9NUQ7 with model AF-Q9NUQ7-F1-model_v4.pdb
INFO:2025-10-30 15:29:23,121:Computing HSC features for: Q9NUQ7, ENST00000264689, ../Ntranos_Rotation/ESM-SaProt/AF-Q9NUQ7-F1-model_v4.pdb.gz
INFO:2025-10-30 15:30:08,291:Successfully computed HSC for Q9NUQ7.
INFO:2025-10-30 15:30:08,291:Processing Q9NUQ8 with model AF-Q9NUQ8-F1-model_v4.pdb
INFO:2025-10-30 15:30:08,400:Computing HSC features for: Q9NUQ8, ENST00000429586, ../Ntranos_Rotation/ESM-SaProt/AF-Q9NUQ8-F1-model_v4.pdb.gz
INFO:2025-10-30 15:31:43,880:Successfully computed HSC for Q9NUQ8.
INFO:2025-10-30 15:31:43,880:Processing Q9NUQ9 with model AF-Q9NUQ9-F1-model_v4.pdb
ERROR:2025-10-30 15:31:43,943:No transcript record found for Q9NUQ9 in gnomAD.
INFO:2025-10-30 15:31:43,944:Processing Q9NUR3 with model AF-Q9NUR3-F1-model_v4.pdb
INFO:2025-10-30 15:31:44,001:Computing HSC features for: Q9NUR3, ENST00000381894, ../Ntranos_Rotation/ESM-SaProt/AF-Q9NUR3-F1-model_v4.pdb.gz
INFO:2025-10-30 15:32:16,892:Successfully computed HSC for Q9NUR3.
INFO:2025-10-30 15:32:16,892:Processing Q9NUS5 with model AF-Q9NUS5-F1-model_v4.pdb
INFO:2025-10-30 15:32:16,988:Computing HSC features for: Q9NUS5, ENST00000246041, ../Ntranos_Rotation/ESM-SaProt/AF-Q9NUS5-F1-model_v4.pdb.gz
INFO:2025-10-30 15:32:47,977:Successfully computed HSC for Q9NUS5.
INFO:2025-10-30 15:32:47,977:Processing Q9NUT2 with model AF-Q9NUT2-F1-model_v4.pdb
INFO:2025-10-30 15:32:48,084:Computing HSC features for: Q9NUT2, ENST00000297504, ../Ntranos_Rotation/ESM-SaProt/AF-Q9NUT2-F1-model_v4.pdb.gz
INFO:2025-10-30 15:34:29,033:Successfully computed HSC for Q9NUT2.
INFO:2025-10-30 15:34:29,034:Processing Q9NUU6 with model AF-Q9NUU6-F1-model_v4.pdb
INFO:2025-10-30 15:34:29,094:Computing HSC features for: Q9NUU6, ENST00000274217, ../Ntranos_Rotation/ESM-SaProt/AF-Q9NUU6-F1-model_v4.pdb.gz
INFO:2025-10-30 15:35:04,466:Successfully computed HSC for Q9NUU6.
INFO:2025-10-30 15:35:04,467:Pipeline completed.
INFO:2025-10-30 15:35:04,467:no_enst_for_uniprot: 0
INFO:2025-10-30 15:35:04,467:no_valid_cds: 0
INFO:2025-10-30 15:35:04,467:no_variant_data: 8
INFO:2025-10-30 15:35:04,467:bad_structure: 0
INFO:2025-10-30 15:35:04,467:no_enst_mp: 0
