INFO:2025-10-30 14:26:02,863:Starting HSC computation pipeline...
INFO:2025-10-30 14:27:17,624:Processing Q16602 with model AF-Q16602-F1-model_v4.pdb
INFO:2025-10-30 14:27:17,725:Computing HSC features for: Q16602, ENST00000392370, ../Ntranos_Rotation/ESM-SaProt/AF-Q16602-F1-model_v4.pdb.gz
INFO:2025-10-30 14:28:04,373:Successfully computed HSC for Q16602.
INFO:2025-10-30 14:28:04,373:Processing Q16609 with model AF-Q16609-F1-model_v4.pdb
ERROR:2025-10-30 14:28:04,419:No ENST transcript IDs were mapped to Q16609
INFO:2025-10-30 14:28:04,419:Processing Q16610 with model AF-Q16610-F1-model_v4.pdb
INFO:2025-10-30 14:28:04,522:Computing HSC features for: Q16610, ENST00000369047, ../Ntranos_Rotation/ESM-SaProt/AF-Q16610-F1-model_v4.pdb.gz
INFO:2025-10-30 14:29:32,122:Successfully computed HSC for Q16610.
INFO:2025-10-30 14:29:32,122:Processing Q2M2W7 with model AF-Q2M2W7-F1-model_v4.pdb
ERROR:2025-10-30 14:29:32,162:No valid CDS found for Q2M2W7
INFO:2025-10-30 14:29:32,162:Processing Q2M2Z5 with model AF-Q2M2Z5-F1-model_v4.pdb
ERROR:2025-10-30 14:29:32,464:No transcript record found for Q2M2Z5 in gnomAD.
INFO:2025-10-30 14:29:32,464:Processing Q2M329 with model AF-Q2M329-F1-model_v4.pdb
INFO:2025-10-30 14:29:32,614:Computing HSC features for: Q2M329, ENST00000310085, ../Ntranos_Rotation/ESM-SaProt/AF-Q2M329-F1-model_v4.pdb.gz
INFO:2025-10-30 14:30:51,700:Successfully computed HSC for Q2M329.
INFO:2025-10-30 14:30:51,700:Processing Q2M385 with model AF-Q2M385-F1-model_v4.pdb
INFO:2025-10-30 14:30:51,889:Computing HSC features for: Q2M385, ENST00000361050, ../Ntranos_Rotation/ESM-SaProt/AF-Q2M385-F1-model_v4.pdb.gz
INFO:2025-10-30 14:32:12,286:Successfully computed HSC for Q2M385.
INFO:2025-10-30 14:32:12,286:Processing Q2M389 with model AF-Q2M389-F1-model_v4.pdb
INFO:2025-10-30 14:32:12,456:Computing HSC features for: Q2M389, ENST00000332180, ../Ntranos_Rotation/ESM-SaProt/AF-Q2M389-F1-model_v4.pdb.gz
INFO:2025-10-30 14:34:19,075:Successfully computed HSC for Q2M389.
INFO:2025-10-30 14:34:19,075:Processing Q2M3A8 with model AF-Q2M3A8-F1-model_v4.pdb
ERROR:2025-10-30 14:34:19,223:No ENST transcript IDs were mapped to Q2M3A8
INFO:2025-10-30 14:34:19,223:Processing Q2M3C6 with model AF-Q2M3C6-F1-model_v4.pdb
INFO:2025-10-30 14:34:19,514:Computing HSC features for: Q2M3C6, ENST00000388942, ../Ntranos_Rotation/ESM-SaProt/AF-Q2M3C6-F1-model_v4.pdb.gz
INFO:2025-10-30 14:35:28,801:Successfully computed HSC for Q2M3C6.
INFO:2025-10-30 14:35:28,801:Processing Q2M3C7 with model AF-Q2M3C7-F1-model_v4.pdb
INFO:2025-10-30 14:35:29,015:Computing HSC features for: Q2M3C7, ENST00000392056, ../Ntranos_Rotation/ESM-SaProt/AF-Q2M3C7-F1-model_v4.pdb.gz
INFO:2025-10-30 14:38:06,478:Successfully computed HSC for Q2M3C7.
INFO:2025-10-30 14:38:06,478:Processing Q2M3D2 with model AF-Q2M3D2-F1-model_v4.pdb
ERROR:2025-10-30 14:38:06,581:No ENST transcript IDs were mapped to Q2M3D2
INFO:2025-10-30 14:38:06,581:Processing Q2M3G0 with model AF-Q2M3G0-F1-model_v4.pdb
INFO:2025-10-30 14:38:06,843:Computing HSC features for: Q2M3G0, ENST00000404938, ../Ntranos_Rotation/ESM-SaProt/AF-Q2M3G0-F1-model_v4.pdb.gz
INFO:2025-10-30 14:40:37,328:Successfully computed HSC for Q2M3G0.
INFO:2025-10-30 14:40:37,328:Processing Q2M3G4 with model AF-Q2M3G4-F1-model_v4.pdb
INFO:2025-10-30 14:40:37,458:Computing HSC features for: Q2M3G4, ENST00000378679, ../Ntranos_Rotation/ESM-SaProt/AF-Q2M3G4-F1-model_v4.pdb.gz
INFO:2025-10-30 14:42:39,243:Successfully computed HSC for Q2M3G4.
INFO:2025-10-30 14:42:39,243:Processing Q2M3M2 with model AF-Q2M3M2-F1-model_v4.pdb
INFO:2025-10-30 14:42:39,394:Computing HSC features for: Q2M3M2, ENST00000438567, ../Ntranos_Rotation/ESM-SaProt/AF-Q2M3M2-F1-model_v4.pdb.gz
INFO:2025-10-30 14:43:53,048:Successfully computed HSC for Q2M3M2.
INFO:2025-10-30 14:43:53,048:Processing Q2M3R5 with model AF-Q2M3R5-F1-model_v4.pdb
INFO:2025-10-30 14:43:53,144:Computing HSC features for: Q2M3R5, ENST00000427197, ../Ntranos_Rotation/ESM-SaProt/AF-Q2M3R5-F1-model_v4.pdb.gz
INFO:2025-10-30 14:44:33,839:Successfully computed HSC for Q2M3R5.
INFO:2025-10-30 14:44:33,839:Processing Q2M3T9 with model AF-Q2M3T9-F1-model_v4.pdb
INFO:2025-10-30 14:44:34,075:Computing HSC features for: Q2M3T9, ENST00000223026, ../Ntranos_Rotation/ESM-SaProt/AF-Q2M3T9-F1-model_v4.pdb.gz
INFO:2025-10-30 14:45:40,361:Successfully computed HSC for Q2M3T9.
INFO:2025-10-30 14:45:40,361:Processing Q2M3V2 with model AF-Q2M3V2-F1-model_v4.pdb
INFO:2025-10-30 14:45:40,482:Computing HSC features for: Q2M3V2, ENST00000378693, ../Ntranos_Rotation/ESM-SaProt/AF-Q2M3V2-F1-model_v4.pdb.gz
INFO:2025-10-30 14:48:02,345:Successfully computed HSC for Q2M3V2.
INFO:2025-10-30 14:48:02,345:Processing Q2M3W8 with model AF-Q2M3W8-F1-model_v4.pdb
INFO:2025-10-30 14:48:02,500:Computing HSC features for: Q2M3W8, ENST00000492450, ../Ntranos_Rotation/ESM-SaProt/AF-Q2M3W8-F1-model_v4.pdb.gz
INFO:2025-10-30 14:49:11,007:Successfully computed HSC for Q2M3W8.
INFO:2025-10-30 14:49:11,007:Processing Q2M3X9 with model AF-Q2M3X9-F1-model_v4.pdb
INFO:2025-10-30 14:49:11,097:Computing HSC features for: Q2M3X9, ENST00000523374, ../Ntranos_Rotation/ESM-SaProt/AF-Q2M3X9-F1-model_v4.pdb.gz
INFO:2025-10-30 14:50:25,388:Successfully computed HSC for Q2M3X9.
INFO:2025-10-30 14:50:25,388:Processing Q2M5E4 with model AF-Q2M5E4-F1-model_v4.pdb
INFO:2025-10-30 14:50:25,442:Computing HSC features for: Q2M5E4, ENST00000417209, ../Ntranos_Rotation/ESM-SaProt/AF-Q2M5E4-F1-model_v4.pdb.gz
INFO:2025-10-30 14:50:46,203:Successfully computed HSC for Q2M5E4.
INFO:2025-10-30 14:50:46,203:Processing Q2MJR0 with model AF-Q2MJR0-F1-model_v4.pdb
ERROR:2025-10-30 14:50:46,303:No transcript record found for Q2MJR0 in gnomAD.
INFO:2025-10-30 14:50:46,303:Processing Q2MKA7 with model AF-Q2MKA7-F1-model_v4.pdb
INFO:2025-10-30 14:50:46,375:Computing HSC features for: Q2MKA7, ENST00000356545, ../Ntranos_Rotation/ESM-SaProt/AF-Q2MKA7-F1-model_v4.pdb.gz
INFO:2025-10-30 14:51:35,569:Successfully computed HSC for Q2MKA7.
INFO:2025-10-30 14:51:35,569:Processing Q2MV58 with model AF-Q2MV58-F1-model_v4.pdb
INFO:2025-10-30 14:51:35,706:Computing HSC features for: Q2MV58, ENST00000551590, ../Ntranos_Rotation/ESM-SaProt/AF-Q2MV58-F1-model_v4.pdb.gz
INFO:2025-10-30 14:52:31,581:Successfully computed HSC for Q2MV58.
INFO:2025-10-30 14:52:31,581:Processing Q2NKJ3 with model AF-Q2NKJ3-F1-model_v4.pdb
ERROR:2025-10-30 14:52:31,798:No transcript record found for Q2NKJ3 in gnomAD.
INFO:2025-10-30 14:52:31,798:Processing Q2NKQ1 with model AF-Q2NKQ1-F1-model_v4.pdb
INFO:2025-10-30 14:52:31,940:Computing HSC features for: Q2NKQ1, ENST00000400359, ../Ntranos_Rotation/ESM-SaProt/AF-Q2NKQ1-F1-model_v4.pdb.gz
INFO:2025-10-30 14:54:45,708:Successfully computed HSC for Q2NKQ1.
INFO:2025-10-30 14:54:45,708:Processing Q2NKX8 with model AF-Q2NKX8-F1-model_v4.pdb
INFO:2025-10-30 14:54:45,867:Computing HSC features for: Q2NKX8, ENST00000334463, ../Ntranos_Rotation/ESM-SaProt/AF-Q2NKX8-F1-model_v4.pdb.gz
INFO:2025-10-30 14:56:51,800:Successfully computed HSC for Q2NKX8.
INFO:2025-10-30 14:56:51,800:Processing Q2NKX9 with model AF-Q2NKX9-F1-model_v4.pdb
INFO:2025-10-30 14:56:51,840:Computing HSC features for: Q2NKX9, ENST00000306336, ../Ntranos_Rotation/ESM-SaProt/AF-Q2NKX9-F1-model_v4.pdb.gz
INFO:2025-10-30 14:57:15,154:Successfully computed HSC for Q2NKX9.
INFO:2025-10-30 14:57:15,154:Processing Q2NL67 with model AF-Q2NL67-F1-model_v4.pdb
INFO:2025-10-30 14:57:15,375:Computing HSC features for: Q2NL67, ENST00000287196, ../Ntranos_Rotation/ESM-SaProt/AF-Q2NL67-F1-model_v4.pdb.gz
INFO:2025-10-30 14:58:12,465:Successfully computed HSC for Q2NL67.
INFO:2025-10-30 14:58:12,466:Processing Q2NL68 with model AF-Q2NL68-F1-model_v4.pdb
INFO:2025-10-30 14:58:12,547:Computing HSC features for: Q2NL68, ENST00000396908, ../Ntranos_Rotation/ESM-SaProt/AF-Q2NL68-F1-model_v4.pdb.gz
INFO:2025-10-30 14:59:04,402:Successfully computed HSC for Q2NL68.
INFO:2025-10-30 14:59:04,403:Processing Q2NL82 with model AF-Q2NL82-F1-model_v4.pdb
INFO:2025-10-30 14:59:04,525:Computing HSC features for: Q2NL82, ENST00000301364, ../Ntranos_Rotation/ESM-SaProt/AF-Q2NL82-F1-model_v4.pdb.gz
INFO:2025-10-30 15:01:05,535:Successfully computed HSC for Q2NL82.
INFO:2025-10-30 15:01:05,535:Processing Q2NL98 with model AF-Q2NL98-F1-model_v4.pdb
ERROR:2025-10-30 15:01:05,627:No transcript record found for Q2NL98 in gnomAD.
INFO:2025-10-30 15:01:05,627:Processing Q2PPJ7 with model AF-Q2PPJ7-F1-model_v4.pdb
INFO:2025-10-30 15:01:06,110:Computing HSC features for: Q2PPJ7, ENST00000202677, ../Ntranos_Rotation/ESM-SaProt/AF-Q2PPJ7-F1-model_v4.pdb.gz
INFO:2025-10-30 15:04:18,686:Successfully computed HSC for Q2PPJ7.
INFO:2025-10-30 15:04:18,686:Processing Q2PZI1 with model AF-Q2PZI1-F1-model_v4.pdb
INFO:2025-10-30 15:04:18,815:Computing HSC features for: Q2PZI1, ENST00000310974, ../Ntranos_Rotation/ESM-SaProt/AF-Q2PZI1-F1-model_v4.pdb.gz
INFO:2025-10-30 15:05:41,996:Successfully computed HSC for Q2PZI1.
INFO:2025-10-30 15:05:41,996:Processing Q2Q1W2 with model AF-Q2Q1W2-F1-model_v4.pdb
ERROR:2025-10-30 15:05:42,375:No transcript record found for Q2Q1W2 in gnomAD.
INFO:2025-10-30 15:05:42,375:Processing Q2QD12 with model AF-Q2QD12-F1-model_v4.pdb
INFO:2025-10-30 15:05:42,437:Computing HSC features for: Q2QD12, ENST00000441178, ../Ntranos_Rotation/ESM-SaProt/AF-Q2QD12-F1-model_v4.pdb.gz
INFO:2025-10-30 15:06:16,625:Successfully computed HSC for Q2QD12.
INFO:2025-10-30 15:06:16,625:Processing Q2QGD7 with model AF-Q2QGD7-F1-model_v4.pdb
INFO:2025-10-30 15:06:16,805:Computing HSC features for: Q2QGD7, ENST00000389709, ../Ntranos_Rotation/ESM-SaProt/AF-Q2QGD7-F1-model_v4.pdb.gz
INFO:2025-10-30 15:08:57,404:Successfully computed HSC for Q2QGD7.
INFO:2025-10-30 15:08:57,404:Processing Q2QL34 with model AF-Q2QL34-F1-model_v4.pdb
INFO:2025-10-30 15:08:57,476:Computing HSC features for: Q2QL34, ENST00000396385, ../Ntranos_Rotation/ESM-SaProt/AF-Q2QL34-F1-model_v4.pdb.gz
INFO:2025-10-30 15:09:42,639:Successfully computed HSC for Q2QL34.
INFO:2025-10-30 15:09:42,639:Processing Q2T9J0 with model AF-Q2T9J0-F1-model_v4.pdb
INFO:2025-10-30 15:09:43,031:Computing HSC features for: Q2T9J0, ENST00000287078, ../Ntranos_Rotation/ESM-SaProt/AF-Q2T9J0-F1-model_v4.pdb.gz
INFO:2025-10-30 15:11:29,192:Successfully computed HSC for Q2T9J0.
INFO:2025-10-30 15:11:29,192:Processing Q2T9K0 with model AF-Q2T9K0-F1-model_v4.pdb
INFO:2025-10-30 15:11:29,267:Computing HSC features for: Q2T9K0, ENST00000392432, ../Ntranos_Rotation/ESM-SaProt/AF-Q2T9K0-F1-model_v4.pdb.gz
INFO:2025-10-30 15:12:30,092:Successfully computed HSC for Q2T9K0.
INFO:2025-10-30 15:12:30,092:Processing Q2T9L4 with model AF-Q2T9L4-F1-model_v4.pdb
INFO:2025-10-30 15:12:30,174:Computing HSC features for: Q2T9L4, ENST00000569673, ../Ntranos_Rotation/ESM-SaProt/AF-Q2T9L4-F1-model_v4.pdb.gz
INFO:2025-10-30 15:13:09,745:Successfully computed HSC for Q2T9L4.
INFO:2025-10-30 15:13:09,746:Processing Q2TAA2 with model AF-Q2TAA2-F1-model_v4.pdb
INFO:2025-10-30 15:13:09,793:Computing HSC features for: Q2TAA2, ENST00000497473, ../Ntranos_Rotation/ESM-SaProt/AF-Q2TAA2-F1-model_v4.pdb.gz
INFO:2025-10-30 15:13:34,053:Successfully computed HSC for Q2TAA2.
INFO:2025-10-30 15:13:34,053:Processing Q2TAA5 with model AF-Q2TAA5-F1-model_v4.pdb
INFO:2025-10-30 15:13:34,133:Computing HSC features for: Q2TAA5, ENST00000521508, ../Ntranos_Rotation/ESM-SaProt/AF-Q2TAA5-F1-model_v4.pdb.gz
INFO:2025-10-30 15:14:15,068:Successfully computed HSC for Q2TAA5.
INFO:2025-10-30 15:14:15,068:Processing Q2TAA8 with model AF-Q2TAA8-F1-model_v4.pdb
INFO:2025-10-30 15:14:15,167:Computing HSC features for: Q2TAA8, ENST00000388833, ../Ntranos_Rotation/ESM-SaProt/AF-Q2TAA8-F1-model_v4.pdb.gz
INFO:2025-10-30 15:15:21,614:Successfully computed HSC for Q2TAA8.
INFO:2025-10-30 15:15:21,614:Processing Q2TAC2 with model AF-Q2TAC2-F1-model_v4.pdb
INFO:2025-10-30 15:15:21,795:Computing HSC features for: Q2TAC2, ENST00000389641, ../Ntranos_Rotation/ESM-SaProt/AF-Q2TAC2-F1-model_v4.pdb.gz
INFO:2025-10-30 15:17:05,597:Successfully computed HSC for Q2TAC2.
INFO:2025-10-30 15:17:05,597:Processing Q2TAC6 with model AF-Q2TAC6-F1-model_v4.pdb
INFO:2025-10-30 15:17:05,727:Computing HSC features for: Q2TAC6, ENST00000389916, ../Ntranos_Rotation/ESM-SaProt/AF-Q2TAC6-F1-model_v4.pdb.gz
INFO:2025-10-30 15:19:25,151:Successfully computed HSC for Q2TAC6.
INFO:2025-10-30 15:19:25,151:Processing Q16763 with model AF-Q16763-F1-model_v4.pdb
INFO:2025-10-30 15:19:25,203:Computing HSC features for: Q16763, ENST00000264552, ../Ntranos_Rotation/ESM-SaProt/AF-Q16763-F1-model_v4.pdb.gz
INFO:2025-10-30 15:19:58,192:Successfully computed HSC for Q16763.
INFO:2025-10-30 15:19:58,192:Processing Q16769 with model AF-Q16769-F1-model_v4.pdb
INFO:2025-10-30 15:19:58,285:Computing HSC features for: Q16769, ENST00000338415, ../Ntranos_Rotation/ESM-SaProt/AF-Q16769-F1-model_v4.pdb.gz
INFO:2025-10-30 15:20:39,069:Successfully computed HSC for Q16769.
INFO:2025-10-30 15:20:39,069:Processing Q16772 with model AF-Q16772-F1-model_v4.pdb
INFO:2025-10-30 15:20:39,112:Computing HSC features for: Q16772, ENST00000211122, ../Ntranos_Rotation/ESM-SaProt/AF-Q16772-F1-model_v4.pdb.gz
INFO:2025-10-30 15:20:57,728:Successfully computed HSC for Q16772.
INFO:2025-10-30 15:20:57,728:Processing Q16773 with model AF-Q16773-F1-model_v4.pdb
INFO:2025-10-30 15:20:57,859:Computing HSC features for: Q16773, ENST00000302586, ../Ntranos_Rotation/ESM-SaProt/AF-Q16773-F1-model_v4.pdb.gz
INFO:2025-10-30 15:22:21,304:Successfully computed HSC for Q16773.
INFO:2025-10-30 15:22:21,304:Pipeline completed.
INFO:2025-10-30 15:22:21,304:no_enst_for_uniprot: 3
INFO:2025-10-30 15:22:21,304:no_valid_cds: 1
INFO:2025-10-30 15:22:21,304:no_variant_data: 5
INFO:2025-10-30 15:22:21,304:bad_structure: 0
INFO:2025-10-30 15:22:21,304:no_enst_mp: 0
