INFO:2025-10-30 14:26:03,163:Starting HSC computation pipeline...
INFO:2025-10-30 14:27:14,150:Processing Q7Z6J2 with model AF-Q7Z6J2-F1-model_v4.pdb
INFO:2025-10-30 14:27:14,284:Computing HSC features for: Q7Z6J2, ENST00000293662, ../Ntranos_Rotation/ESM-SaProt/AF-Q7Z6J2-F1-model_v4.pdb.gz
INFO:2025-10-30 14:28:07,161:Successfully computed HSC for Q7Z6J2.
INFO:2025-10-30 14:28:07,161:Processing Q7Z6J4 with model AF-Q7Z6J4-F1-model_v4.pdb
INFO:2025-10-30 14:28:07,262:Computing HSC features for: Q7Z6J4, ENST00000274963, ../Ntranos_Rotation/ESM-SaProt/AF-Q7Z6J4-F1-model_v4.pdb.gz
INFO:2025-10-30 14:29:04,078:Successfully computed HSC for Q7Z6J4.
INFO:2025-10-30 14:29:04,078:Processing Q7Z6J6 with model AF-Q7Z6J6-F1-model_v4.pdb
INFO:2025-10-30 14:29:04,157:Computing HSC features for: Q7Z6J6, ENST00000417257, ../Ntranos_Rotation/ESM-SaProt/AF-Q7Z6J6-F1-model_v4.pdb.gz
INFO:2025-10-30 14:29:45,684:Successfully computed HSC for Q7Z6J6.
INFO:2025-10-30 14:29:45,684:Processing Q7Z6J8 with model AF-Q7Z6J8-F1-model_v4.pdb
INFO:2025-10-30 14:29:45,762:Computing HSC features for: Q7Z6J8, ENST00000369747, ../Ntranos_Rotation/ESM-SaProt/AF-Q7Z6J8-F1-model_v4.pdb.gz
INFO:2025-10-30 14:30:13,237:Successfully computed HSC for Q7Z6J8.
INFO:2025-10-30 14:30:13,238:Processing Q7Z6J9 with model AF-Q7Z6J9-F1-model_v4.pdb
INFO:2025-10-30 14:30:13,352:Computing HSC features for: Q7Z6J9, ENST00000333213, ../Ntranos_Rotation/ESM-SaProt/AF-Q7Z6J9-F1-model_v4.pdb.gz
INFO:2025-10-30 14:31:08,751:Successfully computed HSC for Q7Z6J9.
INFO:2025-10-30 14:31:08,751:Processing Q7Z6K1 with model AF-Q7Z6K1-F1-model_v4.pdb
INFO:2025-10-30 14:31:08,878:Computing HSC features for: Q7Z6K1, ENST00000415914, ../Ntranos_Rotation/ESM-SaProt/AF-Q7Z6K1-F1-model_v4.pdb.gz
INFO:2025-10-30 14:31:44,576:Successfully computed HSC for Q7Z6K1.
INFO:2025-10-30 14:31:44,576:Processing Q7Z6K3 with model AF-Q7Z6K3-F1-model_v4.pdb
INFO:2025-10-30 14:31:44,788:Computing HSC features for: Q7Z6K3, ENST00000340434, ../Ntranos_Rotation/ESM-SaProt/AF-Q7Z6K3-F1-model_v4.pdb.gz
INFO:2025-10-30 14:32:28,540:Successfully computed HSC for Q7Z6K3.
INFO:2025-10-30 14:32:28,540:Processing Q7Z6K4 with model AF-Q7Z6K4-F1-model_v4.pdb
INFO:2025-10-30 14:32:28,732:Computing HSC features for: Q7Z6K4, ENST00000356628, ../Ntranos_Rotation/ESM-SaProt/AF-Q7Z6K4-F1-model_v4.pdb.gz
INFO:2025-10-30 14:32:47,183:Successfully computed HSC for Q7Z6K4.
INFO:2025-10-30 14:32:47,183:Processing Q7Z6K5 with model AF-Q7Z6K5-F1-model_v4.pdb
INFO:2025-10-30 14:32:47,247:Computing HSC features for: Q7Z6K5, ENST00000357484, ../Ntranos_Rotation/ESM-SaProt/AF-Q7Z6K5-F1-model_v4.pdb.gz
INFO:2025-10-30 14:33:10,643:Successfully computed HSC for Q7Z6K5.
INFO:2025-10-30 14:33:10,643:Processing Q7Z6L0 with model AF-Q7Z6L0-F1-model_v4.pdb
INFO:2025-10-30 14:33:10,709:Computing HSC features for: Q7Z6L0, ENST00000358758, ../Ntranos_Rotation/ESM-SaProt/AF-Q7Z6L0-F1-model_v4.pdb.gz
INFO:2025-10-30 14:33:35,199:Successfully computed HSC for Q7Z6L0.
INFO:2025-10-30 14:33:35,199:Processing Q7Z6L1 with model AF-Q7Z6L1-F1-model_v4.pdb
INFO:2025-10-30 14:33:35,346:Computing HSC features for: Q7Z6L1, ENST00000447648, ../Ntranos_Rotation/ESM-SaProt/AF-Q7Z6L1-F1-model_v4.pdb.gz
INFO:2025-10-30 14:35:48,177:Successfully computed HSC for Q7Z6L1.
INFO:2025-10-30 14:35:48,177:Processing Q7Z6M1 with model AF-Q7Z6M1-F1-model_v4.pdb
INFO:2025-10-30 14:35:48,282:Computing HSC features for: Q7Z6M1, ENST00000373538, ../Ntranos_Rotation/ESM-SaProt/AF-Q7Z6M1-F1-model_v4.pdb.gz
INFO:2025-10-30 14:36:11,768:Successfully computed HSC for Q7Z6M1.
INFO:2025-10-30 14:36:11,769:Processing Q7Z6M2 with model AF-Q7Z6M2-F1-model_v4.pdb
INFO:2025-10-30 14:36:11,888:Computing HSC features for: Q7Z6M2, ENST00000298097, ../Ntranos_Rotation/ESM-SaProt/AF-Q7Z6M2-F1-model_v4.pdb.gz
INFO:2025-10-30 14:36:57,735:Successfully computed HSC for Q7Z6M2.
INFO:2025-10-30 14:36:57,735:Processing Q7Z6M3 with model AF-Q7Z6M3-F1-model_v4.pdb
ERROR:2025-10-30 14:36:57,836:No transcript record found for Q7Z6M3 in gnomAD.
INFO:2025-10-30 14:36:57,836:Processing Q7Z6M4 with model AF-Q7Z6M4-F1-model_v4.pdb
INFO:2025-10-30 14:36:57,909:Computing HSC features for: Q7Z6M4, ENST00000391980, ../Ntranos_Rotation/ESM-SaProt/AF-Q7Z6M4-F1-model_v4.pdb.gz
INFO:2025-10-30 14:37:27,742:Successfully computed HSC for Q7Z6M4.
INFO:2025-10-30 14:37:27,742:Processing Q7Z6P3 with model AF-Q7Z6P3-F1-model_v4.pdb
ERROR:2025-10-30 14:37:27,854:No transcript record found for Q7Z6P3 in gnomAD.
INFO:2025-10-30 14:37:27,854:Processing Q7Z6R9 with model AF-Q7Z6R9-F1-model_v4.pdb
INFO:2025-10-30 14:37:27,934:Computing HSC features for: Q7Z6R9, ENST00000008391, ../Ntranos_Rotation/ESM-SaProt/AF-Q7Z6R9-F1-model_v4.pdb.gz
INFO:2025-10-30 14:38:01,375:Successfully computed HSC for Q7Z6R9.
INFO:2025-10-30 14:38:01,376:Processing Q7Z6V5 with model AF-Q7Z6V5-F1-model_v4.pdb
INFO:2025-10-30 14:38:01,435:Computing HSC features for: Q7Z6V5, ENST00000237283, ../Ntranos_Rotation/ESM-SaProt/AF-Q7Z6V5-F1-model_v4.pdb.gz
INFO:2025-10-30 14:38:27,978:Successfully computed HSC for Q7Z6V5.
INFO:2025-10-30 14:38:27,978:Processing Q7Z6W1 with model AF-Q7Z6W1-F1-model_v4.pdb
INFO:2025-10-30 14:38:28,019:Computing HSC features for: Q7Z6W1, ENST00000372766, ../Ntranos_Rotation/ESM-SaProt/AF-Q7Z6W1-F1-model_v4.pdb.gz
INFO:2025-10-30 14:38:41,683:Successfully computed HSC for Q7Z6W1.
INFO:2025-10-30 14:38:41,684:Processing Q7Z6W7 with model AF-Q7Z6W7-F1-model_v4.pdb
INFO:2025-10-30 14:38:41,771:Computing HSC features for: Q7Z6W7, ENST00000307221, ../Ntranos_Rotation/ESM-SaProt/AF-Q7Z6W7-F1-model_v4.pdb.gz
INFO:2025-10-30 14:39:00,372:Successfully computed HSC for Q7Z6W7.
INFO:2025-10-30 14:39:00,372:Processing Q7Z6Z6 with model AF-Q7Z6Z6-F1-model_v4.pdb
INFO:2025-10-30 14:39:00,457:Computing HSC features for: Q7Z6Z6, ENST00000216177, ../Ntranos_Rotation/ESM-SaProt/AF-Q7Z6Z6-F1-model_v4.pdb.gz
INFO:2025-10-30 14:39:41,026:Successfully computed HSC for Q7Z6Z6.
INFO:2025-10-30 14:39:41,026:Processing Q7Z6Z7 with model AF-Q7Z6Z7-F1-model_v4.pdb
ERROR:2025-10-30 14:39:41,253:No valid CDS found for Q7Z6Z7
INFO:2025-10-30 14:39:41,253:Processing Q7Z713 with model AF-Q7Z713-F1-model_v4.pdb
INFO:2025-10-30 14:39:41,297:Computing HSC features for: Q7Z713, ENST00000335174, ../Ntranos_Rotation/ESM-SaProt/AF-Q7Z713-F1-model_v4.pdb.gz
INFO:2025-10-30 14:39:54,623:Successfully computed HSC for Q7Z713.
INFO:2025-10-30 14:39:54,623:Processing Q7Z736 with model AF-Q7Z736-F1-model_v4.pdb
INFO:2025-10-30 14:39:54,787:Computing HSC features for: Q7Z736, ENST00000591022, ../Ntranos_Rotation/ESM-SaProt/AF-Q7Z736-F1-model_v4.pdb.gz
INFO:2025-10-30 14:41:28,143:Successfully computed HSC for Q7Z736.
INFO:2025-10-30 14:41:28,143:Processing Q7Z739 with model AF-Q7Z739-F1-model_v4.pdb
INFO:2025-10-30 14:41:28,276:Computing HSC features for: Q7Z739, ENST00000539294, ../Ntranos_Rotation/ESM-SaProt/AF-Q7Z739-F1-model_v4.pdb.gz
INFO:2025-10-30 14:42:04,681:Successfully computed HSC for Q7Z739.
INFO:2025-10-30 14:42:04,681:Processing Q7Z745 with model AF-Q7Z745-F1-model_v4.pdb
INFO:2025-10-30 14:42:04,948:Computing HSC features for: Q7Z745, ENST00000399564, ../Ntranos_Rotation/ESM-SaProt/AF-Q7Z745-F1-model_v4.pdb.gz
INFO:2025-10-30 14:43:43,317:Successfully computed HSC for Q7Z745.
INFO:2025-10-30 14:43:43,318:Processing Q7Z769 with model AF-Q7Z769-F1-model_v4.pdb
INFO:2025-10-30 14:43:43,391:Computing HSC features for: Q7Z769, ENST00000398004, ../Ntranos_Rotation/ESM-SaProt/AF-Q7Z769-F1-model_v4.pdb.gz
INFO:2025-10-30 14:44:06,278:Successfully computed HSC for Q7Z769.
INFO:2025-10-30 14:44:06,279:Processing Q7Z794 with model AF-Q7Z794-F1-model_v4.pdb
INFO:2025-10-30 14:44:06,354:Computing HSC features for: Q7Z794, ENST00000341809, ../Ntranos_Rotation/ESM-SaProt/AF-Q7Z794-F1-model_v4.pdb.gz
INFO:2025-10-30 14:44:52,757:Successfully computed HSC for Q7Z794.
INFO:2025-10-30 14:44:52,757:Processing Q7Z7A1 with model AF-Q7Z7A1-F1-model_v4.pdb
INFO:2025-10-30 14:44:53,001:Computing HSC features for: Q7Z7A1, ENST00000373855, ../Ntranos_Rotation/ESM-SaProt/AF-Q7Z7A1-F1-model_v4.pdb.gz
INFO:2025-10-30 14:46:58,843:Successfully computed HSC for Q7Z7A1.
INFO:2025-10-30 14:46:58,843:Processing Q7Z7A3 with model AF-Q7Z7A3-F1-model_v4.pdb
INFO:2025-10-30 14:46:58,910:Computing HSC features for: Q7Z7A3, ENST00000421832, ../Ntranos_Rotation/ESM-SaProt/AF-Q7Z7A3-F1-model_v4.pdb.gz
INFO:2025-10-30 14:47:58,936:Successfully computed HSC for Q7Z7A3.
INFO:2025-10-30 14:47:58,937:Processing Q7Z7A4 with model AF-Q7Z7A4-F1-model_v4.pdb
INFO:2025-10-30 14:47:59,006:Computing HSC features for: Q7Z7A4, ENST00000356151, ../Ntranos_Rotation/ESM-SaProt/AF-Q7Z7A4-F1-model_v4.pdb.gz
INFO:2025-10-30 14:48:36,463:Successfully computed HSC for Q7Z7A4.
INFO:2025-10-30 14:48:36,463:Processing Q7Z7B0 with model AF-Q7Z7B0-F1-model_v4.pdb
INFO:2025-10-30 14:48:36,682:Computing HSC features for: Q7Z7B0, ENST00000237172, ../Ntranos_Rotation/ESM-SaProt/AF-Q7Z7B0-F1-model_v4.pdb.gz
INFO:2025-10-30 14:49:49,475:Successfully computed HSC for Q7Z7B0.
INFO:2025-10-30 14:49:49,475:Processing Q7Z7B1 with model AF-Q7Z7B1-F1-model_v4.pdb
ERROR:2025-10-30 14:49:49,609:No transcript record found for Q7Z7B1 in gnomAD.
INFO:2025-10-30 14:49:49,609:Processing Q7Z7B7 with model AF-Q7Z7B7-F1-model_v4.pdb
INFO:2025-10-30 14:49:49,659:Computing HSC features for: Q7Z7B7, ENST00000382376, ../Ntranos_Rotation/ESM-SaProt/AF-Q7Z7B7-F1-model_v4.pdb.gz
INFO:2025-10-30 14:49:58,033:Successfully computed HSC for Q7Z7B7.
INFO:2025-10-30 14:49:58,033:Processing Q7Z7B8 with model AF-Q7Z7B8-F1-model_v4.pdb
INFO:2025-10-30 14:49:58,067:Computing HSC features for: Q7Z7B8, ENST00000334391, ../Ntranos_Rotation/ESM-SaProt/AF-Q7Z7B8-F1-model_v4.pdb.gz
INFO:2025-10-30 14:50:03,030:Successfully computed HSC for Q7Z7B8.
INFO:2025-10-30 14:50:03,030:Processing Q7Z7C7 with model AF-Q7Z7C7-F1-model_v4.pdb
INFO:2025-10-30 14:50:03,353:Computing HSC features for: Q7Z7C7, ENST00000275764, ../Ntranos_Rotation/ESM-SaProt/AF-Q7Z7C7-F1-model_v4.pdb.gz
INFO:2025-10-30 14:50:36,993:Successfully computed HSC for Q7Z7C7.
INFO:2025-10-30 14:50:36,993:Processing Q7Z7C8 with model AF-Q7Z7C8-F1-model_v4.pdb
INFO:2025-10-30 14:50:37,047:Computing HSC features for: Q7Z7C8, ENST00000372977, ../Ntranos_Rotation/ESM-SaProt/AF-Q7Z7C8-F1-model_v4.pdb.gz
INFO:2025-10-30 14:51:01,563:Successfully computed HSC for Q7Z7C8.
INFO:2025-10-30 14:51:01,563:Processing Q7Z7D3 with model AF-Q7Z7D3-F1-model_v4.pdb
INFO:2025-10-30 14:51:01,623:Computing HSC features for: Q7Z7D3, ENST00000369458, ../Ntranos_Rotation/ESM-SaProt/AF-Q7Z7D3-F1-model_v4.pdb.gz
INFO:2025-10-30 14:51:31,575:Successfully computed HSC for Q7Z7D3.
INFO:2025-10-30 14:51:31,576:Processing Q7Z7E8 with model AF-Q7Z7E8-F1-model_v4.pdb
INFO:2025-10-30 14:51:31,657:Computing HSC features for: Q7Z7E8, ENST00000292211, ../Ntranos_Rotation/ESM-SaProt/AF-Q7Z7E8-F1-model_v4.pdb.gz
INFO:2025-10-30 14:52:03,712:Successfully computed HSC for Q7Z7E8.
INFO:2025-10-30 14:52:03,712:Processing Q7Z7F0 with model AF-Q7Z7F0-F1-model_v4.pdb
INFO:2025-10-30 14:52:03,817:Computing HSC features for: Q7Z7F0, ENST00000368321, ../Ntranos_Rotation/ESM-SaProt/AF-Q7Z7F0-F1-model_v4.pdb.gz
INFO:2025-10-30 14:52:43,407:Successfully computed HSC for Q7Z7F0.
INFO:2025-10-30 14:52:43,407:Processing Q7Z7F7 with model AF-Q7Z7F7-F1-model_v4.pdb
INFO:2025-10-30 14:52:43,456:Computing HSC features for: Q7Z7F7, ENST00000295008, ../Ntranos_Rotation/ESM-SaProt/AF-Q7Z7F7-F1-model_v4.pdb.gz
INFO:2025-10-30 14:52:55,750:Successfully computed HSC for Q7Z7F7.
INFO:2025-10-30 14:52:55,751:Processing Q7Z7G0 with model AF-Q7Z7G0-F1-model_v4.pdb
ERROR:2025-10-30 14:52:55,936:No valid CDS found for Q7Z7G0
INFO:2025-10-30 14:52:55,936:Processing Q7Z7G1 with model AF-Q7Z7G1-F1-model_v4.pdb
INFO:2025-10-30 14:52:56,063:Computing HSC features for: Q7Z7G1, ENST00000226951, ../Ntranos_Rotation/ESM-SaProt/AF-Q7Z7G1-F1-model_v4.pdb.gz
INFO:2025-10-30 14:53:22,108:Successfully computed HSC for Q7Z7G1.
INFO:2025-10-30 14:53:22,108:Processing Q7Z7G2 with model AF-Q7Z7G2-F1-model_v4.pdb
INFO:2025-10-30 14:53:22,159:Computing HSC features for: Q7Z7G2, ENST00000299721, ../Ntranos_Rotation/ESM-SaProt/AF-Q7Z7G2-F1-model_v4.pdb.gz
INFO:2025-10-30 14:53:30,486:Successfully computed HSC for Q7Z7G2.
INFO:2025-10-30 14:53:30,487:Processing Q7Z7G8 with model AF-Q7Z7G8-F1-model_v4.pdb
ERROR:2025-10-30 14:53:30,639:No valid CDS found for Q7Z7G8
INFO:2025-10-30 14:53:30,639:Processing Q7Z7J7 with model AF-Q7Z7J7-F1-model_v4.pdb
INFO:2025-10-30 14:53:30,695:Computing HSC features for: Q7Z7J7, ENST00000287585, ../Ntranos_Rotation/ESM-SaProt/AF-Q7Z7J7-F1-model_v4.pdb.gz
INFO:2025-10-30 14:53:54,961:Successfully computed HSC for Q7Z7J7.
INFO:2025-10-30 14:53:54,961:Processing Q86U02 with model AF-Q86U02-F1-model_v4.pdb
ERROR:2025-10-30 14:53:55,000:No ENST transcript IDs were mapped to Q86U02
INFO:2025-10-30 14:53:55,000:Processing Q86U06 with model AF-Q86U06-F1-model_v4.pdb
INFO:2025-10-30 14:53:55,146:Computing HSC features for: Q86U06, ENST00000359890, ../Ntranos_Rotation/ESM-SaProt/AF-Q86U06-F1-model_v4.pdb.gz
INFO:2025-10-30 14:54:30,345:Successfully computed HSC for Q86U06.
INFO:2025-10-30 14:54:30,345:Processing Q86U10 with model AF-Q86U10-F1-model_v4.pdb
INFO:2025-10-30 14:54:30,440:Computing HSC features for: Q86U10, ENST00000551177, ../Ntranos_Rotation/ESM-SaProt/AF-Q86U10-F1-model_v4.pdb.gz
INFO:2025-10-30 14:55:23,280:Successfully computed HSC for Q86U10.
INFO:2025-10-30 14:55:23,280:Processing Q86SQ9 with model AF-Q86SQ9-F1-model_v4.pdb
ERROR:2025-10-30 14:55:23,362:No transcript record found for Q86SQ9 in gnomAD.
INFO:2025-10-30 14:55:23,362:Pipeline completed.
INFO:2025-10-30 14:55:23,362:no_enst_for_uniprot: 1
INFO:2025-10-30 14:55:23,363:no_valid_cds: 3
INFO:2025-10-30 14:55:23,363:no_variant_data: 4
INFO:2025-10-30 14:55:23,363:bad_structure: 0
INFO:2025-10-30 14:55:23,363:no_enst_mp: 0
