INFO:2025-10-30 14:59:04,170:Starting HSC computation pipeline...
INFO:2025-10-30 15:00:02,708:Processing Q9P0S2 with model AF-Q9P0S2-F1-model_v4.pdb
INFO:2025-10-30 15:00:02,909:Computing HSC features for: Q9P0S2, ENST00000389912, ../Ntranos_Rotation/ESM-SaProt/AF-Q9P0S2-F1-model_v4.pdb.gz
INFO:2025-10-30 15:00:15,449:Successfully computed HSC for Q9P0S2.
INFO:2025-10-30 15:00:15,449:Processing Q9P0S3 with model AF-Q9P0S3-F1-model_v4.pdb
INFO:2025-10-30 15:00:15,922:Computing HSC features for: Q9P0S3, ENST00000325795, ../Ntranos_Rotation/ESM-SaProt/AF-Q9P0S3-F1-model_v4.pdb.gz
INFO:2025-10-30 15:00:34,318:Successfully computed HSC for Q9P0S3.
INFO:2025-10-30 15:00:34,318:Processing Q9P0S9 with model AF-Q9P0S9-F1-model_v4.pdb
INFO:2025-10-30 15:00:34,382:Computing HSC features for: Q9P0S9, ENST00000229563, ../Ntranos_Rotation/ESM-SaProt/AF-Q9P0S9-F1-model_v4.pdb.gz
INFO:2025-10-30 15:00:48,622:Successfully computed HSC for Q9P0S9.
INFO:2025-10-30 15:00:48,623:Processing Q9P0T4 with model AF-Q9P0T4-F1-model_v4.pdb
INFO:2025-10-30 15:00:48,717:Computing HSC features for: Q9P0T4, ENST00000270451, ../Ntranos_Rotation/ESM-SaProt/AF-Q9P0T4-F1-model_v4.pdb.gz
INFO:2025-10-30 15:01:21,759:Successfully computed HSC for Q9P0T4.
INFO:2025-10-30 15:01:21,759:Processing Q9P0T7 with model AF-Q9P0T7-F1-model_v4.pdb
INFO:2025-10-30 15:01:21,903:Computing HSC features for: Q9P0T7, ENST00000367330, ../Ntranos_Rotation/ESM-SaProt/AF-Q9P0T7-F1-model_v4.pdb.gz
INFO:2025-10-30 15:01:39,558:Successfully computed HSC for Q9P0T7.
INFO:2025-10-30 15:01:39,558:Processing Q9P0U1 with model AF-Q9P0U1-F1-model_v4.pdb
INFO:2025-10-30 15:01:39,598:Computing HSC features for: Q9P0U1, ENST00000358435, ../Ntranos_Rotation/ESM-SaProt/AF-Q9P0U1-F1-model_v4.pdb.gz
INFO:2025-10-30 15:01:44,794:Successfully computed HSC for Q9P0U1.
INFO:2025-10-30 15:01:44,794:Processing Q9P0U3 with model AF-Q9P0U3-F1-model_v4.pdb
INFO:2025-10-30 15:01:44,952:Computing HSC features for: Q9P0U3, ENST00000549518, ../Ntranos_Rotation/ESM-SaProt/AF-Q9P0U3-F1-model_v4.pdb.gz
INFO:2025-10-30 15:02:30,625:Successfully computed HSC for Q9P0U3.
INFO:2025-10-30 15:02:30,625:Processing Q9P0U4 with model AF-Q9P0U4-F1-model_v4.pdb
INFO:2025-10-30 15:02:30,743:Computing HSC features for: Q9P0U4, ENST00000285106, ../Ntranos_Rotation/ESM-SaProt/AF-Q9P0U4-F1-model_v4.pdb.gz
INFO:2025-10-30 15:03:32,667:Successfully computed HSC for Q9P0U4.
INFO:2025-10-30 15:03:32,667:Processing Q9P0V3 with model AF-Q9P0V3-F1-model_v4.pdb
INFO:2025-10-30 15:03:32,893:Computing HSC features for: Q9P0V3, ENST00000344528, ../Ntranos_Rotation/ESM-SaProt/AF-Q9P0V3-F1-model_v4.pdb.gz
INFO:2025-10-30 15:05:02,772:Successfully computed HSC for Q9P0V3.
INFO:2025-10-30 15:05:02,772:Processing Q9P0V8 with model AF-Q9P0V8-F1-model_v4.pdb
INFO:2025-10-30 15:05:02,855:Computing HSC features for: Q9P0V8, ENST00000289707, ../Ntranos_Rotation/ESM-SaProt/AF-Q9P0V8-F1-model_v4.pdb.gz
INFO:2025-10-30 15:05:26,559:Successfully computed HSC for Q9P0V8.
INFO:2025-10-30 15:05:26,559:Processing Q9P0V9 with model AF-Q9P0V9-F1-model_v4.pdb
INFO:2025-10-30 15:05:26,646:Computing HSC features for: Q9P0V9, ENST00000397712, ../Ntranos_Rotation/ESM-SaProt/AF-Q9P0V9-F1-model_v4.pdb.gz
INFO:2025-10-30 15:06:12,232:Successfully computed HSC for Q9P0V9.
INFO:2025-10-30 15:06:12,232:Processing Q9P0W0 with model AF-Q9P0W0-F1-model_v4.pdb
INFO:2025-10-30 15:06:12,566:Computing HSC features for: Q9P0W0, ENST00000276943, ../Ntranos_Rotation/ESM-SaProt/AF-Q9P0W0-F1-model_v4.pdb.gz
INFO:2025-10-30 15:06:27,062:Successfully computed HSC for Q9P0W0.
INFO:2025-10-30 15:06:27,062:Processing Q9P0W2 with model AF-Q9P0W2-F1-model_v4.pdb
INFO:2025-10-30 15:06:27,170:Computing HSC features for: Q9P0W2, ENST00000333651, ../Ntranos_Rotation/ESM-SaProt/AF-Q9P0W2-F1-model_v4.pdb.gz
INFO:2025-10-30 15:07:11,118:Successfully computed HSC for Q9P0W2.
INFO:2025-10-30 15:07:11,118:Processing Q9P0W8 with model AF-Q9P0W8-F1-model_v4.pdb
INFO:2025-10-30 15:07:11,230:Computing HSC features for: Q9P0W8, ENST00000393545, ../Ntranos_Rotation/ESM-SaProt/AF-Q9P0W8-F1-model_v4.pdb.gz
INFO:2025-10-30 15:07:45,481:Successfully computed HSC for Q9P0W8.
INFO:2025-10-30 15:07:45,481:Processing Q9P0X4 with model AF-Q9P0X4-F1-model_v4.pdb
INFO:2025-10-30 15:07:45,810:Computing HSC features for: Q9P0X4, ENST00000402142, ../Ntranos_Rotation/ESM-SaProt/AF-Q9P0X4-F1-model_v4.pdb.gz
INFO:2025-10-30 15:12:00,850:Successfully computed HSC for Q9P0X4.
INFO:2025-10-30 15:12:00,850:Processing Q9P0Z9 with model AF-Q9P0Z9-F1-model_v4.pdb
INFO:2025-10-30 15:12:00,986:Computing HSC features for: Q9P0Z9, ENST00000323372, ../Ntranos_Rotation/ESM-SaProt/AF-Q9P0Z9-F1-model_v4.pdb.gz
INFO:2025-10-30 15:12:32,736:Successfully computed HSC for Q9P0Z9.
INFO:2025-10-30 15:12:32,736:Processing Q9P104 with model AF-Q9P104-F1-model_v4.pdb
INFO:2025-10-30 15:12:33,961:Computing HSC features for: Q9P104, ENST00000262593, ../Ntranos_Rotation/ESM-SaProt/AF-Q9P104-F1-model_v4.pdb.gz
INFO:2025-10-30 15:12:59,022:Successfully computed HSC for Q9P104.
INFO:2025-10-30 15:12:59,023:Processing Q9P107 with model AF-Q9P107-F1-model_v4.pdb
INFO:2025-10-30 15:12:59,199:Computing HSC features for: Q9P107, ENST00000203556, ../Ntranos_Rotation/ESM-SaProt/AF-Q9P107-F1-model_v4.pdb.gz
INFO:2025-10-30 15:14:28,430:Successfully computed HSC for Q9P107.
INFO:2025-10-30 15:14:28,431:Processing Q9P109 with model AF-Q9P109-F1-model_v4.pdb
INFO:2025-10-30 15:14:28,540:Computing HSC features for: Q9P109, ENST00000322348, ../Ntranos_Rotation/ESM-SaProt/AF-Q9P109-F1-model_v4.pdb.gz
INFO:2025-10-30 15:14:53,057:Successfully computed HSC for Q9P109.
INFO:2025-10-30 15:14:53,057:Processing Q9P121 with model AF-Q9P121-F1-model_v4.pdb
INFO:2025-10-30 15:14:53,136:Computing HSC features for: Q9P121, ENST00000374786, ../Ntranos_Rotation/ESM-SaProt/AF-Q9P121-F1-model_v4.pdb.gz
INFO:2025-10-30 15:15:20,032:Successfully computed HSC for Q9P121.
INFO:2025-10-30 15:15:20,032:Processing Q9P126 with model AF-Q9P126-F1-model_v4.pdb
INFO:2025-10-30 15:15:20,125:Computing HSC features for: Q9P126, ENST00000298527, ../Ntranos_Rotation/ESM-SaProt/AF-Q9P126-F1-model_v4.pdb.gz
INFO:2025-10-30 15:15:34,865:Successfully computed HSC for Q9P126.
INFO:2025-10-30 15:15:34,865:Processing Q9P127 with model AF-Q9P127-F1-model_v4.pdb
INFO:2025-10-30 15:15:34,951:Computing HSC features for: Q9P127, ENST00000371920, ../Ntranos_Rotation/ESM-SaProt/AF-Q9P127-F1-model_v4.pdb.gz
INFO:2025-10-30 15:15:53,393:Successfully computed HSC for Q9P127.
INFO:2025-10-30 15:15:53,394:Processing Q9P1A2 with model AF-Q9P1A2-F1-model_v4.pdb
ERROR:2025-10-30 15:15:53,498:No ENST transcript IDs were mapped to Q9P1A2
INFO:2025-10-30 15:15:53,498:Processing Q9P1A6 with model AF-Q9P1A6-F1-model_v4.pdb
INFO:2025-10-30 15:15:53,621:Computing HSC features for: Q9P1A6, ENST00000421627, ../Ntranos_Rotation/ESM-SaProt/AF-Q9P1A6-F1-model_v4.pdb.gz
INFO:2025-10-30 15:17:39,196:Successfully computed HSC for Q9P1A6.
INFO:2025-10-30 15:17:39,197:Processing Q9P1C3 with model AF-Q9P1C3-F1-model_v4.pdb
ERROR:2025-10-30 15:17:39,230:No ENST transcript IDs were mapped to Q9P1C3
INFO:2025-10-30 15:17:39,231:Processing Q9P1D8 with model AF-Q9P1D8-F1-model_v4.pdb
ERROR:2025-10-30 15:17:39,311:No ENST transcript IDs were mapped to Q9P1D8
INFO:2025-10-30 15:17:39,312:Processing Q9P1F3 with model AF-Q9P1F3-F1-model_v4.pdb
INFO:2025-10-30 15:17:39,358:Computing HSC features for: Q9P1F3, ENST00000367660, ../Ntranos_Rotation/ESM-SaProt/AF-Q9P1F3-F1-model_v4.pdb.gz
INFO:2025-10-30 15:17:49,283:Successfully computed HSC for Q9P1F3.
INFO:2025-10-30 15:17:49,283:Processing Q9P1G2 with model AF-Q9P1G2-F1-model_v4.pdb
ERROR:2025-10-30 15:17:49,328:No ENST transcript IDs were mapped to Q9P1G2
INFO:2025-10-30 15:17:49,328:Processing Q9P1J3 with model AF-Q9P1J3-F1-model_v4.pdb
ERROR:2025-10-30 15:17:49,364:No ENST transcript IDs were mapped to Q9P1J3
INFO:2025-10-30 15:17:49,364:Processing Q9P1P4 with model AF-Q9P1P4-F1-model_v4.pdb
ERROR:2025-10-30 15:17:49,446:No ENST transcript IDs were mapped to Q9P1P4
INFO:2025-10-30 15:17:49,446:Processing Q9P1P5 with model AF-Q9P1P5-F1-model_v4.pdb
INFO:2025-10-30 15:17:49,522:Computing HSC features for: Q9P1P5, ENST00000367931, ../Ntranos_Rotation/ESM-SaProt/AF-Q9P1P5-F1-model_v4.pdb.gz
INFO:2025-10-30 15:18:07,471:Successfully computed HSC for Q9P1P5.
INFO:2025-10-30 15:18:07,471:Processing Q9P1Q0 with model AF-Q9P1Q0-F1-model_v4.pdb
INFO:2025-10-30 15:18:07,629:Computing HSC features for: Q9P1Q0, ENST00000272322, ../Ntranos_Rotation/ESM-SaProt/AF-Q9P1Q0-F1-model_v4.pdb.gz
INFO:2025-10-30 15:19:31,631:Successfully computed HSC for Q9P1Q0.
INFO:2025-10-30 15:19:31,631:Processing Q9P1Q5 with model AF-Q9P1Q5-F1-model_v4.pdb
ERROR:2025-10-30 15:19:31,723:No transcript record found for Q9P1Q5 in gnomAD.
INFO:2025-10-30 15:19:31,724:Processing Q9P1T7 with model AF-Q9P1T7-F1-model_v4.pdb
INFO:2025-10-30 15:19:31,790:Computing HSC features for: Q9P1T7, ENST00000393486, ../Ntranos_Rotation/ESM-SaProt/AF-Q9P1T7-F1-model_v4.pdb.gz
INFO:2025-10-30 15:19:50,681:Successfully computed HSC for Q9P1T7.
INFO:2025-10-30 15:19:50,681:Processing Q9P1U0 with model AF-Q9P1U0-F1-model_v4.pdb
INFO:2025-10-30 15:19:50,744:Computing HSC features for: Q9P1U0, ENST00000332435, ../Ntranos_Rotation/ESM-SaProt/AF-Q9P1U0-F1-model_v4.pdb.gz
INFO:2025-10-30 15:20:09,286:Successfully computed HSC for Q9P1U0.
INFO:2025-10-30 15:20:09,286:Processing Q9P1U1 with model AF-Q9P1U1-F1-model_v4.pdb
INFO:2025-10-30 15:20:09,383:Computing HSC features for: Q9P1U1, ENST00000256001, ../Ntranos_Rotation/ESM-SaProt/AF-Q9P1U1-F1-model_v4.pdb.gz
INFO:2025-10-30 15:20:47,964:Successfully computed HSC for Q9P1U1.
INFO:2025-10-30 15:20:47,965:Processing Q9P1V8 with model AF-Q9P1V8-F1-model_v4.pdb
INFO:2025-10-30 15:20:48,112:Computing HSC features for: Q9P1V8, ENST00000216471, ../Ntranos_Rotation/ESM-SaProt/AF-Q9P1V8-F1-model_v4.pdb.gz
INFO:2025-10-30 15:21:27,197:Successfully computed HSC for Q9P1V8.
INFO:2025-10-30 15:21:27,197:Processing Q9P1W3 with model AF-Q9P1W3-F1-model_v4.pdb
INFO:2025-10-30 15:21:27,292:Computing HSC features for: Q9P1W3, ENST00000298351, ../Ntranos_Rotation/ESM-SaProt/AF-Q9P1W3-F1-model_v4.pdb.gz
INFO:2025-10-30 15:22:29,997:Successfully computed HSC for Q9P1W3.
INFO:2025-10-30 15:22:29,997:Processing Q9P1W8 with model AF-Q9P1W8-F1-model_v4.pdb
INFO:2025-10-30 15:22:30,093:Computing HSC features for: Q9P1W8, ENST00000303415, ../Ntranos_Rotation/ESM-SaProt/AF-Q9P1W8-F1-model_v4.pdb.gz
INFO:2025-10-30 15:23:08,020:Successfully computed HSC for Q9P1W8.
INFO:2025-10-30 15:23:08,020:Processing Q9P1W9 with model AF-Q9P1W9-F1-model_v4.pdb
ERROR:2025-10-30 15:23:08,120:No transcript record found for Q9P1W9 in gnomAD.
INFO:2025-10-30 15:23:08,120:Processing Q9P1Y5 with model AF-Q9P1Y5-F1-model_v4.pdb
INFO:2025-10-30 15:23:08,322:Computing HSC features for: Q9P1Y5, ENST00000160298, ../Ntranos_Rotation/ESM-SaProt/AF-Q9P1Y5-F1-model_v4.pdb.gz
INFO:2025-10-30 15:25:24,110:Successfully computed HSC for Q9P1Y5.
INFO:2025-10-30 15:25:24,110:Processing Q9P1Y6 with model AF-Q9P1Y6-F1-model_v4.pdb
INFO:2025-10-30 15:25:24,748:Computing HSC features for: Q9P1Y6, ENST00000264555, ../Ntranos_Rotation/ESM-SaProt/AF-Q9P1Y6-F1-model_v4.pdb.gz
INFO:2025-10-30 15:28:32,353:Successfully computed HSC for Q9P1Y6.
INFO:2025-10-30 15:28:32,354:Processing Q9P1Z0 with model AF-Q9P1Z0-F1-model_v4.pdb
INFO:2025-10-30 15:28:32,532:Computing HSC features for: Q9P1Z0, ENST00000311403, ../Ntranos_Rotation/ESM-SaProt/AF-Q9P1Z0-F1-model_v4.pdb.gz
INFO:2025-10-30 15:29:58,097:Successfully computed HSC for Q9P1Z0.
INFO:2025-10-30 15:29:58,098:Processing Q9P1Z2 with model AF-Q9P1Z2-F1-model_v4.pdb
INFO:2025-10-30 15:29:58,410:Computing HSC features for: Q9P1Z2, ENST00000550804, ../Ntranos_Rotation/ESM-SaProt/AF-Q9P1Z2-F1-model_v4.pdb.gz
INFO:2025-10-30 15:30:41,819:Successfully computed HSC for Q9P1Z2.
INFO:2025-10-30 15:30:41,820:Processing Q9P1Z3 with model AF-Q9P1Z3-F1-model_v4.pdb
INFO:2025-10-30 15:30:41,963:Computing HSC features for: Q9P1Z3, ENST00000368358, ../Ntranos_Rotation/ESM-SaProt/AF-Q9P1Z3-F1-model_v4.pdb.gz
INFO:2025-10-30 15:31:48,788:Successfully computed HSC for Q9P1Z3.
INFO:2025-10-30 15:31:48,789:Processing Q9P1Z9 with model AF-Q9P1Z9-F1-model_v4.pdb
ERROR:2025-10-30 15:31:49,049:No ENST transcript IDs were mapped to Q9P1Z9
INFO:2025-10-30 15:31:49,049:Processing Q9P202 with model AF-Q9P202-F1-model_v4.pdb
INFO:2025-10-30 15:31:49,184:Computing HSC features for: Q9P202, ENST00000362057, ../Ntranos_Rotation/ESM-SaProt/AF-Q9P202-F1-model_v4.pdb.gz
INFO:2025-10-30 15:33:12,970:Successfully computed HSC for Q9P202.
INFO:2025-10-30 15:33:12,971:Processing Q9P203 with model AF-Q9P203-F1-model_v4.pdb
INFO:2025-10-30 15:33:13,200:Computing HSC features for: Q9P203, ENST00000334746, ../Ntranos_Rotation/ESM-SaProt/AF-Q9P203-F1-model_v4.pdb.gz
INFO:2025-10-30 15:34:25,033:Successfully computed HSC for Q9P203.
INFO:2025-10-30 15:34:25,034:Processing Q9P206 with model AF-Q9P206-F1-model_v4.pdb
INFO:2025-10-30 15:34:25,204:Computing HSC features for: Q9P206, ENST00000373480, ../Ntranos_Rotation/ESM-SaProt/AF-Q9P206-F1-model_v4.pdb.gz
INFO:2025-10-30 15:36:49,685:Successfully computed HSC for Q9P206.
INFO:2025-10-30 15:36:49,685:Processing Q9P209 with model AF-Q9P209-F1-model_v4.pdb
INFO:2025-10-30 15:36:49,788:Computing HSC features for: Q9P209, ENST00000264935, ../Ntranos_Rotation/ESM-SaProt/AF-Q9P209-F1-model_v4.pdb.gz
INFO:2025-10-30 15:37:46,406:Successfully computed HSC for Q9P209.
INFO:2025-10-30 15:37:46,406:Pipeline completed.
INFO:2025-10-30 15:37:46,406:no_enst_for_uniprot: 7
INFO:2025-10-30 15:37:46,406:no_valid_cds: 0
INFO:2025-10-30 15:37:46,406:no_variant_data: 2
INFO:2025-10-30 15:37:46,406:bad_structure: 0
INFO:2025-10-30 15:37:46,407:no_enst_mp: 0
