INFO:2025-10-30 14:25:03,196:Starting HSC computation pipeline...
INFO:2025-10-30 14:26:06,323:Processing P23381 with model AF-P23381-F1-model_v4.pdb
INFO:2025-10-30 14:26:06,417:Computing HSC features for: P23381, ENST00000355338, ../Ntranos_Rotation/ESM-SaProt/AF-P23381-F1-model_v4.pdb.gz
INFO:2025-10-30 14:26:43,728:Successfully computed HSC for P23381.
INFO:2025-10-30 14:26:43,728:Processing P23396 with model AF-P23396-F1-model_v4.pdb
INFO:2025-10-30 14:26:43,790:Computing HSC features for: P23396, ENST00000524851, ../Ntranos_Rotation/ESM-SaProt/AF-P23396-F1-model_v4.pdb.gz
INFO:2025-10-30 14:27:05,556:Successfully computed HSC for P23396.
INFO:2025-10-30 14:27:05,556:Processing P23409 with model AF-P23409-F1-model_v4.pdb
INFO:2025-10-30 14:27:05,606:Computing HSC features for: P23409, ENST00000228641, ../Ntranos_Rotation/ESM-SaProt/AF-P23409-F1-model_v4.pdb.gz
INFO:2025-10-30 14:27:28,646:Successfully computed HSC for P23409.
INFO:2025-10-30 14:27:28,647:Processing P23415 with model AF-P23415-F1-model_v4.pdb
INFO:2025-10-30 14:27:28,722:Computing HSC features for: P23415, ENST00000455880, ../Ntranos_Rotation/ESM-SaProt/AF-P23415-F1-model_v4.pdb.gz
INFO:2025-10-30 14:28:00,085:Successfully computed HSC for P23415.
INFO:2025-10-30 14:28:00,085:Processing P23416 with model AF-P23416-F1-model_v4.pdb
INFO:2025-10-30 14:28:00,186:Computing HSC features for: P23416, ENST00000218075, ../Ntranos_Rotation/ESM-SaProt/AF-P23416-F1-model_v4.pdb.gz
INFO:2025-10-30 14:28:31,714:Successfully computed HSC for P23416.
INFO:2025-10-30 14:28:31,714:Processing P23434 with model AF-P23434-F1-model_v4.pdb
ERROR:2025-10-30 14:28:31,782:No transcript record found for P23434 in gnomAD.
INFO:2025-10-30 14:28:31,782:Processing P23435 with model AF-P23435-F1-model_v4.pdb
INFO:2025-10-30 14:28:31,856:Computing HSC features for: P23435, ENST00000219197, ../Ntranos_Rotation/ESM-SaProt/AF-P23435-F1-model_v4.pdb.gz
INFO:2025-10-30 14:28:52,521:Successfully computed HSC for P23435.
INFO:2025-10-30 14:28:52,521:Processing P23443 with model AF-P23443-F1-model_v4.pdb
INFO:2025-10-30 14:28:52,605:Computing HSC features for: P23443, ENST00000225577, ../Ntranos_Rotation/ESM-SaProt/AF-P23443-F1-model_v4.pdb.gz
INFO:2025-10-30 14:29:30,279:Successfully computed HSC for P23443.
INFO:2025-10-30 14:29:30,279:Processing P23458 with model AF-P23458-F1-model_v4.pdb
ERROR:2025-10-30 14:29:30,483:No transcript record found for P23458 in gnomAD.
INFO:2025-10-30 14:29:30,483:Processing P23467 with model AF-P23467-F1-model_v4.pdb
INFO:2025-10-30 14:29:31,091:Computing HSC features for: P23467, ENST00000261266, ../Ntranos_Rotation/ESM-SaProt/AF-P23467-F1-model_v4.pdb.gz
INFO:2025-10-30 14:31:57,123:Successfully computed HSC for P23467.
INFO:2025-10-30 14:31:57,123:Processing P23468 with model AF-P23468-F1-model_v4.pdb
INFO:2025-10-30 14:31:57,457:Computing HSC features for: P23468, ENST00000356435, ../Ntranos_Rotation/ESM-SaProt/AF-P23468-F1-model_v4.pdb.gz
INFO:2025-10-30 14:34:44,467:Successfully computed HSC for P23468.
INFO:2025-10-30 14:34:44,467:Processing P23469 with model AF-P23469-F1-model_v4.pdb
INFO:2025-10-30 14:34:44,573:Computing HSC features for: P23469, ENST00000254667, ../Ntranos_Rotation/ESM-SaProt/AF-P23469-F1-model_v4.pdb.gz
INFO:2025-10-30 14:35:54,224:Successfully computed HSC for P23469.
INFO:2025-10-30 14:35:54,224:Processing P23470 with model AF-P23470-F1-model_v4.pdb
INFO:2025-10-30 14:35:54,734:Computing HSC features for: P23470, ENST00000474889, ../Ntranos_Rotation/ESM-SaProt/AF-P23470-F1-model_v4.pdb.gz
INFO:2025-10-30 14:38:09,644:Successfully computed HSC for P23470.
INFO:2025-10-30 14:38:09,644:Processing P23471 with model AF-P23471-F1-model_v4.pdb
INFO:2025-10-30 14:38:09,999:Computing HSC features for: P23471, ENST00000393386, ../Ntranos_Rotation/ESM-SaProt/AF-P23471-F1-model_v4.pdb.gz
INFO:2025-10-30 14:40:50,449:Successfully computed HSC for P23471.
INFO:2025-10-30 14:40:50,450:Processing P23490 with model AF-P23490-F1-model_v4.pdb
INFO:2025-10-30 14:40:50,501:Computing HSC features for: P23490, ENST00000368742, ../Ntranos_Rotation/ESM-SaProt/AF-P23490-F1-model_v4.pdb.gz
INFO:2025-10-30 14:41:35,899:Successfully computed HSC for P23490.
INFO:2025-10-30 14:41:35,899:Processing P23497 with model AF-P23497-F1-model_v4.pdb
INFO:2025-10-30 14:41:36,019:Computing HSC features for: P23497, ENST00000264052, ../Ntranos_Rotation/ESM-SaProt/AF-P23497-F1-model_v4.pdb.gz
INFO:2025-10-30 14:42:27,071:Successfully computed HSC for P23497.
INFO:2025-10-30 14:42:27,071:Processing P23508 with model AF-P23508-F1-model_v4.pdb
INFO:2025-10-30 14:42:27,180:Computing HSC features for: P23508, ENST00000302475, ../Ntranos_Rotation/ESM-SaProt/AF-P23508-F1-model_v4.pdb.gz
INFO:2025-10-30 14:43:45,800:Successfully computed HSC for P23508.
INFO:2025-10-30 14:43:45,800:Processing P23510 with model AF-P23510-F1-model_v4.pdb
INFO:2025-10-30 14:43:45,849:Computing HSC features for: P23510, ENST00000281834, ../Ntranos_Rotation/ESM-SaProt/AF-P23510-F1-model_v4.pdb.gz
INFO:2025-10-30 14:44:01,983:Successfully computed HSC for P23510.
INFO:2025-10-30 14:44:01,983:Processing P23511 with model AF-P23511-F1-model_v4.pdb
INFO:2025-10-30 14:44:02,055:Computing HSC features for: P23511, ENST00000341376, ../Ntranos_Rotation/ESM-SaProt/AF-P23511-F1-model_v4.pdb.gz
INFO:2025-10-30 14:44:32,045:Successfully computed HSC for P23511.
INFO:2025-10-30 14:44:32,045:Processing P23515 with model AF-P23515-F1-model_v4.pdb
ERROR:2025-10-30 14:44:32,135:No transcript record found for P23515 in gnomAD.
INFO:2025-10-30 14:44:32,135:Processing P23526 with model AF-P23526-F1-model_v4.pdb
INFO:2025-10-30 14:44:32,218:Computing HSC features for: P23526, ENST00000217426, ../Ntranos_Rotation/ESM-SaProt/AF-P23526-F1-model_v4.pdb.gz
INFO:2025-10-30 14:45:11,489:Successfully computed HSC for P23526.
INFO:2025-10-30 14:45:11,489:Processing P23527 with model AF-P23527-F1-model_v4.pdb
ERROR:2025-10-30 14:45:11,525:No transcript record found for P23527 in gnomAD.
INFO:2025-10-30 14:45:11,525:Processing P23528 with model AF-P23528-F1-model_v4.pdb
INFO:2025-10-30 14:45:11,562:Computing HSC features for: P23528, ENST00000308162, ../Ntranos_Rotation/ESM-SaProt/AF-P23528-F1-model_v4.pdb.gz
INFO:2025-10-30 14:45:25,088:Successfully computed HSC for P23528.
INFO:2025-10-30 14:45:25,089:Processing P23560 with model AF-P23560-F1-model_v4.pdb
INFO:2025-10-30 14:45:25,130:Computing HSC features for: P23560, ENST00000356660, ../Ntranos_Rotation/ESM-SaProt/AF-P23560-F1-model_v4.pdb.gz
INFO:2025-10-30 14:45:43,960:Successfully computed HSC for P23560.
INFO:2025-10-30 14:45:43,960:Processing P23582 with model AF-P23582-F1-model_v4.pdb
INFO:2025-10-30 14:45:43,991:Computing HSC features for: P23582, ENST00000295440, ../Ntranos_Rotation/ESM-SaProt/AF-P23582-F1-model_v4.pdb.gz
INFO:2025-10-30 14:46:00,147:Successfully computed HSC for P23582.
INFO:2025-10-30 14:46:00,147:Processing P23588 with model AF-P23588-F1-model_v4.pdb
INFO:2025-10-30 14:46:00,251:Computing HSC features for: P23588, ENST00000262056, ../Ntranos_Rotation/ESM-SaProt/AF-P23588-F1-model_v4.pdb.gz
INFO:2025-10-30 14:46:45,549:Successfully computed HSC for P23588.
INFO:2025-10-30 14:46:45,549:Processing P23610 with model AF-P23610-F1-model_v4.pdb
ERROR:2025-10-30 14:46:45,650:No transcript record found for P23610 in gnomAD.
INFO:2025-10-30 14:46:45,650:Processing P23634 with model AF-P23634-F1-model_v4.pdb
ERROR:2025-10-30 14:46:45,838:No transcript record found for P23634 in gnomAD.
INFO:2025-10-30 14:46:45,838:Processing P23677 with model AF-P23677-F1-model_v4.pdb
INFO:2025-10-30 14:46:46,446:Computing HSC features for: P23677, ENST00000260386, ../Ntranos_Rotation/ESM-SaProt/AF-P23677-F1-model_v4.pdb.gz
INFO:2025-10-30 14:47:48,215:Successfully computed HSC for P23677.
INFO:2025-10-30 14:47:48,215:Processing P23743 with model AF-P23743-F1-model_v4.pdb
INFO:2025-10-30 14:47:48,308:Computing HSC features for: P23743, ENST00000331886, ../Ntranos_Rotation/ESM-SaProt/AF-P23743-F1-model_v4.pdb.gz
INFO:2025-10-30 14:48:44,683:Successfully computed HSC for P23743.
INFO:2025-10-30 14:48:44,683:Processing P23759 with model AF-P23759-F1-model_v4.pdb
INFO:2025-10-30 14:48:44,768:Computing HSC features for: P23759, ENST00000420770, ../Ntranos_Rotation/ESM-SaProt/AF-P23759-F1-model_v4.pdb.gz
INFO:2025-10-30 14:49:33,329:Successfully computed HSC for P23759.
INFO:2025-10-30 14:49:33,330:Processing P23760 with model AF-P23760-F1-model_v4.pdb
INFO:2025-10-30 14:49:33,410:Computing HSC features for: P23760, ENST00000350526, ../Ntranos_Rotation/ESM-SaProt/AF-P23760-F1-model_v4.pdb.gz
INFO:2025-10-30 14:50:15,834:Successfully computed HSC for P23760.
INFO:2025-10-30 14:50:15,834:Processing P23763 with model AF-P23763-F1-model_v4.pdb
INFO:2025-10-30 14:50:15,867:Computing HSC features for: P23763, ENST00000396308, ../Ntranos_Rotation/ESM-SaProt/AF-P23763-F1-model_v4.pdb.gz
INFO:2025-10-30 14:50:23,478:Successfully computed HSC for P23763.
INFO:2025-10-30 14:50:23,479:Processing P23769 with model AF-P23769-F1-model_v4.pdb
INFO:2025-10-30 14:50:23,540:Computing HSC features for: P23769, ENST00000341105, ../Ntranos_Rotation/ESM-SaProt/AF-P23769-F1-model_v4.pdb.gz
INFO:2025-10-30 14:51:09,412:Successfully computed HSC for P23769.
INFO:2025-10-30 14:51:09,412:Processing P23771 with model AF-P23771-F1-model_v4.pdb
INFO:2025-10-30 14:51:09,489:Computing HSC features for: P23771, ENST00000346208, ../Ntranos_Rotation/ESM-SaProt/AF-P23771-F1-model_v4.pdb.gz
INFO:2025-10-30 14:51:52,689:Successfully computed HSC for P23771.
INFO:2025-10-30 14:51:52,689:Processing P23786 with model AF-P23786-F1-model_v4.pdb
INFO:2025-10-30 14:51:52,782:Computing HSC features for: P23786, ENST00000371486, ../Ntranos_Rotation/ESM-SaProt/AF-P23786-F1-model_v4.pdb.gz
INFO:2025-10-30 14:52:37,529:Successfully computed HSC for P23786.
INFO:2025-10-30 14:52:37,529:Processing P23919 with model AF-P23919-F1-model_v4.pdb
INFO:2025-10-30 14:52:37,601:Computing HSC features for: P23919, ENST00000305784, ../Ntranos_Rotation/ESM-SaProt/AF-P23919-F1-model_v4.pdb.gz
INFO:2025-10-30 14:52:59,780:Successfully computed HSC for P23919.
INFO:2025-10-30 14:52:59,780:Processing P23921 with model AF-P23921-F1-model_v4.pdb
INFO:2025-10-30 14:52:59,923:Computing HSC features for: P23921, ENST00000300738, ../Ntranos_Rotation/ESM-SaProt/AF-P23921-F1-model_v4.pdb.gz
INFO:2025-10-30 14:53:48,576:Successfully computed HSC for P23921.
INFO:2025-10-30 14:53:48,576:Processing P23942 with model AF-P23942-F1-model_v4.pdb
INFO:2025-10-30 14:53:48,670:Computing HSC features for: P23942, ENST00000230381, ../Ntranos_Rotation/ESM-SaProt/AF-P23942-F1-model_v4.pdb.gz
INFO:2025-10-30 14:54:26,916:Successfully computed HSC for P23942.
INFO:2025-10-30 14:54:26,916:Processing P23945 with model AF-P23945-F1-model_v4.pdb
ERROR:2025-10-30 14:54:27,020:No valid CDS found for P23945
INFO:2025-10-30 14:54:27,020:Processing P23946 with model AF-P23946-F1-model_v4.pdb
INFO:2025-10-30 14:54:27,070:Computing HSC features for: P23946, ENST00000250378, ../Ntranos_Rotation/ESM-SaProt/AF-P23946-F1-model_v4.pdb.gz
INFO:2025-10-30 14:54:42,682:Successfully computed HSC for P23946.
INFO:2025-10-30 14:54:42,682:Processing P23975 with model AF-P23975-F1-model_v4.pdb
INFO:2025-10-30 14:54:42,756:Computing HSC features for: P23975, ENST00000379906, ../Ntranos_Rotation/ESM-SaProt/AF-P23975-F1-model_v4.pdb.gz
INFO:2025-10-30 14:55:33,493:Successfully computed HSC for P23975.
INFO:2025-10-30 14:55:33,493:Processing P24001 with model AF-P24001-F1-model_v4.pdb
INFO:2025-10-30 14:55:33,558:Computing HSC features for: P24001, ENST00000396890, ../Ntranos_Rotation/ESM-SaProt/AF-P24001-F1-model_v4.pdb.gz
INFO:2025-10-30 14:55:49,653:Successfully computed HSC for P24001.
INFO:2025-10-30 14:55:49,653:Processing P24043 with model AF-P24043-F1-model_v4.pdb
ERROR:2025-10-30 14:55:49,905:No valid CDS found for P24043
INFO:2025-10-30 14:55:49,905:Processing P24046 with model AF-P24046-F1-model_v4.pdb
INFO:2025-10-30 14:55:50,012:Computing HSC features for: P24046, ENST00000454853, ../Ntranos_Rotation/ESM-SaProt/AF-P24046-F1-model_v4.pdb.gz
INFO:2025-10-30 14:56:57,205:Successfully computed HSC for P24046.
INFO:2025-10-30 14:56:57,206:Processing P24071 with model AF-P24071-F1-model_v4.pdb
INFO:2025-10-30 14:56:57,285:Computing HSC features for: P24071, ENST00000355524, ../Ntranos_Rotation/ESM-SaProt/AF-P24071-F1-model_v4.pdb.gz
INFO:2025-10-30 14:57:34,102:Successfully computed HSC for P24071.
INFO:2025-10-30 14:57:34,102:Processing P24158 with model AF-P24158-F1-model_v4.pdb
INFO:2025-10-30 14:57:34,169:Computing HSC features for: P24158, ENST00000234347, ../Ntranos_Rotation/ESM-SaProt/AF-P24158-F1-model_v4.pdb.gz
INFO:2025-10-30 14:58:24,708:Successfully computed HSC for P24158.
INFO:2025-10-30 14:58:24,708:Processing P24278 with model AF-P24278-F1-model_v4.pdb
INFO:2025-10-30 14:58:24,806:Computing HSC features for: P24278, ENST00000394715, ../Ntranos_Rotation/ESM-SaProt/AF-P24278-F1-model_v4.pdb.gz
INFO:2025-10-30 14:59:12,469:Successfully computed HSC for P24278.
INFO:2025-10-30 14:59:12,469:Processing P24298 with model AF-P24298-F1-model_v4.pdb
INFO:2025-10-30 14:59:12,572:Computing HSC features for: P24298, ENST00000394955, ../Ntranos_Rotation/ESM-SaProt/AF-P24298-F1-model_v4.pdb.gz
INFO:2025-10-30 15:00:04,973:Successfully computed HSC for P24298.
INFO:2025-10-30 15:00:04,973:Processing P24310 with model AF-P24310-F1-model_v4.pdb
INFO:2025-10-30 15:00:04,997:Computing HSC features for: P24310, ENST00000292907, ../Ntranos_Rotation/ESM-SaProt/AF-P24310-F1-model_v4.pdb.gz
INFO:2025-10-30 15:00:13,147:Successfully computed HSC for P24310.
INFO:2025-10-30 15:00:13,147:Pipeline completed.
INFO:2025-10-30 15:00:13,147:no_enst_for_uniprot: 0
INFO:2025-10-30 15:00:13,148:no_valid_cds: 2
INFO:2025-10-30 15:00:13,148:no_variant_data: 6
INFO:2025-10-30 15:00:13,148:bad_structure: 0
INFO:2025-10-30 15:00:13,148:no_enst_mp: 0
