INFO:2025-10-30 14:24:57,384:Starting HSC computation pipeline...
INFO:2025-10-30 14:25:48,560:Processing P17040 with model AF-P17040-F1-model_v4.pdb
INFO:2025-10-30 14:25:48,696:Computing HSC features for: P17040, ENST00000361328, ../Ntranos_Rotation/ESM-SaProt/AF-P17040-F1-model_v4.pdb.gz
INFO:2025-10-30 14:27:09,754:Successfully computed HSC for P17040.
INFO:2025-10-30 14:27:09,754:Processing P17041 with model AF-P17041-F1-model_v4.pdb
INFO:2025-10-30 14:27:09,808:Computing HSC features for: P17041, ENST00000374433, ../Ntranos_Rotation/ESM-SaProt/AF-P17041-F1-model_v4.pdb.gz
INFO:2025-10-30 14:27:32,572:Successfully computed HSC for P17041.
INFO:2025-10-30 14:27:32,572:Processing P17050 with model AF-P17050-F1-model_v4.pdb
INFO:2025-10-30 14:27:32,669:Computing HSC features for: P17050, ENST00000396398, ../Ntranos_Rotation/ESM-SaProt/AF-P17050-F1-model_v4.pdb.gz
INFO:2025-10-30 14:28:13,194:Successfully computed HSC for P17050.
INFO:2025-10-30 14:28:13,195:Processing P17066 with model AF-P17066-F1-model_v4.pdb
INFO:2025-10-30 14:28:13,305:Computing HSC features for: P17066, ENST00000309758, ../Ntranos_Rotation/ESM-SaProt/AF-P17066-F1-model_v4.pdb.gz
INFO:2025-10-30 14:29:25,799:Successfully computed HSC for P17066.
INFO:2025-10-30 14:29:25,799:Processing P17081 with model AF-P17081-F1-model_v4.pdb
INFO:2025-10-30 14:29:25,896:Computing HSC features for: P17081, ENST00000238738, ../Ntranos_Rotation/ESM-SaProt/AF-P17081-F1-model_v4.pdb.gz
INFO:2025-10-30 14:29:49,224:Successfully computed HSC for P17081.
INFO:2025-10-30 14:29:49,224:Processing P17096 with model AF-P17096-F1-model_v4.pdb
INFO:2025-10-30 14:29:49,299:Computing HSC features for: P17096, ENST00000311487, ../Ntranos_Rotation/ESM-SaProt/AF-P17096-F1-model_v4.pdb.gz
INFO:2025-10-30 14:30:00,731:Successfully computed HSC for P17096.
INFO:2025-10-30 14:30:00,731:Processing P17097 with model AF-P17097-F1-model_v4.pdb
INFO:2025-10-30 14:30:00,848:Computing HSC features for: P17097, ENST00000528372, ../Ntranos_Rotation/ESM-SaProt/AF-P17097-F1-model_v4.pdb.gz
INFO:2025-10-30 14:31:09,580:Successfully computed HSC for P17097.
INFO:2025-10-30 14:31:09,580:Processing P17098 with model AF-P17098-F1-model_v4.pdb
ERROR:2025-10-30 14:31:09,790:No transcript record found for P17098 in gnomAD.
INFO:2025-10-30 14:31:09,790:Processing P17152 with model AF-P17152-F1-model_v4.pdb
INFO:2025-10-30 14:31:09,884:Computing HSC features for: P17152, ENST00000317635, ../Ntranos_Rotation/ESM-SaProt/AF-P17152-F1-model_v4.pdb.gz
INFO:2025-10-30 14:31:33,460:Successfully computed HSC for P17152.
INFO:2025-10-30 14:31:33,460:Processing P17174 with model AF-P17174-F1-model_v4.pdb
INFO:2025-10-30 14:31:33,672:Computing HSC features for: P17174, ENST00000370508, ../Ntranos_Rotation/ESM-SaProt/AF-P17174-F1-model_v4.pdb.gz
INFO:2025-10-30 14:32:15,511:Successfully computed HSC for P17174.
INFO:2025-10-30 14:32:15,512:Processing P17181 with model AF-P17181-F1-model_v4.pdb
ERROR:2025-10-30 14:32:15,673:No transcript record found for P17181 in gnomAD.
INFO:2025-10-30 14:32:15,673:Processing P17213 with model AF-P17213-F1-model_v4.pdb
INFO:2025-10-30 14:32:15,798:Computing HSC features for: P17213, ENST00000262865, ../Ntranos_Rotation/ESM-SaProt/AF-P17213-F1-model_v4.pdb.gz
INFO:2025-10-30 14:33:05,667:Successfully computed HSC for P17213.
INFO:2025-10-30 14:33:05,667:Processing P17252 with model AF-P17252-F1-model_v4.pdb
INFO:2025-10-30 14:33:05,813:Computing HSC features for: P17252, ENST00000413366, ../Ntranos_Rotation/ESM-SaProt/AF-P17252-F1-model_v4.pdb.gz
INFO:2025-10-30 14:34:24,515:Successfully computed HSC for P17252.
INFO:2025-10-30 14:34:24,515:Processing P17275 with model AF-P17275-F1-model_v4.pdb
INFO:2025-10-30 14:34:24,601:Computing HSC features for: P17275, ENST00000302754, ../Ntranos_Rotation/ESM-SaProt/AF-P17275-F1-model_v4.pdb.gz
INFO:2025-10-30 14:35:21,490:Successfully computed HSC for P17275.
INFO:2025-10-30 14:35:21,490:Processing P17301 with model AF-P17301-F1-model_v4.pdb
INFO:2025-10-30 14:35:21,670:Computing HSC features for: P17301, ENST00000296585, ../Ntranos_Rotation/ESM-SaProt/AF-P17301-F1-model_v4.pdb.gz
INFO:2025-10-30 14:36:48,485:Successfully computed HSC for P17301.
INFO:2025-10-30 14:36:48,485:Processing P17302 with model AF-P17302-F1-model_v4.pdb
INFO:2025-10-30 14:36:48,599:Computing HSC features for: P17302, ENST00000282561, ../Ntranos_Rotation/ESM-SaProt/AF-P17302-F1-model_v4.pdb.gz
INFO:2025-10-30 14:37:21,017:Successfully computed HSC for P17302.
INFO:2025-10-30 14:37:21,017:Processing P17342 with model AF-P17342-F1-model_v4.pdb
INFO:2025-10-30 14:37:21,156:Computing HSC features for: P17342, ENST00000265074, ../Ntranos_Rotation/ESM-SaProt/AF-P17342-F1-model_v4.pdb.gz
INFO:2025-10-30 14:38:24,383:Successfully computed HSC for P17342.
INFO:2025-10-30 14:38:24,383:Processing P17405 with model AF-P17405-F1-model_v4.pdb
INFO:2025-10-30 14:38:24,573:Computing HSC features for: P17405, ENST00000342245, ../Ntranos_Rotation/ESM-SaProt/AF-P17405-F1-model_v4.pdb.gz
INFO:2025-10-30 14:39:27,946:Successfully computed HSC for P17405.
INFO:2025-10-30 14:39:27,946:Processing P17480 with model AF-P17480-F1-model_v4.pdb
ERROR:2025-10-30 14:39:28,071:No transcript record found for P17480 in gnomAD.
INFO:2025-10-30 14:39:28,071:Processing P17481 with model AF-P17481-F1-model_v4.pdb
INFO:2025-10-30 14:39:28,135:Computing HSC features for: P17481, ENST00000239144, ../Ntranos_Rotation/ESM-SaProt/AF-P17481-F1-model_v4.pdb.gz
INFO:2025-10-30 14:40:02,819:Successfully computed HSC for P17481.
INFO:2025-10-30 14:40:02,819:Processing P17482 with model AF-P17482-F1-model_v4.pdb
INFO:2025-10-30 14:40:02,963:Computing HSC features for: P17482, ENST00000311177, ../Ntranos_Rotation/ESM-SaProt/AF-P17482-F1-model_v4.pdb.gz
INFO:2025-10-30 14:40:38,261:Successfully computed HSC for P17482.
INFO:2025-10-30 14:40:38,261:Processing P17483 with model AF-P17483-F1-model_v4.pdb
INFO:2025-10-30 14:40:38,340:Computing HSC features for: P17483, ENST00000332503, ../Ntranos_Rotation/ESM-SaProt/AF-P17483-F1-model_v4.pdb.gz
INFO:2025-10-30 14:41:23,850:Successfully computed HSC for P17483.
INFO:2025-10-30 14:41:23,850:Processing P17509 with model AF-P17509-F1-model_v4.pdb
INFO:2025-10-30 14:41:24,166:Computing HSC features for: P17509, ENST00000225648, ../Ntranos_Rotation/ESM-SaProt/AF-P17509-F1-model_v4.pdb.gz
INFO:2025-10-30 14:42:01,850:Successfully computed HSC for P17509.
INFO:2025-10-30 14:42:01,850:Processing P17516 with model AF-P17516-F1-model_v4.pdb
INFO:2025-10-30 14:42:02,234:Computing HSC features for: P17516, ENST00000263126, ../Ntranos_Rotation/ESM-SaProt/AF-P17516-F1-model_v4.pdb.gz
INFO:2025-10-30 14:42:26,838:Successfully computed HSC for P17516.
INFO:2025-10-30 14:42:26,838:Processing P17535 with model AF-P17535-F1-model_v4.pdb
INFO:2025-10-30 14:42:27,093:Computing HSC features for: P17535, ENST00000252818, ../Ntranos_Rotation/ESM-SaProt/AF-P17535-F1-model_v4.pdb.gz
INFO:2025-10-30 14:43:31,729:Successfully computed HSC for P17535.
INFO:2025-10-30 14:43:31,729:Processing P17538 with model AF-P17538-F1-model_v4.pdb
INFO:2025-10-30 14:43:31,787:Computing HSC features for: P17538, ENST00000361017, ../Ntranos_Rotation/ESM-SaProt/AF-P17538-F1-model_v4.pdb.gz
INFO:2025-10-30 14:44:04,395:Successfully computed HSC for P17538.
INFO:2025-10-30 14:44:04,395:Processing P17540 with model AF-P17540-F1-model_v4.pdb
INFO:2025-10-30 14:44:04,476:Computing HSC features for: P17540, ENST00000254035, ../Ntranos_Rotation/ESM-SaProt/AF-P17540-F1-model_v4.pdb.gz
INFO:2025-10-30 14:44:48,309:Successfully computed HSC for P17540.
INFO:2025-10-30 14:44:48,310:Processing P17542 with model AF-P17542-F1-model_v4.pdb
ERROR:2025-10-30 14:44:48,398:No transcript record found for P17542 in gnomAD.
INFO:2025-10-30 14:44:48,398:Processing P17544 with model AF-P17544-F1-model_v4.pdb
INFO:2025-10-30 14:44:48,497:Computing HSC features for: P17544, ENST00000420353, ../Ntranos_Rotation/ESM-SaProt/AF-P17544-F1-model_v4.pdb.gz
INFO:2025-10-30 14:45:30,869:Successfully computed HSC for P17544.
INFO:2025-10-30 14:45:30,869:Processing P17568 with model AF-P17568-F1-model_v4.pdb
INFO:2025-10-30 14:45:30,915:Computing HSC features for: P17568, ENST00000215565, ../Ntranos_Rotation/ESM-SaProt/AF-P17568-F1-model_v4.pdb.gz
INFO:2025-10-30 14:45:49,800:Successfully computed HSC for P17568.
INFO:2025-10-30 14:45:49,800:Processing P17600 with model AF-P17600-F1-model_v4.pdb
INFO:2025-10-30 14:45:49,894:Computing HSC features for: P17600, ENST00000295987, ../Ntranos_Rotation/ESM-SaProt/AF-P17600-F1-model_v4.pdb.gz
INFO:2025-10-30 14:47:40,242:Successfully computed HSC for P17600.
INFO:2025-10-30 14:47:40,242:Processing P17612 with model AF-P17612-F1-model_v4.pdb
INFO:2025-10-30 14:47:40,353:Computing HSC features for: P17612, ENST00000308677, ../Ntranos_Rotation/ESM-SaProt/AF-P17612-F1-model_v4.pdb.gz
INFO:2025-10-30 14:48:21,354:Successfully computed HSC for P17612.
INFO:2025-10-30 14:48:21,354:Processing P17643 with model AF-P17643-F1-model_v4.pdb
INFO:2025-10-30 14:48:21,476:Computing HSC features for: P17643, ENST00000388918, ../Ntranos_Rotation/ESM-SaProt/AF-P17643-F1-model_v4.pdb.gz
INFO:2025-10-30 14:49:06,983:Successfully computed HSC for P17643.
INFO:2025-10-30 14:49:06,984:Processing P17655 with model AF-P17655-F1-model_v4.pdb
INFO:2025-10-30 14:49:07,150:Computing HSC features for: P17655, ENST00000295006, ../Ntranos_Rotation/ESM-SaProt/AF-P17655-F1-model_v4.pdb.gz
INFO:2025-10-30 14:50:18,633:Successfully computed HSC for P17655.
INFO:2025-10-30 14:50:18,634:Processing P17658 with model AF-P17658-F1-model_v4.pdb
INFO:2025-10-30 14:50:19,015:Computing HSC features for: P17658, ENST00000280684, ../Ntranos_Rotation/ESM-SaProt/AF-P17658-F1-model_v4.pdb.gz
INFO:2025-10-30 14:51:18,008:Successfully computed HSC for P17658.
INFO:2025-10-30 14:51:18,008:Processing P17661 with model AF-P17661-F1-model_v4.pdb
INFO:2025-10-30 14:51:18,138:Computing HSC features for: P17661, ENST00000373960, ../Ntranos_Rotation/ESM-SaProt/AF-P17661-F1-model_v4.pdb.gz
INFO:2025-10-30 14:52:41,968:Successfully computed HSC for P17661.
INFO:2025-10-30 14:52:41,968:Processing P17676 with model AF-P17676-F1-model_v4.pdb
INFO:2025-10-30 14:52:42,062:Computing HSC features for: P17676, ENST00000303004, ../Ntranos_Rotation/ESM-SaProt/AF-P17676-F1-model_v4.pdb.gz
INFO:2025-10-30 14:54:11,265:Successfully computed HSC for P17676.
INFO:2025-10-30 14:54:11,266:Processing P17677 with model AF-P17677-F1-model_v4.pdb
INFO:2025-10-30 14:54:11,333:Computing HSC features for: P17677, ENST00000305124, ../Ntranos_Rotation/ESM-SaProt/AF-P17677-F1-model_v4.pdb.gz
INFO:2025-10-30 14:54:31,017:Successfully computed HSC for P17677.
INFO:2025-10-30 14:54:31,017:Processing P17693 with model AF-P17693-F1-model_v4.pdb
INFO:2025-10-30 14:54:31,083:Computing HSC features for: P17693, ENST00000360323, ../Ntranos_Rotation/ESM-SaProt/AF-P17693-F1-model_v4.pdb.gz
INFO:2025-10-30 14:55:15,682:Successfully computed HSC for P17693.
INFO:2025-10-30 14:55:15,682:Processing P17706 with model AF-P17706-F1-model_v4.pdb
INFO:2025-10-30 14:55:15,759:Computing HSC features for: P17706, ENST00000309660, ../Ntranos_Rotation/ESM-SaProt/AF-P17706-F1-model_v4.pdb.gz
INFO:2025-10-30 14:55:57,510:Successfully computed HSC for P17706.
INFO:2025-10-30 14:55:57,510:Processing P17707 with model AF-P17707-F1-model_v4.pdb
INFO:2025-10-30 14:55:57,633:Computing HSC features for: P17707, ENST00000368885, ../Ntranos_Rotation/ESM-SaProt/AF-P17707-F1-model_v4.pdb.gz
INFO:2025-10-30 14:56:23,948:Successfully computed HSC for P17707.
INFO:2025-10-30 14:56:23,949:Processing P17735 with model AF-P17735-F1-model_v4.pdb
INFO:2025-10-30 14:56:24,029:Computing HSC features for: P17735, ENST00000355962, ../Ntranos_Rotation/ESM-SaProt/AF-P17735-F1-model_v4.pdb.gz
INFO:2025-10-30 14:57:08,053:Successfully computed HSC for P17735.
INFO:2025-10-30 14:57:08,054:Processing P17752 with model AF-P17752-F1-model_v4.pdb
INFO:2025-10-30 14:57:08,153:Computing HSC features for: P17752, ENST00000250018, ../Ntranos_Rotation/ESM-SaProt/AF-P17752-F1-model_v4.pdb.gz
INFO:2025-10-30 14:57:47,844:Successfully computed HSC for P17752.
INFO:2025-10-30 14:57:47,844:Processing P17787 with model AF-P17787-F1-model_v4.pdb
INFO:2025-10-30 14:57:47,972:Computing HSC features for: P17787, ENST00000368476, ../Ntranos_Rotation/ESM-SaProt/AF-P17787-F1-model_v4.pdb.gz
INFO:2025-10-30 14:58:54,282:Successfully computed HSC for P17787.
INFO:2025-10-30 14:58:54,283:Processing P17812 with model AF-P17812-F1-model_v4.pdb
ERROR:2025-10-30 14:58:54,373:No transcript record found for P17812 in gnomAD.
INFO:2025-10-30 14:58:54,374:Processing P17813 with model AF-P17813-F1-model_v4.pdb
INFO:2025-10-30 14:58:54,464:Computing HSC features for: P17813, ENST00000373203, ../Ntranos_Rotation/ESM-SaProt/AF-P17813-F1-model_v4.pdb.gz
INFO:2025-10-30 15:00:03,635:Successfully computed HSC for P17813.
INFO:2025-10-30 15:00:03,636:Processing P17844 with model AF-P17844-F1-model_v4.pdb
INFO:2025-10-30 15:00:03,733:Computing HSC features for: P17844, ENST00000225792, ../Ntranos_Rotation/ESM-SaProt/AF-P17844-F1-model_v4.pdb.gz
INFO:2025-10-30 15:00:50,251:Successfully computed HSC for P17844.
INFO:2025-10-30 15:00:50,251:Processing P17858 with model AF-P17858-F1-model_v4.pdb
INFO:2025-10-30 15:00:50,404:Computing HSC features for: P17858, ENST00000349048, ../Ntranos_Rotation/ESM-SaProt/AF-P17858-F1-model_v4.pdb.gz
INFO:2025-10-30 15:02:28,257:Successfully computed HSC for P17858.
INFO:2025-10-30 15:02:28,258:Processing P17861 with model AF-P17861-F1-model_v4.pdb
INFO:2025-10-30 15:02:28,333:Computing HSC features for: P17861, ENST00000216037, ../Ntranos_Rotation/ESM-SaProt/AF-P17861-F1-model_v4.pdb.gz
INFO:2025-10-30 15:02:56,307:Successfully computed HSC for P17861.
INFO:2025-10-30 15:02:56,308:Processing P17900 with model AF-P17900-F1-model_v4.pdb
INFO:2025-10-30 15:02:56,364:Computing HSC features for: P17900, ENST00000357164, ../Ntranos_Rotation/ESM-SaProt/AF-P17900-F1-model_v4.pdb.gz
INFO:2025-10-30 15:03:22,641:Successfully computed HSC for P17900.
INFO:2025-10-30 15:03:22,642:Pipeline completed.
INFO:2025-10-30 15:03:22,642:no_enst_for_uniprot: 0
INFO:2025-10-30 15:03:22,642:no_valid_cds: 0
INFO:2025-10-30 15:03:22,642:no_variant_data: 5
INFO:2025-10-30 15:03:22,642:bad_structure: 0
INFO:2025-10-30 15:03:22,642:no_enst_mp: 0
