INFO:2025-10-30 14:27:03,905:Starting HSC computation pipeline...
INFO:2025-10-30 14:28:06,087:Processing Q8WZ04 with model AF-Q8WZ04-F1-model_v4.pdb
ERROR:2025-10-30 14:28:06,201:No ENST transcript IDs were mapped to Q8WZ04
INFO:2025-10-30 14:28:06,202:Processing Q8WZ19 with model AF-Q8WZ19-F1-model_v4.pdb
INFO:2025-10-30 14:28:06,323:Computing HSC features for: Q8WZ19, ENST00000568000, ../Ntranos_Rotation/ESM-SaProt/AF-Q8WZ19-F1-model_v4.pdb.gz
INFO:2025-10-30 14:29:00,864:Successfully computed HSC for Q8WZ19.
INFO:2025-10-30 14:29:00,864:Processing Q8WZ26 with model AF-Q8WZ26-F1-model_v4.pdb
ERROR:2025-10-30 14:29:00,925:No ENST transcript IDs were mapped to Q8WZ26
INFO:2025-10-30 14:29:00,925:Processing Q8WZ33 with model AF-Q8WZ33-F1-model_v4.pdb
ERROR:2025-10-30 14:29:00,990:No ENST transcript IDs were mapped to Q8WZ33
INFO:2025-10-30 14:29:00,990:Processing Q92841 with model AF-Q92841-F1-model_v4.pdb
ERROR:2025-10-30 14:29:01,171:No valid CDS found for Q92841
INFO:2025-10-30 14:29:01,171:Processing Q92843 with model AF-Q92843-F1-model_v4.pdb
INFO:2025-10-30 14:29:01,256:Computing HSC features for: Q92843, ENST00000250405, ../Ntranos_Rotation/ESM-SaProt/AF-Q92843-F1-model_v4.pdb.gz
INFO:2025-10-30 14:29:26,478:Successfully computed HSC for Q92843.
INFO:2025-10-30 14:29:26,478:Processing Q92844 with model AF-Q92844-F1-model_v4.pdb
INFO:2025-10-30 14:29:26,570:Computing HSC features for: Q92844, ENST00000259075, ../Ntranos_Rotation/ESM-SaProt/AF-Q92844-F1-model_v4.pdb.gz
INFO:2025-10-30 14:30:02,135:Successfully computed HSC for Q92844.
INFO:2025-10-30 14:30:02,135:Processing Q92845 with model AF-Q92845-F1-model_v4.pdb
INFO:2025-10-30 14:30:02,384:Computing HSC features for: Q92845, ENST00000361580, ../Ntranos_Rotation/ESM-SaProt/AF-Q92845-F1-model_v4.pdb.gz
INFO:2025-10-30 14:31:25,884:Successfully computed HSC for Q92845.
INFO:2025-10-30 14:31:25,884:Processing Q92847 with model AF-Q92847-F1-model_v4.pdb
INFO:2025-10-30 14:31:25,963:Computing HSC features for: Q92847, ENST00000241256, ../Ntranos_Rotation/ESM-SaProt/AF-Q92847-F1-model_v4.pdb.gz
INFO:2025-10-30 14:32:18,084:Successfully computed HSC for Q92847.
INFO:2025-10-30 14:32:18,084:Processing Q92851 with model AF-Q92851-F1-model_v4.pdb
ERROR:2025-10-30 14:32:18,220:No transcript record found for Q92851 in gnomAD.
INFO:2025-10-30 14:32:18,221:Processing Q92854 with model AF-Q92854-F1-model_v4.pdb
INFO:2025-10-30 14:32:18,489:Computing HSC features for: Q92854, ENST00000356444, ../Ntranos_Rotation/ESM-SaProt/AF-Q92854-F1-model_v4.pdb.gz
INFO:2025-10-30 14:34:17,599:Successfully computed HSC for Q92854.
INFO:2025-10-30 14:34:17,599:Processing Q92858 with model AF-Q92858-F1-model_v4.pdb
INFO:2025-10-30 14:34:17,673:Computing HSC features for: Q92858, ENST00000306011, ../Ntranos_Rotation/ESM-SaProt/AF-Q92858-F1-model_v4.pdb.gz
INFO:2025-10-30 14:35:16,973:Successfully computed HSC for Q92858.
INFO:2025-10-30 14:35:16,973:Processing Q92859 with model AF-Q92859-F1-model_v4.pdb
INFO:2025-10-30 14:35:17,359:Computing HSC features for: Q92859, ENST00000261908, ../Ntranos_Rotation/ESM-SaProt/AF-Q92859-F1-model_v4.pdb.gz
INFO:2025-10-30 14:38:01,045:Successfully computed HSC for Q92859.
INFO:2025-10-30 14:38:01,045:Processing Q92870 with model AF-Q92870-F1-model_v4.pdb
INFO:2025-10-30 14:38:01,194:Computing HSC features for: Q92870, ENST00000295974, ../Ntranos_Rotation/ESM-SaProt/AF-Q92870-F1-model_v4.pdb.gz
INFO:2025-10-30 14:39:38,432:Successfully computed HSC for Q92870.
INFO:2025-10-30 14:39:38,432:Processing Q92871 with model AF-Q92871-F1-model_v4.pdb
INFO:2025-10-30 14:39:38,506:Computing HSC features for: Q92871, ENST00000216259, ../Ntranos_Rotation/ESM-SaProt/AF-Q92871-F1-model_v4.pdb.gz
INFO:2025-10-30 14:40:23,244:Successfully computed HSC for Q92871.
INFO:2025-10-30 14:40:23,244:Processing Q92874 with model AF-Q92874-F1-model_v4.pdb
INFO:2025-10-30 14:40:23,347:Computing HSC features for: Q92874, ENST00000320700, ../Ntranos_Rotation/ESM-SaProt/AF-Q92874-F1-model_v4.pdb.gz
INFO:2025-10-30 14:41:26,560:Successfully computed HSC for Q92874.
INFO:2025-10-30 14:41:26,560:Processing Q92876 with model AF-Q92876-F1-model_v4.pdb
INFO:2025-10-30 14:41:26,662:Computing HSC features for: Q92876, ENST00000310157, ../Ntranos_Rotation/ESM-SaProt/AF-Q92876-F1-model_v4.pdb.gz
INFO:2025-10-30 14:42:20,180:Successfully computed HSC for Q92876.
INFO:2025-10-30 14:42:20,180:Processing Q92878 with model AF-Q92878-F1-model_v4.pdb
INFO:2025-10-30 14:42:20,484:Computing HSC features for: Q92878, ENST00000378823, ../Ntranos_Rotation/ESM-SaProt/AF-Q92878-F1-model_v4.pdb.gz
INFO:2025-10-30 14:44:17,991:Successfully computed HSC for Q92878.
INFO:2025-10-30 14:44:17,991:Processing Q92879 with model AF-Q92879-F1-model_v4.pdb
INFO:2025-10-30 14:44:18,117:Computing HSC features for: Q92879, ENST00000358597, ../Ntranos_Rotation/ESM-SaProt/AF-Q92879-F1-model_v4.pdb.gz
INFO:2025-10-30 14:45:05,004:Successfully computed HSC for Q92879.
INFO:2025-10-30 14:45:05,004:Processing Q92882 with model AF-Q92882-F1-model_v4.pdb
INFO:2025-10-30 14:45:05,053:Computing HSC features for: Q92882, ENST00000346234, ../Ntranos_Rotation/ESM-SaProt/AF-Q92882-F1-model_v4.pdb.gz
INFO:2025-10-30 14:45:24,765:Successfully computed HSC for Q92882.
INFO:2025-10-30 14:45:24,765:Processing Q92886 with model AF-Q92886-F1-model_v4.pdb
INFO:2025-10-30 14:45:24,848:Computing HSC features for: Q92886, ENST00000314744, ../Ntranos_Rotation/ESM-SaProt/AF-Q92886-F1-model_v4.pdb.gz
INFO:2025-10-30 14:46:40,745:Successfully computed HSC for Q92886.
INFO:2025-10-30 14:46:40,746:Processing Q92887 with model AF-Q92887-F1-model_v4.pdb
ERROR:2025-10-30 14:46:41,109:No transcript record found for Q92887 in gnomAD.
INFO:2025-10-30 14:46:41,110:Processing Q92888 with model AF-Q92888-F1-model_v4.pdb
INFO:2025-10-30 14:46:41,323:Computing HSC features for: Q92888, ENST00000354532, ../Ntranos_Rotation/ESM-SaProt/AF-Q92888-F1-model_v4.pdb.gz
INFO:2025-10-30 14:49:02,166:Successfully computed HSC for Q92888.
INFO:2025-10-30 14:49:02,166:Processing Q92889 with model AF-Q92889-F1-model_v4.pdb
INFO:2025-10-30 14:49:02,334:Computing HSC features for: Q92889, ENST00000311895, ../Ntranos_Rotation/ESM-SaProt/AF-Q92889-F1-model_v4.pdb.gz
INFO:2025-10-30 14:51:08,636:Successfully computed HSC for Q92889.
INFO:2025-10-30 14:51:08,637:Processing Q92890 with model AF-Q92890-F1-model_v4.pdb
INFO:2025-10-30 14:51:08,724:Computing HSC features for: Q92890, ENST00000263202, ../Ntranos_Rotation/ESM-SaProt/AF-Q92890-F1-model_v4.pdb.gz
INFO:2025-10-30 14:51:51,424:Successfully computed HSC for Q92890.
INFO:2025-10-30 14:51:51,424:Processing Q92896 with model AF-Q92896-F1-model_v4.pdb
INFO:2025-10-30 14:51:51,677:Computing HSC features for: Q92896, ENST00000422840, ../Ntranos_Rotation/ESM-SaProt/AF-Q92896-F1-model_v4.pdb.gz
INFO:2025-10-30 14:54:45,024:Successfully computed HSC for Q92896.
INFO:2025-10-30 14:54:45,024:Processing Q92900 with model AF-Q92900-F1-model_v4.pdb
INFO:2025-10-30 14:54:45,277:Computing HSC features for: Q92900, ENST00000599848, ../Ntranos_Rotation/ESM-SaProt/AF-Q92900-F1-model_v4.pdb.gz
INFO:2025-10-30 14:57:34,041:Successfully computed HSC for Q92900.
INFO:2025-10-30 14:57:34,042:Processing Q92901 with model AF-Q92901-F1-model_v4.pdb
ERROR:2025-10-30 14:57:34,156:No transcript record found for Q92901 in gnomAD.
INFO:2025-10-30 14:57:34,157:Processing Q92902 with model AF-Q92902-F1-model_v4.pdb
ERROR:2025-10-30 14:57:34,313:No transcript record found for Q92902 in gnomAD.
INFO:2025-10-30 14:57:34,313:Processing Q92903 with model AF-Q92903-F1-model_v4.pdb
INFO:2025-10-30 14:57:34,447:Computing HSC features for: Q92903, ENST00000295887, ../Ntranos_Rotation/ESM-SaProt/AF-Q92903-F1-model_v4.pdb.gz
INFO:2025-10-30 14:58:18,856:Successfully computed HSC for Q92903.
INFO:2025-10-30 14:58:18,856:Processing Q92904 with model AF-Q92904-F1-model_v4.pdb
INFO:2025-10-30 14:58:18,939:Computing HSC features for: Q92904, ENST00000399444, ../Ntranos_Rotation/ESM-SaProt/AF-Q92904-F1-model_v4.pdb.gz
INFO:2025-10-30 14:59:11,282:Successfully computed HSC for Q92904.
INFO:2025-10-30 14:59:11,282:Processing Q92905 with model AF-Q92905-F1-model_v4.pdb
INFO:2025-10-30 14:59:11,344:Computing HSC features for: Q92905, ENST00000357849, ../Ntranos_Rotation/ESM-SaProt/AF-Q92905-F1-model_v4.pdb.gz
INFO:2025-10-30 14:59:49,103:Successfully computed HSC for Q92905.
INFO:2025-10-30 14:59:49,103:Processing Q92908 with model AF-Q92908-F1-model_v4.pdb
INFO:2025-10-30 14:59:49,267:Computing HSC features for: Q92908, ENST00000269216, ../Ntranos_Rotation/ESM-SaProt/AF-Q92908-F1-model_v4.pdb.gz
INFO:2025-10-30 15:01:51,952:Successfully computed HSC for Q92908.
INFO:2025-10-30 15:01:51,952:Processing Q92911 with model AF-Q92911-F1-model_v4.pdb
INFO:2025-10-30 15:01:52,116:Computing HSC features for: Q92911, ENST00000222248, ../Ntranos_Rotation/ESM-SaProt/AF-Q92911-F1-model_v4.pdb.gz
INFO:2025-10-30 15:03:21,453:Successfully computed HSC for Q92911.
INFO:2025-10-30 15:03:21,453:Processing Q92913 with model AF-Q92913-F1-model_v4.pdb
INFO:2025-10-30 15:03:21,522:Computing HSC features for: Q92913, ENST00000315930, ../Ntranos_Rotation/ESM-SaProt/AF-Q92913-F1-model_v4.pdb.gz
INFO:2025-10-30 15:03:50,369:Successfully computed HSC for Q92913.
INFO:2025-10-30 15:03:50,369:Processing Q92914 with model AF-Q92914-F1-model_v4.pdb
INFO:2025-10-30 15:03:50,424:Computing HSC features for: Q92914, ENST00000293829, ../Ntranos_Rotation/ESM-SaProt/AF-Q92914-F1-model_v4.pdb.gz
INFO:2025-10-30 15:04:25,002:Successfully computed HSC for Q92914.
INFO:2025-10-30 15:04:25,002:Processing Q92915 with model AF-Q92915-F1-model_v4.pdb
INFO:2025-10-30 15:04:25,094:Computing HSC features for: Q92915, ENST00000376143, ../Ntranos_Rotation/ESM-SaProt/AF-Q92915-F1-model_v4.pdb.gz
INFO:2025-10-30 15:05:06,020:Successfully computed HSC for Q92915.
INFO:2025-10-30 15:05:06,020:Processing Q92917 with model AF-Q92917-F1-model_v4.pdb
ERROR:2025-10-30 15:05:06,099:No transcript record found for Q92917 in gnomAD.
INFO:2025-10-30 15:05:06,099:Processing Q92918 with model AF-Q92918-F1-model_v4.pdb
INFO:2025-10-30 15:05:06,218:Computing HSC features for: Q92918, ENST00000591517, ../Ntranos_Rotation/ESM-SaProt/AF-Q92918-F1-model_v4.pdb.gz
INFO:2025-10-30 15:07:19,890:Successfully computed HSC for Q92918.
INFO:2025-10-30 15:07:19,891:Processing Q92922 with model AF-Q92922-F1-model_v4.pdb
INFO:2025-10-30 15:07:20,131:Computing HSC features for: Q92922, ENST00000254480, ../Ntranos_Rotation/ESM-SaProt/AF-Q92922-F1-model_v4.pdb.gz
INFO:2025-10-30 15:09:39,044:Successfully computed HSC for Q92922.
INFO:2025-10-30 15:09:39,044:Processing Q92925 with model AF-Q92925-F1-model_v4.pdb
INFO:2025-10-30 15:09:39,169:Computing HSC features for: Q92925, ENST00000448276, ../Ntranos_Rotation/ESM-SaProt/AF-Q92925-F1-model_v4.pdb.gz
INFO:2025-10-30 15:11:24,243:Successfully computed HSC for Q92925.
INFO:2025-10-30 15:11:24,243:Processing Q92928 with model AF-Q92928-F1-model_v4.pdb
ERROR:2025-10-30 15:11:24,349:No ENST transcript IDs were mapped to Q92928
INFO:2025-10-30 15:11:24,349:Processing Q92930 with model AF-Q92930-F1-model_v4.pdb
INFO:2025-10-30 15:11:24,417:Computing HSC features for: Q92930, ENST00000321437, ../Ntranos_Rotation/ESM-SaProt/AF-Q92930-F1-model_v4.pdb.gz
INFO:2025-10-30 15:11:48,252:Successfully computed HSC for Q92930.
INFO:2025-10-30 15:11:48,252:Processing Q92932 with model AF-Q92932-F1-model_v4.pdb
INFO:2025-10-30 15:11:48,470:Computing HSC features for: Q92932, ENST00000389418, ../Ntranos_Rotation/ESM-SaProt/AF-Q92932-F1-model_v4.pdb.gz
INFO:2025-10-30 15:14:19,716:Successfully computed HSC for Q92932.
INFO:2025-10-30 15:14:19,717:Processing Q92934 with model AF-Q92934-F1-model_v4.pdb
INFO:2025-10-30 15:14:19,847:Computing HSC features for: Q92934, ENST00000309032, ../Ntranos_Rotation/ESM-SaProt/AF-Q92934-F1-model_v4.pdb.gz
INFO:2025-10-30 15:14:45,937:Successfully computed HSC for Q92934.
INFO:2025-10-30 15:14:45,937:Processing Q92935 with model AF-Q92935-F1-model_v4.pdb
INFO:2025-10-30 15:14:46,090:Computing HSC features for: Q92935, ENST00000374280, ../Ntranos_Rotation/ESM-SaProt/AF-Q92935-F1-model_v4.pdb.gz
INFO:2025-10-30 15:16:11,838:Successfully computed HSC for Q92935.
INFO:2025-10-30 15:16:11,839:Processing Q92945 with model AF-Q92945-F1-model_v4.pdb
INFO:2025-10-30 15:16:11,945:Computing HSC features for: Q92945, ENST00000398148, ../Ntranos_Rotation/ESM-SaProt/AF-Q92945-F1-model_v4.pdb.gz
INFO:2025-10-30 15:17:54,619:Successfully computed HSC for Q92945.
INFO:2025-10-30 15:17:54,619:Processing Q92947 with model AF-Q92947-F1-model_v4.pdb
INFO:2025-10-30 15:17:54,692:Computing HSC features for: Q92947, ENST00000222214, ../Ntranos_Rotation/ESM-SaProt/AF-Q92947-F1-model_v4.pdb.gz
INFO:2025-10-30 15:18:58,082:Successfully computed HSC for Q92947.
INFO:2025-10-30 15:18:58,082:Processing Q92949 with model AF-Q92949-F1-model_v4.pdb
INFO:2025-10-30 15:18:58,198:Computing HSC features for: Q92949, ENST00000322957, ../Ntranos_Rotation/ESM-SaProt/AF-Q92949-F1-model_v4.pdb.gz
INFO:2025-10-30 15:20:11,511:Successfully computed HSC for Q92949.
INFO:2025-10-30 15:20:11,511:Processing Q92952 with model AF-Q92952-F1-model_v4.pdb
INFO:2025-10-30 15:20:11,634:Computing HSC features for: Q92952, ENST00000222249, ../Ntranos_Rotation/ESM-SaProt/AF-Q92952-F1-model_v4.pdb.gz
INFO:2025-10-30 15:21:42,403:Successfully computed HSC for Q92952.
INFO:2025-10-30 15:21:42,404:Pipeline completed.
INFO:2025-10-30 15:21:42,404:no_enst_for_uniprot: 4
INFO:2025-10-30 15:21:42,404:no_valid_cds: 1
INFO:2025-10-30 15:21:42,404:no_variant_data: 5
INFO:2025-10-30 15:21:42,404:bad_structure: 0
INFO:2025-10-30 15:21:42,404:no_enst_mp: 0
