INFO:2025-10-30 14:26:02,431:Starting HSC computation pipeline...
INFO:2025-10-30 14:27:05,227:Processing Q86UA6 with model AF-Q86UA6-F1-model_v4.pdb
INFO:2025-10-30 14:27:05,286:Computing HSC features for: Q86UA6, ENST00000381209, ../Ntranos_Rotation/ESM-SaProt/AF-Q86UA6-F1-model_v4.pdb.gz
INFO:2025-10-30 14:27:26,176:Successfully computed HSC for Q86UA6.
INFO:2025-10-30 14:27:26,176:Processing Q86UB2 with model AF-Q86UB2-F1-model_v4.pdb
INFO:2025-10-30 14:27:26,349:Computing HSC features for: Q86UB2, ENST00000257336, ../Ntranos_Rotation/ESM-SaProt/AF-Q86UB2-F1-model_v4.pdb.gz
INFO:2025-10-30 14:27:55,333:Successfully computed HSC for Q86UB2.
INFO:2025-10-30 14:27:55,333:Processing Q86UB9 with model AF-Q86UB9-F1-model_v4.pdb
INFO:2025-10-30 14:27:55,466:Computing HSC features for: Q86UB9, ENST00000305494, ../Ntranos_Rotation/ESM-SaProt/AF-Q86UB9-F1-model_v4.pdb.gz
INFO:2025-10-30 14:28:29,258:Successfully computed HSC for Q86UB9.
INFO:2025-10-30 14:28:29,258:Processing Q86UC2 with model AF-Q86UC2-F1-model_v4.pdb
ERROR:2025-10-30 14:28:29,375:No ENST transcript IDs were mapped to Q86UC2
INFO:2025-10-30 14:28:29,375:Processing Q86UD0 with model AF-Q86UD0-F1-model_v4.pdb
INFO:2025-10-30 14:28:29,472:Computing HSC features for: Q86UD0, ENST00000409687, ../Ntranos_Rotation/ESM-SaProt/AF-Q86UD0-F1-model_v4.pdb.gz
INFO:2025-10-30 14:29:29,531:Successfully computed HSC for Q86UD0.
INFO:2025-10-30 14:29:29,531:Processing Q86UD1 with model AF-Q86UD1-F1-model_v4.pdb
INFO:2025-10-30 14:29:29,605:Computing HSC features for: Q86UD1, ENST00000328965, ../Ntranos_Rotation/ESM-SaProt/AF-Q86UD1-F1-model_v4.pdb.gz
INFO:2025-10-30 14:30:00,206:Successfully computed HSC for Q86UD1.
INFO:2025-10-30 14:30:00,207:Processing Q86UD3 with model AF-Q86UD3-F1-model_v4.pdb
INFO:2025-10-30 14:30:00,294:Computing HSC features for: Q86UD3, ENST00000308660, ../Ntranos_Rotation/ESM-SaProt/AF-Q86UD3-F1-model_v4.pdb.gz
INFO:2025-10-30 14:30:20,400:Successfully computed HSC for Q86UD3.
INFO:2025-10-30 14:30:20,400:Processing Q86UD4 with model AF-Q86UD4-F1-model_v4.pdb
INFO:2025-10-30 14:30:20,490:Computing HSC features for: Q86UD4, ENST00000358067, ../Ntranos_Rotation/ESM-SaProt/AF-Q86UD4-F1-model_v4.pdb.gz
INFO:2025-10-30 14:30:52,376:Successfully computed HSC for Q86UD4.
INFO:2025-10-30 14:30:52,376:Processing Q86UD5 with model AF-Q86UD5-F1-model_v4.pdb
INFO:2025-10-30 14:30:52,497:Computing HSC features for: Q86UD5, ENST00000362026, ../Ntranos_Rotation/ESM-SaProt/AF-Q86UD5-F1-model_v4.pdb.gz
INFO:2025-10-30 14:31:24,261:Successfully computed HSC for Q86UD5.
INFO:2025-10-30 14:31:24,262:Processing Q86UD7 with model AF-Q86UD7-F1-model_v4.pdb
ERROR:2025-10-30 14:31:24,336:No transcript record found for Q86UD7 in gnomAD.
INFO:2025-10-30 14:31:24,336:Processing Q86UE3 with model AF-Q86UE3-F1-model_v4.pdb
INFO:2025-10-30 14:31:24,505:Computing HSC features for: Q86UE3, ENST00000347077, ../Ntranos_Rotation/ESM-SaProt/AF-Q86UE3-F1-model_v4.pdb.gz
INFO:2025-10-30 14:32:31,881:Successfully computed HSC for Q86UE3.
INFO:2025-10-30 14:32:31,881:Processing Q86UE4 with model AF-Q86UE4-F1-model_v4.pdb
INFO:2025-10-30 14:32:31,970:Computing HSC features for: Q86UE4, ENST00000336273, ../Ntranos_Rotation/ESM-SaProt/AF-Q86UE4-F1-model_v4.pdb.gz
INFO:2025-10-30 14:33:15,702:Successfully computed HSC for Q86UE4.
INFO:2025-10-30 14:33:15,702:Processing Q86UE6 with model AF-Q86UE6-F1-model_v4.pdb
INFO:2025-10-30 14:33:15,784:Computing HSC features for: Q86UE6, ENST00000295057, ../Ntranos_Rotation/ESM-SaProt/AF-Q86UE6-F1-model_v4.pdb.gz
INFO:2025-10-30 14:34:14,556:Successfully computed HSC for Q86UE6.
INFO:2025-10-30 14:34:14,556:Processing Q86UE8 with model AF-Q86UE8-F1-model_v4.pdb
INFO:2025-10-30 14:34:14,657:Computing HSC features for: Q86UE8, ENST00000326270, ../Ntranos_Rotation/ESM-SaProt/AF-Q86UE8-F1-model_v4.pdb.gz
INFO:2025-10-30 14:35:17,735:Successfully computed HSC for Q86UE8.
INFO:2025-10-30 14:35:17,735:Processing Q86UF1 with model AF-Q86UF1-F1-model_v4.pdb
ERROR:2025-10-30 14:35:17,814:No transcript record found for Q86UF1 in gnomAD.
INFO:2025-10-30 14:35:17,814:Processing Q86UF2 with model AF-Q86UF2-F1-model_v4.pdb
INFO:2025-10-30 14:35:17,957:Computing HSC features for: Q86UF2, ENST00000470691, ../Ntranos_Rotation/ESM-SaProt/AF-Q86UF2-F1-model_v4.pdb.gz
INFO:2025-10-30 14:36:01,856:Successfully computed HSC for Q86UF2.
INFO:2025-10-30 14:36:01,857:Processing Q86UF4 with model AF-Q86UF4-F1-model_v4.pdb
INFO:2025-10-30 14:36:01,956:Computing HSC features for: Q86UF4, ENST00000367910, ../Ntranos_Rotation/ESM-SaProt/AF-Q86UF4-F1-model_v4.pdb.gz
INFO:2025-10-30 14:36:18,474:Successfully computed HSC for Q86UF4.
INFO:2025-10-30 14:36:18,474:Processing Q86UG4 with model AF-Q86UG4-F1-model_v4.pdb
INFO:2025-10-30 14:36:18,570:Computing HSC features for: Q86UG4, ENST00000379807, ../Ntranos_Rotation/ESM-SaProt/AF-Q86UG4-F1-model_v4.pdb.gz
INFO:2025-10-30 14:37:08,293:Successfully computed HSC for Q86UG4.
INFO:2025-10-30 14:37:08,294:Processing Q86UK0 with model AF-Q86UK0-F1-model_v4.pdb
INFO:2025-10-30 14:37:08,675:Computing HSC features for: Q86UK0, ENST00000272895, ../Ntranos_Rotation/ESM-SaProt/AF-Q86UK0-F1-model_v4.pdb.gz
INFO:2025-10-30 14:39:43,982:Successfully computed HSC for Q86UK0.
INFO:2025-10-30 14:39:43,983:Processing Q86UK5 with model AF-Q86UK5-F1-model_v4.pdb
INFO:2025-10-30 14:39:44,208:Computing HSC features for: Q86UK5, ENST00000344408, ../Ntranos_Rotation/ESM-SaProt/AF-Q86UK5-F1-model_v4.pdb.gz
INFO:2025-10-30 14:41:23,114:Successfully computed HSC for Q86UK5.
INFO:2025-10-30 14:41:23,114:Processing Q86UK7 with model AF-Q86UK7-F1-model_v4.pdb
ERROR:2025-10-30 14:41:23,292:No ENST transcript IDs were mapped to Q86UK7
INFO:2025-10-30 14:41:23,292:Processing Q86UL3 with model AF-Q86UL3-F1-model_v4.pdb
INFO:2025-10-30 14:41:23,452:Computing HSC features for: Q86UL3, ENST00000396987, ../Ntranos_Rotation/ESM-SaProt/AF-Q86UL3-F1-model_v4.pdb.gz
INFO:2025-10-30 14:41:57,838:Successfully computed HSC for Q86UL3.
INFO:2025-10-30 14:41:57,838:Processing Q86UL8 with model AF-Q86UL8-F1-model_v4.pdb
INFO:2025-10-30 14:41:57,998:Computing HSC features for: Q86UL8, ENST00000354212, ../Ntranos_Rotation/ESM-SaProt/AF-Q86UL8-F1-model_v4.pdb.gz
INFO:2025-10-30 14:43:56,436:Successfully computed HSC for Q86UL8.
INFO:2025-10-30 14:43:56,436:Processing Q86UN2 with model AF-Q86UN2-F1-model_v4.pdb
INFO:2025-10-30 14:43:56,548:Computing HSC features for: Q86UN2, ENST00000331238, ../Ntranos_Rotation/ESM-SaProt/AF-Q86UN2-F1-model_v4.pdb.gz
INFO:2025-10-30 14:45:00,695:Successfully computed HSC for Q86UN2.
INFO:2025-10-30 14:45:00,695:Processing Q86UN3 with model AF-Q86UN3-F1-model_v4.pdb
INFO:2025-10-30 14:45:00,773:Computing HSC features for: Q86UN3, ENST00000335099, ../Ntranos_Rotation/ESM-SaProt/AF-Q86UN3-F1-model_v4.pdb.gz
INFO:2025-10-30 14:45:50,639:Successfully computed HSC for Q86UN3.
INFO:2025-10-30 14:45:50,639:Processing Q86UN6 with model AF-Q86UN6-F1-model_v4.pdb
INFO:2025-10-30 14:45:50,690:Computing HSC features for: Q86UN6, ENST00000371431, ../Ntranos_Rotation/ESM-SaProt/AF-Q86UN6-F1-model_v4.pdb.gz
INFO:2025-10-30 14:46:07,081:Successfully computed HSC for Q86UN6.
INFO:2025-10-30 14:46:07,081:Processing Q86UP0 with model AF-Q86UP0-F1-model_v4.pdb
INFO:2025-10-30 14:46:07,407:Computing HSC features for: Q86UP0, ENST00000267383, ../Ntranos_Rotation/ESM-SaProt/AF-Q86UP0-F1-model_v4.pdb.gz
INFO:2025-10-30 14:47:26,101:Successfully computed HSC for Q86UP0.
INFO:2025-10-30 14:47:26,101:Processing Q86UP2 with model AF-Q86UP2-F1-model_v4.pdb
INFO:2025-10-30 14:47:26,258:Computing HSC features for: Q86UP2, ENST00000395314, ../Ntranos_Rotation/ESM-SaProt/AF-Q86UP2-F1-model_v4.pdb.gz
INFO:2025-10-30 14:48:52,490:Successfully computed HSC for Q86UP2.
INFO:2025-10-30 14:48:52,491:Processing Q86UP3 with model AF-Q86UP3-F1-model_v4.pdb
ERROR:2025-10-30 14:48:52,641:No valid CDS found for Q86UP3
INFO:2025-10-30 14:48:52,641:Processing Q86UP6 with model AF-Q86UP6-F1-model_v4.pdb
INFO:2025-10-30 14:48:52,752:Computing HSC features for: Q86UP6, ENST00000392790, ../Ntranos_Rotation/ESM-SaProt/AF-Q86UP6-F1-model_v4.pdb.gz
INFO:2025-10-30 14:49:27,458:Successfully computed HSC for Q86UP6.
INFO:2025-10-30 14:49:27,459:Processing Q86UP8 with model AF-Q86UP8-F1-model_v4.pdb
INFO:2025-10-30 14:49:27,624:Computing HSC features for: Q86UP8, ENST00000451013, ../Ntranos_Rotation/ESM-SaProt/AF-Q86UP8-F1-model_v4.pdb.gz
INFO:2025-10-30 14:50:40,482:Successfully computed HSC for Q86UP8.
INFO:2025-10-30 14:50:40,482:Processing Q86UP9 with model AF-Q86UP9-F1-model_v4.pdb
INFO:2025-10-30 14:50:40,544:Computing HSC features for: Q86UP9, ENST00000424859, ../Ntranos_Rotation/ESM-SaProt/AF-Q86UP9-F1-model_v4.pdb.gz
INFO:2025-10-30 14:51:02,391:Successfully computed HSC for Q86UP9.
INFO:2025-10-30 14:51:02,391:Processing Q86UQ0 with model AF-Q86UQ0-F1-model_v4.pdb
INFO:2025-10-30 14:51:02,465:Computing HSC features for: Q86UQ0, ENST00000354698, ../Ntranos_Rotation/ESM-SaProt/AF-Q86UQ0-F1-model_v4.pdb.gz
INFO:2025-10-30 14:51:25,362:Successfully computed HSC for Q86UQ0.
INFO:2025-10-30 14:51:25,362:Processing Q86UQ4 with model AF-Q86UQ4-F1-model_v4.pdb
ERROR:2025-10-30 14:51:25,521:No valid CDS found for Q86UQ4
INFO:2025-10-30 14:51:25,521:Processing Q86W33 with model AF-Q86W33-F1-model_v4.pdb
INFO:2025-10-30 14:51:25,681:Computing HSC features for: Q86W33, ENST00000355552, ../Ntranos_Rotation/ESM-SaProt/AF-Q86W33-F1-model_v4.pdb.gz
INFO:2025-10-30 14:51:57,251:Successfully computed HSC for Q86W33.
INFO:2025-10-30 14:51:57,251:Processing Q86W34 with model AF-Q86W34-F1-model_v4.pdb
INFO:2025-10-30 14:51:57,316:Computing HSC features for: Q86W34, ENST00000359904, ../Ntranos_Rotation/ESM-SaProt/AF-Q86W34-F1-model_v4.pdb.gz
INFO:2025-10-30 14:52:18,108:Successfully computed HSC for Q86W34.
INFO:2025-10-30 14:52:18,109:Processing Q86W42 with model AF-Q86W42-F1-model_v4.pdb
INFO:2025-10-30 14:52:18,162:Computing HSC features for: Q86W42, ENST00000326266, ../Ntranos_Rotation/ESM-SaProt/AF-Q86W42-F1-model_v4.pdb.gz
INFO:2025-10-30 14:52:45,275:Successfully computed HSC for Q86W42.
INFO:2025-10-30 14:52:45,275:Processing Q86W47 with model AF-Q86W47-F1-model_v4.pdb
INFO:2025-10-30 14:52:45,391:Computing HSC features for: Q86W47, ENST00000258111, ../Ntranos_Rotation/ESM-SaProt/AF-Q86W47-F1-model_v4.pdb.gz
INFO:2025-10-30 14:53:08,964:Successfully computed HSC for Q86W47.
INFO:2025-10-30 14:53:08,964:Processing Q86W50 with model AF-Q86W50-F1-model_v4.pdb
INFO:2025-10-30 14:53:09,079:Computing HSC features for: Q86W50, ENST00000263092, ../Ntranos_Rotation/ESM-SaProt/AF-Q86W50-F1-model_v4.pdb.gz
INFO:2025-10-30 14:53:56,645:Successfully computed HSC for Q86W50.
INFO:2025-10-30 14:53:56,645:Processing Q86W54 with model AF-Q86W54-F1-model_v4.pdb
INFO:2025-10-30 14:53:56,686:Computing HSC features for: Q86W54, ENST00000450845, ../Ntranos_Rotation/ESM-SaProt/AF-Q86W54-F1-model_v4.pdb.gz
INFO:2025-10-30 14:54:10,614:Successfully computed HSC for Q86W54.
INFO:2025-10-30 14:54:10,614:Processing Q86W56 with model AF-Q86W56-F1-model_v4.pdb
INFO:2025-10-30 14:54:10,753:Computing HSC features for: Q86W56, ENST00000402038, ../Ntranos_Rotation/ESM-SaProt/AF-Q86W56-F1-model_v4.pdb.gz
INFO:2025-10-30 14:55:19,159:Successfully computed HSC for Q86W56.
INFO:2025-10-30 14:55:19,159:Processing Q86W67 with model AF-Q86W67-F1-model_v4.pdb
INFO:2025-10-30 14:55:19,212:Computing HSC features for: Q86W67, ENST00000295150, ../Ntranos_Rotation/ESM-SaProt/AF-Q86W67-F1-model_v4.pdb.gz
INFO:2025-10-30 14:55:38,224:Successfully computed HSC for Q86W67.
INFO:2025-10-30 14:55:38,224:Processing Q86W74 with model AF-Q86W74-F1-model_v4.pdb
INFO:2025-10-30 14:55:38,495:Computing HSC features for: Q86W74, ENST00000335659, ../Ntranos_Rotation/ESM-SaProt/AF-Q86W74-F1-model_v4.pdb.gz
INFO:2025-10-30 14:55:53,587:Successfully computed HSC for Q86W74.
INFO:2025-10-30 14:55:53,587:Processing Q86W92 with model AF-Q86W92-F1-model_v4.pdb
INFO:2025-10-30 14:55:53,751:Computing HSC features for: Q86W92, ENST00000318304, ../Ntranos_Rotation/ESM-SaProt/AF-Q86W92-F1-model_v4.pdb.gz
INFO:2025-10-30 14:56:56,366:Successfully computed HSC for Q86W92.
INFO:2025-10-30 14:56:56,367:Processing Q86WA6 with model AF-Q86WA6-F1-model_v4.pdb
INFO:2025-10-30 14:56:56,443:Computing HSC features for: Q86WA6, ENST00000380379, ../Ntranos_Rotation/ESM-SaProt/AF-Q86WA6-F1-model_v4.pdb.gz
INFO:2025-10-30 14:57:22,657:Successfully computed HSC for Q86WA6.
INFO:2025-10-30 14:57:22,658:Processing Q86WA8 with model AF-Q86WA8-F1-model_v4.pdb
INFO:2025-10-30 14:57:22,830:Computing HSC features for: Q86WA8, ENST00000285737, ../Ntranos_Rotation/ESM-SaProt/AF-Q86WA8-F1-model_v4.pdb.gz
INFO:2025-10-30 14:58:19,623:Successfully computed HSC for Q86WA8.
INFO:2025-10-30 14:58:19,623:Processing Q86WA9 with model AF-Q86WA9-F1-model_v4.pdb
INFO:2025-10-30 14:58:19,750:Computing HSC features for: Q86WA9, ENST00000361193, ../Ntranos_Rotation/ESM-SaProt/AF-Q86WA9-F1-model_v4.pdb.gz
INFO:2025-10-30 14:59:11,524:Successfully computed HSC for Q86WA9.
INFO:2025-10-30 14:59:11,524:Processing Q86WB0 with model AF-Q86WB0-F1-model_v4.pdb
INFO:2025-10-30 14:59:11,652:Computing HSC features for: Q86WB0, ENST00000358303, ../Ntranos_Rotation/ESM-SaProt/AF-Q86WB0-F1-model_v4.pdb.gz
INFO:2025-10-30 14:59:47,805:Successfully computed HSC for Q86WB0.
INFO:2025-10-30 14:59:47,805:Processing Q86WB7 with model AF-Q86WB7-F1-model_v4.pdb
INFO:2025-10-30 14:59:47,901:Computing HSC features for: Q86WB7, ENST00000230256, ../Ntranos_Rotation/ESM-SaProt/AF-Q86WB7-F1-model_v4.pdb.gz
INFO:2025-10-30 15:00:25,957:Successfully computed HSC for Q86WB7.
INFO:2025-10-30 15:00:25,957:Processing Q86WC4 with model AF-Q86WC4-F1-model_v4.pdb
ERROR:2025-10-30 15:00:26,035:No transcript record found for Q86WC4 in gnomAD.
INFO:2025-10-30 15:00:26,035:Pipeline completed.
INFO:2025-10-30 15:00:26,035:no_enst_for_uniprot: 2
INFO:2025-10-30 15:00:26,035:no_valid_cds: 2
INFO:2025-10-30 15:00:26,035:no_variant_data: 3
INFO:2025-10-30 15:00:26,035:bad_structure: 0
INFO:2025-10-30 15:00:26,035:no_enst_mp: 0
