INFO:2025-10-30 14:25:03,920:Starting HSC computation pipeline...
INFO:2025-10-30 14:26:02,052:Processing Q5JXM2 with model AF-Q5JXM2-F1-model_v4.pdb
INFO:2025-10-30 14:26:02,113:Computing HSC features for: Q5JXM2, ENST00000338882, ../Ntranos_Rotation/ESM-SaProt/AF-Q5JXM2-F1-model_v4.pdb.gz
INFO:2025-10-30 14:26:38,346:Successfully computed HSC for Q5JXM2.
INFO:2025-10-30 14:26:38,346:Processing Q5JXX7 with model AF-Q5JXX7-F1-model_v4.pdb
INFO:2025-10-30 14:26:38,395:Computing HSC features for: Q5JXX7, ENST00000319560, ../Ntranos_Rotation/ESM-SaProt/AF-Q5JXX7-F1-model_v4.pdb.gz
INFO:2025-10-30 14:26:49,328:Successfully computed HSC for Q5JXX7.
INFO:2025-10-30 14:26:49,328:Processing Q5JY77 with model AF-Q5JY77-F1-model_v4.pdb
INFO:2025-10-30 14:26:49,447:Computing HSC features for: Q5JY77, ENST00000361600, ../Ntranos_Rotation/ESM-SaProt/AF-Q5JY77-F1-model_v4.pdb.gz
INFO:2025-10-30 14:28:05,186:Successfully computed HSC for Q5JY77.
INFO:2025-10-30 14:28:05,186:Processing Q5JYT7 with model AF-Q5JYT7-F1-model_v4.pdb
INFO:2025-10-30 14:28:05,402:Computing HSC features for: Q5JYT7, ENST00000279024, ../Ntranos_Rotation/ESM-SaProt/AF-Q5JYT7-F1-model_v4.pdb.gz
INFO:2025-10-30 14:29:31,351:Successfully computed HSC for Q5JYT7.
INFO:2025-10-30 14:29:31,351:Processing Q5JZY3 with model AF-Q5JZY3-F1-model_v4.pdb
INFO:2025-10-30 14:29:31,490:Computing HSC features for: Q5JZY3, ENST00000373048, ../Ntranos_Rotation/ESM-SaProt/AF-Q5JZY3-F1-model_v4.pdb.gz
INFO:2025-10-30 14:31:21,666:Successfully computed HSC for Q5JZY3.
INFO:2025-10-30 14:31:21,666:Processing Q5K130 with model AF-Q5K130-F1-model_v4.pdb
ERROR:2025-10-30 14:31:21,971:No ENST transcript IDs were mapped to Q5K130
INFO:2025-10-30 14:31:21,971:Processing Q5K131 with model AF-Q5K131-F1-model_v4.pdb
ERROR:2025-10-30 14:31:22,028:No ENST transcript IDs were mapped to Q5K131
INFO:2025-10-30 14:31:22,028:Processing Q5K4E3 with model AF-Q5K4E3-F1-model_v4.pdb
INFO:2025-10-30 14:31:22,368:Computing HSC features for: Q5K4E3, ENST00000268281, ../Ntranos_Rotation/ESM-SaProt/AF-Q5K4E3-F1-model_v4.pdb.gz
INFO:2025-10-30 14:32:45,739:Successfully computed HSC for Q5K4E3.
INFO:2025-10-30 14:32:45,739:Processing Q5K4L6 with model AF-Q5K4L6-F1-model_v4.pdb
ERROR:2025-10-30 14:32:45,845:No transcript record found for Q5K4L6 in gnomAD.
INFO:2025-10-30 14:32:45,845:Processing Q5K651 with model AF-Q5K651-F1-model_v4.pdb
INFO:2025-10-30 14:32:46,019:Computing HSC features for: Q5K651, ENST00000379958, ../Ntranos_Rotation/ESM-SaProt/AF-Q5K651-F1-model_v4.pdb.gz
INFO:2025-10-30 14:34:11,526:Successfully computed HSC for Q5K651.
INFO:2025-10-30 14:34:11,526:Processing Q5KSL6 with model AF-Q5KSL6-F1-model_v4.pdb
ERROR:2025-10-30 14:34:11,663:No transcript record found for Q5KSL6 in gnomAD.
INFO:2025-10-30 14:34:11,663:Processing Q5KU26 with model AF-Q5KU26-F1-model_v4.pdb
INFO:2025-10-30 14:34:11,768:Computing HSC features for: Q5KU26, ENST00000400256, ../Ntranos_Rotation/ESM-SaProt/AF-Q5KU26-F1-model_v4.pdb.gz
INFO:2025-10-30 14:35:27,266:Successfully computed HSC for Q5KU26.
INFO:2025-10-30 14:35:27,266:Processing Q5M775 with model AF-Q5M775-F1-model_v4.pdb
INFO:2025-10-30 14:35:27,436:Computing HSC features for: Q5M775, ENST00000261503, ../Ntranos_Rotation/ESM-SaProt/AF-Q5M775-F1-model_v4.pdb.gz
INFO:2025-10-30 14:37:14,983:Successfully computed HSC for Q5M775.
INFO:2025-10-30 14:37:14,983:Processing Q5M7Z0 with model AF-Q5M7Z0-F1-model_v4.pdb
INFO:2025-10-30 14:37:15,085:Computing HSC features for: Q5M7Z0, ENST00000305783, ../Ntranos_Rotation/ESM-SaProt/AF-Q5M7Z0-F1-model_v4.pdb.gz
INFO:2025-10-30 14:37:40,032:Successfully computed HSC for Q5M7Z0.
INFO:2025-10-30 14:37:40,033:Processing Q5M8T2 with model AF-Q5M8T2-F1-model_v4.pdb
INFO:2025-10-30 14:37:40,125:Computing HSC features for: Q5M8T2, ENST00000331858, ../Ntranos_Rotation/ESM-SaProt/AF-Q5M8T2-F1-model_v4.pdb.gz
INFO:2025-10-30 14:39:05,038:Successfully computed HSC for Q5M8T2.
INFO:2025-10-30 14:39:05,039:Processing Q5M9N0 with model AF-Q5M9N0-F1-model_v4.pdb
INFO:2025-10-30 14:39:05,249:Computing HSC features for: Q5M9N0, ENST00000388914, ../Ntranos_Rotation/ESM-SaProt/AF-Q5M9N0-F1-model_v4.pdb.gz
INFO:2025-10-30 14:40:57,399:Successfully computed HSC for Q5M9N0.
INFO:2025-10-30 14:40:57,399:Processing Q5JR59 with model AF-Q5JR59-F1-model_v4.pdb
ERROR:2025-10-30 14:40:57,569:No transcript record found for Q5JR59 in gnomAD.
INFO:2025-10-30 14:40:57,569:Processing Q5JR98 with model AF-Q5JR98-F1-model_v4.pdb
INFO:2025-10-30 14:40:57,604:Computing HSC features for: Q5JR98, ENST00000339355, ../Ntranos_Rotation/ESM-SaProt/AF-Q5JR98-F1-model_v4.pdb.gz
INFO:2025-10-30 14:41:34,614:Successfully computed HSC for Q5JR98.
INFO:2025-10-30 14:41:34,614:Processing Q5JRA6 with model AF-Q5JRA6-F1-model_v4.pdb
INFO:2025-10-30 14:41:34,923:Computing HSC features for: Q5JRA6, ENST00000344922, ../Ntranos_Rotation/ESM-SaProt/AF-Q5JRA6-F1-model_v4.pdb.gz
INFO:2025-10-30 14:43:49,830:Successfully computed HSC for Q5JRA6.
INFO:2025-10-30 14:43:49,830:Processing Q5JRC9 with model AF-Q5JRC9-F1-model_v4.pdb
INFO:2025-10-30 14:43:49,980:Computing HSC features for: Q5JRC9, ENST00000346193, ../Ntranos_Rotation/ESM-SaProt/AF-Q5JRC9-F1-model_v4.pdb.gz
INFO:2025-10-30 14:44:54,408:Successfully computed HSC for Q5JRC9.
INFO:2025-10-30 14:44:54,408:Processing Q5JRK9 with model AF-Q5JRK9-F1-model_v4.pdb
INFO:2025-10-30 14:44:54,452:Computing HSC features for: Q5JRK9, ENST00000374971, ../Ntranos_Rotation/ESM-SaProt/AF-Q5JRK9-F1-model_v4.pdb.gz
INFO:2025-10-30 14:45:07,921:Successfully computed HSC for Q5JRK9.
INFO:2025-10-30 14:45:07,921:Processing Q5JRM2 with model AF-Q5JRM2-F1-model_v4.pdb
INFO:2025-10-30 14:45:08,001:Computing HSC features for: Q5JRM2, ENST00000370540, ../Ntranos_Rotation/ESM-SaProt/AF-Q5JRM2-F1-model_v4.pdb.gz
INFO:2025-10-30 14:45:29,156:Successfully computed HSC for Q5JRM2.
INFO:2025-10-30 14:45:29,156:Processing Q5JRS4 with model AF-Q5JRS4-F1-model_v4.pdb
ERROR:2025-10-30 14:45:29,218:No transcript record found for Q5JRS4 in gnomAD.
INFO:2025-10-30 14:45:29,218:Processing Q5JRV8 with model AF-Q5JRV8-F1-model_v4.pdb
INFO:2025-10-30 14:45:29,303:Computing HSC features for: Q5JRV8, ENST00000309720, ../Ntranos_Rotation/ESM-SaProt/AF-Q5JRV8-F1-model_v4.pdb.gz
INFO:2025-10-30 14:46:04,090:Successfully computed HSC for Q5JRV8.
INFO:2025-10-30 14:46:04,090:Processing Q5JRX3 with model AF-Q5JRX3-F1-model_v4.pdb
INFO:2025-10-30 14:46:04,246:Computing HSC features for: Q5JRX3, ENST00000224949, ../Ntranos_Rotation/ESM-SaProt/AF-Q5JRX3-F1-model_v4.pdb.gz
INFO:2025-10-30 14:47:26,120:Successfully computed HSC for Q5JRX3.
INFO:2025-10-30 14:47:26,120:Processing Q5JS13 with model AF-Q5JS13-F1-model_v4.pdb
INFO:2025-10-30 14:47:26,194:Computing HSC features for: Q5JS13, ENST00000259351, ../Ntranos_Rotation/ESM-SaProt/AF-Q5JS13-F1-model_v4.pdb.gz
INFO:2025-10-30 14:48:03,817:Successfully computed HSC for Q5JS13.
INFO:2025-10-30 14:48:03,817:Processing Q5JS37 with model AF-Q5JS37-F1-model_v4.pdb
INFO:2025-10-30 14:48:03,901:Computing HSC features for: Q5JS37, ENST00000379600, ../Ntranos_Rotation/ESM-SaProt/AF-Q5JS37-F1-model_v4.pdb.gz
INFO:2025-10-30 14:48:24,191:Successfully computed HSC for Q5JS37.
INFO:2025-10-30 14:48:24,191:Processing Q5JS54 with model AF-Q5JS54-F1-model_v4.pdb
INFO:2025-10-30 14:48:24,283:Computing HSC features for: Q5JS54, ENST00000438998, ../Ntranos_Rotation/ESM-SaProt/AF-Q5JS54-F1-model_v4.pdb.gz
INFO:2025-10-30 14:48:36,233:Successfully computed HSC for Q5JS54.
INFO:2025-10-30 14:48:36,233:Processing Q5JSH3 with model AF-Q5JSH3-F1-model_v4.pdb
INFO:2025-10-30 14:48:36,331:Computing HSC features for: Q5JSH3, ENST00000254029, ../Ntranos_Rotation/ESM-SaProt/AF-Q5JSH3-F1-model_v4.pdb.gz
INFO:2025-10-30 14:49:28,160:Successfully computed HSC for Q5JSH3.
INFO:2025-10-30 14:49:28,160:Processing Q5JSJ4 with model AF-Q5JSJ4-F1-model_v4.pdb
INFO:2025-10-30 14:49:28,258:Computing HSC features for: Q5JSJ4, ENST00000370752, ../Ntranos_Rotation/ESM-SaProt/AF-Q5JSJ4-F1-model_v4.pdb.gz
INFO:2025-10-30 14:50:19,459:Successfully computed HSC for Q5JSJ4.
INFO:2025-10-30 14:50:19,460:Processing Q5JSL3 with model AF-Q5JSL3-F1-model_v4.pdb
INFO:2025-10-30 14:50:19,658:Computing HSC features for: Q5JSL3, ENST00000276202, ../Ntranos_Rotation/ESM-SaProt/AF-Q5JSL3-F1-model_v4.pdb.gz
INFO:2025-10-30 14:52:19,092:Successfully computed HSC for Q5JSL3.
INFO:2025-10-30 14:52:19,092:Processing Q5JSP0 with model AF-Q5JSP0-F1-model_v4.pdb
INFO:2025-10-30 14:52:19,173:Computing HSC features for: Q5JSP0, ENST00000337352, ../Ntranos_Rotation/ESM-SaProt/AF-Q5JSP0-F1-model_v4.pdb.gz
INFO:2025-10-30 14:53:22,010:Successfully computed HSC for Q5JSP0.
INFO:2025-10-30 14:53:22,010:Processing Q5JSQ8 with model AF-Q5JSQ8-F1-model_v4.pdb
INFO:2025-10-30 14:53:22,051:Computing HSC features for: Q5JSQ8, ENST00000370388, ../Ntranos_Rotation/ESM-SaProt/AF-Q5JSQ8-F1-model_v4.pdb.gz
INFO:2025-10-30 14:53:34,901:Successfully computed HSC for Q5JSQ8.
INFO:2025-10-30 14:53:34,901:Processing Q5JSS6 with model AF-Q5JSS6-F1-model_v4.pdb
INFO:2025-10-30 14:53:34,927:Computing HSC features for: Q5JSS6, ENST00000378240, ../Ntranos_Rotation/ESM-SaProt/AF-Q5JSS6-F1-model_v4.pdb.gz
INFO:2025-10-30 14:53:41,281:Successfully computed HSC for Q5JSS6.
INFO:2025-10-30 14:53:41,281:Processing Q5JST6 with model AF-Q5JST6-F1-model_v4.pdb
INFO:2025-10-30 14:53:41,366:Computing HSC features for: Q5JST6, ENST00000420999, ../Ntranos_Rotation/ESM-SaProt/AF-Q5JST6-F1-model_v4.pdb.gz
INFO:2025-10-30 14:54:28,955:Successfully computed HSC for Q5JST6.
INFO:2025-10-30 14:54:28,955:Processing Q5JSZ5 with model AF-Q5JSZ5-F1-model_v4.pdb
ERROR:2025-10-30 14:54:29,160:No transcript record found for Q5JSZ5 in gnomAD.
INFO:2025-10-30 14:54:29,160:Processing Q5JT25 with model AF-Q5JT25-F1-model_v4.pdb
INFO:2025-10-30 14:54:29,198:Computing HSC features for: Q5JT25, ENST00000374473, ../Ntranos_Rotation/ESM-SaProt/AF-Q5JT25-F1-model_v4.pdb.gz
INFO:2025-10-30 14:54:45,442:Successfully computed HSC for Q5JT25.
INFO:2025-10-30 14:54:45,442:Processing Q5JT82 with model AF-Q5JT82-F1-model_v4.pdb
INFO:2025-10-30 14:54:45,525:Computing HSC features for: Q5JT82, ENST00000372299, ../Ntranos_Rotation/ESM-SaProt/AF-Q5JT82-F1-model_v4.pdb.gz
INFO:2025-10-30 14:55:14,276:Successfully computed HSC for Q5JT82.
INFO:2025-10-30 14:55:14,276:Processing Q5JTB6 with model AF-Q5JTB6-F1-model_v4.pdb
INFO:2025-10-30 14:55:14,463:Computing HSC features for: Q5JTB6, ENST00000372263, ../Ntranos_Rotation/ESM-SaProt/AF-Q5JTB6-F1-model_v4.pdb.gz
INFO:2025-10-30 14:55:26,615:Successfully computed HSC for Q5JTB6.
INFO:2025-10-30 14:55:26,616:Processing Q5JTC6 with model AF-Q5JTC6-F1-model_v4.pdb
INFO:2025-10-30 14:55:26,728:Computing HSC features for: Q5JTC6, ENST00000374869, ../Ntranos_Rotation/ESM-SaProt/AF-Q5JTC6-F1-model_v4.pdb.gz
INFO:2025-10-30 14:56:39,798:Successfully computed HSC for Q5JTC6.
INFO:2025-10-30 14:56:39,798:Processing Q5JTD0 with model AF-Q5JTD0-F1-model_v4.pdb
INFO:2025-10-30 14:56:39,897:Computing HSC features for: Q5JTD0, ENST00000372445, ../Ntranos_Rotation/ESM-SaProt/AF-Q5JTD0-F1-model_v4.pdb.gz
INFO:2025-10-30 14:57:30,099:Successfully computed HSC for Q5JTD0.
INFO:2025-10-30 14:57:30,099:Processing Q5JTD7 with model AF-Q5JTD7-F1-model_v4.pdb
INFO:2025-10-30 14:57:30,147:Computing HSC features for: Q5JTD7, ENST00000372441, ../Ntranos_Rotation/ESM-SaProt/AF-Q5JTD7-F1-model_v4.pdb.gz
INFO:2025-10-30 14:58:02,133:Successfully computed HSC for Q5JTD7.
INFO:2025-10-30 14:58:02,133:Processing Q5JTH9 with model AF-Q5JTH9-F1-model_v4.pdb
INFO:2025-10-30 14:58:02,334:Computing HSC features for: Q5JTH9, ENST00000370992, ../Ntranos_Rotation/ESM-SaProt/AF-Q5JTH9-F1-model_v4.pdb.gz
INFO:2025-10-30 15:00:11,361:Successfully computed HSC for Q5JTH9.
INFO:2025-10-30 15:00:11,361:Processing Q5JTJ3 with model AF-Q5JTJ3-F1-model_v4.pdb
INFO:2025-10-30 15:00:11,587:Computing HSC features for: Q5JTJ3, ENST00000366613, ../Ntranos_Rotation/ESM-SaProt/AF-Q5JTJ3-F1-model_v4.pdb.gz
INFO:2025-10-30 15:00:20,691:Successfully computed HSC for Q5JTJ3.
INFO:2025-10-30 15:00:20,691:Processing Q5JTN6 with model AF-Q5JTN6-F1-model_v4.pdb
INFO:2025-10-30 15:00:20,737:Computing HSC features for: Q5JTN6, ENST00000373574, ../Ntranos_Rotation/ESM-SaProt/AF-Q5JTN6-F1-model_v4.pdb.gz
INFO:2025-10-30 15:00:47,542:Successfully computed HSC for Q5JTN6.
INFO:2025-10-30 15:00:47,542:Processing Q5JTV8 with model AF-Q5JTV8-F1-model_v4.pdb
INFO:2025-10-30 15:00:47,643:Computing HSC features for: Q5JTV8, ENST00000606911, ../Ntranos_Rotation/ESM-SaProt/AF-Q5JTV8-F1-model_v4.pdb.gz
INFO:2025-10-30 15:01:30,666:Successfully computed HSC for Q5JTV8.
INFO:2025-10-30 15:01:30,666:Processing Q5JTW2 with model AF-Q5JTW2-F1-model_v4.pdb
INFO:2025-10-30 15:01:30,746:Computing HSC features for: Q5JTW2, ENST00000424347, ../Ntranos_Rotation/ESM-SaProt/AF-Q5JTW2-F1-model_v4.pdb.gz
INFO:2025-10-30 15:02:15,089:Successfully computed HSC for Q5JTW2.
INFO:2025-10-30 15:02:15,089:Processing Q5JTY5 with model AF-Q5JTY5-F1-model_v4.pdb
INFO:2025-10-30 15:02:15,155:Computing HSC features for: Q5JTY5, ENST00000360171, ../Ntranos_Rotation/ESM-SaProt/AF-Q5JTY5-F1-model_v4.pdb.gz
INFO:2025-10-30 15:02:37,473:Successfully computed HSC for Q5JTY5.
INFO:2025-10-30 15:02:37,473:Processing Q5JTZ5 with model AF-Q5JTZ5-F1-model_v4.pdb
INFO:2025-10-30 15:02:37,720:Computing HSC features for: Q5JTZ5, ENST00000400613, ../Ntranos_Rotation/ESM-SaProt/AF-Q5JTZ5-F1-model_v4.pdb.gz
INFO:2025-10-30 15:03:01,143:Successfully computed HSC for Q5JTZ5.
INFO:2025-10-30 15:03:01,143:Processing Q5JTZ9 with model AF-Q5JTZ9-F1-model_v4.pdb
INFO:2025-10-30 15:03:01,260:Computing HSC features for: Q5JTZ9, ENST00000244571, ../Ntranos_Rotation/ESM-SaProt/AF-Q5JTZ9-F1-model_v4.pdb.gz
INFO:2025-10-30 15:04:19,485:Successfully computed HSC for Q5JTZ9.
INFO:2025-10-30 15:04:19,486:Pipeline completed.
INFO:2025-10-30 15:04:19,486:no_enst_for_uniprot: 2
INFO:2025-10-30 15:04:19,486:no_valid_cds: 0
INFO:2025-10-30 15:04:19,486:no_variant_data: 5
INFO:2025-10-30 15:04:19,486:bad_structure: 0
INFO:2025-10-30 15:04:19,486:no_enst_mp: 0
