INFO:2025-10-30 14:25:03,969:Starting HSC computation pipeline...
INFO:2025-10-30 14:26:04,734:Processing Q6PI48 with model AF-Q6PI48-F1-model_v4.pdb
ERROR:2025-10-30 14:26:04,891:No transcript record found for Q6PI48 in gnomAD.
INFO:2025-10-30 14:26:04,891:Processing Q6PI73 with model AF-Q6PI73-F1-model_v4.pdb
INFO:2025-10-30 14:26:04,986:Computing HSC features for: Q6PI73, ENST00000396365, ../Ntranos_Rotation/ESM-SaProt/AF-Q6PI73-F1-model_v4.pdb.gz
INFO:2025-10-30 14:26:54,841:Successfully computed HSC for Q6PI73.
INFO:2025-10-30 14:26:54,841:Processing Q6PI77 with model AF-Q6PI77-F1-model_v4.pdb
INFO:2025-10-30 14:26:54,947:Computing HSC features for: Q6PI77, ENST00000361229, ../Ntranos_Rotation/ESM-SaProt/AF-Q6PI77-F1-model_v4.pdb.gz
INFO:2025-10-30 14:27:39,056:Successfully computed HSC for Q6PI77.
INFO:2025-10-30 14:27:39,056:Processing Q6PI78 with model AF-Q6PI78-F1-model_v4.pdb
INFO:2025-10-30 14:27:39,087:Computing HSC features for: Q6PI78, ENST00000297632, ../Ntranos_Rotation/ESM-SaProt/AF-Q6PI78-F1-model_v4.pdb.gz
INFO:2025-10-30 14:28:15,856:Successfully computed HSC for Q6PI78.
INFO:2025-10-30 14:28:15,856:Processing Q6PI97 with model AF-Q6PI97-F1-model_v4.pdb
INFO:2025-10-30 14:28:15,904:Computing HSC features for: Q6PI97, ENST00000375618, ../Ntranos_Rotation/ESM-SaProt/AF-Q6PI97-F1-model_v4.pdb.gz
INFO:2025-10-30 14:28:55,830:Successfully computed HSC for Q6PI97.
INFO:2025-10-30 14:28:55,830:Processing Q6PI98 with model AF-Q6PI98-F1-model_v4.pdb
INFO:2025-10-30 14:28:55,899:Computing HSC features for: Q6PI98, ENST00000334598, ../Ntranos_Rotation/ESM-SaProt/AF-Q6PI98-F1-model_v4.pdb.gz
INFO:2025-10-30 14:29:33,749:Successfully computed HSC for Q6PI98.
INFO:2025-10-30 14:29:33,749:Processing Q6PID6 with model AF-Q6PID6-F1-model_v4.pdb
INFO:2025-10-30 14:29:33,833:Computing HSC features for: Q6PID6, ENST00000337702, ../Ntranos_Rotation/ESM-SaProt/AF-Q6PID6-F1-model_v4.pdb.gz
INFO:2025-10-30 14:30:01,369:Successfully computed HSC for Q6PID6.
INFO:2025-10-30 14:30:01,369:Processing Q6P9A1 with model AF-Q6P9A1-F1-model_v4.pdb
INFO:2025-10-30 14:30:01,518:Computing HSC features for: Q6P9A1, ENST00000332854, ../Ntranos_Rotation/ESM-SaProt/AF-Q6P9A1-F1-model_v4.pdb.gz
INFO:2025-10-30 14:30:54,382:Successfully computed HSC for Q6P9A1.
INFO:2025-10-30 14:30:54,382:Processing Q6P9A2 with model AF-Q6P9A2-F1-model_v4.pdb
INFO:2025-10-30 14:30:54,543:Computing HSC features for: Q6P9A2, ENST00000227756, ../Ntranos_Rotation/ESM-SaProt/AF-Q6P9A2-F1-model_v4.pdb.gz
INFO:2025-10-30 14:32:17,322:Successfully computed HSC for Q6P9A2.
INFO:2025-10-30 14:32:17,322:Processing Q6P9A3 with model AF-Q6P9A3-F1-model_v4.pdb
INFO:2025-10-30 14:32:17,497:Computing HSC features for: Q6P9A3, ENST00000376233, ../Ntranos_Rotation/ESM-SaProt/AF-Q6P9A3-F1-model_v4.pdb.gz
INFO:2025-10-30 14:33:13,973:Successfully computed HSC for Q6P9A3.
INFO:2025-10-30 14:33:13,974:Processing Q6P9B6 with model AF-Q6P9B6-F1-model_v4.pdb
INFO:2025-10-30 14:33:14,090:Computing HSC features for: Q6P9B6, ENST00000343629, ../Ntranos_Rotation/ESM-SaProt/AF-Q6P9B6-F1-model_v4.pdb.gz
INFO:2025-10-30 14:34:08,898:Successfully computed HSC for Q6P9B6.
INFO:2025-10-30 14:34:08,898:Processing Q6P9B9 with model AF-Q6P9B9-F1-model_v4.pdb
INFO:2025-10-30 14:34:09,039:Computing HSC features for: Q6P9B9, ENST00000330574, ../Ntranos_Rotation/ESM-SaProt/AF-Q6P9B9-F1-model_v4.pdb.gz
INFO:2025-10-30 14:36:07,058:Successfully computed HSC for Q6P9B9.
INFO:2025-10-30 14:36:07,059:Processing Q6P9F0 with model AF-Q6P9F0-F1-model_v4.pdb
INFO:2025-10-30 14:36:07,160:Computing HSC features for: Q6P9F0, ENST00000253079, ../Ntranos_Rotation/ESM-SaProt/AF-Q6P9F0-F1-model_v4.pdb.gz
INFO:2025-10-30 14:37:14,539:Successfully computed HSC for Q6P9F0.
INFO:2025-10-30 14:37:14,539:Processing Q6P9F5 with model AF-Q6P9F5-F1-model_v4.pdb
INFO:2025-10-30 14:37:14,596:Computing HSC features for: Q6P9F5, ENST00000376724, ../Ntranos_Rotation/ESM-SaProt/AF-Q6P9F5-F1-model_v4.pdb.gz
INFO:2025-10-30 14:37:39,489:Successfully computed HSC for Q6P9F5.
INFO:2025-10-30 14:37:39,490:Processing Q6P9F7 with model AF-Q6P9F7-F1-model_v4.pdb
INFO:2025-10-30 14:37:39,641:Computing HSC features for: Q6P9F7, ENST00000330947, ../Ntranos_Rotation/ESM-SaProt/AF-Q6P9F7-F1-model_v4.pdb.gz
INFO:2025-10-30 14:38:49,741:Successfully computed HSC for Q6P9F7.
INFO:2025-10-30 14:38:49,741:Processing Q6P9G0 with model AF-Q6P9G0-F1-model_v4.pdb
INFO:2025-10-30 14:38:49,790:Computing HSC features for: Q6P9G0, ENST00000332439, ../Ntranos_Rotation/ESM-SaProt/AF-Q6P9G0-F1-model_v4.pdb.gz
INFO:2025-10-30 14:39:20,292:Successfully computed HSC for Q6P9G0.
INFO:2025-10-30 14:39:20,292:Processing Q6P9G4 with model AF-Q6P9G4-F1-model_v4.pdb
INFO:2025-10-30 14:39:20,347:Computing HSC features for: Q6P9G4, ENST00000304385, ../Ntranos_Rotation/ESM-SaProt/AF-Q6P9G4-F1-model_v4.pdb.gz
INFO:2025-10-30 14:39:38,794:Successfully computed HSC for Q6P9G4.
INFO:2025-10-30 14:39:38,794:Processing Q6P9G9 with model AF-Q6P9G9-F1-model_v4.pdb
INFO:2025-10-30 14:39:38,870:Computing HSC features for: Q6P9G9, ENST00000339249, ../Ntranos_Rotation/ESM-SaProt/AF-Q6P9G9-F1-model_v4.pdb.gz
INFO:2025-10-30 14:40:21,690:Successfully computed HSC for Q6P9G9.
INFO:2025-10-30 14:40:21,690:Processing Q6P9H4 with model AF-Q6P9H4-F1-model_v4.pdb
INFO:2025-10-30 14:40:21,782:Computing HSC features for: Q6P9H4, ENST00000607772, ../Ntranos_Rotation/ESM-SaProt/AF-Q6P9H4-F1-model_v4.pdb.gz
INFO:2025-10-30 14:41:34,468:Successfully computed HSC for Q6P9H4.
INFO:2025-10-30 14:41:34,468:Processing Q6P9H5 with model AF-Q6P9H5-F1-model_v4.pdb
INFO:2025-10-30 14:41:34,544:Computing HSC features for: Q6P9H5, ENST00000328902, ../Ntranos_Rotation/ESM-SaProt/AF-Q6P9H5-F1-model_v4.pdb.gz
INFO:2025-10-30 14:42:17,557:Successfully computed HSC for Q6P9H5.
INFO:2025-10-30 14:42:17,557:Processing Q6PB30 with model AF-Q6PB30-F1-model_v4.pdb
ERROR:2025-10-30 14:42:17,585:No transcript record found for Q6PB30 in gnomAD.
INFO:2025-10-30 14:42:17,585:Processing Q6PCB0 with model AF-Q6PCB0-F1-model_v4.pdb
INFO:2025-10-30 14:42:17,714:Computing HSC features for: Q6PCB0, ENST00000476993, ../Ntranos_Rotation/ESM-SaProt/AF-Q6PCB0-F1-model_v4.pdb.gz
INFO:2025-10-30 14:43:55,380:Successfully computed HSC for Q6PCB0.
INFO:2025-10-30 14:43:55,380:Processing Q6PCB5 with model AF-Q6PCB5-F1-model_v4.pdb
INFO:2025-10-30 14:43:55,620:Computing HSC features for: Q6PCB5, ENST00000334955, ../Ntranos_Rotation/ESM-SaProt/AF-Q6PCB5-F1-model_v4.pdb.gz
INFO:2025-10-30 14:45:22,952:Successfully computed HSC for Q6PCB5.
INFO:2025-10-30 14:45:22,952:Processing Q6PCB6 with model AF-Q6PCB6-F1-model_v4.pdb
INFO:2025-10-30 14:45:23,008:Computing HSC features for: Q6PCB6, ENST00000258884, ../Ntranos_Rotation/ESM-SaProt/AF-Q6PCB6-F1-model_v4.pdb.gz
INFO:2025-10-30 14:46:22,211:Successfully computed HSC for Q6PCB6.
INFO:2025-10-30 14:46:22,211:Processing Q6PCB7 with model AF-Q6PCB7-F1-model_v4.pdb
INFO:2025-10-30 14:46:22,418:Computing HSC features for: Q6PCB7, ENST00000252595, ../Ntranos_Rotation/ESM-SaProt/AF-Q6PCB7-F1-model_v4.pdb.gz
INFO:2025-10-30 14:48:36,343:Successfully computed HSC for Q6PCB7.
INFO:2025-10-30 14:48:36,343:Processing Q6PCB8 with model AF-Q6PCB8-F1-model_v4.pdb
INFO:2025-10-30 14:48:36,399:Computing HSC features for: Q6PCB8, ENST00000303221, ../Ntranos_Rotation/ESM-SaProt/AF-Q6PCB8-F1-model_v4.pdb.gz
INFO:2025-10-30 14:49:07,660:Successfully computed HSC for Q6PCB8.
INFO:2025-10-30 14:49:07,660:Processing Q6PCD5 with model AF-Q6PCD5-F1-model_v4.pdb
INFO:2025-10-30 14:49:07,847:Computing HSC features for: Q6PCD5, ENST00000361070, ../Ntranos_Rotation/ESM-SaProt/AF-Q6PCD5-F1-model_v4.pdb.gz
INFO:2025-10-30 14:50:22,385:Successfully computed HSC for Q6PCD5.
INFO:2025-10-30 14:50:22,386:Processing Q6PCE3 with model AF-Q6PCE3-F1-model_v4.pdb
INFO:2025-10-30 14:50:22,497:Computing HSC features for: Q6PCE3, ENST00000298198, ../Ntranos_Rotation/ESM-SaProt/AF-Q6PCE3-F1-model_v4.pdb.gz
INFO:2025-10-30 14:51:14,993:Successfully computed HSC for Q6PCE3.
INFO:2025-10-30 14:51:14,993:Processing Q6PCT2 with model AF-Q6PCT2-F1-model_v4.pdb
INFO:2025-10-30 14:51:15,088:Computing HSC features for: Q6PCT2, ENST00000562319, ../Ntranos_Rotation/ESM-SaProt/AF-Q6PCT2-F1-model_v4.pdb.gz
INFO:2025-10-30 14:53:24,604:Successfully computed HSC for Q6PCT2.
INFO:2025-10-30 14:53:24,605:Processing Q6PD62 with model AF-Q6PD62-F1-model_v4.pdb
INFO:2025-10-30 14:53:24,934:Computing HSC features for: Q6PD62, ENST00000361367, ../Ntranos_Rotation/ESM-SaProt/AF-Q6PD62-F1-model_v4.pdb.gz
INFO:2025-10-30 14:55:52,002:Successfully computed HSC for Q6PD62.
INFO:2025-10-30 14:55:52,002:Processing Q6PD74 with model AF-Q6PD74-F1-model_v4.pdb
INFO:2025-10-30 14:55:52,060:Computing HSC features for: Q6PD74, ENST00000261880, ../Ntranos_Rotation/ESM-SaProt/AF-Q6PD74-F1-model_v4.pdb.gz
INFO:2025-10-30 14:56:18,718:Successfully computed HSC for Q6PD74.
INFO:2025-10-30 14:56:18,718:Processing Q6PDA7 with model AF-Q6PDA7-F1-model_v4.pdb
ERROR:2025-10-30 14:56:18,894:No transcript record found for Q6PDA7 in gnomAD.
INFO:2025-10-30 14:56:18,894:Processing Q6PDB4 with model AF-Q6PDB4-F1-model_v4.pdb
INFO:2025-10-30 14:56:19,061:Computing HSC features for: Q6PDB4, ENST00000422689, ../Ntranos_Rotation/ESM-SaProt/AF-Q6PDB4-F1-model_v4.pdb.gz
INFO:2025-10-30 14:58:10,535:Successfully computed HSC for Q6PDB4.
INFO:2025-10-30 14:58:10,536:Processing Q6PEV8 with model AF-Q6PEV8-F1-model_v4.pdb
INFO:2025-10-30 14:58:10,642:Computing HSC features for: Q6PEV8, ENST00000493442, ../Ntranos_Rotation/ESM-SaProt/AF-Q6PEV8-F1-model_v4.pdb.gz
INFO:2025-10-30 14:59:09,505:Successfully computed HSC for Q6PEV8.
INFO:2025-10-30 14:59:09,505:Processing Q6PEW0 with model AF-Q6PEW0-F1-model_v4.pdb
INFO:2025-10-30 14:59:09,587:Computing HSC features for: Q6PEW0, ENST00000219301, ../Ntranos_Rotation/ESM-SaProt/AF-Q6PEW0-F1-model_v4.pdb.gz
INFO:2025-10-30 15:00:23,044:Successfully computed HSC for Q6PEW0.
INFO:2025-10-30 15:00:23,044:Processing Q6PEW1 with model AF-Q6PEW1-F1-model_v4.pdb
INFO:2025-10-30 15:00:23,179:Computing HSC features for: Q6PEW1, ENST00000310164, ../Ntranos_Rotation/ESM-SaProt/AF-Q6PEW1-F1-model_v4.pdb.gz
INFO:2025-10-30 15:01:46,863:Successfully computed HSC for Q6PEW1.
INFO:2025-10-30 15:01:46,863:Processing Q6PEX3 with model AF-Q6PEX3-F1-model_v4.pdb
INFO:2025-10-30 15:01:46,933:Computing HSC features for: Q6PEX3, ENST00000360542, ../Ntranos_Rotation/ESM-SaProt/AF-Q6PEX3-F1-model_v4.pdb.gz
INFO:2025-10-30 15:02:30,741:Successfully computed HSC for Q6PEX3.
INFO:2025-10-30 15:02:30,741:Processing Q6PEX7 with model AF-Q6PEX7-F1-model_v4.pdb
INFO:2025-10-30 15:02:30,826:Computing HSC features for: Q6PEX7, ENST00000334122, ../Ntranos_Rotation/ESM-SaProt/AF-Q6PEX7-F1-model_v4.pdb.gz
INFO:2025-10-30 15:03:08,870:Successfully computed HSC for Q6PEX7.
INFO:2025-10-30 15:03:08,870:Processing Q6PEY0 with model AF-Q6PEY0-F1-model_v4.pdb
INFO:2025-10-30 15:03:08,963:Computing HSC features for: Q6PEY0, ENST00000525899, ../Ntranos_Rotation/ESM-SaProt/AF-Q6PEY0-F1-model_v4.pdb.gz
INFO:2025-10-30 15:03:38,870:Successfully computed HSC for Q6PEY0.
INFO:2025-10-30 15:03:38,870:Processing Q6PEY1 with model AF-Q6PEY1-F1-model_v4.pdb
INFO:2025-10-30 15:03:38,927:Computing HSC features for: Q6PEY1, ENST00000301599, ../Ntranos_Rotation/ESM-SaProt/AF-Q6PEY1-F1-model_v4.pdb.gz
INFO:2025-10-30 15:04:03,136:Successfully computed HSC for Q6PEY1.
INFO:2025-10-30 15:04:03,136:Processing Q6PEY2 with model AF-Q6PEY2-F1-model_v4.pdb
INFO:2025-10-30 15:04:03,211:Computing HSC features for: Q6PEY2, ENST00000312988, ../Ntranos_Rotation/ESM-SaProt/AF-Q6PEY2-F1-model_v4.pdb.gz
INFO:2025-10-30 15:04:57,238:Successfully computed HSC for Q6PEY2.
INFO:2025-10-30 15:04:57,238:Processing Q6PEZ8 with model AF-Q6PEZ8-F1-model_v4.pdb
ERROR:2025-10-30 15:04:57,322:No valid CDS found for Q6PEZ8
INFO:2025-10-30 15:04:57,322:Processing Q6PF04 with model AF-Q6PF04-F1-model_v4.pdb
INFO:2025-10-30 15:04:57,413:Computing HSC features for: Q6PF04, ENST00000293471, ../Ntranos_Rotation/ESM-SaProt/AF-Q6PF04-F1-model_v4.pdb.gz
INFO:2025-10-30 15:05:45,645:Successfully computed HSC for Q6PF04.
INFO:2025-10-30 15:05:45,645:Processing Q6PF05 with model AF-Q6PF05-F1-model_v4.pdb
INFO:2025-10-30 15:05:45,704:Computing HSC features for: Q6PF05, ENST00000505624, ../Ntranos_Rotation/ESM-SaProt/AF-Q6PF05-F1-model_v4.pdb.gz
INFO:2025-10-30 15:06:15,065:Successfully computed HSC for Q6PF05.
INFO:2025-10-30 15:06:15,065:Processing Q6PF06 with model AF-Q6PF06-F1-model_v4.pdb
INFO:2025-10-30 15:06:15,121:Computing HSC features for: Q6PF06, ENST00000297994, ../Ntranos_Rotation/ESM-SaProt/AF-Q6PF06-F1-model_v4.pdb.gz
INFO:2025-10-30 15:06:40,942:Successfully computed HSC for Q6PF06.
INFO:2025-10-30 15:06:40,942:Processing Q6PF15 with model AF-Q6PF15-F1-model_v4.pdb
INFO:2025-10-30 15:06:41,035:Computing HSC features for: Q6PF15, ENST00000539798, ../Ntranos_Rotation/ESM-SaProt/AF-Q6PF15-F1-model_v4.pdb.gz
INFO:2025-10-30 15:08:27,983:Successfully computed HSC for Q6PF15.
INFO:2025-10-30 15:08:27,984:Processing Q6PF18 with model AF-Q6PF18-F1-model_v4.pdb
INFO:2025-10-30 15:08:28,048:Computing HSC features for: Q6PF18, ENST00000355329, ../Ntranos_Rotation/ESM-SaProt/AF-Q6PF18-F1-model_v4.pdb.gz
INFO:2025-10-30 15:08:57,063:Successfully computed HSC for Q6PF18.
INFO:2025-10-30 15:08:57,063:Processing Q6PFW1 with model AF-Q6PFW1-F1-model_v4.pdb
INFO:2025-10-30 15:08:57,234:Computing HSC features for: Q6PFW1, ENST00000396923, ../Ntranos_Rotation/ESM-SaProt/AF-Q6PFW1-F1-model_v4.pdb.gz
INFO:2025-10-30 15:11:08,581:Successfully computed HSC for Q6PFW1.
INFO:2025-10-30 15:11:08,581:Processing Q6PG37 with model AF-Q6PG37-F1-model_v4.pdb
INFO:2025-10-30 15:11:08,683:Computing HSC features for: Q6PG37, ENST00000356725, ../Ntranos_Rotation/ESM-SaProt/AF-Q6PG37-F1-model_v4.pdb.gz
INFO:2025-10-30 15:13:08,052:Successfully computed HSC for Q6PG37.
INFO:2025-10-30 15:13:08,052:Processing Q6PGN9 with model AF-Q6PGN9-F1-model_v4.pdb
INFO:2025-10-30 15:13:08,162:Computing HSC features for: Q6PGN9, ENST00000409138, ../Ntranos_Rotation/ESM-SaProt/AF-Q6PGN9-F1-model_v4.pdb.gz
INFO:2025-10-30 15:14:09,463:Successfully computed HSC for Q6PGN9.
INFO:2025-10-30 15:14:09,463:Pipeline completed.
INFO:2025-10-30 15:14:09,463:no_enst_for_uniprot: 0
INFO:2025-10-30 15:14:09,463:no_valid_cds: 1
INFO:2025-10-30 15:14:09,463:no_variant_data: 3
INFO:2025-10-30 15:14:09,464:bad_structure: 0
INFO:2025-10-30 15:14:09,464:no_enst_mp: 0
