INFO:2025-10-30 14:26:02,659:Starting HSC computation pipeline...
INFO:2025-10-30 14:27:02,651:Processing Q86SR1 with model AF-Q86SR1-F1-model_v4.pdb
INFO:2025-10-30 14:27:02,706:Computing HSC features for: Q86SR1, ENST00000297107, ../Ntranos_Rotation/ESM-SaProt/AF-Q86SR1-F1-model_v4.pdb.gz
INFO:2025-10-30 14:27:59,502:Successfully computed HSC for Q86SR1.
INFO:2025-10-30 14:27:59,502:Processing Q86SS6 with model AF-Q86SS6-F1-model_v4.pdb
INFO:2025-10-30 14:27:59,569:Computing HSC features for: Q86SS6, ENST00000318881, ../Ntranos_Rotation/ESM-SaProt/AF-Q86SS6-F1-model_v4.pdb.gz
INFO:2025-10-30 14:28:38,569:Successfully computed HSC for Q86SS6.
INFO:2025-10-30 14:28:38,569:Processing Q86SU0 with model AF-Q86SU0-F1-model_v4.pdb
INFO:2025-10-30 14:28:38,840:Computing HSC features for: Q86SU0, ENST00000344209, ../Ntranos_Rotation/ESM-SaProt/AF-Q86SU0-F1-model_v4.pdb.gz
INFO:2025-10-30 14:29:19,919:Successfully computed HSC for Q86SU0.
INFO:2025-10-30 14:29:19,919:Processing Q86SX3 with model AF-Q86SX3-F1-model_v4.pdb
INFO:2025-10-30 14:29:19,998:Computing HSC features for: Q86SX3, ENST00000392523, ../Ntranos_Rotation/ESM-SaProt/AF-Q86SX3-F1-model_v4.pdb.gz
INFO:2025-10-30 14:30:05,879:Successfully computed HSC for Q86SX3.
INFO:2025-10-30 14:30:05,879:Processing Q86SX6 with model AF-Q86SX6-F1-model_v4.pdb
INFO:2025-10-30 14:30:05,930:Computing HSC features for: Q86SX6, ENST00000331334, ../Ntranos_Rotation/ESM-SaProt/AF-Q86SX6-F1-model_v4.pdb.gz
INFO:2025-10-30 14:30:25,366:Successfully computed HSC for Q86SX6.
INFO:2025-10-30 14:30:25,366:Processing Q86SY8 with model AF-Q86SY8-F1-model_v4.pdb
ERROR:2025-10-30 14:30:25,399:No ENST transcript IDs were mapped to Q86SY8
INFO:2025-10-30 14:30:25,399:Processing Q86SZ2 with model AF-Q86SZ2-F1-model_v4.pdb
INFO:2025-10-30 14:30:25,443:Computing HSC features for: Q86SZ2, ENST00000330149, ../Ntranos_Rotation/ESM-SaProt/AF-Q86SZ2-F1-model_v4.pdb.gz
INFO:2025-10-30 14:30:35,765:Successfully computed HSC for Q86SZ2.
INFO:2025-10-30 14:30:35,765:Processing Q86T03 with model AF-Q86T03-F1-model_v4.pdb
ERROR:2025-10-30 14:30:36,006:No transcript record found for Q86T03 in gnomAD.
INFO:2025-10-30 14:30:36,006:Processing Q86T13 with model AF-Q86T13-F1-model_v4.pdb
INFO:2025-10-30 14:30:36,101:Computing HSC features for: Q86T13, ENST00000342213, ../Ntranos_Rotation/ESM-SaProt/AF-Q86T13-F1-model_v4.pdb.gz
INFO:2025-10-30 14:31:27,304:Successfully computed HSC for Q86T13.
INFO:2025-10-30 14:31:27,305:Processing Q86T20 with model AF-Q86T20-F1-model_v4.pdb
INFO:2025-10-30 14:31:27,776:Computing HSC features for: Q86T20, ENST00000476320, ../Ntranos_Rotation/ESM-SaProt/AF-Q86T20-F1-model_v4.pdb.gz
INFO:2025-10-30 14:31:37,849:Successfully computed HSC for Q86T20.
INFO:2025-10-30 14:31:37,849:Processing Q86T23 with model AF-Q86T23-F1-model_v4.pdb
ERROR:2025-10-30 14:31:37,889:No ENST transcript IDs were mapped to Q86T23
INFO:2025-10-30 14:31:37,890:Processing Q86T24 with model AF-Q86T24-F1-model_v4.pdb
INFO:2025-10-30 14:31:37,993:Computing HSC features for: Q86T24, ENST00000326624, ../Ntranos_Rotation/ESM-SaProt/AF-Q86T24-F1-model_v4.pdb.gz
INFO:2025-10-30 14:32:23,078:Successfully computed HSC for Q86T24.
INFO:2025-10-30 14:32:23,078:Processing Q86T26 with model AF-Q86T26-F1-model_v4.pdb
INFO:2025-10-30 14:32:23,217:Computing HSC features for: Q86T26, ENST00000332644, ../Ntranos_Rotation/ESM-SaProt/AF-Q86T26-F1-model_v4.pdb.gz
INFO:2025-10-30 14:32:46,749:Successfully computed HSC for Q86T26.
INFO:2025-10-30 14:32:46,749:Processing Q86T29 with model AF-Q86T29-F1-model_v4.pdb
INFO:2025-10-30 14:32:46,866:Computing HSC features for: Q86T29, ENST00000360187, ../Ntranos_Rotation/ESM-SaProt/AF-Q86T29-F1-model_v4.pdb.gz
INFO:2025-10-30 14:33:23,693:Successfully computed HSC for Q86T29.
INFO:2025-10-30 14:33:23,693:Processing Q86T65 with model AF-Q86T65-F1-model_v4.pdb
INFO:2025-10-30 14:33:23,821:Computing HSC features for: Q86T65, ENST00000274867, ../Ntranos_Rotation/ESM-SaProt/AF-Q86T65-F1-model_v4.pdb.gz
INFO:2025-10-30 14:34:53,332:Successfully computed HSC for Q86T65.
INFO:2025-10-30 14:34:53,332:Processing Q86T75 with model AF-Q86T75-F1-model_v4.pdb
ERROR:2025-10-30 14:34:53,438:No transcript record found for Q86T75 in gnomAD.
INFO:2025-10-30 14:34:53,438:Processing Q86T82 with model AF-Q86T82-F1-model_v4.pdb
INFO:2025-10-30 14:34:53,575:Computing HSC features for: Q86T82, ENST00000258399, ../Ntranos_Rotation/ESM-SaProt/AF-Q86T82-F1-model_v4.pdb.gz
INFO:2025-10-30 14:35:47,487:Successfully computed HSC for Q86T82.
INFO:2025-10-30 14:35:47,487:Processing Q86T90 with model AF-Q86T90-F1-model_v4.pdb
INFO:2025-10-30 14:35:47,622:Computing HSC features for: Q86T90, ENST00000280020, ../Ntranos_Rotation/ESM-SaProt/AF-Q86T90-F1-model_v4.pdb.gz
INFO:2025-10-30 14:36:19,501:Successfully computed HSC for Q86T90.
INFO:2025-10-30 14:36:19,501:Processing Q86T96 with model AF-Q86T96-F1-model_v4.pdb
INFO:2025-10-30 14:36:19,592:Computing HSC features for: Q86T96, ENST00000389100, ../Ntranos_Rotation/ESM-SaProt/AF-Q86T96-F1-model_v4.pdb.gz
INFO:2025-10-30 14:36:59,618:Successfully computed HSC for Q86T96.
INFO:2025-10-30 14:36:59,618:Processing Q86TA1 with model AF-Q86TA1-F1-model_v4.pdb
INFO:2025-10-30 14:36:59,652:Computing HSC features for: Q86TA1, ENST00000262244, ../Ntranos_Rotation/ESM-SaProt/AF-Q86TA1-F1-model_v4.pdb.gz
INFO:2025-10-30 14:37:18,834:Successfully computed HSC for Q86TA1.
INFO:2025-10-30 14:37:18,834:Processing Q86TA4 with model AF-Q86TA4-F1-model_v4.pdb
ERROR:2025-10-30 14:37:18,913:No ENST transcript IDs were mapped to Q86TA4
INFO:2025-10-30 14:37:18,913:Processing Q86TB3 with model AF-Q86TB3-F1-model_v4.pdb
INFO:2025-10-30 14:37:19,238:Computing HSC features for: Q86TB3, ENST00000361673, ../Ntranos_Rotation/ESM-SaProt/AF-Q86TB3-F1-model_v4.pdb.gz
INFO:2025-10-30 14:39:34,694:Successfully computed HSC for Q86TB3.
INFO:2025-10-30 14:39:34,694:Processing Q86TB9 with model AF-Q86TB9-F1-model_v4.pdb
INFO:2025-10-30 14:39:34,805:Computing HSC features for: Q86TB9, ENST00000300146, ../Ntranos_Rotation/ESM-SaProt/AF-Q86TB9-F1-model_v4.pdb.gz
INFO:2025-10-30 14:40:24,468:Successfully computed HSC for Q86TB9.
INFO:2025-10-30 14:40:24,469:Processing Q86TC9 with model AF-Q86TC9-F1-model_v4.pdb
INFO:2025-10-30 14:40:24,607:Computing HSC features for: Q86TC9, ENST00000358913, ../Ntranos_Rotation/ESM-SaProt/AF-Q86TC9-F1-model_v4.pdb.gz
INFO:2025-10-30 14:41:56,608:Successfully computed HSC for Q86TC9.
INFO:2025-10-30 14:41:56,609:Processing Q86TD4 with model AF-Q86TD4-F1-model_v4.pdb
INFO:2025-10-30 14:41:56,713:Computing HSC features for: Q86TD4, ENST00000399609, ../Ntranos_Rotation/ESM-SaProt/AF-Q86TD4-F1-model_v4.pdb.gz
INFO:2025-10-30 14:42:37,214:Successfully computed HSC for Q86TD4.
INFO:2025-10-30 14:42:37,214:Processing Q86TE4 with model AF-Q86TE4-F1-model_v4.pdb
INFO:2025-10-30 14:42:37,298:Computing HSC features for: Q86TE4, ENST00000336930, ../Ntranos_Rotation/ESM-SaProt/AF-Q86TE4-F1-model_v4.pdb.gz
INFO:2025-10-30 14:43:03,515:Successfully computed HSC for Q86TE4.
INFO:2025-10-30 14:43:03,515:Processing Q86TG1 with model AF-Q86TG1-F1-model_v4.pdb
INFO:2025-10-30 14:43:03,596:Computing HSC features for: Q86TG1, ENST00000334462, ../Ntranos_Rotation/ESM-SaProt/AF-Q86TG1-F1-model_v4.pdb.gz
INFO:2025-10-30 14:43:28,565:Successfully computed HSC for Q86TG1.
INFO:2025-10-30 14:43:28,565:Processing Q86TG7 with model AF-Q86TG7-F1-model_v4.pdb
ERROR:2025-10-30 14:43:28,642:No valid CDS found for Q86TG7
INFO:2025-10-30 14:43:28,642:Processing Q86TH1 with model AF-Q86TH1-F1-model_v4.pdb
INFO:2025-10-30 14:43:28,735:Computing HSC features for: Q86TH1, ENST00000354484, ../Ntranos_Rotation/ESM-SaProt/AF-Q86TH1-F1-model_v4.pdb.gz
INFO:2025-10-30 14:45:06,822:Successfully computed HSC for Q86TH1.
INFO:2025-10-30 14:45:06,822:Processing Q86TI0 with model AF-Q86TI0-F1-model_v4.pdb
INFO:2025-10-30 14:45:06,948:Computing HSC features for: Q86TI0, ENST00000261439, ../Ntranos_Rotation/ESM-SaProt/AF-Q86TI0-F1-model_v4.pdb.gz
INFO:2025-10-30 14:46:30,256:Successfully computed HSC for Q86TI0.
INFO:2025-10-30 14:46:30,256:Processing Q86TI2 with model AF-Q86TI2-F1-model_v4.pdb
INFO:2025-10-30 14:46:30,365:Computing HSC features for: Q86TI2, ENST00000598800, ../Ntranos_Rotation/ESM-SaProt/AF-Q86TI2-F1-model_v4.pdb.gz
INFO:2025-10-30 14:48:09,083:Successfully computed HSC for Q86TI2.
INFO:2025-10-30 14:48:09,083:Processing Q86TI4 with model AF-Q86TI4-F1-model_v4.pdb
INFO:2025-10-30 14:48:09,199:Computing HSC features for: Q86TI4, ENST00000334493, ../Ntranos_Rotation/ESM-SaProt/AF-Q86TI4-F1-model_v4.pdb.gz
INFO:2025-10-30 14:48:55,344:Successfully computed HSC for Q86TI4.
INFO:2025-10-30 14:48:55,344:Processing Q86TJ2 with model AF-Q86TJ2-F1-model_v4.pdb
INFO:2025-10-30 14:48:55,400:Computing HSC features for: Q86TJ2, ENST00000310074, ../Ntranos_Rotation/ESM-SaProt/AF-Q86TJ2-F1-model_v4.pdb.gz
INFO:2025-10-30 14:49:37,521:Successfully computed HSC for Q86TJ2.
INFO:2025-10-30 14:49:37,521:Processing Q86TJ5 with model AF-Q86TJ5-F1-model_v4.pdb
INFO:2025-10-30 14:49:37,590:Computing HSC features for: Q86TJ5, ENST00000317243, ../Ntranos_Rotation/ESM-SaProt/AF-Q86TJ5-F1-model_v4.pdb.gz
INFO:2025-10-30 14:50:13,741:Successfully computed HSC for Q86TJ5.
INFO:2025-10-30 14:50:13,741:Processing Q86TL0 with model AF-Q86TL0-F1-model_v4.pdb
INFO:2025-10-30 14:50:13,799:Computing HSC features for: Q86TL0, ENST00000309469, ../Ntranos_Rotation/ESM-SaProt/AF-Q86TL0-F1-model_v4.pdb.gz
INFO:2025-10-30 14:51:02,728:Successfully computed HSC for Q86TL0.
INFO:2025-10-30 14:51:02,728:Processing Q86TL2 with model AF-Q86TL2-F1-model_v4.pdb
INFO:2025-10-30 14:51:02,781:Computing HSC features for: Q86TL2, ENST00000355083, ../Ntranos_Rotation/ESM-SaProt/AF-Q86TL2-F1-model_v4.pdb.gz
INFO:2025-10-30 14:51:33,236:Successfully computed HSC for Q86TL2.
INFO:2025-10-30 14:51:33,236:Processing Q86TM3 with model AF-Q86TM3-F1-model_v4.pdb
INFO:2025-10-30 14:51:33,335:Computing HSC features for: Q86TM3, ENST00000327968, ../Ntranos_Rotation/ESM-SaProt/AF-Q86TM3-F1-model_v4.pdb.gz
INFO:2025-10-30 14:52:09,756:Successfully computed HSC for Q86TM3.
INFO:2025-10-30 14:52:09,756:Processing Q86TM6 with model AF-Q86TM6-F1-model_v4.pdb
INFO:2025-10-30 14:52:09,825:Computing HSC features for: Q86TM6, ENST00000377190, ../Ntranos_Rotation/ESM-SaProt/AF-Q86TM6-F1-model_v4.pdb.gz
INFO:2025-10-30 14:52:51,778:Successfully computed HSC for Q86TM6.
INFO:2025-10-30 14:52:51,778:Processing Q86TN4 with model AF-Q86TN4-F1-model_v4.pdb
INFO:2025-10-30 14:52:51,890:Computing HSC features for: Q86TN4, ENST00000317459, ../Ntranos_Rotation/ESM-SaProt/AF-Q86TN4-F1-model_v4.pdb.gz
INFO:2025-10-30 14:53:10,523:Successfully computed HSC for Q86TN4.
INFO:2025-10-30 14:53:10,524:Processing Q86TP1 with model AF-Q86TP1-F1-model_v4.pdb
INFO:2025-10-30 14:53:10,656:Computing HSC features for: Q86TP1, ENST00000271620, ../Ntranos_Rotation/ESM-SaProt/AF-Q86TP1-F1-model_v4.pdb.gz
INFO:2025-10-30 14:53:41,567:Successfully computed HSC for Q86TP1.
INFO:2025-10-30 14:53:41,567:Processing Q86TS7 with model AF-Q86TS7-F1-model_v4.pdb
ERROR:2025-10-30 14:53:41,602:No ENST transcript IDs were mapped to Q86TS7
INFO:2025-10-30 14:53:41,602:Processing Q86TS9 with model AF-Q86TS9-F1-model_v4.pdb
INFO:2025-10-30 14:53:41,660:Computing HSC features for: Q86TS9, ENST00000355151, ../Ntranos_Rotation/ESM-SaProt/AF-Q86TS9-F1-model_v4.pdb.gz
INFO:2025-10-30 14:53:52,564:Successfully computed HSC for Q86TS9.
INFO:2025-10-30 14:53:52,564:Processing Q86TU6 with model AF-Q86TU6-F1-model_v4.pdb
ERROR:2025-10-30 14:53:52,599:No ENST transcript IDs were mapped to Q86TU6
INFO:2025-10-30 14:53:52,599:Processing Q86TU7 with model AF-Q86TU7-F1-model_v4.pdb
INFO:2025-10-30 14:53:52,708:Computing HSC features for: Q86TU7, ENST00000331768, ../Ntranos_Rotation/ESM-SaProt/AF-Q86TU7-F1-model_v4.pdb.gz
INFO:2025-10-30 14:54:50,886:Successfully computed HSC for Q86TU7.
INFO:2025-10-30 14:54:50,886:Processing Q86TV6 with model AF-Q86TV6-F1-model_v4.pdb
INFO:2025-10-30 14:54:50,994:Computing HSC features for: Q86TV6, ENST00000328459, ../Ntranos_Rotation/ESM-SaProt/AF-Q86TV6-F1-model_v4.pdb.gz
INFO:2025-10-30 14:55:54,982:Successfully computed HSC for Q86TV6.
INFO:2025-10-30 14:55:54,982:Processing Q86TW2 with model AF-Q86TW2-F1-model_v4.pdb
ERROR:2025-10-30 14:55:55,080:No valid CDS found for Q86TW2
INFO:2025-10-30 14:55:55,080:Processing Q86TX2 with model AF-Q86TX2-F1-model_v4.pdb
INFO:2025-10-30 14:55:55,159:Computing HSC features for: Q86TX2, ENST00000311148, ../Ntranos_Rotation/ESM-SaProt/AF-Q86TX2-F1-model_v4.pdb.gz
INFO:2025-10-30 14:56:36,235:Successfully computed HSC for Q86TX2.
INFO:2025-10-30 14:56:36,235:Processing Q86TY3 with model AF-Q86TY3-F1-model_v4.pdb
INFO:2025-10-30 14:56:36,317:Computing HSC features for: Q86TY3, ENST00000267485, ../Ntranos_Rotation/ESM-SaProt/AF-Q86TY3-F1-model_v4.pdb.gz
INFO:2025-10-30 14:57:22,842:Successfully computed HSC for Q86TY3.
INFO:2025-10-30 14:57:22,842:Processing Q86TZ1 with model AF-Q86TZ1-F1-model_v4.pdb
INFO:2025-10-30 14:57:22,923:Computing HSC features for: Q86TZ1, ENST00000267368, ../Ntranos_Rotation/ESM-SaProt/AF-Q86TZ1-F1-model_v4.pdb.gz
INFO:2025-10-30 14:57:52,005:Successfully computed HSC for Q86TZ1.
INFO:2025-10-30 14:57:52,005:Processing Q7Z7H3 with model AF-Q7Z7H3-F1-model_v4.pdb
INFO:2025-10-30 14:57:52,061:Computing HSC features for: Q7Z7H3, ENST00000289388, ../Ntranos_Rotation/ESM-SaProt/AF-Q7Z7H3-F1-model_v4.pdb.gz
INFO:2025-10-30 14:58:25,894:Successfully computed HSC for Q7Z7H3.
INFO:2025-10-30 14:58:25,895:Pipeline completed.
INFO:2025-10-30 14:58:25,895:no_enst_for_uniprot: 5
INFO:2025-10-30 14:58:25,895:no_valid_cds: 2
INFO:2025-10-30 14:58:25,895:no_variant_data: 2
INFO:2025-10-30 14:58:25,895:bad_structure: 0
INFO:2025-10-30 14:58:25,895:no_enst_mp: 0
