INFO:2025-10-30 14:25:03,831:Starting HSC computation pipeline...
INFO:2025-10-30 14:25:58,384:Processing P53355 with model AF-P53355-F1-model_v4.pdb
INFO:2025-10-30 14:25:58,512:Computing HSC features for: P53355, ENST00000358077, ../Ntranos_Rotation/ESM-SaProt/AF-P53355-F1-model_v4.pdb.gz
INFO:2025-10-30 14:27:53,464:Successfully computed HSC for P53355.
INFO:2025-10-30 14:27:53,464:Processing P53365 with model AF-P53365-F1-model_v4.pdb
INFO:2025-10-30 14:27:53,550:Computing HSC features for: P53365, ENST00000254584, ../Ntranos_Rotation/ESM-SaProt/AF-P53365-F1-model_v4.pdb.gz
INFO:2025-10-30 14:28:17,623:Successfully computed HSC for P53365.
INFO:2025-10-30 14:28:17,624:Processing P53367 with model AF-P53367-F1-model_v4.pdb
INFO:2025-10-30 14:28:17,788:Computing HSC features for: P53367, ENST00000353617, ../Ntranos_Rotation/ESM-SaProt/AF-P53367-F1-model_v4.pdb.gz
INFO:2025-10-30 14:28:48,407:Successfully computed HSC for P53367.
INFO:2025-10-30 14:28:48,407:Processing P53370 with model AF-P53370-F1-model_v4.pdb
INFO:2025-10-30 14:28:48,504:Computing HSC features for: P53370, ENST00000304430, ../Ntranos_Rotation/ESM-SaProt/AF-P53370-F1-model_v4.pdb.gz
INFO:2025-10-30 14:29:17,402:Successfully computed HSC for P53370.
INFO:2025-10-30 14:29:17,402:Processing P53384 with model AF-P53384-F1-model_v4.pdb
INFO:2025-10-30 14:29:17,455:Computing HSC features for: P53384, ENST00000283027, ../Ntranos_Rotation/ESM-SaProt/AF-P53384-F1-model_v4.pdb.gz
INFO:2025-10-30 14:29:41,849:Successfully computed HSC for P53384.
INFO:2025-10-30 14:29:41,849:Processing P53396 with model AF-P53396-F1-model_v4.pdb
INFO:2025-10-30 14:29:41,982:Computing HSC features for: P53396, ENST00000352035, ../Ntranos_Rotation/ESM-SaProt/AF-P53396-F1-model_v4.pdb.gz
INFO:2025-10-30 14:31:04,642:Successfully computed HSC for P53396.
INFO:2025-10-30 14:31:04,642:Processing P53420 with model AF-P53420-F1-model_v4.pdb
INFO:2025-10-30 14:31:04,880:Computing HSC features for: P53420, ENST00000396625, ../Ntranos_Rotation/ESM-SaProt/AF-P53420-F1-model_v4.pdb.gz
INFO:2025-10-30 14:33:03,021:Successfully computed HSC for P53420.
INFO:2025-10-30 14:33:03,021:Processing P53539 with model AF-P53539-F1-model_v4.pdb
INFO:2025-10-30 14:33:03,088:Computing HSC features for: P53539, ENST00000353609, ../Ntranos_Rotation/ESM-SaProt/AF-P53539-F1-model_v4.pdb.gz
INFO:2025-10-30 14:33:37,638:Successfully computed HSC for P53539.
INFO:2025-10-30 14:33:37,639:Processing P53567 with model AF-P53567-F1-model_v4.pdb
INFO:2025-10-30 14:33:37,681:Computing HSC features for: P53567, ENST00000284000, ../Ntranos_Rotation/ESM-SaProt/AF-P53567-F1-model_v4.pdb.gz
INFO:2025-10-30 14:33:48,175:Successfully computed HSC for P53567.
INFO:2025-10-30 14:33:48,175:Processing P53582 with model AF-P53582-F1-model_v4.pdb
INFO:2025-10-30 14:33:48,230:Computing HSC features for: P53582, ENST00000296411, ../Ntranos_Rotation/ESM-SaProt/AF-P53582-F1-model_v4.pdb.gz
INFO:2025-10-30 14:34:13,974:Successfully computed HSC for P53582.
INFO:2025-10-30 14:34:13,975:Processing P53597 with model AF-P53597-F1-model_v4.pdb
INFO:2025-10-30 14:34:14,024:Computing HSC features for: P53597, ENST00000393868, ../Ntranos_Rotation/ESM-SaProt/AF-P53597-F1-model_v4.pdb.gz
INFO:2025-10-30 14:34:38,384:Successfully computed HSC for P53597.
INFO:2025-10-30 14:34:38,384:Processing P53602 with model AF-P53602-F1-model_v4.pdb
INFO:2025-10-30 14:34:38,515:Computing HSC features for: P53602, ENST00000301012, ../Ntranos_Rotation/ESM-SaProt/AF-P53602-F1-model_v4.pdb.gz
INFO:2025-10-30 14:35:20,929:Successfully computed HSC for P53602.
INFO:2025-10-30 14:35:20,929:Processing P53609 with model AF-P53609-F1-model_v4.pdb
INFO:2025-10-30 14:35:21,146:Computing HSC features for: P53609, ENST00000419445, ../Ntranos_Rotation/ESM-SaProt/AF-P53609-F1-model_v4.pdb.gz
INFO:2025-10-30 14:35:47,859:Successfully computed HSC for P53609.
INFO:2025-10-30 14:35:47,859:Processing P53611 with model AF-P53611-F1-model_v4.pdb
INFO:2025-10-30 14:35:47,958:Computing HSC features for: P53611, ENST00000319942, ../Ntranos_Rotation/ESM-SaProt/AF-P53611-F1-model_v4.pdb.gz
INFO:2025-10-30 14:36:13,953:Successfully computed HSC for P53611.
INFO:2025-10-30 14:36:13,953:Processing P53618 with model AF-P53618-F1-model_v4.pdb
INFO:2025-10-30 14:36:14,371:Computing HSC features for: P53618, ENST00000249923, ../Ntranos_Rotation/ESM-SaProt/AF-P53618-F1-model_v4.pdb.gz
INFO:2025-10-30 14:37:10,791:Successfully computed HSC for P53618.
INFO:2025-10-30 14:37:10,791:Processing P53621 with model AF-P53621-F1-model_v4.pdb
INFO:2025-10-30 14:37:10,944:Computing HSC features for: P53621, ENST00000241704, ../Ntranos_Rotation/ESM-SaProt/AF-P53621-F1-model_v4.pdb.gz
INFO:2025-10-30 14:38:37,348:Successfully computed HSC for P53621.
INFO:2025-10-30 14:38:37,348:Processing P53634 with model AF-P53634-F1-model_v4.pdb
INFO:2025-10-30 14:38:37,449:Computing HSC features for: P53634, ENST00000227266, ../Ntranos_Rotation/ESM-SaProt/AF-P53634-F1-model_v4.pdb.gz
INFO:2025-10-30 14:39:08,170:Successfully computed HSC for P53634.
INFO:2025-10-30 14:39:08,170:Processing P53667 with model AF-P53667-F1-model_v4.pdb
INFO:2025-10-30 14:39:08,262:Computing HSC features for: P53667, ENST00000336180, ../Ntranos_Rotation/ESM-SaProt/AF-P53667-F1-model_v4.pdb.gz
INFO:2025-10-30 14:40:06,561:Successfully computed HSC for P53667.
INFO:2025-10-30 14:40:06,561:Processing P53671 with model AF-P53671-F1-model_v4.pdb
INFO:2025-10-30 14:40:06,710:Computing HSC features for: P53671, ENST00000331728, ../Ntranos_Rotation/ESM-SaProt/AF-P53671-F1-model_v4.pdb.gz
INFO:2025-10-30 14:40:58,843:Successfully computed HSC for P53671.
INFO:2025-10-30 14:40:58,844:Processing P53672 with model AF-P53672-F1-model_v4.pdb
INFO:2025-10-30 14:40:59,023:Computing HSC features for: P53672, ENST00000295728, ../Ntranos_Rotation/ESM-SaProt/AF-P53672-F1-model_v4.pdb.gz
INFO:2025-10-30 14:41:20,629:Successfully computed HSC for P53672.
INFO:2025-10-30 14:41:20,629:Processing P53673 with model AF-P53673-F1-model_v4.pdb
INFO:2025-10-30 14:41:20,677:Computing HSC features for: P53673, ENST00000354760, ../Ntranos_Rotation/ESM-SaProt/AF-P53673-F1-model_v4.pdb.gz
INFO:2025-10-30 14:41:38,511:Successfully computed HSC for P53673.
INFO:2025-10-30 14:41:38,511:Processing P53674 with model AF-P53674-F1-model_v4.pdb
ERROR:2025-10-30 14:41:38,556:No transcript record found for P53674 in gnomAD.
INFO:2025-10-30 14:41:38,556:Processing P53675 with model AF-P53675-F1-model_v4.pdb
INFO:2025-10-30 14:41:38,738:Computing HSC features for: P53675, ENST00000427926, ../Ntranos_Rotation/ESM-SaProt/AF-P53675-F1-model_v4.pdb.gz
INFO:2025-10-30 14:43:27,627:Successfully computed HSC for P53675.
INFO:2025-10-30 14:43:27,627:Processing P53677 with model AF-P53677-F1-model_v4.pdb
INFO:2025-10-30 14:43:27,708:Computing HSC features for: P53677, ENST00000396926, ../Ntranos_Rotation/ESM-SaProt/AF-P53677-F1-model_v4.pdb.gz
INFO:2025-10-30 14:43:54,717:Successfully computed HSC for P53677.
INFO:2025-10-30 14:43:54,717:Processing P53680 with model AF-P53680-F1-model_v4.pdb
INFO:2025-10-30 14:43:54,754:Computing HSC features for: P53680, ENST00000263270, ../Ntranos_Rotation/ESM-SaProt/AF-P53680-F1-model_v4.pdb.gz
INFO:2025-10-30 14:44:06,797:Successfully computed HSC for P53680.
INFO:2025-10-30 14:44:06,797:Processing P53701 with model AF-P53701-F1-model_v4.pdb
INFO:2025-10-30 14:44:06,859:Computing HSC features for: P53701, ENST00000321143, ../Ntranos_Rotation/ESM-SaProt/AF-P53701-F1-model_v4.pdb.gz
INFO:2025-10-30 14:44:29,525:Successfully computed HSC for P53701.
INFO:2025-10-30 14:44:29,525:Processing P53708 with model AF-P53708-F1-model_v4.pdb
INFO:2025-10-30 14:44:29,692:Computing HSC features for: P53708, ENST00000378076, ../Ntranos_Rotation/ESM-SaProt/AF-P53708-F1-model_v4.pdb.gz
INFO:2025-10-30 14:46:10,559:Successfully computed HSC for P53708.
INFO:2025-10-30 14:46:10,559:Processing P53778 with model AF-P53778-F1-model_v4.pdb
INFO:2025-10-30 14:46:10,616:Computing HSC features for: P53778, ENST00000215659, ../Ntranos_Rotation/ESM-SaProt/AF-P53778-F1-model_v4.pdb.gz
INFO:2025-10-30 14:46:46,889:Successfully computed HSC for P53778.
INFO:2025-10-30 14:46:46,889:Processing P53779 with model AF-P53779-F1-model_v4.pdb
INFO:2025-10-30 14:46:46,980:Computing HSC features for: P53779, ENST00000515400, ../Ntranos_Rotation/ESM-SaProt/AF-P53779-F1-model_v4.pdb.gz
INFO:2025-10-30 14:47:16,421:Successfully computed HSC for P53779.
INFO:2025-10-30 14:47:16,421:Processing P53794 with model AF-P53794-F1-model_v4.pdb
INFO:2025-10-30 14:47:16,541:Computing HSC features for: P53794, ENST00000381151, ../Ntranos_Rotation/ESM-SaProt/AF-P53794-F1-model_v4.pdb.gz
INFO:2025-10-30 14:47:59,594:Successfully computed HSC for P53794.
INFO:2025-10-30 14:47:59,594:Processing P53801 with model AF-P53801-F1-model_v4.pdb
INFO:2025-10-30 14:47:59,669:Computing HSC features for: P53801, ENST00000330938, ../Ntranos_Rotation/ESM-SaProt/AF-P53801-F1-model_v4.pdb.gz
INFO:2025-10-30 14:48:16,921:Successfully computed HSC for P53801.
INFO:2025-10-30 14:48:16,921:Processing P53803 with model AF-P53803-F1-model_v4.pdb
INFO:2025-10-30 14:48:16,965:Computing HSC features for: P53803, ENST00000353107, ../Ntranos_Rotation/ESM-SaProt/AF-P53803-F1-model_v4.pdb.gz
INFO:2025-10-30 14:48:20,681:Successfully computed HSC for P53803.
INFO:2025-10-30 14:48:20,681:Processing P53804 with model AF-P53804-F1-model_v4.pdb
ERROR:2025-10-30 14:48:20,881:No transcript record found for P53804 in gnomAD.
INFO:2025-10-30 14:48:20,881:Processing P53805 with model AF-P53805-F1-model_v4.pdb
INFO:2025-10-30 14:48:20,928:Computing HSC features for: P53805, ENST00000313806, ../Ntranos_Rotation/ESM-SaProt/AF-P53805-F1-model_v4.pdb.gz
INFO:2025-10-30 14:48:44,679:Successfully computed HSC for P53805.
INFO:2025-10-30 14:48:44,679:Processing P53814 with model AF-P53814-F1-model_v4.pdb
INFO:2025-10-30 14:48:44,775:Computing HSC features for: P53814, ENST00000347557, ../Ntranos_Rotation/ESM-SaProt/AF-P53814-F1-model_v4.pdb.gz
INFO:2025-10-30 14:50:03,759:Successfully computed HSC for P53814.
INFO:2025-10-30 14:50:03,759:Processing P53816 with model AF-P53816-F1-model_v4.pdb
INFO:2025-10-30 14:50:03,807:Computing HSC features for: P53816, ENST00000323646, ../Ntranos_Rotation/ESM-SaProt/AF-P53816-F1-model_v4.pdb.gz
INFO:2025-10-30 14:50:16,239:Successfully computed HSC for P53816.
INFO:2025-10-30 14:50:16,240:Processing P53985 with model AF-P53985-F1-model_v4.pdb
INFO:2025-10-30 14:50:16,312:Computing HSC features for: P53985, ENST00000369626, ../Ntranos_Rotation/ESM-SaProt/AF-P53985-F1-model_v4.pdb.gz
INFO:2025-10-30 14:50:46,120:Successfully computed HSC for P53985.
INFO:2025-10-30 14:50:46,120:Processing P53990 with model AF-P53990-F1-model_v4.pdb
ERROR:2025-10-30 14:50:46,177:No valid CDS found for P53990
INFO:2025-10-30 14:50:46,177:Processing P53992 with model AF-P53992-F1-model_v4.pdb
INFO:2025-10-30 14:50:46,305:Computing HSC features for: P53992, ENST00000339365, ../Ntranos_Rotation/ESM-SaProt/AF-P53992-F1-model_v4.pdb.gz
INFO:2025-10-30 14:51:55,566:Successfully computed HSC for P53992.
INFO:2025-10-30 14:51:55,566:Processing P53999 with model AF-P53999-F1-model_v4.pdb
INFO:2025-10-30 14:51:55,602:Computing HSC features for: P53999, ENST00000265073, ../Ntranos_Rotation/ESM-SaProt/AF-P53999-F1-model_v4.pdb.gz
INFO:2025-10-30 14:52:02,409:Successfully computed HSC for P53999.
INFO:2025-10-30 14:52:02,409:Processing P54098 with model AF-P54098-F1-model_v4.pdb
ERROR:2025-10-30 14:52:02,542:No transcript record found for P54098 in gnomAD.
INFO:2025-10-30 14:52:02,542:Processing P54105 with model AF-P54105-F1-model_v4.pdb
INFO:2025-10-30 14:52:02,608:Computing HSC features for: P54105, ENST00000525428, ../Ntranos_Rotation/ESM-SaProt/AF-P54105-F1-model_v4.pdb.gz
INFO:2025-10-30 14:52:17,029:Successfully computed HSC for P54105.
INFO:2025-10-30 14:52:17,029:Processing P54107 with model AF-P54107-F1-model_v4.pdb
INFO:2025-10-30 14:52:17,079:Computing HSC features for: P54107, ENST00000335847, ../Ntranos_Rotation/ESM-SaProt/AF-P54107-F1-model_v4.pdb.gz
INFO:2025-10-30 14:52:31,390:Successfully computed HSC for P54107.
INFO:2025-10-30 14:52:31,390:Processing P54108 with model AF-P54108-F1-model_v4.pdb
ERROR:2025-10-30 14:52:31,428:No valid CDS found for P54108
INFO:2025-10-30 14:52:31,428:Processing P54132 with model AF-P54132-F1-model_v4.pdb
INFO:2025-10-30 14:52:31,567:Computing HSC features for: P54132, ENST00000355112, ../Ntranos_Rotation/ESM-SaProt/AF-P54132-F1-model_v4.pdb.gz
INFO:2025-10-30 14:53:52,080:Successfully computed HSC for P54132.
INFO:2025-10-30 14:53:52,080:Processing P54136 with model AF-P54136-F1-model_v4.pdb
INFO:2025-10-30 14:53:52,199:Computing HSC features for: P54136, ENST00000231572, ../Ntranos_Rotation/ESM-SaProt/AF-P54136-F1-model_v4.pdb.gz
INFO:2025-10-30 14:54:47,898:Successfully computed HSC for P54136.
INFO:2025-10-30 14:54:47,898:Processing P54198 with model AF-P54198-F1-model_v4.pdb
INFO:2025-10-30 14:54:48,064:Computing HSC features for: P54198, ENST00000263208, ../Ntranos_Rotation/ESM-SaProt/AF-P54198-F1-model_v4.pdb.gz
INFO:2025-10-30 14:56:25,787:Successfully computed HSC for P54198.
INFO:2025-10-30 14:56:25,787:Processing P54219 with model AF-P54219-F1-model_v4.pdb
INFO:2025-10-30 14:56:25,857:Computing HSC features for: P54219, ENST00000276373, ../Ntranos_Rotation/ESM-SaProt/AF-P54219-F1-model_v4.pdb.gz
INFO:2025-10-30 14:56:59,441:Successfully computed HSC for P54219.
INFO:2025-10-30 14:56:59,441:Processing P54252 with model AF-P54252-F1-model_v4.pdb
ERROR:2025-10-30 14:56:59,529:No transcript record found for P54252 in gnomAD.
INFO:2025-10-30 14:56:59,529:Processing P54253 with model AF-P54253-F1-model_v4.pdb
INFO:2025-10-30 14:56:59,687:Computing HSC features for: P54253, ENST00000244769, ../Ntranos_Rotation/ESM-SaProt/AF-P54253-F1-model_v4.pdb.gz
INFO:2025-10-30 14:58:40,502:Successfully computed HSC for P54253.
INFO:2025-10-30 14:58:40,502:Pipeline completed.
INFO:2025-10-30 14:58:40,503:no_enst_for_uniprot: 0
INFO:2025-10-30 14:58:40,503:no_valid_cds: 2
INFO:2025-10-30 14:58:40,503:no_variant_data: 4
INFO:2025-10-30 14:58:40,503:bad_structure: 0
INFO:2025-10-30 14:58:40,503:no_enst_mp: 0
