INFO:2025-10-30 14:59:04,302:Starting HSC computation pipeline...
INFO:2025-10-30 15:00:11,197:Processing Q9Y2J8 with model AF-Q9Y2J8-F1-model_v4.pdb
ERROR:2025-10-30 15:00:11,325:No transcript record found for Q9Y2J8 in gnomAD.
INFO:2025-10-30 15:00:11,325:Processing Q9Y2K1 with model AF-Q9Y2K1-F1-model_v4.pdb
INFO:2025-10-30 15:00:11,509:Computing HSC features for: Q9Y2K1, ENST00000554015, ../Ntranos_Rotation/ESM-SaProt/AF-Q9Y2K1-F1-model_v4.pdb.gz
INFO:2025-10-30 15:01:06,307:Successfully computed HSC for Q9Y2K1.
INFO:2025-10-30 15:01:06,308:Processing Q9Y2K2 with model AF-Q9Y2K2-F1-model_v4.pdb
ERROR:2025-10-30 15:01:06,474:No valid CDS found for Q9Y2K2
INFO:2025-10-30 15:01:06,474:Processing Q9Y2K3 with model AF-Q9Y2K3-F1-model_v4.pdb
ERROR:2025-10-30 15:01:06,872:No transcript record found for Q9Y2K3 in gnomAD.
INFO:2025-10-30 15:01:06,872:Processing Q9Y2K5 with model AF-Q9Y2K5-F1-model_v4.pdb
INFO:2025-10-30 15:01:07,015:Computing HSC features for: Q9Y2K5, ENST00000347140, ../Ntranos_Rotation/ESM-SaProt/AF-Q9Y2K5-F1-model_v4.pdb.gz
INFO:2025-10-30 15:02:28,271:Successfully computed HSC for Q9Y2K5.
INFO:2025-10-30 15:02:28,271:Processing Q9Y2K6 with model AF-Q9Y2K6-F1-model_v4.pdb
INFO:2025-10-30 15:02:28,458:Computing HSC features for: Q9Y2K6, ENST00000315480, ../Ntranos_Rotation/ESM-SaProt/AF-Q9Y2K6-F1-model_v4.pdb.gz
INFO:2025-10-30 15:04:24,914:Successfully computed HSC for Q9Y2K6.
INFO:2025-10-30 15:04:24,914:Processing Q9Y2K7 with model AF-Q9Y2K7-F1-model_v4.pdb
INFO:2025-10-30 15:04:25,073:Computing HSC features for: Q9Y2K7, ENST00000529006, ../Ntranos_Rotation/ESM-SaProt/AF-Q9Y2K7-F1-model_v4.pdb.gz
INFO:2025-10-30 15:07:14,424:Successfully computed HSC for Q9Y2K7.
INFO:2025-10-30 15:07:14,424:Processing Q9Y2K9 with model AF-Q9Y2K9-F1-model_v4.pdb
ERROR:2025-10-30 15:07:14,664:No transcript record found for Q9Y2K9 in gnomAD.
INFO:2025-10-30 15:07:14,664:Processing Q9Y2L1 with model AF-Q9Y2L1-F1-model_v4.pdb
INFO:2025-10-30 15:07:14,841:Computing HSC features for: Q9Y2L1, ENST00000377767, ../Ntranos_Rotation/ESM-SaProt/AF-Q9Y2L1-F1-model_v4.pdb.gz
INFO:2025-10-30 15:08:36,934:Successfully computed HSC for Q9Y2L1.
INFO:2025-10-30 15:08:36,934:Processing Q9Y2L5 with model AF-Q9Y2L5-F1-model_v4.pdb
INFO:2025-10-30 15:08:37,137:Computing HSC features for: Q9Y2L5, ENST00000283351, ../Ntranos_Rotation/ESM-SaProt/AF-Q9Y2L5-F1-model_v4.pdb.gz
INFO:2025-10-30 15:10:29,288:Successfully computed HSC for Q9Y2L5.
INFO:2025-10-30 15:10:29,289:Processing Q9Y2L6 with model AF-Q9Y2L6-F1-model_v4.pdb
INFO:2025-10-30 15:10:29,505:Computing HSC features for: Q9Y2L6, ENST00000398540, ../Ntranos_Rotation/ESM-SaProt/AF-Q9Y2L6-F1-model_v4.pdb.gz
INFO:2025-10-30 15:11:58,570:Successfully computed HSC for Q9Y2L6.
INFO:2025-10-30 15:11:58,570:Processing Q9Y2L8 with model AF-Q9Y2L8-F1-model_v4.pdb
INFO:2025-10-30 15:11:58,742:Computing HSC features for: Q9Y2L8, ENST00000326775, ../Ntranos_Rotation/ESM-SaProt/AF-Q9Y2L8-F1-model_v4.pdb.gz
INFO:2025-10-30 15:13:06,380:Successfully computed HSC for Q9Y2L8.
INFO:2025-10-30 15:13:06,380:Processing Q9Y2L9 with model AF-Q9Y2L9-F1-model_v4.pdb
INFO:2025-10-30 15:13:06,471:Computing HSC features for: Q9Y2L9, ENST00000389798, ../Ntranos_Rotation/ESM-SaProt/AF-Q9Y2L9-F1-model_v4.pdb.gz
INFO:2025-10-30 15:14:18,188:Successfully computed HSC for Q9Y2L9.
INFO:2025-10-30 15:14:18,188:Processing Q9Y2M0 with model AF-Q9Y2M0-F1-model_v4.pdb
INFO:2025-10-30 15:14:18,356:Computing HSC features for: Q9Y2M0, ENST00000362065, ../Ntranos_Rotation/ESM-SaProt/AF-Q9Y2M0-F1-model_v4.pdb.gz
INFO:2025-10-30 15:15:47,131:Successfully computed HSC for Q9Y2M0.
INFO:2025-10-30 15:15:47,131:Processing Q9Y2M2 with model AF-Q9Y2M2-F1-model_v4.pdb
INFO:2025-10-30 15:15:47,231:Computing HSC features for: Q9Y2M2, ENST00000317371, ../Ntranos_Rotation/ESM-SaProt/AF-Q9Y2M2-F1-model_v4.pdb.gz
INFO:2025-10-30 15:16:26,411:Successfully computed HSC for Q9Y2M2.
INFO:2025-10-30 15:16:26,411:Processing Q9Y2M5 with model AF-Q9Y2M5-F1-model_v4.pdb
INFO:2025-10-30 15:16:26,986:Computing HSC features for: Q9Y2M5, ENST00000209884, ../Ntranos_Rotation/ESM-SaProt/AF-Q9Y2M5-F1-model_v4.pdb.gz
INFO:2025-10-30 15:17:21,596:Successfully computed HSC for Q9Y2M5.
INFO:2025-10-30 15:17:21,596:Processing Q9Y2N7 with model AF-Q9Y2N7-F1-model_v4.pdb
INFO:2025-10-30 15:17:21,716:Computing HSC features for: Q9Y2N7, ENST00000377670, ../Ntranos_Rotation/ESM-SaProt/AF-Q9Y2N7-F1-model_v4.pdb.gz
INFO:2025-10-30 15:18:31,575:Successfully computed HSC for Q9Y2N7.
INFO:2025-10-30 15:18:31,575:Processing Q9Y2P0 with model AF-Q9Y2P0-F1-model_v4.pdb
INFO:2025-10-30 15:18:31,955:Computing HSC features for: Q9Y2P0, ENST00000537055, ../Ntranos_Rotation/ESM-SaProt/AF-Q9Y2P0-F1-model_v4.pdb.gz
INFO:2025-10-30 15:20:19,902:Successfully computed HSC for Q9Y2P0.
INFO:2025-10-30 15:20:19,903:Processing Q9Y2P4 with model AF-Q9Y2P4-F1-model_v4.pdb
INFO:2025-10-30 15:20:20,145:Computing HSC features for: Q9Y2P4, ENST00000262462, ../Ntranos_Rotation/ESM-SaProt/AF-Q9Y2P4-F1-model_v4.pdb.gz
INFO:2025-10-30 15:21:11,938:Successfully computed HSC for Q9Y2P4.
INFO:2025-10-30 15:21:11,939:Processing Q9Y2P5 with model AF-Q9Y2P5-F1-model_v4.pdb
INFO:2025-10-30 15:21:12,067:Computing HSC features for: Q9Y2P5, ENST00000263093, ../Ntranos_Rotation/ESM-SaProt/AF-Q9Y2P5-F1-model_v4.pdb.gz
INFO:2025-10-30 15:22:57,632:Successfully computed HSC for Q9Y2P5.
INFO:2025-10-30 15:22:57,632:Processing Q9Y2P7 with model AF-Q9Y2P7-F1-model_v4.pdb
INFO:2025-10-30 15:22:57,752:Computing HSC features for: Q9Y2P7, ENST00000282308, ../Ntranos_Rotation/ESM-SaProt/AF-Q9Y2P7-F1-model_v4.pdb.gz
INFO:2025-10-30 15:23:43,650:Successfully computed HSC for Q9Y2P7.
INFO:2025-10-30 15:23:43,650:Processing Q9Y2P8 with model AF-Q9Y2P8-F1-model_v4.pdb
INFO:2025-10-30 15:23:43,732:Computing HSC features for: Q9Y2P8, ENST00000381750, ../Ntranos_Rotation/ESM-SaProt/AF-Q9Y2P8-F1-model_v4.pdb.gz
INFO:2025-10-30 15:24:24,098:Successfully computed HSC for Q9Y2P8.
INFO:2025-10-30 15:24:24,099:Processing Q9Y2Q0 with model AF-Q9Y2Q0-F1-model_v4.pdb
ERROR:2025-10-30 15:24:24,318:No transcript record found for Q9Y2Q0 in gnomAD.
INFO:2025-10-30 15:24:24,318:Processing Q9Y2Q1 with model AF-Q9Y2Q1-F1-model_v4.pdb
INFO:2025-10-30 15:24:24,445:Computing HSC features for: Q9Y2Q1, ENST00000594947, ../Ntranos_Rotation/ESM-SaProt/AF-Q9Y2Q1-F1-model_v4.pdb.gz
INFO:2025-10-30 15:25:05,887:Successfully computed HSC for Q9Y2Q1.
INFO:2025-10-30 15:25:05,887:Processing Q9Y2Q3 with model AF-Q9Y2Q3-F1-model_v4.pdb
INFO:2025-10-30 15:25:05,957:Computing HSC features for: Q9Y2Q3, ENST00000358406, ../Ntranos_Rotation/ESM-SaProt/AF-Q9Y2Q3-F1-model_v4.pdb.gz
INFO:2025-10-30 15:25:41,077:Successfully computed HSC for Q9Y2Q3.
INFO:2025-10-30 15:25:41,077:Processing Q9Y2Q5 with model AF-Q9Y2Q5-F1-model_v4.pdb
INFO:2025-10-30 15:25:41,137:Computing HSC features for: Q9Y2Q5, ENST00000368305, ../Ntranos_Rotation/ESM-SaProt/AF-Q9Y2Q5-F1-model_v4.pdb.gz
INFO:2025-10-30 15:26:02,309:Successfully computed HSC for Q9Y2Q5.
INFO:2025-10-30 15:26:02,309:Processing Q9Y2Q9 with model AF-Q9Y2Q9-F1-model_v4.pdb
INFO:2025-10-30 15:26:02,361:Computing HSC features for: Q9Y2Q9, ENST00000276585, ../Ntranos_Rotation/ESM-SaProt/AF-Q9Y2Q9-F1-model_v4.pdb.gz
INFO:2025-10-30 15:26:27,678:Successfully computed HSC for Q9Y2Q9.
INFO:2025-10-30 15:26:27,679:Processing Q9Y2R0 with model AF-Q9Y2R0-F1-model_v4.pdb
INFO:2025-10-30 15:26:27,763:Computing HSC features for: Q9Y2R0, ENST00000328434, ../Ntranos_Rotation/ESM-SaProt/AF-Q9Y2R0-F1-model_v4.pdb.gz
INFO:2025-10-30 15:26:53,601:Successfully computed HSC for Q9Y2R0.
INFO:2025-10-30 15:26:53,602:Processing Q9Y2R2 with model AF-Q9Y2R2-F1-model_v4.pdb
ERROR:2025-10-30 15:26:53,813:No valid CDS found for Q9Y2R2
INFO:2025-10-30 15:26:53,813:Processing Q9Y2R4 with model AF-Q9Y2R4-F1-model_v4.pdb
ERROR:2025-10-30 15:26:53,963:No transcript record found for Q9Y2R4 in gnomAD.
INFO:2025-10-30 15:26:53,963:Processing Q9Y2R5 with model AF-Q9Y2R5-F1-model_v4.pdb
INFO:2025-10-30 15:26:54,004:Computing HSC features for: Q9Y2R5, ENST00000285298, ../Ntranos_Rotation/ESM-SaProt/AF-Q9Y2R5-F1-model_v4.pdb.gz
INFO:2025-10-30 15:27:04,895:Successfully computed HSC for Q9Y2R5.
INFO:2025-10-30 15:27:04,895:Processing Q9Y2R9 with model AF-Q9Y2R9-F1-model_v4.pdb
INFO:2025-10-30 15:27:04,962:Computing HSC features for: Q9Y2R9, ENST00000245539, ../Ntranos_Rotation/ESM-SaProt/AF-Q9Y2R9-F1-model_v4.pdb.gz
INFO:2025-10-30 15:27:34,861:Successfully computed HSC for Q9Y2R9.
INFO:2025-10-30 15:27:34,861:Processing Q9Y2S2 with model AF-Q9Y2S2-F1-model_v4.pdb
INFO:2025-10-30 15:27:34,950:Computing HSC features for: Q9Y2S2, ENST00000298248, ../Ntranos_Rotation/ESM-SaProt/AF-Q9Y2S2-F1-model_v4.pdb.gz
INFO:2025-10-30 15:28:12,059:Successfully computed HSC for Q9Y2S2.
INFO:2025-10-30 15:28:12,060:Processing Q9Y2S6 with model AF-Q9Y2S6-F1-model_v4.pdb
INFO:2025-10-30 15:28:12,096:Computing HSC features for: Q9Y2S6, ENST00000438607, ../Ntranos_Rotation/ESM-SaProt/AF-Q9Y2S6-F1-model_v4.pdb.gz
INFO:2025-10-30 15:28:19,879:Successfully computed HSC for Q9Y2S6.
INFO:2025-10-30 15:28:19,879:Processing Q9Y2S7 with model AF-Q9Y2S7-F1-model_v4.pdb
INFO:2025-10-30 15:28:19,939:Computing HSC features for: Q9Y2S7, ENST00000540200, ../Ntranos_Rotation/ESM-SaProt/AF-Q9Y2S7-F1-model_v4.pdb.gz
INFO:2025-10-30 15:29:07,920:Successfully computed HSC for Q9Y2S7.
INFO:2025-10-30 15:29:07,920:Processing Q9Y2T1 with model AF-Q9Y2T1-F1-model_v4.pdb
INFO:2025-10-30 15:29:08,034:Computing HSC features for: Q9Y2T1, ENST00000307078, ../Ntranos_Rotation/ESM-SaProt/AF-Q9Y2T1-F1-model_v4.pdb.gz
INFO:2025-10-30 15:30:51,138:Successfully computed HSC for Q9Y2T1.
INFO:2025-10-30 15:30:51,138:Processing Q9Y2T2 with model AF-Q9Y2T2-F1-model_v4.pdb
INFO:2025-10-30 15:30:51,202:Computing HSC features for: Q9Y2T2, ENST00000355264, ../Ntranos_Rotation/ESM-SaProt/AF-Q9Y2T2-F1-model_v4.pdb.gz
INFO:2025-10-30 15:31:29,683:Successfully computed HSC for Q9Y2T2.
INFO:2025-10-30 15:31:29,684:Processing Q9Y2T3 with model AF-Q9Y2T3-F1-model_v4.pdb
INFO:2025-10-30 15:31:29,804:Computing HSC features for: Q9Y2T3, ENST00000358399, ../Ntranos_Rotation/ESM-SaProt/AF-Q9Y2T3-F1-model_v4.pdb.gz
INFO:2025-10-30 15:32:08,748:Successfully computed HSC for Q9Y2T3.
INFO:2025-10-30 15:32:08,748:Processing Q9Y2T4 with model AF-Q9Y2T4-F1-model_v4.pdb
INFO:2025-10-30 15:32:09,170:Computing HSC features for: Q9Y2T4, ENST00000335585, ../Ntranos_Rotation/ESM-SaProt/AF-Q9Y2T4-F1-model_v4.pdb.gz
INFO:2025-10-30 15:33:00,178:Successfully computed HSC for Q9Y2T4.
INFO:2025-10-30 15:33:00,179:Processing Q9Y2T5 with model AF-Q9Y2T5-F1-model_v4.pdb
INFO:2025-10-30 15:33:00,267:Computing HSC features for: Q9Y2T5, ENST00000367685, ../Ntranos_Rotation/ESM-SaProt/AF-Q9Y2T5-F1-model_v4.pdb.gz
INFO:2025-10-30 15:33:33,086:Successfully computed HSC for Q9Y2T5.
INFO:2025-10-30 15:33:33,086:Processing Q9Y2T6 with model AF-Q9Y2T6-F1-model_v4.pdb
INFO:2025-10-30 15:33:33,291:Computing HSC features for: Q9Y2T6, ENST00000392039, ../Ntranos_Rotation/ESM-SaProt/AF-Q9Y2T6-F1-model_v4.pdb.gz
INFO:2025-10-30 15:34:03,790:Successfully computed HSC for Q9Y2T6.
INFO:2025-10-30 15:34:03,790:Processing Q9Y2T7 with model AF-Q9Y2T7-F1-model_v4.pdb
INFO:2025-10-30 15:34:03,873:Computing HSC features for: Q9Y2T7, ENST00000007699, ../Ntranos_Rotation/ESM-SaProt/AF-Q9Y2T7-F1-model_v4.pdb.gz
INFO:2025-10-30 15:35:16,941:Successfully computed HSC for Q9Y2T7.
INFO:2025-10-30 15:35:16,941:Processing Q9Y2U2 with model AF-Q9Y2U2-F1-model_v4.pdb
INFO:2025-10-30 15:35:16,998:Computing HSC features for: Q9Y2U2, ENST00000340313, ../Ntranos_Rotation/ESM-SaProt/AF-Q9Y2U2-F1-model_v4.pdb.gz
INFO:2025-10-30 15:35:51,282:Successfully computed HSC for Q9Y2U2.
INFO:2025-10-30 15:35:51,282:Processing Q9Y2U5 with model AF-Q9Y2U5-F1-model_v4.pdb
INFO:2025-10-30 15:35:51,406:Computing HSC features for: Q9Y2U5, ENST00000344908, ../Ntranos_Rotation/ESM-SaProt/AF-Q9Y2U5-F1-model_v4.pdb.gz
INFO:2025-10-30 15:36:38,109:Successfully computed HSC for Q9Y2U5.
INFO:2025-10-30 15:36:38,109:Processing Q9Y2U8 with model AF-Q9Y2U8-F1-model_v4.pdb
INFO:2025-10-30 15:36:38,282:Computing HSC features for: Q9Y2U8, ENST00000308330, ../Ntranos_Rotation/ESM-SaProt/AF-Q9Y2U8-F1-model_v4.pdb.gz
INFO:2025-10-30 15:38:21,664:Successfully computed HSC for Q9Y2U8.
INFO:2025-10-30 15:38:21,664:Processing Q9Y2U9 with model AF-Q9Y2U9-F1-model_v4.pdb
INFO:2025-10-30 15:38:21,983:Computing HSC features for: Q9Y2U9, ENST00000298307, ../Ntranos_Rotation/ESM-SaProt/AF-Q9Y2U9-F1-model_v4.pdb.gz
INFO:2025-10-30 15:38:55,728:Successfully computed HSC for Q9Y2U9.
INFO:2025-10-30 15:38:55,728:Processing Q9Y2V0 with model AF-Q9Y2V0-F1-model_v4.pdb
INFO:2025-10-30 15:38:55,906:Computing HSC features for: Q9Y2V0, ENST00000437989, ../Ntranos_Rotation/ESM-SaProt/AF-Q9Y2V0-F1-model_v4.pdb.gz
INFO:2025-10-30 15:39:19,218:Successfully computed HSC for Q9Y2V0.
INFO:2025-10-30 15:39:19,219:Processing Q9Y2V2 with model AF-Q9Y2V2-F1-model_v4.pdb
INFO:2025-10-30 15:39:19,272:Computing HSC features for: Q9Y2V2, ENST00000311052, ../Ntranos_Rotation/ESM-SaProt/AF-Q9Y2V2-F1-model_v4.pdb.gz
INFO:2025-10-30 15:39:49,880:Successfully computed HSC for Q9Y2V2.
INFO:2025-10-30 15:39:49,880:Processing Q9Y2V3 with model AF-Q9Y2V3-F1-model_v4.pdb
INFO:2025-10-30 15:39:49,966:Computing HSC features for: Q9Y2V3, ENST00000334889, ../Ntranos_Rotation/ESM-SaProt/AF-Q9Y2V3-F1-model_v4.pdb.gz
INFO:2025-10-30 15:40:55,922:Successfully computed HSC for Q9Y2V3.
INFO:2025-10-30 15:40:55,923:Processing Q9Y2V7 with model AF-Q9Y2V7-F1-model_v4.pdb
INFO:2025-10-30 15:40:56,060:Computing HSC features for: Q9Y2V7, ENST00000455146, ../Ntranos_Rotation/ESM-SaProt/AF-Q9Y2V7-F1-model_v4.pdb.gz
INFO:2025-10-30 15:42:00,469:Successfully computed HSC for Q9Y2V7.
INFO:2025-10-30 15:42:00,470:Pipeline completed.
INFO:2025-10-30 15:42:00,470:no_enst_for_uniprot: 0
INFO:2025-10-30 15:42:00,470:no_valid_cds: 2
INFO:2025-10-30 15:42:00,470:no_variant_data: 5
INFO:2025-10-30 15:42:00,470:bad_structure: 0
INFO:2025-10-30 15:42:00,470:no_enst_mp: 0
