INFO:2025-10-30 14:27:03,700:Starting HSC computation pipeline...
INFO:2025-10-30 14:28:08,146:Processing Q96KV7 with model AF-Q96KV7-F1-model_v4.pdb
INFO:2025-10-30 14:28:08,554:Computing HSC features for: Q96KV7, ENST00000293879, ../Ntranos_Rotation/ESM-SaProt/AF-Q96KV7-F1-model_v4.pdb.gz
INFO:2025-10-30 14:34:33,843:Successfully computed HSC for Q96KV7.
INFO:2025-10-30 14:34:33,843:Processing Q96KW2 with model AF-Q96KW2-F1-model_v4.pdb
INFO:2025-10-30 14:34:34,062:Computing HSC features for: Q96KW2, ENST00000444565, ../Ntranos_Rotation/ESM-SaProt/AF-Q96KW2-F1-model_v4.pdb.gz
INFO:2025-10-30 14:36:29,770:Successfully computed HSC for Q96KW2.
INFO:2025-10-30 14:36:29,770:Processing Q96M60 with model AF-Q96M60-F1-model_v4.pdb
INFO:2025-10-30 14:36:29,928:Computing HSC features for: Q96M60, ENST00000299338, ../Ntranos_Rotation/ESM-SaProt/AF-Q96M60-F1-model_v4.pdb.gz
INFO:2025-10-30 14:37:15,365:Successfully computed HSC for Q96M60.
INFO:2025-10-30 14:37:15,365:Processing Q96M61 with model AF-Q96M61-F1-model_v4.pdb
INFO:2025-10-30 14:37:15,462:Computing HSC features for: Q96M61, ENST00000325250, ../Ntranos_Rotation/ESM-SaProt/AF-Q96M61-F1-model_v4.pdb.gz
INFO:2025-10-30 14:37:51,441:Successfully computed HSC for Q96M61.
INFO:2025-10-30 14:37:51,442:Processing Q96M63 with model AF-Q96M63-F1-model_v4.pdb
INFO:2025-10-30 14:37:51,547:Computing HSC features for: Q96M63, ENST00000315396, ../Ntranos_Rotation/ESM-SaProt/AF-Q96M63-F1-model_v4.pdb.gz
INFO:2025-10-30 14:39:26,799:Successfully computed HSC for Q96M63.
INFO:2025-10-30 14:39:26,799:Processing Q96M66 with model AF-Q96M66-F1-model_v4.pdb
ERROR:2025-10-30 14:39:26,843:No ENST transcript IDs were mapped to Q96M66
INFO:2025-10-30 14:39:26,843:Processing Q96M69 with model AF-Q96M69-F1-model_v4.pdb
INFO:2025-10-30 14:39:27,047:Computing HSC features for: Q96M69, ENST00000285928, ../Ntranos_Rotation/ESM-SaProt/AF-Q96M69-F1-model_v4.pdb.gz
INFO:2025-10-30 14:40:52,727:Successfully computed HSC for Q96M69.
INFO:2025-10-30 14:40:52,728:Processing Q96M78 with model AF-Q96M78-F1-model_v4.pdb
ERROR:2025-10-30 14:40:52,782:No ENST transcript IDs were mapped to Q96M78
INFO:2025-10-30 14:40:52,782:Processing Q96M83 with model AF-Q96M83-F1-model_v4.pdb
ERROR:2025-10-30 14:40:53,090:No transcript record found for Q96M83 in gnomAD.
INFO:2025-10-30 14:40:53,090:Processing Q96M85 with model AF-Q96M85-F1-model_v4.pdb
ERROR:2025-10-30 14:40:53,158:No ENST transcript IDs were mapped to Q96M85
INFO:2025-10-30 14:40:53,158:Processing Q96M86 with model AF-Q96M86-F1-model_v4.pdb
ERROR:2025-10-30 14:40:53,361:No valid CDS found for Q96M86
INFO:2025-10-30 14:40:53,361:Processing Q96M89 with model AF-Q96M89-F1-model_v4.pdb
INFO:2025-10-30 14:40:53,541:Computing HSC features for: Q96M89, ENST00000295124, ../Ntranos_Rotation/ESM-SaProt/AF-Q96M89-F1-model_v4.pdb.gz
INFO:2025-10-30 14:41:55,854:Successfully computed HSC for Q96M89.
INFO:2025-10-30 14:41:55,854:Processing Q96MH6 with model AF-Q96MH6-F1-model_v4.pdb
INFO:2025-10-30 14:41:55,974:Computing HSC features for: Q96MH6, ENST00000434581, ../Ntranos_Rotation/ESM-SaProt/AF-Q96MH6-F1-model_v4.pdb.gz
INFO:2025-10-30 14:42:29,684:Successfully computed HSC for Q96MH6.
INFO:2025-10-30 14:42:29,684:Processing Q96MX6 with model AF-Q96MX6-F1-model_v4.pdb
INFO:2025-10-30 14:42:29,779:Computing HSC features for: Q96MX6, ENST00000295121, ../Ntranos_Rotation/ESM-SaProt/AF-Q96MX6-F1-model_v4.pdb.gz
INFO:2025-10-30 14:43:11,557:Successfully computed HSC for Q96MX6.
INFO:2025-10-30 14:43:11,557:Processing Q96NA8 with model AF-Q96NA8-F1-model_v4.pdb
INFO:2025-10-30 14:43:11,704:Computing HSC features for: Q96NA8, ENST00000524325, ../Ntranos_Rotation/ESM-SaProt/AF-Q96NA8-F1-model_v4.pdb.gz
INFO:2025-10-30 14:44:28,779:Successfully computed HSC for Q96NA8.
INFO:2025-10-30 14:44:28,780:Processing Q96NB1 with model AF-Q96NB1-F1-model_v4.pdb
INFO:2025-10-30 14:44:28,867:Computing HSC features for: Q96NB1, ENST00000255759, ../Ntranos_Rotation/ESM-SaProt/AF-Q96NB1-F1-model_v4.pdb.gz
INFO:2025-10-30 14:44:46,899:Successfully computed HSC for Q96NB1.
INFO:2025-10-30 14:44:46,899:Processing Q96NB2 with model AF-Q96NB2-F1-model_v4.pdb
INFO:2025-10-30 14:44:46,953:Computing HSC features for: Q96NB2, ENST00000369893, ../Ntranos_Rotation/ESM-SaProt/AF-Q96NB2-F1-model_v4.pdb.gz
INFO:2025-10-30 14:45:26,507:Successfully computed HSC for Q96NB2.
INFO:2025-10-30 14:45:26,507:Processing Q96T60 with model AF-Q96T60-F1-model_v4.pdb
INFO:2025-10-30 14:45:26,638:Computing HSC features for: Q96T60, ENST00000322344, ../Ntranos_Rotation/ESM-SaProt/AF-Q96T60-F1-model_v4.pdb.gz
INFO:2025-10-30 14:46:52,179:Successfully computed HSC for Q96T60.
INFO:2025-10-30 14:46:52,179:Processing Q96T66 with model AF-Q96T66-F1-model_v4.pdb
ERROR:2025-10-30 14:46:52,254:No transcript record found for Q96T66 in gnomAD.
INFO:2025-10-30 14:46:52,254:Processing Q96T68 with model AF-Q96T68-F1-model_v4.pdb
INFO:2025-10-30 14:46:52,430:Computing HSC features for: Q96T68, ENST00000354234, ../Ntranos_Rotation/ESM-SaProt/AF-Q96T68-F1-model_v4.pdb.gz
INFO:2025-10-30 14:48:00,999:Successfully computed HSC for Q96T68.
INFO:2025-10-30 14:48:00,999:Processing Q96T75 with model AF-Q96T75-F1-model_v4.pdb
ERROR:2025-10-30 14:48:01,040:No ENST transcript IDs were mapped to Q96T75
INFO:2025-10-30 14:48:01,040:Processing Q96T76 with model AF-Q96T76-F1-model_v4.pdb
INFO:2025-10-30 14:48:01,292:Computing HSC features for: Q96T76, ENST00000370782, ../Ntranos_Rotation/ESM-SaProt/AF-Q96T76-F1-model_v4.pdb.gz
INFO:2025-10-30 14:49:54,386:Successfully computed HSC for Q96T76.
INFO:2025-10-30 14:49:54,386:Processing Q96LI9 with model AF-Q96LI9-F1-model_v4.pdb
INFO:2025-10-30 14:49:54,583:Computing HSC features for: Q96LI9, ENST00000379211, ../Ntranos_Rotation/ESM-SaProt/AF-Q96LI9-F1-model_v4.pdb.gz
INFO:2025-10-30 14:50:42,291:Successfully computed HSC for Q96LI9.
INFO:2025-10-30 14:50:42,291:Processing Q96LJ7 with model AF-Q96LJ7-F1-model_v4.pdb
INFO:2025-10-30 14:50:42,387:Computing HSC features for: Q96LJ7, ENST00000288111, ../Ntranos_Rotation/ESM-SaProt/AF-Q96LJ7-F1-model_v4.pdb.gz
INFO:2025-10-30 14:51:31,640:Successfully computed HSC for Q96LJ7.
INFO:2025-10-30 14:51:31,640:Processing Q96LJ8 with model AF-Q96LJ8-F1-model_v4.pdb
INFO:2025-10-30 14:51:31,727:Computing HSC features for: Q96LJ8, ENST00000375099, ../Ntranos_Rotation/ESM-SaProt/AF-Q96LJ8-F1-model_v4.pdb.gz
INFO:2025-10-30 14:52:09,779:Successfully computed HSC for Q96LJ8.
INFO:2025-10-30 14:52:09,779:Processing Q96LK0 with model AF-Q96LK0-F1-model_v4.pdb
INFO:2025-10-30 14:52:09,853:Computing HSC features for: Q96LK0, ENST00000409690, ../Ntranos_Rotation/ESM-SaProt/AF-Q96LK0-F1-model_v4.pdb.gz
INFO:2025-10-30 14:52:37,126:Successfully computed HSC for Q96LK0.
INFO:2025-10-30 14:52:37,127:Processing Q96LK8 with model AF-Q96LK8-F1-model_v4.pdb
INFO:2025-10-30 14:52:37,309:Computing HSC features for: Q96LK8, ENST00000331780, ../Ntranos_Rotation/ESM-SaProt/AF-Q96LK8-F1-model_v4.pdb.gz
INFO:2025-10-30 14:53:22,481:Successfully computed HSC for Q96LK8.
INFO:2025-10-30 14:53:22,481:Processing Q96LL3 with model AF-Q96LL3-F1-model_v4.pdb
INFO:2025-10-30 14:53:22,534:Computing HSC features for: Q96LL3, ENST00000300575, ../Ntranos_Rotation/ESM-SaProt/AF-Q96LL3-F1-model_v4.pdb.gz
INFO:2025-10-30 14:54:01,236:Successfully computed HSC for Q96LL3.
INFO:2025-10-30 14:54:01,236:Processing Q96LL4 with model AF-Q96LL4-F1-model_v4.pdb
INFO:2025-10-30 14:54:01,338:Computing HSC features for: Q96LL4, ENST00000297324, ../Ntranos_Rotation/ESM-SaProt/AF-Q96LL4-F1-model_v4.pdb.gz
INFO:2025-10-30 14:54:51,769:Successfully computed HSC for Q96LL4.
INFO:2025-10-30 14:54:51,769:Processing Q96LL9 with model AF-Q96LL9-F1-model_v4.pdb
INFO:2025-10-30 14:54:51,845:Computing HSC features for: Q96LL9, ENST00000395176, ../Ntranos_Rotation/ESM-SaProt/AF-Q96LL9-F1-model_v4.pdb.gz
INFO:2025-10-30 14:56:00,135:Successfully computed HSC for Q96LL9.
INFO:2025-10-30 14:56:00,135:Processing Q96LM1 with model AF-Q96LM1-F1-model_v4.pdb
ERROR:2025-10-30 14:56:00,185:No ENST transcript IDs were mapped to Q96LM1
INFO:2025-10-30 14:56:00,185:Processing Q96LM5 with model AF-Q96LM5-F1-model_v4.pdb
INFO:2025-10-30 14:56:00,284:Computing HSC features for: Q96LM5, ENST00000434826, ../Ntranos_Rotation/ESM-SaProt/AF-Q96LM5-F1-model_v4.pdb.gz
INFO:2025-10-30 14:56:18,458:Successfully computed HSC for Q96LM5.
INFO:2025-10-30 14:56:18,458:Processing Q96LM6 with model AF-Q96LM6-F1-model_v4.pdb
INFO:2025-10-30 14:56:18,501:Computing HSC features for: Q96LM6, ENST00000303254, ../Ntranos_Rotation/ESM-SaProt/AF-Q96LM6-F1-model_v4.pdb.gz
INFO:2025-10-30 14:56:39,659:Successfully computed HSC for Q96LM6.
INFO:2025-10-30 14:56:39,659:Processing Q96LM9 with model AF-Q96LM9-F1-model_v4.pdb
INFO:2025-10-30 14:56:39,695:Computing HSC features for: Q96LM9, ENST00000246199, ../Ntranos_Rotation/ESM-SaProt/AF-Q96LM9-F1-model_v4.pdb.gz
INFO:2025-10-30 14:57:07,968:Successfully computed HSC for Q96LM9.
INFO:2025-10-30 14:57:07,968:Processing Q96LP2 with model AF-Q96LP2-F1-model_v4.pdb
INFO:2025-10-30 14:57:08,083:Computing HSC features for: Q96LP2, ENST00000283357, ../Ntranos_Rotation/ESM-SaProt/AF-Q96LP2-F1-model_v4.pdb.gz
INFO:2025-10-30 14:58:09,615:Successfully computed HSC for Q96LP2.
INFO:2025-10-30 14:58:09,615:Processing Q96LP6 with model AF-Q96LP6-F1-model_v4.pdb
INFO:2025-10-30 14:58:09,731:Computing HSC features for: Q96LP6, ENST00000378113, ../Ntranos_Rotation/ESM-SaProt/AF-Q96LP6-F1-model_v4.pdb.gz
INFO:2025-10-30 14:58:54,694:Successfully computed HSC for Q96LP6.
INFO:2025-10-30 14:58:54,694:Processing Q96LQ0 with model AF-Q96LQ0-F1-model_v4.pdb
INFO:2025-10-30 14:58:54,788:Computing HSC features for: Q96LQ0, ENST00000298705, ../Ntranos_Rotation/ESM-SaProt/AF-Q96LQ0-F1-model_v4.pdb.gz
INFO:2025-10-30 14:59:39,957:Successfully computed HSC for Q96LQ0.
INFO:2025-10-30 14:59:39,957:Processing Q96LR2 with model AF-Q96LR2-F1-model_v4.pdb
INFO:2025-10-30 14:59:40,030:Computing HSC features for: Q96LR2, ENST00000371980, ../Ntranos_Rotation/ESM-SaProt/AF-Q96LR2-F1-model_v4.pdb.gz
INFO:2025-10-30 15:00:14,968:Successfully computed HSC for Q96LR2.
INFO:2025-10-30 15:00:14,968:Processing Q96LR4 with model AF-Q96LR4-F1-model_v4.pdb
INFO:2025-10-30 15:00:15,022:Computing HSC features for: Q96LR4, ENST00000295569, ../Ntranos_Rotation/ESM-SaProt/AF-Q96LR4-F1-model_v4.pdb.gz
INFO:2025-10-30 15:00:57,238:Successfully computed HSC for Q96LR4.
INFO:2025-10-30 15:00:57,238:Processing Q96LR5 with model AF-Q96LR5-F1-model_v4.pdb
INFO:2025-10-30 15:00:57,302:Computing HSC features for: Q96LR5, ENST00000396703, ../Ntranos_Rotation/ESM-SaProt/AF-Q96LR5-F1-model_v4.pdb.gz
INFO:2025-10-30 15:01:22,316:Successfully computed HSC for Q96LR5.
INFO:2025-10-30 15:01:22,316:Processing Q96LR7 with model AF-Q96LR7-F1-model_v4.pdb
INFO:2025-10-30 15:01:22,374:Computing HSC features for: Q96LR7, ENST00000381585, ../Ntranos_Rotation/ESM-SaProt/AF-Q96LR7-F1-model_v4.pdb.gz
INFO:2025-10-30 15:01:43,746:Successfully computed HSC for Q96LR7.
INFO:2025-10-30 15:01:43,746:Processing Q96LR9 with model AF-Q96LR9-F1-model_v4.pdb
INFO:2025-10-30 15:01:43,838:Computing HSC features for: Q96LR9, ENST00000326765, ../Ntranos_Rotation/ESM-SaProt/AF-Q96LR9-F1-model_v4.pdb.gz
INFO:2025-10-30 15:03:45,804:Successfully computed HSC for Q96LR9.
INFO:2025-10-30 15:03:45,804:Processing Q96LS8 with model AF-Q96LS8-F1-model_v4.pdb
ERROR:2025-10-30 15:03:45,859:No ENST transcript IDs were mapped to Q96LS8
INFO:2025-10-30 15:03:45,859:Processing Q96LT4 with model AF-Q96LT4-F1-model_v4.pdb
INFO:2025-10-30 15:03:45,980:Computing HSC features for: Q96LT4, ENST00000542569, ../Ntranos_Rotation/ESM-SaProt/AF-Q96LT4-F1-model_v4.pdb.gz
INFO:2025-10-30 15:04:34,567:Successfully computed HSC for Q96LT4.
INFO:2025-10-30 15:04:34,567:Processing Q96LT6 with model AF-Q96LT6-F1-model_v4.pdb
INFO:2025-10-30 15:04:34,682:Computing HSC features for: Q96LT6, ENST00000294811, ../Ntranos_Rotation/ESM-SaProt/AF-Q96LT6-F1-model_v4.pdb.gz
INFO:2025-10-30 15:05:28,648:Successfully computed HSC for Q96LT6.
INFO:2025-10-30 15:05:28,649:Processing Q96LT7 with model AF-Q96LT7-F1-model_v4.pdb
INFO:2025-10-30 15:05:28,778:Computing HSC features for: Q96LT7, ENST00000380003, ../Ntranos_Rotation/ESM-SaProt/AF-Q96LT7-F1-model_v4.pdb.gz
INFO:2025-10-30 15:06:12,315:Successfully computed HSC for Q96LT7.
INFO:2025-10-30 15:06:12,315:Processing Q96LT9 with model AF-Q96LT9-F1-model_v4.pdb
INFO:2025-10-30 15:06:12,437:Computing HSC features for: Q96LT9, ENST00000423855, ../Ntranos_Rotation/ESM-SaProt/AF-Q96LT9-F1-model_v4.pdb.gz
INFO:2025-10-30 15:07:21,304:Successfully computed HSC for Q96LT9.
INFO:2025-10-30 15:07:21,304:Processing Q96LU5 with model AF-Q96LU5-F1-model_v4.pdb
INFO:2025-10-30 15:07:21,360:Computing HSC features for: Q96LU5, ENST00000278200, ../Ntranos_Rotation/ESM-SaProt/AF-Q96LU5-F1-model_v4.pdb.gz
INFO:2025-10-30 15:07:56,319:Successfully computed HSC for Q96LU5.
INFO:2025-10-30 15:07:56,320:Processing Q96LU7 with model AF-Q96LU7-F1-model_v4.pdb
INFO:2025-10-30 15:07:56,541:Computing HSC features for: Q96LU7, ENST00000552032, ../Ntranos_Rotation/ESM-SaProt/AF-Q96LU7-F1-model_v4.pdb.gz
INFO:2025-10-30 15:10:44,760:Successfully computed HSC for Q96LU7.
INFO:2025-10-30 15:10:44,761:Processing Q96LW1 with model AF-Q96LW1-F1-model_v4.pdb
INFO:2025-10-30 15:10:44,867:Computing HSC features for: Q96LW1, ENST00000322434, ../Ntranos_Rotation/ESM-SaProt/AF-Q96LW1-F1-model_v4.pdb.gz
INFO:2025-10-30 15:12:09,362:Successfully computed HSC for Q96LW1.
INFO:2025-10-30 15:12:09,362:Pipeline completed.
INFO:2025-10-30 15:12:09,362:no_enst_for_uniprot: 6
INFO:2025-10-30 15:12:09,362:no_valid_cds: 1
INFO:2025-10-30 15:12:09,362:no_variant_data: 2
INFO:2025-10-30 15:12:09,362:bad_structure: 0
INFO:2025-10-30 15:12:09,363:no_enst_mp: 0
