INFO:2025-10-30 14:53:03,641:Starting HSC computation pipeline...
INFO:2025-10-30 14:53:55,235:Processing Q9NR96 with model AF-Q9NR96-F1-model_v4.pdb
INFO:2025-10-30 14:53:55,417:Computing HSC features for: Q9NR96, ENST00000360658, ../Ntranos_Rotation/ESM-SaProt/AF-Q9NR96-F1-model_v4.pdb.gz
INFO:2025-10-30 14:56:04,354:Successfully computed HSC for Q9NR96.
INFO:2025-10-30 14:56:04,354:Processing Q9NR97 with model AF-Q9NR97-F1-model_v4.pdb
INFO:2025-10-30 14:56:04,523:Computing HSC features for: Q9NR97, ENST00000218032, ../Ntranos_Rotation/ESM-SaProt/AF-Q9NR97-F1-model_v4.pdb.gz
INFO:2025-10-30 14:57:20,417:Successfully computed HSC for Q9NR97.
INFO:2025-10-30 14:57:20,417:Processing Q9NR99 with model AF-Q9NR99-F1-model_v4.pdb
ERROR:2025-10-30 14:57:20,557:No valid CDS found for Q9NR99
INFO:2025-10-30 14:57:20,557:Processing Q9NRA0 with model AF-Q9NRA0-F1-model_v4.pdb
INFO:2025-10-30 14:57:20,722:Computing HSC features for: Q9NRA0, ENST00000245222, ../Ntranos_Rotation/ESM-SaProt/AF-Q9NRA0-F1-model_v4.pdb.gz
INFO:2025-10-30 14:59:14,286:Successfully computed HSC for Q9NRA0.
INFO:2025-10-30 14:59:14,286:Processing Q9NRA1 with model AF-Q9NRA1-F1-model_v4.pdb
INFO:2025-10-30 14:59:14,400:Computing HSC features for: Q9NRA1, ENST00000502773, ../Ntranos_Rotation/ESM-SaProt/AF-Q9NRA1-F1-model_v4.pdb.gz
INFO:2025-10-30 14:59:53,449:Successfully computed HSC for Q9NRA1.
INFO:2025-10-30 14:59:53,450:Processing Q9NRA2 with model AF-Q9NRA2-F1-model_v4.pdb
INFO:2025-10-30 14:59:53,594:Computing HSC features for: Q9NRA2, ENST00000355773, ../Ntranos_Rotation/ESM-SaProt/AF-Q9NRA2-F1-model_v4.pdb.gz
INFO:2025-10-30 15:00:50,935:Successfully computed HSC for Q9NRA2.
INFO:2025-10-30 15:00:50,935:Processing Q9NRA8 with model AF-Q9NRA8-F1-model_v4.pdb
INFO:2025-10-30 15:00:51,117:Computing HSC features for: Q9NRA8, ENST00000330125, ../Ntranos_Rotation/ESM-SaProt/AF-Q9NRA8-F1-model_v4.pdb.gz
INFO:2025-10-30 15:02:46,886:Successfully computed HSC for Q9NRA8.
INFO:2025-10-30 15:02:46,887:Processing Q9NRB3 with model AF-Q9NRB3-F1-model_v4.pdb
INFO:2025-10-30 15:02:46,992:Computing HSC features for: Q9NRB3, ENST00000258711, ../Ntranos_Rotation/ESM-SaProt/AF-Q9NRB3-F1-model_v4.pdb.gz
INFO:2025-10-30 15:04:18,685:Successfully computed HSC for Q9NRB3.
INFO:2025-10-30 15:04:18,685:Processing Q9NRC1 with model AF-Q9NRC1-F1-model_v4.pdb
INFO:2025-10-30 15:04:18,817:Computing HSC features for: Q9NRC1, ENST00000265437, ../Ntranos_Rotation/ESM-SaProt/AF-Q9NRC1-F1-model_v4.pdb.gz
INFO:2025-10-30 15:04:55,382:Successfully computed HSC for Q9NRC1.
INFO:2025-10-30 15:04:55,382:Processing Q9NRC6 with model AF-Q9NRC6-F1-model_v4.pdb
ERROR:2025-10-30 15:04:55,584:No valid CDS found for Q9NRC6
INFO:2025-10-30 15:04:55,584:Processing Q9NRC8 with model AF-Q9NRC8-F1-model_v4.pdb
INFO:2025-10-30 15:04:55,673:Computing HSC features for: Q9NRC8, ENST00000328666, ../Ntranos_Rotation/ESM-SaProt/AF-Q9NRC8-F1-model_v4.pdb.gz
INFO:2025-10-30 15:05:36,495:Successfully computed HSC for Q9NRC8.
INFO:2025-10-30 15:05:36,495:Processing Q9NRC9 with model AF-Q9NRC9-F1-model_v4.pdb
INFO:2025-10-30 15:05:36,556:Computing HSC features for: Q9NRC9, ENST00000246081, ../Ntranos_Rotation/ESM-SaProt/AF-Q9NRC9-F1-model_v4.pdb.gz
INFO:2025-10-30 15:05:45,245:Successfully computed HSC for Q9NRC9.
INFO:2025-10-30 15:05:45,245:Processing Q9NRD0 with model AF-Q9NRD0-F1-model_v4.pdb
INFO:2025-10-30 15:05:45,314:Computing HSC features for: Q9NRD0, ENST00000393674, ../Ntranos_Rotation/ESM-SaProt/AF-Q9NRD0-F1-model_v4.pdb.gz
INFO:2025-10-30 15:06:13,872:Successfully computed HSC for Q9NRD0.
INFO:2025-10-30 15:06:13,872:Processing Q9NRD1 with model AF-Q9NRD1-F1-model_v4.pdb
INFO:2025-10-30 15:06:13,984:Computing HSC features for: Q9NRD1, ENST00000376753, ../Ntranos_Rotation/ESM-SaProt/AF-Q9NRD1-F1-model_v4.pdb.gz
INFO:2025-10-30 15:06:42,437:Successfully computed HSC for Q9NRD1.
INFO:2025-10-30 15:06:42,437:Processing Q9NRD5 with model AF-Q9NRD5-F1-model_v4.pdb
INFO:2025-10-30 15:06:42,532:Computing HSC features for: Q9NRD5, ENST00000356976, ../Ntranos_Rotation/ESM-SaProt/AF-Q9NRD5-F1-model_v4.pdb.gz
INFO:2025-10-30 15:07:19,308:Successfully computed HSC for Q9NRD5.
INFO:2025-10-30 15:07:19,308:Processing Q9NSA1 with model AF-Q9NSA1-F1-model_v4.pdb
INFO:2025-10-30 15:07:19,410:Computing HSC features for: Q9NSA1, ENST00000222157, ../Ntranos_Rotation/ESM-SaProt/AF-Q9NSA1-F1-model_v4.pdb.gz
INFO:2025-10-30 15:07:37,540:Successfully computed HSC for Q9NSA1.
INFO:2025-10-30 15:07:37,540:Processing Q9NSA2 with model AF-Q9NSA2-F1-model_v4.pdb
ERROR:2025-10-30 15:07:37,685:No transcript record found for Q9NSA2 in gnomAD.
INFO:2025-10-30 15:07:37,686:Processing Q9NSA3 with model AF-Q9NSA3-F1-model_v4.pdb
INFO:2025-10-30 15:07:37,725:Computing HSC features for: Q9NSA3, ENST00000377256, ../Ntranos_Rotation/ESM-SaProt/AF-Q9NSA3-F1-model_v4.pdb.gz
INFO:2025-10-30 15:07:53,283:Successfully computed HSC for Q9NSA3.
INFO:2025-10-30 15:07:53,283:Processing Q9NSB2 with model AF-Q9NSB2-F1-model_v4.pdb
INFO:2025-10-30 15:07:53,405:Computing HSC features for: Q9NSB2, ENST00000257951, ../Ntranos_Rotation/ESM-SaProt/AF-Q9NSB2-F1-model_v4.pdb.gz
INFO:2025-10-30 15:08:56,764:Successfully computed HSC for Q9NSB2.
INFO:2025-10-30 15:08:56,764:Processing Q9NSB4 with model AF-Q9NSB4-F1-model_v4.pdb
INFO:2025-10-30 15:08:56,877:Computing HSC features for: Q9NSB4, ENST00000257974, ../Ntranos_Rotation/ESM-SaProt/AF-Q9NSB4-F1-model_v4.pdb.gz
INFO:2025-10-30 15:10:16,129:Successfully computed HSC for Q9NSB4.
INFO:2025-10-30 15:10:16,129:Processing Q9NSB8 with model AF-Q9NSB8-F1-model_v4.pdb
INFO:2025-10-30 15:10:16,231:Computing HSC features for: Q9NSB8, ENST00000304231, ../Ntranos_Rotation/ESM-SaProt/AF-Q9NSB8-F1-model_v4.pdb.gz
INFO:2025-10-30 15:10:44,484:Successfully computed HSC for Q9NSB8.
INFO:2025-10-30 15:10:44,485:Processing Q9NSC2 with model AF-Q9NSC2-F1-model_v4.pdb
ERROR:2025-10-30 15:10:44,731:No transcript record found for Q9NSC2 in gnomAD.
INFO:2025-10-30 15:10:44,731:Processing Q9NSC5 with model AF-Q9NSC5-F1-model_v4.pdb
INFO:2025-10-30 15:10:44,818:Computing HSC features for: Q9NSC5, ENST00000392351, ../Ntranos_Rotation/ESM-SaProt/AF-Q9NSC5-F1-model_v4.pdb.gz
INFO:2025-10-30 15:11:20,028:Successfully computed HSC for Q9NSC5.
INFO:2025-10-30 15:11:20,028:Processing Q9NSC7 with model AF-Q9NSC7-F1-model_v4.pdb
INFO:2025-10-30 15:11:20,187:Computing HSC features for: Q9NSC7, ENST00000156626, ../Ntranos_Rotation/ESM-SaProt/AF-Q9NSC7-F1-model_v4.pdb.gz
INFO:2025-10-30 15:12:10,032:Successfully computed HSC for Q9NSC7.
INFO:2025-10-30 15:12:10,032:Processing Q9NSD4 with model AF-Q9NSD4-F1-model_v4.pdb
ERROR:2025-10-30 15:12:10,133:No transcript record found for Q9NSD4 in gnomAD.
INFO:2025-10-30 15:12:10,133:Processing Q9NSD5 with model AF-Q9NSD5-F1-model_v4.pdb
INFO:2025-10-30 15:12:10,276:Computing HSC features for: Q9NSD5, ENST00000343164, ../Ntranos_Rotation/ESM-SaProt/AF-Q9NSD5-F1-model_v4.pdb.gz
INFO:2025-10-30 15:12:55,414:Successfully computed HSC for Q9NSD5.
INFO:2025-10-30 15:12:55,415:Processing Q9NSD7 with model AF-Q9NSD7-F1-model_v4.pdb
INFO:2025-10-30 15:12:55,471:Computing HSC features for: Q9NSD7, ENST00000330120, ../Ntranos_Rotation/ESM-SaProt/AF-Q9NSD7-F1-model_v4.pdb.gz
INFO:2025-10-30 15:13:47,669:Successfully computed HSC for Q9NSD7.
INFO:2025-10-30 15:13:47,670:Processing Q9NSD9 with model AF-Q9NSD9-F1-model_v4.pdb
INFO:2025-10-30 15:13:47,752:Computing HSC features for: Q9NSD9, ENST00000281828, ../Ntranos_Rotation/ESM-SaProt/AF-Q9NSD9-F1-model_v4.pdb.gz
INFO:2025-10-30 15:14:39,421:Successfully computed HSC for Q9NSD9.
INFO:2025-10-30 15:14:39,421:Processing Q9NSE2 with model AF-Q9NSE2-F1-model_v4.pdb
INFO:2025-10-30 15:14:39,493:Computing HSC features for: Q9NSE2, ENST00000348721, ../Ntranos_Rotation/ESM-SaProt/AF-Q9NSE2-F1-model_v4.pdb.gz
INFO:2025-10-30 15:15:06,878:Successfully computed HSC for Q9NSE2.
INFO:2025-10-30 15:15:06,878:Processing Q9NSE4 with model AF-Q9NSE4-F1-model_v4.pdb
INFO:2025-10-30 15:15:07,000:Computing HSC features for: Q9NSE4, ENST00000366922, ../Ntranos_Rotation/ESM-SaProt/AF-Q9NSE4-F1-model_v4.pdb.gz
INFO:2025-10-30 15:16:22,860:Successfully computed HSC for Q9NSE4.
INFO:2025-10-30 15:16:22,861:Processing Q9NSG2 with model AF-Q9NSG2-F1-model_v4.pdb
INFO:2025-10-30 15:16:22,997:Computing HSC features for: Q9NSG2, ENST00000286031, ../Ntranos_Rotation/ESM-SaProt/AF-Q9NSG2-F1-model_v4.pdb.gz
INFO:2025-10-30 15:17:11,318:Successfully computed HSC for Q9NSG2.
INFO:2025-10-30 15:17:11,318:Processing Q9NSI2 with model AF-Q9NSI2-F1-model_v4.pdb
INFO:2025-10-30 15:17:11,375:Computing HSC features for: Q9NSI2, ENST00000291634, ../Ntranos_Rotation/ESM-SaProt/AF-Q9NSI2-F1-model_v4.pdb.gz
INFO:2025-10-30 15:17:45,484:Successfully computed HSC for Q9NSI2.
INFO:2025-10-30 15:17:45,484:Processing Q9NSI5 with model AF-Q9NSI5-F1-model_v4.pdb
INFO:2025-10-30 15:17:45,567:Computing HSC features for: Q9NSI5, ENST00000380588, ../Ntranos_Rotation/ESM-SaProt/AF-Q9NSI5-F1-model_v4.pdb.gz
INFO:2025-10-30 15:18:21,361:Successfully computed HSC for Q9NSI5.
INFO:2025-10-30 15:18:21,361:Processing Q9NSI6 with model AF-Q9NSI6-F1-model_v4.pdb
ERROR:2025-10-30 15:18:21,715:No valid CDS found for Q9NSI6
INFO:2025-10-30 15:18:21,715:Processing Q9NSI8 with model AF-Q9NSI8-F1-model_v4.pdb
INFO:2025-10-30 15:18:21,806:Computing HSC features for: Q9NSI8, ENST00000400566, ../Ntranos_Rotation/ESM-SaProt/AF-Q9NSI8-F1-model_v4.pdb.gz
INFO:2025-10-30 15:18:50,440:Successfully computed HSC for Q9NSI8.
INFO:2025-10-30 15:18:50,440:Processing Q9NSJ1 with model AF-Q9NSJ1-F1-model_v4.pdb
ERROR:2025-10-30 15:18:50,521:No ENST transcript IDs were mapped to Q9NSJ1
INFO:2025-10-30 15:18:50,521:Processing Q9NSK0 with model AF-Q9NSK0-F1-model_v4.pdb
INFO:2025-10-30 15:18:50,635:Computing HSC features for: Q9NSK0, ENST00000347162, ../Ntranos_Rotation/ESM-SaProt/AF-Q9NSK0-F1-model_v4.pdb.gz
INFO:2025-10-30 15:19:37,943:Successfully computed HSC for Q9NSK0.
INFO:2025-10-30 15:19:37,943:Processing Q9NSK7 with model AF-Q9NSK7-F1-model_v4.pdb
ERROR:2025-10-30 15:19:37,986:No valid CDS found for Q9NSK7
INFO:2025-10-30 15:19:37,987:Processing Q9NSN8 with model AF-Q9NSN8-F1-model_v4.pdb
INFO:2025-10-30 15:19:38,130:Computing HSC features for: Q9NSN8, ENST00000518864, ../Ntranos_Rotation/ESM-SaProt/AF-Q9NSN8-F1-model_v4.pdb.gz
INFO:2025-10-30 15:20:26,230:Successfully computed HSC for Q9NSN8.
INFO:2025-10-30 15:20:26,230:Processing Q9NRU3 with model AF-Q9NRU3-F1-model_v4.pdb
INFO:2025-10-30 15:20:26,381:Computing HSC features for: Q9NRU3, ENST00000356713, ../Ntranos_Rotation/ESM-SaProt/AF-Q9NRU3-F1-model_v4.pdb.gz
INFO:2025-10-30 15:22:05,414:Successfully computed HSC for Q9NRU3.
INFO:2025-10-30 15:22:05,414:Processing Q9NRV9 with model AF-Q9NRV9-F1-model_v4.pdb
INFO:2025-10-30 15:22:05,480:Computing HSC features for: Q9NRV9, ENST00000014930, ../Ntranos_Rotation/ESM-SaProt/AF-Q9NRV9-F1-model_v4.pdb.gz
INFO:2025-10-30 15:22:23,508:Successfully computed HSC for Q9NRV9.
INFO:2025-10-30 15:22:23,508:Processing Q9NRW1 with model AF-Q9NRW1-F1-model_v4.pdb
INFO:2025-10-30 15:22:23,555:Computing HSC features for: Q9NRW1, ENST00000285208, ../Ntranos_Rotation/ESM-SaProt/AF-Q9NRW1-F1-model_v4.pdb.gz
INFO:2025-10-30 15:22:47,963:Successfully computed HSC for Q9NRW1.
INFO:2025-10-30 15:22:47,963:Processing Q9NRW3 with model AF-Q9NRW3-F1-model_v4.pdb
INFO:2025-10-30 15:22:48,018:Computing HSC features for: Q9NRW3, ENST00000361441, ../Ntranos_Rotation/ESM-SaProt/AF-Q9NRW3-F1-model_v4.pdb.gz
INFO:2025-10-30 15:23:15,695:Successfully computed HSC for Q9NRW3.
INFO:2025-10-30 15:23:15,696:Processing Q9NRW4 with model AF-Q9NRW4-F1-model_v4.pdb
INFO:2025-10-30 15:23:15,752:Computing HSC features for: Q9NRW4, ENST00000344450, ../Ntranos_Rotation/ESM-SaProt/AF-Q9NRW4-F1-model_v4.pdb.gz
INFO:2025-10-30 15:23:38,208:Successfully computed HSC for Q9NRW4.
INFO:2025-10-30 15:23:38,208:Processing Q9NRW7 with model AF-Q9NRW7-F1-model_v4.pdb
ERROR:2025-10-30 15:23:38,314:No transcript record found for Q9NRW7 in gnomAD.
INFO:2025-10-30 15:23:38,314:Processing Q9NRX1 with model AF-Q9NRX1-F1-model_v4.pdb
INFO:2025-10-30 15:23:38,562:Computing HSC features for: Q9NRX1, ENST00000263657, ../Ntranos_Rotation/ESM-SaProt/AF-Q9NRX1-F1-model_v4.pdb.gz
INFO:2025-10-30 15:23:59,016:Successfully computed HSC for Q9NRX1.
INFO:2025-10-30 15:23:59,016:Processing Q9NRX2 with model AF-Q9NRX2-F1-model_v4.pdb
INFO:2025-10-30 15:23:59,079:Computing HSC features for: Q9NRX2, ENST00000288937, ../Ntranos_Rotation/ESM-SaProt/AF-Q9NRX2-F1-model_v4.pdb.gz
INFO:2025-10-30 15:24:21,554:Successfully computed HSC for Q9NRX2.
INFO:2025-10-30 15:24:21,554:Processing Q9NRX3 with model AF-Q9NRX3-F1-model_v4.pdb
INFO:2025-10-30 15:24:21,602:Computing HSC features for: Q9NRX3, ENST00000393825, ../Ntranos_Rotation/ESM-SaProt/AF-Q9NRX3-F1-model_v4.pdb.gz
INFO:2025-10-30 15:24:31,615:Successfully computed HSC for Q9NRX3.
INFO:2025-10-30 15:24:31,615:Processing Q9NRX4 with model AF-Q9NRX4-F1-model_v4.pdb
INFO:2025-10-30 15:24:31,673:Computing HSC features for: Q9NRX4, ENST00000247665, ../Ntranos_Rotation/ESM-SaProt/AF-Q9NRX4-F1-model_v4.pdb.gz
INFO:2025-10-30 15:24:59,435:Successfully computed HSC for Q9NRX4.
INFO:2025-10-30 15:24:59,435:Processing Q9NRX5 with model AF-Q9NRX5-F1-model_v4.pdb
INFO:2025-10-30 15:24:59,542:Computing HSC features for: Q9NRX5, ENST00000339697, ../Ntranos_Rotation/ESM-SaProt/AF-Q9NRX5-F1-model_v4.pdb.gz
INFO:2025-10-30 15:25:30,777:Successfully computed HSC for Q9NRX5.
INFO:2025-10-30 15:25:30,777:Pipeline completed.
INFO:2025-10-30 15:25:30,777:no_enst_for_uniprot: 1
INFO:2025-10-30 15:25:30,777:no_valid_cds: 4
INFO:2025-10-30 15:25:30,777:no_variant_data: 4
INFO:2025-10-30 15:25:30,777:bad_structure: 0
INFO:2025-10-30 15:25:30,778:no_enst_mp: 0
