INFO:2025-10-30 14:26:02,938:Starting HSC computation pipeline...
INFO:2025-10-30 14:27:09,031:Processing Q2TAM9 with model AF-Q2TAM9-F1-model_v4.pdb
ERROR:2025-10-30 14:27:09,105:No valid CDS found for Q2TAM9
INFO:2025-10-30 14:27:09,105:Processing Q2TAP0 with model AF-Q2TAP0-F1-model_v4.pdb
INFO:2025-10-30 14:27:09,166:Computing HSC features for: Q2TAP0, ENST00000370602, ../Ntranos_Rotation/ESM-SaProt/AF-Q2TAP0-F1-model_v4.pdb.gz
INFO:2025-10-30 14:27:42,531:Successfully computed HSC for Q2TAP0.
INFO:2025-10-30 14:27:42,532:Processing Q2TAY7 with model AF-Q2TAY7-F1-model_v4.pdb
INFO:2025-10-30 14:27:42,674:Computing HSC features for: Q2TAY7, ENST00000397149, ../Ntranos_Rotation/ESM-SaProt/AF-Q2TAY7-F1-model_v4.pdb.gz
INFO:2025-10-30 14:28:35,511:Successfully computed HSC for Q2TAY7.
INFO:2025-10-30 14:28:35,512:Processing Q2TAZ0 with model AF-Q2TAZ0-F1-model_v4.pdb
INFO:2025-10-30 14:28:35,751:Computing HSC features for: Q2TAZ0, ENST00000377264, ../Ntranos_Rotation/ESM-SaProt/AF-Q2TAZ0-F1-model_v4.pdb.gz
INFO:2025-10-30 14:33:21,453:Successfully computed HSC for Q2TAZ0.
INFO:2025-10-30 14:33:21,453:Processing Q2TB10 with model AF-Q2TB10-F1-model_v4.pdb
INFO:2025-10-30 14:33:21,607:Computing HSC features for: Q2TB10, ENST00000265827, ../Ntranos_Rotation/ESM-SaProt/AF-Q2TB10-F1-model_v4.pdb.gz
INFO:2025-10-30 14:34:26,349:Successfully computed HSC for Q2TB10.
INFO:2025-10-30 14:34:26,349:Processing Q2TB18 with model AF-Q2TB18-F1-model_v4.pdb
INFO:2025-10-30 14:34:26,480:Computing HSC features for: Q2TB18, ENST00000264992, ../Ntranos_Rotation/ESM-SaProt/AF-Q2TB18-F1-model_v4.pdb.gz
INFO:2025-10-30 14:35:34,106:Successfully computed HSC for Q2TB18.
INFO:2025-10-30 14:35:34,106:Processing Q2TB90 with model AF-Q2TB90-F1-model_v4.pdb
INFO:2025-10-30 14:35:34,240:Computing HSC features for: Q2TB90, ENST00000354624, ../Ntranos_Rotation/ESM-SaProt/AF-Q2TB90-F1-model_v4.pdb.gz
INFO:2025-10-30 14:37:38,821:Successfully computed HSC for Q2TB90.
INFO:2025-10-30 14:37:38,822:Processing Q2TBA0 with model AF-Q2TBA0-F1-model_v4.pdb
INFO:2025-10-30 14:37:39,027:Computing HSC features for: Q2TBA0, ENST00000287777, ../Ntranos_Rotation/ESM-SaProt/AF-Q2TBA0-F1-model_v4.pdb.gz
INFO:2025-10-30 14:39:28,233:Successfully computed HSC for Q2TBA0.
INFO:2025-10-30 14:39:28,233:Processing Q2TBC4 with model AF-Q2TBC4-F1-model_v4.pdb
INFO:2025-10-30 14:39:28,340:Computing HSC features for: Q2TBC4, ENST00000394260, ../Ntranos_Rotation/ESM-SaProt/AF-Q2TBC4-F1-model_v4.pdb.gz
INFO:2025-10-30 14:40:17,954:Successfully computed HSC for Q2TBC4.
INFO:2025-10-30 14:40:17,954:Processing Q2TBE0 with model AF-Q2TBE0-F1-model_v4.pdb
INFO:2025-10-30 14:40:18,200:Computing HSC features for: Q2TBE0, ENST00000282251, ../Ntranos_Rotation/ESM-SaProt/AF-Q2TBE0-F1-model_v4.pdb.gz
INFO:2025-10-30 14:41:42,719:Successfully computed HSC for Q2TBE0.
INFO:2025-10-30 14:41:42,719:Processing Q2TBF2 with model AF-Q2TBF2-F1-model_v4.pdb
INFO:2025-10-30 14:41:42,864:Computing HSC features for: Q2TBF2, ENST00000332082, ../Ntranos_Rotation/ESM-SaProt/AF-Q2TBF2-F1-model_v4.pdb.gz
INFO:2025-10-30 14:43:07,319:Successfully computed HSC for Q2TBF2.
INFO:2025-10-30 14:43:07,320:Processing Q2TV78 with model AF-Q2TV78-F1-model_v4.pdb
ERROR:2025-10-30 14:43:07,537:No ENST transcript IDs were mapped to Q2TV78
INFO:2025-10-30 14:43:07,537:Processing Q2UY09 with model AF-Q2UY09-F1-model_v4.pdb
INFO:2025-10-30 14:43:07,765:Computing HSC features for: Q2UY09, ENST00000399429, ../Ntranos_Rotation/ESM-SaProt/AF-Q2UY09-F1-model_v4.pdb.gz
INFO:2025-10-30 14:45:02,329:Successfully computed HSC for Q2UY09.
INFO:2025-10-30 14:45:02,330:Processing Q2V2M9 with model AF-Q2V2M9-F1-model_v4.pdb
INFO:2025-10-30 14:45:02,658:Computing HSC features for: Q2V2M9, ENST00000359247, ../Ntranos_Rotation/ESM-SaProt/AF-Q2V2M9-F1-model_v4.pdb.gz
INFO:2025-10-30 14:48:01,681:Successfully computed HSC for Q2V2M9.
INFO:2025-10-30 14:48:01,681:Processing Q2VIQ3 with model AF-Q2VIQ3-F1-model_v4.pdb
INFO:2025-10-30 14:48:02,023:Computing HSC features for: Q2VIQ3, ENST00000435029, ../Ntranos_Rotation/ESM-SaProt/AF-Q2VIQ3-F1-model_v4.pdb.gz
INFO:2025-10-30 14:50:04,027:Successfully computed HSC for Q2VIQ3.
INFO:2025-10-30 14:50:04,027:Processing Q2VIR3 with model AF-Q2VIR3-F1-model_v4.pdb
INFO:2025-10-30 14:50:04,146:Computing HSC features for: Q2VIR3, ENST00000538173, ../Ntranos_Rotation/ESM-SaProt/AF-Q2VIR3-F1-model_v4.pdb.gz
ERROR:2025-10-30 14:50:04,372:Missing ENST record in counts: ENST00000538173
INFO:2025-10-30 14:50:04,372:Processing Q2VPA4 with model AF-Q2VPA4-F1-model_v4.pdb
INFO:2025-10-30 14:50:04,517:Computing HSC features for: Q2VPA4, ENST00000508064, ../Ntranos_Rotation/ESM-SaProt/AF-Q2VPA4-F1-model_v4.pdb.gz
INFO:2025-10-30 14:51:06,037:Successfully computed HSC for Q2VPA4.
INFO:2025-10-30 14:51:06,037:Processing Q2VPB7 with model AF-Q2VPB7-F1-model_v4.pdb
INFO:2025-10-30 14:51:06,237:Computing HSC features for: Q2VPB7, ENST00000532090, ../Ntranos_Rotation/ESM-SaProt/AF-Q2VPB7-F1-model_v4.pdb.gz
INFO:2025-10-30 14:53:16,346:Successfully computed HSC for Q2VPB7.
INFO:2025-10-30 14:53:16,346:Processing Q2VPJ9 with model AF-Q2VPJ9-F1-model_v4.pdb
INFO:2025-10-30 14:53:16,468:Computing HSC features for: Q2VPJ9, ENST00000318753, ../Ntranos_Rotation/ESM-SaProt/AF-Q2VPJ9-F1-model_v4.pdb.gz
INFO:2025-10-30 14:54:11,999:Successfully computed HSC for Q2VPJ9.
INFO:2025-10-30 14:54:12,000:Processing Q2VPK5 with model AF-Q2VPK5-F1-model_v4.pdb
INFO:2025-10-30 14:54:12,153:Computing HSC features for: Q2VPK5, ENST00000453996, ../Ntranos_Rotation/ESM-SaProt/AF-Q2VPK5-F1-model_v4.pdb.gz
INFO:2025-10-30 14:55:28,118:Successfully computed HSC for Q2VPK5.
INFO:2025-10-30 14:55:28,118:Processing Q2VWA4 with model AF-Q2VWA4-F1-model_v4.pdb
ERROR:2025-10-30 14:55:28,626:No valid CDS found for Q2VWA4
INFO:2025-10-30 14:55:28,626:Processing Q2VWP7 with model AF-Q2VWP7-F1-model_v4.pdb
INFO:2025-10-30 14:55:28,948:Computing HSC features for: Q2VWP7, ENST00000389286, ../Ntranos_Rotation/ESM-SaProt/AF-Q2VWP7-F1-model_v4.pdb.gz
INFO:2025-10-30 14:57:36,092:Successfully computed HSC for Q2VWP7.
INFO:2025-10-30 14:57:36,093:Processing Q2VY69 with model AF-Q2VY69-F1-model_v4.pdb
INFO:2025-10-30 14:57:36,284:Computing HSC features for: Q2VY69, ENST00000421176, ../Ntranos_Rotation/ESM-SaProt/AF-Q2VY69-F1-model_v4.pdb.gz
INFO:2025-10-30 14:58:33,875:Successfully computed HSC for Q2VY69.
INFO:2025-10-30 14:58:33,875:Processing Q2VYF4 with model AF-Q2VYF4-F1-model_v4.pdb
INFO:2025-10-30 14:58:34,044:Computing HSC features for: Q2VYF4, ENST00000379957, ../Ntranos_Rotation/ESM-SaProt/AF-Q2VYF4-F1-model_v4.pdb.gz
INFO:2025-10-30 14:59:24,622:Successfully computed HSC for Q2VYF4.
INFO:2025-10-30 14:59:24,622:Processing Q2WEN9 with model AF-Q2WEN9-F1-model_v4.pdb
INFO:2025-10-30 14:59:24,790:Computing HSC features for: Q2WEN9, ENST00000405314, ../Ntranos_Rotation/ESM-SaProt/AF-Q2WEN9-F1-model_v4.pdb.gz
INFO:2025-10-30 15:00:35,434:Successfully computed HSC for Q2WEN9.
INFO:2025-10-30 15:00:35,434:Processing Q2WGJ6 with model AF-Q2WGJ6-F1-model_v4.pdb
INFO:2025-10-30 15:00:35,621:Computing HSC features for: Q2WGJ6, ENST00000325995, ../Ntranos_Rotation/ESM-SaProt/AF-Q2WGJ6-F1-model_v4.pdb.gz
INFO:2025-10-30 15:01:47,692:Successfully computed HSC for Q2WGJ6.
INFO:2025-10-30 15:01:47,693:Processing Q2WGJ8 with model AF-Q2WGJ8-F1-model_v4.pdb
ERROR:2025-10-30 15:01:47,783:No transcript record found for Q2WGJ8 in gnomAD.
INFO:2025-10-30 15:01:47,783:Processing Q2WGJ9 with model AF-Q2WGJ9-F1-model_v4.pdb
INFO:2025-10-30 15:01:48,207:Computing HSC features for: Q2WGJ9, ENST00000522917, ../Ntranos_Rotation/ESM-SaProt/AF-Q2WGJ9-F1-model_v4.pdb.gz
INFO:2025-10-30 15:05:20,982:Successfully computed HSC for Q2WGJ9.
INFO:2025-10-30 15:05:20,982:Processing Q2WGN9 with model AF-Q2WGN9-F1-model_v4.pdb
INFO:2025-10-30 15:05:21,123:Computing HSC features for: Q2WGN9, ENST00000400588, ../Ntranos_Rotation/ESM-SaProt/AF-Q2WGN9-F1-model_v4.pdb.gz
INFO:2025-10-30 15:06:43,701:Successfully computed HSC for Q2WGN9.
INFO:2025-10-30 15:06:43,701:Processing Q2Y0W8 with model AF-Q2Y0W8-F1-model_v4.pdb
INFO:2025-10-30 15:06:43,946:Computing HSC features for: Q2Y0W8, ENST00000453097, ../Ntranos_Rotation/ESM-SaProt/AF-Q2Y0W8-F1-model_v4.pdb.gz
INFO:2025-10-30 15:08:32,245:Successfully computed HSC for Q2Y0W8.
INFO:2025-10-30 15:08:32,246:Processing Q2YD98 with model AF-Q2YD98-F1-model_v4.pdb
INFO:2025-10-30 15:08:32,376:Computing HSC features for: Q2YD98, ENST00000389851, ../Ntranos_Rotation/ESM-SaProt/AF-Q2YD98-F1-model_v4.pdb.gz
INFO:2025-10-30 15:10:33,962:Successfully computed HSC for Q2YD98.
INFO:2025-10-30 15:10:33,962:Processing Q30154 with model AF-Q30154-F1-model_v4.pdb
INFO:2025-10-30 15:10:34,130:Computing HSC features for: Q30154, ENST00000374975, ../Ntranos_Rotation/ESM-SaProt/AF-Q30154-F1-model_v4.pdb.gz
INFO:2025-10-30 15:11:21,865:Successfully computed HSC for Q30154.
INFO:2025-10-30 15:11:21,866:Processing Q30201 with model AF-Q30201-F1-model_v4.pdb
INFO:2025-10-30 15:11:21,969:Computing HSC features for: Q30201, ENST00000357618, ../Ntranos_Rotation/ESM-SaProt/AF-Q30201-F1-model_v4.pdb.gz
INFO:2025-10-30 15:12:05,665:Successfully computed HSC for Q30201.
INFO:2025-10-30 15:12:05,666:Processing Q309B1 with model AF-Q309B1-F1-model_v4.pdb
ERROR:2025-10-30 15:12:05,840:No ENST transcript IDs were mapped to Q309B1
INFO:2025-10-30 15:12:05,840:Processing Q30KP8 with model AF-Q30KP8-F1-model_v4.pdb
INFO:2025-10-30 15:12:05,879:Computing HSC features for: Q30KP8, ENST00000382209, ../Ntranos_Rotation/ESM-SaProt/AF-Q30KP8-F1-model_v4.pdb.gz
INFO:2025-10-30 15:12:15,800:Successfully computed HSC for Q30KP8.
INFO:2025-10-30 15:12:15,800:Processing Q30KP9 with model AF-Q30KP9-F1-model_v4.pdb
INFO:2025-10-30 15:12:15,854:Computing HSC features for: Q30KP9, ENST00000382208, ../Ntranos_Rotation/ESM-SaProt/AF-Q30KP9-F1-model_v4.pdb.gz
INFO:2025-10-30 15:12:25,635:Successfully computed HSC for Q30KP9.
INFO:2025-10-30 15:12:25,635:Processing Q30KQ1 with model AF-Q30KQ1-F1-model_v4.pdb
ERROR:2025-10-30 15:12:25,675:No ENST transcript IDs were mapped to Q30KQ1
INFO:2025-10-30 15:12:25,675:Processing Q30KQ4 with model AF-Q30KQ4-F1-model_v4.pdb
INFO:2025-10-30 15:12:25,737:Computing HSC features for: Q30KQ4, ENST00000400549, ../Ntranos_Rotation/ESM-SaProt/AF-Q30KQ4-F1-model_v4.pdb.gz
INFO:2025-10-30 15:12:50,367:Successfully computed HSC for Q30KQ4.
INFO:2025-10-30 15:12:50,367:Processing Q30KQ5 with model AF-Q30KQ5-F1-model_v4.pdb
INFO:2025-10-30 15:12:50,415:Computing HSC features for: Q30KQ5, ENST00000400552, ../Ntranos_Rotation/ESM-SaProt/AF-Q30KQ5-F1-model_v4.pdb.gz
INFO:2025-10-30 15:13:04,679:Successfully computed HSC for Q30KQ5.
INFO:2025-10-30 15:13:04,679:Processing Q30KQ6 with model AF-Q30KQ6-F1-model_v4.pdb
INFO:2025-10-30 15:13:04,716:Computing HSC features for: Q30KQ6, ENST00000322066, ../Ntranos_Rotation/ESM-SaProt/AF-Q30KQ6-F1-model_v4.pdb.gz
INFO:2025-10-30 15:13:16,889:Successfully computed HSC for Q30KQ6.
INFO:2025-10-30 15:13:16,889:Processing Q30KQ7 with model AF-Q30KQ7-F1-model_v4.pdb
INFO:2025-10-30 15:13:16,938:Computing HSC features for: Q30KQ7, ENST00000398718, ../Ntranos_Rotation/ESM-SaProt/AF-Q30KQ7-F1-model_v4.pdb.gz
INFO:2025-10-30 15:13:29,306:Successfully computed HSC for Q30KQ7.
INFO:2025-10-30 15:13:29,306:Processing Q30KQ8 with model AF-Q30KQ8-F1-model_v4.pdb
ERROR:2025-10-30 15:13:29,375:No ENST transcript IDs were mapped to Q30KQ8
INFO:2025-10-30 15:13:29,375:Processing Q30KQ9 with model AF-Q30KQ9-F1-model_v4.pdb
INFO:2025-10-30 15:13:29,409:Computing HSC features for: Q30KQ9, ENST00000371148, ../Ntranos_Rotation/ESM-SaProt/AF-Q30KQ9-F1-model_v4.pdb.gz
INFO:2025-10-30 15:13:42,458:Successfully computed HSC for Q30KQ9.
INFO:2025-10-30 15:13:42,458:Processing Q30KR1 with model AF-Q30KR1-F1-model_v4.pdb
ERROR:2025-10-30 15:13:42,529:No transcript record found for Q30KR1 in gnomAD.
INFO:2025-10-30 15:13:42,529:Processing Q32M45 with model AF-Q32M45-F1-model_v4.pdb
INFO:2025-10-30 15:13:42,767:Computing HSC features for: Q32M45, ENST00000392977, ../Ntranos_Rotation/ESM-SaProt/AF-Q32M45-F1-model_v4.pdb.gz
INFO:2025-10-30 15:15:29,176:Successfully computed HSC for Q32M45.
INFO:2025-10-30 15:15:29,176:Processing Q32M78 with model AF-Q32M78-F1-model_v4.pdb
INFO:2025-10-30 15:15:29,344:Computing HSC features for: Q32M78, ENST00000308650, ../Ntranos_Rotation/ESM-SaProt/AF-Q32M78-F1-model_v4.pdb.gz
INFO:2025-10-30 15:16:38,960:Successfully computed HSC for Q32M78.
INFO:2025-10-30 15:16:38,960:Processing Q16589 with model AF-Q16589-F1-model_v4.pdb
INFO:2025-10-30 15:16:39,440:Computing HSC features for: Q16589, ENST00000316355, ../Ntranos_Rotation/ESM-SaProt/AF-Q16589-F1-model_v4.pdb.gz
INFO:2025-10-30 15:17:20,339:Successfully computed HSC for Q16589.
INFO:2025-10-30 15:17:20,339:Processing Q16594 with model AF-Q16594-F1-model_v4.pdb
ERROR:2025-10-30 15:17:20,422:No transcript record found for Q16594 in gnomAD.
INFO:2025-10-30 15:17:20,422:Processing Q16595 with model AF-Q16595-F1-model_v4.pdb
INFO:2025-10-30 15:17:20,493:Computing HSC features for: Q16595, ENST00000484259, ../Ntranos_Rotation/ESM-SaProt/AF-Q16595-F1-model_v4.pdb.gz
INFO:2025-10-30 15:18:00,988:Successfully computed HSC for Q16595.
INFO:2025-10-30 15:18:00,988:Processing Q16600 with model AF-Q16600-F1-model_v4.pdb
INFO:2025-10-30 15:18:01,116:Computing HSC features for: Q16600, ENST00000306006, ../Ntranos_Rotation/ESM-SaProt/AF-Q16600-F1-model_v4.pdb.gz
INFO:2025-10-30 15:19:27,591:Successfully computed HSC for Q16600.
INFO:2025-10-30 15:19:27,591:Pipeline completed.
INFO:2025-10-30 15:19:27,591:no_enst_for_uniprot: 4
INFO:2025-10-30 15:19:27,591:no_valid_cds: 2
INFO:2025-10-30 15:19:27,592:no_variant_data: 3
INFO:2025-10-30 15:19:27,592:bad_structure: 0
INFO:2025-10-30 15:19:27,592:no_enst_mp: 1
