INFO:2025-10-30 14:26:02,887:Starting HSC computation pipeline...
INFO:2025-10-30 14:27:12,106:Processing Q16774 with model AF-Q16774-F1-model_v4.pdb
INFO:2025-10-30 14:27:12,185:Computing HSC features for: Q16774, ENST00000366730, ../Ntranos_Rotation/ESM-SaProt/AF-Q16774-F1-model_v4.pdb.gz
INFO:2025-10-30 14:27:52,334:Successfully computed HSC for Q16774.
INFO:2025-10-30 14:27:52,334:Processing Q16775 with model AF-Q16775-F1-model_v4.pdb
INFO:2025-10-30 14:27:52,394:Computing HSC features for: Q16775, ENST00000397356, ../Ntranos_Rotation/ESM-SaProt/AF-Q16775-F1-model_v4.pdb.gz
INFO:2025-10-30 14:28:36,471:Successfully computed HSC for Q16775.
INFO:2025-10-30 14:28:36,471:Processing Q16777 with model AF-Q16777-F1-model_v4.pdb
INFO:2025-10-30 14:28:36,516:Computing HSC features for: Q16777, ENST00000331380, ../Ntranos_Rotation/ESM-SaProt/AF-Q16777-F1-model_v4.pdb.gz
INFO:2025-10-30 14:29:06,094:Successfully computed HSC for Q16777.
INFO:2025-10-30 14:29:06,094:Processing Q16778 with model AF-Q16778-F1-model_v4.pdb
INFO:2025-10-30 14:29:06,144:Computing HSC features for: Q16778, ENST00000369155, ../Ntranos_Rotation/ESM-SaProt/AF-Q16778-F1-model_v4.pdb.gz
INFO:2025-10-30 14:29:37,232:Successfully computed HSC for Q16778.
INFO:2025-10-30 14:29:37,232:Processing Q16787 with model AF-Q16787-F1-model_v4.pdb
ERROR:2025-10-30 14:29:37,489:No valid CDS found for Q16787
INFO:2025-10-30 14:29:37,489:Processing Q16790 with model AF-Q16790-F1-model_v4.pdb
INFO:2025-10-30 14:29:37,672:Computing HSC features for: Q16790, ENST00000378357, ../Ntranos_Rotation/ESM-SaProt/AF-Q16790-F1-model_v4.pdb.gz
INFO:2025-10-30 14:30:31,990:Successfully computed HSC for Q16790.
INFO:2025-10-30 14:30:31,990:Processing Q16795 with model AF-Q16795-F1-model_v4.pdb
INFO:2025-10-30 14:30:32,091:Computing HSC features for: Q16795, ENST00000266544, ../Ntranos_Rotation/ESM-SaProt/AF-Q16795-F1-model_v4.pdb.gz
INFO:2025-10-30 14:31:05,888:Successfully computed HSC for Q16795.
INFO:2025-10-30 14:31:05,889:Processing Q16798 with model AF-Q16798-F1-model_v4.pdb
INFO:2025-10-30 14:31:06,038:Computing HSC features for: Q16798, ENST00000393324, ../Ntranos_Rotation/ESM-SaProt/AF-Q16798-F1-model_v4.pdb.gz
INFO:2025-10-30 14:32:07,049:Successfully computed HSC for Q16798.
INFO:2025-10-30 14:32:07,049:Processing Q16799 with model AF-Q16799-F1-model_v4.pdb
INFO:2025-10-30 14:32:07,159:Computing HSC features for: Q16799, ENST00000267484, ../Ntranos_Rotation/ESM-SaProt/AF-Q16799-F1-model_v4.pdb.gz
INFO:2025-10-30 14:33:35,576:Successfully computed HSC for Q16799.
INFO:2025-10-30 14:33:35,576:Processing Q16816 with model AF-Q16816-F1-model_v4.pdb
INFO:2025-10-30 14:33:35,705:Computing HSC features for: Q16816, ENST00000297373, ../Ntranos_Rotation/ESM-SaProt/AF-Q16816-F1-model_v4.pdb.gz
INFO:2025-10-30 14:34:25,723:Successfully computed HSC for Q16816.
INFO:2025-10-30 14:34:25,723:Processing Q16819 with model AF-Q16819-F1-model_v4.pdb
INFO:2025-10-30 14:34:25,841:Computing HSC features for: Q16819, ENST00000230588, ../Ntranos_Rotation/ESM-SaProt/AF-Q16819-F1-model_v4.pdb.gz
INFO:2025-10-30 14:35:34,398:Successfully computed HSC for Q16819.
INFO:2025-10-30 14:35:34,398:Processing Q16820 with model AF-Q16820-F1-model_v4.pdb
INFO:2025-10-30 14:35:34,493:Computing HSC features for: Q16820, ENST00000269202, ../Ntranos_Rotation/ESM-SaProt/AF-Q16820-F1-model_v4.pdb.gz
INFO:2025-10-30 14:36:30,055:Successfully computed HSC for Q16820.
INFO:2025-10-30 14:36:30,055:Processing Q16821 with model AF-Q16821-F1-model_v4.pdb
INFO:2025-10-30 14:36:30,342:Computing HSC features for: Q16821, ENST00000284601, ../Ntranos_Rotation/ESM-SaProt/AF-Q16821-F1-model_v4.pdb.gz
INFO:2025-10-30 14:37:59,657:Successfully computed HSC for Q16821.
INFO:2025-10-30 14:37:59,657:Processing Q16822 with model AF-Q16822-F1-model_v4.pdb
INFO:2025-10-30 14:37:59,776:Computing HSC features for: Q16822, ENST00000216780, ../Ntranos_Rotation/ESM-SaProt/AF-Q16822-F1-model_v4.pdb.gz
INFO:2025-10-30 14:39:05,759:Successfully computed HSC for Q16822.
INFO:2025-10-30 14:39:05,759:Processing Q16825 with model AF-Q16825-F1-model_v4.pdb
INFO:2025-10-30 14:39:05,992:Computing HSC features for: Q16825, ENST00000328736, ../Ntranos_Rotation/ESM-SaProt/AF-Q16825-F1-model_v4.pdb.gz
INFO:2025-10-30 14:41:15,053:Successfully computed HSC for Q16825.
INFO:2025-10-30 14:41:15,053:Processing Q16827 with model AF-Q16827-F1-model_v4.pdb
INFO:2025-10-30 14:41:15,204:Computing HSC features for: Q16827, ENST00000281171, ../Ntranos_Rotation/ESM-SaProt/AF-Q16827-F1-model_v4.pdb.gz
INFO:2025-10-30 14:43:29,971:Successfully computed HSC for Q16827.
INFO:2025-10-30 14:43:29,971:Processing Q16828 with model AF-Q16828-F1-model_v4.pdb
INFO:2025-10-30 14:43:30,048:Computing HSC features for: Q16828, ENST00000279488, ../Ntranos_Rotation/ESM-SaProt/AF-Q16828-F1-model_v4.pdb.gz
INFO:2025-10-30 14:44:21,318:Successfully computed HSC for Q16828.
INFO:2025-10-30 14:44:21,318:Processing Q16829 with model AF-Q16829-F1-model_v4.pdb
INFO:2025-10-30 14:44:21,392:Computing HSC features for: Q16829, ENST00000495880, ../Ntranos_Rotation/ESM-SaProt/AF-Q16829-F1-model_v4.pdb.gz
INFO:2025-10-30 14:45:25,844:Successfully computed HSC for Q16829.
INFO:2025-10-30 14:45:25,844:Processing Q16831 with model AF-Q16831-F1-model_v4.pdb
INFO:2025-10-30 14:45:25,917:Computing HSC features for: Q16831, ENST00000331803, ../Ntranos_Rotation/ESM-SaProt/AF-Q16831-F1-model_v4.pdb.gz
INFO:2025-10-30 14:46:16,968:Successfully computed HSC for Q16831.
INFO:2025-10-30 14:46:16,968:Processing Q16832 with model AF-Q16832-F1-model_v4.pdb
INFO:2025-10-30 14:46:17,605:Computing HSC features for: Q16832, ENST00000367921, ../Ntranos_Rotation/ESM-SaProt/AF-Q16832-F1-model_v4.pdb.gz
INFO:2025-10-30 14:47:46,800:Successfully computed HSC for Q16832.
INFO:2025-10-30 14:47:46,800:Processing Q16836 with model AF-Q16836-F1-model_v4.pdb
INFO:2025-10-30 14:47:46,865:Computing HSC features for: Q16836, ENST00000309522, ../Ntranos_Rotation/ESM-SaProt/AF-Q16836-F1-model_v4.pdb.gz
INFO:2025-10-30 14:48:15,805:Successfully computed HSC for Q16836.
INFO:2025-10-30 14:48:15,805:Processing Q16842 with model AF-Q16842-F1-model_v4.pdb
INFO:2025-10-30 14:48:15,890:Computing HSC features for: Q16842, ENST00000342907, ../Ntranos_Rotation/ESM-SaProt/AF-Q16842-F1-model_v4.pdb.gz
INFO:2025-10-30 14:49:32,897:Successfully computed HSC for Q16842.
INFO:2025-10-30 14:49:32,897:Processing Q16849 with model AF-Q16849-F1-model_v4.pdb
INFO:2025-10-30 14:49:33,104:Computing HSC features for: Q16849, ENST00000295718, ../Ntranos_Rotation/ESM-SaProt/AF-Q16849-F1-model_v4.pdb.gz
INFO:2025-10-30 14:52:27,845:Successfully computed HSC for Q16849.
INFO:2025-10-30 14:52:27,845:Processing Q16850 with model AF-Q16850-F1-model_v4.pdb
ERROR:2025-10-30 14:52:27,963:No valid CDS found for Q16850
INFO:2025-10-30 14:52:27,963:Processing Q16851 with model AF-Q16851-F1-model_v4.pdb
INFO:2025-10-30 14:52:28,089:Computing HSC features for: Q16851, ENST00000337130, ../Ntranos_Rotation/ESM-SaProt/AF-Q16851-F1-model_v4.pdb.gz
INFO:2025-10-30 14:53:24,145:Successfully computed HSC for Q16851.
INFO:2025-10-30 14:53:24,145:Processing Q16853 with model AF-Q16853-F1-model_v4.pdb
INFO:2025-10-30 14:53:24,254:Computing HSC features for: Q16853, ENST00000308423, ../Ntranos_Rotation/ESM-SaProt/AF-Q16853-F1-model_v4.pdb.gz
INFO:2025-10-30 14:54:36,313:Successfully computed HSC for Q16853.
INFO:2025-10-30 14:54:36,313:Processing Q16854 with model AF-Q16854-F1-model_v4.pdb
INFO:2025-10-30 14:54:36,371:Computing HSC features for: Q16854, ENST00000264093, ../Ntranos_Rotation/ESM-SaProt/AF-Q16854-F1-model_v4.pdb.gz
INFO:2025-10-30 14:55:03,573:Successfully computed HSC for Q16854.
INFO:2025-10-30 14:55:03,574:Processing Q16864 with model AF-Q16864-F1-model_v4.pdb
INFO:2025-10-30 14:55:03,602:Computing HSC features for: Q16864, ENST00000249289, ../Ntranos_Rotation/ESM-SaProt/AF-Q16864-F1-model_v4.pdb.gz
INFO:2025-10-30 14:55:17,161:Successfully computed HSC for Q16864.
INFO:2025-10-30 14:55:17,161:Processing Q16873 with model AF-Q16873-F1-model_v4.pdb
INFO:2025-10-30 14:55:17,202:Computing HSC features for: Q16873, ENST00000292596, ../Ntranos_Rotation/ESM-SaProt/AF-Q16873-F1-model_v4.pdb.gz
INFO:2025-10-30 14:55:43,625:Successfully computed HSC for Q16873.
INFO:2025-10-30 14:55:43,625:Processing Q16875 with model AF-Q16875-F1-model_v4.pdb
INFO:2025-10-30 14:55:43,707:Computing HSC features for: Q16875, ENST00000379775, ../Ntranos_Rotation/ESM-SaProt/AF-Q16875-F1-model_v4.pdb.gz
INFO:2025-10-30 14:56:42,524:Successfully computed HSC for Q16875.
INFO:2025-10-30 14:56:42,524:Processing Q16877 with model AF-Q16877-F1-model_v4.pdb
INFO:2025-10-30 14:56:42,593:Computing HSC features for: Q16877, ENST00000232375, ../Ntranos_Rotation/ESM-SaProt/AF-Q16877-F1-model_v4.pdb.gz
INFO:2025-10-30 14:57:36,305:Successfully computed HSC for Q16877.
INFO:2025-10-30 14:57:36,306:Processing Q2M2E5 with model AF-Q2M2E5-F1-model_v4.pdb
ERROR:2025-10-30 14:57:36,348:No ENST transcript IDs were mapped to Q2M2E5
INFO:2025-10-30 14:57:36,349:Processing Q2M2H8 with model AF-Q2M2H8-F1-model_v4.pdb
INFO:2025-10-30 14:57:36,643:Computing HSC features for: Q2M2H8, ENST00000477922, ../Ntranos_Rotation/ESM-SaProt/AF-Q2M2H8-F1-model_v4.pdb.gz
ERROR:2025-10-30 14:57:37,212:Missing ENST record in counts: ENST00000477922
INFO:2025-10-30 14:57:37,212:Processing Q2M2I3 with model AF-Q2M2I3-F1-model_v4.pdb
INFO:2025-10-30 14:57:37,275:Computing HSC features for: Q2M2I3, ENST00000263266, ../Ntranos_Rotation/ESM-SaProt/AF-Q2M2I3-F1-model_v4.pdb.gz
INFO:2025-10-30 14:59:01,311:Successfully computed HSC for Q2M2I3.
INFO:2025-10-30 14:59:01,312:Processing Q2M2I5 with model AF-Q2M2I5-F1-model_v4.pdb
INFO:2025-10-30 14:59:01,444:Computing HSC features for: Q2M2I5, ENST00000264651, ../Ntranos_Rotation/ESM-SaProt/AF-Q2M2I5-F1-model_v4.pdb.gz
INFO:2025-10-30 14:59:45,595:Successfully computed HSC for Q2M2I5.
INFO:2025-10-30 14:59:45,595:Processing Q2M2I8 with model AF-Q2M2I8-F1-model_v4.pdb
INFO:2025-10-30 14:59:45,708:Computing HSC features for: Q2M2I8, ENST00000409085, ../Ntranos_Rotation/ESM-SaProt/AF-Q2M2I8-F1-model_v4.pdb.gz
INFO:2025-10-30 15:00:58,804:Successfully computed HSC for Q2M2I8.
INFO:2025-10-30 15:00:58,805:Processing Q16611 with model AF-Q16611-F1-model_v4.pdb
INFO:2025-10-30 15:00:58,877:Computing HSC features for: Q16611, ENST00000374467, ../Ntranos_Rotation/ESM-SaProt/AF-Q16611-F1-model_v4.pdb.gz
INFO:2025-10-30 15:01:18,494:Successfully computed HSC for Q16611.
INFO:2025-10-30 15:01:18,494:Processing Q16612 with model AF-Q16612-F1-model_v4.pdb
INFO:2025-10-30 15:01:18,533:Computing HSC features for: Q16612, ENST00000257435, ../Ntranos_Rotation/ESM-SaProt/AF-Q16612-F1-model_v4.pdb.gz
INFO:2025-10-30 15:01:23,852:Successfully computed HSC for Q16612.
INFO:2025-10-30 15:01:23,852:Processing Q16613 with model AF-Q16613-F1-model_v4.pdb
INFO:2025-10-30 15:01:23,893:Computing HSC features for: Q16613, ENST00000392492, ../Ntranos_Rotation/ESM-SaProt/AF-Q16613-F1-model_v4.pdb.gz
INFO:2025-10-30 15:01:47,990:Successfully computed HSC for Q16613.
INFO:2025-10-30 15:01:47,990:Processing Q16617 with model AF-Q16617-F1-model_v4.pdb
INFO:2025-10-30 15:01:48,044:Computing HSC features for: Q16617, ENST00000221978, ../Ntranos_Rotation/ESM-SaProt/AF-Q16617-F1-model_v4.pdb.gz
INFO:2025-10-30 15:02:02,615:Successfully computed HSC for Q16617.
INFO:2025-10-30 15:02:02,615:Processing Q16619 with model AF-Q16619-F1-model_v4.pdb
INFO:2025-10-30 15:02:02,676:Computing HSC features for: Q16619, ENST00000279804, ../Ntranos_Rotation/ESM-SaProt/AF-Q16619-F1-model_v4.pdb.gz
INFO:2025-10-30 15:02:35,880:Successfully computed HSC for Q16619.
INFO:2025-10-30 15:02:35,880:Processing Q16620 with model AF-Q16620-F1-model_v4.pdb
ERROR:2025-10-30 15:02:35,996:No transcript record found for Q16620 in gnomAD.
INFO:2025-10-30 15:02:35,996:Processing Q16621 with model AF-Q16621-F1-model_v4.pdb
INFO:2025-10-30 15:02:36,054:Computing HSC features for: Q16621, ENST00000312156, ../Ntranos_Rotation/ESM-SaProt/AF-Q16621-F1-model_v4.pdb.gz
INFO:2025-10-30 15:03:09,207:Successfully computed HSC for Q16621.
INFO:2025-10-30 15:03:09,207:Processing Q16623 with model AF-Q16623-F1-model_v4.pdb
INFO:2025-10-30 15:03:09,264:Computing HSC features for: Q16623, ENST00000222812, ../Ntranos_Rotation/ESM-SaProt/AF-Q16623-F1-model_v4.pdb.gz
INFO:2025-10-30 15:03:40,399:Successfully computed HSC for Q16623.
INFO:2025-10-30 15:03:40,399:Processing Q16625 with model AF-Q16625-F1-model_v4.pdb
INFO:2025-10-30 15:03:40,510:Computing HSC features for: Q16625, ENST00000355237, ../Ntranos_Rotation/ESM-SaProt/AF-Q16625-F1-model_v4.pdb.gz
INFO:2025-10-30 15:04:40,191:Successfully computed HSC for Q16625.
INFO:2025-10-30 15:04:40,191:Processing Q16626 with model AF-Q16626-F1-model_v4.pdb
INFO:2025-10-30 15:04:40,252:Computing HSC features for: Q16626, ENST00000244711, ../Ntranos_Rotation/ESM-SaProt/AF-Q16626-F1-model_v4.pdb.gz
INFO:2025-10-30 15:04:57,525:Successfully computed HSC for Q16626.
INFO:2025-10-30 15:04:57,525:Processing Q16627 with model AF-Q16627-F1-model_v4.pdb
ERROR:2025-10-30 15:04:57,570:No transcript record found for Q16627 in gnomAD.
INFO:2025-10-30 15:04:57,570:Processing Q16629 with model AF-Q16629-F1-model_v4.pdb
INFO:2025-10-30 15:04:57,643:Computing HSC features for: Q16629, ENST00000313117, ../Ntranos_Rotation/ESM-SaProt/AF-Q16629-F1-model_v4.pdb.gz
INFO:2025-10-30 15:05:39,817:Successfully computed HSC for Q16629.
INFO:2025-10-30 15:05:39,817:Processing Q16630 with model AF-Q16630-F1-model_v4.pdb
INFO:2025-10-30 15:05:39,954:Computing HSC features for: Q16630, ENST00000435070, ../Ntranos_Rotation/ESM-SaProt/AF-Q16630-F1-model_v4.pdb.gz
INFO:2025-10-30 15:07:01,979:Successfully computed HSC for Q16630.
INFO:2025-10-30 15:07:01,979:Processing Q16633 with model AF-Q16633-F1-model_v4.pdb
INFO:2025-10-30 15:07:02,038:Computing HSC features for: Q16633, ENST00000393067, ../Ntranos_Rotation/ESM-SaProt/AF-Q16633-F1-model_v4.pdb.gz
INFO:2025-10-30 15:07:42,775:Successfully computed HSC for Q16633.
INFO:2025-10-30 15:07:42,775:Pipeline completed.
INFO:2025-10-30 15:07:42,775:no_enst_for_uniprot: 1
INFO:2025-10-30 15:07:42,775:no_valid_cds: 2
INFO:2025-10-30 15:07:42,775:no_variant_data: 2
INFO:2025-10-30 15:07:42,776:bad_structure: 0
INFO:2025-10-30 15:07:42,776:no_enst_mp: 1
