INFO:2025-10-30 14:27:03,624:Starting HSC computation pipeline...
INFO:2025-10-30 14:28:17,351:Processing Q9BWG6 with model AF-Q9BWG6-F1-model_v4.pdb
INFO:2025-10-30 14:28:17,446:Computing HSC features for: Q9BWG6, ENST00000368905, ../Ntranos_Rotation/ESM-SaProt/AF-Q9BWG6-F1-model_v4.pdb.gz
INFO:2025-10-30 14:28:45,754:Successfully computed HSC for Q9BWG6.
INFO:2025-10-30 14:28:45,754:Processing Q9BWH2 with model AF-Q9BWH2-F1-model_v4.pdb
INFO:2025-10-30 14:28:45,810:Computing HSC features for: Q9BWH2, ENST00000369498, ../Ntranos_Rotation/ESM-SaProt/AF-Q9BWH2-F1-model_v4.pdb.gz
INFO:2025-10-30 14:29:05,952:Successfully computed HSC for Q9BWH2.
INFO:2025-10-30 14:29:05,952:Processing Q9BWH6 with model AF-Q9BWH6-F1-model_v4.pdb
INFO:2025-10-30 14:29:06,192:Computing HSC features for: Q9BWH6, ENST00000304330, ../Ntranos_Rotation/ESM-SaProt/AF-Q9BWH6-F1-model_v4.pdb.gz
INFO:2025-10-30 14:31:43,900:Successfully computed HSC for Q9BWH6.
INFO:2025-10-30 14:31:43,900:Processing Q9BWJ2 with model AF-Q9BWJ2-F1-model_v4.pdb
ERROR:2025-10-30 14:31:43,944:No ENST transcript IDs were mapped to Q9BWJ2
INFO:2025-10-30 14:31:43,945:Processing Q9BWJ5 with model AF-Q9BWJ5-F1-model_v4.pdb
INFO:2025-10-30 14:31:43,979:Computing HSC features for: Q9BWJ5, ENST00000367569, ../Ntranos_Rotation/ESM-SaProt/AF-Q9BWJ5-F1-model_v4.pdb.gz
INFO:2025-10-30 14:31:55,354:Successfully computed HSC for Q9BWJ5.
INFO:2025-10-30 14:31:55,354:Processing Q9BWK5 with model AF-Q9BWK5-F1-model_v4.pdb
INFO:2025-10-30 14:31:55,399:Computing HSC features for: Q9BWK5, ENST00000393114, ../Ntranos_Rotation/ESM-SaProt/AF-Q9BWK5-F1-model_v4.pdb.gz
INFO:2025-10-30 14:32:19,722:Successfully computed HSC for Q9BWK5.
INFO:2025-10-30 14:32:19,722:Processing Q9BWL3 with model AF-Q9BWL3-F1-model_v4.pdb
INFO:2025-10-30 14:32:19,806:Computing HSC features for: Q9BWL3, ENST00000368521, ../Ntranos_Rotation/ESM-SaProt/AF-Q9BWL3-F1-model_v4.pdb.gz
INFO:2025-10-30 14:32:58,600:Successfully computed HSC for Q9BWL3.
INFO:2025-10-30 14:32:58,600:Processing Q9BWM5 with model AF-Q9BWM5-F1-model_v4.pdb
INFO:2025-10-30 14:32:58,733:Computing HSC features for: Q9BWM5, ENST00000196489, ../Ntranos_Rotation/ESM-SaProt/AF-Q9BWM5-F1-model_v4.pdb.gz
INFO:2025-10-30 14:33:49,952:Successfully computed HSC for Q9BWM5.
INFO:2025-10-30 14:33:49,952:Processing Q9BWM7 with model AF-Q9BWM7-F1-model_v4.pdb
INFO:2025-10-30 14:33:50,063:Computing HSC features for: Q9BWM7, ENST00000393459, ../Ntranos_Rotation/ESM-SaProt/AF-Q9BWM7-F1-model_v4.pdb.gz
INFO:2025-10-30 14:34:37,651:Successfully computed HSC for Q9BWM7.
INFO:2025-10-30 14:34:37,651:Processing Q9BWN1 with model AF-Q9BWN1-F1-model_v4.pdb
INFO:2025-10-30 14:34:37,781:Computing HSC features for: Q9BWN1, ENST00000300835, ../Ntranos_Rotation/ESM-SaProt/AF-Q9BWN1-F1-model_v4.pdb.gz
INFO:2025-10-30 14:35:47,665:Successfully computed HSC for Q9BWN1.
INFO:2025-10-30 14:35:47,665:Processing Q9BWP8 with model AF-Q9BWP8-F1-model_v4.pdb
INFO:2025-10-30 14:35:47,755:Computing HSC features for: Q9BWP8, ENST00000349077, ../Ntranos_Rotation/ESM-SaProt/AF-Q9BWP8-F1-model_v4.pdb.gz
INFO:2025-10-30 14:36:29,441:Successfully computed HSC for Q9BWP8.
INFO:2025-10-30 14:36:29,442:Processing Q9BWQ6 with model AF-Q9BWQ6-F1-model_v4.pdb
INFO:2025-10-30 14:36:29,501:Computing HSC features for: Q9BWQ6, ENST00000253031, ../Ntranos_Rotation/ESM-SaProt/AF-Q9BWQ6-F1-model_v4.pdb.gz
INFO:2025-10-30 14:37:05,623:Successfully computed HSC for Q9BWQ6.
INFO:2025-10-30 14:37:05,623:Processing Q9BWQ8 with model AF-Q9BWQ8-F1-model_v4.pdb
INFO:2025-10-30 14:37:05,714:Computing HSC features for: Q9BWQ8, ENST00000320634, ../Ntranos_Rotation/ESM-SaProt/AF-Q9BWQ8-F1-model_v4.pdb.gz
INFO:2025-10-30 14:37:43,731:Successfully computed HSC for Q9BWQ8.
INFO:2025-10-30 14:37:43,731:Processing Q9BWS9 with model AF-Q9BWS9-F1-model_v4.pdb
INFO:2025-10-30 14:37:43,837:Computing HSC features for: Q9BWS9, ENST00000323578, ../Ntranos_Rotation/ESM-SaProt/AF-Q9BWS9-F1-model_v4.pdb.gz
INFO:2025-10-30 14:38:29,642:Successfully computed HSC for Q9BWS9.
INFO:2025-10-30 14:38:29,642:Processing Q9BWT1 with model AF-Q9BWT1-F1-model_v4.pdb
ERROR:2025-10-30 14:38:29,716:No transcript record found for Q9BWT1 in gnomAD.
INFO:2025-10-30 14:38:29,716:Processing Q9BWT3 with model AF-Q9BWT3-F1-model_v4.pdb
INFO:2025-10-30 14:38:29,831:Computing HSC features for: Q9BWT3, ENST00000238714, ../Ntranos_Rotation/ESM-SaProt/AF-Q9BWT3-F1-model_v4.pdb.gz
INFO:2025-10-30 14:39:29,259:Successfully computed HSC for Q9BWT3.
INFO:2025-10-30 14:39:29,260:Processing Q9BWT6 with model AF-Q9BWT6-F1-model_v4.pdb
INFO:2025-10-30 14:39:29,357:Computing HSC features for: Q9BWT6, ENST00000240488, ../Ntranos_Rotation/ESM-SaProt/AF-Q9BWT6-F1-model_v4.pdb.gz
INFO:2025-10-30 14:39:45,275:Successfully computed HSC for Q9BWT6.
INFO:2025-10-30 14:39:45,275:Processing Q9BWT7 with model AF-Q9BWT7-F1-model_v4.pdb
INFO:2025-10-30 14:39:45,423:Computing HSC features for: Q9BWT7, ENST00000251973, ../Ntranos_Rotation/ESM-SaProt/AF-Q9BWT7-F1-model_v4.pdb.gz
INFO:2025-10-30 14:41:56,250:Successfully computed HSC for Q9BWT7.
INFO:2025-10-30 14:41:56,250:Processing Q9BWU0 with model AF-Q9BWU0-F1-model_v4.pdb
INFO:2025-10-30 14:41:56,369:Computing HSC features for: Q9BWU0, ENST00000326019, ../Ntranos_Rotation/ESM-SaProt/AF-Q9BWU0-F1-model_v4.pdb.gz
INFO:2025-10-30 14:43:08,486:Successfully computed HSC for Q9BWU0.
INFO:2025-10-30 14:43:08,486:Processing Q9BWU1 with model AF-Q9BWU1-F1-model_v4.pdb
INFO:2025-10-30 14:43:08,563:Computing HSC features for: Q9BWU1, ENST00000368911, ../Ntranos_Rotation/ESM-SaProt/AF-Q9BWU1-F1-model_v4.pdb.gz
INFO:2025-10-30 14:44:05,918:Successfully computed HSC for Q9BWU1.
INFO:2025-10-30 14:44:05,918:Processing Q9BWV1 with model AF-Q9BWV1-F1-model_v4.pdb
INFO:2025-10-30 14:44:06,150:Computing HSC features for: Q9BWV1, ENST00000355385, ../Ntranos_Rotation/ESM-SaProt/AF-Q9BWV1-F1-model_v4.pdb.gz
INFO:2025-10-30 14:46:13,922:Successfully computed HSC for Q9BWV1.
INFO:2025-10-30 14:46:13,922:Processing Q9BWV2 with model AF-Q9BWV2-F1-model_v4.pdb
INFO:2025-10-30 14:46:13,980:Computing HSC features for: Q9BWV2, ENST00000274432, ../Ntranos_Rotation/ESM-SaProt/AF-Q9BWV2-F1-model_v4.pdb.gz
INFO:2025-10-30 14:46:33,410:Successfully computed HSC for Q9BWV2.
INFO:2025-10-30 14:46:33,410:Processing Q9BWV3 with model AF-Q9BWV3-F1-model_v4.pdb
INFO:2025-10-30 14:46:33,496:Computing HSC features for: Q9BWV3, ENST00000251108, ../Ntranos_Rotation/ESM-SaProt/AF-Q9BWV3-F1-model_v4.pdb.gz
INFO:2025-10-30 14:47:12,872:Successfully computed HSC for Q9BWV3.
INFO:2025-10-30 14:47:12,872:Processing Q9BWV7 with model AF-Q9BWV7-F1-model_v4.pdb
INFO:2025-10-30 14:47:12,998:Computing HSC features for: Q9BWV7, ENST00000239587, ../Ntranos_Rotation/ESM-SaProt/AF-Q9BWV7-F1-model_v4.pdb.gz
INFO:2025-10-30 14:48:36,844:Successfully computed HSC for Q9BWV7.
INFO:2025-10-30 14:48:36,844:Processing Q9BWW4 with model AF-Q9BWW4-F1-model_v4.pdb
ERROR:2025-10-30 14:48:36,945:No transcript record found for Q9BWW4 in gnomAD.
INFO:2025-10-30 14:48:36,945:Processing Q9BWW7 with model AF-Q9BWW7-F1-model_v4.pdb
ERROR:2025-10-30 14:48:37,036:No transcript record found for Q9BWW7 in gnomAD.
INFO:2025-10-30 14:48:37,036:Processing Q9BWW8 with model AF-Q9BWW8-F1-model_v4.pdb
INFO:2025-10-30 14:48:37,213:Computing HSC features for: Q9BWW8, ENST00000409652, ../Ntranos_Rotation/ESM-SaProt/AF-Q9BWW8-F1-model_v4.pdb.gz
INFO:2025-10-30 14:49:19,645:Successfully computed HSC for Q9BWW8.
INFO:2025-10-30 14:49:19,646:Processing Q9BWW9 with model AF-Q9BWW9-F1-model_v4.pdb
INFO:2025-10-30 14:49:19,759:Computing HSC features for: Q9BWW9, ENST00000249044, ../Ntranos_Rotation/ESM-SaProt/AF-Q9BWW9-F1-model_v4.pdb.gz
INFO:2025-10-30 14:50:11,320:Successfully computed HSC for Q9BWW9.
INFO:2025-10-30 14:50:11,320:Processing Q9BWX1 with model AF-Q9BWX1-F1-model_v4.pdb
INFO:2025-10-30 14:50:11,382:Computing HSC features for: Q9BWX1, ENST00000327906, ../Ntranos_Rotation/ESM-SaProt/AF-Q9BWX1-F1-model_v4.pdb.gz
INFO:2025-10-30 14:50:41,203:Successfully computed HSC for Q9BWX1.
INFO:2025-10-30 14:50:41,203:Processing Q9BWX5 with model AF-Q9BWX5-F1-model_v4.pdb
INFO:2025-10-30 14:50:41,270:Computing HSC features for: Q9BWX5, ENST00000252997, ../Ntranos_Rotation/ESM-SaProt/AF-Q9BWX5-F1-model_v4.pdb.gz
INFO:2025-10-30 14:51:44,691:Successfully computed HSC for Q9BWX5.
INFO:2025-10-30 14:51:44,691:Processing Q9BX10 with model AF-Q9BX10-F1-model_v4.pdb
INFO:2025-10-30 14:51:44,773:Computing HSC features for: Q9BX10, ENST00000307126, ../Ntranos_Rotation/ESM-SaProt/AF-Q9BX10-F1-model_v4.pdb.gz
INFO:2025-10-30 14:52:51,105:Successfully computed HSC for Q9BX10.
INFO:2025-10-30 14:52:51,105:Processing Q9BX26 with model AF-Q9BX26-F1-model_v4.pdb
INFO:2025-10-30 14:52:51,278:Computing HSC features for: Q9BX26, ENST00000357552, ../Ntranos_Rotation/ESM-SaProt/AF-Q9BX26-F1-model_v4.pdb.gz
INFO:2025-10-30 14:54:56,992:Successfully computed HSC for Q9BX26.
INFO:2025-10-30 14:54:56,992:Processing Q9BX40 with model AF-Q9BX40-F1-model_v4.pdb
INFO:2025-10-30 14:54:57,090:Computing HSC features for: Q9BX40, ENST00000279068, ../Ntranos_Rotation/ESM-SaProt/AF-Q9BX40-F1-model_v4.pdb.gz
INFO:2025-10-30 14:55:53,302:Successfully computed HSC for Q9BX40.
INFO:2025-10-30 14:55:53,302:Processing Q9BX46 with model AF-Q9BX46-F1-model_v4.pdb
INFO:2025-10-30 14:55:53,360:Computing HSC features for: Q9BX46, ENST00000379052, ../Ntranos_Rotation/ESM-SaProt/AF-Q9BX46-F1-model_v4.pdb.gz
INFO:2025-10-30 14:56:22,405:Successfully computed HSC for Q9BX46.
INFO:2025-10-30 14:56:22,405:Processing Q9BX51 with model AF-Q9BX51-F1-model_v4.pdb
INFO:2025-10-30 14:56:22,476:Computing HSC features for: Q9BX51, ENST00000278765, ../Ntranos_Rotation/ESM-SaProt/AF-Q9BX51-F1-model_v4.pdb.gz
INFO:2025-10-30 14:56:48,869:Successfully computed HSC for Q9BX51.
INFO:2025-10-30 14:56:48,869:Processing Q9BX59 with model AF-Q9BX59-F1-model_v4.pdb
INFO:2025-10-30 14:56:48,965:Computing HSC features for: Q9BX59, ENST00000266556, ../Ntranos_Rotation/ESM-SaProt/AF-Q9BX59-F1-model_v4.pdb.gz
INFO:2025-10-30 14:57:58,628:Successfully computed HSC for Q9BX59.
INFO:2025-10-30 14:57:58,628:Processing Q9BX63 with model AF-Q9BX63-F1-model_v4.pdb
INFO:2025-10-30 14:57:59,346:Computing HSC features for: Q9BX63, ENST00000259008, ../Ntranos_Rotation/ESM-SaProt/AF-Q9BX63-F1-model_v4.pdb.gz
INFO:2025-10-30 14:59:43,257:Successfully computed HSC for Q9BX63.
INFO:2025-10-30 14:59:43,258:Processing Q9BX66 with model AF-Q9BX66-F1-model_v4.pdb
INFO:2025-10-30 14:59:43,418:Computing HSC features for: Q9BX66, ENST00000361941, ../Ntranos_Rotation/ESM-SaProt/AF-Q9BX66-F1-model_v4.pdb.gz
INFO:2025-10-30 15:01:55,862:Successfully computed HSC for Q9BX66.
INFO:2025-10-30 15:01:55,862:Processing Q9BX67 with model AF-Q9BX67-F1-model_v4.pdb
INFO:2025-10-30 15:01:55,917:Computing HSC features for: Q9BX67, ENST00000299106, ../Ntranos_Rotation/ESM-SaProt/AF-Q9BX67-F1-model_v4.pdb.gz
INFO:2025-10-30 15:02:34,690:Successfully computed HSC for Q9BX67.
INFO:2025-10-30 15:02:34,690:Processing Q9BX68 with model AF-Q9BX68-F1-model_v4.pdb
INFO:2025-10-30 15:02:34,726:Computing HSC features for: Q9BX68, ENST00000259667, ../Ntranos_Rotation/ESM-SaProt/AF-Q9BX68-F1-model_v4.pdb.gz
INFO:2025-10-30 15:02:51,457:Successfully computed HSC for Q9BX68.
INFO:2025-10-30 15:02:51,457:Processing Q9BX69 with model AF-Q9BX69-F1-model_v4.pdb
INFO:2025-10-30 15:02:51,650:Computing HSC features for: Q9BX69, ENST00000254691, ../Ntranos_Rotation/ESM-SaProt/AF-Q9BX69-F1-model_v4.pdb.gz
INFO:2025-10-30 15:04:26,920:Successfully computed HSC for Q9BX69.
INFO:2025-10-30 15:04:26,920:Processing Q9BX70 with model AF-Q9BX70-F1-model_v4.pdb
INFO:2025-10-30 15:04:26,994:Computing HSC features for: Q9BX70, ENST00000255608, ../Ntranos_Rotation/ESM-SaProt/AF-Q9BX70-F1-model_v4.pdb.gz
INFO:2025-10-30 15:05:50,208:Successfully computed HSC for Q9BX70.
INFO:2025-10-30 15:05:50,208:Processing Q9BX73 with model AF-Q9BX73-F1-model_v4.pdb
INFO:2025-10-30 15:05:50,516:Computing HSC features for: Q9BX73, ENST00000456397, ../Ntranos_Rotation/ESM-SaProt/AF-Q9BX73-F1-model_v4.pdb.gz
INFO:2025-10-30 15:06:19,703:Successfully computed HSC for Q9BX73.
INFO:2025-10-30 15:06:19,703:Processing Q9BX74 with model AF-Q9BX74-F1-model_v4.pdb
INFO:2025-10-30 15:06:19,758:Computing HSC features for: Q9BX74, ENST00000606498, ../Ntranos_Rotation/ESM-SaProt/AF-Q9BX74-F1-model_v4.pdb.gz
INFO:2025-10-30 15:06:41,747:Successfully computed HSC for Q9BX74.
INFO:2025-10-30 15:06:41,747:Processing Q9BX79 with model AF-Q9BX79-F1-model_v4.pdb
INFO:2025-10-30 15:06:41,881:Computing HSC features for: Q9BX79, ENST00000323940, ../Ntranos_Rotation/ESM-SaProt/AF-Q9BX79-F1-model_v4.pdb.gz
INFO:2025-10-30 15:08:08,793:Successfully computed HSC for Q9BX79.
INFO:2025-10-30 15:08:08,793:Processing Q9BX82 with model AF-Q9BX82-F1-model_v4.pdb
INFO:2025-10-30 15:08:08,878:Computing HSC features for: Q9BX82, ENST00000308031, ../Ntranos_Rotation/ESM-SaProt/AF-Q9BX82-F1-model_v4.pdb.gz
INFO:2025-10-30 15:08:51,478:Successfully computed HSC for Q9BX82.
INFO:2025-10-30 15:08:51,478:Processing Q9BX84 with model AF-Q9BX84-F1-model_v4.pdb
INFO:2025-10-30 15:08:51,734:Computing HSC features for: Q9BX84, ENST00000360774, ../Ntranos_Rotation/ESM-SaProt/AF-Q9BX84-F1-model_v4.pdb.gz
INFO:2025-10-30 15:11:36,427:Successfully computed HSC for Q9BX84.
INFO:2025-10-30 15:11:36,427:Processing Q9BX93 with model AF-Q9BX93-F1-model_v4.pdb
INFO:2025-10-30 15:11:36,469:Computing HSC features for: Q9BX93, ENST00000373032, ../Ntranos_Rotation/ESM-SaProt/AF-Q9BX93-F1-model_v4.pdb.gz
INFO:2025-10-30 15:11:57,179:Successfully computed HSC for Q9BX93.
INFO:2025-10-30 15:11:57,180:Processing Q9BX95 with model AF-Q9BX95-F1-model_v4.pdb
INFO:2025-10-30 15:11:57,237:Computing HSC features for: Q9BX95, ENST00000247225, ../Ntranos_Rotation/ESM-SaProt/AF-Q9BX95-F1-model_v4.pdb.gz
INFO:2025-10-30 15:12:51,726:Successfully computed HSC for Q9BX95.
INFO:2025-10-30 15:12:51,726:Processing Q9BX97 with model AF-Q9BX97-F1-model_v4.pdb
INFO:2025-10-30 15:12:51,789:Computing HSC features for: Q9BX97, ENST00000252590, ../Ntranos_Rotation/ESM-SaProt/AF-Q9BX97-F1-model_v4.pdb.gz
INFO:2025-10-30 15:13:40,449:Successfully computed HSC for Q9BX97.
INFO:2025-10-30 15:13:40,449:Pipeline completed.
INFO:2025-10-30 15:13:40,449:no_enst_for_uniprot: 1
INFO:2025-10-30 15:13:40,449:no_valid_cds: 0
INFO:2025-10-30 15:13:40,449:no_variant_data: 3
INFO:2025-10-30 15:13:40,449:bad_structure: 0
INFO:2025-10-30 15:13:40,449:no_enst_mp: 0
