INFO:2025-10-30 14:24:57,382:Starting HSC computation pipeline...
INFO:2025-10-30 14:25:41,253:Processing P19086 with model AF-P19086-F1-model_v4.pdb
ERROR:2025-10-30 14:25:41,354:No transcript record found for P19086 in gnomAD.
INFO:2025-10-30 14:25:41,354:Processing P19087 with model AF-P19087-F1-model_v4.pdb
INFO:2025-10-30 14:25:41,408:Computing HSC features for: P19087, ENST00000351050, ../Ntranos_Rotation/ESM-SaProt/AF-P19087-F1-model_v4.pdb.gz
INFO:2025-10-30 14:26:21,015:Successfully computed HSC for P19087.
INFO:2025-10-30 14:26:21,015:Processing P19099 with model AF-P19099-F1-model_v4.pdb
INFO:2025-10-30 14:26:21,119:Computing HSC features for: P19099, ENST00000323110, ../Ntranos_Rotation/ESM-SaProt/AF-P19099-F1-model_v4.pdb.gz
INFO:2025-10-30 14:27:38,125:Successfully computed HSC for P19099.
INFO:2025-10-30 14:27:38,125:Processing P19105 with model AF-P19105-F1-model_v4.pdb
INFO:2025-10-30 14:27:38,203:Computing HSC features for: P19105, ENST00000217652, ../Ntranos_Rotation/ESM-SaProt/AF-P19105-F1-model_v4.pdb.gz
INFO:2025-10-30 14:27:58,918:Successfully computed HSC for P19105.
INFO:2025-10-30 14:27:58,919:Processing P19113 with model AF-P19113-F1-model_v4.pdb
INFO:2025-10-30 14:27:59,049:Computing HSC features for: P19113, ENST00000267845, ../Ntranos_Rotation/ESM-SaProt/AF-P19113-F1-model_v4.pdb.gz
INFO:2025-10-30 14:29:21,571:Successfully computed HSC for P19113.
INFO:2025-10-30 14:29:21,571:Processing P19174 with model AF-P19174-F1-model_v4.pdb
ERROR:2025-10-30 14:29:21,931:No transcript record found for P19174 in gnomAD.
INFO:2025-10-30 14:29:21,931:Processing P19224 with model AF-P19224-F1-model_v4.pdb
INFO:2025-10-30 14:29:22,090:Computing HSC features for: P19224, ENST00000305139, ../Ntranos_Rotation/ESM-SaProt/AF-P19224-F1-model_v4.pdb.gz
INFO:2025-10-30 14:30:26,359:Successfully computed HSC for P19224.
INFO:2025-10-30 14:30:26,359:Processing P19235 with model AF-P19235-F1-model_v4.pdb
INFO:2025-10-30 14:30:26,494:Computing HSC features for: P19235, ENST00000222139, ../Ntranos_Rotation/ESM-SaProt/AF-P19235-F1-model_v4.pdb.gz
INFO:2025-10-30 14:31:56,796:Successfully computed HSC for P19235.
INFO:2025-10-30 14:31:56,796:Processing P19237 with model AF-P19237-F1-model_v4.pdb
INFO:2025-10-30 14:31:56,872:Computing HSC features for: P19237, ENST00000336092, ../Ntranos_Rotation/ESM-SaProt/AF-P19237-F1-model_v4.pdb.gz
INFO:2025-10-30 14:32:26,479:Successfully computed HSC for P19237.
INFO:2025-10-30 14:32:26,479:Processing P19256 with model AF-P19256-F1-model_v4.pdb
INFO:2025-10-30 14:32:26,531:Computing HSC features for: P19256, ENST00000369489, ../Ntranos_Rotation/ESM-SaProt/AF-P19256-F1-model_v4.pdb.gz
INFO:2025-10-30 14:32:53,556:Successfully computed HSC for P19256.
INFO:2025-10-30 14:32:53,556:Processing P19320 with model AF-P19320-F1-model_v4.pdb
INFO:2025-10-30 14:32:53,722:Computing HSC features for: P19320, ENST00000294728, ../Ntranos_Rotation/ESM-SaProt/AF-P19320-F1-model_v4.pdb.gz
INFO:2025-10-30 14:34:12,107:Successfully computed HSC for P19320.
INFO:2025-10-30 14:34:12,107:Processing P19338 with model AF-P19338-F1-model_v4.pdb
INFO:2025-10-30 14:34:12,285:Computing HSC features for: P19338, ENST00000322723, ../Ntranos_Rotation/ESM-SaProt/AF-P19338-F1-model_v4.pdb.gz
INFO:2025-10-30 14:35:36,589:Successfully computed HSC for P19338.
INFO:2025-10-30 14:35:36,589:Processing P19367 with model AF-P19367-F1-model_v4.pdb
INFO:2025-10-30 14:35:36,750:Computing HSC features for: P19367, ENST00000359426, ../Ntranos_Rotation/ESM-SaProt/AF-P19367-F1-model_v4.pdb.gz
INFO:2025-10-30 14:37:51,907:Successfully computed HSC for P19367.
INFO:2025-10-30 14:37:51,907:Processing P19387 with model AF-P19387-F1-model_v4.pdb
INFO:2025-10-30 14:37:51,966:Computing HSC features for: P19387, ENST00000219252, ../Ntranos_Rotation/ESM-SaProt/AF-P19387-F1-model_v4.pdb.gz
INFO:2025-10-30 14:38:32,070:Successfully computed HSC for P19387.
INFO:2025-10-30 14:38:32,070:Processing P19388 with model AF-P19388-F1-model_v4.pdb
INFO:2025-10-30 14:38:32,124:Computing HSC features for: P19388, ENST00000586746, ../Ntranos_Rotation/ESM-SaProt/AF-P19388-F1-model_v4.pdb.gz
INFO:2025-10-30 14:39:05,837:Successfully computed HSC for P19388.
INFO:2025-10-30 14:39:05,837:Processing P19397 with model AF-P19397-F1-model_v4.pdb
INFO:2025-10-30 14:39:05,960:Computing HSC features for: P19397, ENST00000271324, ../Ntranos_Rotation/ESM-SaProt/AF-P19397-F1-model_v4.pdb.gz
INFO:2025-10-30 14:39:30,200:Successfully computed HSC for P19397.
INFO:2025-10-30 14:39:30,200:Processing P19404 with model AF-P19404-F1-model_v4.pdb
INFO:2025-10-30 14:39:30,280:Computing HSC features for: P19404, ENST00000318388, ../Ntranos_Rotation/ESM-SaProt/AF-P19404-F1-model_v4.pdb.gz
INFO:2025-10-30 14:39:56,366:Successfully computed HSC for P19404.
INFO:2025-10-30 14:39:56,367:Processing P19419 with model AF-P19419-F1-model_v4.pdb
INFO:2025-10-30 14:39:56,535:Computing HSC features for: P19419, ENST00000247161, ../Ntranos_Rotation/ESM-SaProt/AF-P19419-F1-model_v4.pdb.gz
INFO:2025-10-30 14:41:02,624:Successfully computed HSC for P19419.
INFO:2025-10-30 14:41:02,624:Processing P19429 with model AF-P19429-F1-model_v4.pdb
INFO:2025-10-30 14:41:02,670:Computing HSC features for: P19429, ENST00000344887, ../Ntranos_Rotation/ESM-SaProt/AF-P19429-F1-model_v4.pdb.gz
INFO:2025-10-30 14:41:37,843:Successfully computed HSC for P19429.
INFO:2025-10-30 14:41:37,843:Processing P19438 with model AF-P19438-F1-model_v4.pdb
ERROR:2025-10-30 14:41:37,914:No transcript record found for P19438 in gnomAD.
INFO:2025-10-30 14:41:37,914:Processing P19440 with model AF-P19440-F1-model_v4.pdb
INFO:2025-10-30 14:41:38,002:Computing HSC features for: P19440, ENST00000400380, ../Ntranos_Rotation/ESM-SaProt/AF-P19440-F1-model_v4.pdb.gz
INFO:2025-10-30 14:43:11,791:Successfully computed HSC for P19440.
INFO:2025-10-30 14:43:11,791:Processing P19447 with model AF-P19447-F1-model_v4.pdb
INFO:2025-10-30 14:43:11,959:Computing HSC features for: P19447, ENST00000285398, ../Ntranos_Rotation/ESM-SaProt/AF-P19447-F1-model_v4.pdb.gz
INFO:2025-10-30 14:44:54,881:Successfully computed HSC for P19447.
INFO:2025-10-30 14:44:54,881:Processing P19474 with model AF-P19474-F1-model_v4.pdb
INFO:2025-10-30 14:44:54,979:Computing HSC features for: P19474, ENST00000254436, ../Ntranos_Rotation/ESM-SaProt/AF-P19474-F1-model_v4.pdb.gz
INFO:2025-10-30 14:45:47,587:Successfully computed HSC for P19474.
INFO:2025-10-30 14:45:47,587:Processing P19484 with model AF-P19484-F1-model_v4.pdb
INFO:2025-10-30 14:45:47,690:Computing HSC features for: P19484, ENST00000343317, ../Ntranos_Rotation/ESM-SaProt/AF-P19484-F1-model_v4.pdb.gz
INFO:2025-10-30 14:46:55,370:Successfully computed HSC for P19484.
INFO:2025-10-30 14:46:55,370:Processing P19525 with model AF-P19525-F1-model_v4.pdb
INFO:2025-10-30 14:46:55,450:Computing HSC features for: P19525, ENST00000233057, ../Ntranos_Rotation/ESM-SaProt/AF-P19525-F1-model_v4.pdb.gz
INFO:2025-10-30 14:47:53,850:Successfully computed HSC for P19525.
INFO:2025-10-30 14:47:53,850:Processing P19526 with model AF-P19526-F1-model_v4.pdb
ERROR:2025-10-30 14:47:53,917:No transcript record found for P19526 in gnomAD.
INFO:2025-10-30 14:47:53,917:Processing P19532 with model AF-P19532-F1-model_v4.pdb
ERROR:2025-10-30 14:47:54,008:No transcript record found for P19532 in gnomAD.
INFO:2025-10-30 14:47:54,009:Processing P19544 with model AF-P19544-F1-model_v4.pdb
ERROR:2025-10-30 14:47:54,098:No valid CDS found for P19544
INFO:2025-10-30 14:47:54,099:Processing P19622 with model AF-P19622-F1-model_v4.pdb
INFO:2025-10-30 14:47:54,153:Computing HSC features for: P19622, ENST00000297375, ../Ntranos_Rotation/ESM-SaProt/AF-P19622-F1-model_v4.pdb.gz
INFO:2025-10-30 14:49:13,987:Successfully computed HSC for P19622.
INFO:2025-10-30 14:49:13,987:Processing P19623 with model AF-P19623-F1-model_v4.pdb
INFO:2025-10-30 14:49:14,047:Computing HSC features for: P19623, ENST00000376957, ../Ntranos_Rotation/ESM-SaProt/AF-P19623-F1-model_v4.pdb.gz
INFO:2025-10-30 14:50:04,003:Successfully computed HSC for P19623.
INFO:2025-10-30 14:50:04,004:Processing P19634 with model AF-P19634-F1-model_v4.pdb
INFO:2025-10-30 14:50:04,312:Computing HSC features for: P19634, ENST00000263980, ../Ntranos_Rotation/ESM-SaProt/AF-P19634-F1-model_v4.pdb.gz
INFO:2025-10-30 14:52:09,783:Successfully computed HSC for P19634.
INFO:2025-10-30 14:52:09,783:Processing P19652 with model AF-P19652-F1-model_v4.pdb
INFO:2025-10-30 14:52:09,848:Computing HSC features for: P19652, ENST00000431067, ../Ntranos_Rotation/ESM-SaProt/AF-P19652-F1-model_v4.pdb.gz
INFO:2025-10-30 14:52:35,671:Successfully computed HSC for P19652.
INFO:2025-10-30 14:52:35,671:Processing P19784 with model AF-P19784-F1-model_v4.pdb
INFO:2025-10-30 14:52:35,739:Computing HSC features for: P19784, ENST00000262506, ../Ntranos_Rotation/ESM-SaProt/AF-P19784-F1-model_v4.pdb.gz
INFO:2025-10-30 14:53:18,722:Successfully computed HSC for P19784.
INFO:2025-10-30 14:53:18,722:Processing P19793 with model AF-P19793-F1-model_v4.pdb
INFO:2025-10-30 14:53:18,798:Computing HSC features for: P19793, ENST00000481739, ../Ntranos_Rotation/ESM-SaProt/AF-P19793-F1-model_v4.pdb.gz
INFO:2025-10-30 14:54:32,643:Successfully computed HSC for P19793.
INFO:2025-10-30 14:54:32,643:Processing P19801 with model AF-P19801-F1-model_v4.pdb
INFO:2025-10-30 14:54:32,853:Computing HSC features for: P19801, ENST00000360937, ../Ntranos_Rotation/ESM-SaProt/AF-P19801-F1-model_v4.pdb.gz
INFO:2025-10-30 14:56:21,233:Successfully computed HSC for P19801.
INFO:2025-10-30 14:56:21,233:Processing P19823 with model AF-P19823-F1-model_v4.pdb
INFO:2025-10-30 14:56:21,508:Computing HSC features for: P19823, ENST00000358415, ../Ntranos_Rotation/ESM-SaProt/AF-P19823-F1-model_v4.pdb.gz
INFO:2025-10-30 14:58:14,518:Successfully computed HSC for P19823.
INFO:2025-10-30 14:58:14,518:Processing P19827 with model AF-P19827-F1-model_v4.pdb
INFO:2025-10-30 14:58:14,723:Computing HSC features for: P19827, ENST00000273283, ../Ntranos_Rotation/ESM-SaProt/AF-P19827-F1-model_v4.pdb.gz
INFO:2025-10-30 15:00:44,233:Successfully computed HSC for P19827.
INFO:2025-10-30 15:00:44,234:Processing P19835 with model AF-P19835-F1-model_v4.pdb
INFO:2025-10-30 15:00:44,360:Computing HSC features for: P19835, ENST00000372080, ../Ntranos_Rotation/ESM-SaProt/AF-P19835-F1-model_v4.pdb.gz
INFO:2025-10-30 15:03:04,122:Successfully computed HSC for P19835.
INFO:2025-10-30 15:03:04,122:Processing P19838 with model AF-P19838-F1-model_v4.pdb
INFO:2025-10-30 15:03:04,304:Computing HSC features for: P19838, ENST00000394820, ../Ntranos_Rotation/ESM-SaProt/AF-P19838-F1-model_v4.pdb.gz
INFO:2025-10-30 15:05:07,023:Successfully computed HSC for P19838.
INFO:2025-10-30 15:05:07,023:Processing P19875 with model AF-P19875-F1-model_v4.pdb
INFO:2025-10-30 15:05:07,074:Computing HSC features for: P19875, ENST00000508487, ../Ntranos_Rotation/ESM-SaProt/AF-P19875-F1-model_v4.pdb.gz
INFO:2025-10-30 15:05:28,588:Successfully computed HSC for P19875.
INFO:2025-10-30 15:05:28,588:Processing P19876 with model AF-P19876-F1-model_v4.pdb
INFO:2025-10-30 15:05:28,622:Computing HSC features for: P19876, ENST00000296026, ../Ntranos_Rotation/ESM-SaProt/AF-P19876-F1-model_v4.pdb.gz
INFO:2025-10-30 15:05:47,853:Successfully computed HSC for P19876.
INFO:2025-10-30 15:05:47,854:Processing P19878 with model AF-P19878-F1-model_v4.pdb
ERROR:2025-10-30 15:05:47,990:No transcript record found for P19878 in gnomAD.
INFO:2025-10-30 15:05:47,990:Processing P19883 with model AF-P19883-F1-model_v4.pdb
INFO:2025-10-30 15:05:48,048:Computing HSC features for: P19883, ENST00000256759, ../Ntranos_Rotation/ESM-SaProt/AF-P19883-F1-model_v4.pdb.gz
INFO:2025-10-30 15:06:38,597:Successfully computed HSC for P19883.
INFO:2025-10-30 15:06:38,597:Processing P19957 with model AF-P19957-F1-model_v4.pdb
INFO:2025-10-30 15:06:38,667:Computing HSC features for: P19957, ENST00000243924, ../Ntranos_Rotation/ESM-SaProt/AF-P19957-F1-model_v4.pdb.gz
INFO:2025-10-30 15:06:56,819:Successfully computed HSC for P19957.
INFO:2025-10-30 15:06:56,819:Processing P19961 with model AF-P19961-F1-model_v4.pdb
INFO:2025-10-30 15:06:56,952:Computing HSC features for: P19961, ENST00000361355, ../Ntranos_Rotation/ESM-SaProt/AF-P19961-F1-model_v4.pdb.gz
INFO:2025-10-30 15:07:59,950:Successfully computed HSC for P19961.
INFO:2025-10-30 15:07:59,950:Processing P19971 with model AF-P19971-F1-model_v4.pdb
INFO:2025-10-30 15:08:00,133:Computing HSC features for: P19971, ENST00000252029, ../Ntranos_Rotation/ESM-SaProt/AF-P19971-F1-model_v4.pdb.gz
INFO:2025-10-30 15:09:51,031:Successfully computed HSC for P19971.
INFO:2025-10-30 15:09:51,032:Processing P20020 with model AF-P20020-F1-model_v4.pdb
ERROR:2025-10-30 15:09:51,268:No transcript record found for P20020 in gnomAD.
INFO:2025-10-30 15:09:51,268:Processing P20023 with model AF-P20023-F1-model_v4.pdb
INFO:2025-10-30 15:09:51,418:Computing HSC features for: P20023, ENST00000367058, ../Ntranos_Rotation/ESM-SaProt/AF-P20023-F1-model_v4.pdb.gz
INFO:2025-10-30 15:12:03,687:Successfully computed HSC for P20023.
INFO:2025-10-30 15:12:03,687:Processing P20036 with model AF-P20036-F1-model_v4.pdb
ERROR:2025-10-30 15:12:03,879:No transcript record found for P20036 in gnomAD.
INFO:2025-10-30 15:12:03,879:Processing P20042 with model AF-P20042-F1-model_v4.pdb
INFO:2025-10-30 15:12:03,975:Computing HSC features for: P20042, ENST00000374980, ../Ntranos_Rotation/ESM-SaProt/AF-P20042-F1-model_v4.pdb.gz
INFO:2025-10-30 15:12:44,505:Successfully computed HSC for P20042.
INFO:2025-10-30 15:12:44,505:Pipeline completed.
INFO:2025-10-30 15:12:44,505:no_enst_for_uniprot: 0
INFO:2025-10-30 15:12:44,505:no_valid_cds: 1
INFO:2025-10-30 15:12:44,505:no_variant_data: 8
INFO:2025-10-30 15:12:44,505:bad_structure: 0
INFO:2025-10-30 15:12:44,505:no_enst_mp: 0
