INFO:2025-10-30 14:26:02,940:Starting HSC computation pipeline...
INFO:2025-10-30 14:27:08,273:Processing Q8IZV2 with model AF-Q8IZV2-F1-model_v4.pdb
INFO:2025-10-30 14:27:08,757:Computing HSC features for: Q8IZV2, ENST00000307526, ../Ntranos_Rotation/ESM-SaProt/AF-Q8IZV2-F1-model_v4.pdb.gz
INFO:2025-10-30 14:27:33,801:Successfully computed HSC for Q8IZV2.
INFO:2025-10-30 14:27:33,801:Processing Q8IZV5 with model AF-Q8IZV5-F1-model_v4.pdb
INFO:2025-10-30 14:27:33,953:Computing HSC features for: Q8IZV5, ENST00000240285, ../Ntranos_Rotation/ESM-SaProt/AF-Q8IZV5-F1-model_v4.pdb.gz
INFO:2025-10-30 14:28:16,512:Successfully computed HSC for Q8IZV5.
INFO:2025-10-30 14:28:16,512:Processing Q8IZW8 with model AF-Q8IZW8-F1-model_v4.pdb
INFO:2025-10-30 14:28:16,713:Computing HSC features for: Q8IZW8, ENST00000254051, ../Ntranos_Rotation/ESM-SaProt/AF-Q8IZW8-F1-model_v4.pdb.gz
INFO:2025-10-30 14:29:28,551:Successfully computed HSC for Q8IZW8.
INFO:2025-10-30 14:29:28,551:Processing Q8IZX4 with model AF-Q8IZX4-F1-model_v4.pdb
INFO:2025-10-30 14:29:28,972:Computing HSC features for: Q8IZX4, ENST00000242310, ../Ntranos_Rotation/ESM-SaProt/AF-Q8IZX4-F1-model_v4.pdb.gz
INFO:2025-10-30 14:32:48,069:Successfully computed HSC for Q8IZX4.
INFO:2025-10-30 14:32:48,070:Processing Q8IZY2 with model AF-Q8IZY2-F1-model_v4.pdb
INFO:2025-10-30 14:32:48,545:Computing HSC features for: Q8IZY2, ENST00000263094, ../Ntranos_Rotation/ESM-SaProt/AF-Q8IZY2-F1-model_v4.pdb.gz
INFO:2025-10-30 14:37:57,046:Successfully computed HSC for Q8IZY2.
INFO:2025-10-30 14:37:57,046:Processing Q8IZY5 with model AF-Q8IZY5-F1-model_v4.pdb
INFO:2025-10-30 14:37:57,113:Computing HSC features for: Q8IZY5, ENST00000560104, ../Ntranos_Rotation/ESM-SaProt/AF-Q8IZY5-F1-model_v4.pdb.gz
INFO:2025-10-30 14:38:14,487:Successfully computed HSC for Q8IZY5.
INFO:2025-10-30 14:38:14,487:Processing Q8J025 with model AF-Q8J025-F1-model_v4.pdb
INFO:2025-10-30 14:38:14,616:Computing HSC features for: Q8J025, ENST00000355285, ../Ntranos_Rotation/ESM-SaProt/AF-Q8J025-F1-model_v4.pdb.gz
INFO:2025-10-30 14:39:19,056:Successfully computed HSC for Q8J025.
INFO:2025-10-30 14:39:19,056:Processing Q8MH63 with model AF-Q8MH63-F1-model_v4.pdb
ERROR:2025-10-30 14:39:19,135:No ENST transcript IDs were mapped to Q8MH63
INFO:2025-10-30 14:39:19,135:Processing Q8N0S2 with model AF-Q8N0S2-F1-model_v4.pdb
INFO:2025-10-30 14:39:19,253:Computing HSC features for: Q8N0S2, ENST00000343131, ../Ntranos_Rotation/ESM-SaProt/AF-Q8N0S2-F1-model_v4.pdb.gz
INFO:2025-10-30 14:39:52,295:Successfully computed HSC for Q8N0S2.
INFO:2025-10-30 14:39:52,295:Processing Q8N0S6 with model AF-Q8N0S6-F1-model_v4.pdb
INFO:2025-10-30 14:39:52,432:Computing HSC features for: Q8N0S6, ENST00000345664, ../Ntranos_Rotation/ESM-SaProt/AF-Q8N0S6-F1-model_v4.pdb.gz
INFO:2025-10-30 14:40:25,398:Successfully computed HSC for Q8N0S6.
INFO:2025-10-30 14:40:25,398:Processing Q8N0T1 with model AF-Q8N0T1-F1-model_v4.pdb
ERROR:2025-10-30 14:40:25,484:No transcript record found for Q8N0T1 in gnomAD.
INFO:2025-10-30 14:40:25,485:Processing Q8N0U2 with model AF-Q8N0U2-F1-model_v4.pdb
INFO:2025-10-30 14:40:25,581:Computing HSC features for: Q8N0U2, ENST00000371268, ../Ntranos_Rotation/ESM-SaProt/AF-Q8N0U2-F1-model_v4.pdb.gz
INFO:2025-10-30 14:40:52,699:Successfully computed HSC for Q8N0U2.
INFO:2025-10-30 14:40:52,700:Processing Q8N0U4 with model AF-Q8N0U4-F1-model_v4.pdb
INFO:2025-10-30 14:40:52,811:Computing HSC features for: Q8N0U4, ENST00000413034, ../Ntranos_Rotation/ESM-SaProt/AF-Q8N0U4-F1-model_v4.pdb.gz
INFO:2025-10-30 14:41:38,713:Successfully computed HSC for Q8N0U4.
INFO:2025-10-30 14:41:38,713:Processing Q8N0U6 with model AF-Q8N0U6-F1-model_v4.pdb
ERROR:2025-10-30 14:41:38,747:No ENST transcript IDs were mapped to Q8N0U6
INFO:2025-10-30 14:41:38,747:Processing Q8N0U7 with model AF-Q8N0U7-F1-model_v4.pdb
INFO:2025-10-30 14:41:38,873:Computing HSC features for: Q8N0U7, ENST00000371201, ../Ntranos_Rotation/ESM-SaProt/AF-Q8N0U7-F1-model_v4.pdb.gz
INFO:2025-10-30 14:42:25,651:Successfully computed HSC for Q8N0U7.
INFO:2025-10-30 14:42:25,652:Processing Q8N0U8 with model AF-Q8N0U8-F1-model_v4.pdb
INFO:2025-10-30 14:42:25,701:Computing HSC features for: Q8N0U8, ENST00000360768, ../Ntranos_Rotation/ESM-SaProt/AF-Q8N0U8-F1-model_v4.pdb.gz
INFO:2025-10-30 14:42:49,950:Successfully computed HSC for Q8N0U8.
INFO:2025-10-30 14:42:49,950:Processing Q8N0V1 with model AF-Q8N0V1-F1-model_v4.pdb
ERROR:2025-10-30 14:42:50,004:No ENST transcript IDs were mapped to Q8N0V1
INFO:2025-10-30 14:42:50,004:Processing Q8N0V3 with model AF-Q8N0V3-F1-model_v4.pdb
INFO:2025-10-30 14:42:50,110:Computing HSC features for: Q8N0V3, ENST00000306735, ../Ntranos_Rotation/ESM-SaProt/AF-Q8N0V3-F1-model_v4.pdb.gz
INFO:2025-10-30 14:43:30,906:Successfully computed HSC for Q8N0V3.
INFO:2025-10-30 14:43:30,906:Processing Q8N0V4 with model AF-Q8N0V4-F1-model_v4.pdb
INFO:2025-10-30 14:43:31,017:Computing HSC features for: Q8N0V4, ENST00000382114, ../Ntranos_Rotation/ESM-SaProt/AF-Q8N0V4-F1-model_v4.pdb.gz
INFO:2025-10-30 14:44:35,858:Successfully computed HSC for Q8N0V4.
INFO:2025-10-30 14:44:35,858:Processing Q8N0V5 with model AF-Q8N0V5-F1-model_v4.pdb
INFO:2025-10-30 14:44:35,975:Computing HSC features for: Q8N0V5, ENST00000379597, ../Ntranos_Rotation/ESM-SaProt/AF-Q8N0V5-F1-model_v4.pdb.gz
INFO:2025-10-30 14:45:15,053:Successfully computed HSC for Q8N0V5.
INFO:2025-10-30 14:45:15,054:Processing Q8N0W3 with model AF-Q8N0W3-F1-model_v4.pdb
INFO:2025-10-30 14:45:15,199:Computing HSC features for: Q8N0W3, ENST00000288078, ../Ntranos_Rotation/ESM-SaProt/AF-Q8N0W3-F1-model_v4.pdb.gz
INFO:2025-10-30 14:47:38,349:Successfully computed HSC for Q8N0W3.
INFO:2025-10-30 14:47:38,349:Processing Q8N0W4 with model AF-Q8N0W4-F1-model_v4.pdb
INFO:2025-10-30 14:47:38,497:Computing HSC features for: Q8N0W4, ENST00000381093, ../Ntranos_Rotation/ESM-SaProt/AF-Q8N0W4-F1-model_v4.pdb.gz
INFO:2025-10-30 14:49:15,537:Successfully computed HSC for Q8N0W4.
INFO:2025-10-30 14:49:15,537:Processing Q8N0W5 with model AF-Q8N0W5-F1-model_v4.pdb
ERROR:2025-10-30 14:49:15,626:No transcript record found for Q8N0W5 in gnomAD.
INFO:2025-10-30 14:49:15,626:Processing Q8N0W7 with model AF-Q8N0W7-F1-model_v4.pdb
INFO:2025-10-30 14:49:15,734:Computing HSC features for: Q8N0W7, ENST00000370467, ../Ntranos_Rotation/ESM-SaProt/AF-Q8N0W7-F1-model_v4.pdb.gz
INFO:2025-10-30 14:49:47,969:Successfully computed HSC for Q8N0W7.
INFO:2025-10-30 14:49:47,969:Processing Q8N0X2 with model AF-Q8N0X2-F1-model_v4.pdb
INFO:2025-10-30 14:49:48,119:Computing HSC features for: Q8N0X2, ENST00000331683, ../Ntranos_Rotation/ESM-SaProt/AF-Q8N0X2-F1-model_v4.pdb.gz
INFO:2025-10-30 14:51:03,887:Successfully computed HSC for Q8N0X2.
INFO:2025-10-30 14:51:03,888:Processing Q8N0X4 with model AF-Q8N0X4-F1-model_v4.pdb
ERROR:2025-10-30 14:51:03,987:No transcript record found for Q8N0X4 in gnomAD.
INFO:2025-10-30 14:51:03,987:Processing Q8N0X7 with model AF-Q8N0X7-F1-model_v4.pdb
INFO:2025-10-30 14:51:04,175:Computing HSC features for: Q8N0X7, ENST00000355182, ../Ntranos_Rotation/ESM-SaProt/AF-Q8N0X7-F1-model_v4.pdb.gz
INFO:2025-10-30 14:52:40,485:Successfully computed HSC for Q8N0X7.
INFO:2025-10-30 14:52:40,485:Processing Q8N0Y2 with model AF-Q8N0Y2-F1-model_v4.pdb
INFO:2025-10-30 14:52:40,568:Computing HSC features for: Q8N0Y2, ENST00000337080, ../Ntranos_Rotation/ESM-SaProt/AF-Q8N0Y2-F1-model_v4.pdb.gz
INFO:2025-10-30 14:53:40,369:Successfully computed HSC for Q8N0Y2.
INFO:2025-10-30 14:53:40,369:Processing Q8N0Y3 with model AF-Q8N0Y3-F1-model_v4.pdb
INFO:2025-10-30 14:53:40,506:Computing HSC features for: Q8N0Y3, ENST00000328795, ../Ntranos_Rotation/ESM-SaProt/AF-Q8N0Y3-F1-model_v4.pdb.gz
ERROR:2025-10-30 14:53:40,661:Missing ENST record in counts: ENST00000328795
INFO:2025-10-30 14:53:40,661:Processing Q8N0Y5 with model AF-Q8N0Y5-F1-model_v4.pdb
INFO:2025-10-30 14:53:40,747:Computing HSC features for: Q8N0Y5, ENST00000302124, ../Ntranos_Rotation/ESM-SaProt/AF-Q8N0Y5-F1-model_v4.pdb.gz
INFO:2025-10-30 14:54:08,863:Successfully computed HSC for Q8N0Y5.
INFO:2025-10-30 14:54:08,863:Processing Q8N0Y7 with model AF-Q8N0Y7-F1-model_v4.pdb
INFO:2025-10-30 14:54:08,946:Computing HSC features for: Q8N0Y7, ENST00000458128, ../Ntranos_Rotation/ESM-SaProt/AF-Q8N0Y7-F1-model_v4.pdb.gz
INFO:2025-10-30 14:54:40,546:Successfully computed HSC for Q8N0Y7.
INFO:2025-10-30 14:54:40,546:Processing Q8N0Z2 with model AF-Q8N0Z2-F1-model_v4.pdb
INFO:2025-10-30 14:54:40,630:Computing HSC features for: Q8N0Z2, ENST00000311955, ../Ntranos_Rotation/ESM-SaProt/AF-Q8N0Z2-F1-model_v4.pdb.gz
INFO:2025-10-30 14:55:41,450:Successfully computed HSC for Q8N0Z2.
INFO:2025-10-30 14:55:41,450:Processing Q8N0Z3 with model AF-Q8N0Z3-F1-model_v4.pdb
INFO:2025-10-30 14:55:41,640:Computing HSC features for: Q8N0Z3, ENST00000295872, ../Ntranos_Rotation/ESM-SaProt/AF-Q8N0Z3-F1-model_v4.pdb.gz
INFO:2025-10-30 14:58:07,886:Successfully computed HSC for Q8N0Z3.
INFO:2025-10-30 14:58:07,887:Processing Q8N0Z6 with model AF-Q8N0Z6-F1-model_v4.pdb
ERROR:2025-10-30 14:58:08,006:No transcript record found for Q8N0Z6 in gnomAD.
INFO:2025-10-30 14:58:08,006:Processing Q8N0Z8 with model AF-Q8N0Z8-F1-model_v4.pdb
INFO:2025-10-30 14:58:08,101:Computing HSC features for: Q8N0Z8, ENST00000379031, ../Ntranos_Rotation/ESM-SaProt/AF-Q8N0Z8-F1-model_v4.pdb.gz
INFO:2025-10-30 14:59:08,307:Successfully computed HSC for Q8N0Z8.
INFO:2025-10-30 14:59:08,307:Processing Q8N0Z9 with model AF-Q8N0Z9-F1-model_v4.pdb
INFO:2025-10-30 14:59:08,428:Computing HSC features for: Q8N0Z9, ENST00000359236, ../Ntranos_Rotation/ESM-SaProt/AF-Q8N0Z9-F1-model_v4.pdb.gz
INFO:2025-10-30 15:00:04,425:Successfully computed HSC for Q8N0Z9.
INFO:2025-10-30 15:00:04,425:Processing Q8N100 with model AF-Q8N100-F1-model_v4.pdb
INFO:2025-10-30 15:00:04,490:Computing HSC features for: Q8N100, ENST00000373673, ../Ntranos_Rotation/ESM-SaProt/AF-Q8N100-F1-model_v4.pdb.gz
INFO:2025-10-30 15:00:34,361:Successfully computed HSC for Q8N100.
INFO:2025-10-30 15:00:34,361:Processing Q8N103 with model AF-Q8N103-F1-model_v4.pdb
INFO:2025-10-30 15:00:34,679:Computing HSC features for: Q8N103, ENST00000367066, ../Ntranos_Rotation/ESM-SaProt/AF-Q8N103-F1-model_v4.pdb.gz
INFO:2025-10-30 15:02:15,136:Successfully computed HSC for Q8N103.
INFO:2025-10-30 15:02:15,136:Processing Q8N104 with model AF-Q8N104-F1-model_v4.pdb
INFO:2025-10-30 15:02:15,172:Computing HSC features for: Q8N104, ENST00000335479, ../Ntranos_Rotation/ESM-SaProt/AF-Q8N104-F1-model_v4.pdb.gz
ERROR:2025-10-30 15:02:15,204:Missing ENST record in counts: ENST00000335479
INFO:2025-10-30 15:02:15,205:Processing Q8N108 with model AF-Q8N108-F1-model_v4.pdb
INFO:2025-10-30 15:02:15,344:Computing HSC features for: Q8N108, ENST00000355356, ../Ntranos_Rotation/ESM-SaProt/AF-Q8N108-F1-model_v4.pdb.gz
INFO:2025-10-30 15:03:05,117:Successfully computed HSC for Q8N108.
INFO:2025-10-30 15:03:05,117:Processing Q8N109 with model AF-Q8N109-F1-model_v4.pdb
ERROR:2025-10-30 15:03:05,220:No transcript record found for Q8N109 in gnomAD.
INFO:2025-10-30 15:03:05,220:Processing Q8N111 with model AF-Q8N111-F1-model_v4.pdb
INFO:2025-10-30 15:03:05,269:Computing HSC features for: Q8N111, ENST00000330106, ../Ntranos_Rotation/ESM-SaProt/AF-Q8N111-F1-model_v4.pdb.gz
INFO:2025-10-30 15:03:34,535:Successfully computed HSC for Q8N111.
INFO:2025-10-30 15:03:34,535:Processing Q8N112 with model AF-Q8N112-F1-model_v4.pdb
INFO:2025-10-30 15:03:34,594:Computing HSC features for: Q8N112, ENST00000316436, ../Ntranos_Rotation/ESM-SaProt/AF-Q8N112-F1-model_v4.pdb.gz
INFO:2025-10-30 15:04:16,920:Successfully computed HSC for Q8N112.
INFO:2025-10-30 15:04:16,920:Processing Q8N114 with model AF-Q8N114-F1-model_v4.pdb
INFO:2025-10-30 15:04:16,974:Computing HSC features for: Q8N114, ENST00000296444, ../Ntranos_Rotation/ESM-SaProt/AF-Q8N114-F1-model_v4.pdb.gz
INFO:2025-10-30 15:05:03,360:Successfully computed HSC for Q8N114.
INFO:2025-10-30 15:05:03,360:Processing Q8N118 with model AF-Q8N118-F1-model_v4.pdb
INFO:2025-10-30 15:05:03,514:Computing HSC features for: Q8N118, ENST00000371901, ../Ntranos_Rotation/ESM-SaProt/AF-Q8N118-F1-model_v4.pdb.gz
INFO:2025-10-30 15:06:35,895:Successfully computed HSC for Q8N118.
INFO:2025-10-30 15:06:35,895:Processing Q8N119 with model AF-Q8N119-F1-model_v4.pdb
INFO:2025-10-30 15:06:36,038:Computing HSC features for: Q8N119, ENST00000368808, ../Ntranos_Rotation/ESM-SaProt/AF-Q8N119-F1-model_v4.pdb.gz
INFO:2025-10-30 15:08:57,241:Successfully computed HSC for Q8N119.
INFO:2025-10-30 15:08:57,241:Processing Q8N122 with model AF-Q8N122-F1-model_v4.pdb
INFO:2025-10-30 15:08:57,529:Computing HSC features for: Q8N122, ENST00000306801, ../Ntranos_Rotation/ESM-SaProt/AF-Q8N122-F1-model_v4.pdb.gz
INFO:2025-10-30 15:12:43,632:Successfully computed HSC for Q8N122.
INFO:2025-10-30 15:12:43,632:Processing Q8N123 with model AF-Q8N123-F1-model_v4.pdb
INFO:2025-10-30 15:12:43,713:Computing HSC features for: Q8N123, ENST00000276127, ../Ntranos_Rotation/ESM-SaProt/AF-Q8N123-F1-model_v4.pdb.gz
INFO:2025-10-30 15:13:17,512:Successfully computed HSC for Q8N123.
INFO:2025-10-30 15:13:17,512:Processing Q8N126 with model AF-Q8N126-F1-model_v4.pdb
INFO:2025-10-30 15:13:17,615:Computing HSC features for: Q8N126, ENST00000368125, ../Ntranos_Rotation/ESM-SaProt/AF-Q8N126-F1-model_v4.pdb.gz
INFO:2025-10-30 15:14:04,863:Successfully computed HSC for Q8N126.
INFO:2025-10-30 15:14:04,863:Processing Q8N127 with model AF-Q8N127-F1-model_v4.pdb
ERROR:2025-10-30 15:14:04,949:No transcript record found for Q8N127 in gnomAD.
INFO:2025-10-30 15:14:04,949:Pipeline completed.
INFO:2025-10-30 15:14:04,949:no_enst_for_uniprot: 3
INFO:2025-10-30 15:14:04,949:no_valid_cds: 0
INFO:2025-10-30 15:14:04,949:no_variant_data: 6
INFO:2025-10-30 15:14:04,949:bad_structure: 0
INFO:2025-10-30 15:14:04,949:no_enst_mp: 2
