INFO:2025-10-30 14:27:03,542:Starting HSC computation pipeline...
INFO:2025-10-30 14:28:21,266:Processing Q92837 with model AF-Q92837-F1-model_v4.pdb
INFO:2025-10-30 14:28:21,387:Computing HSC features for: Q92837, ENST00000371021, ../Ntranos_Rotation/ESM-SaProt/AF-Q92837-F1-model_v4.pdb.gz
INFO:2025-10-30 14:29:37,433:Successfully computed HSC for Q92837.
INFO:2025-10-30 14:29:37,433:Processing Q92838 with model AF-Q92838-F1-model_v4.pdb
INFO:2025-10-30 14:29:37,510:Computing HSC features for: Q92838, ENST00000374552, ../Ntranos_Rotation/ESM-SaProt/AF-Q92838-F1-model_v4.pdb.gz
INFO:2025-10-30 14:30:21,215:Successfully computed HSC for Q92838.
INFO:2025-10-30 14:30:21,215:Processing Q92839 with model AF-Q92839-F1-model_v4.pdb
INFO:2025-10-30 14:30:21,303:Computing HSC features for: Q92839, ENST00000222115, ../Ntranos_Rotation/ESM-SaProt/AF-Q92839-F1-model_v4.pdb.gz
INFO:2025-10-30 14:31:51,526:Successfully computed HSC for Q92839.
INFO:2025-10-30 14:31:51,527:Processing Q96EM0 with model AF-Q96EM0-F1-model_v4.pdb
INFO:2025-10-30 14:31:51,618:Computing HSC features for: Q96EM0, ENST00000247194, ../Ntranos_Rotation/ESM-SaProt/AF-Q96EM0-F1-model_v4.pdb.gz
INFO:2025-10-30 14:32:36,308:Successfully computed HSC for Q96EM0.
INFO:2025-10-30 14:32:36,309:Processing Q96EN8 with model AF-Q96EN8-F1-model_v4.pdb
INFO:2025-10-30 14:32:36,560:Computing HSC features for: Q96EN8, ENST00000261326, ../Ntranos_Rotation/ESM-SaProt/AF-Q96EN8-F1-model_v4.pdb.gz
INFO:2025-10-30 14:34:11,825:Successfully computed HSC for Q96EN8.
INFO:2025-10-30 14:34:11,826:Processing Q96EN9 with model AF-Q96EN9-F1-model_v4.pdb
INFO:2025-10-30 14:34:11,878:Computing HSC features for: Q96EN9, ENST00000358607, ../Ntranos_Rotation/ESM-SaProt/AF-Q96EN9-F1-model_v4.pdb.gz
INFO:2025-10-30 14:34:45,273:Successfully computed HSC for Q96EN9.
INFO:2025-10-30 14:34:45,273:Processing Q96EP0 with model AF-Q96EP0-F1-model_v4.pdb
INFO:2025-10-30 14:34:45,439:Computing HSC features for: Q96EP0, ENST00000324103, ../Ntranos_Rotation/ESM-SaProt/AF-Q96EP0-F1-model_v4.pdb.gz
INFO:2025-10-30 14:36:33,533:Successfully computed HSC for Q96EP0.
INFO:2025-10-30 14:36:33,534:Processing Q96EP1 with model AF-Q96EP1-F1-model_v4.pdb
INFO:2025-10-30 14:36:33,620:Computing HSC features for: Q96EP1, ENST00000432561, ../Ntranos_Rotation/ESM-SaProt/AF-Q96EP1-F1-model_v4.pdb.gz
INFO:2025-10-30 14:37:52,250:Successfully computed HSC for Q96EP1.
INFO:2025-10-30 14:37:52,250:Processing Q96EP5 with model AF-Q96EP5-F1-model_v4.pdb
INFO:2025-10-30 14:37:52,336:Computing HSC features for: Q96EP5, ENST00000233078, ../Ntranos_Rotation/ESM-SaProt/AF-Q96EP5-F1-model_v4.pdb.gz
INFO:2025-10-30 14:38:41,408:Successfully computed HSC for Q96EP5.
INFO:2025-10-30 14:38:41,408:Processing Q96EP9 with model AF-Q96EP9-F1-model_v4.pdb
INFO:2025-10-30 14:38:41,469:Computing HSC features for: Q96EP9, ENST00000273861, ../Ntranos_Rotation/ESM-SaProt/AF-Q96EP9-F1-model_v4.pdb.gz
INFO:2025-10-30 14:39:36,413:Successfully computed HSC for Q96EP9.
INFO:2025-10-30 14:39:36,413:Processing Q96EQ0 with model AF-Q96EQ0-F1-model_v4.pdb
INFO:2025-10-30 14:39:36,466:Computing HSC features for: Q96EQ0, ENST00000381007, ../Ntranos_Rotation/ESM-SaProt/AF-Q96EQ0-F1-model_v4.pdb.gz
INFO:2025-10-30 14:39:58,947:Successfully computed HSC for Q96EQ0.
INFO:2025-10-30 14:39:58,947:Processing Q96EQ8 with model AF-Q96EQ8-F1-model_v4.pdb
INFO:2025-10-30 14:39:58,995:Computing HSC features for: Q96EQ8, ENST00000217740, ../Ntranos_Rotation/ESM-SaProt/AF-Q96EQ8-F1-model_v4.pdb.gz
INFO:2025-10-30 14:40:25,945:Successfully computed HSC for Q96EQ8.
INFO:2025-10-30 14:40:25,945:Processing Q96ER3 with model AF-Q96ER3-F1-model_v4.pdb
INFO:2025-10-30 14:40:26,032:Computing HSC features for: Q96ER3, ENST00000524803, ../Ntranos_Rotation/ESM-SaProt/AF-Q96ER3-F1-model_v4.pdb.gz
INFO:2025-10-30 14:41:03,910:Successfully computed HSC for Q96ER3.
INFO:2025-10-30 14:41:03,910:Processing Q96ER9 with model AF-Q96ER9-F1-model_v4.pdb
INFO:2025-10-30 14:41:03,978:Computing HSC features for: Q96ER9, ENST00000395694, ../Ntranos_Rotation/ESM-SaProt/AF-Q96ER9-F1-model_v4.pdb.gz
INFO:2025-10-30 14:41:40,739:Successfully computed HSC for Q96ER9.
INFO:2025-10-30 14:41:40,739:Processing Q96ES6 with model AF-Q96ES6-F1-model_v4.pdb
INFO:2025-10-30 14:41:40,803:Computing HSC features for: Q96ES6, ENST00000301327, ../Ntranos_Rotation/ESM-SaProt/AF-Q96ES6-F1-model_v4.pdb.gz
INFO:2025-10-30 14:42:31,244:Successfully computed HSC for Q96ES6.
INFO:2025-10-30 14:42:31,244:Processing Q96ES7 with model AF-Q96ES7-F1-model_v4.pdb
INFO:2025-10-30 14:42:31,331:Computing HSC features for: Q96ES7, ENST00000317058, ../Ntranos_Rotation/ESM-SaProt/AF-Q96ES7-F1-model_v4.pdb.gz
INFO:2025-10-30 14:43:32,852:Successfully computed HSC for Q96ES7.
INFO:2025-10-30 14:43:32,852:Processing Q96ET8 with model AF-Q96ET8-F1-model_v4.pdb
INFO:2025-10-30 14:43:32,935:Computing HSC features for: Q96ET8, ENST00000225576, ../Ntranos_Rotation/ESM-SaProt/AF-Q96ET8-F1-model_v4.pdb.gz
INFO:2025-10-30 14:44:08,051:Successfully computed HSC for Q96ET8.
INFO:2025-10-30 14:44:08,052:Processing Q96EU6 with model AF-Q96EU6-F1-model_v4.pdb
INFO:2025-10-30 14:44:08,096:Computing HSC features for: Q96EU6, ENST00000244496, ../Ntranos_Rotation/ESM-SaProt/AF-Q96EU6-F1-model_v4.pdb.gz
INFO:2025-10-30 14:44:36,093:Successfully computed HSC for Q96EU6.
INFO:2025-10-30 14:44:36,093:Processing Q96EU7 with model AF-Q96EU7-F1-model_v4.pdb
INFO:2025-10-30 14:44:36,152:Computing HSC features for: Q96EU7, ENST00000304661, ../Ntranos_Rotation/ESM-SaProt/AF-Q96EU7-F1-model_v4.pdb.gz
INFO:2025-10-30 14:44:58,639:Successfully computed HSC for Q96EU7.
INFO:2025-10-30 14:44:58,640:Processing Q96EV2 with model AF-Q96EV2-F1-model_v4.pdb
INFO:2025-10-30 14:44:58,785:Computing HSC features for: Q96EV2, ENST00000401878, ../Ntranos_Rotation/ESM-SaProt/AF-Q96EV2-F1-model_v4.pdb.gz
INFO:2025-10-30 14:47:10,234:Successfully computed HSC for Q96EV2.
INFO:2025-10-30 14:47:10,234:Processing Q96EV8 with model AF-Q96EV8-F1-model_v4.pdb
INFO:2025-10-30 14:47:10,350:Computing HSC features for: Q96EV8, ENST00000344537, ../Ntranos_Rotation/ESM-SaProt/AF-Q96EV8-F1-model_v4.pdb.gz
INFO:2025-10-30 14:47:42,781:Successfully computed HSC for Q96EV8.
INFO:2025-10-30 14:47:42,781:Processing Q96EW2 with model AF-Q96EW2-F1-model_v4.pdb
INFO:2025-10-30 14:47:42,846:Computing HSC features for: Q96EW2, ENST00000306103, ../Ntranos_Rotation/ESM-SaProt/AF-Q96EW2-F1-model_v4.pdb.gz
INFO:2025-10-30 14:48:20,624:Successfully computed HSC for Q96EW2.
INFO:2025-10-30 14:48:20,625:Processing Q96EX1 with model AF-Q96EX1-F1-model_v4.pdb
INFO:2025-10-30 14:48:20,989:Computing HSC features for: Q96EX1, ENST00000417239, ../Ntranos_Rotation/ESM-SaProt/AF-Q96EX1-F1-model_v4.pdb.gz
INFO:2025-10-30 14:48:36,210:Successfully computed HSC for Q96EX1.
INFO:2025-10-30 14:48:36,210:Processing Q96EX2 with model AF-Q96EX2-F1-model_v4.pdb
INFO:2025-10-30 14:48:36,310:Computing HSC features for: Q96EX2, ENST00000257575, ../Ntranos_Rotation/ESM-SaProt/AF-Q96EX2-F1-model_v4.pdb.gz
INFO:2025-10-30 14:49:54,636:Successfully computed HSC for Q96EX2.
INFO:2025-10-30 14:49:54,637:Processing Q96EX3 with model AF-Q96EX3-F1-model_v4.pdb
INFO:2025-10-30 14:49:54,760:Computing HSC features for: Q96EX3, ENST00000372715, ../Ntranos_Rotation/ESM-SaProt/AF-Q96EX3-F1-model_v4.pdb.gz
INFO:2025-10-30 14:51:35,588:Successfully computed HSC for Q96EX3.
INFO:2025-10-30 14:51:35,588:Processing Q96EY1 with model AF-Q96EY1-F1-model_v4.pdb
INFO:2025-10-30 14:51:35,852:Computing HSC features for: Q96EY1, ENST00000262375, ../Ntranos_Rotation/ESM-SaProt/AF-Q96EY1-F1-model_v4.pdb.gz
INFO:2025-10-30 14:52:35,920:Successfully computed HSC for Q96EY1.
INFO:2025-10-30 14:52:35,920:Processing Q96EY4 with model AF-Q96EY4-F1-model_v4.pdb
INFO:2025-10-30 14:52:35,982:Computing HSC features for: Q96EY4, ENST00000358572, ../Ntranos_Rotation/ESM-SaProt/AF-Q96EY4-F1-model_v4.pdb.gz
INFO:2025-10-30 14:52:52,238:Successfully computed HSC for Q96EY4.
INFO:2025-10-30 14:52:52,239:Processing Q96EY5 with model AF-Q96EY5-F1-model_v4.pdb
INFO:2025-10-30 14:52:52,285:Computing HSC features for: Q96EY5, ENST00000317040, ../Ntranos_Rotation/ESM-SaProt/AF-Q96EY5-F1-model_v4.pdb.gz
INFO:2025-10-30 14:53:25,415:Successfully computed HSC for Q96EY5.
INFO:2025-10-30 14:53:25,415:Processing Q96EY7 with model AF-Q96EY7-F1-model_v4.pdb
INFO:2025-10-30 14:53:25,504:Computing HSC features for: Q96EY7, ENST00000254630, ../Ntranos_Rotation/ESM-SaProt/AF-Q96EY7-F1-model_v4.pdb.gz
INFO:2025-10-30 14:54:21,436:Successfully computed HSC for Q96EY7.
INFO:2025-10-30 14:54:21,436:Processing Q96EY8 with model AF-Q96EY8-F1-model_v4.pdb
INFO:2025-10-30 14:54:21,489:Computing HSC features for: Q96EY8, ENST00000545712, ../Ntranos_Rotation/ESM-SaProt/AF-Q96EY8-F1-model_v4.pdb.gz
INFO:2025-10-30 14:54:58,099:Successfully computed HSC for Q96EY8.
INFO:2025-10-30 14:54:58,099:Processing Q96EY9 with model AF-Q96EY9-F1-model_v4.pdb
ERROR:2025-10-30 14:54:58,193:No ENST transcript IDs were mapped to Q96EY9
INFO:2025-10-30 14:54:58,194:Processing Q96EZ4 with model AF-Q96EZ4-F1-model_v4.pdb
INFO:2025-10-30 14:54:58,324:Computing HSC features for: Q96EZ4, ENST00000308946, ../Ntranos_Rotation/ESM-SaProt/AF-Q96EZ4-F1-model_v4.pdb.gz
INFO:2025-10-30 14:55:48,000:Successfully computed HSC for Q96EZ4.
INFO:2025-10-30 14:55:48,000:Processing Q96EZ8 with model AF-Q96EZ8-F1-model_v4.pdb
INFO:2025-10-30 14:55:48,103:Computing HSC features for: Q96EZ8, ENST00000343810, ../Ntranos_Rotation/ESM-SaProt/AF-Q96EZ8-F1-model_v4.pdb.gz
INFO:2025-10-30 14:56:50,010:Successfully computed HSC for Q96EZ8.
INFO:2025-10-30 14:56:50,010:Processing Q96F05 with model AF-Q96F05-F1-model_v4.pdb
INFO:2025-10-30 14:56:50,108:Computing HSC features for: Q96F05, ENST00000304271, ../Ntranos_Rotation/ESM-SaProt/AF-Q96F05-F1-model_v4.pdb.gz
INFO:2025-10-30 14:57:33,325:Successfully computed HSC for Q96F05.
INFO:2025-10-30 14:57:33,325:Processing Q96F07 with model AF-Q96F07-F1-model_v4.pdb
ERROR:2025-10-30 14:57:33,484:No transcript record found for Q96F07 in gnomAD.
INFO:2025-10-30 14:57:33,485:Processing Q96F10 with model AF-Q96F10-F1-model_v4.pdb
INFO:2025-10-30 14:57:33,518:Computing HSC features for: Q96F10, ENST00000269298, ../Ntranos_Rotation/ESM-SaProt/AF-Q96F10-F1-model_v4.pdb.gz
INFO:2025-10-30 14:57:55,818:Successfully computed HSC for Q96F10.
INFO:2025-10-30 14:57:55,818:Processing Q96F15 with model AF-Q96F15-F1-model_v4.pdb
INFO:2025-10-30 14:57:55,895:Computing HSC features for: Q96F15, ENST00000358647, ../Ntranos_Rotation/ESM-SaProt/AF-Q96F15-F1-model_v4.pdb.gz
INFO:2025-10-30 14:58:34,992:Successfully computed HSC for Q96F15.
INFO:2025-10-30 14:58:34,992:Processing Q96F24 with model AF-Q96F24-F1-model_v4.pdb
INFO:2025-10-30 14:58:35,049:Computing HSC features for: Q96F24, ENST00000277746, ../Ntranos_Rotation/ESM-SaProt/AF-Q96F24-F1-model_v4.pdb.gz
INFO:2025-10-30 14:58:55,363:Successfully computed HSC for Q96F24.
INFO:2025-10-30 14:58:55,363:Processing Q96F25 with model AF-Q96F25-F1-model_v4.pdb
INFO:2025-10-30 14:58:55,419:Computing HSC features for: Q96F25, ENST00000370205, ../Ntranos_Rotation/ESM-SaProt/AF-Q96F25-F1-model_v4.pdb.gz
INFO:2025-10-30 14:59:16,701:Successfully computed HSC for Q96F25.
INFO:2025-10-30 14:59:16,701:Processing Q96F44 with model AF-Q96F44-F1-model_v4.pdb
INFO:2025-10-30 14:59:16,792:Computing HSC features for: Q96F44, ENST00000284551, ../Ntranos_Rotation/ESM-SaProt/AF-Q96F44-F1-model_v4.pdb.gz
INFO:2025-10-30 15:00:23,384:Successfully computed HSC for Q96F44.
INFO:2025-10-30 15:00:23,385:Processing Q96F45 with model AF-Q96F45-F1-model_v4.pdb
INFO:2025-10-30 15:00:23,503:Computing HSC features for: Q96F45, ENST00000372524, ../Ntranos_Rotation/ESM-SaProt/AF-Q96F45-F1-model_v4.pdb.gz
INFO:2025-10-30 15:02:28,764:Successfully computed HSC for Q96F45.
INFO:2025-10-30 15:02:28,764:Processing Q96F46 with model AF-Q96F46-F1-model_v4.pdb
INFO:2025-10-30 15:02:28,866:Computing HSC features for: Q96F46, ENST00000319363, ../Ntranos_Rotation/ESM-SaProt/AF-Q96F46-F1-model_v4.pdb.gz
INFO:2025-10-30 15:04:32,680:Successfully computed HSC for Q96F46.
INFO:2025-10-30 15:04:32,680:Processing Q96F63 with model AF-Q96F63-F1-model_v4.pdb
INFO:2025-10-30 15:04:33,022:Computing HSC features for: Q96F63, ENST00000269967, ../Ntranos_Rotation/ESM-SaProt/AF-Q96F63-F1-model_v4.pdb.gz
INFO:2025-10-30 15:05:12,573:Successfully computed HSC for Q96F63.
INFO:2025-10-30 15:05:12,574:Processing Q96F81 with model AF-Q96F81-F1-model_v4.pdb
INFO:2025-10-30 15:05:12,880:Computing HSC features for: Q96F81, ENST00000284476, ../Ntranos_Rotation/ESM-SaProt/AF-Q96F81-F1-model_v4.pdb.gz
INFO:2025-10-30 15:07:59,078:Successfully computed HSC for Q96F81.
INFO:2025-10-30 15:07:59,078:Processing Q96F83 with model AF-Q96F83-F1-model_v4.pdb
INFO:2025-10-30 15:07:59,143:Computing HSC features for: Q96F83, ENST00000547315, ../Ntranos_Rotation/ESM-SaProt/AF-Q96F83-F1-model_v4.pdb.gz
INFO:2025-10-30 15:08:29,425:Successfully computed HSC for Q96F83.
INFO:2025-10-30 15:08:29,426:Processing Q96F85 with model AF-Q96F85-F1-model_v4.pdb
INFO:2025-10-30 15:08:29,514:Computing HSC features for: Q96F85, ENST00000263655, ../Ntranos_Rotation/ESM-SaProt/AF-Q96F85-F1-model_v4.pdb.gz
INFO:2025-10-30 15:08:47,924:Successfully computed HSC for Q96F85.
INFO:2025-10-30 15:08:47,924:Processing Q96F86 with model AF-Q96F86-F1-model_v4.pdb
INFO:2025-10-30 15:08:47,995:Computing HSC features for: Q96F86, ENST00000315127, ../Ntranos_Rotation/ESM-SaProt/AF-Q96F86-F1-model_v4.pdb.gz
INFO:2025-10-30 15:09:32,131:Successfully computed HSC for Q96F86.
INFO:2025-10-30 15:09:32,131:Processing Q96FA3 with model AF-Q96FA3-F1-model_v4.pdb
INFO:2025-10-30 15:09:32,191:Computing HSC features for: Q96FA3, ENST00000358912, ../Ntranos_Rotation/ESM-SaProt/AF-Q96FA3-F1-model_v4.pdb.gz
INFO:2025-10-30 15:10:05,893:Successfully computed HSC for Q96FA3.
INFO:2025-10-30 15:10:05,893:Processing Q96FA7 with model AF-Q96FA7-F1-model_v4.pdb
ERROR:2025-10-30 15:10:05,943:No ENST transcript IDs were mapped to Q96FA7
INFO:2025-10-30 15:10:05,943:Processing Q96FB5 with model AF-Q96FB5-F1-model_v4.pdb
INFO:2025-10-30 15:10:06,030:Computing HSC features for: Q96FB5, ENST00000368216, ../Ntranos_Rotation/ESM-SaProt/AF-Q96FB5-F1-model_v4.pdb.gz
INFO:2025-10-30 15:10:52,224:Successfully computed HSC for Q96FB5.
INFO:2025-10-30 15:10:52,224:Pipeline completed.
INFO:2025-10-30 15:10:52,224:no_enst_for_uniprot: 2
INFO:2025-10-30 15:10:52,225:no_valid_cds: 0
INFO:2025-10-30 15:10:52,225:no_variant_data: 1
INFO:2025-10-30 15:10:52,225:bad_structure: 0
INFO:2025-10-30 15:10:52,225:no_enst_mp: 0
