INFO:2025-10-30 14:59:04,098:Starting HSC computation pipeline...
INFO:2025-10-30 15:00:19,053:Processing Q9Y215 with model AF-Q9Y215-F1-model_v4.pdb
INFO:2025-10-30 15:00:19,167:Computing HSC features for: Q9Y215, ENST00000383788, ../Ntranos_Rotation/ESM-SaProt/AF-Q9Y215-F1-model_v4.pdb.gz
INFO:2025-10-30 15:01:34,789:Successfully computed HSC for Q9Y215.
INFO:2025-10-30 15:01:34,789:Processing Q9Y216 with model AF-Q9Y216-F1-model_v4.pdb
INFO:2025-10-30 15:01:34,970:Computing HSC features for: Q9Y216, ENST00000180173, ../Ntranos_Rotation/ESM-SaProt/AF-Q9Y216-F1-model_v4.pdb.gz
INFO:2025-10-30 15:03:13,732:Successfully computed HSC for Q9Y216.
INFO:2025-10-30 15:03:13,732:Processing Q9Y217 with model AF-Q9Y217-F1-model_v4.pdb
INFO:2025-10-30 15:03:13,916:Computing HSC features for: Q9Y217, ENST00000381801, ../Ntranos_Rotation/ESM-SaProt/AF-Q9Y217-F1-model_v4.pdb.gz
INFO:2025-10-30 15:04:08,031:Successfully computed HSC for Q9Y217.
INFO:2025-10-30 15:04:08,032:Processing Q9Y219 with model AF-Q9Y219-F1-model_v4.pdb
INFO:2025-10-30 15:04:08,222:Computing HSC features for: Q9Y219, ENST00000331782, ../Ntranos_Rotation/ESM-SaProt/AF-Q9Y219-F1-model_v4.pdb.gz
INFO:2025-10-30 15:07:42,364:Successfully computed HSC for Q9Y219.
INFO:2025-10-30 15:07:42,364:Processing Q9Y221 with model AF-Q9Y221-F1-model_v4.pdb
INFO:2025-10-30 15:07:42,429:Computing HSC features for: Q9Y221, ENST00000254940, ../Ntranos_Rotation/ESM-SaProt/AF-Q9Y221-F1-model_v4.pdb.gz
INFO:2025-10-30 15:08:13,774:Successfully computed HSC for Q9Y221.
INFO:2025-10-30 15:08:13,774:Processing Q9Y222 with model AF-Q9Y222-F1-model_v4.pdb
INFO:2025-10-30 15:08:13,941:Computing HSC features for: Q9Y222, ENST00000331242, ../Ntranos_Rotation/ESM-SaProt/AF-Q9Y222-F1-model_v4.pdb.gz
INFO:2025-10-30 15:09:36,466:Successfully computed HSC for Q9Y222.
INFO:2025-10-30 15:09:36,466:Processing Q9Y223 with model AF-Q9Y223-F1-model_v4.pdb
ERROR:2025-10-30 15:09:36,580:No transcript record found for Q9Y223 in gnomAD.
INFO:2025-10-30 15:09:36,580:Processing Q9Y224 with model AF-Q9Y224-F1-model_v4.pdb
INFO:2025-10-30 15:09:36,670:Computing HSC features for: Q9Y224, ENST00000261700, ../Ntranos_Rotation/ESM-SaProt/AF-Q9Y224-F1-model_v4.pdb.gz
INFO:2025-10-30 15:10:14,156:Successfully computed HSC for Q9Y224.
INFO:2025-10-30 15:10:14,157:Processing Q9Y225 with model AF-Q9Y225-F1-model_v4.pdb
INFO:2025-10-30 15:10:14,245:Computing HSC features for: Q9Y225, ENST00000336095, ../Ntranos_Rotation/ESM-SaProt/AF-Q9Y225-F1-model_v4.pdb.gz
INFO:2025-10-30 15:10:26,918:Successfully computed HSC for Q9Y225.
INFO:2025-10-30 15:10:26,918:Processing Q9Y226 with model AF-Q9Y226-F1-model_v4.pdb
INFO:2025-10-30 15:10:27,020:Computing HSC features for: Q9Y226, ENST00000311856, ../Ntranos_Rotation/ESM-SaProt/AF-Q9Y226-F1-model_v4.pdb.gz
INFO:2025-10-30 15:12:04,486:Successfully computed HSC for Q9Y226.
INFO:2025-10-30 15:12:04,486:Processing Q9Y227 with model AF-Q9Y227-F1-model_v4.pdb
INFO:2025-10-30 15:12:04,632:Computing HSC features for: Q9Y227, ENST00000358689, ../Ntranos_Rotation/ESM-SaProt/AF-Q9Y227-F1-model_v4.pdb.gz
INFO:2025-10-30 15:13:11,144:Successfully computed HSC for Q9Y227.
INFO:2025-10-30 15:13:11,144:Processing Q9Y228 with model AF-Q9Y228-F1-model_v4.pdb
INFO:2025-10-30 15:13:11,262:Computing HSC features for: Q9Y228, ENST00000367024, ../Ntranos_Rotation/ESM-SaProt/AF-Q9Y228-F1-model_v4.pdb.gz
INFO:2025-10-30 15:13:57,511:Successfully computed HSC for Q9Y228.
INFO:2025-10-30 15:13:57,511:Processing Q9Y230 with model AF-Q9Y230-F1-model_v4.pdb
INFO:2025-10-30 15:13:57,602:Computing HSC features for: Q9Y230, ENST00000595090, ../Ntranos_Rotation/ESM-SaProt/AF-Q9Y230-F1-model_v4.pdb.gz
INFO:2025-10-30 15:15:04,741:Successfully computed HSC for Q9Y230.
INFO:2025-10-30 15:15:04,742:Processing Q9Y231 with model AF-Q9Y231-F1-model_v4.pdb
INFO:2025-10-30 15:15:04,826:Computing HSC features for: Q9Y231, ENST00000302103, ../Ntranos_Rotation/ESM-SaProt/AF-Q9Y231-F1-model_v4.pdb.gz
INFO:2025-10-30 15:15:38,251:Successfully computed HSC for Q9Y231.
INFO:2025-10-30 15:15:38,251:Processing Q9Y232 with model AF-Q9Y232-F1-model_v4.pdb
INFO:2025-10-30 15:15:38,362:Computing HSC features for: Q9Y232, ENST00000328908, ../Ntranos_Rotation/ESM-SaProt/AF-Q9Y232-F1-model_v4.pdb.gz
INFO:2025-10-30 15:17:33,586:Successfully computed HSC for Q9Y232.
INFO:2025-10-30 15:17:33,586:Processing Q9Y233 with model AF-Q9Y233-F1-model_v4.pdb
ERROR:2025-10-30 15:17:33,781:No valid CDS found for Q9Y233
INFO:2025-10-30 15:17:33,781:Processing Q9Y234 with model AF-Q9Y234-F1-model_v4.pdb
INFO:2025-10-30 15:17:33,954:Computing HSC features for: Q9Y234, ENST00000393471, ../Ntranos_Rotation/ESM-SaProt/AF-Q9Y234-F1-model_v4.pdb.gz
INFO:2025-10-30 15:18:24,876:Successfully computed HSC for Q9Y234.
INFO:2025-10-30 15:18:24,876:Processing Q9Y235 with model AF-Q9Y235-F1-model_v4.pdb
INFO:2025-10-30 15:18:24,943:Computing HSC features for: Q9Y235, ENST00000244669, ../Ntranos_Rotation/ESM-SaProt/AF-Q9Y235-F1-model_v4.pdb.gz
INFO:2025-10-30 15:19:05,031:Successfully computed HSC for Q9Y235.
INFO:2025-10-30 15:19:05,031:Processing Q9Y236 with model AF-Q9Y236-F1-model_v4.pdb
INFO:2025-10-30 15:19:05,188:Computing HSC features for: Q9Y236, ENST00000297438, ../Ntranos_Rotation/ESM-SaProt/AF-Q9Y236-F1-model_v4.pdb.gz
INFO:2025-10-30 15:20:24,347:Successfully computed HSC for Q9Y236.
INFO:2025-10-30 15:20:24,347:Processing Q9Y237 with model AF-Q9Y237-F1-model_v4.pdb
INFO:2025-10-30 15:20:24,399:Computing HSC features for: Q9Y237, ENST00000373669, ../Ntranos_Rotation/ESM-SaProt/AF-Q9Y237-F1-model_v4.pdb.gz
INFO:2025-10-30 15:20:45,297:Successfully computed HSC for Q9Y237.
INFO:2025-10-30 15:20:45,297:Processing Q9Y238 with model AF-Q9Y238-F1-model_v4.pdb
INFO:2025-10-30 15:20:45,669:Computing HSC features for: Q9Y238, ENST00000308059, ../Ntranos_Rotation/ESM-SaProt/AF-Q9Y238-F1-model_v4.pdb.gz
INFO:2025-10-30 15:26:07,501:Successfully computed HSC for Q9Y238.
INFO:2025-10-30 15:26:07,501:Processing Q9Y239 with model AF-Q9Y239-F1-model_v4.pdb
INFO:2025-10-30 15:26:08,068:Computing HSC features for: Q9Y239, ENST00000222823, ../Ntranos_Rotation/ESM-SaProt/AF-Q9Y239-F1-model_v4.pdb.gz
INFO:2025-10-30 15:29:19,920:Successfully computed HSC for Q9Y239.
INFO:2025-10-30 15:29:19,920:Processing Q9Y240 with model AF-Q9Y240-F1-model_v4.pdb
INFO:2025-10-30 15:29:20,102:Computing HSC features for: Q9Y240, ENST00000250340, ../Ntranos_Rotation/ESM-SaProt/AF-Q9Y240-F1-model_v4.pdb.gz
INFO:2025-10-30 15:30:59,140:Successfully computed HSC for Q9Y240.
INFO:2025-10-30 15:30:59,140:Processing Q9Y241 with model AF-Q9Y241-F1-model_v4.pdb
INFO:2025-10-30 15:30:59,213:Computing HSC features for: Q9Y241, ENST00000321331, ../Ntranos_Rotation/ESM-SaProt/AF-Q9Y241-F1-model_v4.pdb.gz
INFO:2025-10-30 15:31:15,745:Successfully computed HSC for Q9Y241.
INFO:2025-10-30 15:31:15,745:Processing Q9Y242 with model AF-Q9Y242-F1-model_v4.pdb
ERROR:2025-10-30 15:31:15,854:No transcript record found for Q9Y242 in gnomAD.
INFO:2025-10-30 15:31:15,854:Processing Q9Y243 with model AF-Q9Y243-F1-model_v4.pdb
INFO:2025-10-30 15:31:15,999:Computing HSC features for: Q9Y243, ENST00000263826, ../Ntranos_Rotation/ESM-SaProt/AF-Q9Y243-F1-model_v4.pdb.gz
INFO:2025-10-30 15:32:25,655:Successfully computed HSC for Q9Y243.
INFO:2025-10-30 15:32:25,655:Processing Q9Y244 with model AF-Q9Y244-F1-model_v4.pdb
INFO:2025-10-30 15:32:25,691:Computing HSC features for: Q9Y244, ENST00000380842, ../Ntranos_Rotation/ESM-SaProt/AF-Q9Y244-F1-model_v4.pdb.gz
INFO:2025-10-30 15:32:48,403:Successfully computed HSC for Q9Y244.
INFO:2025-10-30 15:32:48,403:Processing Q9Y247 with model AF-Q9Y247-F1-model_v4.pdb
INFO:2025-10-30 15:32:48,533:Computing HSC features for: Q9Y247, ENST00000380274, ../Ntranos_Rotation/ESM-SaProt/AF-Q9Y247-F1-model_v4.pdb.gz
INFO:2025-10-30 15:34:57,354:Successfully computed HSC for Q9Y247.
INFO:2025-10-30 15:34:57,354:Processing Q9Y248 with model AF-Q9Y248-F1-model_v4.pdb
INFO:2025-10-30 15:34:57,430:Computing HSC features for: Q9Y248, ENST00000253462, ../Ntranos_Rotation/ESM-SaProt/AF-Q9Y248-F1-model_v4.pdb.gz
INFO:2025-10-30 15:35:42,837:Successfully computed HSC for Q9Y248.
INFO:2025-10-30 15:35:42,838:Processing Q9Y250 with model AF-Q9Y250-F1-model_v4.pdb
INFO:2025-10-30 15:35:43,039:Computing HSC features for: Q9Y250, ENST00000265801, ../Ntranos_Rotation/ESM-SaProt/AF-Q9Y250-F1-model_v4.pdb.gz
INFO:2025-10-30 15:38:36,798:Successfully computed HSC for Q9Y250.
INFO:2025-10-30 15:38:36,798:Processing Q9Y251 with model AF-Q9Y251-F1-model_v4.pdb
INFO:2025-10-30 15:38:36,939:Computing HSC features for: Q9Y251, ENST00000311412, ../Ntranos_Rotation/ESM-SaProt/AF-Q9Y251-F1-model_v4.pdb.gz
INFO:2025-10-30 15:40:38,560:Successfully computed HSC for Q9Y251.
INFO:2025-10-30 15:40:38,560:Processing Q9Y252 with model AF-Q9Y252-F1-model_v4.pdb
INFO:2025-10-30 15:40:38,927:Computing HSC features for: Q9Y252, ENST00000346166, ../Ntranos_Rotation/ESM-SaProt/AF-Q9Y252-F1-model_v4.pdb.gz
INFO:2025-10-30 15:43:06,430:Successfully computed HSC for Q9Y252.
INFO:2025-10-30 15:43:06,430:Processing Q9Y253 with model AF-Q9Y253-F1-model_v4.pdb
INFO:2025-10-30 15:43:06,634:Computing HSC features for: Q9Y253, ENST00000372236, ../Ntranos_Rotation/ESM-SaProt/AF-Q9Y253-F1-model_v4.pdb.gz
INFO:2025-10-30 15:45:34,135:Successfully computed HSC for Q9Y253.
INFO:2025-10-30 15:45:34,135:Processing Q9Y255 with model AF-Q9Y255-F1-model_v4.pdb
INFO:2025-10-30 15:45:34,237:Computing HSC features for: Q9Y255, ENST00000303204, ../Ntranos_Rotation/ESM-SaProt/AF-Q9Y255-F1-model_v4.pdb.gz
INFO:2025-10-30 15:46:31,580:Successfully computed HSC for Q9Y255.
INFO:2025-10-30 15:46:31,580:Processing Q9Y256 with model AF-Q9Y256-F1-model_v4.pdb
INFO:2025-10-30 15:46:31,653:Computing HSC features for: Q9Y256, ENST00000309657, ../Ntranos_Rotation/ESM-SaProt/AF-Q9Y256-F1-model_v4.pdb.gz
INFO:2025-10-30 15:47:42,218:Successfully computed HSC for Q9Y256.
INFO:2025-10-30 15:47:42,219:Processing Q9Y257 with model AF-Q9Y257-F1-model_v4.pdb
INFO:2025-10-30 15:47:42,335:Computing HSC features for: Q9Y257, ENST00000263372, ../Ntranos_Rotation/ESM-SaProt/AF-Q9Y257-F1-model_v4.pdb.gz
INFO:2025-10-30 15:49:06,091:Successfully computed HSC for Q9Y257.
INFO:2025-10-30 15:49:06,091:Processing Q9Y258 with model AF-Q9Y258-F1-model_v4.pdb
INFO:2025-10-30 15:49:06,140:Computing HSC features for: Q9Y258, ENST00000005180, ../Ntranos_Rotation/ESM-SaProt/AF-Q9Y258-F1-model_v4.pdb.gz
INFO:2025-10-30 15:49:20,259:Successfully computed HSC for Q9Y258.
INFO:2025-10-30 15:49:20,259:Processing Q9Y259 with model AF-Q9Y259-F1-model_v4.pdb
INFO:2025-10-30 15:49:20,402:Computing HSC features for: Q9Y259, ENST00000406938, ../Ntranos_Rotation/ESM-SaProt/AF-Q9Y259-F1-model_v4.pdb.gz
INFO:2025-10-30 15:50:35,128:Successfully computed HSC for Q9Y259.
INFO:2025-10-30 15:50:35,128:Processing Q9Y261 with model AF-Q9Y261-F1-model_v4.pdb
INFO:2025-10-30 15:50:35,558:Computing HSC features for: Q9Y261, ENST00000377115, ../Ntranos_Rotation/ESM-SaProt/AF-Q9Y261-F1-model_v4.pdb.gz
INFO:2025-10-30 15:51:47,495:Successfully computed HSC for Q9Y261.
INFO:2025-10-30 15:51:47,495:Processing Q9Y262 with model AF-Q9Y262-F1-model_v4.pdb
ERROR:2025-10-30 15:51:47,615:No transcript record found for Q9Y262 in gnomAD.
INFO:2025-10-30 15:51:47,615:Processing Q9Y2H9 with model AF-Q9Y2H9-F1-model_v4.pdb
INFO:2025-10-30 15:51:47,931:Computing HSC features for: Q9Y2H9, ENST00000251472, ../Ntranos_Rotation/ESM-SaProt/AF-Q9Y2H9-F1-model_v4.pdb.gz
INFO:2025-10-30 15:55:31,790:Successfully computed HSC for Q9Y2H9.
INFO:2025-10-30 15:55:31,790:Processing Q9Y2I1 with model AF-Q9Y2I1-F1-model_v4.pdb
INFO:2025-10-30 15:55:32,124:Computing HSC features for: Q9Y2I1, ENST00000345716, ../Ntranos_Rotation/ESM-SaProt/AF-Q9Y2I1-F1-model_v4.pdb.gz
INFO:2025-10-30 15:59:49,147:Successfully computed HSC for Q9Y2I1.
INFO:2025-10-30 15:59:49,147:Processing Q9Y2I2 with model AF-Q9Y2I2-F1-model_v4.pdb
INFO:2025-10-30 15:59:49,262:Computing HSC features for: Q9Y2I2, ENST00000370068, ../Ntranos_Rotation/ESM-SaProt/AF-Q9Y2I2-F1-model_v4.pdb.gz
INFO:2025-10-30 16:00:45,085:Successfully computed HSC for Q9Y2I2.
INFO:2025-10-30 16:00:45,085:Processing Q9Y2I6 with model AF-Q9Y2I6-F1-model_v4.pdb
INFO:2025-10-30 16:00:45,399:Computing HSC features for: Q9Y2I6, ENST00000278886, ../Ntranos_Rotation/ESM-SaProt/AF-Q9Y2I6-F1-model_v4.pdb.gz
INFO:2025-10-30 16:03:35,549:Successfully computed HSC for Q9Y2I6.
INFO:2025-10-30 16:03:35,549:Processing Q9Y2I7 with model AF-Q9Y2I7-F1-model_v4.pdb
INFO:2025-10-30 16:03:36,006:Computing HSC features for: Q9Y2I7, ENST00000264380, ../Ntranos_Rotation/ESM-SaProt/AF-Q9Y2I7-F1-model_v4.pdb.gz
INFO:2025-10-30 16:06:56,521:Successfully computed HSC for Q9Y2I7.
INFO:2025-10-30 16:06:56,521:Processing Q9Y2I8 with model AF-Q9Y2I8-F1-model_v4.pdb
INFO:2025-10-30 16:06:56,692:Computing HSC features for: Q9Y2I8, ENST00000263150, ../Ntranos_Rotation/ESM-SaProt/AF-Q9Y2I8-F1-model_v4.pdb.gz
INFO:2025-10-30 16:08:35,717:Successfully computed HSC for Q9Y2I8.
INFO:2025-10-30 16:08:35,717:Processing Q9Y2I9 with model AF-Q9Y2I9-F1-model_v4.pdb
INFO:2025-10-30 16:08:35,924:Computing HSC features for: Q9Y2I9, ENST00000542120, ../Ntranos_Rotation/ESM-SaProt/AF-Q9Y2I9-F1-model_v4.pdb.gz
INFO:2025-10-30 16:11:32,151:Successfully computed HSC for Q9Y2I9.
INFO:2025-10-30 16:11:32,151:Processing Q9Y2J0 with model AF-Q9Y2J0-F1-model_v4.pdb
INFO:2025-10-30 16:11:32,319:Computing HSC features for: Q9Y2J0, ENST00000389385, ../Ntranos_Rotation/ESM-SaProt/AF-Q9Y2J0-F1-model_v4.pdb.gz
INFO:2025-10-30 16:13:03,749:Successfully computed HSC for Q9Y2J0.
INFO:2025-10-30 16:13:03,749:Processing Q9Y2J2 with model AF-Q9Y2J2-F1-model_v4.pdb
INFO:2025-10-30 16:13:03,998:Computing HSC features for: Q9Y2J2, ENST00000341928, ../Ntranos_Rotation/ESM-SaProt/AF-Q9Y2J2-F1-model_v4.pdb.gz
INFO:2025-10-30 16:16:28,714:Successfully computed HSC for Q9Y2J2.
INFO:2025-10-30 16:16:28,714:Processing Q9Y2J4 with model AF-Q9Y2J4-F1-model_v4.pdb
INFO:2025-10-30 16:16:28,904:Computing HSC features for: Q9Y2J4, ENST00000422605, ../Ntranos_Rotation/ESM-SaProt/AF-Q9Y2J4-F1-model_v4.pdb.gz
INFO:2025-10-30 16:19:05,421:Successfully computed HSC for Q9Y2J4.
INFO:2025-10-30 16:19:05,422:Pipeline completed.
INFO:2025-10-30 16:19:05,422:no_enst_for_uniprot: 0
INFO:2025-10-30 16:19:05,422:no_valid_cds: 1
INFO:2025-10-30 16:19:05,422:no_variant_data: 3
INFO:2025-10-30 16:19:05,422:bad_structure: 0
INFO:2025-10-30 16:19:05,422:no_enst_mp: 0
