INFO:2025-10-30 14:25:03,579:Starting HSC computation pipeline...
INFO:2025-10-30 14:26:15,558:Processing Q5VWG9 with model AF-Q5VWG9-F1-model_v4.pdb
INFO:2025-10-30 14:26:15,753:Computing HSC features for: Q5VWG9, ENST00000344293, ../Ntranos_Rotation/ESM-SaProt/AF-Q5VWG9-F1-model_v4.pdb.gz
INFO:2025-10-30 14:27:41,312:Successfully computed HSC for Q5VWG9.
INFO:2025-10-30 14:27:41,312:Processing Q5VWI1 with model AF-Q5VWI1-F1-model_v4.pdb
INFO:2025-10-30 14:27:41,373:Computing HSC features for: Q5VWI1, ENST00000368642, ../Ntranos_Rotation/ESM-SaProt/AF-Q5VWI1-F1-model_v4.pdb.gz
INFO:2025-10-30 14:29:00,186:Successfully computed HSC for Q5VWI1.
INFO:2025-10-30 14:29:00,186:Processing Q5VWJ9 with model AF-Q5VWJ9-F1-model_v4.pdb
INFO:2025-10-30 14:29:00,310:Computing HSC features for: Q5VWJ9, ENST00000374232, ../Ntranos_Rotation/ESM-SaProt/AF-Q5VWJ9-F1-model_v4.pdb.gz
INFO:2025-10-30 14:30:03,175:Successfully computed HSC for Q5VWJ9.
INFO:2025-10-30 14:30:03,175:Processing Q5VWK0 with model AF-Q5VWK0-F1-model_v4.pdb
INFO:2025-10-30 14:30:03,326:Computing HSC features for: Q5VWK0, ENST00000495380, ../Ntranos_Rotation/ESM-SaProt/AF-Q5VWK0-F1-model_v4.pdb.gz
INFO:2025-10-30 14:31:13,331:Successfully computed HSC for Q5VWK0.
INFO:2025-10-30 14:31:13,331:Processing Q5VWK5 with model AF-Q5VWK5-F1-model_v4.pdb
ERROR:2025-10-30 14:31:13,426:No transcript record found for Q5VWK5 in gnomAD.
INFO:2025-10-30 14:31:13,426:Processing Q5VWM3 with model AF-Q5VWM3-F1-model_v4.pdb
ERROR:2025-10-30 14:31:13,509:No transcript record found for Q5VWM3 in gnomAD.
INFO:2025-10-30 14:31:13,509:Processing Q5VWM4 with model AF-Q5VWM4-F1-model_v4.pdb
ERROR:2025-10-30 14:31:13,652:No transcript record found for Q5VWM4 in gnomAD.
INFO:2025-10-30 14:31:13,652:Processing Q5VWM5 with model AF-Q5VWM5-F1-model_v4.pdb
INFO:2025-10-30 14:31:13,753:Computing HSC features for: Q5VWM5, ENST00000376152, ../Ntranos_Rotation/ESM-SaProt/AF-Q5VWM5-F1-model_v4.pdb.gz
INFO:2025-10-30 14:31:54,047:Successfully computed HSC for Q5VWM5.
INFO:2025-10-30 14:31:54,047:Processing Q5VWM6 with model AF-Q5VWM6-F1-model_v4.pdb
ERROR:2025-10-30 14:31:54,147:No transcript record found for Q5VWM6 in gnomAD.
INFO:2025-10-30 14:31:54,147:Processing Q5VWN6 with model AF-Q5VWN6-F1-model_v4.pdb
ERROR:2025-10-30 14:31:54,609:No transcript record found for Q5VWN6 in gnomAD.
INFO:2025-10-30 14:31:54,609:Processing Q5VWP2 with model AF-Q5VWP2-F1-model_v4.pdb
INFO:2025-10-30 14:31:54,734:Computing HSC features for: Q5VWP2, ENST00000369448, ../Ntranos_Rotation/ESM-SaProt/AF-Q5VWP2-F1-model_v4.pdb.gz
INFO:2025-10-30 14:32:34,901:Successfully computed HSC for Q5VWP2.
INFO:2025-10-30 14:32:34,901:Processing Q5VWP3 with model AF-Q5VWP3-F1-model_v4.pdb
INFO:2025-10-30 14:32:35,048:Computing HSC features for: Q5VWP3, ENST00000274897, ../Ntranos_Rotation/ESM-SaProt/AF-Q5VWP3-F1-model_v4.pdb.gz
INFO:2025-10-30 14:33:28,898:Successfully computed HSC for Q5VWP3.
INFO:2025-10-30 14:33:28,898:Processing Q5VWQ0 with model AF-Q5VWQ0-F1-model_v4.pdb
INFO:2025-10-30 14:33:29,000:Computing HSC features for: Q5VWQ0, ENST00000261441, ../Ntranos_Rotation/ESM-SaProt/AF-Q5VWQ0-F1-model_v4.pdb.gz
INFO:2025-10-30 14:34:46,943:Successfully computed HSC for Q5VWQ0.
INFO:2025-10-30 14:34:46,943:Processing Q5VWQ8 with model AF-Q5VWQ8-F1-model_v4.pdb
INFO:2025-10-30 14:34:47,190:Computing HSC features for: Q5VWQ8, ENST00000408936, ../Ntranos_Rotation/ESM-SaProt/AF-Q5VWQ8-F1-model_v4.pdb.gz
INFO:2025-10-30 14:37:06,323:Successfully computed HSC for Q5VWQ8.
INFO:2025-10-30 14:37:06,323:Processing Q5VWT5 with model AF-Q5VWT5-F1-model_v4.pdb
INFO:2025-10-30 14:37:06,415:Computing HSC features for: Q5VWT5, ENST00000343433, ../Ntranos_Rotation/ESM-SaProt/AF-Q5VWT5-F1-model_v4.pdb.gz
INFO:2025-10-30 14:37:54,005:Successfully computed HSC for Q5VWT5.
INFO:2025-10-30 14:37:54,005:Processing Q5VWW1 with model AF-Q5VWW1-F1-model_v4.pdb
INFO:2025-10-30 14:37:54,044:Computing HSC features for: Q5VWW1, ENST00000298943, ../Ntranos_Rotation/ESM-SaProt/AF-Q5VWW1-F1-model_v4.pdb.gz
INFO:2025-10-30 14:38:30,002:Successfully computed HSC for Q5VWW1.
INFO:2025-10-30 14:38:30,002:Processing Q5VWX1 with model AF-Q5VWX1-F1-model_v4.pdb
INFO:2025-10-30 14:38:30,058:Computing HSC features for: Q5VWX1, ENST00000281156, ../Ntranos_Rotation/ESM-SaProt/AF-Q5VWX1-F1-model_v4.pdb.gz
INFO:2025-10-30 14:38:58,613:Successfully computed HSC for Q5VWX1.
INFO:2025-10-30 14:38:58,613:Processing Q5VWZ2 with model AF-Q5VWZ2-F1-model_v4.pdb
INFO:2025-10-30 14:38:58,677:Computing HSC features for: Q5VWZ2, ENST00000366928, ../Ntranos_Rotation/ESM-SaProt/AF-Q5VWZ2-F1-model_v4.pdb.gz
INFO:2025-10-30 14:39:16,392:Successfully computed HSC for Q5VWZ2.
INFO:2025-10-30 14:39:16,393:Processing Q5VX52 with model AF-Q5VX52-F1-model_v4.pdb
ERROR:2025-10-30 14:39:16,555:No ENST transcript IDs were mapped to Q5VX52
INFO:2025-10-30 14:39:16,556:Processing Q5VX71 with model AF-Q5VX71-F1-model_v4.pdb
INFO:2025-10-30 14:39:16,688:Computing HSC features for: Q5VX71, ENST00000343846, ../Ntranos_Rotation/ESM-SaProt/AF-Q5VX71-F1-model_v4.pdb.gz
INFO:2025-10-30 14:40:04,962:Successfully computed HSC for Q5VX71.
INFO:2025-10-30 14:40:04,962:Processing Q5VXD3 with model AF-Q5VXD3-F1-model_v4.pdb
INFO:2025-10-30 14:40:05,008:Computing HSC features for: Q5VXD3, ENST00000370671, ../Ntranos_Rotation/ESM-SaProt/AF-Q5VXD3-F1-model_v4.pdb.gz
INFO:2025-10-30 14:40:14,400:Successfully computed HSC for Q5VXD3.
INFO:2025-10-30 14:40:14,400:Processing Q5VXH4 with model AF-Q5VXH4-F1-model_v4.pdb
INFO:2025-10-30 14:40:14,521:Computing HSC features for: Q5VXH4, ENST00000376189, ../Ntranos_Rotation/ESM-SaProt/AF-Q5VXH4-F1-model_v4.pdb.gz
INFO:2025-10-30 14:40:50,461:Successfully computed HSC for Q5VXH4.
INFO:2025-10-30 14:40:50,462:Processing Q5VXH5 with model AF-Q5VXH5-F1-model_v4.pdb
ERROR:2025-10-30 14:40:50,541:No transcript record found for Q5VXH5 in gnomAD.
INFO:2025-10-30 14:40:50,541:Processing Q5VXI9 with model AF-Q5VXI9-F1-model_v4.pdb
INFO:2025-10-30 14:40:50,613:Computing HSC features for: Q5VXI9, ENST00000404459, ../Ntranos_Rotation/ESM-SaProt/AF-Q5VXI9-F1-model_v4.pdb.gz
INFO:2025-10-30 14:41:30,350:Successfully computed HSC for Q5VXI9.
INFO:2025-10-30 14:41:30,351:Processing Q5VXJ0 with model AF-Q5VXJ0-F1-model_v4.pdb
INFO:2025-10-30 14:41:30,461:Computing HSC features for: Q5VXJ0, ENST00000404190, ../Ntranos_Rotation/ESM-SaProt/AF-Q5VXJ0-F1-model_v4.pdb.gz
INFO:2025-10-30 14:42:15,591:Successfully computed HSC for Q5VXJ0.
INFO:2025-10-30 14:42:15,591:Processing Q5VXM1 with model AF-Q5VXM1-F1-model_v4.pdb
INFO:2025-10-30 14:42:15,692:Computing HSC features for: Q5VXM1, ENST00000371330, ../Ntranos_Rotation/ESM-SaProt/AF-Q5VXM1-F1-model_v4.pdb.gz
INFO:2025-10-30 14:43:10,633:Successfully computed HSC for Q5VXM1.
INFO:2025-10-30 14:43:10,633:Processing Q5VXT5 with model AF-Q5VXT5-F1-model_v4.pdb
INFO:2025-10-30 14:43:10,682:Computing HSC features for: Q5VXT5, ENST00000369872, ../Ntranos_Rotation/ESM-SaProt/AF-Q5VXT5-F1-model_v4.pdb.gz
INFO:2025-10-30 14:43:40,836:Successfully computed HSC for Q5VXT5.
INFO:2025-10-30 14:43:40,836:Processing Q5VXU1 with model AF-Q5VXU1-F1-model_v4.pdb
INFO:2025-10-30 14:43:40,899:Computing HSC features for: Q5VXU1, ENST00000368417, ../Ntranos_Rotation/ESM-SaProt/AF-Q5VXU1-F1-model_v4.pdb.gz
INFO:2025-10-30 14:43:58,304:Successfully computed HSC for Q5VXU1.
INFO:2025-10-30 14:43:58,304:Processing Q5VXU3 with model AF-Q5VXU3-F1-model_v4.pdb
INFO:2025-10-30 14:43:58,371:Computing HSC features for: Q5VXU3, ENST00000373502, ../Ntranos_Rotation/ESM-SaProt/AF-Q5VXU3-F1-model_v4.pdb.gz
INFO:2025-10-30 14:44:24,215:Successfully computed HSC for Q5VXU3.
INFO:2025-10-30 14:44:24,215:Processing Q5VXU9 with model AF-Q5VXU9-F1-model_v4.pdb
INFO:2025-10-30 14:44:24,422:Computing HSC features for: Q5VXU9, ENST00000318737, ../Ntranos_Rotation/ESM-SaProt/AF-Q5VXU9-F1-model_v4.pdb.gz
INFO:2025-10-30 14:45:59,562:Successfully computed HSC for Q5VXU9.
INFO:2025-10-30 14:45:59,562:Processing Q5VY09 with model AF-Q5VY09-F1-model_v4.pdb
INFO:2025-10-30 14:45:59,645:Computing HSC features for: Q5VY09, ENST00000367577, ../Ntranos_Rotation/ESM-SaProt/AF-Q5VY09-F1-model_v4.pdb.gz
INFO:2025-10-30 14:47:02,698:Successfully computed HSC for Q5VY09.
INFO:2025-10-30 14:47:02,698:Processing Q5VY43 with model AF-Q5VY43-F1-model_v4.pdb
INFO:2025-10-30 14:47:02,930:Computing HSC features for: Q5VY43, ENST00000292357, ../Ntranos_Rotation/ESM-SaProt/AF-Q5VY43-F1-model_v4.pdb.gz
INFO:2025-10-30 14:48:52,954:Successfully computed HSC for Q5VY43.
INFO:2025-10-30 14:48:52,954:Processing Q5VY80 with model AF-Q5VY80-F1-model_v4.pdb
INFO:2025-10-30 14:48:52,995:Computing HSC features for: Q5VY80, ENST00000286380, ../Ntranos_Rotation/ESM-SaProt/AF-Q5VY80-F1-model_v4.pdb.gz
INFO:2025-10-30 14:49:12,756:Successfully computed HSC for Q5VY80.
INFO:2025-10-30 14:49:12,756:Processing Q5VYJ5 with model AF-Q5VYJ5-F1-model_v4.pdb
INFO:2025-10-30 14:49:13,010:Computing HSC features for: Q5VYJ5, ENST00000454679, ../Ntranos_Rotation/ESM-SaProt/AF-Q5VYJ5-F1-model_v4.pdb.gz
INFO:2025-10-30 14:51:44,943:Successfully computed HSC for Q5VYJ5.
INFO:2025-10-30 14:51:44,943:Processing Q5VYK3 with model AF-Q5VYK3-F1-model_v4.pdb
ERROR:2025-10-30 14:51:45,332:No valid CDS found for Q5VYK3
INFO:2025-10-30 14:51:45,333:Processing Q5VYM1 with model AF-Q5VYM1-F1-model_v4.pdb
INFO:2025-10-30 14:51:45,469:Computing HSC features for: Q5VYM1, ENST00000312292, ../Ntranos_Rotation/ESM-SaProt/AF-Q5VYM1-F1-model_v4.pdb.gz
INFO:2025-10-30 14:53:02,302:Successfully computed HSC for Q5VYM1.
INFO:2025-10-30 14:53:02,302:Processing Q5VYP0 with model AF-Q5VYP0-F1-model_v4.pdb
ERROR:2025-10-30 14:53:02,464:No transcript record found for Q5VYP0 in gnomAD.
INFO:2025-10-30 14:53:02,464:Processing Q5VYS4 with model AF-Q5VYS4-F1-model_v4.pdb
INFO:2025-10-30 14:53:02,521:Computing HSC features for: Q5VYS4, ENST00000380482, ../Ntranos_Rotation/ESM-SaProt/AF-Q5VYS4-F1-model_v4.pdb.gz
INFO:2025-10-30 14:53:45,742:Successfully computed HSC for Q5VYS4.
INFO:2025-10-30 14:53:45,742:Processing Q5VTQ0 with model AF-Q5VTQ0-F1-model_v4.pdb
ERROR:2025-10-30 14:53:45,880:No valid CDS found for Q5VTQ0
INFO:2025-10-30 14:53:45,880:Processing Q5VTR2 with model AF-Q5VTR2-F1-model_v4.pdb
INFO:2025-10-30 14:53:46,085:Computing HSC features for: Q5VTR2, ENST00000389120, ../Ntranos_Rotation/ESM-SaProt/AF-Q5VTR2-F1-model_v4.pdb.gz
INFO:2025-10-30 14:55:07,772:Successfully computed HSC for Q5VTR2.
INFO:2025-10-30 14:55:07,773:Processing Q5VTT2 with model AF-Q5VTT2-F1-model_v4.pdb
INFO:2025-10-30 14:55:07,817:Computing HSC features for: Q5VTT2, ENST00000377197, ../Ntranos_Rotation/ESM-SaProt/AF-Q5VTT2-F1-model_v4.pdb.gz
INFO:2025-10-30 14:55:29,068:Successfully computed HSC for Q5VTT2.
INFO:2025-10-30 14:55:29,068:Processing Q5VTT5 with model AF-Q5VTT5-F1-model_v4.pdb
INFO:2025-10-30 14:55:29,222:Computing HSC features for: Q5VTT5, ENST00000374434, ../Ntranos_Rotation/ESM-SaProt/AF-Q5VTT5-F1-model_v4.pdb.gz
INFO:2025-10-30 14:57:56,865:Successfully computed HSC for Q5VTT5.
INFO:2025-10-30 14:57:56,865:Processing Q5VTU8 with model AF-Q5VTU8-F1-model_v4.pdb
ERROR:2025-10-30 14:57:56,899:No ENST transcript IDs were mapped to Q5VTU8
INFO:2025-10-30 14:57:56,899:Processing Q5VTY9 with model AF-Q5VTY9-F1-model_v4.pdb
INFO:2025-10-30 14:57:56,967:Computing HSC features for: Q5VTY9, ENST00000261458, ../Ntranos_Rotation/ESM-SaProt/AF-Q5VTY9-F1-model_v4.pdb.gz
INFO:2025-10-30 14:58:42,962:Successfully computed HSC for Q5VTY9.
INFO:2025-10-30 14:58:42,962:Processing Q5VU36 with model AF-Q5VU36-F1-model_v4.pdb
ERROR:2025-10-30 14:58:43,205:No transcript record found for Q5VU36 in gnomAD.
INFO:2025-10-30 14:58:43,205:Processing Q5VU43 with model AF-Q5VU43-F1-model_v4.pdb
INFO:2025-10-30 14:58:43,598:Computing HSC features for: Q5VU43, ENST00000369354, ../Ntranos_Rotation/ESM-SaProt/AF-Q5VU43-F1-model_v4.pdb.gz
INFO:2025-10-30 15:01:57,993:Successfully computed HSC for Q5VU43.
INFO:2025-10-30 15:01:57,993:Processing Q5VU57 with model AF-Q5VU57-F1-model_v4.pdb
INFO:2025-10-30 15:01:58,110:Computing HSC features for: Q5VU57, ENST00000371839, ../Ntranos_Rotation/ESM-SaProt/AF-Q5VU57-F1-model_v4.pdb.gz
INFO:2025-10-30 15:03:04,406:Successfully computed HSC for Q5VU57.
INFO:2025-10-30 15:03:04,407:Processing Q5VU65 with model AF-Q5VU65-F1-model_v4.pdb
INFO:2025-10-30 15:03:04,720:Computing HSC features for: Q5VU65, ENST00000368559, ../Ntranos_Rotation/ESM-SaProt/AF-Q5VU65-F1-model_v4.pdb.gz
INFO:2025-10-30 15:05:29,570:Successfully computed HSC for Q5VU65.
INFO:2025-10-30 15:05:29,570:Processing Q5VU69 with model AF-Q5VU69-F1-model_v4.pdb
INFO:2025-10-30 15:05:29,602:Computing HSC features for: Q5VU69, ENST00000368525, ../Ntranos_Rotation/ESM-SaProt/AF-Q5VU69-F1-model_v4.pdb.gz
INFO:2025-10-30 15:05:37,756:Successfully computed HSC for Q5VU69.
INFO:2025-10-30 15:05:37,756:Processing Q5VU92 with model AF-Q5VU92-F1-model_v4.pdb
INFO:2025-10-30 15:05:37,823:Computing HSC features for: Q5VU92, ENST00000371126, ../Ntranos_Rotation/ESM-SaProt/AF-Q5VU92-F1-model_v4.pdb.gz
INFO:2025-10-30 15:06:35,192:Successfully computed HSC for Q5VU92.
INFO:2025-10-30 15:06:35,192:Pipeline completed.
INFO:2025-10-30 15:06:35,192:no_enst_for_uniprot: 2
INFO:2025-10-30 15:06:35,192:no_valid_cds: 2
INFO:2025-10-30 15:06:35,192:no_variant_data: 8
INFO:2025-10-30 15:06:35,192:bad_structure: 0
INFO:2025-10-30 15:06:35,192:no_enst_mp: 0
