INFO:2025-10-30 14:26:02,867:Starting HSC computation pipeline...
INFO:2025-10-30 14:27:07,409:Processing Q86YV9 with model AF-Q86YV9-F1-model_v4.pdb
INFO:2025-10-30 14:27:07,603:Computing HSC features for: Q86YV9, ENST00000299238, ../Ntranos_Rotation/ESM-SaProt/AF-Q86YV9-F1-model_v4.pdb.gz
INFO:2025-10-30 14:28:53,096:Successfully computed HSC for Q86YV9.
INFO:2025-10-30 14:28:53,096:Processing Q86YW0 with model AF-Q86YW0-F1-model_v4.pdb
INFO:2025-10-30 14:28:53,216:Computing HSC features for: Q86YW0, ENST00000266505, ../Ntranos_Rotation/ESM-SaProt/AF-Q86YW0-F1-model_v4.pdb.gz
INFO:2025-10-30 14:29:45,045:Successfully computed HSC for Q86YW0.
INFO:2025-10-30 14:29:45,046:Processing Q86YW5 with model AF-Q86YW5-F1-model_v4.pdb
INFO:2025-10-30 14:29:45,102:Computing HSC features for: Q86YW5, ENST00000426005, ../Ntranos_Rotation/ESM-SaProt/AF-Q86YW5-F1-model_v4.pdb.gz
INFO:2025-10-30 14:30:16,975:Successfully computed HSC for Q86YW5.
INFO:2025-10-30 14:30:16,975:Processing Q86YW7 with model AF-Q86YW7-F1-model_v4.pdb
ERROR:2025-10-30 14:30:17,031:No transcript record found for Q86YW7 in gnomAD.
INFO:2025-10-30 14:30:17,031:Processing Q86YW9 with model AF-Q86YW9-F1-model_v4.pdb
INFO:2025-10-30 14:30:17,345:Computing HSC features for: Q86YW9, ENST00000474524, ../Ntranos_Rotation/ESM-SaProt/AF-Q86YW9-F1-model_v4.pdb.gz
INFO:2025-10-30 14:34:03,120:Successfully computed HSC for Q86YW9.
INFO:2025-10-30 14:34:03,120:Processing Q86YZ3 with model AF-Q86YZ3-F1-model_v4.pdb
ERROR:2025-10-30 14:34:03,310:No valid CDS found for Q86YZ3
INFO:2025-10-30 14:34:03,310:Processing Q86Z02 with model AF-Q86Z02-F1-model_v4.pdb
INFO:2025-10-30 14:34:03,469:Computing HSC features for: Q86Z02, ENST00000369558, ../Ntranos_Rotation/ESM-SaProt/AF-Q86Z02-F1-model_v4.pdb.gz
INFO:2025-10-30 14:36:01,513:Successfully computed HSC for Q86Z02.
INFO:2025-10-30 14:36:01,514:Processing Q86Z14 with model AF-Q86Z14-F1-model_v4.pdb
INFO:2025-10-30 14:36:01,678:Computing HSC features for: Q86Z14, ENST00000257408, ../Ntranos_Rotation/ESM-SaProt/AF-Q86Z14-F1-model_v4.pdb.gz
INFO:2025-10-30 14:38:08,807:Successfully computed HSC for Q86Z14.
INFO:2025-10-30 14:38:08,807:Processing Q86Z20 with model AF-Q86Z20-F1-model_v4.pdb
INFO:2025-10-30 14:38:08,929:Computing HSC features for: Q86Z20, ENST00000396496, ../Ntranos_Rotation/ESM-SaProt/AF-Q86Z20-F1-model_v4.pdb.gz
INFO:2025-10-30 14:39:04,592:Successfully computed HSC for Q86Z20.
INFO:2025-10-30 14:39:04,592:Processing Q86Z23 with model AF-Q86Z23-F1-model_v4.pdb
INFO:2025-10-30 14:39:04,652:Computing HSC features for: Q86Z23, ENST00000334221, ../Ntranos_Rotation/ESM-SaProt/AF-Q86Z23-F1-model_v4.pdb.gz
INFO:2025-10-30 14:39:49,665:Successfully computed HSC for Q86Z23.
INFO:2025-10-30 14:39:49,665:Processing Q8HWS3 with model AF-Q8HWS3-F1-model_v4.pdb
INFO:2025-10-30 14:39:49,881:Computing HSC features for: Q8HWS3, ENST00000332958, ../Ntranos_Rotation/ESM-SaProt/AF-Q8HWS3-F1-model_v4.pdb.gz
INFO:2025-10-30 14:41:34,196:Successfully computed HSC for Q8HWS3.
INFO:2025-10-30 14:41:34,196:Processing Q8IU54 with model AF-Q8IU54-F1-model_v4.pdb
ERROR:2025-10-30 14:41:34,247:No transcript record found for Q8IU54 in gnomAD.
INFO:2025-10-30 14:41:34,247:Processing Q8IU57 with model AF-Q8IU57-F1-model_v4.pdb
INFO:2025-10-30 14:41:34,388:Computing HSC features for: Q8IU57, ENST00000327535, ../Ntranos_Rotation/ESM-SaProt/AF-Q8IU57-F1-model_v4.pdb.gz
INFO:2025-10-30 14:42:32,305:Successfully computed HSC for Q8IU57.
INFO:2025-10-30 14:42:32,305:Processing Q8IU60 with model AF-Q8IU60-F1-model_v4.pdb
INFO:2025-10-30 14:42:32,386:Computing HSC features for: Q8IU60, ENST00000389063, ../Ntranos_Rotation/ESM-SaProt/AF-Q8IU60-F1-model_v4.pdb.gz
INFO:2025-10-30 14:43:11,340:Successfully computed HSC for Q8IU60.
INFO:2025-10-30 14:43:11,340:Processing Q8IU68 with model AF-Q8IU68-F1-model_v4.pdb
INFO:2025-10-30 14:43:11,457:Computing HSC features for: Q8IU68, ENST00000318430, ../Ntranos_Rotation/ESM-SaProt/AF-Q8IU68-F1-model_v4.pdb.gz
INFO:2025-10-30 14:44:56,059:Successfully computed HSC for Q8IU68.
INFO:2025-10-30 14:44:56,059:Processing Q8IU80 with model AF-Q8IU80-F1-model_v4.pdb
ERROR:2025-10-30 14:44:56,178:No valid CDS found for Q8IU80
INFO:2025-10-30 14:44:56,178:Processing Q8IU81 with model AF-Q8IU81-F1-model_v4.pdb
INFO:2025-10-30 14:44:56,330:Computing HSC features for: Q8IU81, ENST00000302165, ../Ntranos_Rotation/ESM-SaProt/AF-Q8IU81-F1-model_v4.pdb.gz
INFO:2025-10-30 14:46:42,361:Successfully computed HSC for Q8IU81.
INFO:2025-10-30 14:46:42,361:Processing Q8IU85 with model AF-Q8IU85-F1-model_v4.pdb
ERROR:2025-10-30 14:46:42,462:No transcript record found for Q8IU85 in gnomAD.
INFO:2025-10-30 14:46:42,462:Processing Q8IU89 with model AF-Q8IU89-F1-model_v4.pdb
INFO:2025-10-30 14:46:42,574:Computing HSC features for: Q8IU89, ENST00000284382, ../Ntranos_Rotation/ESM-SaProt/AF-Q8IU89-F1-model_v4.pdb.gz
INFO:2025-10-30 14:47:23,239:Successfully computed HSC for Q8IU89.
INFO:2025-10-30 14:47:23,239:Processing Q8IU99 with model AF-Q8IU99-F1-model_v4.pdb
INFO:2025-10-30 14:47:23,343:Computing HSC features for: Q8IU99, ENST00000329905, ../Ntranos_Rotation/ESM-SaProt/AF-Q8IU99-F1-model_v4.pdb.gz
INFO:2025-10-30 14:48:19,043:Successfully computed HSC for Q8IU99.
INFO:2025-10-30 14:48:19,043:Processing Q8IUA0 with model AF-Q8IUA0-F1-model_v4.pdb
INFO:2025-10-30 14:48:19,212:Computing HSC features for: Q8IUA0, ENST00000289953, ../Ntranos_Rotation/ESM-SaProt/AF-Q8IUA0-F1-model_v4.pdb.gz
INFO:2025-10-30 14:48:51,975:Successfully computed HSC for Q8IUA0.
INFO:2025-10-30 14:48:51,975:Processing Q8IUA7 with model AF-Q8IUA7-F1-model_v4.pdb
INFO:2025-10-30 14:48:52,309:Computing HSC features for: Q8IUA7, ENST00000340001, ../Ntranos_Rotation/ESM-SaProt/AF-Q8IUA7-F1-model_v4.pdb.gz
INFO:2025-10-30 14:52:03,230:Successfully computed HSC for Q8IUA7.
INFO:2025-10-30 14:52:03,231:Processing Q8IUB2 with model AF-Q8IUB2-F1-model_v4.pdb
INFO:2025-10-30 14:52:03,280:Computing HSC features for: Q8IUB2, ENST00000243938, ../Ntranos_Rotation/ESM-SaProt/AF-Q8IUB2-F1-model_v4.pdb.gz
INFO:2025-10-30 14:52:27,918:Successfully computed HSC for Q8IUB2.
INFO:2025-10-30 14:52:27,918:Processing Q8IUB3 with model AF-Q8IUB3-F1-model_v4.pdb
INFO:2025-10-30 14:52:27,986:Computing HSC features for: Q8IUB3, ENST00000330523, ../Ntranos_Rotation/ESM-SaProt/AF-Q8IUB3-F1-model_v4.pdb.gz
INFO:2025-10-30 14:52:36,324:Successfully computed HSC for Q8IUB3.
INFO:2025-10-30 14:52:36,324:Processing Q8IUB5 with model AF-Q8IUB5-F1-model_v4.pdb
INFO:2025-10-30 14:52:36,393:Computing HSC features for: Q8IUB5, ENST00000305479, ../Ntranos_Rotation/ESM-SaProt/AF-Q8IUB5-F1-model_v4.pdb.gz
INFO:2025-10-30 14:52:45,176:Successfully computed HSC for Q8IUB5.
INFO:2025-10-30 14:52:45,177:Processing Q8IUB9 with model AF-Q8IUB9-F1-model_v4.pdb
INFO:2025-10-30 14:52:45,200:Computing HSC features for: Q8IUB9, ENST00000390689, ../Ntranos_Rotation/ESM-SaProt/AF-Q8IUB9-F1-model_v4.pdb.gz
INFO:2025-10-30 14:52:56,075:Successfully computed HSC for Q8IUB9.
INFO:2025-10-30 14:52:56,075:Processing Q8IUC0 with model AF-Q8IUC0-F1-model_v4.pdb
INFO:2025-10-30 14:52:56,112:Computing HSC features for: Q8IUC0, ENST00000355459, ../Ntranos_Rotation/ESM-SaProt/AF-Q8IUC0-F1-model_v4.pdb.gz
INFO:2025-10-30 14:53:13,592:Successfully computed HSC for Q8IUC0.
INFO:2025-10-30 14:53:13,592:Processing Q8IUC1 with model AF-Q8IUC1-F1-model_v4.pdb
INFO:2025-10-30 14:53:13,722:Computing HSC features for: Q8IUC1, ENST00000332378, ../Ntranos_Rotation/ESM-SaProt/AF-Q8IUC1-F1-model_v4.pdb.gz
INFO:2025-10-30 14:53:41,974:Successfully computed HSC for Q8IUC1.
INFO:2025-10-30 14:53:41,974:Processing Q8IUC2 with model AF-Q8IUC2-F1-model_v4.pdb
INFO:2025-10-30 14:53:42,006:Computing HSC features for: Q8IUC2, ENST00000329621, ../Ntranos_Rotation/ESM-SaProt/AF-Q8IUC2-F1-model_v4.pdb.gz
INFO:2025-10-30 14:53:55,383:Successfully computed HSC for Q8IUC2.
INFO:2025-10-30 14:53:55,383:Processing Q8IUC3 with model AF-Q8IUC3-F1-model_v4.pdb
ERROR:2025-10-30 14:53:55,421:No transcript record found for Q8IUC3 in gnomAD.
INFO:2025-10-30 14:53:55,421:Processing Q8IUC4 with model AF-Q8IUC4-F1-model_v4.pdb
INFO:2025-10-30 14:53:55,578:Computing HSC features for: Q8IUC4, ENST00000254260, ../Ntranos_Rotation/ESM-SaProt/AF-Q8IUC4-F1-model_v4.pdb.gz
INFO:2025-10-30 14:55:31,272:Successfully computed HSC for Q8IUC4.
INFO:2025-10-30 14:55:31,272:Processing Q8IUC6 with model AF-Q8IUC6-F1-model_v4.pdb
INFO:2025-10-30 14:55:31,372:Computing HSC features for: Q8IUC6, ENST00000248244, ../Ntranos_Rotation/ESM-SaProt/AF-Q8IUC6-F1-model_v4.pdb.gz
INFO:2025-10-30 14:57:43,486:Successfully computed HSC for Q8IUC6.
INFO:2025-10-30 14:57:43,487:Processing Q8IUC8 with model AF-Q8IUC8-F1-model_v4.pdb
INFO:2025-10-30 14:57:43,632:Computing HSC features for: Q8IUC8, ENST00000392825, ../Ntranos_Rotation/ESM-SaProt/AF-Q8IUC8-F1-model_v4.pdb.gz
INFO:2025-10-30 14:58:40,477:Successfully computed HSC for Q8IUC8.
INFO:2025-10-30 14:58:40,477:Processing Q8IUD2 with model AF-Q8IUD2-F1-model_v4.pdb
INFO:2025-10-30 14:58:40,629:Computing HSC features for: Q8IUD2, ENST00000360905, ../Ntranos_Rotation/ESM-SaProt/AF-Q8IUD2-F1-model_v4.pdb.gz
INFO:2025-10-30 15:00:26,646:Successfully computed HSC for Q8IUD2.
INFO:2025-10-30 15:00:26,646:Processing Q8IUD6 with model AF-Q8IUD6-F1-model_v4.pdb
ERROR:2025-10-30 15:00:26,722:No transcript record found for Q8IUD6 in gnomAD.
INFO:2025-10-30 15:00:26,722:Processing Q8IUE0 with model AF-Q8IUE0-F1-model_v4.pdb
INFO:2025-10-30 15:00:26,766:Computing HSC features for: Q8IUE0, ENST00000321217, ../Ntranos_Rotation/ESM-SaProt/AF-Q8IUE0-F1-model_v4.pdb.gz
ERROR:2025-10-30 15:00:26,812:Missing ENST record in counts: ENST00000321217
INFO:2025-10-30 15:00:26,812:Processing Q8IUE1 with model AF-Q8IUE1-F1-model_v4.pdb
INFO:2025-10-30 15:00:26,851:Computing HSC features for: Q8IUE1, ENST00000283891, ../Ntranos_Rotation/ESM-SaProt/AF-Q8IUE1-F1-model_v4.pdb.gz
INFO:2025-10-30 15:00:57,232:Successfully computed HSC for Q8IUE1.
INFO:2025-10-30 15:00:57,232:Processing Q8IUE6 with model AF-Q8IUE6-F1-model_v4.pdb
INFO:2025-10-30 15:00:57,292:Computing HSC features for: Q8IUE6, ENST00000331128, ../Ntranos_Rotation/ESM-SaProt/AF-Q8IUE6-F1-model_v4.pdb.gz
INFO:2025-10-30 15:01:20,138:Successfully computed HSC for Q8IUE6.
INFO:2025-10-30 15:01:20,138:Processing Q8IUF1 with model AF-Q8IUF1-F1-model_v4.pdb
INFO:2025-10-30 15:01:20,208:Computing HSC features for: Q8IUF1, ENST00000259199, ../Ntranos_Rotation/ESM-SaProt/AF-Q8IUF1-F1-model_v4.pdb.gz
INFO:2025-10-30 15:01:54,295:Successfully computed HSC for Q8IUF1.
INFO:2025-10-30 15:01:54,295:Processing Q8IUF8 with model AF-Q8IUF8-F1-model_v4.pdb
INFO:2025-10-30 15:01:54,409:Computing HSC features for: Q8IUF8, ENST00000333396, ../Ntranos_Rotation/ESM-SaProt/AF-Q8IUF8-F1-model_v4.pdb.gz
INFO:2025-10-30 15:02:41,322:Successfully computed HSC for Q8IUF8.
INFO:2025-10-30 15:02:41,322:Processing Q8IUG1 with model AF-Q8IUG1-F1-model_v4.pdb
ERROR:2025-10-30 15:02:41,465:No valid CDS found for Q8IUG1
INFO:2025-10-30 15:02:41,465:Processing Q8IUG5 with model AF-Q8IUG5-F1-model_v4.pdb
INFO:2025-10-30 15:02:41,805:Computing HSC features for: Q8IUG5, ENST00000335473, ../Ntranos_Rotation/ESM-SaProt/AF-Q8IUG5-F1-model_v4.pdb.gz
INFO:2025-10-30 15:07:58,253:Successfully computed HSC for Q8IUG5.
INFO:2025-10-30 15:07:58,253:Processing Q8IUH2 with model AF-Q8IUH2-F1-model_v4.pdb
INFO:2025-10-30 15:07:58,310:Computing HSC features for: Q8IUH2, ENST00000324768, ../Ntranos_Rotation/ESM-SaProt/AF-Q8IUH2-F1-model_v4.pdb.gz
INFO:2025-10-30 15:08:42,927:Successfully computed HSC for Q8IUH2.
INFO:2025-10-30 15:08:42,927:Processing Q8IUH3 with model AF-Q8IUH3-F1-model_v4.pdb
ERROR:2025-10-30 15:08:43,232:No valid CDS found for Q8IUH3
INFO:2025-10-30 15:08:43,232:Processing Q8IUH4 with model AF-Q8IUH4-F1-model_v4.pdb
INFO:2025-10-30 15:08:43,394:Computing HSC features for: Q8IUH4, ENST00000446113, ../Ntranos_Rotation/ESM-SaProt/AF-Q8IUH4-F1-model_v4.pdb.gz
INFO:2025-10-30 15:10:07,542:Successfully computed HSC for Q8IUH4.
INFO:2025-10-30 15:10:07,542:Processing Q8IUH5 with model AF-Q8IUH5-F1-model_v4.pdb
INFO:2025-10-30 15:10:07,654:Computing HSC features for: Q8IUH5, ENST00000426126, ../Ntranos_Rotation/ESM-SaProt/AF-Q8IUH5-F1-model_v4.pdb.gz
INFO:2025-10-30 15:11:07,180:Successfully computed HSC for Q8IUH5.
INFO:2025-10-30 15:11:07,180:Processing Q8IUH8 with model AF-Q8IUH8-F1-model_v4.pdb
INFO:2025-10-30 15:11:07,282:Computing HSC features for: Q8IUH8, ENST00000329196, ../Ntranos_Rotation/ESM-SaProt/AF-Q8IUH8-F1-model_v4.pdb.gz
INFO:2025-10-30 15:12:32,160:Successfully computed HSC for Q8IUH8.
INFO:2025-10-30 15:12:32,161:Processing Q8IUI4 with model AF-Q8IUI4-F1-model_v4.pdb
ERROR:2025-10-30 15:12:32,205:No ENST transcript IDs were mapped to Q8IUI4
INFO:2025-10-30 15:12:32,205:Processing Q8IUI8 with model AF-Q8IUI8-F1-model_v4.pdb
INFO:2025-10-30 15:12:32,289:Computing HSC features for: Q8IUI8, ENST00000324238, ../Ntranos_Rotation/ESM-SaProt/AF-Q8IUI8-F1-model_v4.pdb.gz
INFO:2025-10-30 15:13:17,348:Successfully computed HSC for Q8IUI8.
INFO:2025-10-30 15:13:17,348:Processing Q8IUK5 with model AF-Q8IUK5-F1-model_v4.pdb
INFO:2025-10-30 15:13:17,461:Computing HSC features for: Q8IUK5, ENST00000315392, ../Ntranos_Rotation/ESM-SaProt/AF-Q8IUK5-F1-model_v4.pdb.gz
INFO:2025-10-30 15:14:16,973:Successfully computed HSC for Q8IUK5.
INFO:2025-10-30 15:14:16,973:Pipeline completed.
INFO:2025-10-30 15:14:16,973:no_enst_for_uniprot: 1
INFO:2025-10-30 15:14:16,973:no_valid_cds: 4
INFO:2025-10-30 15:14:16,973:no_variant_data: 5
INFO:2025-10-30 15:14:16,973:bad_structure: 0
INFO:2025-10-30 15:14:16,973:no_enst_mp: 1
