INFO:2025-10-30 14:25:03,923:Starting HSC computation pipeline...
INFO:2025-10-30 14:26:17,643:Processing P62879 with model AF-P62879-F1-model_v4.pdb
INFO:2025-10-30 14:26:17,728:Computing HSC features for: P62879, ENST00000303210, ../Ntranos_Rotation/ESM-SaProt/AF-P62879-F1-model_v4.pdb.gz
INFO:2025-10-30 14:27:27,102:Successfully computed HSC for P62879.
INFO:2025-10-30 14:27:27,102:Processing P62888 with model AF-P62888-F1-model_v4.pdb
INFO:2025-10-30 14:27:27,209:Computing HSC features for: P62888, ENST00000287038, ../Ntranos_Rotation/ESM-SaProt/AF-P62888-F1-model_v4.pdb.gz
INFO:2025-10-30 14:27:43,127:Successfully computed HSC for P62888.
INFO:2025-10-30 14:27:43,127:Processing P62891 with model AF-P62891-F1-model_v4.pdb
INFO:2025-10-30 14:27:43,157:Computing HSC features for: P62891, ENST00000361575, ../Ntranos_Rotation/ESM-SaProt/AF-P62891-F1-model_v4.pdb.gz
INFO:2025-10-30 14:27:48,824:Successfully computed HSC for P62891.
INFO:2025-10-30 14:27:48,824:Processing P62899 with model AF-P62899-F1-model_v4.pdb
INFO:2025-10-30 14:27:48,876:Computing HSC features for: P62899, ENST00000264258, ../Ntranos_Rotation/ESM-SaProt/AF-P62899-F1-model_v4.pdb.gz
INFO:2025-10-30 14:28:04,957:Successfully computed HSC for P62899.
INFO:2025-10-30 14:28:04,957:Processing P62906 with model AF-P62906-F1-model_v4.pdb
INFO:2025-10-30 14:28:05,025:Computing HSC features for: P62906, ENST00000322203, ../Ntranos_Rotation/ESM-SaProt/AF-P62906-F1-model_v4.pdb.gz
INFO:2025-10-30 14:28:36,420:Successfully computed HSC for P62906.
INFO:2025-10-30 14:28:36,420:Processing P62910 with model AF-P62910-F1-model_v4.pdb
INFO:2025-10-30 14:28:36,475:Computing HSC features for: P62910, ENST00000396953, ../Ntranos_Rotation/ESM-SaProt/AF-P62910-F1-model_v4.pdb.gz
INFO:2025-10-30 14:28:56,967:Successfully computed HSC for P62910.
INFO:2025-10-30 14:28:56,967:Processing P62913 with model AF-P62913-F1-model_v4.pdb
ERROR:2025-10-30 14:28:57,025:No transcript record found for P62913 in gnomAD.
INFO:2025-10-30 14:28:57,025:Processing P62917 with model AF-P62917-F1-model_v4.pdb
INFO:2025-10-30 14:28:57,084:Computing HSC features for: P62917, ENST00000262584, ../Ntranos_Rotation/ESM-SaProt/AF-P62917-F1-model_v4.pdb.gz
INFO:2025-10-30 14:29:40,551:Successfully computed HSC for P62917.
INFO:2025-10-30 14:29:40,551:Processing P62937 with model AF-P62937-F1-model_v4.pdb
INFO:2025-10-30 14:29:40,633:Computing HSC features for: P62937, ENST00000468812, ../Ntranos_Rotation/ESM-SaProt/AF-P62937-F1-model_v4.pdb.gz
INFO:2025-10-30 14:29:59,871:Successfully computed HSC for P62937.
INFO:2025-10-30 14:29:59,871:Processing P62942 with model AF-P62942-F1-model_v4.pdb
INFO:2025-10-30 14:29:59,922:Computing HSC features for: P62942, ENST00000381719, ../Ntranos_Rotation/ESM-SaProt/AF-P62942-F1-model_v4.pdb.gz
INFO:2025-10-30 14:30:12,987:Successfully computed HSC for P62942.
INFO:2025-10-30 14:30:12,987:Processing P62945 with model AF-P62945-F1-model_v4.pdb
INFO:2025-10-30 14:30:13,019:Computing HSC features for: P62945, ENST00000501597, ../Ntranos_Rotation/ESM-SaProt/AF-P62945-F1-model_v4.pdb.gz
INFO:2025-10-30 14:30:18,014:Successfully computed HSC for P62945.
INFO:2025-10-30 14:30:18,014:Processing P62952 with model AF-P62952-F1-model_v4.pdb
INFO:2025-10-30 14:30:18,062:Computing HSC features for: P62952, ENST00000373537, ../Ntranos_Rotation/ESM-SaProt/AF-P62952-F1-model_v4.pdb.gz
INFO:2025-10-30 14:30:29,149:Successfully computed HSC for P62952.
INFO:2025-10-30 14:30:29,149:Processing P62955 with model AF-P62955-F1-model_v4.pdb
INFO:2025-10-30 14:30:29,269:Computing HSC features for: P62955, ENST00000222212, ../Ntranos_Rotation/ESM-SaProt/AF-P62955-F1-model_v4.pdb.gz
INFO:2025-10-30 14:31:17,013:Successfully computed HSC for P62955.
INFO:2025-10-30 14:31:17,013:Processing P62979 with model AF-P62979-F1-model_v4.pdb
INFO:2025-10-30 14:31:17,102:Computing HSC features for: P62979, ENST00000272317, ../Ntranos_Rotation/ESM-SaProt/AF-P62979-F1-model_v4.pdb.gz
INFO:2025-10-30 14:31:38,217:Successfully computed HSC for P62979.
INFO:2025-10-30 14:31:38,217:Processing P62987 with model AF-P62987-F1-model_v4.pdb
INFO:2025-10-30 14:31:38,274:Computing HSC features for: P62987, ENST00000430157, ../Ntranos_Rotation/ESM-SaProt/AF-P62987-F1-model_v4.pdb.gz
INFO:2025-10-30 14:31:57,421:Successfully computed HSC for P62987.
INFO:2025-10-30 14:31:57,422:Processing P62993 with model AF-P62993-F1-model_v4.pdb
INFO:2025-10-30 14:31:57,593:Computing HSC features for: P62993, ENST00000316804, ../Ntranos_Rotation/ESM-SaProt/AF-P62993-F1-model_v4.pdb.gz
INFO:2025-10-30 14:32:27,400:Successfully computed HSC for P62993.
INFO:2025-10-30 14:32:27,401:Processing P62995 with model AF-P62995-F1-model_v4.pdb
INFO:2025-10-30 14:32:27,479:Computing HSC features for: P62995, ENST00000453386, ../Ntranos_Rotation/ESM-SaProt/AF-P62995-F1-model_v4.pdb.gz
INFO:2025-10-30 14:33:08,365:Successfully computed HSC for P62995.
INFO:2025-10-30 14:33:08,365:Processing P63000 with model AF-P63000-F1-model_v4.pdb
INFO:2025-10-30 14:33:08,423:Computing HSC features for: P63000, ENST00000348035, ../Ntranos_Rotation/ESM-SaProt/AF-P63000-F1-model_v4.pdb.gz
INFO:2025-10-30 14:33:31,743:Successfully computed HSC for P63000.
INFO:2025-10-30 14:33:31,743:Processing P63010 with model AF-P63010-F1-model_v4.pdb
ERROR:2025-10-30 14:33:31,958:No transcript record found for P63010 in gnomAD.
INFO:2025-10-30 14:33:31,958:Processing P63027 with model AF-P63027-F1-model_v4.pdb
INFO:2025-10-30 14:33:31,999:Computing HSC features for: P63027, ENST00000316509, ../Ntranos_Rotation/ESM-SaProt/AF-P63027-F1-model_v4.pdb.gz
INFO:2025-10-30 14:33:47,729:Successfully computed HSC for P63027.
INFO:2025-10-30 14:33:47,729:Processing P63096 with model AF-P63096-F1-model_v4.pdb
INFO:2025-10-30 14:33:47,834:Computing HSC features for: P63096, ENST00000351004, ../Ntranos_Rotation/ESM-SaProt/AF-P63096-F1-model_v4.pdb.gz
INFO:2025-10-30 14:34:30,032:Successfully computed HSC for P63096.
INFO:2025-10-30 14:34:30,032:Processing P63098 with model AF-P63098-F1-model_v4.pdb
INFO:2025-10-30 14:34:30,101:Computing HSC features for: P63098, ENST00000234310, ../Ntranos_Rotation/ESM-SaProt/AF-P63098-F1-model_v4.pdb.gz
INFO:2025-10-30 14:34:47,414:Successfully computed HSC for P63098.
INFO:2025-10-30 14:34:47,415:Processing P63104 with model AF-P63104-F1-model_v4.pdb
INFO:2025-10-30 14:34:47,505:Computing HSC features for: P63104, ENST00000353245, ../Ntranos_Rotation/ESM-SaProt/AF-P63104-F1-model_v4.pdb.gz
INFO:2025-10-30 14:35:13,773:Successfully computed HSC for P63104.
INFO:2025-10-30 14:35:13,773:Processing P63121 with model AF-P63121-F1-model_v4.pdb
ERROR:2025-10-30 14:35:13,827:No ENST transcript IDs were mapped to P63121
INFO:2025-10-30 14:35:13,827:Processing P63124 with model AF-P63124-F1-model_v4.pdb
ERROR:2025-10-30 14:35:13,897:No ENST transcript IDs were mapped to P63124
INFO:2025-10-30 14:35:13,898:Processing P63128 with model AF-P63128-F1-model_v4.pdb
ERROR:2025-10-30 14:35:14,042:No ENST transcript IDs were mapped to P63128
INFO:2025-10-30 14:35:14,043:Processing P63132 with model AF-P63132-F1-model_v4.pdb
ERROR:2025-10-30 14:35:14,325:No ENST transcript IDs were mapped to P63132
INFO:2025-10-30 14:35:14,325:Processing P63133 with model AF-P63133-F1-model_v4.pdb
ERROR:2025-10-30 14:35:14,599:No ENST transcript IDs were mapped to P63133
INFO:2025-10-30 14:35:14,599:Processing P63135 with model AF-P63135-F1-model_v4.pdb
ERROR:2025-10-30 14:35:15,162:No ENST transcript IDs were mapped to P63135
INFO:2025-10-30 14:35:15,162:Processing P63136 with model AF-P63136-F1-model_v4.pdb
ERROR:2025-10-30 14:35:15,364:No ENST transcript IDs were mapped to P63136
INFO:2025-10-30 14:35:15,364:Processing P63145 with model AF-P63145-F1-model_v4.pdb
ERROR:2025-10-30 14:35:15,514:No ENST transcript IDs were mapped to P63145
INFO:2025-10-30 14:35:15,514:Processing P63146 with model AF-P63146-F1-model_v4.pdb
INFO:2025-10-30 14:35:15,608:Computing HSC features for: P63146, ENST00000265339, ../Ntranos_Rotation/ESM-SaProt/AF-P63146-F1-model_v4.pdb.gz
INFO:2025-10-30 14:35:33,609:Successfully computed HSC for P63146.
INFO:2025-10-30 14:35:33,609:Processing P63151 with model AF-P63151-F1-model_v4.pdb
INFO:2025-10-30 14:35:33,742:Computing HSC features for: P63151, ENST00000380737, ../Ntranos_Rotation/ESM-SaProt/AF-P63151-F1-model_v4.pdb.gz
INFO:2025-10-30 14:36:20,828:Successfully computed HSC for P63151.
INFO:2025-10-30 14:36:20,828:Processing P63162 with model AF-P63162-F1-model_v4.pdb
INFO:2025-10-30 14:36:20,915:Computing HSC features for: P63162, ENST00000346403, ../Ntranos_Rotation/ESM-SaProt/AF-P63162-F1-model_v4.pdb.gz
INFO:2025-10-30 14:36:51,186:Successfully computed HSC for P63162.
INFO:2025-10-30 14:36:51,187:Processing P63165 with model AF-P63165-F1-model_v4.pdb
INFO:2025-10-30 14:36:51,232:Computing HSC features for: P63165, ENST00000392245, ../Ntranos_Rotation/ESM-SaProt/AF-P63165-F1-model_v4.pdb.gz
INFO:2025-10-30 14:37:09,251:Successfully computed HSC for P63165.
INFO:2025-10-30 14:37:09,251:Processing P63167 with model AF-P63167-F1-model_v4.pdb
INFO:2025-10-30 14:37:09,316:Computing HSC features for: P63167, ENST00000242577, ../Ntranos_Rotation/ESM-SaProt/AF-P63167-F1-model_v4.pdb.gz
INFO:2025-10-30 14:37:21,621:Successfully computed HSC for P63167.
INFO:2025-10-30 14:37:21,622:Processing P63172 with model AF-P63172-F1-model_v4.pdb
INFO:2025-10-30 14:37:21,664:Computing HSC features for: P63172, ENST00000367089, ../Ntranos_Rotation/ESM-SaProt/AF-P63172-F1-model_v4.pdb.gz
INFO:2025-10-30 14:37:49,283:Successfully computed HSC for P63172.
INFO:2025-10-30 14:37:49,283:Processing P63173 with model AF-P63173-F1-model_v4.pdb
INFO:2025-10-30 14:37:49,327:Computing HSC features for: P63173, ENST00000311111, ../Ntranos_Rotation/ESM-SaProt/AF-P63173-F1-model_v4.pdb.gz
INFO:2025-10-30 14:37:58,321:Successfully computed HSC for P63173.
INFO:2025-10-30 14:37:58,321:Processing P63208 with model AF-P63208-F1-model_v4.pdb
INFO:2025-10-30 14:37:58,405:Computing HSC features for: P63208, ENST00000353411, ../Ntranos_Rotation/ESM-SaProt/AF-P63208-F1-model_v4.pdb.gz
INFO:2025-10-30 14:38:13,003:Successfully computed HSC for P63208.
INFO:2025-10-30 14:38:13,003:Processing P63211 with model AF-P63211-F1-model_v4.pdb
INFO:2025-10-30 14:38:13,051:Computing HSC features for: P63211, ENST00000248572, ../Ntranos_Rotation/ESM-SaProt/AF-P63211-F1-model_v4.pdb.gz
INFO:2025-10-30 14:38:20,321:Successfully computed HSC for P63211.
INFO:2025-10-30 14:38:20,322:Processing P63215 with model AF-P63215-F1-model_v4.pdb
INFO:2025-10-30 14:38:20,353:Computing HSC features for: P63215, ENST00000294117, ../Ntranos_Rotation/ESM-SaProt/AF-P63215-F1-model_v4.pdb.gz
INFO:2025-10-30 14:38:29,656:Successfully computed HSC for P63215.
INFO:2025-10-30 14:38:29,656:Processing P63218 with model AF-P63218-F1-model_v4.pdb
ERROR:2025-10-30 14:38:29,692:No transcript record found for P63218 in gnomAD.
INFO:2025-10-30 14:38:29,693:Processing P63220 with model AF-P63220-F1-model_v4.pdb
INFO:2025-10-30 14:38:29,737:Computing HSC features for: P63220, ENST00000343986, ../Ntranos_Rotation/ESM-SaProt/AF-P63220-F1-model_v4.pdb.gz
INFO:2025-10-30 14:38:45,651:Successfully computed HSC for P63220.
INFO:2025-10-30 14:38:45,652:Processing P63241 with model AF-P63241-F1-model_v4.pdb
INFO:2025-10-30 14:38:45,720:Computing HSC features for: P63241, ENST00000336458, ../Ntranos_Rotation/ESM-SaProt/AF-P63241-F1-model_v4.pdb.gz
INFO:2025-10-30 14:39:07,429:Successfully computed HSC for P63241.
INFO:2025-10-30 14:39:07,430:Processing P63244 with model AF-P63244-F1-model_v4.pdb
INFO:2025-10-30 14:39:07,543:Computing HSC features for: P63244, ENST00000512805, ../Ntranos_Rotation/ESM-SaProt/AF-P63244-F1-model_v4.pdb.gz
INFO:2025-10-30 14:39:52,541:Successfully computed HSC for P63244.
INFO:2025-10-30 14:39:52,541:Processing P63252 with model AF-P63252-F1-model_v4.pdb
INFO:2025-10-30 14:39:52,660:Computing HSC features for: P63252, ENST00000243457, ../Ntranos_Rotation/ESM-SaProt/AF-P63252-F1-model_v4.pdb.gz
INFO:2025-10-30 14:40:46,829:Successfully computed HSC for P63252.
INFO:2025-10-30 14:40:46,830:Processing P63261 with model AF-P63261-F1-model_v4.pdb
ERROR:2025-10-30 14:40:46,956:No transcript record found for P63261 in gnomAD.
INFO:2025-10-30 14:40:46,956:Processing P63267 with model AF-P63267-F1-model_v4.pdb
INFO:2025-10-30 14:40:47,056:Computing HSC features for: P63267, ENST00000345517, ../Ntranos_Rotation/ESM-SaProt/AF-P63267-F1-model_v4.pdb.gz
INFO:2025-10-30 14:41:30,490:Successfully computed HSC for P63267.
INFO:2025-10-30 14:41:30,491:Processing P63272 with model AF-P63272-F1-model_v4.pdb
INFO:2025-10-30 14:41:30,556:Computing HSC features for: P63272, ENST00000225504, ../Ntranos_Rotation/ESM-SaProt/AF-P63272-F1-model_v4.pdb.gz
INFO:2025-10-30 14:41:48,667:Successfully computed HSC for P63272.
INFO:2025-10-30 14:41:48,668:Processing P63279 with model AF-P63279-F1-model_v4.pdb
ERROR:2025-10-30 14:41:48,707:No transcript record found for P63279 in gnomAD.
INFO:2025-10-30 14:41:48,707:Pipeline completed.
INFO:2025-10-30 14:41:48,707:no_enst_for_uniprot: 8
INFO:2025-10-30 14:41:48,707:no_valid_cds: 0
INFO:2025-10-30 14:41:48,707:no_variant_data: 5
INFO:2025-10-30 14:41:48,707:bad_structure: 0
INFO:2025-10-30 14:41:48,707:no_enst_mp: 0
