INFO:2025-10-30 14:25:03,907:Starting HSC computation pipeline...
INFO:2025-10-30 14:26:08,734:Processing Q13129 with model AF-Q13129-F1-model_v4.pdb
INFO:2025-10-30 14:26:09,112:Computing HSC features for: Q13129, ENST00000372771, ../Ntranos_Rotation/ESM-SaProt/AF-Q13129-F1-model_v4.pdb.gz
INFO:2025-10-30 14:30:12,573:Successfully computed HSC for Q13129.
INFO:2025-10-30 14:30:12,573:Processing Q13131 with model AF-Q13131-F1-model_v4.pdb
INFO:2025-10-30 14:30:12,720:Computing HSC features for: Q13131, ENST00000397128, ../Ntranos_Rotation/ESM-SaProt/AF-Q13131-F1-model_v4.pdb.gz
INFO:2025-10-30 14:31:02,519:Successfully computed HSC for Q13131.
INFO:2025-10-30 14:31:02,519:Processing Q13133 with model AF-Q13133-F1-model_v4.pdb
INFO:2025-10-30 14:31:02,640:Computing HSC features for: Q13133, ENST00000441012, ../Ntranos_Rotation/ESM-SaProt/AF-Q13133-F1-model_v4.pdb.gz
INFO:2025-10-30 14:32:22,330:Successfully computed HSC for Q13133.
INFO:2025-10-30 14:32:22,330:Processing Q13136 with model AF-Q13136-F1-model_v4.pdb
INFO:2025-10-30 14:32:22,595:Computing HSC features for: Q13136, ENST00000253925, ../Ntranos_Rotation/ESM-SaProt/AF-Q13136-F1-model_v4.pdb.gz
INFO:2025-10-30 14:34:37,751:Successfully computed HSC for Q13136.
INFO:2025-10-30 14:34:37,751:Processing Q13137 with model AF-Q13137-F1-model_v4.pdb
INFO:2025-10-30 14:34:37,826:Computing HSC features for: Q13137, ENST00000258947, ../Ntranos_Rotation/ESM-SaProt/AF-Q13137-F1-model_v4.pdb.gz
INFO:2025-10-30 14:35:15,477:Successfully computed HSC for Q13137.
INFO:2025-10-30 14:35:15,477:Processing Q13144 with model AF-Q13144-F1-model_v4.pdb
ERROR:2025-10-30 14:35:15,580:No transcript record found for Q13144 in gnomAD.
INFO:2025-10-30 14:35:15,580:Processing Q13145 with model AF-Q13145-F1-model_v4.pdb
INFO:2025-10-30 14:35:15,628:Computing HSC features for: Q13145, ENST00000375533, ../Ntranos_Rotation/ESM-SaProt/AF-Q13145-F1-model_v4.pdb.gz
INFO:2025-10-30 14:35:42,829:Successfully computed HSC for Q13145.
INFO:2025-10-30 14:35:42,829:Processing Q13148 with model AF-Q13148-F1-model_v4.pdb
INFO:2025-10-30 14:35:42,930:Computing HSC features for: Q13148, ENST00000240185, ../Ntranos_Rotation/ESM-SaProt/AF-Q13148-F1-model_v4.pdb.gz
INFO:2025-10-30 14:36:39,210:Successfully computed HSC for Q13148.
INFO:2025-10-30 14:36:39,210:Processing Q13151 with model AF-Q13151-F1-model_v4.pdb
INFO:2025-10-30 14:36:39,271:Computing HSC features for: Q13151, ENST00000314940, ../Ntranos_Rotation/ESM-SaProt/AF-Q13151-F1-model_v4.pdb.gz
INFO:2025-10-30 14:37:36,111:Successfully computed HSC for Q13151.
INFO:2025-10-30 14:37:36,111:Processing Q13153 with model AF-Q13153-F1-model_v4.pdb
INFO:2025-10-30 14:37:36,573:Computing HSC features for: Q13153, ENST00000356341, ../Ntranos_Rotation/ESM-SaProt/AF-Q13153-F1-model_v4.pdb.gz
INFO:2025-10-30 14:38:58,137:Successfully computed HSC for Q13153.
INFO:2025-10-30 14:38:58,137:Processing Q13488 with model AF-Q13488-F1-model_v4.pdb
INFO:2025-10-30 14:38:58,354:Computing HSC features for: Q13488, ENST00000265686, ../Ntranos_Rotation/ESM-SaProt/AF-Q13488-F1-model_v4.pdb.gz
INFO:2025-10-30 14:41:07,467:Successfully computed HSC for Q13488.
INFO:2025-10-30 14:41:07,467:Processing Q13489 with model AF-Q13489-F1-model_v4.pdb
INFO:2025-10-30 14:41:07,630:Computing HSC features for: Q13489, ENST00000263464, ../Ntranos_Rotation/ESM-SaProt/AF-Q13489-F1-model_v4.pdb.gz
INFO:2025-10-30 14:42:03,323:Successfully computed HSC for Q13489.
INFO:2025-10-30 14:42:03,323:Processing Q5XKL5 with model AF-Q5XKL5-F1-model_v4.pdb
ERROR:2025-10-30 14:42:03,409:No valid CDS found for Q5XKL5
INFO:2025-10-30 14:42:03,409:Processing Q5XKP0 with model AF-Q5XKP0-F1-model_v4.pdb
INFO:2025-10-30 14:42:03,443:Computing HSC features for: Q5XKP0, ENST00000309324, ../Ntranos_Rotation/ESM-SaProt/AF-Q5XKP0-F1-model_v4.pdb.gz
INFO:2025-10-30 14:42:18,819:Successfully computed HSC for Q5XKP0.
INFO:2025-10-30 14:42:18,819:Processing Q5XKR4 with model AF-Q5XKR4-F1-model_v4.pdb
INFO:2025-10-30 14:42:19,225:Computing HSC features for: Q5XKR4, ENST00000306422, ../Ntranos_Rotation/ESM-SaProt/AF-Q5XKR4-F1-model_v4.pdb.gz
INFO:2025-10-30 14:43:17,654:Successfully computed HSC for Q5XKR4.
INFO:2025-10-30 14:43:17,654:Processing Q5XKR9 with model AF-Q5XKR9-F1-model_v4.pdb
INFO:2025-10-30 14:43:17,932:Computing HSC features for: Q5XKR9, ENST00000358460, ../Ntranos_Rotation/ESM-SaProt/AF-Q5XKR9-F1-model_v4.pdb.gz
INFO:2025-10-30 14:43:33,143:Successfully computed HSC for Q5XKR9.
INFO:2025-10-30 14:43:33,143:Processing Q5XLA6 with model AF-Q5XLA6-F1-model_v4.pdb
ERROR:2025-10-30 14:43:33,191:No ENST transcript IDs were mapped to Q5XLA6
INFO:2025-10-30 14:43:33,191:Processing Q5XPI4 with model AF-Q5XPI4-F1-model_v4.pdb
INFO:2025-10-30 14:43:33,381:Computing HSC features for: Q5XPI4, ENST00000327697, ../Ntranos_Rotation/ESM-SaProt/AF-Q5XPI4-F1-model_v4.pdb.gz
INFO:2025-10-30 14:46:07,167:Successfully computed HSC for Q5XPI4.
INFO:2025-10-30 14:46:07,167:Processing Q5XUX0 with model AF-Q5XUX0-F1-model_v4.pdb
INFO:2025-10-30 14:46:07,258:Computing HSC features for: Q5XUX0, ENST00000311635, ../Ntranos_Rotation/ESM-SaProt/AF-Q5XUX0-F1-model_v4.pdb.gz
INFO:2025-10-30 14:47:47,158:Successfully computed HSC for Q5XUX0.
INFO:2025-10-30 14:47:47,158:Processing Q5XUX1 with model AF-Q5XUX1-F1-model_v4.pdb
INFO:2025-10-30 14:47:47,228:Computing HSC features for: Q5XUX1, ENST00000393261, ../Ntranos_Rotation/ESM-SaProt/AF-Q5XUX1-F1-model_v4.pdb.gz
INFO:2025-10-30 14:48:58,744:Successfully computed HSC for Q5XUX1.
INFO:2025-10-30 14:48:58,745:Processing Q5XX13 with model AF-Q5XX13-F1-model_v4.pdb
INFO:2025-10-30 14:48:58,895:Computing HSC features for: Q5XX13, ENST00000395665, ../Ntranos_Rotation/ESM-SaProt/AF-Q5XX13-F1-model_v4.pdb.gz
INFO:2025-10-30 14:50:44,021:Successfully computed HSC for Q5XX13.
INFO:2025-10-30 14:50:44,021:Processing Q5XXA6 with model AF-Q5XXA6-F1-model_v4.pdb
INFO:2025-10-30 14:50:44,508:Computing HSC features for: Q5XXA6, ENST00000355303, ../Ntranos_Rotation/ESM-SaProt/AF-Q5XXA6-F1-model_v4.pdb.gz
INFO:2025-10-30 14:53:00,440:Successfully computed HSC for Q5XXA6.
INFO:2025-10-30 14:53:00,440:Processing Q5YKI7 with model AF-Q5YKI7-F1-model_v4.pdb
ERROR:2025-10-30 14:53:00,477:No ENST transcript IDs were mapped to Q5YKI7
INFO:2025-10-30 14:53:00,477:Processing Q5ZPR3 with model AF-Q5ZPR3-F1-model_v4.pdb
INFO:2025-10-30 14:53:00,610:Computing HSC features for: Q5ZPR3, ENST00000318443, ../Ntranos_Rotation/ESM-SaProt/AF-Q5ZPR3-F1-model_v4.pdb.gz
INFO:2025-10-30 14:54:27,036:Successfully computed HSC for Q5ZPR3.
INFO:2025-10-30 14:54:27,036:Processing Q60I27 with model AF-Q60I27-F1-model_v4.pdb
INFO:2025-10-30 14:54:27,167:Computing HSC features for: Q60I27, ENST00000318962, ../Ntranos_Rotation/ESM-SaProt/AF-Q60I27-F1-model_v4.pdb.gz
INFO:2025-10-30 14:56:30,420:Successfully computed HSC for Q60I27.
INFO:2025-10-30 14:56:30,420:Processing Q629K1 with model AF-Q629K1-F1-model_v4.pdb
INFO:2025-10-30 14:56:30,459:Computing HSC features for: Q629K1, ENST00000378861, ../Ntranos_Rotation/ESM-SaProt/AF-Q629K1-F1-model_v4.pdb.gz
INFO:2025-10-30 14:56:41,812:Successfully computed HSC for Q629K1.
INFO:2025-10-30 14:56:41,813:Processing Q63HK3 with model AF-Q63HK3-F1-model_v4.pdb
INFO:2025-10-30 14:56:41,946:Computing HSC features for: Q63HK3, ENST00000328086, ../Ntranos_Rotation/ESM-SaProt/AF-Q63HK3-F1-model_v4.pdb.gz
INFO:2025-10-30 14:58:23,144:Successfully computed HSC for Q63HK3.
INFO:2025-10-30 14:58:23,144:Processing Q63HK5 with model AF-Q63HK5-F1-model_v4.pdb
INFO:2025-10-30 14:58:23,291:Computing HSC features for: Q63HK5, ENST00000240587, ../Ntranos_Rotation/ESM-SaProt/AF-Q63HK5-F1-model_v4.pdb.gz
INFO:2025-10-30 15:00:46,013:Successfully computed HSC for Q63HK5.
INFO:2025-10-30 15:00:46,013:Processing Q63HM1 with model AF-Q63HM1-F1-model_v4.pdb
INFO:2025-10-30 15:00:46,101:Computing HSC features for: Q63HM1, ENST00000409257, ../Ntranos_Rotation/ESM-SaProt/AF-Q63HM1-F1-model_v4.pdb.gz
INFO:2025-10-30 15:01:25,131:Successfully computed HSC for Q63HM1.
INFO:2025-10-30 15:01:25,131:Processing Q63HM2 with model AF-Q63HM2-F1-model_v4.pdb
INFO:2025-10-30 15:01:25,389:Computing HSC features for: Q63HM2, ENST00000406854, ../Ntranos_Rotation/ESM-SaProt/AF-Q63HM2-F1-model_v4.pdb.gz
INFO:2025-10-30 15:03:07,118:Successfully computed HSC for Q63HM2.
INFO:2025-10-30 15:03:07,118:Processing Q63HM9 with model AF-Q63HM9-F1-model_v4.pdb
INFO:2025-10-30 15:03:07,214:Computing HSC features for: Q63HM9, ENST00000377801, ../Ntranos_Rotation/ESM-SaProt/AF-Q63HM9-F1-model_v4.pdb.gz
INFO:2025-10-30 15:03:39,401:Successfully computed HSC for Q63HM9.
INFO:2025-10-30 15:03:39,401:Processing Q63HN1 with model AF-Q63HN1-F1-model_v4.pdb
ERROR:2025-10-30 15:03:39,533:No ENST transcript IDs were mapped to Q63HN1
INFO:2025-10-30 15:03:39,533:Processing Q63HN8 with model AF-Q63HN8-F1-model_v4.pdb
ERROR:2025-10-30 15:03:39,827:No valid CDS found for Q63HN8
INFO:2025-10-30 15:03:39,827:Processing Q63HQ0 with model AF-Q63HQ0-F1-model_v4.pdb
INFO:2025-10-30 15:03:39,935:Computing HSC features for: Q63HQ0, ENST00000274000, ../Ntranos_Rotation/ESM-SaProt/AF-Q63HQ0-F1-model_v4.pdb.gz
INFO:2025-10-30 15:04:17,398:Successfully computed HSC for Q63HQ0.
INFO:2025-10-30 15:04:17,398:Processing Q63HQ2 with model AF-Q63HQ2-F1-model_v4.pdb
INFO:2025-10-30 15:04:17,616:Computing HSC features for: Q63HQ2, ENST00000354891, ../Ntranos_Rotation/ESM-SaProt/AF-Q63HQ2-F1-model_v4.pdb.gz
INFO:2025-10-30 15:06:13,991:Successfully computed HSC for Q63HQ2.
INFO:2025-10-30 15:06:13,992:Processing Q63HR2 with model AF-Q63HR2-F1-model_v4.pdb
INFO:2025-10-30 15:06:14,281:Computing HSC features for: Q63HR2, ENST00000314250, ../Ntranos_Rotation/ESM-SaProt/AF-Q63HR2-F1-model_v4.pdb.gz
INFO:2025-10-30 15:09:08,844:Successfully computed HSC for Q63HR2.
INFO:2025-10-30 15:09:08,844:Processing Q63ZE4 with model AF-Q63ZE4-F1-model_v4.pdb
INFO:2025-10-30 15:09:08,977:Computing HSC features for: Q63ZE4, ENST00000332793, ../Ntranos_Rotation/ESM-SaProt/AF-Q63ZE4-F1-model_v4.pdb.gz
INFO:2025-10-30 15:09:59,915:Successfully computed HSC for Q63ZE4.
INFO:2025-10-30 15:09:59,915:Processing Q63ZY3 with model AF-Q63ZY3-F1-model_v4.pdb
INFO:2025-10-30 15:10:00,109:Computing HSC features for: Q63ZY3, ENST00000586659, ../Ntranos_Rotation/ESM-SaProt/AF-Q63ZY3-F1-model_v4.pdb.gz
INFO:2025-10-30 15:12:16,827:Successfully computed HSC for Q63ZY3.
INFO:2025-10-30 15:12:16,827:Processing Q13370 with model AF-Q13370-F1-model_v4.pdb
INFO:2025-10-30 15:12:17,088:Computing HSC features for: Q13370, ENST00000282096, ../Ntranos_Rotation/ESM-SaProt/AF-Q13370-F1-model_v4.pdb.gz
INFO:2025-10-30 15:14:39,806:Successfully computed HSC for Q13370.
INFO:2025-10-30 15:14:39,806:Processing Q13371 with model AF-Q13371-F1-model_v4.pdb
INFO:2025-10-30 15:14:39,903:Computing HSC features for: Q13371, ENST00000259467, ../Ntranos_Rotation/ESM-SaProt/AF-Q13371-F1-model_v4.pdb.gz
INFO:2025-10-30 15:15:08,667:Successfully computed HSC for Q13371.
INFO:2025-10-30 15:15:08,668:Processing Q13387 with model AF-Q13387-F1-model_v4.pdb
INFO:2025-10-30 15:15:08,851:Computing HSC features for: Q13387, ENST00000329492, ../Ntranos_Rotation/ESM-SaProt/AF-Q13387-F1-model_v4.pdb.gz
INFO:2025-10-30 15:17:38,510:Successfully computed HSC for Q13387.
INFO:2025-10-30 15:17:38,510:Processing Q13393 with model AF-Q13393-F1-model_v4.pdb
INFO:2025-10-30 15:17:38,775:Computing HSC features for: Q13393, ENST00000351298, ../Ntranos_Rotation/ESM-SaProt/AF-Q13393-F1-model_v4.pdb.gz
INFO:2025-10-30 15:19:26,979:Successfully computed HSC for Q13393.
INFO:2025-10-30 15:19:26,980:Processing Q13394 with model AF-Q13394-F1-model_v4.pdb
ERROR:2025-10-30 15:19:27,052:No transcript record found for Q13394 in gnomAD.
INFO:2025-10-30 15:19:27,052:Processing Q13395 with model AF-Q13395-F1-model_v4.pdb
INFO:2025-10-30 15:19:27,415:Computing HSC features for: Q13395, ENST00000040877, ../Ntranos_Rotation/ESM-SaProt/AF-Q13395-F1-model_v4.pdb.gz
INFO:2025-10-30 15:22:35,554:Successfully computed HSC for Q13395.
INFO:2025-10-30 15:22:35,555:Processing Q13398 with model AF-Q13398-F1-model_v4.pdb
INFO:2025-10-30 15:22:35,668:Computing HSC features for: Q13398, ENST00000347302, ../Ntranos_Rotation/ESM-SaProt/AF-Q13398-F1-model_v4.pdb.gz
INFO:2025-10-30 15:23:35,409:Successfully computed HSC for Q13398.
INFO:2025-10-30 15:23:35,409:Processing Q13401 with model AF-Q13401-F1-model_v4.pdb
ERROR:2025-10-30 15:23:35,467:No ENST transcript IDs were mapped to Q13401
INFO:2025-10-30 15:23:35,467:Processing Q13402 with model AF-Q13402-F1-model_v4.pdb
INFO:2025-10-30 15:23:35,940:Computing HSC features for: Q13402, ENST00000409709, ../Ntranos_Rotation/ESM-SaProt/AF-Q13402-F1-model_v4.pdb.gz
INFO:2025-10-30 15:28:28,704:Successfully computed HSC for Q13402.
INFO:2025-10-30 15:28:28,704:Processing Q13404 with model AF-Q13404-F1-model_v4.pdb
INFO:2025-10-30 15:28:28,768:Computing HSC features for: Q13404, ENST00000371674, ../Ntranos_Rotation/ESM-SaProt/AF-Q13404-F1-model_v4.pdb.gz
INFO:2025-10-30 15:28:45,530:Successfully computed HSC for Q13404.
INFO:2025-10-30 15:28:45,530:Processing Q13405 with model AF-Q13405-F1-model_v4.pdb
INFO:2025-10-30 15:28:45,583:Computing HSC features for: Q13405, ENST00000279242, ../Ntranos_Rotation/ESM-SaProt/AF-Q13405-F1-model_v4.pdb.gz
INFO:2025-10-30 15:29:05,352:Successfully computed HSC for Q13405.
INFO:2025-10-30 15:29:05,353:Processing Q13409 with model AF-Q13409-F1-model_v4.pdb
ERROR:2025-10-30 15:29:05,448:No transcript record found for Q13409 in gnomAD.
INFO:2025-10-30 15:29:05,448:Pipeline completed.
INFO:2025-10-30 15:29:05,448:no_enst_for_uniprot: 4
INFO:2025-10-30 15:29:05,448:no_valid_cds: 2
INFO:2025-10-30 15:29:05,448:no_variant_data: 3
INFO:2025-10-30 15:29:05,448:bad_structure: 0
INFO:2025-10-30 15:29:05,448:no_enst_mp: 0
