INFO:2025-10-30 14:27:03,504:Starting HSC computation pipeline...
INFO:2025-10-30 14:28:06,554:Processing Q9BRT6 with model AF-Q9BRT6-F1-model_v4.pdb
INFO:2025-10-30 14:28:06,632:Computing HSC features for: Q9BRT6, ENST00000266604, ../Ntranos_Rotation/ESM-SaProt/AF-Q9BRT6-F1-model_v4.pdb.gz
INFO:2025-10-30 14:28:17,481:Successfully computed HSC for Q9BRT6.
INFO:2025-10-30 14:28:17,481:Processing Q9BRT8 with model AF-Q9BRT8-F1-model_v4.pdb
INFO:2025-10-30 14:28:17,588:Computing HSC features for: Q9BRT8, ENST00000356521, ../Ntranos_Rotation/ESM-SaProt/AF-Q9BRT8-F1-model_v4.pdb.gz
INFO:2025-10-30 14:28:51,633:Successfully computed HSC for Q9BRT8.
INFO:2025-10-30 14:28:51,633:Processing Q9BRT9 with model AF-Q9BRT9-F1-model_v4.pdb
INFO:2025-10-30 14:28:51,697:Computing HSC features for: Q9BRT9, ENST00000276533, ../Ntranos_Rotation/ESM-SaProt/AF-Q9BRT9-F1-model_v4.pdb.gz
INFO:2025-10-30 14:29:13,703:Successfully computed HSC for Q9BRT9.
INFO:2025-10-30 14:29:13,703:Processing Q9BRU2 with model AF-Q9BRU2-F1-model_v4.pdb
INFO:2025-10-30 14:29:13,872:Computing HSC features for: Q9BRU2, ENST00000332431, ../Ntranos_Rotation/ESM-SaProt/AF-Q9BRU2-F1-model_v4.pdb.gz
INFO:2025-10-30 14:29:24,335:Successfully computed HSC for Q9BRU2.
INFO:2025-10-30 14:29:24,335:Processing Q9BRU9 with model AF-Q9BRU9-F1-model_v4.pdb
INFO:2025-10-30 14:29:24,440:Computing HSC features for: Q9BRU9, ENST00000309822, ../Ntranos_Rotation/ESM-SaProt/AF-Q9BRU9-F1-model_v4.pdb.gz
INFO:2025-10-30 14:29:53,585:Successfully computed HSC for Q9BRU9.
INFO:2025-10-30 14:29:53,585:Processing Q9BRV3 with model AF-Q9BRV3-F1-model_v4.pdb
INFO:2025-10-30 14:29:53,663:Computing HSC features for: Q9BRV3, ENST00000368404, ../Ntranos_Rotation/ESM-SaProt/AF-Q9BRV3-F1-model_v4.pdb.gz
INFO:2025-10-30 14:30:21,686:Successfully computed HSC for Q9BRV3.
INFO:2025-10-30 14:30:21,686:Processing Q9BRV8 with model AF-Q9BRV8-F1-model_v4.pdb
INFO:2025-10-30 14:30:21,766:Computing HSC features for: Q9BRV8, ENST00000060969, ../Ntranos_Rotation/ESM-SaProt/AF-Q9BRV8-F1-model_v4.pdb.gz
INFO:2025-10-30 14:30:44,512:Successfully computed HSC for Q9BRV8.
INFO:2025-10-30 14:30:44,512:Processing Q9BRX2 with model AF-Q9BRX2-F1-model_v4.pdb
INFO:2025-10-30 14:30:44,609:Computing HSC features for: Q9BRX2, ENST00000274311, ../Ntranos_Rotation/ESM-SaProt/AF-Q9BRX2-F1-model_v4.pdb.gz
INFO:2025-10-30 14:31:18,025:Successfully computed HSC for Q9BRX2.
INFO:2025-10-30 14:31:18,025:Processing Q9BRX5 with model AF-Q9BRX5-F1-model_v4.pdb
INFO:2025-10-30 14:31:18,195:Computing HSC features for: Q9BRX5, ENST00000318129, ../Ntranos_Rotation/ESM-SaProt/AF-Q9BRX5-F1-model_v4.pdb.gz
INFO:2025-10-30 14:31:36,364:Successfully computed HSC for Q9BRX5.
INFO:2025-10-30 14:31:36,364:Processing Q9BRX8 with model AF-Q9BRX8-F1-model_v4.pdb
INFO:2025-10-30 14:31:36,441:Computing HSC features for: Q9BRX8, ENST00000372181, ../Ntranos_Rotation/ESM-SaProt/AF-Q9BRX8-F1-model_v4.pdb.gz
INFO:2025-10-30 14:31:57,271:Successfully computed HSC for Q9BRX8.
INFO:2025-10-30 14:31:57,271:Processing Q9BRX9 with model AF-Q9BRX9-F1-model_v4.pdb
INFO:2025-10-30 14:31:57,353:Computing HSC features for: Q9BRX9, ENST00000418543, ../Ntranos_Rotation/ESM-SaProt/AF-Q9BRX9-F1-model_v4.pdb.gz
INFO:2025-10-30 14:32:29,213:Successfully computed HSC for Q9BRX9.
INFO:2025-10-30 14:32:29,213:Processing Q9BRY0 with model AF-Q9BRY0-F1-model_v4.pdb
INFO:2025-10-30 14:32:29,277:Computing HSC features for: Q9BRY0, ENST00000269740, ../Ntranos_Rotation/ESM-SaProt/AF-Q9BRY0-F1-model_v4.pdb.gz
INFO:2025-10-30 14:33:02,276:Successfully computed HSC for Q9BRY0.
INFO:2025-10-30 14:33:02,276:Processing Q9BRZ2 with model AF-Q9BRZ2-F1-model_v4.pdb
INFO:2025-10-30 14:33:02,421:Computing HSC features for: Q9BRZ2, ENST00000306085, ../Ntranos_Rotation/ESM-SaProt/AF-Q9BRZ2-F1-model_v4.pdb.gz
INFO:2025-10-30 14:34:21,675:Successfully computed HSC for Q9BRZ2.
INFO:2025-10-30 14:34:21,676:Processing Q9BS16 with model AF-Q9BS16-F1-model_v4.pdb
INFO:2025-10-30 14:34:21,725:Computing HSC features for: Q9BS16, ENST00000242872, ../Ntranos_Rotation/ESM-SaProt/AF-Q9BS16-F1-model_v4.pdb.gz
INFO:2025-10-30 14:34:37,519:Successfully computed HSC for Q9BS16.
INFO:2025-10-30 14:34:37,519:Processing Q9BS18 with model AF-Q9BS18-F1-model_v4.pdb
INFO:2025-10-30 14:34:37,557:Computing HSC features for: Q9BS18, ENST00000354910, ../Ntranos_Rotation/ESM-SaProt/AF-Q9BS18-F1-model_v4.pdb.gz
INFO:2025-10-30 14:34:42,341:Successfully computed HSC for Q9BS18.
INFO:2025-10-30 14:34:42,342:Processing Q9BS26 with model AF-Q9BS26-F1-model_v4.pdb
INFO:2025-10-30 14:34:42,418:Computing HSC features for: Q9BS26, ENST00000262455, ../Ntranos_Rotation/ESM-SaProt/AF-Q9BS26-F1-model_v4.pdb.gz
INFO:2025-10-30 14:35:12,775:Successfully computed HSC for Q9BS26.
INFO:2025-10-30 14:35:12,776:Processing Q9BS31 with model AF-Q9BS31-F1-model_v4.pdb
INFO:2025-10-30 14:35:12,846:Computing HSC features for: Q9BS31, ENST00000354957, ../Ntranos_Rotation/ESM-SaProt/AF-Q9BS31-F1-model_v4.pdb.gz
INFO:2025-10-30 14:35:45,722:Successfully computed HSC for Q9BS31.
INFO:2025-10-30 14:35:45,722:Processing Q9BS34 with model AF-Q9BS34-F1-model_v4.pdb
INFO:2025-10-30 14:35:45,810:Computing HSC features for: Q9BS34, ENST00000366503, ../Ntranos_Rotation/ESM-SaProt/AF-Q9BS34-F1-model_v4.pdb.gz
INFO:2025-10-30 14:36:07,765:Successfully computed HSC for Q9BS34.
INFO:2025-10-30 14:36:07,765:Processing Q9BS40 with model AF-Q9BS40-F1-model_v4.pdb
INFO:2025-10-30 14:36:07,843:Computing HSC features for: Q9BS40, ENST00000264265, ../Ntranos_Rotation/ESM-SaProt/AF-Q9BS40-F1-model_v4.pdb.gz
INFO:2025-10-30 14:36:24,742:Successfully computed HSC for Q9BS40.
INFO:2025-10-30 14:36:24,742:Processing Q9BS86 with model AF-Q9BS86-F1-model_v4.pdb
INFO:2025-10-30 14:36:24,821:Computing HSC features for: Q9BS86, ENST00000046087, ../Ntranos_Rotation/ESM-SaProt/AF-Q9BS86-F1-model_v4.pdb.gz
INFO:2025-10-30 14:36:51,330:Successfully computed HSC for Q9BS86.
INFO:2025-10-30 14:36:51,330:Processing Q9BS91 with model AF-Q9BS91-F1-model_v4.pdb
INFO:2025-10-30 14:36:51,427:Computing HSC features for: Q9BS91, ENST00000492406, ../Ntranos_Rotation/ESM-SaProt/AF-Q9BS91-F1-model_v4.pdb.gz
INFO:2025-10-30 14:37:17,782:Successfully computed HSC for Q9BS91.
INFO:2025-10-30 14:37:17,782:Processing Q9BS92 with model AF-Q9BS92-F1-model_v4.pdb
INFO:2025-10-30 14:37:17,854:Computing HSC features for: Q9BS92, ENST00000374762, ../Ntranos_Rotation/ESM-SaProt/AF-Q9BS92-F1-model_v4.pdb.gz
INFO:2025-10-30 14:37:35,928:Successfully computed HSC for Q9BS92.
INFO:2025-10-30 14:37:35,929:Processing Q9BSA4 with model AF-Q9BSA4-F1-model_v4.pdb
INFO:2025-10-30 14:37:36,031:Computing HSC features for: Q9BSA4, ENST00000269346, ../Ntranos_Rotation/ESM-SaProt/AF-Q9BSA4-F1-model_v4.pdb.gz
INFO:2025-10-30 14:38:41,817:Successfully computed HSC for Q9BSA4.
INFO:2025-10-30 14:38:41,817:Processing Q9BSA9 with model AF-Q9BSA9-F1-model_v4.pdb
INFO:2025-10-30 14:38:41,917:Computing HSC features for: Q9BSA9, ENST00000264771, ../Ntranos_Rotation/ESM-SaProt/AF-Q9BSA9-F1-model_v4.pdb.gz
INFO:2025-10-30 14:39:32,923:Successfully computed HSC for Q9BSA9.
INFO:2025-10-30 14:39:32,924:Processing Q9BSB4 with model AF-Q9BSB4-F1-model_v4.pdb
INFO:2025-10-30 14:39:32,989:Computing HSC features for: Q9BSB4, ENST00000336854, ../Ntranos_Rotation/ESM-SaProt/AF-Q9BSB4-F1-model_v4.pdb.gz
INFO:2025-10-30 14:39:52,431:Successfully computed HSC for Q9BSB4.
INFO:2025-10-30 14:39:52,431:Processing Q9BSC4 with model AF-Q9BSC4-F1-model_v4.pdb
INFO:2025-10-30 14:39:52,570:Computing HSC features for: Q9BSC4, ENST00000381685, ../Ntranos_Rotation/ESM-SaProt/AF-Q9BSC4-F1-model_v4.pdb.gz
INFO:2025-10-30 14:40:35,372:Successfully computed HSC for Q9BSC4.
INFO:2025-10-30 14:40:35,372:Processing Q9BSD3 with model AF-Q9BSD3-F1-model_v4.pdb
INFO:2025-10-30 14:40:35,479:Computing HSC features for: Q9BSD3, ENST00000489288, ../Ntranos_Rotation/ESM-SaProt/AF-Q9BSD3-F1-model_v4.pdb.gz
INFO:2025-10-30 14:40:51,215:Successfully computed HSC for Q9BSD3.
INFO:2025-10-30 14:40:51,216:Processing Q9BSD7 with model AF-Q9BSD7-F1-model_v4.pdb
INFO:2025-10-30 14:40:51,288:Computing HSC features for: Q9BSD7, ENST00000366628, ../Ntranos_Rotation/ESM-SaProt/AF-Q9BSD7-F1-model_v4.pdb.gz
INFO:2025-10-30 14:41:06,643:Successfully computed HSC for Q9BSD7.
INFO:2025-10-30 14:41:06,643:Processing Q9BSE2 with model AF-Q9BSE2-F1-model_v4.pdb
INFO:2025-10-30 14:41:06,742:Computing HSC features for: Q9BSE2, ENST00000295694, ../Ntranos_Rotation/ESM-SaProt/AF-Q9BSE2-F1-model_v4.pdb.gz
INFO:2025-10-30 14:41:43,037:Successfully computed HSC for Q9BSE2.
INFO:2025-10-30 14:41:43,037:Processing Q9BSE4 with model AF-Q9BSE4-F1-model_v4.pdb
INFO:2025-10-30 14:41:43,118:Computing HSC features for: Q9BSE4, ENST00000311350, ../Ntranos_Rotation/ESM-SaProt/AF-Q9BSE4-F1-model_v4.pdb.gz
INFO:2025-10-30 14:42:07,481:Successfully computed HSC for Q9BSE4.
INFO:2025-10-30 14:42:07,481:Processing Q9BSE5 with model AF-Q9BSE5-F1-model_v4.pdb
INFO:2025-10-30 14:42:07,557:Computing HSC features for: Q9BSE5, ENST00000375826, ../Ntranos_Rotation/ESM-SaProt/AF-Q9BSE5-F1-model_v4.pdb.gz
INFO:2025-10-30 14:42:41,302:Successfully computed HSC for Q9BSE5.
INFO:2025-10-30 14:42:41,302:Processing Q9BSF0 with model AF-Q9BSF0-F1-model_v4.pdb
INFO:2025-10-30 14:42:41,362:Computing HSC features for: Q9BSF0, ENST00000340623, ../Ntranos_Rotation/ESM-SaProt/AF-Q9BSF0-F1-model_v4.pdb.gz
INFO:2025-10-30 14:42:47,198:Successfully computed HSC for Q9BSF0.
INFO:2025-10-30 14:42:47,198:Processing Q9BSF4 with model AF-Q9BSF4-F1-model_v4.pdb
INFO:2025-10-30 14:42:47,281:Computing HSC features for: Q9BSF4, ENST00000270502, ../Ntranos_Rotation/ESM-SaProt/AF-Q9BSF4-F1-model_v4.pdb.gz
INFO:2025-10-30 14:43:23,438:Successfully computed HSC for Q9BSF4.
INFO:2025-10-30 14:43:23,439:Processing Q9BSF8 with model AF-Q9BSF8-F1-model_v4.pdb
INFO:2025-10-30 14:43:23,544:Computing HSC features for: Q9BSF8, ENST00000278174, ../Ntranos_Rotation/ESM-SaProt/AF-Q9BSF8-F1-model_v4.pdb.gz
INFO:2025-10-30 14:43:55,779:Successfully computed HSC for Q9BSF8.
INFO:2025-10-30 14:43:55,779:Processing Q9BSG0 with model AF-Q9BSG0-F1-model_v4.pdb
INFO:2025-10-30 14:43:55,854:Computing HSC features for: Q9BSG0, ENST00000258083, ../Ntranos_Rotation/ESM-SaProt/AF-Q9BSG0-F1-model_v4.pdb.gz
INFO:2025-10-30 14:44:13,814:Successfully computed HSC for Q9BSG0.
INFO:2025-10-30 14:44:13,814:Processing Q9BSG1 with model AF-Q9BSG1-F1-model_v4.pdb
ERROR:2025-10-30 14:44:13,897:No transcript record found for Q9BSG1 in gnomAD.
INFO:2025-10-30 14:44:13,897:Processing Q9BSG5 with model AF-Q9BSG5-F1-model_v4.pdb
INFO:2025-10-30 14:44:13,969:Computing HSC features for: Q9BSG5, ENST00000458671, ../Ntranos_Rotation/ESM-SaProt/AF-Q9BSG5-F1-model_v4.pdb.gz
INFO:2025-10-30 14:44:37,579:Successfully computed HSC for Q9BSG5.
INFO:2025-10-30 14:44:37,579:Processing Q9BSH3 with model AF-Q9BSH3-F1-model_v4.pdb
INFO:2025-10-30 14:44:37,631:Computing HSC features for: Q9BSH3, ENST00000273598, ../Ntranos_Rotation/ESM-SaProt/AF-Q9BSH3-F1-model_v4.pdb.gz
INFO:2025-10-30 14:44:55,127:Successfully computed HSC for Q9BSH3.
INFO:2025-10-30 14:44:55,127:Processing Q9BSH4 with model AF-Q9BSH4-F1-model_v4.pdb
INFO:2025-10-30 14:44:55,196:Computing HSC features for: Q9BSH4, ENST00000258975, ../Ntranos_Rotation/ESM-SaProt/AF-Q9BSH4-F1-model_v4.pdb.gz
INFO:2025-10-30 14:45:19,988:Successfully computed HSC for Q9BSH4.
INFO:2025-10-30 14:45:19,988:Processing Q9BSH5 with model AF-Q9BSH5-F1-model_v4.pdb
INFO:2025-10-30 14:45:20,049:Computing HSC features for: Q9BSH5, ENST00000238379, ../Ntranos_Rotation/ESM-SaProt/AF-Q9BSH5-F1-model_v4.pdb.gz
INFO:2025-10-30 14:45:39,367:Successfully computed HSC for Q9BSH5.
INFO:2025-10-30 14:45:39,367:Processing Q9BSI4 with model AF-Q9BSI4-F1-model_v4.pdb
INFO:2025-10-30 14:45:39,450:Computing HSC features for: Q9BSI4, ENST00000267415, ../Ntranos_Rotation/ESM-SaProt/AF-Q9BSI4-F1-model_v4.pdb.gz
INFO:2025-10-30 14:46:11,774:Successfully computed HSC for Q9BSI4.
INFO:2025-10-30 14:46:11,774:Processing Q9BSJ1 with model AF-Q9BSJ1-F1-model_v4.pdb
INFO:2025-10-30 14:46:11,905:Computing HSC features for: Q9BSJ1, ENST00000449290, ../Ntranos_Rotation/ESM-SaProt/AF-Q9BSJ1-F1-model_v4.pdb.gz
INFO:2025-10-30 14:46:39,976:Successfully computed HSC for Q9BSJ1.
INFO:2025-10-30 14:46:39,977:Processing Q9BSJ2 with model AF-Q9BSJ2-F1-model_v4.pdb
INFO:2025-10-30 14:46:40,202:Computing HSC features for: Q9BSJ2, ENST00000252936, ../Ntranos_Rotation/ESM-SaProt/AF-Q9BSJ2-F1-model_v4.pdb.gz
INFO:2025-10-30 14:48:14,642:Successfully computed HSC for Q9BSJ2.
INFO:2025-10-30 14:48:14,643:Processing Q9BSJ5 with model AF-Q9BSJ5-F1-model_v4.pdb
INFO:2025-10-30 14:48:14,805:Computing HSC features for: Q9BSJ5, ENST00000359042, ../Ntranos_Rotation/ESM-SaProt/AF-Q9BSJ5-F1-model_v4.pdb.gz
INFO:2025-10-30 14:48:58,397:Successfully computed HSC for Q9BSJ5.
INFO:2025-10-30 14:48:58,397:Processing Q9BSJ6 with model AF-Q9BSJ6-F1-model_v4.pdb
INFO:2025-10-30 14:48:58,459:Computing HSC features for: Q9BSJ6, ENST00000250056, ../Ntranos_Rotation/ESM-SaProt/AF-Q9BSJ6-F1-model_v4.pdb.gz
INFO:2025-10-30 14:49:17,167:Successfully computed HSC for Q9BSJ6.
INFO:2025-10-30 14:49:17,167:Processing Q9BSJ8 with model AF-Q9BSJ8-F1-model_v4.pdb
INFO:2025-10-30 14:49:17,299:Computing HSC features for: Q9BSJ8, ENST00000394048, ../Ntranos_Rotation/ESM-SaProt/AF-Q9BSJ8-F1-model_v4.pdb.gz
INFO:2025-10-30 14:50:41,137:Successfully computed HSC for Q9BSJ8.
INFO:2025-10-30 14:50:41,137:Processing Q9BSK0 with model AF-Q9BSK0-F1-model_v4.pdb
INFO:2025-10-30 14:50:41,191:Computing HSC features for: Q9BSK0, ENST00000285605, ../Ntranos_Rotation/ESM-SaProt/AF-Q9BSK0-F1-model_v4.pdb.gz
INFO:2025-10-30 14:51:04,476:Successfully computed HSC for Q9BSK0.
INFO:2025-10-30 14:51:04,476:Processing Q9BSK1 with model AF-Q9BSK1-F1-model_v4.pdb
INFO:2025-10-30 14:51:04,564:Computing HSC features for: Q9BSK1, ENST00000301399, ../Ntranos_Rotation/ESM-SaProt/AF-Q9BSK1-F1-model_v4.pdb.gz
INFO:2025-10-30 14:51:41,732:Successfully computed HSC for Q9BSK1.
INFO:2025-10-30 14:51:41,732:Processing Q9BSK2 with model AF-Q9BSK2-F1-model_v4.pdb
INFO:2025-10-30 14:51:41,788:Computing HSC features for: Q9BSK2, ENST00000302692, ../Ntranos_Rotation/ESM-SaProt/AF-Q9BSK2-F1-model_v4.pdb.gz
INFO:2025-10-30 14:52:04,260:Successfully computed HSC for Q9BSK2.
INFO:2025-10-30 14:52:04,261:Processing Q9BSK4 with model AF-Q9BSK4-F1-model_v4.pdb
INFO:2025-10-30 14:52:04,407:Computing HSC features for: Q9BSK4, ENST00000269856, ../Ntranos_Rotation/ESM-SaProt/AF-Q9BSK4-F1-model_v4.pdb.gz
INFO:2025-10-30 14:53:20,570:Successfully computed HSC for Q9BSK4.
INFO:2025-10-30 14:53:20,570:Pipeline completed.
INFO:2025-10-30 14:53:20,570:no_enst_for_uniprot: 0
INFO:2025-10-30 14:53:20,570:no_valid_cds: 0
INFO:2025-10-30 14:53:20,570:no_variant_data: 1
INFO:2025-10-30 14:53:20,570:bad_structure: 0
INFO:2025-10-30 14:53:20,570:no_enst_mp: 0
