INFO:2025-10-30 14:26:03,263:Starting HSC computation pipeline...
INFO:2025-10-30 14:26:54,656:Processing Q587I9 with model AF-Q587I9-F1-model_v4.pdb
INFO:2025-10-30 14:26:54,708:Computing HSC features for: Q587I9, ENST00000310981, ../Ntranos_Rotation/ESM-SaProt/AF-Q587I9-F1-model_v4.pdb.gz
INFO:2025-10-30 14:27:31,321:Successfully computed HSC for Q587I9.
INFO:2025-10-30 14:27:31,321:Processing Q587J7 with model AF-Q587J7-F1-model_v4.pdb
INFO:2025-10-30 14:27:31,425:Computing HSC features for: Q587J7, ENST00000444215, ../Ntranos_Rotation/ESM-SaProt/AF-Q587J7-F1-model_v4.pdb.gz
INFO:2025-10-30 14:28:43,568:Successfully computed HSC for Q587J7.
INFO:2025-10-30 14:28:43,568:Processing Q587J8 with model AF-Q587J8-F1-model_v4.pdb
INFO:2025-10-30 14:28:43,650:Computing HSC features for: Q587J8, ENST00000370367, ../Ntranos_Rotation/ESM-SaProt/AF-Q587J8-F1-model_v4.pdb.gz
INFO:2025-10-30 14:29:05,910:Successfully computed HSC for Q587J8.
INFO:2025-10-30 14:29:05,911:Processing Q58A44 with model AF-Q58A44-F1-model_v4.pdb
ERROR:2025-10-30 14:29:05,991:No ENST transcript IDs were mapped to Q58A44
INFO:2025-10-30 14:29:05,991:Processing Q58A45 with model AF-Q58A45-F1-model_v4.pdb
INFO:2025-10-30 14:29:06,239:Computing HSC features for: Q58A45, ENST00000380958, ../Ntranos_Rotation/ESM-SaProt/AF-Q58A45-F1-model_v4.pdb.gz
INFO:2025-10-30 14:30:09,404:Successfully computed HSC for Q58A45.
INFO:2025-10-30 14:30:09,404:Processing Q58DX5 with model AF-Q58DX5-F1-model_v4.pdb
INFO:2025-10-30 14:30:09,504:Computing HSC features for: Q58DX5, ENST00000454872, ../Ntranos_Rotation/ESM-SaProt/AF-Q58DX5-F1-model_v4.pdb.gz
INFO:2025-10-30 14:30:55,476:Successfully computed HSC for Q58DX5.
INFO:2025-10-30 14:30:55,476:Processing Q58EX2 with model AF-Q58EX2-F1-model_v4.pdb
ERROR:2025-10-30 14:30:55,707:No valid CDS found for Q58EX2
INFO:2025-10-30 14:30:55,707:Processing Q58EX7 with model AF-Q58EX7-F1-model_v4.pdb
INFO:2025-10-30 14:30:55,838:Computing HSC features for: Q58EX7, ENST00000360461, ../Ntranos_Rotation/ESM-SaProt/AF-Q58EX7-F1-model_v4.pdb.gz
INFO:2025-10-30 14:32:26,235:Successfully computed HSC for Q58EX7.
INFO:2025-10-30 14:32:26,235:Processing Q58F21 with model AF-Q58F21-F1-model_v4.pdb
INFO:2025-10-30 14:32:26,398:Computing HSC features for: Q58F21, ENST00000362005, ../Ntranos_Rotation/ESM-SaProt/AF-Q58F21-F1-model_v4.pdb.gz
INFO:2025-10-30 14:33:20,206:Successfully computed HSC for Q58F21.
INFO:2025-10-30 14:33:20,206:Processing Q58FF3 with model AF-Q58FF3-F1-model_v4.pdb
ERROR:2025-10-30 14:33:20,272:No ENST transcript IDs were mapped to Q58FF3
INFO:2025-10-30 14:33:20,272:Processing Q58FF6 with model AF-Q58FF6-F1-model_v4.pdb
ERROR:2025-10-30 14:33:20,350:No ENST transcript IDs were mapped to Q58FF6
INFO:2025-10-30 14:33:20,350:Processing Q58FF7 with model AF-Q58FF7-F1-model_v4.pdb
ERROR:2025-10-30 14:33:20,430:No ENST transcript IDs were mapped to Q58FF7
INFO:2025-10-30 14:33:20,430:Processing Q58FF8 with model AF-Q58FF8-F1-model_v4.pdb
ERROR:2025-10-30 14:33:20,540:No ENST transcript IDs were mapped to Q58FF8
INFO:2025-10-30 14:33:20,540:Processing Q58FG0 with model AF-Q58FG0-F1-model_v4.pdb
ERROR:2025-10-30 14:33:20,639:No ENST transcript IDs were mapped to Q58FG0
INFO:2025-10-30 14:33:20,639:Processing Q58FG1 with model AF-Q58FG1-F1-model_v4.pdb
ERROR:2025-10-30 14:33:20,736:No ENST transcript IDs were mapped to Q58FG1
INFO:2025-10-30 14:33:20,736:Processing Q58G82 with model AF-Q58G82-F1-model_v4.pdb
ERROR:2025-10-30 14:33:20,805:No ENST transcript IDs were mapped to Q58G82
INFO:2025-10-30 14:33:20,805:Processing Q58HT5 with model AF-Q58HT5-F1-model_v4.pdb
INFO:2025-10-30 14:33:20,865:Computing HSC features for: Q58HT5, ENST00000374521, ../Ntranos_Rotation/ESM-SaProt/AF-Q58HT5-F1-model_v4.pdb.gz
INFO:2025-10-30 14:33:43,358:Successfully computed HSC for Q58HT5.
INFO:2025-10-30 14:33:43,358:Processing Q15080 with model AF-Q15080-F1-model_v4.pdb
INFO:2025-10-30 14:33:43,444:Computing HSC features for: Q15080, ENST00000248899, ../Ntranos_Rotation/ESM-SaProt/AF-Q15080-F1-model_v4.pdb.gz
INFO:2025-10-30 14:34:15,122:Successfully computed HSC for Q15080.
INFO:2025-10-30 14:34:15,122:Processing Q15084 with model AF-Q15084-F1-model_v4.pdb
INFO:2025-10-30 14:34:15,236:Computing HSC features for: Q15084, ENST00000272227, ../Ntranos_Rotation/ESM-SaProt/AF-Q15084-F1-model_v4.pdb.gz
INFO:2025-10-30 14:34:47,424:Successfully computed HSC for Q15084.
INFO:2025-10-30 14:34:47,424:Processing Q15102 with model AF-Q15102-F1-model_v4.pdb
INFO:2025-10-30 14:34:47,470:Computing HSC features for: Q15102, ENST00000262890, ../Ntranos_Rotation/ESM-SaProt/AF-Q15102-F1-model_v4.pdb.gz
INFO:2025-10-30 14:35:07,410:Successfully computed HSC for Q15102.
INFO:2025-10-30 14:35:07,410:Processing Q15109 with model AF-Q15109-F1-model_v4.pdb
INFO:2025-10-30 14:35:07,491:Computing HSC features for: Q15109, ENST00000375076, ../Ntranos_Rotation/ESM-SaProt/AF-Q15109-F1-model_v4.pdb.gz
INFO:2025-10-30 14:35:40,728:Successfully computed HSC for Q15109.
INFO:2025-10-30 14:35:40,728:Processing Q15111 with model AF-Q15111-F1-model_v4.pdb
INFO:2025-10-30 14:35:40,871:Computing HSC features for: Q15111, ENST00000428675, ../Ntranos_Rotation/ESM-SaProt/AF-Q15111-F1-model_v4.pdb.gz
INFO:2025-10-30 14:36:58,502:Successfully computed HSC for Q15111.
INFO:2025-10-30 14:36:58,502:Processing Q15113 with model AF-Q15113-F1-model_v4.pdb
INFO:2025-10-30 14:36:58,638:Computing HSC features for: Q15113, ENST00000223061, ../Ntranos_Rotation/ESM-SaProt/AF-Q15113-F1-model_v4.pdb.gz
INFO:2025-10-30 14:37:47,927:Successfully computed HSC for Q15113.
INFO:2025-10-30 14:37:47,927:Processing Q15116 with model AF-Q15116-F1-model_v4.pdb
INFO:2025-10-30 14:37:47,999:Computing HSC features for: Q15116, ENST00000334409, ../Ntranos_Rotation/ESM-SaProt/AF-Q15116-F1-model_v4.pdb.gz
INFO:2025-10-30 14:38:14,519:Successfully computed HSC for Q15116.
INFO:2025-10-30 14:38:14,519:Processing Q15118 with model AF-Q15118-F1-model_v4.pdb
INFO:2025-10-30 14:38:14,625:Computing HSC features for: Q15118, ENST00000282077, ../Ntranos_Rotation/ESM-SaProt/AF-Q15118-F1-model_v4.pdb.gz
INFO:2025-10-30 14:38:50,816:Successfully computed HSC for Q15118.
INFO:2025-10-30 14:38:50,816:Processing Q15119 with model AF-Q15119-F1-model_v4.pdb
INFO:2025-10-30 14:38:50,896:Computing HSC features for: Q15119, ENST00000503176, ../Ntranos_Rotation/ESM-SaProt/AF-Q15119-F1-model_v4.pdb.gz
INFO:2025-10-30 14:39:25,868:Successfully computed HSC for Q15119.
INFO:2025-10-30 14:39:25,868:Processing Q15120 with model AF-Q15120-F1-model_v4.pdb
INFO:2025-10-30 14:39:25,958:Computing HSC features for: Q15120, ENST00000379162, ../Ntranos_Rotation/ESM-SaProt/AF-Q15120-F1-model_v4.pdb.gz
INFO:2025-10-30 14:40:01,504:Successfully computed HSC for Q15120.
INFO:2025-10-30 14:40:01,504:Processing Q15121 with model AF-Q15121-F1-model_v4.pdb
INFO:2025-10-30 14:40:01,548:Computing HSC features for: Q15121, ENST00000360472, ../Ntranos_Rotation/ESM-SaProt/AF-Q15121-F1-model_v4.pdb.gz
INFO:2025-10-30 14:40:10,565:Successfully computed HSC for Q15121.
INFO:2025-10-30 14:40:10,565:Processing Q15124 with model AF-Q15124-F1-model_v4.pdb
INFO:2025-10-30 14:40:10,678:Computing HSC features for: Q15124, ENST00000396396, ../Ntranos_Rotation/ESM-SaProt/AF-Q15124-F1-model_v4.pdb.gz
INFO:2025-10-30 14:40:55,020:Successfully computed HSC for Q15124.
INFO:2025-10-30 14:40:55,020:Processing Q15125 with model AF-Q15125-F1-model_v4.pdb
INFO:2025-10-30 14:40:55,063:Computing HSC features for: Q15125, ENST00000495186, ../Ntranos_Rotation/ESM-SaProt/AF-Q15125-F1-model_v4.pdb.gz
INFO:2025-10-30 14:41:11,500:Successfully computed HSC for Q15125.
INFO:2025-10-30 14:41:11,500:Processing Q15126 with model AF-Q15126-F1-model_v4.pdb
INFO:2025-10-30 14:41:11,539:Computing HSC features for: Q15126, ENST00000368467, ../Ntranos_Rotation/ESM-SaProt/AF-Q15126-F1-model_v4.pdb.gz
INFO:2025-10-30 14:41:28,481:Successfully computed HSC for Q15126.
INFO:2025-10-30 14:41:28,481:Processing Q15131 with model AF-Q15131-F1-model_v4.pdb
INFO:2025-10-30 14:41:28,551:Computing HSC features for: Q15131, ENST00000353379, ../Ntranos_Rotation/ESM-SaProt/AF-Q15131-F1-model_v4.pdb.gz
INFO:2025-10-30 14:42:01,287:Successfully computed HSC for Q15131.
INFO:2025-10-30 14:42:01,287:Processing Q15139 with model AF-Q15139-F1-model_v4.pdb
INFO:2025-10-30 14:42:01,406:Computing HSC features for: Q15139, ENST00000331968, ../Ntranos_Rotation/ESM-SaProt/AF-Q15139-F1-model_v4.pdb.gz
INFO:2025-10-30 14:43:08,918:Successfully computed HSC for Q15139.
INFO:2025-10-30 14:43:08,918:Processing Q15147 with model AF-Q15147-F1-model_v4.pdb
ERROR:2025-10-30 14:43:09,052:No transcript record found for Q15147 in gnomAD.
INFO:2025-10-30 14:43:09,052:Processing Q15154 with model AF-Q15154-F1-model_v4.pdb
INFO:2025-10-30 14:43:09,240:Computing HSC features for: Q15154, ENST00000325083, ../Ntranos_Rotation/ESM-SaProt/AF-Q15154-F1-model_v4.pdb.gz
INFO:2025-10-30 14:45:23,652:Successfully computed HSC for Q15154.
INFO:2025-10-30 14:45:23,652:Processing Q15155 with model AF-Q15155-F1-model_v4.pdb
INFO:2025-10-30 14:45:23,796:Computing HSC features for: Q15155, ENST00000287667, ../Ntranos_Rotation/ESM-SaProt/AF-Q15155-F1-model_v4.pdb.gz
INFO:2025-10-30 14:47:41,508:Successfully computed HSC for Q15155.
INFO:2025-10-30 14:47:41,508:Processing Q15165 with model AF-Q15165-F1-model_v4.pdb
INFO:2025-10-30 14:47:41,810:Computing HSC features for: Q15165, ENST00000222572, ../Ntranos_Rotation/ESM-SaProt/AF-Q15165-F1-model_v4.pdb.gz
INFO:2025-10-30 14:48:05,565:Successfully computed HSC for Q15165.
INFO:2025-10-30 14:48:05,565:Processing Q15166 with model AF-Q15166-F1-model_v4.pdb
INFO:2025-10-30 14:48:05,810:Computing HSC features for: Q15166, ENST00000265627, ../Ntranos_Rotation/ESM-SaProt/AF-Q15166-F1-model_v4.pdb.gz
INFO:2025-10-30 14:48:28,458:Successfully computed HSC for Q15166.
INFO:2025-10-30 14:48:28,458:Processing Q15170 with model AF-Q15170-F1-model_v4.pdb
ERROR:2025-10-30 14:48:28,506:No valid CDS found for Q15170
INFO:2025-10-30 14:48:28,506:Processing Q15172 with model AF-Q15172-F1-model_v4.pdb
INFO:2025-10-30 14:48:28,564:Computing HSC features for: Q15172, ENST00000261461, ../Ntranos_Rotation/ESM-SaProt/AF-Q15172-F1-model_v4.pdb.gz
INFO:2025-10-30 14:48:59,419:Successfully computed HSC for Q15172.
INFO:2025-10-30 14:48:59,419:Processing Q15173 with model AF-Q15173-F1-model_v4.pdb
INFO:2025-10-30 14:48:59,481:Computing HSC features for: Q15173, ENST00000164133, ../Ntranos_Rotation/ESM-SaProt/AF-Q15173-F1-model_v4.pdb.gz
INFO:2025-10-30 14:49:45,838:Successfully computed HSC for Q15173.
INFO:2025-10-30 14:49:45,838:Processing Q15181 with model AF-Q15181-F1-model_v4.pdb
INFO:2025-10-30 14:49:45,921:Computing HSC features for: Q15181, ENST00000373232, ../Ntranos_Rotation/ESM-SaProt/AF-Q15181-F1-model_v4.pdb.gz
INFO:2025-10-30 14:50:21,368:Successfully computed HSC for Q15181.
INFO:2025-10-30 14:50:21,368:Processing Q15185 with model AF-Q15185-F1-model_v4.pdb
INFO:2025-10-30 14:50:21,420:Computing HSC features for: Q15185, ENST00000262033, ../Ntranos_Rotation/ESM-SaProt/AF-Q15185-F1-model_v4.pdb.gz
INFO:2025-10-30 14:50:33,279:Successfully computed HSC for Q15185.
INFO:2025-10-30 14:50:33,279:Processing Q15195 with model AF-Q15195-F1-model_v4.pdb
ERROR:2025-10-30 14:50:33,312:No ENST transcript IDs were mapped to Q15195
INFO:2025-10-30 14:50:33,312:Processing Q15198 with model AF-Q15198-F1-model_v4.pdb
INFO:2025-10-30 14:50:33,399:Computing HSC features for: Q15198, ENST00000251630, ../Ntranos_Rotation/ESM-SaProt/AF-Q15198-F1-model_v4.pdb.gz
INFO:2025-10-30 14:51:13,697:Successfully computed HSC for Q15198.
INFO:2025-10-30 14:51:13,697:Processing Q15208 with model AF-Q15208-F1-model_v4.pdb
INFO:2025-10-30 14:51:13,803:Computing HSC features for: Q15208, ENST00000229812, ../Ntranos_Rotation/ESM-SaProt/AF-Q15208-F1-model_v4.pdb.gz
INFO:2025-10-30 14:51:41,089:Successfully computed HSC for Q15208.
INFO:2025-10-30 14:51:41,089:Processing Q15223 with model AF-Q15223-F1-model_v4.pdb
INFO:2025-10-30 14:51:41,207:Computing HSC features for: Q15223, ENST00000264025, ../Ntranos_Rotation/ESM-SaProt/AF-Q15223-F1-model_v4.pdb.gz
INFO:2025-10-30 14:52:42,280:Successfully computed HSC for Q15223.
INFO:2025-10-30 14:52:42,281:Processing Q15233 with model AF-Q15233-F1-model_v4.pdb
INFO:2025-10-30 14:52:42,513:Computing HSC features for: Q15233, ENST00000276079, ../Ntranos_Rotation/ESM-SaProt/AF-Q15233-F1-model_v4.pdb.gz
INFO:2025-10-30 14:53:34,685:Successfully computed HSC for Q15233.
INFO:2025-10-30 14:53:34,686:Processing Q15238 with model AF-Q15238-F1-model_v4.pdb
INFO:2025-10-30 14:53:34,762:Computing HSC features for: Q15238, ENST00000342951, ../Ntranos_Rotation/ESM-SaProt/AF-Q15238-F1-model_v4.pdb.gz
INFO:2025-10-30 14:54:15,276:Successfully computed HSC for Q15238.
INFO:2025-10-30 14:54:15,276:Processing Q53FP2 with model AF-Q53FP2-F1-model_v4.pdb
INFO:2025-10-30 14:54:15,359:Computing HSC features for: Q53FP2, ENST00000372930, ../Ntranos_Rotation/ESM-SaProt/AF-Q53FP2-F1-model_v4.pdb.gz
INFO:2025-10-30 14:54:37,126:Successfully computed HSC for Q53FP2.
INFO:2025-10-30 14:54:37,126:Pipeline completed.
INFO:2025-10-30 14:54:37,126:no_enst_for_uniprot: 9
INFO:2025-10-30 14:54:37,126:no_valid_cds: 2
INFO:2025-10-30 14:54:37,126:no_variant_data: 1
INFO:2025-10-30 14:54:37,126:bad_structure: 0
INFO:2025-10-30 14:54:37,126:no_enst_mp: 0
