INFO:2025-10-30 14:26:02,304:Starting HSC computation pipeline...
INFO:2025-10-30 14:26:59,587:Processing Q8NGA0 with model AF-Q8NGA0-F1-model_v4.pdb
INFO:2025-10-30 14:26:59,624:Computing HSC features for: Q8NGA0, ENST00000541538, ../Ntranos_Rotation/ESM-SaProt/AF-Q8NGA0-F1-model_v4.pdb.gz
INFO:2025-10-30 14:27:21,880:Successfully computed HSC for Q8NGA0.
INFO:2025-10-30 14:27:21,880:Processing Q8NGA1 with model AF-Q8NGA1-F1-model_v4.pdb
INFO:2025-10-30 14:27:21,967:Computing HSC features for: Q8NGA1, ENST00000429566, ../Ntranos_Rotation/ESM-SaProt/AF-Q8NGA1-F1-model_v4.pdb.gz
INFO:2025-10-30 14:27:49,499:Successfully computed HSC for Q8NGA1.
INFO:2025-10-30 14:27:49,500:Processing Q8NGA2 with model AF-Q8NGA2-F1-model_v4.pdb
ERROR:2025-10-30 14:27:49,600:No ENST transcript IDs were mapped to Q8NGA2
INFO:2025-10-30 14:27:49,600:Processing Q8NGA4 with model AF-Q8NGA4-F1-model_v4.pdb
ERROR:2025-10-30 14:27:49,675:No ENST transcript IDs were mapped to Q8NGA4
INFO:2025-10-30 14:27:49,675:Processing Q8NGA5 with model AF-Q8NGA5-F1-model_v4.pdb
INFO:2025-10-30 14:27:49,750:Computing HSC features for: Q8NGA5, ENST00000322107, ../Ntranos_Rotation/ESM-SaProt/AF-Q8NGA5-F1-model_v4.pdb.gz
INFO:2025-10-30 14:28:13,807:Successfully computed HSC for Q8NGA5.
INFO:2025-10-30 14:28:13,807:Processing Q8NGA6 with model AF-Q8NGA6-F1-model_v4.pdb
INFO:2025-10-30 14:28:13,900:Computing HSC features for: Q8NGA6, ENST00000308940, ../Ntranos_Rotation/ESM-SaProt/AF-Q8NGA6-F1-model_v4.pdb.gz
INFO:2025-10-30 14:28:45,737:Successfully computed HSC for Q8NGA6.
INFO:2025-10-30 14:28:45,737:Processing Q8NGA8 with model AF-Q8NGA8-F1-model_v4.pdb
INFO:2025-10-30 14:28:45,811:Computing HSC features for: Q8NGA8, ENST00000318050, ../Ntranos_Rotation/ESM-SaProt/AF-Q8NGA8-F1-model_v4.pdb.gz
ERROR:2025-10-30 14:28:45,875:Missing ENST record in counts: ENST00000318050
INFO:2025-10-30 14:28:45,876:Processing Q8NGB2 with model AF-Q8NGB2-F1-model_v4.pdb
INFO:2025-10-30 14:28:45,947:Computing HSC features for: Q8NGB2, ENST00000319813, ../Ntranos_Rotation/ESM-SaProt/AF-Q8NGB2-F1-model_v4.pdb.gz
ERROR:2025-10-30 14:28:46,016:Missing ENST record in counts: ENST00000319813
INFO:2025-10-30 14:28:46,016:Processing Q8NGB4 with model AF-Q8NGB4-F1-model_v4.pdb
INFO:2025-10-30 14:28:46,108:Computing HSC features for: Q8NGB4, ENST00000319988, ../Ntranos_Rotation/ESM-SaProt/AF-Q8NGB4-F1-model_v4.pdb.gz
INFO:2025-10-30 14:29:10,922:Successfully computed HSC for Q8NGB4.
INFO:2025-10-30 14:29:10,922:Processing Q8NGB6 with model AF-Q8NGB6-F1-model_v4.pdb
ERROR:2025-10-30 14:29:10,995:No transcript record found for Q8NGB6 in gnomAD.
INFO:2025-10-30 14:29:10,995:Processing Q8NGB8 with model AF-Q8NGB8-F1-model_v4.pdb
INFO:2025-10-30 14:29:11,073:Computing HSC features for: Q8NGB8, ENST00000332238, ../Ntranos_Rotation/ESM-SaProt/AF-Q8NGB8-F1-model_v4.pdb.gz
INFO:2025-10-30 14:29:33,976:Successfully computed HSC for Q8NGB8.
INFO:2025-10-30 14:29:33,976:Processing Q8NGB9 with model AF-Q8NGB9-F1-model_v4.pdb
INFO:2025-10-30 14:29:34,019:Computing HSC features for: Q8NGB9, ENST00000328882, ../Ntranos_Rotation/ESM-SaProt/AF-Q8NGB9-F1-model_v4.pdb.gz
INFO:2025-10-30 14:29:56,378:Successfully computed HSC for Q8NGB9.
INFO:2025-10-30 14:29:56,378:Processing Q8NGC0 with model AF-Q8NGC0-F1-model_v4.pdb
ERROR:2025-10-30 14:29:56,557:No transcript record found for Q8NGC0 in gnomAD.
INFO:2025-10-30 14:29:56,557:Processing Q8NGC1 with model AF-Q8NGC1-F1-model_v4.pdb
ERROR:2025-10-30 14:29:56,669:No ENST transcript IDs were mapped to Q8NGC1
INFO:2025-10-30 14:29:56,669:Processing Q8NGC2 with model AF-Q8NGC2-F1-model_v4.pdb
ERROR:2025-10-30 14:29:56,766:No ENST transcript IDs were mapped to Q8NGC2
INFO:2025-10-30 14:29:56,766:Processing Q8NGC3 with model AF-Q8NGC3-F1-model_v4.pdb
INFO:2025-10-30 14:29:56,850:Computing HSC features for: Q8NGC3, ENST00000542433, ../Ntranos_Rotation/ESM-SaProt/AF-Q8NGC3-F1-model_v4.pdb.gz
INFO:2025-10-30 14:30:24,407:Successfully computed HSC for Q8NGC3.
INFO:2025-10-30 14:30:24,407:Processing Q8NGC4 with model AF-Q8NGC4-F1-model_v4.pdb
ERROR:2025-10-30 14:30:24,494:No transcript record found for Q8NGC4 in gnomAD.
INFO:2025-10-30 14:30:24,494:Processing Q8NGC5 with model AF-Q8NGC5-F1-model_v4.pdb
INFO:2025-10-30 14:30:24,583:Computing HSC features for: Q8NGC5, ENST00000540461, ../Ntranos_Rotation/ESM-SaProt/AF-Q8NGC5-F1-model_v4.pdb.gz
ERROR:2025-10-30 14:30:24,708:Missing ENST record in counts: ENST00000540461
INFO:2025-10-30 14:30:24,709:Processing Q8TAE7 with model AF-Q8TAE7-F1-model_v4.pdb
INFO:2025-10-30 14:30:24,806:Computing HSC features for: Q8TAE7, ENST00000306078, ../Ntranos_Rotation/ESM-SaProt/AF-Q8TAE7-F1-model_v4.pdb.gz
INFO:2025-10-30 14:31:24,664:Successfully computed HSC for Q8TAE7.
INFO:2025-10-30 14:31:24,664:Processing Q8TAE8 with model AF-Q8TAE8-F1-model_v4.pdb
INFO:2025-10-30 14:31:24,720:Computing HSC features for: Q8TAE8, ENST00000316939, ../Ntranos_Rotation/ESM-SaProt/AF-Q8TAE8-F1-model_v4.pdb.gz
INFO:2025-10-30 14:31:57,013:Successfully computed HSC for Q8TAE8.
INFO:2025-10-30 14:31:57,013:Processing Q8TAF3 with model AF-Q8TAF3-F1-model_v4.pdb
INFO:2025-10-30 14:31:57,135:Computing HSC features for: Q8TAF3, ENST00000302313, ../Ntranos_Rotation/ESM-SaProt/AF-Q8TAF3-F1-model_v4.pdb.gz
INFO:2025-10-30 14:32:50,444:Successfully computed HSC for Q8TAF3.
INFO:2025-10-30 14:32:50,444:Processing Q8TAF5 with model AF-Q8TAF5-F1-model_v4.pdb
ERROR:2025-10-30 14:32:50,479:No ENST transcript IDs were mapped to Q8TAF5
INFO:2025-10-30 14:32:50,479:Processing Q8TAF7 with model AF-Q8TAF7-F1-model_v4.pdb
INFO:2025-10-30 14:32:50,566:Computing HSC features for: Q8TAF7, ENST00000588268, ../Ntranos_Rotation/ESM-SaProt/AF-Q8TAF7-F1-model_v4.pdb.gz
INFO:2025-10-30 14:33:30,259:Successfully computed HSC for Q8TAF7.
INFO:2025-10-30 14:33:30,259:Processing Q8TAF8 with model AF-Q8TAF8-F1-model_v4.pdb
INFO:2025-10-30 14:33:30,323:Computing HSC features for: Q8TAF8, ENST00000360215, ../Ntranos_Rotation/ESM-SaProt/AF-Q8TAF8-F1-model_v4.pdb.gz
INFO:2025-10-30 14:33:54,446:Successfully computed HSC for Q8TAF8.
INFO:2025-10-30 14:33:54,446:Processing Q8TAG5 with model AF-Q8TAG5-F1-model_v4.pdb
INFO:2025-10-30 14:33:54,491:Computing HSC features for: Q8TAG5, ENST00000407838, ../Ntranos_Rotation/ESM-SaProt/AF-Q8TAG5-F1-model_v4.pdb.gz
INFO:2025-10-30 14:34:20,592:Successfully computed HSC for Q8TAG5.
INFO:2025-10-30 14:34:20,592:Processing Q8TAG6 with model AF-Q8TAG6-F1-model_v4.pdb
ERROR:2025-10-30 14:34:20,673:No transcript record found for Q8TAG6 in gnomAD.
INFO:2025-10-30 14:34:20,673:Processing Q8TAG9 with model AF-Q8TAG9-F1-model_v4.pdb
INFO:2025-10-30 14:34:20,790:Computing HSC features for: Q8TAG9, ENST00000260762, ../Ntranos_Rotation/ESM-SaProt/AF-Q8TAG9-F1-model_v4.pdb.gz
INFO:2025-10-30 14:35:19,674:Successfully computed HSC for Q8TAG9.
INFO:2025-10-30 14:35:19,675:Processing Q8TAI1 with model AF-Q8TAI1-F1-model_v4.pdb
ERROR:2025-10-30 14:35:19,708:No ENST transcript IDs were mapped to Q8TAI1
INFO:2025-10-30 14:35:19,708:Processing Q8TAI7 with model AF-Q8TAI7-F1-model_v4.pdb
INFO:2025-10-30 14:35:19,752:Computing HSC features for: Q8TAI7, ENST00000301068, ../Ntranos_Rotation/ESM-SaProt/AF-Q8TAI7-F1-model_v4.pdb.gz
INFO:2025-10-30 14:35:35,957:Successfully computed HSC for Q8TAI7.
INFO:2025-10-30 14:35:35,957:Processing Q8TAK5 with model AF-Q8TAK5-F1-model_v4.pdb
INFO:2025-10-30 14:35:36,054:Computing HSC features for: Q8TAK5, ENST00000368918, ../Ntranos_Rotation/ESM-SaProt/AF-Q8TAK5-F1-model_v4.pdb.gz
INFO:2025-10-30 14:36:11,171:Successfully computed HSC for Q8TAK5.
INFO:2025-10-30 14:36:11,171:Processing Q8TAK6 with model AF-Q8TAK6-F1-model_v4.pdb
INFO:2025-10-30 14:36:11,223:Computing HSC features for: Q8TAK6, ENST00000382348, ../Ntranos_Rotation/ESM-SaProt/AF-Q8TAK6-F1-model_v4.pdb.gz
INFO:2025-10-30 14:37:00,551:Successfully computed HSC for Q8TAK6.
INFO:2025-10-30 14:37:00,552:Processing Q8TAL5 with model AF-Q8TAL5-F1-model_v4.pdb
INFO:2025-10-30 14:37:00,619:Computing HSC features for: Q8TAL5, ENST00000288462, ../Ntranos_Rotation/ESM-SaProt/AF-Q8TAL5-F1-model_v4.pdb.gz
INFO:2025-10-30 14:37:37,967:Successfully computed HSC for Q8TAL5.
INFO:2025-10-30 14:37:37,967:Processing Q8TAL6 with model AF-Q8TAL6-F1-model_v4.pdb
INFO:2025-10-30 14:37:38,022:Computing HSC features for: Q8TAL6, ENST00000318627, ../Ntranos_Rotation/ESM-SaProt/AF-Q8TAL6-F1-model_v4.pdb.gz
INFO:2025-10-30 14:37:59,367:Successfully computed HSC for Q8TAL6.
INFO:2025-10-30 14:37:59,367:Processing Q8TAM1 with model AF-Q8TAM1-F1-model_v4.pdb
ERROR:2025-10-30 14:37:59,449:No transcript record found for Q8TAM1 in gnomAD.
INFO:2025-10-30 14:37:59,449:Processing Q8TAM2 with model AF-Q8TAM2-F1-model_v4.pdb
ERROR:2025-10-30 14:37:59,524:No valid CDS found for Q8TAM2
INFO:2025-10-30 14:37:59,524:Processing Q8TAM6 with model AF-Q8TAM6-F1-model_v4.pdb
INFO:2025-10-30 14:37:59,576:Computing HSC features for: Q8TAM6, ENST00000410096, ../Ntranos_Rotation/ESM-SaProt/AF-Q8TAM6-F1-model_v4.pdb.gz
INFO:2025-10-30 14:38:19,368:Successfully computed HSC for Q8TAM6.
INFO:2025-10-30 14:38:19,368:Processing Q8TAP4 with model AF-Q8TAP4-F1-model_v4.pdb
INFO:2025-10-30 14:38:19,414:Computing HSC features for: Q8TAP4, ENST00000320122, ../Ntranos_Rotation/ESM-SaProt/AF-Q8TAP4-F1-model_v4.pdb.gz
INFO:2025-10-30 14:38:32,468:Successfully computed HSC for Q8TAP4.
INFO:2025-10-30 14:38:32,468:Processing Q8NGJ0 with model AF-Q8NGJ0-F1-model_v4.pdb
ERROR:2025-10-30 14:38:32,517:No transcript record found for Q8NGJ0 in gnomAD.
INFO:2025-10-30 14:38:32,517:Processing Q8NGJ1 with model AF-Q8NGJ1-F1-model_v4.pdb
INFO:2025-10-30 14:38:32,566:Computing HSC features for: Q8NGJ1, ENST00000300127, ../Ntranos_Rotation/ESM-SaProt/AF-Q8NGJ1-F1-model_v4.pdb.gz
INFO:2025-10-30 14:38:59,070:Successfully computed HSC for Q8NGJ1.
INFO:2025-10-30 14:38:59,070:Processing Q8NGJ2 with model AF-Q8NGJ2-F1-model_v4.pdb
ERROR:2025-10-30 14:38:59,138:No valid CDS found for Q8NGJ2
INFO:2025-10-30 14:38:59,138:Processing Q8NGJ3 with model AF-Q8NGJ3-F1-model_v4.pdb
ERROR:2025-10-30 14:38:59,200:No ENST transcript IDs were mapped to Q8NGJ3
INFO:2025-10-30 14:38:59,200:Processing Q8NGJ4 with model AF-Q8NGJ4-F1-model_v4.pdb
ERROR:2025-10-30 14:38:59,269:No transcript record found for Q8NGJ4 in gnomAD.
INFO:2025-10-30 14:38:59,269:Processing Q8NGJ5 with model AF-Q8NGJ5-F1-model_v4.pdb
ERROR:2025-10-30 14:38:59,340:No transcript record found for Q8NGJ5 in gnomAD.
INFO:2025-10-30 14:38:59,340:Processing Q8NGJ6 with model AF-Q8NGJ6-F1-model_v4.pdb
ERROR:2025-10-30 14:38:59,414:No transcript record found for Q8NGJ6 in gnomAD.
INFO:2025-10-30 14:38:59,414:Processing Q8NGJ7 with model AF-Q8NGJ7-F1-model_v4.pdb
INFO:2025-10-30 14:38:59,485:Computing HSC features for: Q8NGJ7, ENST00000380371, ../Ntranos_Rotation/ESM-SaProt/AF-Q8NGJ7-F1-model_v4.pdb.gz
INFO:2025-10-30 14:39:21,909:Successfully computed HSC for Q8NGJ7.
INFO:2025-10-30 14:39:21,909:Processing Q8NGJ8 with model AF-Q8NGJ8-F1-model_v4.pdb
INFO:2025-10-30 14:39:22,425:Computing HSC features for: Q8NGJ8, ENST00000322101, ../Ntranos_Rotation/ESM-SaProt/AF-Q8NGJ8-F1-model_v4.pdb.gz
INFO:2025-10-30 14:39:48,021:Successfully computed HSC for Q8NGJ8.
INFO:2025-10-30 14:39:48,021:Processing Q8NGJ9 with model AF-Q8NGJ9-F1-model_v4.pdb
INFO:2025-10-30 14:39:48,076:Computing HSC features for: Q8NGJ9, ENST00000322049, ../Ntranos_Rotation/ESM-SaProt/AF-Q8NGJ9-F1-model_v4.pdb.gz
INFO:2025-10-30 14:40:13,616:Successfully computed HSC for Q8NGJ9.
INFO:2025-10-30 14:40:13,616:Processing Q8NGK0 with model AF-Q8NGK0-F1-model_v4.pdb
ERROR:2025-10-30 14:40:13,664:No transcript record found for Q8NGK0 in gnomAD.
INFO:2025-10-30 14:40:13,664:Processing Q8NGK1 with model AF-Q8NGK1-F1-model_v4.pdb
ERROR:2025-10-30 14:40:13,730:No transcript record found for Q8NGK1 in gnomAD.
INFO:2025-10-30 14:40:13,730:Processing Q8NGK2 with model AF-Q8NGK2-F1-model_v4.pdb
ERROR:2025-10-30 14:40:13,795:No transcript record found for Q8NGK2 in gnomAD.
INFO:2025-10-30 14:40:13,795:Pipeline completed.
INFO:2025-10-30 14:40:13,795:no_enst_for_uniprot: 7
INFO:2025-10-30 14:40:13,795:no_valid_cds: 2
INFO:2025-10-30 14:40:13,795:no_variant_data: 12
INFO:2025-10-30 14:40:13,795:bad_structure: 0
INFO:2025-10-30 14:40:13,795:no_enst_mp: 3
