INFO:2025-10-30 14:27:05,366:Starting HSC computation pipeline...
INFO:2025-10-30 14:28:00,076:Processing Q8NGR8 with model AF-Q8NGR8-F1-model_v4.pdb
ERROR:2025-10-30 14:28:00,153:No transcript record found for Q8NGR8 in gnomAD.
INFO:2025-10-30 14:28:00,153:Processing Q8NGR9 with model AF-Q8NGR9-F1-model_v4.pdb
ERROR:2025-10-30 14:28:00,261:No valid CDS found for Q8NGR9
INFO:2025-10-30 14:28:00,261:Processing Q8NGS0 with model AF-Q8NGS0-F1-model_v4.pdb
INFO:2025-10-30 14:28:00,340:Computing HSC features for: Q8NGS0, ENST00000304880, ../Ntranos_Rotation/ESM-SaProt/AF-Q8NGS0-F1-model_v4.pdb.gz
INFO:2025-10-30 14:28:29,322:Successfully computed HSC for Q8NGS0.
INFO:2025-10-30 14:28:29,322:Processing Q8NGS1 with model AF-Q8NGS1-F1-model_v4.pdb
INFO:2025-10-30 14:28:29,403:Computing HSC features for: Q8NGS1, ENST00000340750, ../Ntranos_Rotation/ESM-SaProt/AF-Q8NGS1-F1-model_v4.pdb.gz
INFO:2025-10-30 14:28:53,594:Successfully computed HSC for Q8NGS1.
INFO:2025-10-30 14:28:53,594:Processing Q8NGS2 with model AF-Q8NGS2-F1-model_v4.pdb
INFO:2025-10-30 14:28:53,664:Computing HSC features for: Q8NGS2, ENST00000335302, ../Ntranos_Rotation/ESM-SaProt/AF-Q8NGS2-F1-model_v4.pdb.gz
ERROR:2025-10-30 14:28:53,740:Missing ENST record in counts: ENST00000335302
INFO:2025-10-30 14:28:53,740:Processing Q8NGS3 with model AF-Q8NGS3-F1-model_v4.pdb
INFO:2025-10-30 14:28:53,821:Computing HSC features for: Q8NGS3, ENST00000259357, ../Ntranos_Rotation/ESM-SaProt/AF-Q8NGS3-F1-model_v4.pdb.gz
INFO:2025-10-30 14:29:19,694:Successfully computed HSC for Q8NGS3.
INFO:2025-10-30 14:29:19,694:Processing Q8NGS4 with model AF-Q8NGS4-F1-model_v4.pdb
INFO:2025-10-30 14:29:19,775:Computing HSC features for: Q8NGS4, ENST00000334726, ../Ntranos_Rotation/ESM-SaProt/AF-Q8NGS4-F1-model_v4.pdb.gz
INFO:2025-10-30 14:29:44,563:Successfully computed HSC for Q8NGS4.
INFO:2025-10-30 14:29:44,563:Processing Q8NGS5 with model AF-Q8NGS5-F1-model_v4.pdb
INFO:2025-10-30 14:29:44,620:Computing HSC features for: Q8NGS5, ENST00000277216, ../Ntranos_Rotation/ESM-SaProt/AF-Q8NGS5-F1-model_v4.pdb.gz
INFO:2025-10-30 14:30:08,941:Successfully computed HSC for Q8NGS5.
INFO:2025-10-30 14:30:08,941:Processing Q8NHB7 with model AF-Q8NHB7-F1-model_v4.pdb
INFO:2025-10-30 14:30:09,017:Computing HSC features for: Q8NHB7, ENST00000332650, ../Ntranos_Rotation/ESM-SaProt/AF-Q8NHB7-F1-model_v4.pdb.gz
INFO:2025-10-30 14:30:30,421:Successfully computed HSC for Q8NHB7.
INFO:2025-10-30 14:30:30,421:Processing Q8NHB8 with model AF-Q8NHB8-F1-model_v4.pdb
INFO:2025-10-30 14:30:30,503:Computing HSC features for: Q8NHB8, ENST00000427338, ../Ntranos_Rotation/ESM-SaProt/AF-Q8NHB8-F1-model_v4.pdb.gz
INFO:2025-10-30 14:30:51,614:Successfully computed HSC for Q8NHB8.
INFO:2025-10-30 14:30:51,614:Processing Q8NHC4 with model AF-Q8NHC4-F1-model_v4.pdb
INFO:2025-10-30 14:30:51,690:Computing HSC features for: Q8NHC4, ENST00000334857, ../Ntranos_Rotation/ESM-SaProt/AF-Q8NHC4-F1-model_v4.pdb.gz
INFO:2025-10-30 14:31:14,661:Successfully computed HSC for Q8NHC4.
INFO:2025-10-30 14:31:14,661:Processing Q8NHC5 with model AF-Q8NHC5-F1-model_v4.pdb
ERROR:2025-10-30 14:31:14,767:No transcript record found for Q8NHC5 in gnomAD.
INFO:2025-10-30 14:31:14,767:Processing Q8NHC6 with model AF-Q8NHC6-F1-model_v4.pdb
ERROR:2025-10-30 14:31:14,849:No valid CDS found for Q8NHC6
INFO:2025-10-30 14:31:14,849:Processing Q8NHC7 with model AF-Q8NHC7-F1-model_v4.pdb
INFO:2025-10-30 14:31:14,943:Computing HSC features for: Q8NHC7, ENST00000317861, ../Ntranos_Rotation/ESM-SaProt/AF-Q8NHC7-F1-model_v4.pdb.gz
INFO:2025-10-30 14:31:39,733:Successfully computed HSC for Q8NHC7.
INFO:2025-10-30 14:31:39,733:Processing Q8NHC8 with model AF-Q8NHC8-F1-model_v4.pdb
ERROR:2025-10-30 14:31:39,827:No transcript record found for Q8NHC8 in gnomAD.
INFO:2025-10-30 14:31:39,827:Processing Q8NHE4 with model AF-Q8NHE4-F1-model_v4.pdb
INFO:2025-10-30 14:31:39,884:Computing HSC features for: Q8NHE4, ENST00000456496, ../Ntranos_Rotation/ESM-SaProt/AF-Q8NHE4-F1-model_v4.pdb.gz
INFO:2025-10-30 14:31:51,884:Successfully computed HSC for Q8NHE4.
INFO:2025-10-30 14:31:51,884:Processing Q8NHG7 with model AF-Q8NHG7-F1-model_v4.pdb
INFO:2025-10-30 14:31:51,916:Computing HSC features for: Q8NHG7, ENST00000354193, ../Ntranos_Rotation/ESM-SaProt/AF-Q8NHG7-F1-model_v4.pdb.gz
INFO:2025-10-30 14:31:59,184:Successfully computed HSC for Q8NHG7.
INFO:2025-10-30 14:31:59,185:Processing Q8NHG8 with model AF-Q8NHG8-F1-model_v4.pdb
INFO:2025-10-30 14:31:59,248:Computing HSC features for: Q8NHG8, ENST00000323037, ../Ntranos_Rotation/ESM-SaProt/AF-Q8NHG8-F1-model_v4.pdb.gz
INFO:2025-10-30 14:32:39,851:Successfully computed HSC for Q8NHG8.
INFO:2025-10-30 14:32:39,851:Processing Q8NHH1 with model AF-Q8NHH1-F1-model_v4.pdb
ERROR:2025-10-30 14:32:40,186:No valid CDS found for Q8NHH1
INFO:2025-10-30 14:32:40,186:Processing Q8NHH9 with model AF-Q8NHH9-F1-model_v4.pdb
INFO:2025-10-30 14:32:40,310:Computing HSC features for: Q8NHH9, ENST00000378954, ../Ntranos_Rotation/ESM-SaProt/AF-Q8NHH9-F1-model_v4.pdb.gz
INFO:2025-10-30 14:33:24,939:Successfully computed HSC for Q8NHH9.
INFO:2025-10-30 14:33:24,939:Processing Q8NHJ6 with model AF-Q8NHJ6-F1-model_v4.pdb
INFO:2025-10-30 14:33:25,018:Computing HSC features for: Q8NHJ6, ENST00000391736, ../Ntranos_Rotation/ESM-SaProt/AF-Q8NHJ6-F1-model_v4.pdb.gz
INFO:2025-10-30 14:34:03,848:Successfully computed HSC for Q8NHJ6.
INFO:2025-10-30 14:34:03,848:Processing Q8NHK3 with model AF-Q8NHK3-F1-model_v4.pdb
ERROR:2025-10-30 14:34:03,930:No ENST transcript IDs were mapped to Q8NHK3
INFO:2025-10-30 14:34:03,930:Processing Q8NHL6 with model AF-Q8NHL6-F1-model_v4.pdb
ERROR:2025-10-30 14:34:04,084:No transcript record found for Q8NHL6 in gnomAD.
INFO:2025-10-30 14:34:04,084:Processing Q8NHM4 with model AF-Q8NHM4-F1-model_v4.pdb
ERROR:2025-10-30 14:34:04,146:No ENST transcript IDs were mapped to Q8NHM4
INFO:2025-10-30 14:34:04,146:Processing Q8NHM5 with model AF-Q8NHM5-F1-model_v4.pdb
INFO:2025-10-30 14:34:04,328:Computing HSC features for: Q8NHM5, ENST00000377071, ../Ntranos_Rotation/ESM-SaProt/AF-Q8NHM5-F1-model_v4.pdb.gz
INFO:2025-10-30 14:36:40,874:Successfully computed HSC for Q8NHM5.
INFO:2025-10-30 14:36:40,874:Processing Q8NHP1 with model AF-Q8NHP1-F1-model_v4.pdb
ERROR:2025-10-30 14:36:40,970:No ENST transcript IDs were mapped to Q8NHP1
INFO:2025-10-30 14:36:40,970:Processing Q8NHP6 with model AF-Q8NHP6-F1-model_v4.pdb
INFO:2025-10-30 14:36:41,059:Computing HSC features for: Q8NHP6, ENST00000380492, ../Ntranos_Rotation/ESM-SaProt/AF-Q8NHP6-F1-model_v4.pdb.gz
INFO:2025-10-30 14:37:17,463:Successfully computed HSC for Q8NHP6.
INFO:2025-10-30 14:37:17,463:Processing Q8NHP7 with model AF-Q8NHP7-F1-model_v4.pdb
INFO:2025-10-30 14:37:17,606:Computing HSC features for: Q8NHP7, ENST00000314992, ../Ntranos_Rotation/ESM-SaProt/AF-Q8NHP7-F1-model_v4.pdb.gz
INFO:2025-10-30 14:37:54,589:Successfully computed HSC for Q8NHP7.
INFO:2025-10-30 14:37:54,589:Processing Q8NHP8 with model AF-Q8NHP8-F1-model_v4.pdb
INFO:2025-10-30 14:37:54,705:Computing HSC features for: Q8NHP8, ENST00000280800, ../Ntranos_Rotation/ESM-SaProt/AF-Q8NHP8-F1-model_v4.pdb.gz
INFO:2025-10-30 14:39:00,039:Successfully computed HSC for Q8NHP8.
INFO:2025-10-30 14:39:00,039:Processing Q8NHQ1 with model AF-Q8NHQ1-F1-model_v4.pdb
INFO:2025-10-30 14:39:00,137:Computing HSC features for: Q8NHQ1, ENST00000264982, ../Ntranos_Rotation/ESM-SaProt/AF-Q8NHQ1-F1-model_v4.pdb.gz
INFO:2025-10-30 14:39:39,664:Successfully computed HSC for Q8NHQ1.
INFO:2025-10-30 14:39:39,664:Processing Q8NHQ8 with model AF-Q8NHQ8-F1-model_v4.pdb
ERROR:2025-10-30 14:39:39,743:No transcript record found for Q8NHQ8 in gnomAD.
INFO:2025-10-30 14:39:39,743:Processing Q8NHQ9 with model AF-Q8NHQ9-F1-model_v4.pdb
INFO:2025-10-30 14:39:39,853:Computing HSC features for: Q8NHQ9, ENST00000238146, ../Ntranos_Rotation/ESM-SaProt/AF-Q8NHQ9-F1-model_v4.pdb.gz
INFO:2025-10-30 14:40:35,410:Successfully computed HSC for Q8NHQ9.
INFO:2025-10-30 14:40:35,410:Processing Q8NHR7 with model AF-Q8NHR7-F1-model_v4.pdb
INFO:2025-10-30 14:40:35,464:Computing HSC features for: Q8NHR7, ENST00000340827, ../Ntranos_Rotation/ESM-SaProt/AF-Q8NHR7-F1-model_v4.pdb.gz
INFO:2025-10-30 14:40:53,954:Successfully computed HSC for Q8NHR7.
INFO:2025-10-30 14:40:53,954:Processing Q8NHR9 with model AF-Q8NHR9-F1-model_v4.pdb
INFO:2025-10-30 14:40:54,007:Computing HSC features for: Q8NHR9, ENST00000313213, ../Ntranos_Rotation/ESM-SaProt/AF-Q8NHR9-F1-model_v4.pdb.gz
INFO:2025-10-30 14:41:04,540:Successfully computed HSC for Q8NHR9.
INFO:2025-10-30 14:41:04,540:Processing Q8NHS0 with model AF-Q8NHS0-F1-model_v4.pdb
INFO:2025-10-30 14:41:04,592:Computing HSC features for: Q8NHS0, ENST00000319153, ../Ntranos_Rotation/ESM-SaProt/AF-Q8NHS0-F1-model_v4.pdb.gz
INFO:2025-10-30 14:41:31,239:Successfully computed HSC for Q8NHS0.
INFO:2025-10-30 14:41:31,239:Processing Q8NHS1 with model AF-Q8NHS1-F1-model_v4.pdb
INFO:2025-10-30 14:41:31,286:Computing HSC features for: Q8NHS1, ENST00000291715, ../Ntranos_Rotation/ESM-SaProt/AF-Q8NHS1-F1-model_v4.pdb.gz
INFO:2025-10-30 14:41:52,657:Successfully computed HSC for Q8NHS1.
INFO:2025-10-30 14:41:52,657:Processing Q8NHS2 with model AF-Q8NHS2-F1-model_v4.pdb
INFO:2025-10-30 14:41:52,733:Computing HSC features for: Q8NHS2, ENST00000307599, ../Ntranos_Rotation/ESM-SaProt/AF-Q8NHS2-F1-model_v4.pdb.gz
INFO:2025-10-30 14:42:24,569:Successfully computed HSC for Q8NHS2.
INFO:2025-10-30 14:42:24,569:Processing Q8NH07 with model AF-Q8NH07-F1-model_v4.pdb
ERROR:2025-10-30 14:42:24,642:No ENST transcript IDs were mapped to Q8NH07
INFO:2025-10-30 14:42:24,642:Processing Q8NH08 with model AF-Q8NH08-F1-model_v4.pdb
ERROR:2025-10-30 14:42:24,729:No ENST transcript IDs were mapped to Q8NH08
INFO:2025-10-30 14:42:24,729:Processing Q8NH09 with model AF-Q8NH09-F1-model_v4.pdb
ERROR:2025-10-30 14:42:24,795:No ENST transcript IDs were mapped to Q8NH09
INFO:2025-10-30 14:42:24,795:Processing Q8NH10 with model AF-Q8NH10-F1-model_v4.pdb
ERROR:2025-10-30 14:42:24,860:No transcript record found for Q8NH10 in gnomAD.
INFO:2025-10-30 14:42:24,860:Processing Q8NH16 with model AF-Q8NH16-F1-model_v4.pdb
INFO:2025-10-30 14:42:24,920:Computing HSC features for: Q8NH16, ENST00000366479, ../Ntranos_Rotation/ESM-SaProt/AF-Q8NH16-F1-model_v4.pdb.gz
INFO:2025-10-30 14:42:47,546:Successfully computed HSC for Q8NH16.
INFO:2025-10-30 14:42:47,546:Processing Q8NH18 with model AF-Q8NH18-F1-model_v4.pdb
INFO:2025-10-30 14:42:47,611:Computing HSC features for: Q8NH18, ENST00000312298, ../Ntranos_Rotation/ESM-SaProt/AF-Q8NH18-F1-model_v4.pdb.gz
INFO:2025-10-30 14:43:09,954:Successfully computed HSC for Q8NH18.
INFO:2025-10-30 14:43:09,955:Processing Q8NH19 with model AF-Q8NH19-F1-model_v4.pdb
INFO:2025-10-30 14:43:10,142:Computing HSC features for: Q8NH19, ENST00000312345, ../Ntranos_Rotation/ESM-SaProt/AF-Q8NH19-F1-model_v4.pdb.gz
INFO:2025-10-30 14:43:32,218:Successfully computed HSC for Q8NH19.
INFO:2025-10-30 14:43:32,218:Processing Q8NH21 with model AF-Q8NH21-F1-model_v4.pdb
ERROR:2025-10-30 14:43:32,271:No ENST transcript IDs were mapped to Q8NH21
INFO:2025-10-30 14:43:32,271:Processing Q8NH37 with model AF-Q8NH37-F1-model_v4.pdb
INFO:2025-10-30 14:43:32,362:Computing HSC features for: Q8NH37, ENST00000319856, ../Ntranos_Rotation/ESM-SaProt/AF-Q8NH37-F1-model_v4.pdb.gz
INFO:2025-10-30 14:43:55,467:Successfully computed HSC for Q8NH37.
INFO:2025-10-30 14:43:55,467:Processing Q8NH40 with model AF-Q8NH40-F1-model_v4.pdb
INFO:2025-10-30 14:43:55,543:Computing HSC features for: Q8NH40, ENST00000320704, ../Ntranos_Rotation/ESM-SaProt/AF-Q8NH40-F1-model_v4.pdb.gz
INFO:2025-10-30 14:44:24,713:Successfully computed HSC for Q8NH40.
INFO:2025-10-30 14:44:24,713:Processing Q8NH41 with model AF-Q8NH41-F1-model_v4.pdb
ERROR:2025-10-30 14:44:24,778:No transcript record found for Q8NH41 in gnomAD.
INFO:2025-10-30 14:44:24,778:Processing Q8NH42 with model AF-Q8NH42-F1-model_v4.pdb
ERROR:2025-10-30 14:44:24,855:No transcript record found for Q8NH42 in gnomAD.
INFO:2025-10-30 14:44:24,855:Processing Q8NH43 with model AF-Q8NH43-F1-model_v4.pdb
ERROR:2025-10-30 14:44:24,921:No transcript record found for Q8NH43 in gnomAD.
INFO:2025-10-30 14:44:24,921:Pipeline completed.
INFO:2025-10-30 14:44:24,921:no_enst_for_uniprot: 7
INFO:2025-10-30 14:44:24,921:no_valid_cds: 3
INFO:2025-10-30 14:44:24,921:no_variant_data: 9
INFO:2025-10-30 14:44:24,921:bad_structure: 0
INFO:2025-10-30 14:44:24,921:no_enst_mp: 1
