INFO:2025-10-30 14:59:04,173:Starting HSC computation pipeline...
INFO:2025-10-30 15:00:20,512:Processing O15442 with model AF-O15442-F1-model_v4.pdb
INFO:2025-10-30 15:00:20,620:Computing HSC features for: O15442, ENST00000417669, ../Ntranos_Rotation/ESM-SaProt/AF-O15442-F1-model_v4.pdb.gz
INFO:2025-10-30 15:01:44,133:Successfully computed HSC for O15442.
INFO:2025-10-30 15:01:44,133:Processing O15444 with model AF-O15444-F1-model_v4.pdb
INFO:2025-10-30 15:01:44,211:Computing HSC features for: O15444, ENST00000390669, ../Ntranos_Rotation/ESM-SaProt/AF-O15444-F1-model_v4.pdb.gz
INFO:2025-10-30 15:02:12,522:Successfully computed HSC for O15444.
INFO:2025-10-30 15:02:12,522:Processing O15446 with model AF-O15446-F1-model_v4.pdb
INFO:2025-10-30 15:02:12,641:Computing HSC features for: O15446, ENST00000309424, ../Ntranos_Rotation/ESM-SaProt/AF-O15446-F1-model_v4.pdb.gz
INFO:2025-10-30 15:03:21,927:Successfully computed HSC for O15446.
INFO:2025-10-30 15:03:21,927:Processing O15455 with model AF-O15455-F1-model_v4.pdb
ERROR:2025-10-30 15:03:22,104:No transcript record found for O15455 in gnomAD.
INFO:2025-10-30 15:03:22,104:Processing O15457 with model AF-O15457-F1-model_v4.pdb
INFO:2025-10-30 15:03:22,309:Computing HSC features for: O15457, ENST00000263187, ../Ntranos_Rotation/ESM-SaProt/AF-O15457-F1-model_v4.pdb.gz
INFO:2025-10-30 15:05:07,831:Successfully computed HSC for O15457.
INFO:2025-10-30 15:05:07,831:Processing O15460 with model AF-O15460-F1-model_v4.pdb
INFO:2025-10-30 15:05:07,995:Computing HSC features for: O15460, ENST00000166534, ../Ntranos_Rotation/ESM-SaProt/AF-O15460-F1-model_v4.pdb.gz
INFO:2025-10-30 15:06:50,927:Successfully computed HSC for O15460.
INFO:2025-10-30 15:06:50,927:Processing O15466 with model AF-O15466-F1-model_v4.pdb
INFO:2025-10-30 15:06:51,038:Computing HSC features for: O15466, ENST00000315087, ../Ntranos_Rotation/ESM-SaProt/AF-O15466-F1-model_v4.pdb.gz
INFO:2025-10-30 15:08:18,263:Successfully computed HSC for O15466.
INFO:2025-10-30 15:08:18,264:Processing O15467 with model AF-O15467-F1-model_v4.pdb
ERROR:2025-10-30 15:08:18,330:No transcript record found for O15467 in gnomAD.
INFO:2025-10-30 15:08:18,330:Processing O15479 with model AF-O15479-F1-model_v4.pdb
INFO:2025-10-30 15:08:18,441:Computing HSC features for: O15479, ENST00000378988, ../Ntranos_Rotation/ESM-SaProt/AF-O15479-F1-model_v4.pdb.gz
INFO:2025-10-30 15:08:58,966:Successfully computed HSC for O15479.
INFO:2025-10-30 15:08:58,966:Processing O15480 with model AF-O15480-F1-model_v4.pdb
INFO:2025-10-30 15:08:59,026:Computing HSC features for: O15480, ENST00000361644, ../Ntranos_Rotation/ESM-SaProt/AF-O15480-F1-model_v4.pdb.gz
INFO:2025-10-30 15:09:34,300:Successfully computed HSC for O15480.
INFO:2025-10-30 15:09:34,300:Processing O15481 with model AF-O15481-F1-model_v4.pdb
INFO:2025-10-30 15:09:34,449:Computing HSC features for: O15481, ENST00000378982, ../Ntranos_Rotation/ESM-SaProt/AF-O15481-F1-model_v4.pdb.gz
INFO:2025-10-30 15:10:14,890:Successfully computed HSC for O15481.
INFO:2025-10-30 15:10:14,890:Processing O15482 with model AF-O15482-F1-model_v4.pdb
ERROR:2025-10-30 15:10:14,976:No transcript record found for O15482 in gnomAD.
INFO:2025-10-30 15:10:14,976:Processing O15484 with model AF-O15484-F1-model_v4.pdb
INFO:2025-10-30 15:10:15,075:Computing HSC features for: O15484, ENST00000529629, ../Ntranos_Rotation/ESM-SaProt/AF-O15484-F1-model_v4.pdb.gz
INFO:2025-10-30 15:11:52,209:Successfully computed HSC for O15484.
INFO:2025-10-30 15:11:52,209:Processing O15488 with model AF-O15488-F1-model_v4.pdb
INFO:2025-10-30 15:11:52,319:Computing HSC features for: O15488, ENST00000381163, ../Ntranos_Rotation/ESM-SaProt/AF-O15488-F1-model_v4.pdb.gz
INFO:2025-10-30 15:12:58,888:Successfully computed HSC for O15488.
INFO:2025-10-30 15:12:58,888:Processing O15492 with model AF-O15492-F1-model_v4.pdb
INFO:2025-10-30 15:12:58,952:Computing HSC features for: O15492, ENST00000367558, ../Ntranos_Rotation/ESM-SaProt/AF-O15492-F1-model_v4.pdb.gz
INFO:2025-10-30 15:13:29,121:Successfully computed HSC for O15492.
INFO:2025-10-30 15:13:29,121:Processing O15496 with model AF-O15496-F1-model_v4.pdb
INFO:2025-10-30 15:13:29,176:Computing HSC features for: O15496, ENST00000438167, ../Ntranos_Rotation/ESM-SaProt/AF-O15496-F1-model_v4.pdb.gz
INFO:2025-10-30 15:13:53,315:Successfully computed HSC for O15496.
INFO:2025-10-30 15:13:53,315:Processing O15498 with model AF-O15498-F1-model_v4.pdb
INFO:2025-10-30 15:13:53,363:Computing HSC features for: O15498, ENST00000223369, ../Ntranos_Rotation/ESM-SaProt/AF-O15498-F1-model_v4.pdb.gz
INFO:2025-10-30 15:14:17,928:Successfully computed HSC for O15498.
INFO:2025-10-30 15:14:17,928:Processing O15499 with model AF-O15499-F1-model_v4.pdb
INFO:2025-10-30 15:14:18,043:Computing HSC features for: O15499, ENST00000086933, ../Ntranos_Rotation/ESM-SaProt/AF-O15499-F1-model_v4.pdb.gz
INFO:2025-10-30 15:15:40,553:Successfully computed HSC for O15499.
INFO:2025-10-30 15:15:40,553:Processing O15503 with model AF-O15503-F1-model_v4.pdb
INFO:2025-10-30 15:15:40,647:Computing HSC features for: O15503, ENST00000340368, ../Ntranos_Rotation/ESM-SaProt/AF-O15503-F1-model_v4.pdb.gz
INFO:2025-10-30 15:16:34,759:Successfully computed HSC for O15503.
INFO:2025-10-30 15:16:34,759:Processing O15504 with model AF-O15504-F1-model_v4.pdb
INFO:2025-10-30 15:16:34,835:Computing HSC features for: O15504, ENST00000258742, ../Ntranos_Rotation/ESM-SaProt/AF-O15504-F1-model_v4.pdb.gz
INFO:2025-10-30 15:17:14,033:Successfully computed HSC for O15504.
INFO:2025-10-30 15:17:14,034:Processing O15511 with model AF-O15511-F1-model_v4.pdb
INFO:2025-10-30 15:17:14,075:Computing HSC features for: O15511, ENST00000359856, ../Ntranos_Rotation/ESM-SaProt/AF-O15511-F1-model_v4.pdb.gz
INFO:2025-10-30 15:17:47,456:Successfully computed HSC for O15511.
INFO:2025-10-30 15:17:47,456:Processing O15514 with model AF-O15514-F1-model_v4.pdb
INFO:2025-10-30 15:17:47,530:Computing HSC features for: O15514, ENST00000272645, ../Ntranos_Rotation/ESM-SaProt/AF-O15514-F1-model_v4.pdb.gz
INFO:2025-10-30 15:18:16,212:Successfully computed HSC for O15514.
INFO:2025-10-30 15:18:16,212:Processing O15516 with model AF-O15516-F1-model_v4.pdb
INFO:2025-10-30 15:18:16,451:Computing HSC features for: O15516, ENST00000309964, ../Ntranos_Rotation/ESM-SaProt/AF-O15516-F1-model_v4.pdb.gz
INFO:2025-10-30 15:20:23,748:Successfully computed HSC for O15516.
INFO:2025-10-30 15:20:23,748:Processing O15519 with model AF-O15519-F1-model_v4.pdb
INFO:2025-10-30 15:20:23,884:Computing HSC features for: O15519, ENST00000309955, ../Ntranos_Rotation/ESM-SaProt/AF-O15519-F1-model_v4.pdb.gz
INFO:2025-10-30 15:21:39,584:Successfully computed HSC for O15519.
INFO:2025-10-30 15:21:39,584:Processing O15520 with model AF-O15520-F1-model_v4.pdb
INFO:2025-10-30 15:21:39,676:Computing HSC features for: O15520, ENST00000264664, ../Ntranos_Rotation/ESM-SaProt/AF-O15520-F1-model_v4.pdb.gz
INFO:2025-10-30 15:22:16,105:Successfully computed HSC for O15520.
INFO:2025-10-30 15:22:16,105:Processing O15522 with model AF-O15522-F1-model_v4.pdb
INFO:2025-10-30 15:22:16,207:Computing HSC features for: O15522, ENST00000258829, ../Ntranos_Rotation/ESM-SaProt/AF-O15522-F1-model_v4.pdb.gz
INFO:2025-10-30 15:23:45,489:Successfully computed HSC for O15522.
INFO:2025-10-30 15:23:45,489:Processing O15523 with model AF-O15523-F1-model_v4.pdb
INFO:2025-10-30 15:23:45,646:Computing HSC features for: O15523, ENST00000336079, ../Ntranos_Rotation/ESM-SaProt/AF-O15523-F1-model_v4.pdb.gz
ERROR:2025-10-30 15:23:45,944:Missing ENST record in counts: ENST00000336079
INFO:2025-10-30 15:23:45,945:Processing O15524 with model AF-O15524-F1-model_v4.pdb
INFO:2025-10-30 15:23:46,049:Computing HSC features for: O15524, ENST00000332029, ../Ntranos_Rotation/ESM-SaProt/AF-O15524-F1-model_v4.pdb.gz
INFO:2025-10-30 15:25:08,052:Successfully computed HSC for O15524.
INFO:2025-10-30 15:25:08,052:Processing O15525 with model AF-O15525-F1-model_v4.pdb
INFO:2025-10-30 15:25:08,266:Computing HSC features for: O15525, ENST00000357736, ../Ntranos_Rotation/ESM-SaProt/AF-O15525-F1-model_v4.pdb.gz
INFO:2025-10-30 15:25:58,369:Successfully computed HSC for O15525.
INFO:2025-10-30 15:25:58,369:Processing O15527 with model AF-O15527-F1-model_v4.pdb
INFO:2025-10-30 15:25:58,456:Computing HSC features for: O15527, ENST00000344629, ../Ntranos_Rotation/ESM-SaProt/AF-O15527-F1-model_v4.pdb.gz
INFO:2025-10-30 15:27:02,206:Successfully computed HSC for O15527.
INFO:2025-10-30 15:27:02,206:Processing O15528 with model AF-O15528-F1-model_v4.pdb
INFO:2025-10-30 15:27:02,359:Computing HSC features for: O15528, ENST00000228606, ../Ntranos_Rotation/ESM-SaProt/AF-O15528-F1-model_v4.pdb.gz
INFO:2025-10-30 15:28:23,490:Successfully computed HSC for O15528.
INFO:2025-10-30 15:28:23,491:Processing O15529 with model AF-O15529-F1-model_v4.pdb
INFO:2025-10-30 15:28:23,554:Computing HSC features for: O15529, ENST00000454971, ../Ntranos_Rotation/ESM-SaProt/AF-O15529-F1-model_v4.pdb.gz
ERROR:2025-10-30 15:28:23,684:Missing ENST record in counts: ENST00000454971
INFO:2025-10-30 15:28:23,684:Processing O15530 with model AF-O15530-F1-model_v4.pdb
INFO:2025-10-30 15:28:23,835:Computing HSC features for: O15530, ENST00000342085, ../Ntranos_Rotation/ESM-SaProt/AF-O15530-F1-model_v4.pdb.gz
INFO:2025-10-30 15:30:23,164:Successfully computed HSC for O15530.
INFO:2025-10-30 15:30:23,164:Processing O15533 with model AF-O15533-F1-model_v4.pdb
ERROR:2025-10-30 15:30:23,283:No transcript record found for O15533 in gnomAD.
INFO:2025-10-30 15:30:23,283:Processing O15534 with model AF-O15534-F1-model_v4.pdb
INFO:2025-10-30 15:30:23,626:Computing HSC features for: O15534, ENST00000317276, ../Ntranos_Rotation/ESM-SaProt/AF-O15534-F1-model_v4.pdb.gz
INFO:2025-10-30 15:34:58,891:Successfully computed HSC for O15534.
INFO:2025-10-30 15:34:58,891:Processing O15535 with model AF-O15535-F1-model_v4.pdb
INFO:2025-10-30 15:34:59,154:Computing HSC features for: O15535, ENST00000252207, ../Ntranos_Rotation/ESM-SaProt/AF-O15535-F1-model_v4.pdb.gz
INFO:2025-10-30 15:35:49,931:Successfully computed HSC for O15535.
INFO:2025-10-30 15:35:49,931:Processing O15537 with model AF-O15537-F1-model_v4.pdb
INFO:2025-10-30 15:35:49,993:Computing HSC features for: O15537, ENST00000379984, ../Ntranos_Rotation/ESM-SaProt/AF-O15537-F1-model_v4.pdb.gz
INFO:2025-10-30 15:36:38,288:Successfully computed HSC for O15537.
INFO:2025-10-30 15:36:38,288:Processing O15539 with model AF-O15539-F1-model_v4.pdb
INFO:2025-10-30 15:36:38,367:Computing HSC features for: O15539, ENST00000313961, ../Ntranos_Rotation/ESM-SaProt/AF-O15539-F1-model_v4.pdb.gz
INFO:2025-10-30 15:36:58,049:Successfully computed HSC for O15539.
INFO:2025-10-30 15:36:58,049:Processing O15540 with model AF-O15540-F1-model_v4.pdb
INFO:2025-10-30 15:36:58,089:Computing HSC features for: O15540, ENST00000368444, ../Ntranos_Rotation/ESM-SaProt/AF-O15540-F1-model_v4.pdb.gz
INFO:2025-10-30 15:37:18,092:Successfully computed HSC for O15540.
INFO:2025-10-30 15:37:18,092:Processing O15541 with model AF-O15541-F1-model_v4.pdb
INFO:2025-10-30 15:37:18,191:Computing HSC features for: O15541, ENST00000371442, ../Ntranos_Rotation/ESM-SaProt/AF-O15541-F1-model_v4.pdb.gz
INFO:2025-10-30 15:38:19,833:Successfully computed HSC for O15541.
INFO:2025-10-30 15:38:19,833:Processing O15544 with model AF-O15544-F1-model_v4.pdb
ERROR:2025-10-30 15:38:19,881:No ENST transcript IDs were mapped to O15544
INFO:2025-10-30 15:38:19,881:Processing O15547 with model AF-O15547-F1-model_v4.pdb
INFO:2025-10-30 15:38:19,994:Computing HSC features for: O15547, ENST00000413302, ../Ntranos_Rotation/ESM-SaProt/AF-O15547-F1-model_v4.pdb.gz
INFO:2025-10-30 15:39:20,760:Successfully computed HSC for O15547.
INFO:2025-10-30 15:39:20,760:Processing O15550 with model AF-O15550-F1-model_v4.pdb
INFO:2025-10-30 15:39:20,980:Computing HSC features for: O15550, ENST00000377967, ../Ntranos_Rotation/ESM-SaProt/AF-O15550-F1-model_v4.pdb.gz
INFO:2025-10-30 15:41:47,093:Successfully computed HSC for O15550.
INFO:2025-10-30 15:41:47,093:Processing O15551 with model AF-O15551-F1-model_v4.pdb
INFO:2025-10-30 15:41:47,190:Computing HSC features for: O15551, ENST00000395145, ../Ntranos_Rotation/ESM-SaProt/AF-O15551-F1-model_v4.pdb.gz
INFO:2025-10-30 15:42:32,715:Successfully computed HSC for O15551.
INFO:2025-10-30 15:42:32,715:Processing O15552 with model AF-O15552-F1-model_v4.pdb
INFO:2025-10-30 15:42:32,777:Computing HSC features for: O15552, ENST00000246549, ../Ntranos_Rotation/ESM-SaProt/AF-O15552-F1-model_v4.pdb.gz
INFO:2025-10-30 15:43:21,220:Successfully computed HSC for O15552.
INFO:2025-10-30 15:43:21,220:Processing O15553 with model AF-O15553-F1-model_v4.pdb
INFO:2025-10-30 15:43:21,338:Computing HSC features for: O15553, ENST00000219596, ../Ntranos_Rotation/ESM-SaProt/AF-O15553-F1-model_v4.pdb.gz
INFO:2025-10-30 15:45:11,766:Successfully computed HSC for O15553.
INFO:2025-10-30 15:45:11,766:Processing O15554 with model AF-O15554-F1-model_v4.pdb
ERROR:2025-10-30 15:45:11,843:No transcript record found for O15554 in gnomAD.
INFO:2025-10-30 15:45:11,843:Processing O43143 with model AF-O43143-F1-model_v4.pdb
INFO:2025-10-30 15:45:12,039:Computing HSC features for: O43143, ENST00000336812, ../Ntranos_Rotation/ESM-SaProt/AF-O43143-F1-model_v4.pdb.gz
INFO:2025-10-30 15:47:34,586:Successfully computed HSC for O43143.
INFO:2025-10-30 15:47:34,586:Processing O43147 with model AF-O43147-F1-model_v4.pdb
INFO:2025-10-30 15:47:34,963:Computing HSC features for: O43147, ENST00000426855, ../Ntranos_Rotation/ESM-SaProt/AF-O43147-F1-model_v4.pdb.gz
INFO:2025-10-30 15:50:45,880:Successfully computed HSC for O43147.
INFO:2025-10-30 15:50:45,881:Processing O43148 with model AF-O43148-F1-model_v4.pdb
INFO:2025-10-30 15:50:46,330:Computing HSC features for: O43148, ENST00000262173, ../Ntranos_Rotation/ESM-SaProt/AF-O43148-F1-model_v4.pdb.gz
INFO:2025-10-30 15:51:52,036:Successfully computed HSC for O43148.
INFO:2025-10-30 15:51:52,036:Pipeline completed.
INFO:2025-10-30 15:51:52,036:no_enst_for_uniprot: 1
INFO:2025-10-30 15:51:52,036:no_valid_cds: 0
INFO:2025-10-30 15:51:52,036:no_variant_data: 5
INFO:2025-10-30 15:51:52,036:bad_structure: 0
INFO:2025-10-30 15:51:52,036:no_enst_mp: 2
